alpha = 0.15
gamma = 1.0
lambda = 0.6
epsilon = 0.3
randomSeed = 1313
GREAT!
Xover: 4
---- Evolution parameters ----
Folder name:          NMSarsa_PuddleWorld/run_3027640915635286
Random seed:          1313
GREAT activated:      true
Max iterations:       500
Population size:      500
GREAT initialization  true
Speciation threshold: 0.15
Species min size:     15
Tournament size:      3
Crossover rate:       0.2
Mutation rate:        0.8
Crossovers:
	AligningCrossover_v4(0.15)
Mutations:
	AddGeneMutation(maxSize=2147483647, prob=0.33)
	DeleteGeneMutation(minSize=8, prob=0.33)
	ChangeGeneMutation(prob=0.33)
------------------------------

---- Starting evolution ----
IT	Nanotime	#Eval	#Species	PopSize	Best	Avg	Worst	Best GRN Size	Avg GRN size	Max GRN size	Min GRN size
0	3034859707139685	997	1	499	552.1059999999959	243.1215330661313	-50.100000000000406	9	9.848	15	8
1	3040622413730470	1498	4	501	627.2779999999949	277.12009980039795	-50.100000000000406	10	10.298	15	8
2	3047074018774595	2002	4	504	642.4759999999948	264.2284940476177	-50.100000000000406	9	9.86	15	8
3	3054429364424874	2506	5	504	650.6109999999949	310.5383690476173	-50.100000000000406	11	9.96	15	8
4	3062486029712465	3017	5	505	620.200999999995	347.37183762376014	-50.100000000000406	11	10.248	16	8
5	3071502133895419	3522	5	505	644.3379999999948	407.36956633663095	-50.100000000000406	11	10.02	14	8
6	3081501496745362	4039	5	505	655.9629999999946	463.2845683168282	-50.100000000000406	11	10.022	15	8
7	3091494228392717	4544	5	505	659.4639999999947	477.63884752474905	-50.100000000000406	12	10.162	16	8
