alpha = 0.15
gamma = 1.0
lambda = 0.6
epsilon = 0.3
randomSeed = 333
GREAT!
Xover: 4
---- Evolution parameters ----
Folder name:          NMSarsa_Maze/run_2784148527735280
Random seed:          333
GREAT activated:      true
Max iterations:       500
Population size:      500
GREAT initialization  true
Speciation threshold: 0.15
Species min size:     15
Tournament size:      3
Crossover rate:       0.2
Mutation rate:        0.8
Crossovers:
	AligningCrossover_v4(0.15)
Mutations:
	AddGeneMutation(maxSize=2147483647, prob=0.33)
	DeleteGeneMutation(minSize=8, prob=0.33)
	ChangeGeneMutation(prob=0.33)
------------------------------

---- Starting evolution ----
IT	Nanotime	#Eval	#Species	PopSize	Best	Avg	Worst	Best GRN Size	Avg GRN size	Max GRN size	Min GRN size
0	2784481108863160	997	1	499	-98.35999999999999	-817.9170714762855	-3000.0	9	9.202	12	8
1	2784571366838683	1508	3	501	-93.89733333333335	-615.1790073186962	-3000.0	8	9.616	13	8
2	2784641923092366	2014	3	503	-93.01066666666665	-485.33231013916503	-3000.0	10	9.77	13	8
3	2784734789169578	2517	4	503	-90.33866666666665	-627.2291053677932	-3000.0	9	9.966	13	8
4	2784835127211742	3033	5	504	-83.81599999999999	-574.5011375661373	-3000.0	12	10.258	13	8
5	2784993849126124	3566	4	505	-81.62799999999999	-582.5207392739272	-3000.0	14	10.342	14	8
6	2785137596497803	4070	4	504	-80.39466666666667	-581.6154497354499	-3000.0	13	10.452	15	8
7	2785289141950067	4574	4	504	-81.72533333333334	-492.5870396825396	-3000.0	14	10.858	16	8
8	2785470136102107	5084	5	504	-80.32533333333335	-609.0070105820104	-3000.0	14	11.252	16	8
9	2785649471786972	5590	6	505	-78.88933333333334	-396.56074191419145	-3000.0	15	11.264	17	8
10	2785854531719403	6096	8	506	-79.86266666666666	-421.2571040843214	-3000.0	11	11.22	18	8
11	2786053759736257	6606	8	508	-78.38933333333333	-719.6357559055122	-3000.0	14	10.446	17	8
12	2786254752249766	7118	8	508	-77.62933333333332	-489.5030419947505	-3000.0	16	10.932	17	8
13	2786506662144124	7626	8	508	-74.42266666666669	-476.2979737532809	-3000.0	11	11.626	18	8
14	2786748643133671	8134	8	508	-75.74933333333331	-605.7082887139109	-3000.0	11	11.192	18	8
15	2786967970551201	8642	8	508	-74.436	-520.9565406824148	-3000.0	10	11.252	19	8
16	2787240471096986	9165	7	508	-75.336	-581.4966036745408	-3000.0	19	11.698	20	8
17	2787524975388907	9694	6	507	-73.38266666666665	-591.186103879027	-3000.0	11	11.584	20	8
18	2787790885399610	10200	6	506	-72.74133333333333	-599.3709907773385	-3000.0	10	12.002	21	8
19	2788076550919489	10709	6	506	-75.63466666666667	-482.6736100131753	-3000.0	18	12.19	20	8
20	2788363549958159	11224	7	506	-75.088	-523.2999393939394	-3000.0	18	12.4	21	8
21	2788639964707785	11731	8	507	-74.72800000000001	-477.4001525312294	-3000.0	20	12.068	21	8
22	2788916681029191	12244	8	508	-70.57199999999999	-721.1732125984254	-3000.0	10	11.994	22	8
23	2789225955400194	12752	9	508	-73.584	-572.356942257218	-3000.0	21	12.774	22	8
24	2789505565689051	13285	7	509	-74.02933333333333	-712.893438113949	-3000.0	12	11.846	22	8
25	2789757311410973	13804	7	507	-72.67866666666669	-658.1535358316896	-3000.0	11	11.554	23	8
26	2790027968711559	14312	7	507	-68.868	-782.1767126890205	-3000.0	10	12.61	24	8
27	2790292086491011	14826	7	507	-68.00266666666667	-955.6404365548982	-3000.0	11	11.492	24	8
28	2790551086083139	15355	7	507	-68.592	-673.8484102564101	-3000.0	11	11.77	23	8
29	2790796484253124	15870	10	507	-67.73600000000002	-589.5553372781065	-3000.0	11	12.296	24	8
30	2791006513226788	16390	10	510	-67.34666666666665	-627.7394352941176	-3000.0	10	10.98	24	8
31	2791213631419097	16903	11	510	-69.84666666666666	-603.819814379085	-3000.0	10	10.816	25	8
32	2791415955318187	17437	9	511	-67.08400000000002	-448.15771950424	-3000.0	10	10.88	25	8
33	2791662260444515	17947	9	509	-67.51733333333334	-534.8903261296659	-3000.0	11	11.312	24	8
34	2791871129126020	18482	9	509	-68.62933333333332	-520.0102501637197	-3000.0	11	11.04	24	8
35	2792073896801520	19006	11	509	-68.824	-467.0215926653569	-3000.0	10	10.434	25	8
36	2792271769163809	19540	11	511	-68.43333333333335	-454.2462230919765	-3000.0	10	10.388	25	8
37	2792477579811110	20054	11	511	-68.8733333333333	-526.8367827788649	-3000.0	11	10.72	26	8
38	2792703977147734	20592	9	511	-67.316	-577.6110945857796	-3000.0	11	10.702	25	8
39	2792933505991546	21106	10	509	-67.59333333333332	-528.3112141453832	-3000.0	12	10.682	25	8
40	2793143599096810	21619	10	510	-66.44266666666665	-518.3231816993465	-3000.0	13	10.574	26	8
41	2793375907259082	22136	10	510	-66.264	-517.829440522876	-3000.0	12	10.838	25	8
42	2793604379596681	22662	9	510	-66.56800000000001	-561.1485150326799	-3000.0	13	10.7	26	8
43	2793834847063436	23184	8	509	-63.06533333333333	-595.3863156516045	-3000.0	12	11.144	25	8
44	2794096839237699	23702	7	508	-65.96266666666668	-548.9440551181103	-3000.0	13	11.836	26	8
45	2794370860110814	24221	7	507	-64.63466666666666	-517.9415226824457	-3000.0	12	12.204	27	8
46	2794596620480904	24728	9	507	-64.40533333333333	-543.1138356344511	-3000.0	13	11.18	27	8
47	2794825203149510	25245	8	509	-65.69866666666668	-465.1375140798951	-3000.0	13	11.034	27	8
48	2795051392471199	25753	8	508	-66.30666666666667	-575.0146482939633	-3000.0	13	10.934	28	8
49	2795306582296861	26266	7	508	-64.50266666666667	-538.209845144357	-3000.0	14	11.392	27	8
50	2795570840416775	26773	7	507	-65.74666666666666	-615.7457120315584	-3000.0	14	11.676	26	8
51	2795816226148256	27280	7	507	-66.456	-607.1075923734386	-3000.0	16	11.59	25	8
52	2796135833149615	27787	7	507	-64.95333333333332	-539.2213228139381	-3000.0	13	13.446	26	8
53	2796454357772700	28303	6	507	-64.60266666666668	-480.1191163708087	-3000.0	13	12.66	27	8
54	2796709837023963	28814	6	506	-65.36933333333333	-541.7823662714097	-3000.0	12	11.65	26	8
55	2796967222715560	29320	6	506	-64.13333333333335	-514.9294571805005	-3000.0	14	11.518	26	8
56	2797271716488378	29835	6	506	-63.40266666666666	-624.3779683794467	-3000.0	9	12.396	27	8
57	2797526548056377	30352	6	506	-64.9	-570.8917997364953	-3000.0	10	11.77	28	8
58	2797799577820868	30864	6	506	-65.30266666666665	-567.9663214756257	-3000.0	10	12.012	27	8
59	2798059213756518	31370	6	506	-65.73866666666667	-694.8608669301711	-3000.0	15	11.5	28	8
60	2798366739086326	31876	6	506	-62.390666666666675	-643.5547852437418	-3000.0	10	12.7	27	8
61	2798636293110752	32382	6	506	-64.324	-556.7184347826087	-3000.0	11	12.248	26	8
62	2798910168603554	32896	6	506	-63.46666666666667	-676.9325876152831	-3000.0	15	12.302	24	8
63	2799186284338695	33405	6	506	-65.55200000000002	-648.7122424242424	-3000.0	14	12.136	24	8
64	2799484581813567	33911	6	506	-65.46666666666667	-748.2809407114624	-3000.0	14	11.944	24	8
65	2799743585198882	34417	6	506	-63.81199999999999	-665.0502134387351	-3000.0	14	11.962	22	8
66	2800038503919893	34924	5	506	-65.15733333333334	-751.4197496706192	-3000.0	14	12.046	22	8
67	2800312510454729	35432	5	505	-64.31866666666666	-697.2880184818481	-3000.0	15	11.736	23	8
68	2800586009410707	35937	5	505	-64.508	-679.7736818481848	-3000.0	13	11.662	24	8
69	2800857748768983	36442	5	505	-64.31599999999999	-738.5331405940594	-3000.0	12	11.646	24	8
70	2801148583333705	36947	5	505	-64.06933333333332	-773.7528079207922	-3000.0	13	11.908	24	8
71	2801448213279768	37452	5	505	-63.028	-843.0149702970295	-3000.0	15	12.172	24	8
72	2801722116632710	37957	5	505	-64.57199999999999	-636.5832607260726	-3000.0	11	11.786	24	8
73	2802006259110120	38462	5	505	-63.230666666666664	-733.3051722772277	-3000.0	12	12.046	24	8
74	2802286415188149	38967	5	505	-63.10666666666664	-724.7316884488449	-3000.0	12	11.958	25	8
75	2802551371795631	39472	5	505	-62.54933333333332	-608.8038415841585	-3000.0	11	11.726	26	8
76	2802845637597891	39977	5	505	-62.865333333333325	-695.7589201320131	-3000.0	12	11.864	27	8
77	2803129262762425	40482	5	505	-63.394666666666666	-655.7439656765677	-3000.0	12	11.562	25	8
78	2803408065708727	40987	5	505	-62.58533333333333	-738.0099247524751	-3000.0	12	11.578	20	8
79	2803675888483826	41496	5	505	-61.16	-755.1873504950497	-3000.0	12	11.532	16	8
80	2803937866413302	42001	5	505	-63.27333333333333	-742.2352158415842	-3000.0	12	11.644	17	8
81	2804216322791399	42506	5	505	-62.61600000000001	-632.5475247524753	-3000.0	12	11.762	16	8
82	2804506506028233	43013	5	505	-62.59333333333334	-774.0567339933993	-3000.0	12	11.494	16	8
83	2804793154168902	43518	5	505	-62.547999999999995	-543.7780171617162	-3000.0	13	11.894	17	8
84	2805067207489295	44026	5	505	-62.93333333333334	-738.1822600660065	-3000.0	12	11.776	18	8
85	2805337887307235	44531	5	505	-62.25200000000001	-766.1525412541256	-3000.0	14	11.946	17	8
86	2805610959436267	45036	5	505	-61.56400000000001	-705.178201980198	-3000.0	14	11.986	17	8
87	2805898116779062	45541	5	505	-61.604	-861.0240818481849	-3000.0	13	12.07	16	8
88	2806176330520466	46046	5	505	-61.70400000000001	-758.2772567656767	-3000.0	10	12.15	17	8
89	2806469503256595	46551	5	505	-62.13733333333332	-773.1957465346535	-3000.0	12	11.98	17	8
90	2806767366203974	47068	5	505	-60.03866666666667	-644.9741940594059	-3000.0	13	12.276	17	8
91	2807064874600327	47573	5	505	-61.732	-718.6296607260729	-3000.0	13	12.502	17	8
92	2807356640272921	48078	5	505	-62.50000000000001	-602.604601980198	-3000.0	13	12.642	17	8
93	2807629807021371	48583	5	505	-61.540000000000006	-656.899799339934	-3000.0	12	12.226	18	8
94	2807922298532489	49088	5	505	-62.29066666666668	-594.4400950495049	-3000.0	15	12.772	17	9
95	2808232435549288	49593	5	505	-60.424	-706.5253254125413	-3000.0	17	12.81	18	8
96	2808547225918022	50098	5	505	-61.62666666666666	-681.2356330033004	-3000.0	17	13.118	19	8
97	2808857243310316	50603	5	505	-60.96266666666667	-592.3102231023101	-3000.0	17	12.796	20	8
98	2809176061297596	51108	6	505	-59.85333333333333	-673.9152528052806	-3000.0	14	12.698	20	8
99	2809494146669236	51623	6	506	-60.49866666666668	-569.4083583662714	-3000.0	13	12.94	21	8
100	2809798944835973	52139	5	506	-62.03999999999999	-698.048160737813	-3000.0	14	12.598	22	8
101	2810090965339362	52644	5	505	-61.31333333333334	-687.5036198019802	-3000.0	21	12.412	22	8
102	2810385448073400	53149	5	505	-61.494666666666674	-638.0151128712871	-3000.0	11	12.398	22	8
103	2810684287685207	53654	5	505	-61.558666666666674	-624.1880712871288	-3000.0	18	12.498	22	8
104	2811009804947059	54159	5	505	-61.35733333333334	-672.0738745874587	-3000.0	20	12.844	22	8
105	2811334667678697	54664	5	505	-61.430666666666674	-595.2646627062708	-3000.0	16	13.202	22	8
106	2811656525687586	55169	5	505	-60.975999999999985	-769.2250851485148	-3000.0	21	12.698	21	8
107	2811960758649756	55674	5	505	-61.16933333333333	-619.2789623762377	-3000.0	16	12.74	22	8
108	2812258224737667	56179	5	505	-59.83733333333335	-625.2304052805279	-3000.0	19	12.592	21	8
109	2812599386106006	56684	5	505	-60.02533333333333	-633.0445359735974	-3000.0	16	13.36	21	8
110	2812908577741522	57189	5	505	-60.876000000000005	-833.4730957095711	-3000.0	18	12.766	21	9
111	2813211493708144	57694	5	505	-60.77066666666666	-697.2089188118811	-3000.0	15	12.676	21	8
112	2813538465497311	58199	5	505	-60.868	-764.9114983498347	-3000.0	20	13.316	22	8
113	2813850535571744	58704	5	505	-61.029333333333334	-677.8092198019801	-3000.0	19	12.81	22	9
114	2814152201841431	59209	5	505	-61.786666666666676	-809.1440369636964	-3000.0	14	12.284	21	8
115	2814460739847640	59714	5	505	-61.73200000000003	-678.7543234323433	-3000.0	19	12.738	21	8
116	2814771169628247	60219	6	505	-61.08133333333335	-684.7405940594061	-3000.0	16	12.698	21	8
117	2815048824601511	60737	5	506	-62.001333333333335	-744.5422845849804	-3000.0	16	11.874	21	8
118	2815307211753685	61242	5	505	-62.5	-775.6817320132012	-3000.0	16	11.26	20	8
119	2815586718417692	61760	4	505	-61.84933333333334	-760.5706957095709	-3000.0	18	11.494	20	8
120	2815842245799863	62264	4	504	-60.18666666666668	-723.9197460317461	-3000.0	15	11.346	20	8
121	2816125790621903	62770	4	504	-60.31066666666666	-620.0183597883598	-3000.0	18	11.754	20	8
122	2816434625789495	63279	4	504	-58.01733333333333	-655.5640582010583	-3000.0	18	12.442	21	8
123	2816716065255787	63783	4	504	-60.54	-644.331171957672	-3000.0	17	11.674	22	8
124	2816983746536219	64287	4	504	-60.69866666666667	-676.3251693121692	-3000.0	16	11.59	22	8
125	2817255341995554	64791	4	504	-60.097333333333324	-648.9964497354496	-3000.0	19	11.654	22	8
126	2817550850937021	65295	5	504	-61.50000000000001	-651.8023809523808	-3000.0	18	12.246	23	8
127	2817830481247982	65800	5	505	-58.576	-681.9790363036304	-3000.0	19	11.656	21	8
128	2818113820033031	66305	5	505	-61.13199999999999	-709.0149518151813	-3000.0	20	11.312	20	8
129	2818408209400622	66810	5	505	-60.292	-702.5710363036305	-3000.0	17	12.076	21	8
130	2818697125521068	67315	5	505	-61.72	-771.7771432343233	-3000.0	12	11.882	20	8
131	2818979187931516	67820	5	505	-60.012	-753.4165940594057	-3000.0	20	12.162	20	8
132	2819293731954434	68325	5	505	-60.94800000000001	-663.954278547855	-3000.0	18	12.804	21	8
133	2819580792726933	68830	5	505	-61.158666666666676	-773.3393346534652	-3000.0	17	12.45	22	8
134	2819873636524367	69342	4	505	-61.40666666666665	-694.1175313531354	-3000.0	21	12.178	22	8
135	2820175586821981	69846	4	504	-62.80533333333334	-781.2104047619048	-3000.0	11	12.102	22	8
136	2820462541944648	70350	4	504	-60.82	-671.9726693121694	-3000.0	21	12.186	23	8
137	2820798125415103	70854	4	504	-61.514666666666656	-695.8304576719578	-3000.0	21	13.778	24	8
138	2821124223896420	71358	4	504	-59.901333333333326	-763.5877751322747	-3000.0	16	13.52	25	8
139	2821433828655882	71873	3	504	-60.92133333333333	-734.3778915343918	-3000.0	21	12.316	24	8
140	2821740819952877	72376	3	503	-60.43333333333334	-704.8016938369784	-3000.0	22	12.502	24	8
141	2822056304705415	72879	3	503	-59.65333333333333	-739.1010974155073	-3000.0	20	13.014	25	8
142	2822354064569154	73382	3	503	-61.44933333333334	-804.105436713055	-3000.0	10	12.44	24	8
143	2822661688162531	73885	3	503	-60.522666666666666	-714.0581153081512	-3000.0	20	12.572	25	8
144	2822970691785920	74388	3	503	-60.50533333333334	-696.4351835652752	-3000.0	24	12.682	26	8
145	2823298537286807	74891	3	503	-60.262666666666675	-705.9711968190853	-3000.0	21	13.108	27	8
146	2823612018452701	75394	3	503	-59.95466666666667	-689.3196686547384	-3000.0	22	12.642	28	8
147	2823917132258646	75897	3	503	-59.32400000000001	-830.1967925778662	-3000.0	24	12.316	26	8
148	2824202228427164	76400	3	503	-60.705333333333336	-665.2497680583167	-3000.0	22	12.886	27	8
149	2824506246878267	76903	3	503	-60.34266666666665	-782.760742213386	-3000.0	22	11.818	26	8
150	2824825943294181	77406	3	503	-60.97733333333333	-748.1504254473158	-3000.0	23	12.584	27	8
151	2825116643832184	77909	3	503	-61.27333333333333	-737.1803445990721	-3000.0	26	12.098	28	8
152	2825416730866464	78412	3	503	-59.82666666666667	-740.3426719681909	-3000.0	23	12.48	27	8
153	2825690633724059	78915	3	503	-60.349333333333334	-759.7606176275679	-3000.0	27	11.766	27	8
154	2826019420525271	79418	3	503	-60.636	-684.4233055003309	-3000.0	23	12.942	28	8
155	2826349542348282	79921	3	503	-58.606666666666655	-685.8372644135188	-3000.0	20	13.592	28	8
156	2826642811993775	80424	3	503	-59.20533333333336	-727.3393929754806	-3000.0	22	11.826	27	8
157	2826991810328840	80927	3	503	-58.22266666666666	-651.4421603711069	-3000.0	22	13.898	27	8
158	2827307690914666	81430	3	503	-60.217333333333336	-626.5715096090125	-3000.0	22	13.282	28	8
159	2827621528573746	81933	3	503	-60.227999999999994	-658.484249171637	-3000.0	25	13.106	29	8
160	2827928607122044	82436	3	503	-60.364	-650.7648164347248	-3000.0	21	12.54	30	8
161	2828226082138376	82939	3	503	-60.40666666666666	-674.3318277004638	-3000.0	19	12.454	30	8
162	2828521246603369	83442	3	503	-60.081333333333326	-698.9032471835652	-3000.0	19	12.448	31	8
163	2828816631686813	83945	3	503	-59.08533333333333	-723.2970152418818	-3000.0	18	12.768	30	8
164	2829115851230630	84448	3	503	-58.490666666666684	-631.2181868787275	-3000.0	18	12.568	30	8
165	2829402782813137	84951	3	503	-59.315999999999995	-700.1951729622265	-3000.0	24	12.448	30	8
166	2829693622074035	85454	3	503	-60.47333333333332	-667.6873001988071	-3000.0	20	12.59	26	8
167	2830010317616302	85957	3	503	-59.02400000000001	-726.9457521537443	-3000.0	19	12.682	25	8
168	2830307129101969	86460	3	503	-60.75466666666667	-770.2825341285621	-3000.0	21	12.028	25	8
169	2830594667424813	86963	3	503	-60.25199999999999	-646.3413439363816	-3000.0	18	11.914	23	8
170	2830920997868696	87466	3	503	-60.01866666666666	-565.3351597084162	-3000.0	19	13.234	23	8
171	2831246230380893	87969	3	503	-60.86133333333332	-767.5149105367793	-3000.0	21	12.418	23	8
172	2831566990933003	88472	3	503	-57.983999999999995	-722.6977813121272	-3000.0	20	13.116	23	8
173	2831891076680330	88975	3	503	-59.58266666666666	-711.796079522863	-3000.0	19	13.158	23	8
174	2832237273503349	89484	2	503	-59.23333333333333	-689.3918170974157	-3000.0	21	13.564	24	8
175	2832585315386494	89986	2	502	-59.429333333333346	-699.6603452855247	-3000.0	21	13.916	25	8
176	2832938459695918	90488	2	502	-58.87733333333333	-696.3810783532538	-3000.0	17	13.84	24	8
177	2833251362427217	90990	2	502	-59.98133333333333	-666.6812642762285	-3000.0	18	13.588	25	8
178	2833610279303736	91492	2	502	-59.0	-560.8644037184597	-3000.0	21	14.892	25	8
179	2833947489150679	91994	2	502	-59.57466666666665	-845.36824435591	-3000.0	18	13.068	24	8
180	2834294902120103	92496	2	502	-58.89466666666665	-666.7742443559101	-3000.0	16	14.354	25	8
181	2834620106840494	92998	2	502	-59.28133333333333	-671.3575351925632	-3000.0	24	13.496	25	8
182	2834945275960896	93500	2	502	-59.154666666666664	-700.3263187250999	-3000.0	18	13.664	25	8
183	2835267762007925	94002	2	502	-59.279999999999994	-678.4975909694555	-3000.0	19	13.356	24	8
184	2835598050625113	94504	2	502	-59.703999999999986	-704.5898273572378	-3000.0	22	13.81	25	8
185	2835962210020042	95006	2	502	-59.33333333333333	-658.8064409030542	-3000.0	18	14.38	26	8
186	2836310917220163	95508	2	502	-58.64800000000001	-543.8974953519256	-3000.0	21	14.708	25	8
187	2836651696328974	96010	2	502	-58.12399999999999	-586.5793705179284	-3000.0	23	14.638	25	8
188	2837026185290249	96512	2	502	-58.16266666666668	-516.6252802124831	-3000.0	22	15.622	26	8
189	2837377277181451	97014	2	502	-60.11333333333334	-611.7589614873838	-3000.0	23	14.598	26	8
190	2837739144288349	97516	2	502	-59.684000000000026	-699.7809907038512	-3000.0	20	13.956	27	8
191	2838101469345322	98018	2	502	-58.797333333333334	-614.5737848605581	-3000.0	22	15.046	27	8
192	2838433120458133	98520	2	502	-59.775999999999996	-894.2576600265608	-3000.0	20	13.34	25	8
193	2838781702404599	99022	2	502	-58.70400000000001	-684.3107835325364	-3000.0	17	14.234	25	8
194	2839150295265039	99524	2	502	-58.777333333333324	-542.5452934926957	-3000.0	22	15.492	25	8
195	2839448002436171	100026	2	502	-59.75066666666667	-660.1979867197874	-3000.0	23	13.018	26	8
196	2839780184306746	100528	2	502	-59.90933333333334	-606.2722576361219	-3000.0	15	13.89	27	8
197	2840128849559893	101030	2	502	-58.352000000000004	-597.210823373174	-3000.0	22	14.222	26	8
198	2840510465870903	101532	2	502	-58.67866666666668	-523.3411022576364	-3000.0	19	15.362	27	8
199	2840849940807310	102034	2	502	-59.54933333333334	-630.9829189907043	-3000.0	20	13.758	27	8
200	2841174662854321	102536	2	502	-59.28666666666666	-569.4896175298804	-3000.0	16	14.004	27	8
201	2841503504654540	103038	2	502	-59.80666666666666	-491.9615086321379	-3000.0	22	13.942	27	8
202	2841834047119985	103540	2	502	-58.37066666666667	-522.3499681274903	-3000.0	21	13.96	27	8
203	2842164968704679	104042	2	502	-58.777333333333324	-506.0725444887118	-3000.0	19	14.264	26	8
204	2842530285386438	104544	2	502	-58.73733333333334	-573.1063585657371	-3000.0	19	15.038	27	8
205	2842875967871164	105046	2	502	-59.357333333333344	-536.1632483399733	-3000.0	23	14.452	28	8
206	2843259987692604	105548	2	502	-60.129333333333335	-483.2566932270918	-3000.0	23	15.9	29	9
207	2843618019154035	106050	2	502	-59.08666666666667	-541.6260876494025	-3000.0	20	14.272	28	8
208	2843953943225554	106552	2	502	-57.808000000000014	-488.2800185922975	-3000.0	23	14.206	27	8
209	2844267858628749	107054	2	502	-59.535999999999994	-683.1999734395752	-3000.0	16	13.098	26	8
210	2844590599521119	107556	2	502	-59.48133333333334	-534.2228897742364	-3000.0	19	13.718	26	8
211	2844912087154119	108058	2	502	-59.11733333333333	-509.2182098273573	-3000.0	22	13.93	26	8
212	2845229667062961	108560	2	502	-59.41599999999998	-508.708294820717	-3000.0	20	13.664	26	8
213	2845560941123567	109062	2	502	-59.60666666666666	-667.6445498007969	-3000.0	23	13.908	27	8
214	2845883840882418	109564	2	502	-59.983999999999995	-699.4894501992028	-3000.0	23	13.384	26	8
215	2846240412639590	110066	2	502	-59.956	-564.9146746347938	-3000.0	17	14.388	26	8
216	2846596594558692	110568	2	502	-58.515999999999984	-652.1768074369191	-3000.0	25	14.844	27	8
217	2846926961732715	111070	2	502	-59.88399999999999	-752.42030810093	-3000.0	23	13.144	28	8
218	2847266899694329	111572	2	502	-59.87866666666667	-488.0146932270916	-3000.0	24	14.476	28	8
219	2847592459721611	112074	2	502	-59.92799999999999	-488.0372988047811	-3000.0	18	13.624	28	8
220	2847943612713749	112576	2	502	-59.46933333333333	-515.779038512616	-3000.0	22	14.07	28	8
221	2848286589347130	113078	2	502	-59.716	-569.0621938911022	-3000.0	24	13.946	26	8
222	2848634405504294	113580	2	502	-58.57733333333334	-524.0081381142098	-3000.0	27	14.622	27	8
223	2848994311035722	114082	2	502	-58.51599999999999	-434.04877025232406	-3000.0	23	15.45	28	8
224	2849362569121304	114584	2	502	-59.764	-585.0411553784861	-3000.0	19	14.216	29	8
225	2849730282365163	115086	2	502	-59.641333333333336	-566.4997184594954	-3000.0	19	14.486	29	8
226	2850094855265520	115588	2	502	-60.40933333333334	-486.08199734395754	-3000.0	27	14.938	29	8
227	2850502402301762	116090	2	502	-59.97466666666667	-373.1397822045152	-3000.0	26	16.396	30	8
228	2850876482805230	116592	2	502	-58.992	-573.3780664010625	-3000.0	22	15.076	30	8
229	2851250726607049	117094	2	502	-59.29599999999999	-391.35862416998674	-3000.0	21	15.97	30	8
230	2851636068383027	117596	2	502	-60.353333333333346	-494.95070916334697	-3000.0	22	15.998	31	9
231	2851988519113121	118098	2	502	-59.190666666666665	-512.8921274900398	-3000.0	28	14.59	30	9
232	2852368018046377	118600	2	502	-59.84400000000001	-741.8657078353255	-3000.0	23	14.836	31	8
233	2852776476104727	119102	2	502	-58.36533333333334	-475.58443559096946	-3000.0	23	15.604	31	8
234	2853152069124969	119604	2	502	-59.542666666666676	-469.03014077025244	-3000.0	24	15.562	32	8
235	2853521965508721	120106	2	502	-59.18266666666668	-497.7841779548474	-3000.0	21	14.874	32	9
236	2853930746159114	120608	2	502	-56.47333333333333	-417.91163081009284	-3000.0	23	16.652	32	8
237	2854318572095770	121110	2	502	-58.475999999999985	-508.2327065073039	-3000.0	24	15.664	32	8
238	2854668336025287	121612	2	502	-59.19999999999999	-571.5011660026559	-3000.0	24	14.352	32	8
239	2855019983166442	122114	2	502	-58.646666666666675	-507.5010358565737	-3000.0	23	14.766	33	8
240	2855388092134237	122616	2	502	-59.144	-542.3877290836649	-3000.0	23	14.88	33	8
241	2855813298382929	123118	2	502	-58.985333333333344	-523.1157503320052	-3000.0	20	16.666	34	8
242	2856229296583461	123620	2	502	-59.328	-579.6693731739709	-3000.0	22	15.672	34	8
243	2856603340841367	124122	2	502	-58.530666666666676	-482.8583665338646	-3000.0	24	15.196	32	8
244	2856973506599346	124624	2	502	-58.374666666666656	-555.3584860557769	-3000.0	26	15.308	31	8
245	2857373115978053	125126	2	502	-58.628	-378.9950438247012	-3000.0	27	16.452	29	8
246	2857757681050975	125628	2	502	-59.082666666666654	-549.2092138114211	-3000.0	23	15.596	28	8
247	2858141168956816	126130	2	502	-58.77466666666667	-512.5637689243027	-3000.0	24	15.35	29	8
248	2858543300853945	126632	2	502	-58.56266666666669	-489.8522656042494	-3000.0	23	16.452	29	8
249	2858900157342213	127134	2	502	-59.97200000000001	-561.3264674634795	-3000.0	21	14.542	28	8
250	2859243143079521	127636	2	502	-58.78666666666667	-661.6774395750331	-3000.0	24	14.826	29	8
251	2859571996564215	128138	2	502	-58.757333333333335	-619.2910332005312	-3000.0	23	13.842	29	8
252	2859916077936328	128649	1	502	-58.99333333333333	-594.032533864542	-3000.0	24	14.314	30	8
253	2860344272289508	129150	1	501	-58.49733333333334	-460.64952761144394	-3000.0	25	17.184	30	8
254	2860852956503416	129651	1	501	-57.195999999999984	-405.49793745841663	-3000.0	26	19.886	31	8
255	2861449347136116	130152	1	501	-58.09333333333334	-207.21309913506323	-3000.0	23	22.894	30	8
256	2862084261317112	130653	1	501	-58.37066666666666	-117.03154757152363	-3000.0	22	24.35	31	9
257	2862716124501699	131154	1	501	-58.20666666666665	-106.35909514304724	-3000.0	24	24.306	32	14
258	2863332782538204	131655	1	501	-57.904	-110.3206919494345	-3000.0	22	24.29	32	14
259	2863950492516960	132156	1	501	-57.35066666666667	-101.64854557551554	-3000.0	20	24.24	32	15
260	2864574957254647	132657	1	501	-58.34133333333334	-156.69012375249486	-3000.0	25	23.944	32	16
261	2865191612743942	133158	1	501	-57.909333333333336	-122.56596141051234	-3000.0	28	24.012	33	17
262	2865790903877575	133659	1	501	-57.40799999999999	-123.72009314703931	-3000.0	21	23.832	33	17
263	2866380142054162	134160	1	501	-58.54400000000001	-111.06402661343985	-3000.0	26	23.576	33	16
264	2866985824757446	134661	1	501	-57.63333333333334	-120.59541184298074	-3000.0	21	23.63	33	15
265	2867591631866218	135162	1	501	-58.23333333333333	-103.99968862275455	-3000.0	21	23.62	33	15
266	2868193172514146	135663	1	501	-57.455999999999996	-114.81403858948765	-3000.0	21	23.812	33	16
267	2868798701463332	136164	1	501	-57.74400000000001	-121.43137990685292	-3000.0	25	23.822	33	17
268	2869423701614859	136665	1	501	-58.236000000000004	-91.92360878243515	-3000.0	24	23.838	33	16
269	2870040810738373	137166	1	501	-57.071999999999996	-152.4048862275449	-3000.0	23	23.57	33	15
270	2870631546806105	137667	1	501	-58.37466666666667	-104.04946906187621	-3000.0	25	23.482	30	15
271	2871215548568720	138168	1	501	-57.554666666666684	-123.58190552228872	-3000.0	28	23.452	30	14
272	2871834928301797	138669	1	501	-57.84800000000001	-113.80984431137732	-3000.0	23	23.724	31	15
273	2872447673845294	139170	1	501	-56.44533333333334	-115.00654690618767	-3000.0	26	24.004	30	16
274	2873071463180547	139671	1	501	-57.87066666666667	-101.54566600133074	-3000.0	25	24.338	31	17
275	2873716395834811	140172	1	501	-57.16400000000001	-159.20390419161683	-3000.0	22	24.772	31	16
276	2874350140233647	140673	1	501	-57.48666666666667	-114.20710312707917	-3000.0	23	24.48	32	15
277	2874953026461901	141174	1	501	-56.95333333333331	-135.80272521623428	-3000.0	29	24.452	32	14
278	2875576154906560	141675	1	501	-58.07466666666667	-136.16207850964744	-3000.0	23	24.292	32	15
279	2876207531303264	142176	1	501	-56.865333333333325	-140.23136393878903	-3000.0	28	24.486	32	16
280	2876861648293780	142677	1	501	-57.20266666666667	-105.91865335994676	-3000.0	27	24.876	33	17
281	2877500859791956	143178	1	501	-57.900000000000006	-112.55425149700599	-3000.0	29	24.886	33	18
282	2878151262684506	143679	1	501	-56.40666666666665	-94.10126946107788	-3000.0	27	25.172	32	17
283	2878823116915630	144180	1	501	-57.62266666666667	-125.03571523619426	-3000.0	26	25.298	33	17
284	2879501572529386	144681	1	501	-56.309333333333335	-108.81105788423154	-3000.0	26	25.172	34	17
285	2880174712224289	145182	1	501	-56.63733333333332	-111.80174318030605	-3000.0	25	25.384	34	16
286	2880879150641791	145683	1	501	-57.93199999999999	-136.90632601463744	-3000.0	30	25.872	35	15
287	2881567385785755	146184	2	501	-56.854666666666674	-114.25123353293407	-3000.0	27	26.076	34	17
288	2882262255095351	146686	2	502	-55.69333333333333	-135.85678884462146	-3000.0	28	26.126	33	18
289	2882918391251997	147188	2	502	-56.62666666666667	-113.66750332005314	-3000.0	28	25.162	33	17
290	2883581868327323	147690	2	502	-57.077333333333335	-147.3051686586986	-3000.0	20	25.046	32	16
291	2884217827000959	148192	2	502	-56.874666666666684	-122.50379017264271	-3000.0	25	24.58	32	17
292	2884860647953968	148694	2	502	-56.27066666666666	-103.61778751660032	-3000.0	26	24.846	32	18
293	2885537086522652	149196	2	502	-56.818666666666665	-137.29933333333335	-3000.0	25	25.236	32	18
294	2886188017901894	149698	2	502	-56.58533333333334	-131.37478087649401	-3000.0	24	25.716	33	17
295	2886893062373815	150200	2	502	-56.724000000000004	-145.11560159362554	-3000.0	20	25.946	34	17
296	2887541922827548	150702	2	502	-56.59466666666667	-144.85086586985392	-3000.0	25	25.524	34	16
297	2888218803453979	151204	2	502	-56.26933333333334	-113.43386985391768	-3000.0	19	25.372	33	17
298	2888884053798535	151706	2	502	-56.663999999999994	-131.45768658698537	-3000.0	24	25.706	33	16
299	2889564910383049	152208	2	502	-56.93066666666667	-86.66974501992028	-3000.0	26	26.088	34	16
300	2890249340317549	152710	2	502	-56.34533333333333	-105.0751660026561	-3000.0	26	26.18	34	16
301	2890953639702566	153212	2	502	-56.61066666666667	-120.55996281540511	-3000.0	28	26.59	35	17
302	2891687399239910	153714	2	502	-56.763999999999996	-133.0998884462152	-3000.0	24	26.972	33	17
303	2892422297907418	154216	2	502	-56.80666666666667	-111.82292164674634	-3000.0	31	26.852	33	17
304	2893162817680019	154718	2	502	-56.88533333333333	-139.32146082337317	-3000.0	28	27.434	33	18
305	2893898069477540	155220	2	502	-56.60133333333334	-108.46565471447536	-3000.0	28	27.368	33	18
306	2894622366786585	155722	2	502	-55.66933333333333	-116.49738114209832	-3000.0	29	27.354	34	17
307	2895368158845998	156224	2	502	-57.049333333333344	-111.06049667994687	-3000.0	24	27.516	34	19
308	2896088629645324	156726	2	502	-57.01866666666669	-121.060411686587	-3000.0	27	27.318	35	18
309	2896847166742772	157228	2	502	-57.15466666666667	-117.90442231075698	-3000.0	33	27.434	34	17
310	2897591865939588	157730	2	502	-54.758666666666656	-117.92055511288179	-3000.0	23	27.688	34	17
311	2898364601272682	158232	2	502	-54.97200000000001	-111.17527755644096	-3000.0	25	27.796	34	18
312	2899120016640083	158734	2	502	-56.41066666666668	-95.77921912350598	-3000.0	28	27.948	34	21
313	2899869238689044	159236	2	502	-55.66400000000001	-136.3910650730411	-3000.0	24	27.864	34	21
314	2900602595485180	159738	2	502	-55.612000000000016	-102.46728818061084	-3000.0	25	27.796	35	20
315	2901318552113973	160240	2	502	-56.48533333333334	-109.51598140770254	-3000.0	30	27.374	34	20
316	2902044463822727	160742	2	502	-56.49866666666666	-90.32216467463473	-3000.0	29	27.834	35	21
317	2902763690186442	161244	2	502	-56.61333333333335	-108.00670119521907	-3000.0	30	28.002	36	21
318	2903472325429241	161746	2	502	-56.70133333333333	-119.59961221779545	-3000.0	32	27.682	37	20
319	2904170640276730	162248	2	502	-56.101333333333315	-122.98133333333332	-3000.0	31	27.808	35	20
320	2904845985212558	162750	2	502	-56.94933333333333	-116.62454183266937	-3000.0	27	27.116	34	20
321	2905516093466328	163252	2	502	-56.385333333333335	-132.99897211155377	-3000.0	30	26.898	35	20
322	2906183863145937	163754	2	502	-55.757333333333335	-138.98917662682595	-3000.0	25	26.922	35	20
323	2906833105850835	164256	2	502	-56.24666666666666	-112.170411686587	-3000.0	28	26.684	35	19
324	2907467421761044	164758	2	502	-55.96799999999999	-108.36846215139445	-3000.0	27	26.454	35	20
325	2908107953355927	165260	2	502	-56.28000000000001	-125.32304913678617	-3000.0	30	26.566	35	19
326	2908764562483400	165762	2	502	-56.66133333333333	-96.50756440903052	-3000.0	22	26.89	36	19
327	2909438414156755	166264	2	502	-55.86133333333334	-133.32383266932274	-3000.0	27	26.882	35	19
328	2910112246742946	166766	2	502	-56.809333333333335	-126.4000026560425	-3000.0	23	27.446	36	19
329	2910810624695295	167268	2	502	-56.114666666666665	-134.058796812749	-3000.0	27	27.684	36	18
330	2911511993460579	167770	2	502	-56.552	-125.15999734395749	-3000.0	33	27.538	37	17
331	2912185727131299	168272	2	502	-56.37333333333332	-135.04079150066403	-3000.0	30	26.71	35	18
332	2912877348293409	168774	2	502	-56.25866666666668	-112.66057901726431	-3000.0	30	27.592	36	18
333	2913574550779177	169276	2	502	-56.91333333333335	-107.77110225763612	-3000.0	31	27.902	36	19
334	2914305688223787	169778	2	502	-56.07066666666667	-114.64398671978755	-3000.0	24	28.532	37	19
335	2915051454111653	170280	2	502	-56.057333333333325	-172.22415405046482	-3000.0	31	28.53	37	21
336	2915775960364633	170782	2	502	-56.64400000000001	-113.91233200531208	-3000.0	23	28.962	38	20
337	2916532722036328	171284	2	502	-55.556000000000004	-132.60377423638786	-3000.0	24	29.382	39	20
338	2917285719677452	171786	2	502	-55.60533333333333	-138.46489774236386	-3000.0	26	28.806	40	20
339	2918040929539122	172288	2	502	-56.38	-108.83983001328025	-3000.0	21	28.814	40	19
340	2918781231284992	172790	2	502	-55.81466666666665	-100.35277822045151	-3000.0	29	28.894	41	19
341	2919508233105763	173292	2	502	-55.10533333333335	-104.5967171314741	-3000.0	27	28.88	41	18
342	2920270867014846	173794	2	502	-56.09733333333332	-144.89458698539178	-3000.0	29	28.89	40	17
343	2921021343088896	174296	2	502	-56.69066666666667	-110.58249402390442	-3000.0	32	29.408	40	16
344	2921793555836091	174798	2	502	-55.47866666666667	-95.79781142098271	-3000.0	25	29.718	41	20
345	2922561329496104	175300	2	502	-54.604000000000006	-123.8916733067729	-3000.0	39	29.812	42	19
346	2923304286015636	175802	2	502	-55.889333333333354	-110.32597343957504	-3000.0	30	29.744	42	19
347	2924054708655776	176304	2	502	-55.39466666666667	-111.63283399734392	-3000.0	29	29.868	42	18
348	2924799184428729	176806	2	502	-55.49333333333334	-116.60012749003978	-3000.0	26	29.782	42	20
349	2925467981175941	177308	2	502	-56.43333333333331	-123.83842231075704	-3000.0	31	28.346	43	21
350	2926193497877693	177810	2	502	-55.52	-130.27027091633457	-3000.0	32	28.868	44	21
351	2926898438735977	178312	2	502	-55.641333333333336	-122.9331633466136	-3000.0	30	28.648	44	20
352	2927611146492781	178814	2	502	-55.50799999999998	-130.3686852589641	-3000.0	27	29.064	45	20
353	2928437284769343	179316	2	502	-55.85466666666668	-122.48397875165998	-3000.0	23	31.806	44	21
354	2929242573196362	179818	2	502	-54.992	-141.78620982735723	-3000.0	40	31.384	45	20
355	2930028185595617	180322	1	502	-55.73333333333333	-111.1923107569721	-3000.0	29	31.326	45	20
356	2930842420977414	180823	1	501	-55.76399999999999	-162.41182967398538	-3000.0	33	31.712	45	21
357	2931633194340952	181324	1	501	-55.672	-120.53931603459738	-3000.0	29	31.42	43	20
358	2932464031733518	181825	1	501	-56.61600000000001	-115.51329607451767	-3000.0	34	32.334	44	20
359	2933316731757935	182326	1	501	-55.132000000000005	-117.6728356620094	-3000.0	29	32.736	43	20
360	2934148745132520	182827	1	501	-56.01999999999999	-112.20472388556212	-3000.0	35	32.48	43	20
361	2934990629449811	183328	1	501	-56.49066666666668	-128.7072415169661	-3000.0	34	32.466	43	19
362	2935827920914018	183829	1	501	-55.63066666666668	-117.49162741184298	-3000.0	32	32.728	43	18
363	2936658170097571	184330	1	501	-56.365333333333325	-149.45149966733186	-3000.0	33	32.74	43	19
364	2937475786584121	184831	1	501	-55.456	-126.778879574185	-3000.0	39	32.538	44	18
365	2938319463299258	185332	1	501	-55.55333333333333	-96.4635981370592	-3000.0	40	33.06	43	18
366	2939185590093023	185833	1	501	-56.56400000000001	-144.97315768463062	-3000.0	37	33.268	43	25
367	2940052494329404	186334	1	501	-55.537333333333336	-116.49201330671987	-3000.0	42	33.518	44	25
368	2940902448952692	186835	2	501	-55.67333333333333	-130.8261769793746	-3000.0	26	33.282	45	24
369	2941776520244043	187337	2	502	-55.82533333333334	-92.04468525896412	-3000.0	34	33.594	45	24
370	2942646888792632	187839	2	502	-55.727999999999994	-101.70803718459493	-3000.0	27	33.566	45	23
371	2943555019730576	188341	2	502	-55.77866666666665	-110.65394687915004	-3000.0	32	33.994	44	24
372	2944442065589909	188843	2	502	-55.321333333333335	-107.94057104913682	-3000.0	39	34.32	43	24
373	2945355101967201	189345	2	502	-56.05333333333333	-165.1266852589642	-3000.0	34	34.67	44	23
374	2946314353995626	189847	2	502	-56.03200000000001	-99.47369986719782	-3000.0	35	35.508	43	24
375	2947248455199880	190349	2	502	-55.65999999999999	-117.31146613545818	-3000.0	34	34.76	43	24
376	2948170504114628	190851	2	502	-55.86666666666668	-115.66155378486052	-3000.0	38	35.394	43	24
377	2949130635136558	191353	2	502	-54.94400000000002	-110.2481593625498	-3000.0	38	35.614	43	23
378	2950071549273240	191855	2	502	-54.864	-137.15167596281543	-3000.0	41	35.328	43	24
379	2951005754674403	192357	2	502	-55.89466666666668	-109.52507569721116	-3000.0	36	35.444	43	25
380	2951941689062541	192859	2	502	-55.21199999999999	-109.45441965471453	-3000.0	35	35.392	43	24
381	2952902965602089	193361	2	502	-55.55866666666667	-142.1580159362549	-3000.0	28	35.264	43	23
382	2953824476520421	193863	2	502	-56.21200000000002	-126.98489243027892	-3000.0	36	35.098	43	23
383	2954737988020333	194365	2	502	-55.62933333333333	-112.00025232403726	-3000.0	40	34.598	44	23
384	2955672629843931	194867	2	502	-56.01866666666669	-127.46183532536519	-3000.0	42	34.926	44	23
385	2956585100745992	195369	2	502	-56.141333333333336	-94.19041965471449	-3000.0	39	34.998	44	24
386	2957518905247803	195871	2	502	-55.72666666666666	-115.41226029216463	-3000.0	38	35.598	45	23
387	2958460399075862	196373	2	502	-55.834666666666664	-90.00569721115535	-3000.0	33	35.928	45	24
388	2959475159356752	196875	2	502	-55.298666666666676	-91.4862231075697	-3000.0	40	36.916	45	24
389	2960430724630755	197377	2	502	-54.98799999999999	-115.42624169986719	-3000.0	32	36.466	45	24
390	2961399607741421	197879	2	502	-55.76	-83.09750066401062	-3000.0	42	36.27	45	25
391	2962381092146292	198381	2	502	-55.35199999999999	-127.18270119521917	-3000.0	31	36.522	45	24
392	2963378087354873	198883	2	502	-55.78266666666667	-92.6851660026561	-3000.0	32	36.51	45	25
393	2964345655394324	199385	2	502	-56.07333333333333	-94.64305444887117	-3000.0	36	36.346	45	25
394	2965357810927705	199887	2	502	-55.661333333333324	-117.36853386454183	-3000.0	36	36.806	46	25
395	2966355807908401	200389	2	502	-55.65199999999999	-117.36955112881813	-3000.0	35	36.838	45	26
396	2967409171325109	200891	2	502	-55.076	-161.07634794156712	-3000.0	38	37.508	46	26
397	2968390532728124	201393	2	502	-54.40666666666666	-118.17088446215136	-3000.0	32	36.31	45	26
398	2969389175402145	201895	2	502	-55.455999999999996	-100.38451261620187	-3000.0	33	36.722	45	26
399	2970435139276717	202397	2	502	-55.62533333333334	-88.29081540504653	-3000.0	31	37.76	46	28
400	2971478048092784	202899	2	502	-55.78933333333333	-106.33012217795483	-3000.0	43	37.748	47	29
401	2972496916014018	203401	2	502	-55.829333333333324	-102.66349269588316	-3000.0	39	37.012	47	29
402	2973499478907598	203903	2	502	-55.096000000000004	-89.0868711819389	-3000.0	42	37.032	47	29
403	2974508069351126	204405	2	502	-55.70399999999999	-109.92199203187253	-3000.0	30	37.102	47	29
404	2975508560275734	204907	2	502	-55.861333333333334	-118.66605312084991	-3000.0	35	36.884	47	28
405	2976503785711517	205409	2	502	-55.56000000000001	-131.98584860557764	-3000.0	33	36.478	46	29
406	2977464067891041	205911	2	502	-55.91066666666665	-86.43857104913681	-3000.0	41	36.068	45	28
407	2978390063565190	206413	2	502	-56.20666666666665	-118.01384063745024	-3000.0	35	35.996	43	27
408	2979234763201030	206915	2	502	-55.40666666666666	-90.12110756972112	-3000.0	32	34.35	43	27
409	2980095390312770	207417	2	502	-55.63333333333333	-85.54575564409033	-3000.0	38	34.122	43	28
410	2980965590644002	207919	2	502	-56.125333333333344	-106.18343160690574	-3000.0	36	34.41	43	29
411	2981856997176277	208421	2	502	-54.89333333333333	-99.7381567065073	-3000.0	32	34.524	43	28
412	2982780928021903	208923	2	502	-55.535999999999994	-112.92116069057103	-3000.0	35	35.164	43	28
413	2983714145501393	209425	2	502	-55.49333333333334	-90.13952988047811	-3000.0	33	35.694	44	27
414	2984632236750804	209927	2	502	-55.224	-101.46524302788835	-3000.0	33	34.836	43	27
415	2985530668740367	210429	2	502	-55.56933333333332	-112.63021248339967	-3000.0	41	34.606	44	26
416	2986466828504357	210931	2	502	-55.68533333333334	-119.13071978751661	-3000.0	37	35.242	45	25
417	2987374890902256	211433	2	502	-55.46933333333332	-95.91169721115541	-3000.0	33	35.148	45	27
418	2988284187852205	211935	2	502	-55.97999999999999	-117.75928818061084	-3000.0	32	34.77	46	27
419	2989224240671063	212437	2	502	-55.75866666666667	-107.415219123506	-3000.0	39	35.424	46	26
420	2990162342530829	212939	2	502	-55.492	-124.69016998671972	-3000.0	34	35.306	45	26
421	2991111432725090	213441	2	502	-54.49733333333334	-97.34105179282867	-3000.0	32	35.916	46	25
422	2992064521028512	213943	2	502	-55.575999999999986	-98.10028154050461	-3000.0	38	35.688	46	26
423	2993024577367745	214445	2	502	-55.13600000000001	-95.12598671978746	-3000.0	33	36.394	47	26
424	2993990460745232	214947	2	502	-55.50800000000001	-86.00053917662684	-3000.0	28	36.272	46	25
425	2994949316711389	215449	2	502	-54.92666666666667	-98.34429482071715	-3000.0	32	36.186	47	25
426	2995913825188192	215951	2	502	-55.63733333333334	-116.32479150066402	-3000.0	39	36.116	48	24
427	2996909857200700	216453	2	502	-55.343999999999994	-119.18806374501992	-3000.0	38	36.286	47	27
428	2997890978967057	216955	2	502	-55.81866666666666	-112.7113200531209	-3000.0	41	36.468	48	27
429	2998867341089025	217457	2	502	-55.43466666666668	-135.31150863213813	-3000.0	43	35.982	47	26
430	2999837728161648	217959	2	502	-55.44933333333333	-93.78230013280215	-3000.0	38	36.374	47	27
431	3000799476884690	218461	2	502	-56.03466666666667	-82.74184329349269	-3000.0	41	36.408	47	27
432	3001766515248786	218963	2	502	-55.36133333333332	-84.9902231075697	-3000.0	40	36.422	44	27
433	3002764741177878	219465	2	502	-55.482666666666674	-105.2221779548473	-3000.0	35	36.95	45	29
434	3003766893970506	219967	2	502	-55.32266666666666	-102.13702523240372	-3000.0	33	37.112	46	28
435	3004810054207334	220469	2	502	-55.36133333333334	-105.47498273572371	-3000.0	38	37.696	45	28
436	3005835731815751	220971	2	502	-54.710666666666654	-121.40840371845944	-3000.0	37	37.594	45	28
437	3006883080350251	221473	2	502	-56.109333333333325	-110.77542363877825	-3000.0	39	37.716	46	27
438	3007919391838357	221975	2	502	-54.868	-88.03415405046478	-3000.0	35	37.572	47	28
439	3008950475239617	222477	2	502	-55.82266666666667	-90.42596547144754	-3000.0	35	37.516	44	29
440	3009955420406636	222979	2	502	-55.82000000000001	-131.57468791500656	-3000.0	38	37.158	44	29
441	3010971818914942	223481	2	502	-55.37866666666666	-107.10125896414338	-3000.0	40	37.368	44	29
442	3011993909477666	223983	2	502	-55.96533333333334	-97.62049402390434	-3000.0	37	37.758	44	28
443	3013039372694428	224485	2	502	-55.044000000000004	-104.7715033200531	-3000.0	38	38.108	44	27
444	3014073683374523	224987	2	502	-55.364	-106.2758007968127	-3000.0	39	37.82	45	27
445	3015125174235586	225489	2	502	-56.03733333333333	-90.43946082337322	-3000.0	41	37.788	46	28
446	3016163305515802	225991	2	502	-55.372	-104.39204780876493	-3000.0	39	37.962	47	28
447	3017223211804237	226493	2	502	-55.364000000000004	-121.97266135458167	-3000.0	42	38.15	46	27
448	3018288241916741	226995	2	502	-55.54266666666668	-135.5423479415671	-3000.0	39	37.928	47	28
449	3019329139395938	227497	2	502	-55.428000000000004	-117.32209561752988	-3000.0	39	37.97	47	27
450	3020381431551188	227999	2	502	-54.56266666666667	-104.77551660026562	-3000.0	45	38.048	46	26
451	3021471653649954	228501	2	502	-55.09866666666667	-144.69198671978745	-3000.0	45	38.608	47	25
452	3022548902706789	229003	2	502	-54.924	-105.95018061088977	-3000.0	35	38.386	47	24
453	3023640174118172	229505	2	502	-55.251999999999995	-95.02060026560424	-3000.0	38	38.466	47	24
454	3024756386015666	230007	2	502	-54.87066666666667	-105.98058964143428	-3000.0	40	38.724	47	27
455	3025817373929425	230509	2	502	-55.74933333333333	-108.58231075697212	-3000.0	41	37.692	47	27
456	3026860316151871	231011	2	502	-55.97066666666666	-95.41050730411685	-3000.0	34	37.66	47	26
457	3027866983801831	231513	2	502	-55.585333333333345	-95.84592297476763	-3000.0	38	37.354	46	26
458	3028892627890307	232015	2	502	-56.074666666666666	-94.17018592297467	-3000.0	34	37.454	47	29
459	3029915738201111	232517	2	502	-56.10533333333333	-116.24447543160689	-3000.0	37	37.524	47	28
460	3030932844715977	233022	2	502	-55.258666666666656	-77.0327888446215	-3000.0	35	37.488	48	30
461	3031979917041787	233524	3	502	-55.09733333333332	-117.17394953519263	-3000.0	42	37.628	48	29
462	3033053729482533	234027	3	503	-55.48266666666667	-75.11861895294896	-3000.0	39	38.288	48	30
463	3034172464694848	234530	3	503	-54.80533333333334	-101.00062557985422	-3000.0	40	39.452	48	29
464	3035281383673168	235033	3	503	-55.99866666666668	-105.683464546057	-3000.0	37	39.59	49	28
465	3036370674443806	235536	3	503	-55.45333333333334	-98.46201988071569	-3000.0	40	39.43	49	29
466	3037501779766204	236039	3	503	-55.754666666666665	-122.82587673956264	-3000.0	41	39.272	49	28
467	3038555686067765	236542	3	503	-55.25333333333332	-83.80312524850896	-3000.0	37	38.428	48	29
468	3039634262480036	237045	3	503	-55.28533333333333	-114.31826110006628	-3000.0	38	38.81	48	28
469	3040717963185123	237548	3	503	-55.46533333333333	-102.80781179589137	-3000.0	38	38.53	48	29
470	3041756098662653	238051	3	503	-55.61599999999999	-86.18737176938373	-3000.0	38	38.072	48	29
471	3042823218864953	238554	3	503	-55.635999999999996	-123.83877799867459	-3000.0	36	38.04	47	29
472	3043899484359919	239057	3	503	-55.030666666666676	-102.86360768721008	-3000.0	40	38.374	48	29
473	3044935062260396	239560	3	503	-54.959999999999994	-112.751549370444	-3000.0	35	37.912	47	28
474	3045954295957327	240063	3	503	-55.703999999999986	-89.55707355864811	-3000.0	35	37.422	47	27
475	3046943581064733	240566	3	503	-55.20400000000001	-89.75923392975477	-3000.0	36	37.02	46	26
476	3047939621098570	241069	3	503	-55.44666666666666	-100.30977070907882	-3000.0	34	37.406	45	28
477	3048977932072626	241572	3	503	-55.06799999999999	-105.51863485752158	-3000.0	40	37.744	45	27
478	3050044113764424	242075	3	503	-53.82933333333333	-93.88375612988736	-3000.0	40	38.072	44	26
479	3051101238443081	242578	3	503	-55.30666666666666	-123.47541418157716	-3000.0	39	37.956	45	25
480	3052145770658521	243081	3	503	-55.970666666666666	-121.76465473823725	-3000.0	36	37.922	46	24
481	3053203210911367	243584	3	503	-55.279999999999994	-106.05921802518228	-3000.0	43	38.13	47	25
482	3054223460256619	244087	3	503	-55.688	-96.19719814446655	-3000.0	37	37.932	48	29
483	3055286197786139	244590	3	503	-55.736	-90.89264148442678	-3000.0	37	38.202	47	30
484	3056348996770264	245093	3	503	-53.870666666666665	-80.28018555334656	-3000.0	41	38.578	47	30
485	3057438660869739	245596	3	503	-54.97999999999999	-102.89811265738904	-3000.0	34	38.57	46	29
486	3058510140796597	246099	3	503	-55.727999999999994	-133.17174287607682	-3000.0	44	38.662	46	29
487	3059582495233745	246602	3	503	-55.62666666666667	-116.80675149105375	-3000.0	36	38.81	47	29
488	3060660480187556	247105	3	503	-55.922666666666665	-100.8643578528827	-3000.0	41	38.262	47	29
489	3061719314497935	247608	3	503	-55.242666666666665	-99.32385420808478	-3000.0	38	38.184	48	28
490	3062767319091293	248111	3	503	-54.65199999999999	-119.4657601060305	-3000.0	34	38.256	49	27
491	3063815206763642	248614	3	503	-56.028	-104.31031676607022	-3000.0	43	38.302	50	26
492	3064861948654848	249117	3	503	-55.60799999999998	-88.90110006626904	-3000.0	35	37.892	49	25
493	3065903426967253	249620	3	503	-55.36666666666668	-97.3336567263088	-3000.0	36	38.282	49	30
494	3066967947390298	250123	3	503	-56.03199999999999	-103.9650841616965	-3000.0	44	38.264	49	30
495	3068045748193459	250626	3	503	-55.652	-98.72255268389661	-3000.0	41	38.434	50	31
496	3069108473433176	251129	3	503	-55.44933333333334	-113.05786613651424	-3000.0	33	38.492	50	31
497	3070168387466406	251632	3	503	-55.77866666666666	-98.31328296885357	-3000.0	36	38.642	50	30
498	3071231848630452	252135	3	503	-55.47200000000001	-110.40644930417494	-3000.0	31	38.22	50	30
499	3072291990623813	252638	3	503	-55.98133333333333	-95.16622929092112	-3000.0	42	38.496	51	29
