alpha = 0.15
gamma = 1.0
lambda = 0.6
epsilon = 0.3
randomSeed = 444
GREAT!
Xover: 4
---- Evolution parameters ----
Folder name:          NMSarsa_PuddleWorld/run_3027640977454125
Random seed:          444
GREAT activated:      true
Max iterations:       500
Population size:      500
GREAT initialization  true
Speciation threshold: 0.15
Species min size:     15
Tournament size:      3
Crossover rate:       0.2
Mutation rate:        0.8
Crossovers:
	AligningCrossover_v4(0.15)
Mutations:
	AddGeneMutation(maxSize=2147483647, prob=0.33)
	DeleteGeneMutation(minSize=8, prob=0.33)
	ChangeGeneMutation(prob=0.33)
------------------------------

---- Starting evolution ----
IT	Nanotime	#Eval	#Species	PopSize	Best	Avg	Worst	Best GRN Size	Avg GRN size	Max GRN size	Min GRN size
0	3044304393721512	997	1	499	593.2739999999953	416.29719238476673	-50.100000000000406	12	10.91	17	8
1	3057707062178825	1498	2	501	626.2439999999949	432.33901796406883	33.39999999999996	12	11.52	17	8
2	3070878730447182	2000	3	502	599.8829999999953	425.6315099601564	90.25000000000021	12	10.51	16	8
3	3083795442166170	2509	3	503	608.0919999999951	424.63194831013664	-50.100000000000406	11	9.832	16	8
4	3096652680087788	3012	4	503	625.2419999999948	444.9397693836946	-49.75000000000041	14	9.792	15	8
