alpha = 0.15
gamma = 1.0
lambda = 0.6
epsilon = 0.3
randomSeed = 888
GREAT!
Xover: 4
---- Evolution parameters ----
Folder name:          NMSarsa_Maze/run_2784148435803090
Random seed:          888
GREAT activated:      true
Max iterations:       500
Population size:      500
GREAT initialization  true
Speciation threshold: 0.15
Species min size:     15
Tournament size:      3
Crossover rate:       0.2
Mutation rate:        0.8
Crossovers:
	AligningCrossover_v4(0.15)
Mutations:
	AddGeneMutation(maxSize=2147483647, prob=0.33)
	DeleteGeneMutation(minSize=8, prob=0.33)
	ChangeGeneMutation(prob=0.33)
------------------------------

---- Starting evolution ----
IT	Nanotime	#Eval	#Species	PopSize	Best	Avg	Worst	Best GRN Size	Avg GRN size	Max GRN size	Min GRN size
0	2784550404065835	997	1	499	-100.7	-1562.334736138944	-3000.0	12	9.62	13	8
1	2784642388099032	1498	5	501	-96.336	-784.0390153027279	-3000.0	10	9.88	13	8
2	2784712080467987	2003	5	505	-97.36666666666667	-546.9687155115512	-3000.0	10	9.834	14	8
3	2784762659260589	2514	4	505	-95.45866666666669	-384.1354983498349	-3000.0	11	9.966	14	8
4	2784813765346020	3018	4	504	-96.55466666666668	-379.00997883597876	-3000.0	10	10.002	14	8
5	2784859876240226	3527	4	504	-92.47733333333332	-254.60934126984128	-3000.0	10	10.182	16	8
6	2784916536966597	4031	4	504	-92.31733333333332	-299.9765634920635	-3000.0	12	10.276	15	8
7	2784979115594014	4550	5	504	-90.08933333333334	-284.14710317460316	-3000.0	12	10.6	16	8
8	2785060544408522	5057	5	505	-89.79466666666667	-276.1856237623763	-3000.0	11	10.766	16	8
9	2785157733415691	5580	5	505	-88.204	-287.68796303630364	-3000.0	11	10.696	16	8
10	2785271418788049	6096	5	505	-89.38399999999997	-265.5097663366336	-3000.0	11	10.446	17	8
11	2785400365086712	6631	5	505	-85.85066666666665	-269.2228435643564	-3000.0	12	10.34	15	8
12	2785554789132988	7159	4	505	-80.95733333333332	-278.4467696369636	-3000.0	12	10.618	15	8
13	2785744274436673	7702	3	504	-83.32133333333333	-251.43852116402115	-3000.0	11	10.9	15	8
14	2785933610525129	8222	6	503	-84.66399999999997	-274.1165593108018	-3000.0	11	10.978	16	8
15	2786153480132272	8746	8	506	-84.01866666666666	-218.92693807641638	-3000.0	11	11.238	17	8
16	2786375177432785	9272	8	508	-83.12800000000001	-257.1110104986876	-3000.0	13	11.138	17	8
17	2786588420622344	9790	8	508	-83.508	-252.60773753280844	-3000.0	10	10.766	18	8
18	2786801061182585	10298	9	508	-83.34533333333331	-260.91896587926504	-3000.0	11	11.02	19	8
19	2787020861399847	10810	9	509	-77.624	-211.6541558611657	-3000.0	13	11.172	19	8
20	2787270728589361	11322	8	509	-80.61733333333332	-253.76141191879492	-3000.0	12	11.13	18	8
21	2787505488614430	11844	8	508	-80.39866666666667	-253.3867244094488	-3000.0	12	11.386	19	8
22	2787747639886138	12359	9	508	-79.77733333333333	-296.7876141732283	-3000.0	14	11.476	19	8
23	2787987585953527	12881	10	509	-78.67466666666667	-290.01880550098235	-3000.0	14	10.978	19	8
24	2788188933358831	13391	11	510	-80.34666666666666	-328.1057751633987	-3000.0	14	10.676	20	8
25	2788419170401040	13914	11	511	-78.16133333333333	-242.28809915198957	-3000.0	14	10.866	21	8
26	2788687932939947	14446	9	511	-76.25200000000001	-232.12672407045008	-3000.0	16	11.114	22	8
27	2788951086190689	14966	10	509	-75.40666666666667	-244.41237459070072	-3000.0	16	11.522	20	8
28	2789254023756453	15502	8	510	-65.61599999999999	-317.0094640522877	-3000.0	17	12.888	21	8
29	2789555711211015	16039	7	508	-66.94666666666666	-258.2312729658793	-3000.0	17	12.898	21	8
30	2789865147661060	16559	8	507	-65.116	-426.7956265614727	-3000.0	17	12.28	19	8
31	2790227964500449	17094	7	508	-62.81733333333332	-366.7265196850394	-3000.0	17	13.188	20	8
32	2790584255699019	17602	7	507	-64.03066666666666	-329.2989217619987	-3000.0	17	13.896	21	8
33	2790911154722766	18110	8	507	-63.80799999999999	-282.247100591716	-3000.0	18	13.746	21	8
34	2791235299870689	18632	9	508	-64.47066666666667	-320.02461154855644	-3000.0	16	13.19	21	8
35	2791503946110652	19145	8	509	-63.93333333333332	-320.45222265880807	-3000.0	14	11.858	21	8
36	2791813233018175	19657	7	508	-64.31066666666666	-244.56258267716532	-3000.0	17	12.582	21	8
37	2792145586583748	20169	7	507	-63.79066666666667	-326.6618829717292	-3000.0	16	13.656	20	8
38	2792464800719805	20689	7	507	-64.39333333333333	-407.7038238001315	-3000.0	16	13.598	21	8
39	2792814178237970	21196	7	507	-63.641333333333336	-317.9012123602893	-3000.0	16	14.3	20	8
40	2793177077342259	21703	7	507	-63.82266666666667	-298.5924102564103	-3000.0	17	14.354	21	8
41	2793525882375748	22210	7	507	-61.670666666666655	-318.02703484549636	-3000.0	18	14.306	20	8
42	2793891178869080	22726	6	507	-63.80266666666668	-375.7371255752795	-3000.0	17	14.412	21	8
43	2794246991596765	23232	6	506	-64.75200000000001	-373.68430303030306	-3000.0	15	15.296	21	8
44	2794605862893020	23744	6	506	-64.52133333333332	-331.09699077733865	-3000.0	17	15.148	22	8
45	2794962585775276	24257	6	506	-63.245333333333335	-350.19117786561264	-3000.0	18	15.28	22	8
46	2795363484826310	24763	6	506	-63.52266666666667	-442.9388932806324	-3000.0	17	15.718	23	9
47	2795745856932078	25279	5	506	-63.395999999999994	-278.8364980237155	-3000.0	17	15.732	24	10
48	2796150536192102	25784	5	505	-63.554666666666684	-410.2017108910891	-3000.0	17	15.516	24	9
49	2796528441244681	26293	6	505	-63.77066666666666	-401.31717491749174	-3000.0	17	15.52	24	9
50	2796904195341873	26799	7	506	-63.36666666666665	-354.37824505928853	-3000.0	16	15.978	23	10
51	2797315372212478	27306	7	507	-63.52	-408.3782564102564	-3000.0	15	16.448	23	11
52	2797698138156350	27813	7	507	-62.80133333333334	-403.0534621959238	-3000.0	13	15.862	24	11
53	2798073205779579	28320	7	507	-63.489333333333335	-358.1529467455622	-3000.0	13	16.074	25	10
54	2798491272371617	28827	7	507	-62.12133333333333	-360.2556081525311	-3000.0	18	16.342	25	10
55	2798879138110735	29334	7	507	-61.94266666666667	-353.3503195266272	-3000.0	16	16.078	26	10
56	2799258714886827	29841	7	507	-62.56799999999999	-356.04644838921763	-3000.0	18	16.22	27	11
57	2799667074046708	30348	7	507	-61.672	-358.0089493754109	-3000.0	17	16.8	27	10
58	2800104321216546	30855	7	507	-62.42666666666667	-392.21564497041425	-3000.0	16	17.134	26	11
59	2800546066615402	31362	7	507	-60.86399999999999	-430.1484760026298	-3000.0	19	17.29	27	10
60	2801004787780456	31878	6	507	-61.38799999999999	-494.62382117028267	-3000.0	19	17.604	28	11
61	2801435205051420	32384	6	506	-60.561333333333316	-438.13632147562583	-3000.0	19	17.46	27	11
62	2801850750609229	32904	5	506	-60.03466666666666	-432.0681264822134	-3000.0	18	17.764	28	11
63	2802278490746807	33409	5	505	-61.02	-309.6785821782179	-3000.0	17	17.472	27	10
64	2802702040142558	33914	5	505	-60.60933333333333	-416.15747854785474	-3000.0	16	17.294	27	9
65	2803195295080609	34419	5	505	-61.73066666666666	-475.72035643564357	-3000.0	17	18.098	28	8
66	2803671509413124	34924	5	505	-62.63066666666668	-475.8470785478548	-3000.0	15	18.852	29	11
67	2804137634057089	35429	5	505	-61.55866666666666	-407.0012910891089	-3000.0	19	19.018	28	12
68	2804683950772368	35934	5	505	-62.035999999999994	-411.1487366336634	-3000.0	19	19.43	28	11
69	2805203283104888	36439	5	505	-61.30666666666666	-447.31097029702966	-3000.0	16	19.676	29	12
70	2805681463166767	36944	5	505	-61.32133333333332	-355.1255234323433	-3000.0	22	18.624	30	13
71	2806149378724671	37449	5	505	-61.654666666666664	-360.50217821782184	-3000.0	17	19.014	30	13
72	2806651735938129	37954	5	505	-60.496	-453.46647128712885	-3000.0	18	19.202	30	12
73	2807096060735251	38459	5	505	-61.59066666666668	-393.51166996699664	-3000.0	25	18.842	29	11
74	2807584502240103	38964	5	505	-61.014666666666656	-405.37222970297034	-3000.0	16	19.838	29	12
75	2808017745905332	39469	5	505	-61.8	-383.36868646864684	-3000.0	20	18.878	30	11
76	2808543099379793	39974	5	505	-60.94000000000001	-581.1930825082508	-3000.0	19	19.584	28	12
77	2809053775699073	40479	5	505	-61.23866666666667	-450.0999656765677	-3000.0	22	20.198	28	11
78	2809578686957775	40984	5	505	-59.66000000000002	-420.077090429043	-3000.0	19	20.416	29	11
79	2810115418261966	41489	5	505	-61.09866666666666	-479.34499801980195	-3000.0	18	20.534	30	13
80	2810613932646478	41995	4	505	-61.39333333333334	-458.51196831683177	-3000.0	20	20.002	31	12
81	2811099007238326	42499	4	504	-61.10666666666666	-463.08849735449735	-3000.0	14	19.64	30	13
82	2811640280722083	43003	4	504	-61.22000000000002	-418.558791005291	-3000.0	25	21.214	30	12
83	2812186521183137	43507	4	504	-61.38	-370.6543227513229	-3000.0	22	21.094	29	12
84	2812751442617201	44011	4	504	-61.46533333333334	-416.1622486772487	-3000.0	24	21.25	30	12
85	2813309425267098	44528	3	504	-60.364	-523.5212275132275	-3000.0	22	20.786	31	11
86	2813878663631524	45031	3	503	-61.89333333333333	-407.29301259111986	-3000.0	20	21.274	30	12
87	2814345223769993	45534	3	503	-60.221333333333334	-435.6060596421472	-3000.0	15	19.636	31	11
88	2814909973341386	46037	3	503	-60.417333333333325	-523.9243180914514	-3000.0	23	21.09	32	11
89	2815478844645384	46540	3	503	-60.656000000000006	-464.4972273028495	-3000.0	15	20.834	30	12
90	2816007187929244	47043	3	503	-61.202666666666666	-450.352644135189	-3000.0	18	20.468	30	13
91	2816537552735241	47546	3	503	-61.09600000000001	-412.6110934393638	-3000.0	16	20.63	30	13
92	2817047606262062	48049	3	503	-59.79866666666667	-390.5023194168324	-3000.0	18	19.878	30	12
93	2817610006634112	48552	3	503	-60.56399999999999	-437.97258316766056	-3000.0	18	20.388	31	13
94	2818134003597286	49055	3	503	-60.77600000000001	-523.0716660039761	-3000.0	20	20.6	32	13
95	2818606665793808	49558	3	503	-60.67333333333334	-493.959090788602	-3000.0	17	19.05	33	12
96	2819074720415098	50061	3	503	-60.78666666666667	-545.6971451292247	-3000.0	15	18.344	31	12
97	2819544933621995	50564	3	503	-60.41999999999999	-490.64572564612325	-3000.0	17	19.26	31	13
98	2820025363622945	51067	3	503	-59.65599999999999	-482.6887766732936	-3000.0	20	18.728	31	13
99	2820480017061155	51570	3	503	-61.04666666666666	-434.0727157057654	-3000.0	17	18.524	32	13
100	2820974452644340	52073	3	503	-58.24400000000001	-399.5606070245196	-3000.0	19	18.698	32	13
101	2821391445910018	52576	3	503	-60.56133333333333	-419.9887395626243	-3000.0	18	17.684	32	12
102	2821861457048557	53079	3	503	-59.610666666666674	-477.78433929754794	-3000.0	19	18.7	33	12
103	2822322642509496	53582	3	503	-59.03466666666666	-550.9770868124585	-3000.0	17	18.4	32	12
104	2822800523220674	54085	3	503	-58.90533333333333	-406.53899801192847	-3000.0	18	18.486	33	12
105	2823269001976171	54588	3	503	-58.87733333333333	-543.303748177601	-3000.0	17	18.57	31	13
106	2823749200452459	55091	3	503	-58.96133333333333	-639.4500066269054	-3000.0	19	19.064	32	13
107	2824236701650883	55594	3	503	-58.278666666666666	-500.29972432074226	-3000.0	19	18.968	31	12
108	2824726235760220	56097	3	503	-58.952000000000005	-457.5909025844931	-3000.0	18	19.328	31	13
109	2825245197085292	56600	3	503	-58.510666666666665	-452.45235785288276	-3000.0	21	19.86	32	14
110	2825809935008604	57103	3	503	-59.06400000000001	-536.5729330682569	-3000.0	19	19.972	33	13
111	2826316007005736	57606	3	503	-57.824	-419.1973280318091	-3000.0	20	19.6	33	12
112	2826808481485508	58109	3	503	-58.20000000000001	-433.8540145791915	-3000.0	20	19.94	34	12
113	2827320765258101	58612	3	503	-59.224000000000004	-446.56882438701115	-3000.0	19	20.154	34	14
114	2827846982889113	59115	3	503	-59.042666666666655	-448.20798144466556	-3000.0	19	20.048	34	14
115	2828353489474469	59618	3	503	-59.696	-550.0352683896621	-3000.0	19	20.352	35	13
116	2828860697199609	60121	3	503	-58.80133333333333	-494.70295559973493	-3000.0	20	19.706	35	13
117	2829375292082459	60624	3	503	-59.504	-478.89157322730273	-3000.0	19	19.608	27	13
118	2829877748263730	61127	3	503	-58.89466666666669	-501.7377282968855	-3000.0	21	19.472	28	12
119	2830332488449691	61630	3	503	-59.494666666666674	-474.7952180251821	-3000.0	19	19.588	29	12
120	2830832096019688	62133	3	503	-58.74266666666668	-463.5987567925778	-3000.0	19	19.704	29	12
121	2831332275058834	62636	3	503	-59.69066666666667	-626.2741259111993	-3000.0	23	20.14	28	12
122	2831861189644794	63139	3	503	-57.73999999999999	-584.8370258449304	-3000.0	19	19.832	26	13
123	2832346464201667	63642	3	503	-59.02133333333334	-451.9453545394299	-3000.0	23	19.798	26	13
124	2832825392230633	64145	3	503	-57.40399999999999	-482.06887740225295	-3000.0	22	20.146	26	15
125	2833308262350392	64648	3	503	-58.61733333333333	-431.8981736249171	-3000.0	22	20.382	26	15
126	2833792117359965	65151	3	503	-58.96799999999999	-422.22464148442697	-3000.0	22	20.226	26	14
127	2834339417788863	65654	3	503	-58.58666666666667	-544.7042995361168	-3000.0	21	20.366	26	15
128	2834834188234992	66157	3	503	-59.18666666666667	-419.38292909211395	-3000.0	22	20.568	27	14
129	2835342604161580	66660	3	503	-58.148	-473.00728164347237	-3000.0	24	20.782	27	13
130	2835864614200319	67163	3	503	-58.73466666666667	-423.91754539430065	-3000.0	22	20.31	27	14
131	2836359129405467	67666	3	503	-57.53066666666667	-414.8618210735585	-3000.0	17	20.228	27	13
132	2836860265657342	68169	3	503	-58.16799999999999	-413.32961696487746	-3000.0	22	20.156	27	14
133	2837366664734543	68672	3	503	-57.078666666666656	-467.8091292246519	-3000.0	21	20.578	27	14
134	2837897168059658	69175	3	503	-57.41466666666667	-441.8368614976807	-3000.0	21	20.556	28	13
135	2838428518481019	69678	3	503	-58.730666666666664	-486.7835467196819	-3000.0	20	20.806	28	14
136	2838982869719283	70181	3	503	-57.93733333333334	-405.2823485752154	-3000.0	23	21.538	28	14
137	2839564845103562	70684	3	503	-57.62000000000001	-444.2043711066932	-3000.0	20	22.108	29	15
138	2840143007006004	71187	3	503	-57.61600000000001	-463.10705897945644	-3000.0	18	22.318	28	16
139	2840724275689338	71690	3	503	-57.24133333333333	-385.6850921139827	-3000.0	26	23.002	29	15
140	2841285719846853	72193	3	503	-57.88133333333335	-346.4276872100729	-3000.0	22	23.07	30	16
141	2841865455270776	72696	3	503	-58.215999999999994	-424.3945182239894	-3000.0	24	22.92	29	16
142	2842441304678424	73199	3	503	-57.145333333333326	-395.0822398939696	-3000.0	24	22.884	30	15
143	2843015301005938	73702	3	503	-56.86666666666667	-318.3291027170311	-3000.0	27	23.59	30	17
144	2843608931859851	74205	3	503	-56.318666666666665	-323.3854552683897	-3000.0	22	23.37	30	16
145	2844174077906429	74708	3	503	-56.981333333333325	-314.8381577203445	-3000.0	23	23.016	30	15
146	2844782462683694	75211	3	503	-56.21733333333333	-453.53214844267717	-3000.0	21	23.228	31	15
147	2845351303676395	75714	3	503	-56.64133333333332	-374.7445248508946	-3000.0	20	23.384	32	16
148	2845918443015242	76217	3	503	-57.536000000000016	-314.5911941683233	-3000.0	21	23.102	29	16
149	2846522758193879	76720	3	503	-55.864000000000004	-424.5721590457257	-3000.0	23	22.954	30	16
150	2847116881463667	77223	3	503	-56.36933333333334	-328.9563339960239	-3000.0	22	23.292	31	16
151	2847721719571391	77726	3	503	-55.510666666666665	-405.73323260437394	-3000.0	22	23.014	30	17
152	2848308648166023	78229	3	503	-56.09466666666667	-342.59839098740883	-3000.0	24	23.476	30	17
153	2848915346708542	78732	3	503	-55.864	-338.9904784625579	-3000.0	19	24.096	31	17
154	2849531539683603	79235	3	503	-54.687999999999995	-386.12957455268406	-3000.0	21	24.156	32	16
155	2850144008880421	79738	3	503	-55.985333333333344	-382.3069529489727	-3000.0	23	24.356	32	16
156	2850833272764029	80241	3	503	-56.00266666666666	-354.77298608349895	-3000.0	24	24.516	32	16
157	2851483807814150	80744	3	503	-56.79600000000001	-370.94014579191503	-3000.0	23	24.732	32	16
158	2852120083265596	81247	3	503	-56.31733333333334	-374.51328827037787	-3000.0	23	24.74	33	17
159	2852745434558765	81750	3	503	-55.69333333333332	-392.7658952948973	-3000.0	20	24.174	33	18
160	2853405844778475	82253	3	503	-55.992000000000004	-442.343406229291	-3000.0	22	24.69	31	17
161	2854033339052317	82756	3	503	-55.34266666666667	-314.46441351888666	-3000.0	20	24.658	31	17
162	2854701253213076	83259	3	503	-57.482666666666674	-367.88116368455934	-3000.0	20	25.09	32	18
163	2855381349667436	83762	3	503	-55.60933333333333	-425.56277269715054	-3000.0	21	24.816	32	17
164	2856023828390639	84265	3	503	-55.625333333333344	-290.2814579191517	-3000.0	25	24.8	32	16
165	2856688275855988	84768	3	503	-54.68133333333331	-296.00800530152407	-3000.0	28	25.392	32	17
166	2857332902639066	85271	3	503	-56.72666666666667	-323.23573757455273	-3000.0	22	25.32	33	16
167	2858011735002078	85774	3	503	-55.026666666666664	-363.8319628893308	-3000.0	22	25.494	32	18
168	2858665682562880	86277	3	503	-55.604	-386.7238011928428	-3000.0	24	25.514	33	18
169	2859392645562465	86780	3	503	-56.45466666666666	-328.3174128561961	-3000.0	23	25.954	33	17
170	2860046400052723	87283	3	503	-56.21599999999999	-318.66479522862824	-3000.0	24	25.674	33	19
171	2860760079790792	87786	3	503	-56.22266666666666	-334.3552445328031	-3000.0	22	25.828	33	19
172	2861474140707339	88289	3	503	-56.39733333333333	-379.269521537442	-3000.0	22	26.038	33	19
173	2862180259991025	88792	3	503	-55.018666666666675	-335.16768986083497	-3000.0	24	25.99	33	18
174	2862887930869175	89295	3	503	-55.436000000000014	-342.62944201457907	-3000.0	22	26.238	34	19
175	2863575789555416	89798	3	503	-56.321333333333335	-308.07588601722995	-3000.0	25	26.556	35	20
176	2864290193715926	90301	3	503	-56.41733333333334	-422.19541153081525	-3000.0	28	26.464	35	19
177	2865012105355643	90804	3	503	-55.756	-278.86011928429417	-3000.0	28	26.26	36	18
178	2865704576414414	91307	3	503	-55.87066666666667	-241.50559840954278	-3000.0	30	26.636	33	18
179	2866401761556820	91810	3	503	-56.08533333333333	-317.6231968190856	-3000.0	19	26.42	34	17
180	2867123527397439	92313	3	503	-56.30266666666665	-386.4135056328695	-3000.0	18	26.676	35	17
181	2867792686792987	92816	3	503	-55.808	-375.76415374420156	-3000.0	19	26.344	34	17
182	2868460911367267	93319	3	503	-54.86	-325.89209807819753	-3000.0	21	26.208	34	16
183	2869147489594341	93822	3	503	-55.584	-344.4719496355202	-3000.0	23	26.908	34	17
184	2869869944251915	94325	3	503	-55.81466666666666	-344.0745553346587	-3000.0	27	26.694	34	17
185	2870551120885453	94828	3	503	-56.332	-294.05970841616966	-3000.0	27	26.308	33	16
186	2871233276192384	95331	3	503	-55.95066666666666	-332.25797481776	-3000.0	25	26.182	33	16
187	2871903304715072	95834	3	503	-56.07866666666667	-399.2021391650098	-3000.0	24	25.742	33	17
188	2872608173725550	96337	3	503	-56.409333333333365	-320.5915149105368	-3000.0	30	26.162	33	17
189	2873313624193091	96840	3	503	-55.161333333333324	-332.7278144466533	-3000.0	24	26.332	33	17
190	2874011164341062	97343	3	503	-55.74933333333333	-369.4708310139164	-3000.0	24	26.158	33	17
191	2874683730948339	97846	3	503	-55.717333333333336	-343.64489860834993	-3000.0	26	26.512	33	19
192	2875384792328664	98349	3	503	-55.582666666666675	-284.09100861497683	-3000.0	24	26.83	34	18
193	2876074626691737	98852	3	503	-55.444	-348.266648111332	-3000.0	27	26.39	34	18
194	2876754804584484	99355	3	503	-55.644000000000005	-265.0194698475812	-3000.0	23	27.02	34	20
195	2877494458393573	99858	3	503	-56.31333333333334	-312.10623989396953	-3000.0	26	27.064	34	19
196	2878182042139953	100361	3	503	-55.952	-288.7450603048377	-3000.0	25	27.008	33	21
197	2878875661167799	100864	3	503	-55.45866666666668	-269.70143936381703	-3000.0	22	26.992	34	20
198	2879577029744708	101367	3	503	-55.81466666666666	-395.3298131212724	-3000.0	26	27.046	35	20
199	2880326364100358	101870	3	503	-55.689333333333344	-330.3585155732275	-3000.0	22	27.478	35	20
200	2881067952341137	102387	2	503	-55.48	-281.1975109343937	-3000.0	25	27.35	35	21
201	2881783099777086	102889	2	502	-55.369333333333344	-291.9713439575035	-3000.0	26	27.134	35	21
202	2882477504367642	103391	2	502	-56.34133333333333	-360.7045312084993	-3000.0	26	26.934	35	21
203	2883166090347461	103893	2	502	-54.95866666666666	-334.6803266932272	-3000.0	24	26.916	35	21
204	2883839420652845	104395	2	502	-55.19200000000001	-365.62075431606905	-3000.0	26	26.744	34	20
205	2884514652601846	104897	2	502	-55.35733333333333	-294.2719229747676	-3000.0	28	27.05	35	21
206	2885255378951851	105399	2	502	-54.36	-295.66738114209824	-3000.0	30	27.18	34	20
207	2885943167063961	105901	2	502	-55.057333333333325	-204.45471447543164	-3000.0	25	26.976	33	20
208	2886634209510231	106403	2	502	-55.312	-281.90232138114203	-3000.0	22	26.992	34	19
209	2887321902745603	106905	2	502	-55.050666666666665	-292.9132908366534	-3000.0	27	27.04	34	19
210	2888039566407470	107407	2	502	-55.45866666666668	-264.7177158034529	-3000.0	30	27.066	34	20
211	2888750084263430	107909	2	502	-55.24266666666667	-318.4177503320054	-3000.0	28	27.354	34	20
212	2889502948959680	108411	2	502	-55.38266666666667	-337.5442868525898	-3000.0	25	27.302	33	19
213	2890217105012167	108913	2	502	-55.570666666666654	-327.00121115537837	-3000.0	25	27.376	34	20
214	2890910448332482	109415	2	502	-54.50266666666667	-309.02626029216464	-3000.0	29	27.042	35	19
215	2891605729883191	109917	2	502	-55.05333333333332	-225.7673705179283	-3000.0	25	26.922	34	20
216	2892304938140045	110419	2	502	-55.324	-322.2215272244356	-3000.0	26	26.942	34	19
217	2893014332784621	110921	2	502	-55.83333333333334	-298.6265338645418	-3000.0	24	27.122	34	18
218	2893714195036411	111423	2	502	-56.11333333333334	-282.00523771580345	-3000.0	27	27.246	34	19
219	2894454841236955	111925	2	502	-55.29333333333334	-394.917503320053	-3000.0	27	27.924	35	20
220	2895199386669301	112427	2	502	-55.277333333333324	-306.26402656042495	-3000.0	28	27.882	36	19
221	2895968808158732	112929	2	502	-54.66533333333333	-337.5666560424966	-3000.0	27	28.41	36	20
222	2896710748648202	113431	2	502	-55.41866666666667	-327.1623665338643	-3000.0	25	28.59	35	20
223	2897487122159517	113933	2	502	-54.196	-251.45929083665348	-3000.0	28	28.42	36	19
224	2898285180167739	114435	2	502	-54.18266666666666	-385.175699867198	-3000.0	25	28.542	35	18
225	2899063547353897	114937	2	502	-54.45200000000002	-313.5838300132802	-3000.0	29	28.352	35	22
226	2899834415210605	115439	2	502	-55.99466666666666	-316.84850730411694	-3000.0	26	28.49	36	22
227	2900577125352082	115941	2	502	-54.17333333333333	-245.64694023904374	-3000.0	24	28.356	36	21
228	2901289296031023	116443	2	502	-54.43466666666667	-309.9454900398404	-3000.0	26	28.134	35	20
229	2901995657784465	116945	2	502	-54.41333333333332	-234.3491580345285	-3000.0	27	28.33	35	20
230	2902740914391751	117447	2	502	-56.18933333333334	-365.0325365205844	-3000.0	24	27.836	35	20
231	2903438536298193	117949	2	502	-55.286666666666676	-325.644775564409	-3000.0	28	27.926	34	20
232	2904149966573432	118451	2	502	-54.03066666666668	-414.63386985391764	-3000.0	24	27.894	33	19
233	2904824778993839	118953	2	502	-55.84399999999999	-332.56528818061116	-3000.0	23	27.934	34	21
234	2905533719918852	119455	2	502	-54.96133333333334	-358.3200398406374	-3000.0	22	27.894	34	20
235	2906232532379738	119957	2	502	-55.69066666666667	-259.62639575033205	-3000.0	24	27.856	34	19
236	2906929348056326	120459	2	502	-55.16533333333333	-273.4348047808764	-3000.0	22	27.964	34	18
237	2907602321161427	120961	2	502	-55.04	-262.3250650730411	-3000.0	27	27.806	34	19
238	2908347871621208	121463	2	502	-55.22666666666667	-273.27254980079675	-3000.0	27	28.13	35	18
239	2909012540524409	121965	2	502	-55.33466666666667	-277.1896972111553	-3000.0	29	27.914	35	19
240	2909710588034270	122467	2	502	-55.389333333333326	-312.36692961487387	-3000.0	26	28.178	36	19
241	2910393364588101	122969	2	502	-54.244000000000014	-317.4615006640106	-3000.0	26	28.014	36	19
242	2911057992283273	123471	2	502	-55.37466666666667	-321.1002310756973	-3000.0	28	28.044	35	19
243	2911772301973381	123973	2	502	-54.93466666666667	-346.40404515272246	-3000.0	27	28.556	36	20
244	2912499357274249	124475	2	502	-55.16399999999999	-215.9180664010623	-3000.0	26	28.562	36	21
245	2913203068353548	124977	2	502	-55.30666666666667	-247.94662948207178	-3000.0	23	28.716	37	20
246	2913918021848336	125479	2	502	-54.11599999999999	-328.57256308100926	-3000.0	25	28.814	37	20
247	2914638667645115	125981	2	502	-54.27466666666667	-272.1856015936255	-3000.0	24	28.744	36	19
248	2915339891518927	126483	2	502	-54.32533333333332	-280.92969189907046	-3000.0	25	28.566	37	18
249	2916054402792263	126985	2	502	-54.98266666666665	-341.06127224435585	-3000.0	24	28.672	38	21
250	2916761189548755	127487	2	502	-55.33733333333333	-280.39304116865867	-3000.0	28	28.844	37	20
251	2917495533856766	127989	2	502	-55.57066666666667	-317.0470332005314	-3000.0	28	28.728	37	21
252	2918222376181319	128491	2	502	-54.80666666666666	-286.17478618857893	-3000.0	23	28.828	38	20
253	2918940977734476	128993	2	502	-53.73199999999999	-321.6851181938911	-3000.0	24	28.696	37	19
254	2919640327256326	129495	2	502	-55.1	-273.86538645418335	-3000.0	24	28.584	37	19
255	2920365839568994	129997	2	502	-55.76533333333334	-279.87525896414354	-3000.0	27	28.568	38	20
256	2921083824163886	130499	2	502	-54.85599999999997	-270.7026188579017	-3000.0	28	28.72	39	19
257	2921808886531049	131001	2	502	-55.64266666666666	-336.40185126162004	-3000.0	23	28.296	36	20
258	2922486596439654	131503	2	502	-54.33733333333333	-301.0743718459496	-3000.0	27	28.486	37	19
259	2923209808480824	132005	2	502	-56.06	-270.48903851261633	-3000.0	24	29.386	37	19
260	2923965427793164	132507	2	502	-55.51066666666666	-355.9540929614872	-3000.0	28	29.174	38	19
261	2924678020954619	133009	2	502	-55.15866666666666	-356.2990544488713	-3000.0	21	29.068	39	19
262	2925393928117849	133511	2	502	-54.75199999999999	-261.69196015936257	-3000.0	28	29.408	38	19
263	2926083241287761	134013	2	502	-54.70000000000001	-311.85250730411695	-3000.0	28	28.97	38	18
264	2926774074534514	134515	2	502	-55.308	-294.1168579017266	-3000.0	27	29.636	39	17
265	2927488343540537	135017	2	502	-54.98533333333332	-218.0489057104912	-3000.0	27	29.756	40	17
266	2928186659257093	135519	2	502	-55.611999999999995	-248.3347224435591	-3000.0	30	29.466	40	17
267	2928904354647047	136021	2	502	-55.488	-293.4303373173969	-3000.0	29	29.686	41	18
268	2929577380902229	136523	2	502	-54.416000000000004	-268.7285710491368	-3000.0	28	29.058	40	20
269	2930318493624822	137025	2	502	-55.31333333333335	-293.0020849933599	-3000.0	26	29.926	41	20
270	2931031206300010	137527	2	502	-55.297333333333334	-271.1978671978752	-3000.0	23	30.324	41	21
271	2931782336023473	138029	2	502	-54.708	-286.55955644090307	-3000.0	27	30.906	40	20
272	2932634791962892	138531	2	502	-55.20266666666667	-297.0232191235061	-3000.0	28	31.51	41	19
273	2933374788824995	139033	2	502	-55.15066666666667	-257.1963612217797	-3000.0	27	31.066	42	19
274	2934100044532551	139535	2	502	-53.86266666666668	-236.04384594953538	-3000.0	25	30.542	43	20
275	2934835533717681	140037	2	502	-55.14533333333335	-237.7418884462151	-3000.0	28	30.714	42	19
276	2935583148680242	140539	2	502	-54.53333333333334	-240.66114475431624	-3000.0	26	30.76	43	18
277	2936304955006755	141041	2	502	-55.63999999999999	-258.6355803452856	-3000.0	34	30.428	43	19
278	2937055214943166	141543	2	502	-55.641333333333336	-351.4746135458167	-3000.0	29	30.838	42	20
279	2937808072678473	142045	2	502	-55.34800000000001	-279.27721912350574	-3000.0	29	31.136	43	20
280	2938553403453416	142547	2	502	-55.150666666666666	-282.86347675962816	-3000.0	27	30.894	44	20
281	2939312998193580	143049	2	502	-54.497333333333344	-254.88455776892437	-3000.0	28	31.152	45	19
282	2940096286861468	143551	2	502	-55.68266666666666	-284.20340770252324	-3000.0	30	31.434	45	19
283	2940871321547626	144053	2	502	-55.78933333333333	-312.1749933598938	-3000.0	27	31.33	45	21
284	2941664788452287	144555	2	502	-53.757333333333335	-286.7917184594955	-3000.0	31	31.832	45	21
285	2942475792488208	145057	2	502	-54.86933333333334	-272.825930942895	-3000.0	35	31.724	42	20
286	2943294966003352	145559	2	502	-54.91866666666666	-318.4507011952191	-3000.0	29	32.128	43	21
287	2944068295594817	146061	2	502	-54.55333333333332	-215.65771580345293	-3000.0	33	32.258	43	21
288	2944836052110009	146563	2	502	-55.153333333333336	-235.24085790172643	-3000.0	27	31.206	44	20
289	2945605086490634	147065	2	502	-55.35999999999999	-320.91373970783513	-3000.0	37	30.834	45	20
290	2946365003823251	147567	2	502	-55.395999999999994	-303.842706507304	-3000.0	26	31.054	46	19
291	2947120354498396	148069	2	502	-54.56	-290.8200796812748	-3000.0	33	30.774	42	18
292	2947844055513172	148571	2	502	-54.762666666666654	-298.2653811420983	-3000.0	28	30.604	43	21
293	2948569937594014	149073	2	502	-55.02933333333334	-276.4638804780876	-3000.0	24	30.75	40	20
294	2949316940343473	149575	2	502	-55.507999999999996	-271.6856972111556	-3000.0	25	30.496	39	21
295	2950043451971693	150077	2	502	-55.729333333333344	-290.69828154050475	-3000.0	25	30.65	38	20
296	2950775784493876	150579	2	502	-55.14666666666667	-279.62242231075703	-3000.0	21	30.224	38	21
297	2951506148622268	151081	2	502	-54.59199999999998	-272.25331208499335	-3000.0	30	30.286	39	20
298	2952220912023315	151583	2	502	-55.335999999999984	-240.27352722443547	-3000.0	34	30.206	40	20
299	2952968984560936	152085	2	502	-55.33466666666667	-285.1168127490039	-3000.0	29	30.474	39	21
300	2953681676679754	152587	2	502	-55.597333333333324	-266.0908525896414	-3000.0	29	30.32	38	21
301	2954408125702887	153089	2	502	-55.79333333333332	-302.45396547144753	-3000.0	32	30.424	37	20
302	2955124492751114	153591	2	502	-55.081333333333326	-225.20927755644075	-3000.0	31	30.544	38	20
303	2955858766442096	154093	2	502	-54.92933333333333	-287.80035856573676	-3000.0	29	30.282	38	20
304	2956551151038616	154595	2	502	-54.488	-306.7061513944223	-3000.0	31	29.726	37	21
305	2957224623432812	155097	2	502	-55.20533333333333	-301.5169243027887	-3000.0	32	29.512	37	20
306	2957910419667915	155599	2	502	-55.39066666666667	-252.9123824701195	-3000.0	22	29.744	38	19
307	2958577076245620	156101	2	502	-54.270666666666656	-195.002897742364	-3000.0	21	29.426	37	18
308	2959220570150284	156603	2	502	-55.452	-221.66544488711818	-3000.0	21	28.972	37	19
309	2959920611078158	157105	2	502	-54.81866666666666	-303.42829747675955	-3000.0	21	29.148	37	18
310	2960597455144122	157607	2	502	-55.08799999999999	-245.00159628154051	-3000.0	32	28.99	36	19
311	2961262758349969	158109	2	502	-55.381333333333345	-267.64418061088963	-3000.0	29	28.946	35	18
312	2961923019770750	158611	2	502	-55.03066666666667	-262.74773173970766	-3000.0	30	29.04	36	18
313	2962596479748182	159113	2	502	-55.17466666666665	-308.3181965471448	-3000.0	34	28.906	36	17
314	2963285158493308	159615	2	502	-55.04933333333332	-284.5092749003983	-3000.0	30	29.106	36	19
315	2963960194172678	160117	2	502	-55.26666666666665	-254.0881912350597	-3000.0	34	29.18	37	18
316	2964697086371452	160619	2	502	-56.197333333333326	-319.8829136786188	-3000.0	30	30.152	38	19
317	2965413054916560	161121	2	502	-55.681333333333335	-339.4136414342628	-3000.0	25	30.072	39	21
318	2966099390244391	161623	2	502	-54.66800000000001	-285.2414316069055	-3000.0	31	29.784	39	20
319	2966787255417077	162125	2	502	-54.37999999999999	-287.08422841965455	-3000.0	30	29.244	37	20
320	2967503895076556	162627	2	502	-54.80133333333334	-275.1631394422311	-3000.0	26	29.744	38	19
321	2968205177597510	163129	2	502	-55.46666666666666	-290.6637158034529	-3000.0	30	29.982	36	19
322	2968838166171926	163631	2	502	-55.72533333333334	-281.57155644090307	-3000.0	37	28.41	37	19
323	2969490596809716	164133	2	502	-54.488	-260.7880982735722	-3000.0	37	28.332	38	21
324	2970184196192871	164635	2	502	-54.310666666666656	-320.86036653386464	-3000.0	30	29.556	38	21
325	2970870316567671	165137	2	502	-55.62799999999999	-276.00224435590974	-3000.0	34	29.306	39	22
326	2971554800745619	165639	2	502	-55.596000000000004	-223.53175830013274	-3000.0	28	29.748	39	21
327	2972273823755890	166141	2	502	-54.90133333333333	-240.16854714475417	-3000.0	29	30.16	40	22
328	2973005416037478	166643	2	502	-54.73199999999998	-244.379545816733	-3000.0	33	30.872	40	21
329	2973753555639273	167145	2	502	-54.412	-288.9369960159362	-3000.0	29	31.11	40	21
330	2974490063340512	167647	2	502	-54.54	-217.66623107569717	-3000.0	34	31.014	40	22
331	2975232462404846	168149	2	502	-53.774666666666654	-270.1741248339974	-3000.0	35	31.448	38	21
332	2975973675812515	168651	2	502	-55.022666666666666	-193.1158804780876	-3000.0	36	31.63	38	22
333	2976758775615061	169153	2	502	-54.86533333333334	-306.13708366533854	-3000.0	30	31.276	39	23
334	2977515315328676	169655	2	502	-54.68933333333334	-366.6719309428953	-3000.0	33	30.962	39	22
335	2978237354505092	170157	2	502	-55.48133333333333	-267.6295431606905	-3000.0	30	31.012	40	21
336	2978998279668310	170659	2	502	-54.83333333333334	-270.95537051792843	-3000.0	28	31.908	39	23
337	2979744283294595	171161	2	502	-55.62266666666667	-243.23735723771583	-3000.0	33	31.598	39	22
338	2980540148825636	171663	2	502	-54.91599999999998	-260.27204249668	-3000.0	33	31.97	39	21
339	2981310793245720	172165	2	502	-54.656000000000006	-267.0580664010624	-3000.0	32	31.682	39	21
340	2982075647925199	172667	2	502	-55.21866666666666	-224.04703054448893	-3000.0	27	32.05	39	21
341	2982854414031846	173169	2	502	-54.61733333333333	-252.23023373173967	-3000.0	34	31.996	40	20
342	2983668161051539	173671	2	502	-55.420000000000016	-316.6003027888446	-3000.0	27	32.264	41	19
343	2984462106055449	174173	2	502	-55.70666666666666	-232.14436653386463	-3000.0	36	32.766	42	18
344	2985321161709489	174675	2	502	-54.70399999999999	-301.66778751660036	-3000.0	32	33.208	41	18
345	2986152415087980	175177	2	502	-54.72533333333333	-280.7940026560426	-3000.0	38	33.384	42	19
346	2987005092958941	175679	2	502	-55.396	-255.41092430278874	-3000.0	34	33.908	41	19
347	2987863019600127	176181	2	502	-54.79333333333332	-257.63224435590973	-3000.0	35	33.766	42	23
348	2988730980602324	176683	2	502	-54.435999999999986	-236.38611686586987	-3000.0	26	33.976	40	25
349	2989612993727741	177185	2	502	-55.32666666666668	-265.69113413014605	-3000.0	33	34.37	41	25
350	2990473123868544	177687	2	502	-55.078666666666656	-222.36973705179284	-3000.0	36	34.63	41	25
351	2991368599833643	178189	2	502	-54.78533333333332	-206.6928313413012	-3000.0	36	34.708	41	24
352	2992255255912509	178691	2	502	-54.53733333333333	-268.4731952191234	-3000.0	33	34.854	42	25
353	2993139255338408	179193	2	502	-54.79733333333334	-304.06525896414337	-3000.0	35	34.564	43	26
354	2993994119774067	179695	2	502	-55.093333333333334	-239.76898273572385	-3000.0	33	34.872	41	25
355	2994881579889881	180197	2	502	-55.06533333333333	-239.73052855245686	-3000.0	34	34.79	42	27
356	2995769054989995	180699	2	502	-55.11866666666667	-233.29452324037183	-3000.0	36	35.184	42	27
357	2996651284632274	181201	2	502	-55.12133333333333	-308.47312084993376	-3000.0	34	34.7	43	28
358	2997501664650754	181703	2	502	-54.724	-259.33458432934924	-3000.0	34	34.228	43	27
359	2998383592119378	182205	2	502	-55.39866666666668	-233.73678884462166	-3000.0	38	34.566	44	26
360	2999275687139281	182707	2	502	-55.16133333333333	-304.6004037184595	-3000.0	37	34.486	44	27
361	3000163399009194	183209	2	502	-54.90666666666666	-289.4140132802123	-3000.0	35	34.586	43	27
362	3001053088161369	183711	2	502	-54.18800000000001	-246.481556440903	-3000.0	35	34.45	44	28
363	3001938636976769	184213	2	502	-54.80933333333331	-247.7275325365205	-3000.0	43	34.822	44	28
364	3002882109889892	184715	2	502	-54.57733333333334	-234.26518459495352	-3000.0	31	36.074	44	28
365	3003822078783031	185217	2	502	-54.99066666666667	-305.1724409030544	-3000.0	36	35.42	45	27
366	3004744257560126	185719	2	502	-54.885333333333335	-206.16385657370515	-3000.0	34	35.52	45	26
367	3005705977385983	186221	2	502	-54.90800000000001	-224.22037184594956	-3000.0	37	36.398	46	26
368	3006676233992916	186723	2	502	-55.00533333333335	-265.4929163346615	-3000.0	30	36.578	46	25
369	3007637517231600	187225	2	502	-54.001333333333335	-309.2802895086322	-3000.0	32	36.482	47	26
370	3008626081651728	187727	2	502	-54.71466666666668	-261.17307038512615	-3000.0	40	36.868	47	26
371	3009628073838638	188229	2	502	-54.91333333333333	-260.4817397078353	-3000.0	28	37.352	48	28
372	3010645317707024	188731	2	502	-55.32133333333334	-238.53182204515284	-3000.0	29	37.748	48	28
373	3011724182646555	189233	2	502	-54.66133333333332	-270.82244355909705	-3000.0	42	38.862	47	28
374	3012823174860201	189735	2	502	-55.017333333333326	-311.69783532536536	-3000.0	33	39.306	47	28
375	3013921910595860	190237	2	502	-54.605333333333334	-230.35006640106226	-3000.0	40	39.648	47	29
376	3015011997071654	190739	2	502	-55.75733333333333	-315.243737051793	-3000.0	43	38.872	47	29
377	3016019862105500	191241	2	502	-55.72	-288.7560026560423	-3000.0	32	37.3	47	29
378	3017028684138242	191743	2	502	-54.59866666666666	-216.91544754316075	-3000.0	39	37.714	47	28
379	3018016144112447	192245	2	502	-54.842666666666695	-168.480833997344	-3000.0	40	36.734	47	27
380	3019031108318818	192747	2	502	-53.257333333333335	-208.16379017264276	-3000.0	30	37.688	48	27
381	3020075943145443	193249	2	502	-55.42799999999998	-286.6610756972112	-3000.0	31	37.33	47	26
382	3021084006337207	193751	2	502	-53.66133333333333	-221.3596281540505	-3000.0	31	37.688	47	27
383	3022031736489008	194253	2	502	-54.284000000000006	-233.99208499335992	-3000.0	45	36.786	47	26
384	3023004054175337	194755	2	502	-54.38533333333336	-233.7254608233731	-3000.0	35	36.836	47	27
385	3023947755894497	195257	2	502	-55.13466666666666	-254.02452589641422	-3000.0	38	35.616	47	26
386	3024937720137809	195759	2	502	-55.08400000000002	-259.0198007968127	-3000.0	37	37.214	47	26
387	3025912559380226	196261	2	502	-54.517333333333326	-187.83044090305444	-3000.0	34	36.776	48	27
388	3026951538763584	196763	2	502	-54.28800000000001	-283.68938379814085	-3000.0	33	37.43	48	26
389	3027913876380090	197265	2	502	-55.62400000000002	-216.15459760956153	-3000.0	40	36.946	49	27
390	3029039601546494	197767	2	502	-54.834666666666664	-240.06343426294822	-3000.0	39	40.074	48	26
391	3030166313502346	198269	2	502	-53.61333333333334	-229.11148207171314	-3000.0	36	40.484	49	27
392	3031321999144825	198771	2	502	-54.943999999999996	-227.3686666666666	-3000.0	45	40.42	48	26
393	3032382123519842	199273	2	502	-54.842666666666666	-240.99753253652057	-3000.0	36	38.004	48	25
394	3033509127866269	199775	2	502	-53.290666666666674	-309.89521646746357	-3000.0	38	39.248	47	26
395	3034505693538097	200277	2	502	-55.50133333333334	-216.65809827357234	-3000.0	27	37.71	47	27
396	3035566265823038	200779	2	502	-55.69466666666667	-332.4640079681275	-3000.0	31	37.796	48	26
397	3036625949542792	201281	2	502	-55.28533333333332	-275.2708286852589	-3000.0	41	37.874	49	26
398	3037658158210401	201783	2	502	-55.69466666666666	-260.8671580345284	-3000.0	33	37.624	49	26
399	3038709513376079	202285	2	502	-54.825333333333326	-264.5916600265604	-3000.0	35	37.882	50	25
400	3039707718257612	202787	2	502	-55.00933333333333	-216.68727755644096	-3000.0	36	37.094	50	24
401	3040870447223860	203289	2	502	-55.32666666666666	-331.0596759628152	-3000.0	28	39.348	49	26
402	3041946586680412	203791	2	502	-54.824000000000005	-385.0780212483402	-3000.0	34	38.156	49	25
403	3042982611850293	204293	2	502	-54.587999999999994	-261.90050730411673	-3000.0	36	38.018	49	25
404	3044020651176801	204795	2	502	-54.801333333333325	-196.6351022576361	-3000.0	31	38.062	48	24
405	3045058631380392	205297	2	502	-55.45733333333334	-219.87946613545822	-3000.0	40	37.902	49	25
406	3046091719573371	205799	2	502	-55.08000000000001	-267.78629216467453	-3000.0	43	37.904	50	24
407	3047134644613529	206301	2	502	-55.30666666666667	-247.28025763612197	-3000.0	36	37.494	50	23
408	3048213473588690	206803	2	502	-54.330666666666666	-216.69594687915017	-3000.0	37	38.544	47	24
409	3049273205103082	207305	2	502	-54.43999999999999	-248.8292483399734	-3000.0	32	38.11	48	25
410	3050311109688424	207807	2	502	-53.696000000000005	-285.8709375830015	-3000.0	37	37.726	47	24
411	3051301271877456	208309	2	502	-54.65733333333333	-262.8361487383799	-3000.0	36	36.812	46	25
412	3052330991727967	208811	2	502	-54.76	-376.721086321381	-3000.0	35	37.194	47	29
413	3053356864287873	209313	2	502	-54.861333333333334	-275.0101115537849	-3000.0	44	37.37	47	29
414	3054348729257367	209815	2	502	-54.956	-206.07951925630798	-3000.0	36	37.632	48	28
415	3055349881696605	210317	2	502	-54.687999999999995	-241.26614342629466	-3000.0	36	37.758	48	27
416	3056352490440441	210819	2	502	-54.59066666666666	-298.25474103585634	-3000.0	34	36.51	49	27
417	3057370294040904	211321	2	502	-55.656000000000006	-238.56890305444898	-3000.0	32	37.022	50	27
418	3058413388647679	211823	2	502	-54.98133333333334	-257.7364409030545	-3000.0	37	37.668	50	28
419	3059375776663657	212325	2	502	-54.43600000000001	-291.8754528552455	-3000.0	34	36.858	48	28
420	3060387993277583	212827	2	502	-54.817333333333345	-276.5485551128818	-3000.0	34	36.588	48	27
421	3061350972093767	213329	2	502	-54.95066666666668	-304.965984063745	-3000.0	38	36.622	48	27
422	3062332061027262	213831	2	502	-54.13066666666668	-213.70287649402383	-3000.0	30	36.442	48	28
423	3063356233947043	214333	2	502	-55.10000000000001	-324.9309800796815	-3000.0	31	36.682	45	28
424	3064370741526037	214835	2	502	-55.02400000000001	-274.9595537848604	-3000.0	40	37.356	45	27
425	3065361750990088	215337	2	502	-54.60800000000001	-284.4372270916335	-3000.0	37	36.116	44	26
426	3066318236253166	215839	2	502	-54.772000000000006	-219.58633731739704	-3000.0	38	35.162	44	25
427	3067239851833466	216341	2	502	-55.03466666666666	-238.52453917662686	-3000.0	35	36.22	44	26
428	3068191632699135	216843	2	502	-55.068000000000005	-295.3174422310755	-3000.0	27	35.658	44	25
429	3069120920357673	217345	2	502	-54.90666666666666	-247.83550863213813	-3000.0	27	35.678	44	26
430	3070016871191523	217847	2	502	-54.53466666666666	-265.5707915006638	-3000.0	30	34.956	45	25
431	3070903473468234	218349	2	502	-54.75599999999999	-209.07813280212477	-3000.0	37	35.182	45	25
432	3071835314977930	218851	2	502	-54.75066666666667	-265.53954050464813	-3000.0	40	35.716	45	24
433	3072719315940766	219353	2	502	-54.21466666666667	-229.14118990703852	-3000.0	30	35.27	45	23
434	3073667839895014	219855	2	502	-55.76533333333333	-262.6232111553785	-3000.0	41	35.512	45	24
435	3074582870983221	220357	2	502	-54.89733333333333	-238.5522470119522	-3000.0	41	35.642	45	23
436	3075493451646410	220859	2	502	-54.509333333333345	-210.79770252324036	-3000.0	43	35.596	46	24
437	3076401334648714	221361	2	502	-54.48666666666666	-230.69299601593616	-3000.0	39	35.142	46	23
438	3077322101221746	221863	2	502	-54.165333333333336	-246.06006905710473	-3000.0	37	35.404	44	23
439	3078250167437860	222365	2	502	-54.488000000000014	-321.42735192563083	-3000.0	30	34.992	45	23
440	3079150184699186	222867	2	502	-55.11733333333334	-193.88867197875166	-3000.0	38	35.564	44	23
441	3080118017979305	223369	2	502	-54.56533333333333	-306.7125179282871	-3000.0	39	35.788	45	24
442	3080991940461927	223871	2	502	-55.13066666666666	-198.95014608233726	-3000.0	25	34.832	44	23
443	3081992325742729	224373	2	502	-54.912	-277.05374501992054	-3000.0	35	35.77	45	23
444	3082922922309592	224875	2	502	-54.89333333333334	-246.071994687915	-3000.0	41	35.872	46	23
445	3083855821498198	225377	2	502	-54.68	-237.78547941567052	-3000.0	39	35.472	45	23
446	3084892023020987	225879	2	502	-54.562666666666665	-283.15223107569744	-3000.0	41	36.382	45	22
447	3085833931837636	226381	2	502	-55.25066666666668	-242.8907835325366	-3000.0	38	35.75	45	21
448	3086747684911652	226883	2	502	-55.044	-279.4878725099603	-3000.0	24	35.488	44	22
449	3087693983812344	227385	2	502	-54.52000000000001	-235.4414581673306	-3000.0	39	35.964	45	22
450	3088656811544624	227887	2	502	-55.272	-252.56343426294822	-3000.0	38	35.586	45	22
451	3089630242407402	228389	2	502	-54.42800000000001	-274.3416839309429	-3000.0	32	36.436	44	22
452	3090561357862408	228891	2	502	-54.935999999999986	-265.89496945551133	-3000.0	37	35.832	45	22
453	3091468300203044	229393	2	502	-54.94933333333334	-267.75920584329344	-3000.0	33	35.1	45	21
454	3092394338226282	229895	2	502	-54.548	-281.75168393094293	-3000.0	36	35.192	44	21
455	3093301183461231	230397	2	502	-54.028	-298.60388047808755	-3000.0	38	35.038	44	22
456	3094284825685542	230899	2	502	-54.909333333333336	-297.6649694555114	-3000.0	41	35.424	44	22
457	3095210760042313	231401	2	502	-54.877333333333326	-249.78540504648072	-3000.0	38	35.362	43	21
458	3096181760982966	231903	2	502	-54.77066666666666	-291.75578220451536	-3000.0	39	36.068	44	21
459	3097130804211503	232405	2	502	-54.79866666666667	-278.24068525896416	-3000.0	38	36.316	44	22
460	3098121779787569	232907	2	502	-54.74533333333332	-319.47375830013266	-3000.0	32	36.494	44	21
461	3099010643156095	233409	2	502	-54.542666666666655	-223.05840371845977	-3000.0	37	35.326	43	23
462	3099959045476723	233911	2	502	-54.62266666666667	-180.819203187251	-3000.0	37	36.292	44	24
463	3100891426258124	234413	2	502	-54.59866666666666	-208.52505710491366	-3000.0	35	35.65	43	25
