alpha = 0.15
gamma = 1.0
lambda = 0.6
epsilon = 0.3
randomSeed = 1313
GREAT!
Xover: 4
---- Evolution parameters ----
Folder name:          NMSarsa_Maze/run_2784148543192971
Random seed:          1313
GREAT activated:      true
Max iterations:       500
Population size:      500
GREAT initialization  true
Speciation threshold: 0.15
Species min size:     15
Tournament size:      3
Crossover rate:       0.2
Mutation rate:        0.8
Crossovers:
	AligningCrossover_v4(0.15)
Mutations:
	AddGeneMutation(maxSize=2147483647, prob=0.33)
	DeleteGeneMutation(minSize=8, prob=0.33)
	ChangeGeneMutation(prob=0.33)
------------------------------

---- Starting evolution ----
IT	Nanotime	#Eval	#Species	PopSize	Best	Avg	Worst	Best GRN Size	Avg GRN size	Max GRN size	Min GRN size
0	2784550027284272	997	1	499	-105.8	-1125.7719438877748	-3000.0	11	9.866	14	8
1	2784697442186589	1510	2	501	-100.6	-1076.081168330006	-3000.0	13	10.468	15	8
2	2784835878550700	2020	3	502	-101.7	-1044.4880531208503	-3000.0	11	10.188	16	8
3	2784947797954147	2532	3	503	-100.33333333333333	-823.2257654075546	-3000.0	14	9.956	15	8
4	2785054611278729	3042	3	503	-91.56666666666668	-792.3186136514248	-3000.0	8	9.85	16	8
5	2785180714829774	3546	4	503	-89.62800000000001	-839.755628893307	-3000.0	9	10.446	17	8
6	2785298207979460	4055	4	504	-86.70933333333332	-651.2886190476188	-3000.0	8	10.858	17	8
7	2785432720367995	4576	4	504	-87.3853333333333	-615.5737645502649	-3000.0	8	10.154	18	8
8	2785551661726654	5089	5	504	-88.19466666666665	-714.26105026455	-3000.0	8	10.008	19	8
9	2785672326713976	5608	6	505	-87.29333333333334	-688.4395432343234	-3000.0	11	10.33	18	8
10	2785785972850328	6140	6	506	-86.756	-604.4125612648221	-3000.0	9	10.412	18	8
11	2785902033637653	6651	8	506	-87.07200000000003	-602.7104216073781	-3000.0	9	10.492	17	8
12	2786018816938859	7163	8	508	-86.14	-530.8476797900262	-3000.0	11	11.48	18	8
13	2786138607224653	7688	8	508	-88.132	-592.2768425196851	-3000.0	9	11.24	18	8
14	2786240432307196	8221	8	508	-87.86266666666667	-434.7574068241469	-3000.0	10	11.7	18	8
15	2786352605936464	8743	7	508	-87.74533333333335	-517.7542650918635	-3000.0	9	11.612	18	8
16	2786484672086582	9250	9	507	-87.79333333333332	-424.1714950690337	-3000.0	12	11.906	19	8
17	2786605275174374	9759	9	509	-86.61466666666664	-353.9056319580878	-3000.0	16	11.564	20	8
18	2786719178505145	10268	9	509	-86.9	-399.2958847413228	-3000.0	13	11.062	20	8
19	2786851281885458	10796	9	509	-83.70666666666668	-429.9301427635887	-3000.0	13	11.424	21	8
20	2787003420635814	11319	10	509	-82.544	-456.8592036673216	-3000.0	13	11.494	22	8
21	2787190758691050	11836	10	510	-80.80666666666667	-497.62690457516334	-3000.0	13	11.87	22	8
22	2787375039934637	12358	10	510	-80.33733333333333	-410.69565228758165	-3000.0	16	11.608	20	8
23	2787560015842214	12879	11	510	-79.14133333333332	-354.05612810457524	-3000.0	15	10.828	18	8
24	2787775927323566	13437	8	511	-79.104	-555.2401513372472	-3000.0	17	11.024	19	8
25	2787968694539829	13960	8	508	-77.19866666666667	-420.80338845144354	-3000.0	16	11.132	20	8
26	2788187370634494	14489	6	508	-76.30666666666667	-413.65049343832027	-3000.0	15	10.936	20	8
27	2788413876501714	14995	7	506	-74.16799999999998	-452.9140816864295	-3000.0	14	11.558	20	8
28	2788645930088551	15502	7	507	-74.18666666666667	-325.53287310979624	-3000.0	14	12.09	19	8
29	2788862674424442	16013	7	507	-75.50533333333333	-392.48093885601577	-3000.0	14	11.348	18	8
30	2789116973945053	16520	7	507	-75.49333333333333	-347.9358763971072	-3000.0	15	12.212	19	8
31	2789355279701345	17027	7	507	-73.456	-330.06863642340556	-3000.0	14	12.166	20	8
32	2789598323283206	17534	7	507	-72.376	-363.92878106508874	-3000.0	14	11.996	21	8
33	2789843430699678	18041	7	507	-73.688	-446.82017357001973	-3000.0	13	12.246	22	8
34	2790085232670469	18548	7	507	-71.72666666666666	-554.3644049967128	-3000.0	17	11.454	23	8
35	2790351443105784	19055	7	507	-73.62533333333334	-473.1864904667981	-3000.0	16	12.14	20	8
36	2790574777600036	19568	6	507	-73.50266666666667	-378.2348086785009	-3000.0	16	11.412	20	8
37	2790850965677870	20082	5	506	-72.03066666666666	-465.3847747035573	-3000.0	16	11.742	21	8
38	2791109023642376	20590	5	505	-72.51866666666666	-332.3583287128713	-3000.0	16	11.626	21	8
39	2791380627276721	21095	5	505	-73.532	-397.87206864686465	-3000.0	18	11.756	19	8
40	2791633313168968	21600	5	505	-72.16666666666666	-346.4423603960395	-3000.0	17	11.49	19	8
41	2791896634346237	22105	7	505	-71.10666666666667	-432.34252937293735	-3000.0	16	11.06	19	8
42	2792203275798915	22630	6	507	-70.83466666666668	-340.7298040762656	-3000.0	17	12.076	20	8
43	2792545171260959	23146	6	506	-71.30666666666667	-359.28767061923594	-3000.0	18	12.982	20	8
44	2792906758429001	23652	6	506	-70.70133333333334	-353.45469301712785	-3000.0	17	13.49	20	8
45	2793217212173127	24158	6	506	-71.02933333333335	-428.0070513833992	-3000.0	8	12.168	21	8
46	2793511005843150	24666	6	506	-70.48933333333333	-493.39067984189717	-3000.0	17	12.324	22	8
47	2793828161659561	25172	6	506	-70.91733333333333	-498.11377865612644	-3000.0	8	12.686	23	8
48	2794140956263471	25678	7	506	-69.82800000000002	-366.44313833992084	-3000.0	20	11.99	22	8
49	2794482266149654	26185	7	507	-70.396	-490.51907166337935	-3000.0	17	13.108	22	8
50	2794805369726204	26692	7	507	-68.648	-381.9155213675215	-3000.0	18	12.73	22	8
51	2795130773838173	27199	7	507	-69.752	-425.60967784352397	-3000.0	8	12.854	23	8
52	2795462070911330	27706	7	507	-69.90133333333331	-409.4314950690334	-3000.0	22	12.58	24	8
53	2795790658492189	28213	7	507	-69.31866666666666	-343.8780775805392	-3000.0	18	12.892	23	8
54	2796138852556789	28728	6	507	-61.970666666666666	-422.55709401709424	-3000.0	9	13.176	23	8
55	2796470825501165	29242	5	506	-64.31733333333335	-365.29725164690376	-3000.0	9	12.578	24	8
56	2796820722386552	29750	5	505	-61.955999999999996	-399.7436646864686	-3000.0	8	13.568	25	8
57	2797182425594511	30258	5	505	-61.77600000000001	-518.0696026402641	-3000.0	8	13.832	25	8
58	2797546826476016	30772	5	505	-61.72266666666665	-461.48969240924094	-3000.0	9	13.488	23	8
59	2797946156715844	31277	5	505	-61.46133333333334	-375.92280660065995	-3000.0	10	15.032	24	8
60	2798331583156388	31783	6	505	-60.90266666666666	-440.4471445544554	-3000.0	8	14.516	23	8
61	2798671298471037	32291	6	506	-61.16533333333333	-578.9149960474306	-3000.0	9	13.058	24	8
62	2799080565351776	32804	6	506	-62.394666666666666	-526.7002608695652	-3000.0	11	14.736	25	8
63	2799436386601066	33316	7	506	-60.63333333333332	-568.0704558629777	-3000.0	8	13.264	26	8
64	2799729127157965	33849	6	507	-61.65200000000001	-628.0963182117025	-3000.0	8	12.226	26	8
65	2800002092359244	34360	8	506	-61.19733333333333	-542.5021686429511	-3000.0	8	11.808	27	8
66	2800313558883422	34874	7	508	-61.385333333333335	-583.8910734908136	-3000.0	9	13.11	25	8
67	2800590381858739	35410	7	507	-60.51600000000002	-591.8691886916502	-3000.0	9	11.57	25	8
68	2800827216287949	35917	7	507	-61.48533333333333	-576.1977278106508	-3000.0	9	10.476	23	8
69	2801096597606169	36431	7	507	-61.23599999999998	-578.7553846153846	-3000.0	8	10.88	22	8
70	2801374447823121	36938	7	507	-59.396	-571.424449704142	-3000.0	8	11.158	23	8
71	2801653563471238	37445	7	507	-61.429333333333325	-499.9648468113083	-3000.0	9	11.346	24	8
72	2801907586877044	37955	7	507	-60.12666666666667	-620.7003129520053	-3000.0	8	10.164	22	8
73	2802165612356224	38462	7	507	-61.08933333333332	-651.7544746877054	-3000.0	8	10.37	23	8
74	2802437466903933	38972	7	507	-60.59466666666667	-569.642006574622	-3000.0	8	11.128	23	8
75	2802699481853225	39479	7	507	-60.334666666666664	-572.0660512820515	-3000.0	8	10.43	21	8
76	2802965549094723	39986	7	507	-60.220000000000006	-645.9365733070347	-3000.0	8	10.374	22	8
77	2803243420759103	40501	7	507	-60.29333333333334	-625.5115634451018	-3000.0	8	10.728	23	8
78	2803528989654090	41008	7	507	-61.128000000000014	-569.1776988823143	-3000.0	9	11.03	23	8
79	2803802386839821	41515	7	507	-60.097333333333324	-557.4488178829716	-3000.0	9	10.696	24	8
80	2804083412843625	42027	6	507	-59.684	-608.3421827744903	-3000.0	9	10.438	23	8
81	2804367847841626	42553	4	506	-59.59600000000001	-596.1955731225295	-3000.0	8	10.744	22	8
82	2804682215296297	43088	5	504	-58.61200000000001	-546.7317142857142	-3000.0	9	11.568	23	8
83	2804993311392657	43622	5	505	-59.85066666666667	-602.3662442244225	-3000.0	8	11.41	24	8
84	2805295711079396	44138	6	505	-59.33999999999999	-569.9189122112211	-3000.0	9	11.446	24	8
85	2805580591547660	44653	6	506	-59.02266666666665	-714.8992305665349	-3000.0	8	10.932	24	8
86	2805861251329206	45160	7	506	-57.54266666666666	-713.8851198945981	-3000.0	8	10.038	22	8
87	2806137490109126	45679	6	507	-58.49066666666665	-635.7080078895464	-3000.0	9	10.404	23	8
88	2806429218337275	46188	6	506	-59.99066666666667	-666.9336943346509	-3000.0	9	10.598	24	8
89	2806719614091488	46696	6	506	-59.29866666666667	-617.6447299077734	-3000.0	8	11.4	25	8
90	2807006285580686	47202	7	506	-59.042666666666676	-721.6075731225295	-3000.0	8	10.646	25	8
91	2807309370003796	47709	7	507	-59.152	-656.860681130835	-3000.0	9	11.62	26	8
92	2807603305490098	48227	6	507	-58.906666666666666	-574.8335647600261	-3000.0	9	10.888	26	8
93	2807906202287065	48733	6	506	-59.10933333333333	-625.9822002635045	-3000.0	8	11.602	26	8
94	2808201664045093	49239	6	506	-58.76266666666668	-535.3753833992095	-3000.0	9	11.426	27	8
95	2808489249050810	49745	6	506	-59.26400000000002	-631.2417259552043	-3000.0	10	11.296	24	8
96	2808786475140513	50251	6	506	-59.15866666666667	-590.0572990777339	-3000.0	9	11.882	25	8
97	2809080755890216	50757	6	506	-58.557333333333325	-700.6306798418972	-3000.0	9	11.03	25	8
98	2809378284315989	51263	6	506	-59.53466666666667	-664.5663346508563	-3000.0	8	11.112	25	8
99	2809672893529688	51781	6	506	-58.37066666666666	-714.0786666666668	-3000.0	8	11.326	26	8
100	2809965788839075	52302	6	506	-59.429333333333325	-747.7221396574442	-3000.0	9	10.892	24	8
101	2810274378338537	52808	6	506	-59.327999999999996	-638.1995177865613	-3000.0	9	11.588	25	8
102	2810560976602495	53314	6	506	-59.187999999999995	-690.1525718050065	-3000.0	8	11.052	25	8
103	2810871788190015	53820	6	506	-59.280000000000015	-725.7245111989462	-3000.0	8	11.33	25	8
104	2811178408047930	54326	7	506	-59.49333333333333	-732.0692121212119	-3000.0	8	11.674	26	8
105	2811460428747017	54833	7	507	-58.63733333333334	-731.5967731755425	-3000.0	8	10.824	25	8
106	2811735133272432	55340	7	507	-59.32666666666666	-700.2066272189351	-3000.0	10	11.02	25	8
107	2812031650271779	55847	7	507	-58.547999999999995	-675.6662353714662	-3000.0	8	11.224	25	8
108	2812332364537694	56354	7	507	-58.289333333333346	-890.5010940170938	-3000.0	8	10.778	26	8
109	2812603250065981	56873	6	507	-58.832000000000015	-838.9410440499672	-3000.0	8	10.582	26	8
110	2812907969865600	57388	5	506	-59.20933333333333	-731.527533596838	-3000.0	8	11.75	27	8
111	2813211608393071	57893	5	505	-57.99333333333333	-733.9379379537953	-3000.0	8	11.788	28	8
112	2813482450903918	58398	5	505	-58.93333333333334	-852.1593293729372	-3000.0	8	10.32	27	8
113	2813815592011806	58910	5	505	-58.356	-722.1922006600661	-3000.0	9	11.888	28	8
114	2814162255663354	59415	5	505	-59.58533333333334	-782.3958759075908	-3000.0	8	13.264	28	8
115	2814484030777697	59932	5	505	-59.20266666666667	-730.1124092409241	-3000.0	9	12.156	28	8
116	2814797982554133	60437	6	505	-58.39466666666667	-744.1798838283827	-3000.0	8	11.962	28	8
117	2815080426886324	60943	6	506	-59.43333333333334	-717.8746640316205	-3000.0	9	11.354	28	8
118	2815374297465501	61454	5	506	-58.962666666666664	-703.4623478260867	-3000.0	9	11.178	28	8
119	2815663869863613	61959	5	505	-58.829333333333324	-811.3741174917491	-3000.0	12	10.674	28	8
120	2815918783515491	62464	5	505	-58.32666666666666	-707.9465584158414	-3000.0	9	10.4	28	8
121	2816157743252725	62969	5	505	-59.25733333333333	-776.8015023102308	-3000.0	10	9.784	28	8
122	2816422815660941	63474	5	505	-57.87999999999998	-707.9443326732672	-3000.0	9	9.654	16	8
123	2816667982584600	63979	5	505	-57.94133333333334	-824.2691009900991	-3000.0	9	9.582	16	8
124	2816918045173848	64484	5	505	-58.98266666666665	-835.736029042904	-3000.0	9	9.708	15	8
125	2817165266284474	64989	5	505	-57.93066666666667	-752.5439075907591	-3000.0	10	9.75	16	8
126	2817406638237810	65494	5	505	-58.862666666666655	-777.3959445544556	-3000.0	8	9.858	14	8
127	2817676206047089	65999	5	505	-58.82133333333332	-923.5357966996701	-3000.0	10	9.906	15	8
128	2817928029056782	66504	5	505	-58.52800000000001	-819.8470627062705	-3000.0	12	9.762	15	8
129	2818167422253284	67011	5	505	-58.517333333333355	-770.8135287128714	-3000.0	8	9.684	16	8
130	2818389181552764	67516	5	505	-58.65999999999999	-966.6583419141914	-3000.0	10	9.566	15	8
131	2818608310524175	68021	5	505	-58.78266666666667	-844.9630204620463	-3000.0	8	9.504	15	8
132	2818840469913580	68526	5	505	-58.75466666666667	-823.2959392739274	-3000.0	13	9.308	15	8
133	2819077169313896	69031	5	505	-58.82133333333334	-788.3416237623761	-3000.0	8	9.524	16	8
134	2819300869643144	69536	5	505	-58.38666666666667	-807.9511102310231	-3000.0	9	9.262	17	8
135	2819529695333151	70045	4	505	-59.021333333333324	-713.3507986798678	-3000.0	10	9.322	18	8
136	2819771388306081	70549	4	504	-59.002666666666684	-759.6287328042326	-3000.0	8	9.55	15	8
137	2820010405094106	71053	4	504	-58.600000000000016	-702.390058201058	-3000.0	8	9.512	14	8
138	2820242999206517	71557	4	504	-58.20799999999999	-628.9706058201058	-3000.0	10	9.572	13	8
139	2820477280861277	72061	4	504	-59.13999999999999	-716.050783068783	-3000.0	12	9.608	14	8
140	2820711039378564	72571	5	504	-58.36	-676.8886455026454	-3000.0	8	9.626	14	8
141	2820941529614131	73076	5	505	-58.258666666666656	-645.6550442244225	-3000.0	13	9.748	15	8
142	2821157332821104	73581	5	505	-57.95866666666668	-837.8067009900993	-3000.0	9	9.488	16	8
143	2821398268948471	74096	7	505	-58.35866666666668	-914.5395696369635	-3000.0	11	9.934	17	8
144	2821626487726765	74613	6	507	-58.93599999999999	-736.8376199868508	-3000.0	12	9.634	18	8
145	2821855104358538	75127	6	506	-58.90266666666665	-693.4568801054018	-3000.0	12	9.462	19	8
146	2822083437531686	75633	6	506	-58.89999999999999	-705.2354782608695	-3000.0	10	9.772	19	8
147	2822303423242377	76139	6	506	-58.45333333333333	-636.6187984189723	-3000.0	9	9.444	16	8
148	2822522612315583	76650	7	506	-58.96799999999999	-735.4131014492755	-3000.0	13	9.534	17	8
149	2822741194366386	77167	7	507	-58.92933333333332	-742.1102748191979	-3000.0	12	9.508	16	8
150	2822940630269722	77674	7	507	-58.846666666666664	-737.8628428665353	-3000.0	10	9.548	17	8
151	2823173846924841	78193	7	507	-58.78400000000002	-711.113351742275	-3000.0	8	9.792	18	8
152	2823410806156305	78700	7	507	-58.96799999999999	-769.267431952663	-3000.0	16	9.95	19	8
153	2823649910771797	79210	7	507	-58.74666666666667	-635.343016436555	-3000.0	11	9.958	18	8
154	2823889317184239	79718	7	507	-59.02000000000001	-603.0416594345825	-3000.0	9	10.258	18	8
155	2824130337804234	80232	6	507	-58.56666666666668	-641.6164181459566	-3000.0	8	10.352	18	8
156	2824390791350710	80758	7	506	-58.99333333333334	-720.2185375494071	-3000.0	9	10.334	19	8
157	2824622854084999	81271	8	507	-58.75866666666667	-672.3028007889546	-3000.0	11	10.186	19	8
158	2824846541732747	81780	8	508	-58.434666666666665	-591.6808556430447	-3000.0	8	9.888	19	8
159	2825076264912124	82288	8	508	-58.466666666666654	-684.3099475065617	-3000.0	15	10.03	17	8
160	2825307435282019	82803	7	508	-59.06533333333333	-691.7504593175854	-3000.0	11	9.892	16	8
161	2825555876475568	83310	7	507	-58.48799999999999	-646.6776831032216	-3000.0	11	10.066	16	8
162	2825809381489303	83821	6	507	-58.02799999999999	-614.992812623274	-3000.0	10	10.418	16	8
163	2826059427526456	84327	6	506	-57.46533333333333	-535.6974861660078	-3000.0	13	10.564	17	8
164	2826305443253050	84833	6	506	-58.34400000000001	-565.2068985507246	-3000.0	14	10.204	18	8
165	2826548590125030	85339	6	506	-57.72133333333332	-531.7174835309619	-3000.0	15	10.332	18	8
166	2826796316304087	85845	6	506	-57.990666666666655	-571.3592859025033	-3000.0	12	10.546	19	8
167	2827057463907869	86361	6	506	-58.332000000000015	-606.8429459815547	-3000.0	15	10.386	19	8
168	2827292814888581	86867	6	506	-57.56933333333333	-554.8711488801054	-3000.0	9	10.108	19	8
169	2827533859472468	87384	6	506	-58.244	-643.7807325428196	-3000.0	9	9.778	20	8
170	2827776559571712	87891	5	506	-58.80133333333334	-616.775096179183	-3000.0	8	10.014	21	8
171	2828037531087218	88396	5	505	-57.900000000000006	-567.0668699669967	-3000.0	9	10.418	22	8
172	2828298949134072	88919	7	505	-57.923999999999985	-486.655503630363	-3000.0	9	10.488	19	8
173	2828549150952381	89427	7	507	-57.872000000000014	-517.3809546351084	-3000.0	8	10.272	19	8
174	2828803303265382	89936	8	507	-58.07733333333333	-636.9503300460221	-3000.0	9	10.376	19	8
175	2829040149684429	90444	8	508	-58.06133333333333	-477.50738845144366	-3000.0	17	10.366	20	8
176	2829278749006824	90963	7	508	-58.436000000000014	-459.72590813648293	-3000.0	10	10.15	18	8
177	2829522011927919	91470	7	507	-57.970666666666666	-480.92257199211036	-3000.0	8	10.396	19	8
178	2829768888980314	91977	7	507	-58.321333333333335	-521.809057199211	-3000.0	15	10.412	19	8
179	2830006714673110	92491	7	507	-58.11466666666668	-485.70752399737023	-3000.0	8	10.396	20	8
180	2830240413956238	93003	7	507	-58.30266666666667	-583.1995844838921	-3000.0	9	10.436	19	8
181	2830518219697698	93510	8	507	-57.98000000000001	-600.1189533201841	-3000.0	8	10.36	19	8
182	2830777520412010	94018	8	508	-57.843999999999994	-585.2236719160106	-3000.0	12	10.752	19	8
183	2831029644334383	94526	8	508	-57.52933333333334	-572.439905511811	-3000.0	9	10.508	19	8
184	2831285972623862	95034	8	508	-57.949333333333335	-530.5088372703411	-3000.0	12	10.576	19	8
185	2831550352045071	95542	8	508	-58.42266666666667	-625.2697769028872	-3000.0	12	10.772	19	8
186	2831797653144276	96050	9	508	-58.792	-551.4122073490814	-3000.0	12	10.896	19	8
187	2832059361444902	96563	9	509	-58.29066666666668	-517.8268107400132	-3000.0	11	11.54	19	8
188	2832304412100698	97086	8	509	-58.374666666666684	-483.1054040602488	-3000.0	11	10.802	19	8
189	2832586619418436	97608	8	508	-58.61866666666668	-546.2155564304462	-3000.0	10	11.664	20	8
190	2832842179149546	98124	8	508	-58.876000000000005	-563.577435695538	-3000.0	12	10.816	20	8
191	2833087336800714	98634	11	508	-58.864	-546.7249186351706	-3000.0	14	11.222	21	8
192	2833357363613381	99154	10	511	-57.98666666666666	-506.88220743639914	-3000.0	13	11.304	22	8
193	2833624661770619	99684	10	510	-59.08133333333334	-486.33467450980396	-3000.0	8	11.412	22	8
194	2833880782788529	100206	9	510	-58.00933333333333	-484.3631215686274	-3000.0	10	11.226	22	8
195	2834120724335657	100715	9	509	-58.68399999999999	-463.6990098231827	-3000.0	12	10.778	21	8
196	2834373355418593	101224	9	509	-57.817333333333345	-423.4264256712509	-3000.0	12	11.178	21	8
197	2834625493713077	101733	9	509	-58.12666666666666	-440.20918140144073	-3000.0	8	11.2	21	8
198	2834861093452253	102243	8	509	-58.16666666666667	-408.86378258022273	-3000.0	15	10.632	21	8
199	2835098743395495	102751	8	508	-58.990666666666684	-437.1920131233595	-3000.0	14	10.98	22	8
200	2835336328570972	103262	8	508	-58.44800000000001	-415.4750551181102	-3000.0	12	10.846	16	8
201	2835560168058816	103770	8	508	-58.63866666666666	-364.39131233595805	-3000.0	11	10.644	17	8
202	2835790544795957	104278	8	508	-58.77466666666667	-486.63272178477683	-3000.0	9	10.638	18	8
203	2835993366816977	104786	8	508	-58.24666666666666	-407.75102887139104	-3000.0	12	10.348	18	8
204	2836219716818807	105294	8	508	-59.16	-454.7115905511811	-3000.0	14	10.34	15	8
205	2836448669643640	105804	8	508	-57.58133333333333	-412.9539816272965	-3000.0	10	10.342	15	8
206	2836688692523391	106312	8	508	-58.125333333333344	-442.97023097112856	-3000.0	10	10.236	15	8
207	2836903925527392	106822	8	508	-58.76266666666666	-361.32924146981634	-3000.0	10	10.122	15	8
208	2837123104056509	107330	8	508	-58.931999999999995	-357.5755433070866	-3000.0	8	9.956	14	8
209	2837343455214219	107840	8	508	-58.38133333333332	-438.0792073490814	-3000.0	9	10.108	15	8
210	2837560803430465	108354	8	508	-58.10133333333332	-428.9015774278216	-3000.0	9	9.948	14	8
211	2837776468685132	108868	8	508	-58.808	-421.6492335958006	-3000.0	10	10.078	14	8
212	2837992703765618	109377	8	508	-58.87866666666667	-378.57977427821515	-3000.0	9	10.034	15	8
213	2838208404108887	109885	8	508	-58.71733333333333	-413.2717900262467	-3000.0	8	10.082	16	8
214	2838439919132956	110393	8	508	-59.172000000000004	-460.53545931758526	-3000.0	13	10.198	16	8
215	2838671571376651	110907	7	508	-57.98000000000001	-471.76933858267716	-3000.0	8	10.032	14	8
216	2838899483031276	111414	7	507	-58.772	-427.76862327416177	-3000.0	12	10.214	15	8
217	2839104559253515	111928	6	507	-58.95733333333334	-406.38320841551604	-3000.0	9	9.91	15	8
218	2839322319193014	112435	6	506	-57.21066666666667	-456.7536627140976	-3000.0	9	9.892	15	8
219	2839523282620912	112941	6	506	-58.28666666666666	-398.0942635046114	-3000.0	10	9.856	15	8
220	2839740758972114	113447	6	506	-58.594666666666654	-458.7770830039525	-3000.0	8	9.948	15	8
221	2839958022623766	113965	5	506	-57.13866666666668	-466.7449459815546	-3000.0	8	9.678	16	8
222	2840171880951765	114470	5	505	-58.55333333333334	-456.58530165016515	-3000.0	9	9.666	16	8
223	2840369857744280	114975	5	505	-58.89200000000001	-427.9158442244224	-3000.0	8	9.838	14	8
224	2840590779192649	115480	5	505	-58.152	-467.8380039603959	-3000.0	8	9.902	15	8
225	2840796643046793	115985	5	505	-58.00266666666666	-428.1491221122113	-3000.0	9	9.688	14	8
226	2841005690884601	116490	5	505	-58.05466666666667	-444.0146244224423	-3000.0	9	9.656	14	8
227	2841220625835343	117003	4	505	-58.464	-449.829800660066	-3000.0	10	9.728	15	8
228	2841449164585621	117507	4	504	-58.58000000000002	-488.1206137566139	-3000.0	10	9.732	14	8
229	2841671164822558	118011	4	504	-58.47599999999999	-452.85973015873026	-3000.0	11	9.764	15	8
230	2841889621512264	118515	4	504	-58.43466666666665	-499.6428253968255	-3000.0	8	9.914	15	8
231	2842108426691129	119020	4	504	-58.62399999999998	-491.46512698412687	-3000.0	8	9.91	16	8
232	2842328476237565	119538	3	504	-57.74800000000001	-505.7944788359788	-3000.0	9	10.018	15	8
233	2842546796027035	120041	3	503	-58.52133333333333	-400.2646096752816	-3000.0	10	10.292	16	8
234	2842791002433880	120544	3	503	-57.75333333333333	-376.9490497017892	-3000.0	11	10.262	17	8
235	2843012452652159	121048	3	503	-58.016000000000005	-438.18596951623596	-3000.0	9	10.048	15	8
236	2843229664938625	121551	3	503	-57.81066666666666	-410.34770841616984	-3000.0	9	9.944	15	8
237	2843432900366071	122054	3	503	-58.36000000000003	-412.613129224652	-3000.0	11	9.962	16	8
238	2843664364297609	122566	3	503	-58.085333333333345	-368.5129039098743	-3000.0	13	10.208	17	8
239	2843888632837710	123069	3	503	-58.03866666666666	-464.08231411530824	-3000.0	14	10.212	17	8
240	2844115268550756	123572	3	503	-58.0	-367.7085699138502	-3000.0	12	10.418	18	8
241	2844337093387156	124075	3	503	-57.41333333333333	-368.8310642809806	-3000.0	13	10.32	19	8
242	2844571760188471	124578	3	503	-57.24000000000001	-372.55756129887345	-3000.0	11	10.296	19	8
243	2844812342944111	125081	3	503	-57.85866666666666	-402.05535056328716	-3000.0	11	10.212	16	8
244	2845044411119581	125584	3	503	-56.969333333333346	-382.0422451954938	-3000.0	9	10.172	16	8
245	2845262554399545	126087	3	503	-56.42933333333333	-360.65599734923813	-3000.0	8	10.448	17	8
246	2845494033961738	126606	5	503	-57.73333333333333	-342.4191782637509	-3000.0	10	9.954	16	8
247	2845703752137904	127125	6	505	-57.90133333333333	-291.01694521452146	-3000.0	9	10.074	16	8
248	2845918341189049	127656	7	506	-57.24266666666667	-330.0494229249012	-3000.0	11	9.92	16	8
249	2846149347645016	128183	8	507	-57.511999999999986	-310.51905062458906	-3000.0	9	9.902	16	8
250	2846387139668347	128708	8	508	-57.94266666666668	-297.55278740157485	-3000.0	10	9.724	14	8
251	2846610512319679	129229	8	508	-57.46533333333334	-254.48875590551182	-3000.0	14	9.968	14	8
252	2846830033879078	129745	8	508	-57.536000000000016	-261.05613123359586	-3000.0	8	9.886	15	8
253	2847086601529882	130292	7	508	-57.47733333333335	-375.3885354330709	-3000.0	14	10.07	15	8
254	2847298272020486	130814	9	507	-57.609333333333325	-323.80813938198565	-3000.0	8	10.032	15	8
255	2847513554458829	131361	9	509	-57.48400000000001	-303.30371185330716	-3000.0	13	10.038	15	8
256	2847732753607854	131873	11	509	-57.07733333333336	-250.51540013097576	-3000.0	8	9.798	14	8
257	2847960741552928	132424	9	511	-57.48266666666667	-295.28697716894976	-3000.0	9	10.048	15	8
258	2848181263979302	132938	9	509	-57.33066666666667	-293.58064440078584	-3000.0	11	9.914	15	8
259	2848396388293785	133457	8	509	-57.4	-314.6841781270465	-3000.0	11	10.032	14	8
260	2848620609050843	133983	8	508	-57.43200000000001	-349.9130157480315	-3000.0	11	10.194	14	8
261	2848833088243975	134491	8	508	-57.57866666666667	-295.7328215223098	-3000.0	8	10.036	14	8
262	2849058839480789	135014	12	508	-56.54133333333332	-337.3943490813648	-3000.0	11	10.376	15	8
263	2849274806634180	135528	12	512	-57.29333333333333	-320.903609375	-3000.0	8	10.19	15	8
264	2849505685407447	136054	12	512	-57.48799999999999	-307.0286015625	-3000.0	8	10.086	15	8
265	2849747271122172	136599	10	512	-57.18133333333332	-398.1935807291666	-3000.0	13	9.964	14	8
266	2849974646895471	137114	9	510	-57.82266666666667	-340.5118039215687	-3000.0	8	10.046	14	8
267	2850212669754345	137661	8	509	-57.36666666666667	-325.7093464309102	-3000.0	12	9.966	15	8
268	2850445575057294	138196	9	508	-58.03866666666667	-329.5602913385826	-3000.0	13	9.81	15	8
269	2850692123870336	138724	10	509	-58.023999999999994	-370.3027478716437	-3000.0	11	10.21	15	8
270	2850923778198660	139260	10	510	-57.16133333333333	-345.33935424836596	-3000.0	11	10.088	14	8
271	2851146586035559	139772	11	510	-57.770666666666656	-336.070183006536	-3000.0	12	10.078	14	8
272	2851383630360826	140311	12	511	-57.25199999999999	-385.8746457925636	-3000.0	11	10.206	15	8
273	2851620013225956	140839	12	512	-57.70266666666667	-407.7488072916666	-3000.0	9	9.884	15	8
274	2851852375689812	141361	13	512	-58.232000000000006	-414.16360677083344	-3000.0	9	9.644	14	8
275	2852081718895075	141914	11	513	-57.77066666666666	-328.7024535412606	-3000.0	10	9.702	14	8
276	2852311252410949	142454	12	511	-57.83333333333333	-308.7507997390737	-3000.0	10	10.238	14	8
277	2852560190211996	142997	10	512	-58.08533333333333	-392.39338281249985	-3000.0	10	10.262	15	8
278	2852794137097066	143527	9	510	-57.604	-352.9114483660131	-3000.0	9	10.176	15	8
279	2853011232986256	144055	9	509	-57.46133333333333	-289.4266666666667	-3000.0	10	9.976	14	8
280	2853234496484130	144577	10	509	-57.52666666666668	-346.5641178781926	-3000.0	8	9.948	15	8
281	2853471390626730	145122	9	510	-57.314666666666675	-351.17486797385624	-3000.0	9	10.116	14	8
282	2853698641640359	145643	9	509	-57.08933333333332	-401.45860903732813	-3000.0	10	9.86	15	8
283	2853920940065632	146158	9	509	-57.53466666666667	-361.23751146037984	-3000.0	10	9.754	15	8
284	2854143472697661	146680	9	509	-56.93600000000001	-362.36902685003275	-3000.0	9	9.692	16	8
285	2854356289565435	147209	8	509	-57.533333333333346	-297.265875573019	-3000.0	10	9.706	13	8
286	2854576884922079	147730	8	508	-56.90266666666666	-338.1914041994751	-3000.0	9	9.578	13	8
287	2854804838762102	148250	9	508	-56.79866666666667	-327.96330183727036	-3000.0	9	9.75	13	8
288	2855057388558269	148770	9	509	-57.18	-361.35732809430243	-3000.0	11	9.94	14	8
289	2855286685308857	149305	10	509	-56.921333333333344	-324.04950884086446	-3000.0	10	9.874	14	8
290	2855514894484231	149828	12	510	-56.756000000000014	-291.1695189542484	-3000.0	10	10.034	15	8
291	2855756771151782	150364	11	512	-57.163999999999994	-368.7161901041666	-3000.0	9	10.046	16	8
292	2856005449048744	150906	11	511	-57.57733333333334	-339.3581813437704	-3000.0	12	10.176	14	8
293	2856245311910498	151440	12	511	-57.853333333333325	-395.9648793215917	-3000.0	11	10.288	14	8
294	2856484787797972	151978	10	512	-57.168	-366.7641744791667	-3000.0	10	10.052	14	8
295	2856754098771956	152507	10	510	-57.858666666666664	-377.72463267973853	-3000.0	10	9.848	14	8
296	2857002812153538	153031	9	510	-57.18933333333334	-383.9321725490196	-3000.0	9	10.12	15	8
297	2857250448940150	153584	9	509	-56.803999999999995	-416.00447675180095	-3000.0	11	10.01	14	8
298	2857485574669144	154095	10	509	-57.62266666666665	-410.6772364112639	-3000.0	9	9.868	14	8
299	2857734448664791	154619	11	510	-57.55333333333333	-418.26634509803915	-3000.0	11	9.956	15	8
300	2857990408930588	155181	10	511	-57.87733333333335	-707.7507501630791	-3000.0	10	9.808	15	8
301	2858215021171449	155709	10	510	-57.89333333333333	-620.5383137254904	-3000.0	10	9.55	15	8
302	2858452137191448	156236	9	510	-57.51333333333332	-697.3537202614378	-3000.0	10	9.46	16	8
303	2858666464089757	156758	8	509	-56.69333333333333	-635.1995887360838	-3000.0	9	9.6	16	8
304	2858877838625899	157266	10	508	-57.54666666666666	-512.5106010498689	-3000.0	11	9.772	17	8
305	2859095613187311	157812	8	510	-57.50533333333335	-691.6511869281045	-3000.0	11	9.694	14	8
306	2859307138265705	158351	7	508	-58.17866666666668	-784.0897900262466	-3000.0	9	9.688	15	8
307	2859534395390988	158871	8	507	-58.12799999999999	-748.0943931623931	-3000.0	10	9.576	16	8
308	2859752563935804	159390	8	508	-57.38933333333332	-584.4540026246718	-3000.0	9	9.926	14	8
309	2859960772847385	159898	9	508	-57.983999999999995	-700.3088267716536	-3000.0	9	10.142	15	8
310	2860205127269891	160446	8	509	-57.86133333333334	-766.1273189259989	-3000.0	10	10.3	16	8
311	2860408331704097	160966	9	508	-58.12533333333334	-584.9703674540683	-3000.0	10	10.326	15	8
312	2860607128834762	161481	9	509	-57.13199999999999	-559.948584151932	-3000.0	10	10.36	14	8
313	2860797065409862	161990	9	509	-58.116000000000014	-620.9809168303864	-3000.0	10	10.24	15	8
314	2861002388838599	162499	9	509	-56.98666666666665	-768.5708212180747	-3000.0	10	10.162	15	8
315	2861219354520460	163024	8	509	-57.364000000000004	-666.2220091683039	-3000.0	11	10.31	16	8
316	2861412709267968	163532	8	508	-57.90666666666668	-570.4139081364831	-3000.0	9	10.422	14	8
317	2861624569697719	164043	8	508	-57.51333333333334	-564.8106456692913	-3000.0	10	10.644	15	8
318	2861839987207810	164558	8	508	-57.99066666666667	-563.4151706036747	-3000.0	10	10.558	16	8
319	2862061493781369	165077	7	508	-57.70666666666668	-593.0681181102362	-3000.0	11	10.294	16	8
320	2862281745264138	165584	8	507	-56.82666666666667	-499.59891124260366	-3000.0	8	10.63	16	8
321	2862502993097337	166103	7	508	-58.089333333333336	-390.463559055118	-3000.0	10	10.494	16	8
322	2862743622897082	166610	7	507	-56.81733333333334	-442.16919658119673	-3000.0	10	10.518	16	8
323	2862995309472701	167127	7	507	-58.12533333333333	-342.4132018408941	-3000.0	9	11.11	17	8
324	2863221169754834	167638	8	507	-57.15866666666666	-318.8480210387902	-3000.0	13	10.664	17	8
325	2863450592143689	168146	8	508	-57.93066666666667	-331.5822230971129	-3000.0	8	10.844	17	8
326	2863712899611312	168654	8	508	-58.12533333333333	-357.3632230971128	-3000.0	10	10.788	18	8
327	2863967426847944	169162	8	508	-56.830666666666666	-321.0175170603674	-3000.0	9	10.714	16	8
328	2864217399424321	169671	9	508	-57.77066666666666	-429.59485301837276	-3000.0	10	10.558	15	8
329	2864469074982288	170202	7	509	-57.853333333333346	-353.0955520628684	-3000.0	12	10.528	14	8
330	2864704075600891	170709	7	507	-57.326666666666654	-330.3832899408285	-3000.0	10	10.322	15	8
331	2864928893272528	171216	7	507	-57.45200000000002	-343.6906456278764	-3000.0	12	10.126	14	8
332	2865136850942103	171740	6	507	-56.925333333333334	-390.4247889546351	-3000.0	11	10.11	14	8
333	2865367205761792	172264	6	506	-56.86666666666667	-436.70810276679845	-3000.0	10	10.284	14	8
334	2865570465204486	172770	6	506	-56.222666666666676	-352.06820816864297	-3000.0	9	10.158	15	8
335	2865806280422172	173276	6	506	-56.330666666666666	-286.16583399209486	-3000.0	9	10.398	15	8
336	2866036136738871	173784	6	506	-57.88133333333333	-300.19279841897236	-3000.0	11	10.356	16	8
337	2866245352212393	174290	6	506	-57.20933333333333	-306.82496442687733	-3000.0	9	10.082	16	8
338	2866469206558537	174797	6	506	-57.73333333333333	-302.44026350461144	-3000.0	11	10.258	15	8
339	2866703850551953	175313	6	506	-57.17333333333333	-420.5229617918314	-3000.0	9	10.274	15	8
340	2866953478793312	175840	6	506	-57.408	-385.2122687747035	-3000.0	9	10.516	15	8
341	2867181906825170	176347	6	506	-57.60000000000001	-284.42983662714096	-3000.0	11	10.082	16	8
342	2867401048456588	176860	5	506	-57.45733333333334	-401.27502503293806	-3000.0	9	10.01	15	8
343	2867635762657404	177374	5	505	-57.378666666666675	-407.9144528052807	-3000.0	9	10.19	14	8
344	2867864580626366	177879	5	505	-57.44000000000001	-505.71336501650154	-3000.0	10	9.942	14	8
345	2868079758972259	178384	5	505	-57.540000000000006	-355.89916831683166	-3000.0	14	9.996	15	8
346	2868285909866137	178889	5	505	-57.109333333333346	-351.3945821782179	-3000.0	9	10.118	15	8
347	2868500594789903	179394	5	505	-57.407999999999994	-364.4483300330034	-3000.0	8	9.856	16	8
348	2868723458730678	179899	5	505	-57.403999999999996	-407.4598283828383	-3000.0	12	10.012	16	8
349	2868952786442246	180404	5	505	-58.135999999999996	-447.3893808580859	-3000.0	11	9.632	17	8
350	2869195663459168	180909	5	505	-57.77466666666667	-447.4330798679868	-3000.0	9	9.556	14	8
351	2869424169406882	181414	6	505	-57.76133333333333	-438.0307564356434	-3000.0	8	9.632	14	8
352	2869616025956158	181920	6	506	-57.20133333333334	-379.4037338603425	-3000.0	8	9.54	15	8
353	2869825989731706	182426	7	506	-57.56266666666666	-387.03343346508564	-3000.0	9	10.002	15	8
354	2870047961170246	182940	7	507	-57.381333333333345	-522.5228770545693	-3000.0	10	9.664	15	8
355	2870263247430041	183447	7	507	-57.55333333333334	-439.1830953320184	-3000.0	9	9.614	16	8
356	2870489562635180	183967	6	507	-56.96	-390.16249572649576	-3000.0	8	9.566	13	8
357	2870718871663539	184473	6	506	-57.87733333333335	-409.5032569169959	-3000.0	10	9.784	13	8
358	2870958144910733	185008	6	506	-57.01866666666667	-397.79626613965746	-3000.0	9	9.908	14	8
359	2871185244034557	185516	6	506	-56.63333333333333	-425.6366376811594	-3000.0	12	9.984	14	8
360	2871412170346050	186024	5	506	-57.22266666666665	-361.35496442687753	-3000.0	10	10.086	14	8
361	2871652662008056	186531	5	505	-57.678666666666665	-484.0543498349835	-3000.0	11	9.782	14	8
362	2871872731646705	187036	5	505	-57.31066666666668	-447.42204620462064	-3000.0	8	9.906	14	8
363	2872094653793137	187545	5	505	-57.54399999999999	-494.8307775577558	-3000.0	10	9.612	14	8
364	2872328489199565	188050	5	505	-57.82533333333334	-517.2701280528054	-3000.0	10	9.734	14	8
365	2872561437133988	188555	5	505	-57.442666666666675	-435.69747590759073	-3000.0	8	9.674	14	8
366	2872797710849538	189060	5	505	-56.18399999999999	-414.4500752475247	-3000.0	8	9.698	14	8
367	2873035861922807	189565	5	505	-57.33599999999999	-453.8086732673267	-3000.0	10	9.524	15	8
368	2873252562793423	190070	5	505	-57.06266666666667	-492.89829966996695	-3000.0	9	9.598	14	8
369	2873459470475108	190575	5	505	-56.61599999999999	-469.4490693069306	-3000.0	8	9.648	14	8
370	2873709593653027	191080	5	505	-56.608000000000004	-494.44275115511545	-3000.0	8	9.682	15	8
371	2873926173768298	191604	5	505	-56.277333333333345	-373.12832475247524	-3000.0	9	9.542	15	8
372	2874139659339117	192109	5	505	-56.60266666666666	-353.2018323432344	-3000.0	8	9.644	15	8
373	2874361019927566	192626	4	505	-56.148	-371.54603036303627	-3000.0	8	9.724	15	8
374	2874587177730995	193135	4	504	-56.81066666666668	-335.94914550264554	-3000.0	9	9.696	14	8
375	2874808071938584	193640	5	504	-57.25866666666667	-386.04684656084646	-3000.0	9	9.86	14	8
376	2875034211811465	194145	5	505	-55.962666666666664	-471.23695313531357	-3000.0	8	9.622	14	8
377	2875251605367907	194666	5	505	-55.995999999999995	-484.1970508250824	-3000.0	8	9.738	14	8
378	2875461441559240	195191	5	505	-56.63333333333334	-392.87948514851485	-3000.0	9	9.588	15	8
379	2875653602144599	195701	5	505	-56.51866666666667	-344.0052303630363	-3000.0	9	9.624	16	8
380	2875874646995797	196218	7	505	-56.921333333333344	-308.29675247524756	-3000.0	9	9.708	17	8
381	2876101355065627	196745	6	507	-57.30399999999999	-388.5271900065747	-3000.0	11	9.746	14	8
382	2876310534203664	197253	9	506	-56.931999999999995	-329.4862898550725	-3000.0	8	9.742	13	8
383	2876535815331066	197776	8	509	-57.06266666666667	-366.0591827111984	-3000.0	10	10.116	14	8
384	2876760467369493	198304	7	508	-56.91333333333334	-333.80231496062993	-3000.0	9	10.324	14	8
385	2876992887614060	198829	7	507	-56.65600000000001	-340.9937251808021	-3000.0	10	10.274	14	8
386	2877217897507081	199337	8	507	-57.40266666666666	-369.63903747534516	-3000.0	10	10.292	15	8
387	2877444650682080	199875	8	508	-56.93866666666668	-358.9239422572178	-3000.0	9	10.154	16	8
388	2877668327192749	200398	8	508	-56.28533333333333	-330.1146719160105	-3000.0	10	10.144	16	8
389	2877867938908351	200906	8	508	-56.24933333333333	-270.29844881889767	-3000.0	8	9.992	16	8
390	2878095704981705	201415	8	508	-56.69200000000001	-365.46679790026246	-3000.0	10	10.142	17	8
391	2878293201450389	201931	7	508	-56.864	-292.3691732283465	-3000.0	9	9.78	18	8
392	2878509431525972	202446	6	507	-57.12000000000001	-351.03196844181457	-3000.0	10	9.938	17	8
393	2878698973248353	202953	6	506	-56.96533333333334	-331.8731646903821	-3000.0	9	9.562	16	8
394	2878917774124697	203473	7	506	-56.25199999999999	-325.8757312252964	-3000.0	9	9.708	17	8
395	2879133279023922	203981	7	507	-56.638666666666666	-390.60439973701517	-3000.0	10	9.846	17	8
396	2879358216816494	204488	7	507	-56.28266666666667	-317.74322156475995	-3000.0	9	9.682	16	8
397	2879558203450778	204995	7	507	-56.59466666666666	-344.44990927021695	-3000.0	9	9.866	17	8
398	2879775901409402	205510	7	507	-55.772000000000006	-353.3603366206444	-3000.0	8	9.908	15	8
399	2879998971778862	206026	7	507	-56.65999999999999	-351.62706640368174	-3000.0	13	10.43	16	8
400	2880215545180521	206554	6	507	-56.357333333333344	-356.3604365548982	-3000.0	8	10.288	17	8
401	2880441424571496	207060	6	506	-56.60133333333332	-339.78532015810276	-3000.0	8	10.384	17	8
402	2880666151597266	207566	6	506	-56.82666666666668	-287.3196021080369	-3000.0	8	10.28	15	8
403	2880889068651113	208072	6	506	-56.27999999999998	-311.9391014492753	-3000.0	8	10.166	15	8
404	2881099932167006	208579	6	506	-56.91333333333333	-296.80007114624516	-3000.0	9	10.228	15	8
405	2881313323501248	209087	7	506	-56.397333333333336	-271.02839525691695	-3000.0	10	10.394	15	8
406	2881528223054183	209594	8	507	-57.55866666666666	-319.4757001972387	-3000.0	9	9.838	15	8
407	2881746738615769	210102	8	508	-57.12133333333334	-300.6072388451444	-3000.0	10	9.842	14	8
408	2881945650305245	210610	8	508	-56.75599999999999	-375.0158950131234	-3000.0	12	9.87	15	8
409	2882155578065402	211118	8	508	-55.88400000000001	-296.6367322834646	-3000.0	9	9.66	15	8
410	2882364311241591	211626	8	508	-56.96133333333333	-351.35109448818895	-3000.0	8	9.7	15	8
411	2882566176664405	212134	8	508	-56.906666666666666	-320.6590393700787	-3000.0	9	9.87	16	8
412	2882767089980858	212655	7	508	-57.30000000000001	-332.50825984251964	-3000.0	10	9.734	17	8
413	2882962607741789	213171	6	507	-56.894666666666666	-331.5881393819855	-3000.0	8	9.662	17	8
414	2883174211204140	213685	5	506	-56.158666666666676	-371.46860342555993	-3000.0	10	9.582	17	8
415	2883376982931394	214192	7	505	-56.165333333333336	-298.1790204620462	-3000.0	8	9.322	14	8
416	2883570481133568	214712	7	507	-57.05066666666667	-314.96502564102565	-3000.0	9	9.512	15	8
417	2883787352034214	215226	7	507	-56.08266666666666	-307.16588560157794	-3000.0	8	9.726	15	8
418	2883984621313395	215733	7	507	-56.52266666666665	-240.53976857330701	-3000.0	8	9.554	16	8
419	2884208380997069	216240	7	507	-56.190666666666665	-330.35854569362255	-3000.0	8	9.546	13	8
420	2884406101224065	216757	6	507	-56.67733333333333	-332.7348113083498	-3000.0	9	9.452	14	8
421	2884626780605795	217273	7	506	-54.72	-367.3754861660079	-3000.0	10	9.456	14	8
422	2884817709302761	217787	7	507	-56.05466666666667	-263.7178435239974	-3000.0	9	9.362	13	8
423	2885014080716590	218309	10	507	-55.98933333333333	-301.61798553583174	-3000.0	9	9.412	13	8
424	2885204382794009	218822	10	510	-55.652	-318.7457045751634	-3000.0	9	9.412	13	8
425	2885415560840552	219349	9	510	-56.49999999999998	-308.5130117647058	-3000.0	8	9.46	13	8
426	2885604931122912	219862	10	509	-56.145333333333326	-288.52098755730196	-3000.0	9	9.49	13	8
427	2885801206224507	220372	10	510	-56.63200000000002	-288.70568888888886	-3000.0	8	9.7	14	8
428	2886000349831291	220884	10	510	-56.73333333333332	-251.07141960784313	-3000.0	9	9.852	15	8
429	2886219335986693	221419	8	510	-56.64533333333334	-353.2775503267974	-3000.0	8	9.672	15	8
430	2886424521437941	221933	8	508	-56.95466666666666	-371.20299475065616	-3000.0	8	9.702	14	8
431	2886653548892951	222455	8	508	-55.00400000000001	-340.2838635170604	-3000.0	9	9.756	14	8
432	2886865353688225	222969	8	508	-57.104000000000006	-349.0446010498688	-3000.0	9	9.794	14	8
433	2887081594338860	223478	8	508	-56.01333333333334	-298.1314120734908	-3000.0	10	9.91	15	8
434	2887292303891013	223987	8	508	-55.872	-414.453406824147	-3000.0	9	9.89	15	8
435	2887512497589441	224495	8	508	-56.78799999999999	-390.4711338582677	-3000.0	9	9.8	16	8
436	2887727580638424	225018	7	508	-56.995999999999995	-344.03232283464575	-3000.0	10	9.746	17	8
437	2887947077549794	225529	7	507	-56.89733333333333	-288.3412071005917	-3000.0	11	10.074	17	8
438	2888153935916070	226049	7	507	-56.51866666666667	-328.28519658119654	-3000.0	10	9.898	15	8
439	2888386099492062	226566	7	507	-56.802666666666674	-315.8619671268902	-3000.0	10	10.224	16	8
440	2888582128293200	227075	7	507	-55.37066666666667	-271.3648704799474	-3000.0	9	9.968	17	8
441	2888792518520771	227582	7	507	-56.28533333333335	-314.6610756081525	-3000.0	8	9.846	17	8
442	2889011628539664	228101	7	507	-56.062666666666665	-320.7795476660092	-3000.0	8	10.17	18	8
443	2889220371928266	228623	7	507	-56.62133333333334	-285.3722209072978	-3000.0	9	10.052	16	8
444	2889439182217370	229131	6	507	-56.47333333333332	-297.5354188034188	-3000.0	10	10.212	16	8
445	2889657848662319	229637	7	506	-56.51599999999999	-274.00957839262185	-3000.0	11	10.23	16	8
446	2889862489251877	230144	7	507	-57.12666666666667	-263.2648205128205	-3000.0	9	9.974	16	8
447	2890072524842688	230651	7	507	-55.86	-310.4884944115713	-3000.0	15	10.112	15	8
448	2890285470717299	231168	7	507	-56.964000000000006	-260.42333990795527	-3000.0	10	10.138	16	8
449	2890512301302526	231689	7	507	-56.277333333333324	-289.7601051939513	-2981.733333333333	9	10.604	16	8
450	2890755704696049	232198	7	507	-56.37333333333333	-288.1273136094675	-3000.0	10	10.728	16	8
451	2890969223515759	232705	8	507	-57.098666666666674	-278.6152347140039	-3000.0	9	10.248	15	8
452	2891201247794161	233213	8	508	-57.216	-327.77631758530185	-3000.0	10	10.468	16	8
453	2891422569725884	233729	9	508	-56.309333333333335	-302.6958451443569	-3000.0	9	10.472	16	8
454	2891647063480249	234260	8	509	-56.09466666666666	-289.60719318926004	-3000.0	14	10.568	17	8
455	2891875103313670	234782	9	508	-55.688	-340.6964645669292	-3000.0	8	10.292	17	8
456	2892098637084928	235314	9	509	-55.962666666666664	-334.4428526522593	-3000.0	10	10.268	16	8
457	2892339906165705	235842	9	509	-56.401333333333326	-284.4825828421742	-3000.0	9	10.294	17	8
458	2892569457755022	236384	7	509	-56.537333333333336	-343.82776424361487	-3000.0	8	10.22	18	8
459	2892774205718458	236909	9	507	-56.429333333333325	-335.8279342537804	-3000.0	8	10.018	18	8
460	2892990387314999	237444	9	509	-55.812000000000005	-290.38421480026193	-3000.0	8	9.884	18	8
461	2893219278327538	238003	7	509	-56.72933333333332	-300.79353241650296	-3000.0	12	9.958	16	8
462	2893475550632358	238556	6	507	-56.92400000000001	-303.65332018408947	-3000.0	10	10.348	15	8
463	2893711803775962	239109	8	506	-56.428000000000004	-346.9519446640317	-3000.0	10	10.63	16	8
464	2893942750812407	239620	8	508	-56.77866666666666	-291.82769816272963	-3000.0	10	10.398	16	8
465	2894178510512294	240143	10	508	-56.27066666666666	-334.99403412073485	-3000.0	11	10.132	15	8
466	2894402910283518	240673	9	510	-56.57333333333334	-313.5256732026144	-3000.0	11	10.19	16	8
467	2894629690471635	241202	8	509	-55.78666666666666	-285.6612888015717	-3000.0	8	10.098	15	8
468	2894840929771975	241717	9	508	-55.60799999999999	-325.10687664041996	-3000.0	12	10.268	15	8
469	2895066355235217	242232	10	509	-55.96533333333333	-427.45056450556626	-3000.0	8	10.436	16	8
470	2895305003101676	242759	10	510	-55.852	-318.1022797385622	-3000.0	11	10.46	16	8
471	2895540583174801	243296	10	510	-56.153333333333336	-324.20428496732023	-3000.0	9	10.35	16	8
472	2895794905014358	243843	12	510	-56.605333333333334	-384.27138300653587	-3000.0	10	10.328	17	8
473	2896026672754749	244394	10	512	-55.16666666666666	-376.35463802083336	-3000.0	9	9.97	15	8
474	2896242143282042	244923	10	510	-56.41733333333334	-263.41307712418296	-3000.0	8	10.106	16	8
475	2896469830203979	245457	10	510	-55.937333333333335	-367.32733333333334	-3000.0	8	9.92	16	8
476	2896694637398273	245967	12	510	-56.80133333333334	-397.6602614379084	-3000.0	9	10.148	17	8
477	2896949761298309	246551	8	512	-56.98266666666667	-336.53801562500007	-3000.0	10	10.316	17	8
478	2897182840513338	247072	7	508	-56.377333333333326	-327.3408766404199	-3000.0	10	10.446	17	8
479	2897394490232394	247579	7	507	-56.71866666666667	-362.0268428665352	-3000.0	9	10.348	16	8
480	2897623618324378	248117	8	507	-57.078666666666656	-328.49771729125575	-3000.0	14	10.674	17	8
481	2897874705383941	248640	8	508	-56.35333333333333	-346.90151706036744	-3000.0	8	10.888	17	8
482	2898103914849123	249173	8	508	-55.654666666666664	-319.15282152230975	-3000.0	13	10.432	17	8
483	2898347565541653	249688	9	508	-55.86666666666667	-342.3423910761155	-3000.0	10	10.578	16	8
484	2898568925832005	250216	8	509	-56.16666666666667	-345.15450163719714	-3000.0	8	10.662	16	8
485	2898827200581524	250726	8	508	-56.191999999999986	-399.47371653543314	-3000.0	10	10.834	17	8
486	2899055702198279	251238	8	508	-56.563999999999986	-332.55601049868767	-3000.0	10	10.606	15	8
487	2899301126166837	251754	9	508	-56.33333333333333	-350.2757585301837	-3000.0	11	10.762	16	8
488	2899546025999697	252265	9	509	-56.05066666666667	-383.6828578912901	-3000.0	11	10.768	16	8
489	2899775325988324	252795	9	509	-56.409333333333336	-365.71922986247534	-3000.0	9	10.54	16	8
490	2899984702266977	253321	9	509	-56.644000000000005	-341.3519738048461	-3000.0	11	10.204	17	8
491	2900202966726849	253848	9	509	-56.457333333333324	-329.2327884741323	-3000.0	8	10.322	16	8
492	2900424825352172	254363	10	509	-56.34933333333333	-334.11322069417156	-3000.0	10	10.526	16	8
493	2900633788285926	254873	10	510	-56.988	-371.44150849673207	-3000.0	9	10.644	17	8
494	2900851537175621	255385	11	510	-56.221333333333334	-344.4980967320262	-3000.0	10	10.584	15	8
495	2901063545801219	255896	11	511	-55.304	-372.1555538160471	-3000.0	8	10.276	16	8
496	2901277282107053	256407	11	511	-56.44799999999999	-344.28933855185915	-3000.0	8	10.196	17	8
497	2901507407554565	256932	10	511	-55.69999999999998	-401.7782309197651	-3000.0	9	10.698	18	8
498	2901730244674737	257455	10	510	-56.70933333333333	-317.09637647058815	-3000.0	10	10.526	16	8
499	2901942853920468	257972	9	510	-56.590666666666664	-384.20773856209144	-3000.0	11	10.758	17	8
