alpha = 0.15
gamma = 1.0
lambda = 0.6
epsilon = 0.3
randomSeed = 111
GREAT!
Xover: 4
---- Evolution parameters ----
Folder name:          NMSarsa_PuddleWorld/run_3027640958458471
Random seed:          111
GREAT activated:      true
Max iterations:       500
Population size:      500
GREAT initialization  true
Speciation threshold: 0.15
Species min size:     15
Tournament size:      3
Crossover rate:       0.2
Mutation rate:        0.8
Crossovers:
	AligningCrossover_v4(0.15)
Mutations:
	AddGeneMutation(maxSize=2147483647, prob=0.33)
	DeleteGeneMutation(minSize=8, prob=0.33)
	ChangeGeneMutation(prob=0.33)
------------------------------

---- Starting evolution ----
IT	Nanotime	#Eval	#Species	PopSize	Best	Avg	Worst	Best GRN Size	Avg GRN size	Max GRN size	Min GRN size
0	3040367426885290	997	1	499	613.0679999999951	453.4147875751468	-50.100000000000406	11	9.184	13	8
1	3050748884846163	1498	1	501	645.0089999999949	479.8935069860238	-50.100000000000406	12	9.656	14	8
2	3061149657742563	1999	2	501	638.578999999995	499.2959820359241	-50.100000000000406	10	10.158	14	8
3	3071666258835322	2501	2	502	658.5899999999946	501.5709023904343	-50.100000000000406	9	10.112	15	8
4	3082558339540289	3009	2	502	657.7799999999947	517.5555498007927	-50.100000000000406	12	9.856	15	8
5	3093411875399537	3511	2	502	656.9229999999949	525.4346155378443	-50.100000000000406	9	9.914	15	8
