alpha = 0.15
gamma = 1.0
lambda = 0.6
epsilon = 0.3
randomSeed = 1111
GREAT!
Xover: 4
---- Evolution parameters ----
Folder name:          NMSarsa_Maze/run_2784148513023931
Random seed:          1111
GREAT activated:      true
Max iterations:       500
Population size:      500
GREAT initialization  true
Speciation threshold: 0.15
Species min size:     15
Tournament size:      3
Crossover rate:       0.2
Mutation rate:        0.8
Crossovers:
	AligningCrossover_v4(0.15)
Mutations:
	AddGeneMutation(maxSize=2147483647, prob=0.33)
	DeleteGeneMutation(minSize=8, prob=0.33)
	ChangeGeneMutation(prob=0.33)
------------------------------

---- Starting evolution ----
IT	Nanotime	#Eval	#Species	PopSize	Best	Avg	Worst	Best GRN Size	Avg GRN size	Max GRN size	Min GRN size
0	2784492079990356	997	1	499	-88.77333333333335	-584.7257902471606	-3000.0	10	9.244	13	8
1	2784580029196618	1498	2	501	-89.93066666666665	-406.2565296074519	-3000.0	10	9.346	13	8
2	2784676232838144	2000	3	502	-89.30933333333334	-393.97716334661345	-3000.0	9	9.372	14	8
3	2784854165371950	2503	3	503	-89.59466666666667	-773.9288561961562	-3000.0	12	9.986	14	8
4	2784990936228415	3013	4	503	-90.03733333333334	-373.61701524188214	-3000.0	15	10.118	15	8
5	2785167559948493	3522	4	504	-89.75200000000002	-582.3121243386246	-3000.0	9	10.7	16	8
6	2785302714671851	4026	4	504	-89.50133333333335	-368.50832804232806	-3000.0	10	10.54	16	8
7	2785470968120305	4530	4	504	-89.61733333333333	-292.6599973544973	-3000.0	14	11.16	16	8
8	2785668548992593	5034	4	504	-79.79466666666666	-333.3962566137565	-3000.0	10	11.47	17	8
9	2785845094562857	5538	4	504	-80.74533333333335	-421.4879497354498	-3000.0	11	11.128	17	8
10	2786003573441182	6042	4	504	-80.80533333333332	-328.325753968254	-3000.0	10	10.624	18	8
11	2786158468355163	6546	7	504	-80.71866666666666	-278.11061640211636	-3000.0	10	10.692	19	8
12	2786312286743667	7053	7	507	-78.42133333333334	-407.2336199868508	-3000.0	10	10.644	17	8
13	2786522220803489	7572	6	507	-79.25333333333334	-407.0889677843525	-3000.0	16	11.776	18	8
14	2786709855190228	8078	6	506	-76.01333333333335	-271.31286429512517	-3000.0	13	12.174	19	8
15	2786919071949785	8591	6	506	-77.85333333333332	-333.985140974967	-3000.0	13	11.646	20	8
16	2787157844859023	9097	6	506	-77.77866666666665	-362.047138339921	-3000.0	12	11.854	21	8
17	2787417725801146	9618	6	506	-75.64933333333333	-408.4778471673255	-3000.0	12	11.672	20	8
18	2787675334856907	10124	6	506	-75.68533333333336	-391.61386561264817	-3000.0	12	11.91	20	8
19	2787949435975207	10631	6	506	-74.14399999999999	-395.9961712779974	-3000.0	11	11.982	21	8
20	2788229890964477	11137	6	506	-75.21066666666668	-350.79425559947316	-3000.0	12	12.01	22	8
21	2788497520167691	11649	6	506	-72.01733333333334	-413.63743610013177	-3000.0	12	11.79	20	8
22	2788803505482942	12163	5	506	-70.944	-416.5128722002635	-3000.0	13	12.006	21	8
23	2789094860625275	12668	5	505	-72.27466666666665	-414.1095049504949	-3000.0	11	11.942	21	8
24	2789382828485855	13173	5	505	-71.56133333333334	-472.79328844884475	-3000.0	11	11.972	22	8
25	2789617926562802	13678	5	505	-70.73066666666665	-393.48838547854785	-3000.0	14	11.47	22	8
26	2789937909237935	14183	5	505	-69.68933333333332	-336.1955854785478	-3000.0	12	12.806	23	8
27	2790255660587229	14688	6	505	-70.66	-399.93901782178216	-3000.0	13	12.57	24	8
28	2790512670840450	15198	6	506	-71.62933333333332	-353.6902898550724	-3000.0	11	11.372	23	8
29	2790772704077807	15704	6	506	-70.98533333333334	-516.6667826086957	-3000.0	13	11.322	22	8
30	2791033191657164	16210	6	506	-69.41333333333333	-443.0995915678524	-3000.0	12	11.01	23	8
31	2791296930549246	16716	6	506	-70.36400000000002	-370.98917523056656	-3000.0	13	11.372	22	8
32	2791584061923329	17222	6	506	-70.944	-456.75080632411067	-3000.0	11	11.456	22	8
33	2791880160968323	17732	6	506	-68.59199999999998	-394.1765955204216	-3000.0	14	11.592	21	8
34	2792170271124854	18238	6	506	-68.568	-381.06856389986825	-3000.0	13	11.308	17	8
35	2792460561370791	18744	6	506	-66.91333333333333	-451.3355494071146	-3000.0	15	11.646	18	8
36	2792749811738544	19250	6	506	-67.42533333333333	-366.7570856389987	-3000.0	16	11.91	19	8
37	2793056955214094	19756	6	506	-67.23333333333333	-465.55336758893276	-3000.0	14	12.126	20	8
38	2793362619313585	20262	6	506	-66.94533333333332	-397.3681712779974	-3000.0	16	12.204	20	8
39	2793686632734341	20768	6	506	-67.68	-295.425604743083	-3000.0	15	12.408	20	8
40	2794023299830556	21276	6	506	-66.99466666666667	-407.9447957839263	-3000.0	14	12.696	19	8
41	2794329218304438	21782	6	506	-65.19866666666668	-382.3006297760211	-3000.0	15	11.738	19	8
42	2794647058438808	22288	6	506	-66.60133333333334	-336.55970223978926	-3000.0	15	12.51	19	8
43	2794958432255051	22794	6	506	-65.51066666666668	-397.21775757575756	-3000.0	15	12.438	20	8
44	2795278976721139	23300	6	506	-66.35066666666667	-298.9026956521739	-3000.0	13	12.77	19	8
45	2795593401636789	23806	6	506	-65.28133333333334	-329.59065876152835	-3000.0	12	13.016	19	8
46	2795903974220993	24312	6	506	-64.77599999999998	-324.54360474308305	-3000.0	13	12.98	19	8
47	2796209921654948	24818	6	506	-65.65733333333334	-309.3149328063241	-3000.0	14	12.72	18	8
48	2796508249383109	25324	6	506	-65.55199999999996	-375.0517654808958	-3000.0	13	12.322	18	8
49	2796790280017938	25830	6	506	-66.068	-540.0285006587617	-3000.0	14	11.598	18	8
50	2797097573330221	26347	5	506	-65.192	-382.74350197628456	-3000.0	17	11.866	18	8
51	2797388974192340	26852	5	505	-64.24133333333334	-328.2217927392739	-3000.0	11	12.016	19	8
52	2797686265449562	27357	5	505	-63.58	-312.5068145214521	-3000.0	12	12.484	19	8
53	2797987704411387	27869	5	505	-63.46799999999999	-261.2368184818482	-3000.0	11	12.028	19	8
54	2798297328756581	28374	5	505	-65.52266666666668	-375.3888976897689	-3000.0	11	12.486	19	8
55	2798612817557017	28879	5	505	-62.36	-358.2898613861386	-3000.0	11	13.016	20	8
56	2798950241728694	29384	5	505	-64.65066666666667	-279.66934653465347	-3000.0	13	13.176	20	8
57	2799273603536510	29889	5	505	-63.96133333333333	-318.46082376237626	-3000.0	11	13.41	20	8
58	2799616259733285	30394	5	505	-63.958666666666666	-338.6045122112211	-3000.0	12	13.602	20	8
59	2799947702997209	30899	5	505	-64.14399999999999	-312.50325016501654	-3000.0	11	13.736	21	9
60	2800298904308862	31404	5	505	-63.849333333333334	-285.4589333333334	-3000.0	13	13.95	20	8
61	2800634019227707	31909	5	505	-63.72533333333333	-368.8038811881188	-3000.0	11	13.634	21	8
62	2800971084336531	32414	5	505	-63.67333333333334	-267.01317755775585	-3000.0	12	14.044	20	8
63	2801316788478380	32919	5	505	-62.996	-343.9392132013201	-3000.0	15	14.378	20	8
64	2801666118574241	33424	5	505	-64.19066666666669	-229.30436171617166	-3000.0	11	14.958	20	9
65	2802038912684425	33929	5	505	-63.685333333333325	-317.58336105610556	-3000.0	12	14.916	20	8
66	2802399909556686	34434	5	505	-63.80666666666667	-315.3312660066007	-3000.0	16	14.782	20	10
67	2802765703970738	34939	5	505	-63.416	-308.7642877887788	-3000.0	17	14.912	21	9
68	2803114007698953	35444	5	505	-62.61999999999999	-303.64589570957094	-3000.0	14	14.786	22	8
69	2803484134617895	35949	5	505	-63.78800000000001	-334.5117623762377	-3000.0	15	15.234	21	9
70	2803837354619735	36454	5	505	-61.91333333333334	-284.44809768976893	-3000.0	17	14.966	21	8
71	2804215776031946	36959	5	505	-63.90933333333335	-276.678003960396	-3000.0	16	15.042	20	9
72	2804592680727241	37464	5	505	-62.24666666666666	-271.3879260726073	-3000.0	15	15.124	20	9
73	2804979162725135	37969	5	505	-62.06933333333333	-379.18694389438946	-3000.0	18	15.382	21	8
74	2805355948863738	38474	5	505	-61.66	-385.8621570957095	-3000.0	15	15.626	22	8
75	2805711677187534	38979	5	505	-62.31066666666666	-313.483997359736	-3000.0	14	15.086	21	8
76	2806081165008536	39484	5	505	-62.55600000000001	-251.78917491749175	-3000.0	16	14.71	21	8
77	2806427125774623	39989	5	505	-62.35066666666667	-255.72729504950493	-3000.0	17	14.434	22	8
78	2806775436155969	40494	5	505	-62.943999999999996	-307.3093518151815	-3000.0	17	14.728	21	8
79	2807119817531928	40999	5	505	-62.60266666666667	-299.6853676567656	-3000.0	12	14.368	22	8
80	2807465275848957	41504	5	505	-62.72	-390.2375894389438	-3000.0	13	14.27	21	8
81	2807822317744842	42020	4	505	-62.48666666666667	-292.90738217821786	-3000.0	17	14.712	21	8
82	2808184015957899	42524	4	504	-62.82266666666666	-312.3105370370369	-3000.0	17	14.874	22	8
83	2808538295480858	43028	4	504	-62.98	-366.04954497354504	-3000.0	15	14.736	23	8
84	2808864473563303	43532	4	504	-62.98666666666664	-341.65493386243384	-3000.0	16	13.922	23	8
85	2809204785756090	44036	4	504	-62.966666666666676	-347.72561640211643	-3000.0	16	14.5	24	8
86	2809545765685982	44540	4	504	-61.72666666666666	-339.0383201058202	-3000.0	12	14.45	24	8
87	2809920004649364	45044	4	504	-62.48266666666667	-328.27960582010576	-3000.0	16	15.056	22	8
88	2810275334255467	45548	4	504	-61.75866666666667	-315.52757407407415	-3000.0	19	14.716	22	9
89	2810620096683732	46052	4	504	-61.734666666666655	-372.80655820105824	-3000.0	16	14.606	23	8
90	2810965854374718	46556	4	504	-61.17866666666666	-367.19474603174604	-3000.0	20	14.82	23	9
91	2811330193898142	47060	4	504	-61.38400000000001	-274.08718518518515	-3000.0	16	15.6	23	9
92	2811703917104004	47564	4	504	-61.934666666666665	-280.3362592592593	-3000.0	14	15.84	24	9
93	2812110976844869	48068	4	504	-61.64533333333331	-307.8707433862434	-3000.0	20	16.292	23	9
94	2812501405477733	48572	4	504	-61.852	-270.1022936507936	-3000.0	17	16.106	23	8
95	2812907034514441	49076	4	504	-61.610666666666674	-320.1658412698413	-3000.0	19	16.654	24	8
96	2813299107272973	49580	4	504	-61.327999999999996	-348.7296693121693	-3000.0	15	16.288	23	9
97	2813694440794327	50084	4	504	-62.428000000000004	-320.82009788359795	-3000.0	18	16.272	23	9
98	2814089665087754	50588	4	504	-61.38799999999999	-362.6236984126984	-3000.0	16	16.506	24	9
99	2814483928467108	51092	4	504	-62.78533333333334	-284.1601481481481	-3000.0	13	16.014	23	9
100	2814887017086389	51596	4	504	-62.076	-444.45108994708994	-3000.0	13	16.272	24	9
101	2815284371374688	52100	4	504	-61.68400000000001	-273.1109074074074	-3000.0	19	16.226	24	9
102	2815678529007498	52604	4	504	-61.364	-348.50527248677247	-3000.0	17	16.334	24	9
103	2816083067431991	53108	4	504	-62.01733333333333	-284.7253624338624	-3000.0	19	16.65	24	9
104	2816485074966927	53612	4	504	-62.205333333333336	-293.2403412698413	-3000.0	16	16.958	24	9
105	2816892437520068	54116	4	504	-61.45866666666666	-322.53116931216937	-3000.0	15	17.086	25	9
106	2817290243690701	54620	4	504	-61.24133333333332	-267.6876904761904	-3000.0	20	16.846	26	9
107	2817706649185397	55124	4	504	-61.096	-339.2951216931217	-3000.0	19	16.638	26	8
108	2818134391942779	55628	4	504	-61.988	-252.92433597883593	-3000.0	14	16.93	27	10
109	2818558090986076	56132	4	504	-61.15466666666666	-277.5461666666667	-3000.0	16	17.186	28	9
110	2818956744612498	56636	4	504	-61.992	-364.9793941798942	-3000.0	14	17.122	28	10
111	2819362549605378	57140	4	504	-60.70800000000001	-347.5712195767196	-3000.0	15	16.774	28	10
112	2819780628112998	57644	4	504	-62.181333333333335	-355.8228941798942	-3000.0	17	16.916	28	9
113	2820186502497339	58148	4	504	-62.08533333333332	-336.79030687830675	-3000.0	17	16.41	27	11
114	2820577715068293	58652	4	504	-61.50666666666667	-307.5623571428572	-3000.0	17	16.168	28	11
115	2820960331370937	59156	4	504	-62.93066666666667	-314.2880873015873	-3000.0	15	16.152	26	11
116	2821337210918797	59660	4	504	-62.125333333333316	-381.7762698412699	-3000.0	14	15.472	24	10
117	2821708678538343	60164	4	504	-61.44133333333335	-324.3186984126985	-3000.0	14	15.67	24	10
118	2822085452665731	60668	4	504	-62.16266666666667	-317.70741269841267	-3000.0	11	15.71	23	10
119	2822457479571552	61172	4	504	-61.934666666666665	-464.4863492063493	-3000.0	18	14.74	22	10
120	2822782401361440	61676	4	504	-62.07333333333333	-312.0242857142856	-3000.0	15	14.526	22	9
121	2823124720793539	62180	4	504	-62.198666666666675	-338.73081216931234	-3000.0	15	15.11	22	10
122	2823462155042404	62684	4	504	-61.24000000000001	-320.9847777777776	-3000.0	16	14.59	20	10
123	2823817195578521	63188	4	504	-61.54933333333332	-416.5873809523809	-3000.0	11	14.464	20	9
124	2824134860971805	63692	4	504	-62.10799999999998	-358.9399973544974	-3000.0	15	14.43	21	9
125	2824489790368760	64196	4	504	-62.78	-447.3155634920635	-3000.0	11	14.244	21	9
126	2824817686583818	64700	4	504	-62.06666666666665	-376.1237830687831	-3000.0	12	14.106	21	8
127	2825141852627492	65204	4	504	-62.618666666666655	-385.5480132275133	-3000.0	11	14.29	21	9
128	2825464724445140	65708	4	504	-61.08933333333334	-290.01556613756617	-3000.0	13	14.688	21	9
129	2825811327894930	66212	4	504	-62.20000000000001	-252.93933862433863	-3000.0	18	15.056	22	8
130	2826161281689380	66716	4	504	-62.16133333333333	-341.3192724867726	-3000.0	14	15.08	23	8
131	2826528843577857	67220	4	504	-62.541333333333334	-319.906507936508	-3000.0	13	15.384	23	8
132	2826877720520081	67724	4	504	-62.24666666666668	-308.743462962963	-3000.0	15	15.37	23	10
133	2827267255347821	68228	4	504	-61.63199999999999	-344.0844047619047	-3000.0	12	16.054	23	10
134	2827628353730935	68732	4	504	-60.64133333333334	-383.1821507936509	-3000.0	21	15.37	23	10
135	2827997862805296	69236	4	504	-61.89733333333333	-301.4126137566137	-3000.0	12	15.866	24	10
136	2828369041634403	69740	4	504	-61.73066666666666	-311.62625661375654	-3000.0	14	15.582	24	9
137	2828738748387970	70244	4	504	-61.24666666666668	-373.3824947089947	-3000.0	15	15.314	24	9
138	2829125265754434	70748	4	504	-61.86000000000001	-400.99771164021155	-3000.0	13	15.312	24	8
139	2829501714257205	71252	4	504	-61.641333333333336	-263.36892857142857	-3000.0	16	15.47	24	10
140	2829848793671643	71756	4	504	-61.390666666666654	-359.8912857142858	-3000.0	20	15.538	25	9
141	2830201026974343	72260	4	504	-62.357333333333344	-259.6898835978837	-3000.0	15	15.622	26	10
142	2830588973213995	72764	4	504	-61.28533333333334	-362.7769126984127	-3000.0	12	16.102	26	10
143	2830967268276373	73268	4	504	-61.817333333333316	-328.9647910052909	-3000.0	16	16.36	26	9
144	2831358573400383	73772	4	504	-61.00933333333332	-320.376029100529	-3000.0	15	16.36	25	10
145	2831743983232597	74276	4	504	-61.128000000000014	-268.6556613756614	-3000.0	21	16.472	26	9
146	2832150243721727	74780	4	504	-62.61333333333333	-453.4506164021164	-3000.0	17	16.608	26	10
147	2832526535100542	75284	4	504	-61.90533333333332	-305.85527513227515	-3000.0	24	15.95	26	9
148	2832934321197906	75788	4	504	-61.56	-429.18491534391524	-3000.0	20	16.43	25	8
149	2833318863928293	76292	4	504	-61.22933333333334	-309.3971402116402	-3000.0	12	15.81	26	8
150	2833695014774290	76796	4	504	-61.83733333333333	-310.27980423280417	-3000.0	10	15.548	26	8
151	2834119174469217	77300	4	504	-61.864000000000004	-320.41882539682535	-3000.0	17	16.552	26	8
152	2834504842649792	77804	4	504	-62.11066666666668	-358.1713888888888	-3000.0	13	16.12	27	8
153	2834843843086460	78308	4	504	-61.01600000000001	-398.1305449735448	-3000.0	15	14.604	27	9
154	2835207826508123	78812	4	504	-62.46133333333332	-355.44352380952375	-3000.0	16	15.11	28	8
155	2835558331332764	79316	4	504	-61.83333333333332	-370.90965079365077	-3000.0	18	15.244	28	8
156	2835911175526514	79820	4	504	-62.32	-393.96142857142854	-3000.0	12	14.748	27	8
157	2836277752909931	80324	3	504	-62.110666666666646	-470.6952857142857	-3000.0	13	14.908	24	8
158	2836650679897233	80827	3	503	-62.06266666666667	-273.7309927104043	-3000.0	21	15.962	22	9
159	2837019686126755	81330	3	503	-62.07866666666668	-240.93508283631547	-3000.0	11	16.05	22	9
160	2837404692124150	81833	3	503	-61.49733333333333	-364.8153585155732	-3000.0	12	16.066	22	8
161	2837807438114057	82336	3	503	-62.25066666666667	-355.77535321404906	-3000.0	13	15.88	23	8
162	2838203621382598	82839	3	503	-62.161333333333324	-312.7610444002651	-3000.0	14	16.424	24	9
163	2838585159301696	83342	3	503	-60.827999999999996	-305.790563286945	-3000.0	12	16.134	24	9
164	2838977480753823	83845	3	503	-61.705333333333336	-365.38484824387024	-3000.0	21	16.178	24	10
165	2839371504037640	84348	3	503	-61.48533333333334	-331.00617892644124	-3000.0	14	16.432	23	9
166	2839761768432981	84851	3	503	-60.97466666666667	-304.53488402915843	-3000.0	23	16.386	23	9
167	2840154848764102	85354	3	503	-61.94533333333333	-320.0670112657388	-3000.0	16	16.588	23	10
168	2840545214645222	85857	3	503	-61.216	-372.8414234592444	-3000.0	18	16.528	24	10
169	2840927625685652	86360	3	503	-62.21466666666667	-311.689237905898	-3000.0	15	16.622	23	11
170	2841341344067296	86863	3	503	-61.571999999999996	-298.41042014579176	-3000.0	11	16.764	24	10
171	2841755424796523	87366	3	503	-61.628000000000014	-315.2264917163684	-3000.0	19	16.736	24	10
172	2842140544152251	87869	3	503	-60.48933333333334	-304.1845248508945	-3000.0	15	16.288	25	10
173	2842519266961364	88372	3	503	-61.46533333333335	-298.8280000000001	-3000.0	18	16.292	22	10
174	2842909059682856	88875	3	503	-61.51733333333335	-238.37857388999336	-3000.0	17	16.556	22	10
175	2843291271535644	89378	3	503	-61.318666666666665	-292.9193320079523	-3000.0	15	16.626	22	10
176	2843708225319069	89881	3	503	-62.12666666666668	-276.6995891318755	-3000.0	14	16.798	22	9
177	2844098306636711	90384	3	503	-61.634666666666675	-328.9400795228628	-3000.0	12	16.656	22	10
178	2844495362168303	90887	3	503	-61.41466666666667	-236.5220728959576	-3000.0	13	16.55	23	10
179	2844896290203443	91390	3	503	-61.508	-280.76747514910545	-3000.0	15	16.63	23	10
180	2845283828451699	91893	3	503	-61.269333333333336	-258.17809675281643	-3000.0	15	17.016	22	9
181	2845671141868408	92396	3	503	-61.890666666666654	-294.65650099403575	-3000.0	18	16.564	22	10
182	2846045791538245	92899	3	503	-61.36266666666666	-282.20454075546724	-3000.0	18	16.16	22	10
183	2846446941973116	93402	3	503	-61.370666666666686	-373.90487475149104	-3000.0	14	17.0	22	11
184	2846858109300904	93905	3	503	-61.14	-415.7576964877404	-3000.0	14	16.834	23	10
185	2847258646579789	94408	3	503	-61.73866666666666	-339.1351835652751	-3000.0	13	16.836	23	10
186	2847658113508603	94911	3	503	-62.44	-332.5738131212723	-3000.0	16	16.71	23	10
187	2848039102660990	95414	3	503	-61.58799999999999	-265.3863512259774	-3000.0	12	16.516	24	10
188	2848430378780153	95917	3	503	-61.744	-401.98225314778	-3000.0	16	16.344	24	9
189	2848820764193672	96420	3	503	-62.208	-326.01664678595114	-3000.0	19	17.044	24	9
190	2849258546025232	96923	3	503	-61.39066666666667	-382.2944068919813	-3000.0	17	16.908	25	10
191	2849664408970265	97426	3	503	-61.69733333333333	-363.51984095427446	-3000.0	14	16.664	25	9
192	2850059549021050	97929	3	503	-61.38666666666665	-288.3117084161696	-3000.0	14	16.882	26	10
193	2850470506187942	98432	3	503	-61.040000000000006	-295.8598568588469	-3000.0	14	17.032	26	10
194	2850872773092763	98935	3	503	-61.39466666666667	-376.17013651424793	-3000.0	15	16.882	27	9
195	2851259748449102	99438	3	503	-61.97333333333333	-403.7446467859511	-3000.0	17	16.744	27	10
196	2851660944945468	99941	3	503	-61.40533333333333	-364.06438436050365	-3000.0	17	16.83	28	11
197	2852076538532105	100444	3	503	-61.153333333333336	-408.5197561298874	-3000.0	14	16.716	27	11
198	2852473498973775	100947	3	503	-61.71066666666667	-416.616307488403	-3000.0	18	16.262	26	10
199	2852867941981590	101450	3	503	-61.57066666666667	-482.35130284956915	-3000.0	18	16.76	27	10
200	2853255664329004	101953	3	503	-61.082666666666675	-352.9906640159047	-3000.0	18	16.998	27	10
201	2853665013742755	102456	3	503	-61.41066666666666	-289.00083499005984	-3000.0	17	16.834	24	9
202	2854080912241502	102959	3	503	-60.757333333333335	-348.9974976805832	-3000.0	14	17.832	25	10
203	2854479195086937	103462	3	503	-62.11066666666668	-292.6333598409543	-3000.0	16	16.77	24	11
204	2854893167719847	103965	3	503	-61.48266666666667	-280.3960000000001	-3000.0	16	16.674	25	10
205	2855299571749189	104468	3	503	-62.7	-286.01624121935055	-3000.0	15	16.946	24	10
206	2855696414397118	104971	3	503	-61.78133333333333	-259.44964347249845	-3000.0	16	16.862	24	10
207	2856108984515814	105474	3	503	-61.251999999999995	-299.2574791252486	-3000.0	14	17.15	25	10
208	2856531032845670	105977	3	503	-61.43466666666667	-274.43365407554677	-3000.0	15	17.016	24	11
209	2856939954186527	106480	3	503	-61.71866666666668	-366.01131345261757	-3000.0	19	16.866	25	10
210	2857316778431144	106983	3	503	-61.37333333333333	-356.49571106693173	-3000.0	12	16.152	25	10
211	2857700239508361	107486	3	503	-61.75200000000001	-348.6754406891983	-3000.0	14	16.094	26	10
212	2858112039541923	107989	3	503	-61.498666666666665	-308.47471438038434	-3000.0	15	16.852	27	10
213	2858533421920883	108492	3	503	-62.20266666666667	-223.32140490390987	-3000.0	24	17.31	26	10
214	2858965968053143	108995	3	503	-61.77600000000001	-359.1869635520212	-3000.0	15	16.756	26	9
215	2859356260919704	109498	3	503	-61.79866666666667	-288.2734446653412	-3000.0	15	16.392	25	9
216	2859755331047943	110001	3	503	-61.858666666666664	-271.91858979456606	-3000.0	20	16.912	26	10
217	2860168528732717	110504	3	503	-61.66266666666667	-280.51183035122597	-3000.0	20	17.042	26	9
218	2860552009319987	111007	3	503	-60.95066666666666	-240.4006600397614	-3000.0	15	16.668	26	10
219	2860956747183346	111510	3	503	-61.80666666666666	-350.9662213386348	-3000.0	14	16.518	26	10
220	2861355126376658	112013	3	503	-60.83333333333333	-307.27925778661364	-3000.0	13	16.368	27	10
221	2861747404885065	112516	3	503	-61.46800000000001	-291.92780119284294	-3000.0	16	16.196	27	9
222	2862127301733768	113019	3	503	-61.65866666666667	-299.3207342611001	-3000.0	22	15.932	23	10
223	2862507220567692	113522	3	503	-61.670666666666676	-359.57938767395615	-3000.0	15	16.226	24	10
224	2862903318163042	114025	3	503	-60.18533333333335	-269.7525964214711	-3000.0	14	16.7	25	10
225	2863303894009711	114528	3	503	-61.37200000000001	-252.51782637508288	-3000.0	15	16.772	25	10
226	2863706182218748	115031	3	503	-61.84933333333333	-325.41942213386346	-3000.0	17	16.704	26	10
227	2864115404520396	115534	3	503	-60.92000000000001	-326.99634459907196	-3000.0	21	17.192	27	11
228	2864552894238036	116037	3	503	-60.72933333333332	-269.70059377070913	-3000.0	14	17.786	28	10
229	2864973324431300	116540	3	503	-60.425333333333334	-333.64313055003316	-3000.0	15	17.378	29	9
230	2865368598337909	117043	3	503	-61.34133333333334	-398.70274884029175	-3000.0	16	16.606	30	8
231	2865790768624722	117546	3	503	-61.04666666666667	-314.725267064281	-3000.0	15	18.086	31	10
232	2866239657385180	118049	3	503	-61.43333333333333	-314.5126388336646	-3000.0	14	18.106	28	10
233	2866680405535035	118552	3	503	-61.53466666666666	-337.3317746852219	-3000.0	17	18.1	29	10
234	2867095214696631	119055	3	503	-62.055999999999976	-390.7165275016566	-3000.0	14	17.208	30	9
235	2867489002559124	119558	3	503	-61.06799999999999	-289.0866083499007	-3000.0	11	17.256	30	9
236	2867901354217314	120061	3	503	-61.20400000000001	-344.4730099403578	-3000.0	19	17.388	31	10
237	2868291709356803	120564	3	503	-61.57999999999999	-278.70968853545395	-3000.0	14	17.44	32	10
238	2868711589363078	121067	3	503	-60.81333333333332	-371.49349768058306	-3000.0	22	17.244	31	9
239	2869118199673391	121570	3	503	-61.48799999999999	-367.21282173624917	-3000.0	14	17.044	27	10
240	2869528082808357	122073	3	503	-61.82533333333334	-326.08749105367787	-3000.0	14	17.292	26	9
241	2869937430788318	122576	3	503	-61.69733333333335	-376.54623194168323	-3000.0	12	17.314	26	10
242	2870320918210312	123079	3	503	-61.88400000000001	-362.8909025844931	-3000.0	13	16.966	26	10
243	2870729846765895	123582	3	503	-61.364000000000004	-413.27504572564595	-3000.0	16	16.924	25	10
244	2871118818651225	124085	3	503	-61.95333333333333	-311.7603605036448	-3000.0	20	17.046	26	11
245	2871510683106937	124588	3	503	-61.803999999999995	-295.61823989396936	-3000.0	18	17.348	26	11
246	2871885642813942	125091	3	503	-61.11066666666667	-257.0095851557323	-3000.0	12	16.334	25	11
247	2872285054450456	125594	3	503	-61.66399999999999	-385.0040424121935	-3000.0	18	16.468	26	10
248	2872669065440097	126097	3	503	-60.818666666666665	-269.7660994035785	-3000.0	13	16.446	26	9
249	2873048970671449	126600	3	503	-60.85999999999999	-317.10154804506277	-3000.0	12	16.288	26	11
250	2873424611681969	127103	3	503	-61.442666666666675	-299.77696752816433	-3000.0	15	16.048	27	10
251	2873765892559113	127606	3	503	-61.55600000000001	-303.43299668654737	-3000.0	14	15.456	24	10
252	2874113533783382	128109	3	503	-61.262666666666654	-378.4698926441354	-3000.0	13	15.056	24	10
253	2874440086447733	128612	3	503	-60.08799999999999	-384.82583697813124	-3000.0	13	14.51	25	9
254	2874765835559590	129115	3	503	-60.70533333333333	-414.2015957587806	-3000.0	12	14.322	21	9
255	2875114158232158	129618	3	503	-61.85866666666666	-263.22153744201455	-3000.0	14	14.98	22	9
256	2875471152511140	130135	2	503	-61.78400000000001	-330.35991517561297	-3000.0	11	15.314	22	10
257	2875798779507555	130637	2	502	-61.49200000000002	-354.1243107569722	-3000.0	14	15.314	22	9
258	2876148960665698	131139	2	502	-60.47466666666668	-373.4609030544489	-3000.0	20	15.404	22	10
259	2876503684918599	131641	2	502	-60.96	-440.23445949535187	-3000.0	11	15.114	22	9
260	2876877251695800	132143	2	502	-61.05466666666669	-324.16340239043814	-3000.0	14	15.424	22	9
261	2877243023332841	132645	2	502	-61.082666666666675	-282.6291978751659	-3000.0	18	15.724	22	9
262	2877610213980042	133147	2	502	-61.01999999999999	-327.34084196547144	-3000.0	18	15.87	22	8
263	2877957797474114	133649	2	502	-61.178666666666665	-436.8758353253653	-3000.0	19	15.424	23	9
264	2878327557133803	134151	2	502	-61.04133333333334	-376.0166347941568	-3000.0	15	15.76	23	9
265	2878702974955475	134653	2	502	-60.32266666666666	-429.22045683930963	-3000.0	20	15.876	23	10
266	2879079282649528	135155	2	502	-62.05599999999998	-301.57667463479396	-3000.0	15	16.364	23	10
267	2879479144338233	135657	2	502	-60.512	-311.2482921646745	-3000.0	16	16.506	23	11
268	2879877481802088	136159	2	502	-60.91733333333334	-332.8958007968127	-3000.0	14	16.484	23	10
269	2880265341343008	136661	2	502	-61.54933333333332	-329.3982045152721	-3000.0	15	16.65	22	9
270	2880650938479455	137163	2	502	-61.77466666666668	-381.78031341301454	-3000.0	18	16.718	23	8
271	2881019869813259	137665	2	502	-61.40666666666666	-360.58321381142076	-3000.0	13	16.712	24	11
272	2881390418892596	138167	2	502	-61.649333333333345	-341.79758034528555	-3000.0	15	16.702	24	10
273	2881784199882077	138669	2	502	-61.26133333333335	-345.438284196547	-3000.0	14	17.006	25	11
274	2882171662068074	139171	2	502	-61.99466666666668	-318.3739389110223	-3000.0	17	17.114	24	11
275	2882569213375512	139673	2	502	-61.65600000000001	-347.18611686586996	-3000.0	16	17.232	24	11
276	2882973512938483	140175	2	502	-62.390666666666654	-291.6347463479416	-3000.0	18	17.086	24	10
277	2883354207856810	140677	2	502	-61.43466666666667	-289.0618884462151	-3000.0	16	17.024	25	11
278	2883749576331614	141179	2	502	-61.38933333333333	-295.7737928286855	-3000.0	15	17.018	26	11
279	2884130882067086	141681	2	502	-61.02000000000001	-363.8368791500664	-3000.0	17	16.382	22	10
280	2884523869894528	142183	2	502	-61.27466666666666	-268.1572244355908	-3000.0	17	16.582	23	10
281	2884930419431568	142685	2	502	-61.33466666666668	-360.54103320053105	-3000.0	17	16.95	23	10
282	2885329987650834	143187	2	502	-61.57866666666668	-313.8707011952192	-3000.0	13	16.674	24	9
283	2885726193849682	143689	2	502	-62.170666666666655	-293.24186188579023	-3000.0	22	16.562	24	9
284	2886083183419326	144191	2	502	-61.325333333333326	-322.5636308100928	-3000.0	21	15.84	24	9
285	2886475050622519	144693	2	502	-61.827999999999996	-398.8025285524567	-3000.0	14	16.292	24	9
286	2886871160360100	145195	2	502	-60.83466666666666	-321.9453519256308	-3000.0	14	16.67	25	9
287	2887285234738488	145697	2	502	-61.070666666666675	-312.2961248339972	-3000.0	12	17.092	25	10
288	2887671341200267	146199	2	502	-61.611999999999995	-332.5052855245682	-3000.0	16	15.868	25	11
289	2888080764972106	146701	2	502	-61.34133333333332	-341.0126454183269	-3000.0	15	17.004	26	10
290	2888506951463867	147203	2	502	-60.73333333333334	-408.4551766268262	-3000.0	18	17.15	26	10
291	2888912881515627	147705	2	502	-61.55866666666669	-403.56058432934924	-3000.0	18	16.538	25	9
292	2889309622849565	148207	2	502	-61.86666666666668	-286.1992616201859	-3000.0	18	16.814	25	10
293	2889711180190364	148709	2	502	-60.942666666666675	-347.89622841965485	-3000.0	18	16.772	25	10
294	2890123092483925	149211	2	502	-61.583999999999996	-349.0378804780877	-3000.0	22	17.106	26	10
295	2890516240176334	149713	2	502	-61.19733333333333	-417.44099601593626	-3000.0	19	16.6	26	9
296	2890907414147880	150215	2	502	-61.09866666666666	-306.17422576361224	-3000.0	16	16.986	27	10
297	2891337117528169	150717	2	502	-61.094666666666654	-312.49969721115536	-3000.0	20	17.408	27	9
298	2891747412230379	151219	2	502	-62.088	-367.97393625497995	-3000.0	18	17.524	26	9
299	2892176319903133	151721	2	502	-61.49733333333333	-399.56738645418307	-3000.0	20	17.392	26	11
300	2892586775883233	152223	2	502	-61.57599999999999	-309.7557875166003	-3000.0	19	17.138	26	10
301	2892998015536380	152725	2	502	-61.716000000000015	-338.49894820717145	-3000.0	20	17.098	25	9
302	2893394377689415	153227	2	502	-60.458666666666666	-346.6400531208496	-3000.0	16	16.93	26	9
303	2893788009043799	153729	2	502	-61.973333333333336	-404.64384063745007	-3000.0	14	16.66	26	8
304	2894182660642874	154231	2	502	-62.01466666666666	-321.88307038512613	-3000.0	16	16.776	27	9
305	2894605226089018	154733	2	502	-60.510666666666665	-288.49176892430245	-3000.0	14	17.172	28	8
306	2895037000838076	155235	2	502	-60.390666666666654	-339.70228685258985	-3000.0	13	17.498	29	9
307	2895477855187401	155737	2	502	-62.10266666666666	-281.1633014608233	-3000.0	12	17.87	29	9
308	2895899123099594	156239	2	502	-61.46800000000001	-385.94959893758295	-3000.0	21	17.73	30	9
309	2896343738683860	156741	2	502	-61.11066666666667	-389.23459229747664	-3000.0	14	17.814	30	9
310	2896789011052891	157243	2	502	-61.32933333333333	-318.16935723771576	-3000.0	12	17.952	30	9
311	2897234512306125	157745	2	502	-62.04266666666666	-342.0252244355913	-3000.0	22	17.624	30	9
312	2897676911387734	158247	2	502	-61.224000000000004	-373.64491367861893	-3000.0	16	17.824	30	8
313	2898112858723624	158749	2	502	-61.423999999999985	-364.9789986719787	-3000.0	13	17.942	29	9
314	2898552563518815	159251	2	502	-61.61066666666667	-354.18985922974764	-3000.0	15	17.468	30	9
315	2899013928438286	159753	2	502	-60.51599999999999	-326.90409030544487	-3000.0	15	18.058	29	9
316	2899447726312735	160255	2	502	-61.592000000000006	-312.5705737051792	-3000.0	18	18.228	28	8
317	2899904897482238	160757	2	502	-61.834666666666664	-428.98296945551124	-3000.0	22	18.156	28	10
318	2900331839779725	161259	2	502	-61.464000000000006	-306.2948605577691	-3000.0	14	18.416	28	10
319	2900757939014336	161761	2	502	-60.8	-392.26566533864525	-3000.0	18	18.006	29	9
320	2901170913600034	162263	2	502	-60.58266666666666	-359.02105710491355	-3000.0	20	17.784	28	9
321	2901577932840159	162765	2	502	-61.722666666666676	-327.8504568393096	-3000.0	21	18.082	28	10
322	2901982875785628	163267	2	502	-61.40933333333332	-259.1813333333334	-3000.0	18	17.752	27	9
323	2902423132987073	163769	2	502	-61.34799999999999	-359.2136679946879	-3000.0	17	18.156	27	10
324	2902851723630876	164271	2	502	-60.585333333333345	-345.76889774236395	-3000.0	21	18.478	27	10
325	2903269890827557	164773	2	502	-60.98000000000001	-373.6938778220451	-3000.0	18	18.788	26	11
326	2903693540202565	165275	2	502	-61.530666666666654	-320.490749003984	-3000.0	18	18.752	27	11
327	2904128333375272	165777	2	502	-60.917333333333325	-306.6862948207172	-3000.0	17	18.928	27	10
328	2904560099286189	166279	2	502	-62.06533333333332	-409.93761752988036	-3000.0	18	18.496	27	10
329	2904980273414793	166781	2	502	-61.51866666666667	-352.55435856573695	-3000.0	22	18.802	28	10
330	2905418568185524	167283	2	502	-61.26533333333334	-358.6292881806111	-3000.0	16	19.086	29	10
331	2905855458757115	167785	2	502	-60.663999999999994	-329.20985922974774	-3000.0	16	19.022	29	10
332	2906289862589741	168287	2	502	-61.17466666666665	-288.35610624170005	-3000.0	17	18.684	28	11
333	2906695298198138	168789	2	502	-61.99866666666665	-286.9459256308101	-3000.0	15	18.136	29	10
334	2907117452967575	169291	2	502	-60.93066666666667	-283.8094289508633	-3000.0	16	18.49	29	11
335	2907549782907696	169793	2	502	-61.94666666666666	-242.70326693227088	-3000.0	23	19.028	29	12
336	2907972544256063	170295	2	502	-61.890666666666675	-313.4953598937583	-3000.0	18	18.694	28	11
337	2908366163005362	170797	2	502	-61.2146666666667	-296.83877822045145	-3000.0	20	17.716	28	11
338	2908755169090153	171299	2	502	-60.99333333333334	-288.670379814077	-3000.0	20	17.8	28	10
339	2909171276770246	171801	2	502	-60.73600000000001	-249.03078884462153	-3000.0	27	18.42	28	10
340	2909598753077816	172303	2	502	-61.50266666666666	-414.36224701195215	-3000.0	11	18.344	29	9
341	2910019453465475	172805	2	502	-61.40666666666666	-326.0704488711819	-3000.0	18	18.108	29	9
342	2910432478556632	173307	2	502	-61.73599999999998	-379.54437184594946	-3000.0	18	18.236	30	10
343	2910862620630003	173809	2	502	-61.852	-328.0540053120849	-3000.0	19	18.958	30	10
344	2911287080002776	174311	2	502	-61.444	-412.29589641434245	-3000.0	17	18.552	31	10
345	2911706509263731	174813	2	502	-60.396	-347.5413466135459	-3000.0	15	18.738	31	10
346	2912112722476480	175315	2	502	-60.47200000000001	-413.3306347941567	-3000.0	21	18.004	30	10
347	2912527532368427	175817	2	502	-60.48933333333333	-421.664416998672	-3000.0	19	18.252	30	11
348	2912953714334216	176319	2	502	-60.68000000000001	-307.8045790172642	-3000.0	20	18.374	29	10
349	2913384799738452	176821	2	502	-60.94133333333333	-272.4113997343957	-3000.0	20	19.08	28	11
350	2913823994412118	177323	2	502	-61.645333333333326	-336.0126932270914	-3000.0	19	19.018	27	10
351	2914253007794519	177825	2	502	-61.15866666666667	-328.53962549800804	-3000.0	14	18.928	27	12
352	2914684230219807	178327	2	502	-61.14666666666666	-364.04052324037184	-3000.0	19	18.74	28	11
353	2915108898576571	178829	2	502	-61.533333333333324	-405.1083081009296	-3000.0	15	18.364	27	11
354	2915503270955317	179331	2	502	-60.29333333333333	-252.48427357237722	-3000.0	18	18.408	27	10
355	2915911581495004	179833	2	502	-61.593333333333334	-348.4802018592296	-3000.0	20	18.418	27	9
356	2916334434235828	180335	2	502	-61.83066666666666	-299.71299335989374	-3000.0	14	18.682	28	8
357	2916752282035262	180837	2	502	-61.26	-341.3260079681275	-3000.0	16	18.87	27	9
358	2917186486518665	181339	2	502	-61.26933333333334	-365.3042124833996	-3000.0	21	18.802	28	10
359	2917646150507819	181841	2	502	-61.70400000000001	-291.55064541832655	-3000.0	19	19.174	28	10
360	2918082176353438	182343	2	502	-61.943999999999996	-324.517166002656	-3000.0	22	19.324	29	11
361	2918526226676681	182845	2	502	-61.04933333333335	-334.1771686586985	-3000.0	21	19.438	29	11
362	2918974249955031	183347	2	502	-60.32	-334.0531261620186	-3000.0	18	19.736	30	10
363	2919425005632715	183849	2	502	-62.14666666666667	-276.7604568393095	-3000.0	21	19.812	30	10
364	2919873911654615	184351	2	502	-61.32	-247.81179282868533	-3000.0	23	20.136	28	10
365	2920341230162302	184853	2	502	-61.93600000000001	-368.9710996015935	-3000.0	21	20.408	28	11
366	2920809269832741	185355	2	502	-61.17066666666667	-343.84454448871185	-3000.0	27	20.39	28	12
367	2921282667703975	185857	2	502	-62.14133333333334	-291.2811952191234	-3000.0	24	20.438	28	12
368	2921757206809895	186359	2	502	-61.7	-324.3733652058433	-3000.0	20	20.442	29	11
369	2922230137588869	186861	2	502	-60.43333333333332	-230.12002921646757	-3000.0	25	20.696	29	13
370	2922687039490638	187363	2	502	-61.698666666666675	-342.4869349269588	-3000.0	18	20.6	29	12
371	2923161640690102	187865	2	502	-61.80266666666667	-349.093293492696	-3000.0	18	20.658	30	13
372	2923634555933965	188368	1	502	-61.644	-317.32482071713156	-3000.0	19	20.902	28	14
373	2924137095119939	188869	1	501	-61.65333333333333	-433.2439654025283	-3000.0	18	21.086	28	14
374	2924622595954822	189370	1	501	-61.202666666666666	-279.6760186294079	-3000.0	22	21.208	28	13
375	2925112524997744	189871	1	501	-61.35733333333333	-331.5411683300066	-3000.0	23	21.51	28	12
376	2925589600893834	190372	1	501	-62.25333333333332	-260.9502408516299	-3000.0	17	21.52	28	12
377	2926073588280378	190873	1	501	-60.29333333333334	-258.4676833000667	-3000.0	17	21.548	27	12
378	2926568432569335	191374	1	501	-61.87066666666667	-343.656250166334	-3000.0	17	21.28	28	14
379	2927055418093133	191875	1	501	-61.390666666666654	-297.4015462408515	-3000.0	21	21.488	29	14
380	2927546067137673	192376	1	501	-61.28133333333333	-368.7854078509647	-3000.0	21	21.346	29	13
381	2928021842096162	192877	1	501	-61.63466666666666	-313.05157684630757	-3000.0	23	21.246	28	14
382	2928492284669053	193378	1	501	-61.77333333333333	-301.1090352628079	-3000.0	18	21.376	29	13
383	2928955186022862	193879	1	501	-61.508	-272.02274118429796	-3000.0	23	21.374	29	12
384	2929411799050017	194380	1	501	-61.762666666666675	-196.94577511643374	-3000.0	20	21.608	30	13
385	2929882947389321	194881	1	501	-60.58933333333334	-320.96711643379905	-3000.0	23	21.262	31	13
386	2930353023393459	195382	1	501	-61.15200000000002	-275.9548822355291	-3000.0	27	21.454	29	12
387	2930821780416579	195883	1	501	-61.645333333333326	-315.62244577511643	-3000.0	26	21.454	30	11
388	2931274519732009	196384	1	501	-61.15466666666666	-244.99980306054556	-3000.0	23	21.544	31	13
389	2931738560807543	196885	1	501	-61.15866666666667	-359.583180306055	-3000.0	20	21.546	31	12
390	2932218352766135	197386	1	501	-61.429333333333325	-281.1727771124418	-3000.0	16	21.94	32	13
391	2932703939334883	197887	1	501	-62.09866666666666	-337.93560079840324	-3000.0	24	21.782	33	14
392	2933170130409115	198388	1	501	-62.34	-229.32528809048588	-3000.0	22	21.796	33	14
393	2933651314355524	198889	1	501	-61.64133333333332	-313.03464271457057	-3000.0	17	21.662	32	13
394	2934136183246632	199390	1	501	-60.931999999999995	-270.97371124417833	-3000.0	18	22.224	32	14
395	2934616552053711	199891	1	501	-61.38800000000001	-316.7725934797072	-3000.0	25	22.496	33	14
396	2935114472503887	200392	2	501	-61.38933333333334	-310.11046706586836	-3000.0	19	22.712	33	13
397	2935631655538875	200901	2	502	-60.94133333333334	-303.22113678618854	-3000.0	25	22.736	32	13
398	2936127158754396	201403	2	502	-61.22666666666666	-339.13427357237725	-3000.0	15	22.216	32	13
399	2936624292346366	201905	2	502	-60.76533333333333	-270.85653917662677	-3000.0	26	22.174	33	13
400	2937126972357610	202407	3	502	-61.14133333333335	-298.32194422310766	-3000.0	20	22.472	33	14
401	2937644853370703	202910	4	503	-61.20266666666667	-322.79545129224647	-3000.0	20	23.056	33	13
402	2938161233487409	203414	4	504	-62.211999999999996	-328.2053359788361	-3000.0	25	22.674	33	12
403	2938654154479312	203918	4	504	-61.42266666666666	-292.1722486772487	-3000.0	18	22.384	34	13
404	2939131430661001	204422	5	504	-60.94666666666666	-351.08719841269834	-3000.0	22	21.434	32	12
405	2939560664026601	204927	5	505	-62.07866666666668	-430.55030231023096	-3000.0	15	19.508	31	12
406	2940000446184606	205432	5	505	-60.78666666666667	-254.982194059406	-3000.0	19	20.526	32	12
407	2940473077553577	205937	5	505	-61.37333333333332	-272.10613597359736	-3000.0	15	21.26	33	11
408	2940909965225022	206442	5	505	-61.53066666666668	-341.2298904290429	-3000.0	15	19.86	32	10
409	2941352467539664	206947	5	505	-61.02933333333333	-385.69296633663373	-3000.0	23	19.96	31	10
410	2941799292556705	207452	5	505	-61.2	-369.0341333333335	-3000.0	24	20.73	31	9
411	2942261349680948	207957	5	505	-61.43866666666667	-285.1338957095709	-3000.0	24	21.104	32	13
412	2942701728380575	208462	5	505	-60.94666666666668	-342.6803062706271	-3000.0	18	20.286	33	12
413	2943114541716935	208967	5	505	-60.92666666666667	-334.3770534653465	-3000.0	27	19.682	32	12
414	2943554147375542	209472	5	505	-61.350666666666655	-301.107292409241	-3000.0	22	20.686	33	12
415	2943994806800675	209977	5	505	-60.97466666666665	-211.74060198019805	-3000.0	19	21.018	32	13
416	2944449366316098	210482	5	505	-61.37066666666665	-315.45263102310236	-3000.0	18	20.988	32	12
417	2944922509207837	210987	5	505	-61.90133333333333	-298.1909280528052	-3000.0	19	21.204	32	13
418	2945408673306680	211492	5	505	-60.77333333333333	-281.1918257425743	-3000.0	16	21.724	33	12
419	2945855919574485	211997	5	505	-61.778666666666666	-269.11149306930696	-3000.0	17	20.994	34	13
420	2946314717740243	212502	5	505	-61.94399999999999	-270.79264686468645	-3000.0	22	21.004	35	12
421	2946797117097512	213007	5	505	-61.15466666666667	-226.84708910891092	-3000.0	28	21.652	34	13
422	2947267897653952	213512	5	505	-60.97866666666665	-285.89768976897705	-3000.0	17	21.76	34	12
423	2947715434588012	214017	5	505	-61.64133333333334	-308.818598019802	-3000.0	21	20.62	33	12
424	2948170452567664	214522	5	505	-61.15200000000001	-366.1235696369637	-3000.0	24	20.942	33	12
425	2948620678936131	215028	4	505	-60.862666666666684	-271.7825425742575	-3000.0	26	20.788	33	11
426	2949076335750167	215532	4	504	-61.53466666666667	-383.76050529100524	-3000.0	14	20.732	34	12
427	2949521674196616	216036	4	504	-61.66533333333334	-345.0535079365081	-3000.0	16	20.882	32	11
428	2949965261209171	216540	4	504	-61.56666666666666	-318.3988544973545	-3000.0	16	20.966	31	10
429	2950453087447453	217044	4	504	-61.494666666666674	-280.3837089947089	-3000.0	22	22.11	32	12
430	2950900596825011	217548	4	504	-60.92	-338.08101851851853	-3000.0	22	20.94	32	11
431	2951329174226657	218052	4	504	-61.28399999999998	-328.2779947089947	-3000.0	18	19.972	32	12
432	2951744356702903	218556	4	504	-61.78933333333333	-361.1165846560846	-3000.0	15	19.09	33	12
433	2952132260576013	219060	4	504	-61.43600000000001	-359.2078518518519	-3000.0	16	18.358	31	11
434	2952521230495054	219564	4	504	-61.738666666666674	-367.6872830687831	-3000.0	23	18.584	31	12
435	2952864814032621	220068	4	504	-61.292000000000016	-301.16420899470893	-3000.0	13	17.534	27	11
436	2953218589878141	220572	4	504	-61.87333333333334	-367.1360820105821	-3000.0	15	17.302	27	10
437	2953552254701812	221076	4	504	-61.744	-325.7185105820105	-3000.0	20	16.988	27	10
438	2953848085096169	221580	4	504	-61.43333333333332	-308.5089735449736	-3000.0	23	15.5	28	10
439	2954189414014788	222084	4	504	-60.349333333333334	-373.9605925925926	-3000.0	17	16.646	27	10
440	2954516667232517	222588	4	504	-60.73466666666667	-305.1273677248677	-3000.0	23	16.504	26	10
441	2954826573209029	223092	4	504	-61.38933333333333	-320.02776719576724	-3000.0	15	15.69	27	9
442	2955159008968949	223596	4	504	-61.7	-308.7045370370369	-3000.0	16	16.344	26	8
443	2955476954863758	224100	4	504	-61.28666666666667	-344.2263333333333	-3000.0	20	15.912	27	9
444	2955792706079807	224604	4	504	-60.72533333333333	-343.1409973544973	-3000.0	15	15.848	26	9
445	2956109950525204	225111	4	504	-61.89733333333333	-311.667224867725	-3000.0	16	15.948	26	8
446	2956439798483741	225615	4	504	-61.35333333333334	-291.26756349206346	-3000.0	22	15.826	27	9
447	2956790086225184	226119	4	504	-61.99600000000001	-339.99957671957674	-3000.0	12	17.0	28	9
448	2957105728558280	226623	4	504	-61.70933333333334	-381.4908492063491	-3000.0	12	15.46	27	9
449	2957421453853831	227129	4	504	-60.702666666666666	-338.4686296296297	-3000.0	17	15.448	27	8
450	2957744780832669	227633	4	504	-61.516000000000005	-383.24283068783063	-3000.0	13	15.836	27	8
451	2958061452140981	228137	4	504	-62.10133333333334	-417.7351931216931	-3000.0	22	15.592	27	8
452	2958392106545227	228653	3	504	-61.60666666666667	-329.51191269841274	-3000.0	19	16.142	27	9
453	2958713800764481	229156	3	503	-61.27600000000001	-365.0635228628232	-3000.0	12	16.082	27	9
454	2959043737114685	229659	3	503	-60.292	-366.9884532803182	-3000.0	16	15.82	27	9
455	2959370772156418	230162	3	503	-60.992000000000004	-425.83162624254476	-3000.0	18	15.964	27	8
456	2959694697326134	230671	2	503	-61.46666666666667	-314.6263141153082	-3000.0	15	16.308	28	10
457	2960029848180991	231173	2	502	-61.008	-327.9182602921646	-3000.0	15	16.174	28	9
458	2960359431043526	231675	3	502	-61.98800000000002	-272.0701354581675	-3000.0	24	16.286	29	9
459	2960656174520724	232178	3	503	-60.62399999999999	-339.13925248508934	-3000.0	20	15.128	30	9
460	2960981399144777	232690	3	503	-61.570666666666675	-335.40589794565943	-3000.0	12	15.634	30	9
461	2961305559383061	233193	4	503	-60.32666666666666	-298.9191544068919	-3000.0	11	16.274	27	9
462	2961644997247565	233711	5	504	-61.533333333333346	-494.0141534391535	-3000.0	28	16.064	28	9
463	2961932577047103	234217	7	505	-61.488	-485.8578613861386	-3000.0	15	14.472	29	8
464	2962227255175803	234751	7	507	-61.202666666666666	-415.4779355687047	-3000.0	11	13.698	29	8
465	2962502917079675	235264	7	507	-61.29733333333333	-356.961896120973	-3000.0	10	13.786	24	8
466	2962778164568607	235773	7	507	-62.03066666666667	-396.62624852071013	-3000.0	14	13.906	24	8
467	2963060841166108	236294	7	507	-62.00000000000001	-341.1300144641683	-3000.0	11	14.086	25	8
468	2963359878996634	236808	8	507	-61.87600000000002	-452.7625088757395	-3000.0	11	14.904	25	8
469	2963645155356658	237324	8	508	-61.84933333333333	-314.6172755905512	-3000.0	16	14.26	26	8
470	2963922420104228	237836	7	508	-60.94533333333334	-328.1567112860892	-3000.0	17	14.062	26	8
471	2964193633811665	238343	7	507	-60.92133333333332	-341.4562840236686	-3000.0	11	14.016	25	8
472	2964486877660151	238852	7	507	-62.23200000000001	-403.6162945430638	-3000.0	18	14.218	26	8
473	2964761667982415	239361	7	507	-62.14666666666667	-417.4380775805392	-3000.0	11	13.64	26	8
474	2965011764769027	239872	7	507	-61.52533333333333	-338.32085996055224	-3000.0	13	12.86	22	8
475	2965296388982762	240393	6	507	-61.39333333333333	-295.7978934911243	-3000.0	12	14.178	22	8
476	2965564450793243	240901	6	506	-61.42533333333335	-380.2430144927537	-3000.0	16	13.778	22	8
477	2965830255915368	241408	7	506	-62.099999999999994	-346.90170223978924	-3000.0	14	14.072	22	9
478	2966121401580799	241920	7	507	-61.52000000000001	-472.40670611439845	-3000.0	14	14.504	23	9
479	2966408146601902	242437	6	507	-61.28933333333332	-329.8256199868508	-3000.0	19	14.8	22	10
480	2966711895812923	242943	6	506	-61.056000000000004	-379.7178023715415	-3000.0	14	14.872	22	9
481	2966989920553850	243449	6	506	-60.970666666666666	-343.42431884057976	-3000.0	13	14.354	23	8
482	2967272383359922	243968	6	506	-60.91066666666668	-353.9427167325428	-3000.0	20	14.576	24	9
483	2967546247667838	244488	5	506	-61.06666666666665	-482.22418972332014	-3000.0	18	14.02	22	9
484	2967815489248146	245002	5	505	-61.35999999999999	-302.1483194719472	-3000.0	12	14.374	23	9
485	2968102494093638	245507	5	505	-62.097333333333346	-404.5513874587458	-3000.0	20	14.346	24	9
486	2968403665423366	246012	5	505	-61.22	-291.31282112211215	-3000.0	13	15.038	24	10
487	2968686788988880	246517	5	505	-61.46	-322.6457504950495	-3000.0	15	14.77	22	9
488	2968986426124041	247022	5	505	-60.44933333333334	-389.5349306930693	-3000.0	14	15.242	23	8
489	2969293985787993	247527	5	505	-62.12666666666666	-342.8467300330033	-3000.0	14	15.664	23	9
490	2969606000531057	248032	5	505	-61.19466666666666	-419.85997623762375	-3000.0	14	15.732	24	10
491	2969894879767999	248537	5	505	-61.70666666666665	-278.61081188118806	-3000.0	15	15.396	24	10
492	2970204015281230	249042	5	505	-61.05999999999999	-295.5107379537954	-3000.0	17	16.272	24	10
493	2970509854002139	249558	4	505	-61.31466666666666	-362.9795749174917	-3000.0	19	15.68	23	9
494	2970824565568777	250062	4	504	-61.412	-383.7235502645502	-3000.0	16	15.83	23	10
495	2971151004211511	250566	4	504	-61.492	-332.5850264550265	-3000.0	14	16.484	24	10
496	2971462363136007	251074	4	504	-61.452000000000005	-333.9562433862434	-3000.0	21	15.69	24	10
497	2971785028270269	251578	4	504	-61.75466666666667	-286.66860846560854	-3000.0	12	16.716	25	9
498	2972125791438627	252095	6	504	-61.13333333333334	-303.96079894179894	-3000.0	12	16.656	24	10
499	2972451781794114	252601	6	506	-60.07333333333333	-422.1181317523057	-3000.0	23	16.21	23	10
