alpha = 0.15
gamma = 1.0
lambda = 0.6
epsilon = 0.3
randomSeed = 1010
GREAT!
Xover: 4
---- Evolution parameters ----
Folder name:          NMSarsa_PuddleWorld/run_3027641020646217
Random seed:          1010
GREAT activated:      true
Max iterations:       500
Population size:      500
GREAT initialization  true
Speciation threshold: 0.15
Species min size:     15
Tournament size:      3
Crossover rate:       0.2
Mutation rate:        0.8
Crossovers:
	AligningCrossover_v4(0.15)
Mutations:
	AddGeneMutation(maxSize=2147483647, prob=0.33)
	DeleteGeneMutation(minSize=8, prob=0.33)
	ChangeGeneMutation(prob=0.33)
------------------------------

---- Starting evolution ----
IT	Nanotime	#Eval	#Species	PopSize	Best	Avg	Worst	Best GRN Size	Avg GRN size	Max GRN size	Min GRN size
0	3035604861376534	997	1	499	553.2409999999957	276.13155310621164	-50.100000000000406	12	9.074	13	8
1	3041093175500710	1506	2	501	566.0579999999958	290.380143712574	-50.100000000000406	12	9.5	14	8
2	3047831430231015	2010	2	502	581.2269999999952	316.643984063744	-50.100000000000406	12	10.422	15	8
3	3055931301637791	2512	2	502	589.5629999999951	357.64586653386266	-50.100000000000406	12	10.924	15	8
4	3065380097627685	3017	3	502	601.8919999999953	409.7751872509938	-50.100000000000406	8	11.116	16	8
5	3075115198780160	3520	3	503	595.3009999999952	428.98099403578254	-50.100000000000406	12	10.796	16	8
6	3085398855079516	4024	3	503	653.8119999999947	467.29853280317747	-50.100000000000406	12	10.386	17	8
7	3095629157292954	4527	4	503	613.6399999999952	487.35941351888295	-50.100000000000406	10	10.12	17	8
