alpha = 0.15
gamma = 1.0
lambda = 0.6
epsilon = 0.3
randomSeed = 333
GREAT!
Xover: 4
---- Evolution parameters ----
Folder name:          NMSarsa_ActorCriticPendulum/run_3036074595139616
Random seed:          333
GREAT activated:      true
Max iterations:       500
Population size:      500
GREAT initialization  true
Speciation threshold: 0.15
Species min size:     15
Tournament size:      3
Crossover rate:       0.2
Mutation rate:        0.8
Crossovers:
	AligningCrossover_v4(0.15)
Mutations:
	AddGeneMutation(maxSize=2147483647, prob=0.33)
	DeleteGeneMutation(minSize=8, prob=0.33)
	ChangeGeneMutation(prob=0.33)
------------------------------

---- Starting evolution ----
IT	Nanotime	#Eval	#Species	PopSize	Best	Avg	Worst	Best GRN Size	Avg GRN size	Max GRN size	Min GRN size
0	3038042400065744	997	1	499	352.4684722917758	6.488722650938285	-910.2158624452854	11	11.264	17	8
1	3040046693507281	1501	2	501	348.04084035472823	86.61193916534712	-946.4593358694361	11	12.466	18	8
2	3041154712891781	2430	6	923	319.7916220815934	-144.94233463014044	-914.1742033368778	9	17.892	16	8
3	3041738447536407	2956	5	506	312.3661067216747	-168.53907210978176	-912.0417261705729	9	9.21	16	8
4	3042714716069530	3624	4	654	329.4594253484343	-135.68788259998973	-915.0213901595536	8	12.102	12	8
5	3043632330579003	4185	4	528	326.78953314660964	-76.00499431046944	-945.4317538488634	8	10.006	13	8
6	3044632648955051	4691	4	504	332.8403114788512	-128.18101219689487	-915.2833221780571	9	8.916	12	8
7	3045549817291970	5195	4	504	333.4225473792906	-33.21961362122108	-922.1400882328559	8	9.29	13	8
8	3048195783861690	6189	8	993	325.6470922063428	2.309589318420038	-924.5151291025694	9	18.066	14	8
9	3052266137034809	7203	8	989	325.2457539841731	90.4611031953573	-942.9919617789917	8	18.026	14	8
10	3056161666951297	7922	7	709	332.7282308335832	38.26230978814597	-946.3193777780299	8	12.712	13	8
11	3066341392624849	9539	7	1597	333.4161102628194	158.4106093931277	-933.8807630374014	9	29.674	13	8
12	3077481590729554	10787	6	1236	339.51066022368	187.23139314702706	-950.9655370327944	9	23.386	13	8
13	3083188277842584	11377	5	560	336.0749612968684	221.42158835087034	-910.2848119520702	9	11.034	14	8
14	3089527944498793	11905	5	505	340.2959261903404	199.80243379464477	-918.1309236982529	9	10.088	15	8
15	3096209481110725	12413	6	505	358.19760499882796	234.37494473128172	-954.5956074077986	9	10.2	16	8
