alpha = 0.15
gamma = 1.0
lambda = 0.6
epsilon = 0.3
randomSeed = 1111
GREAT!
Xover: 4
---- Evolution parameters ----
Folder name:          NMSarsa_PuddleWorld/run_3027640993182516
Random seed:          1111
GREAT activated:      true
Max iterations:       500
Population size:      500
GREAT initialization  true
Speciation threshold: 0.15
Species min size:     15
Tournament size:      3
Crossover rate:       0.2
Mutation rate:        0.8
Crossovers:
	AligningCrossover_v4(0.15)
Mutations:
	AddGeneMutation(maxSize=2147483647, prob=0.33)
	DeleteGeneMutation(minSize=8, prob=0.33)
	ChangeGeneMutation(prob=0.33)
------------------------------

---- Starting evolution ----
IT	Nanotime	#Eval	#Species	PopSize	Best	Avg	Worst	Best GRN Size	Avg GRN size	Max GRN size	Min GRN size
0	3039879714103845	997	1	499	622.6249999999952	347.23592184368533	-50.100000000000406	12	11.342	15	8
1	3050145799617139	1498	1	501	617.1369999999953	391.4112794411151	-50.100000000000406	13	11.68	16	8
2	3059745410129520	1999	2	501	611.1709999999953	389.18615968063614	-50.100000000000406	12	11.77	17	8
3	3069272724075700	2514	3	502	668.2199999999945	405.5649521912326	-50.100000000000406	14	10.962	17	8
4	3078210932982041	3017	3	503	647.934999999995	389.49736779323786	-50.100000000000406	12	11.378	17	8
5	3087721534394564	3520	3	503	643.8399999999949	425.20202186878447	-50.100000000000406	13	11.414	17	8
6	3097335277699851	4023	3	503	658.5569999999946	439.9501252485059	-50.100000000000406	14	11.798	18	8
