alpha = 0.15
gamma = 1.0
lambda = 0.6
epsilon = 0.3
randomSeed = 666
GREAT!
Xover: 4
---- Evolution parameters ----
Folder name:          NMSarsa_Maze/run_2784148436245725
Random seed:          666
GREAT activated:      true
Max iterations:       500
Population size:      500
GREAT initialization  true
Speciation threshold: 0.15
Species min size:     15
Tournament size:      3
Crossover rate:       0.2
Mutation rate:        0.8
Crossovers:
	AligningCrossover_v4(0.15)
Mutations:
	AddGeneMutation(maxSize=2147483647, prob=0.33)
	DeleteGeneMutation(minSize=8, prob=0.33)
	ChangeGeneMutation(prob=0.33)
------------------------------

---- Starting evolution ----
IT	Nanotime	#Eval	#Species	PopSize	Best	Avg	Worst	Best GRN Size	Avg GRN size	Max GRN size	Min GRN size
0	2784708319917341	997	1	499	-100.63333333333334	-2914.947361389446	-3000.0	11	9.524	14	8
1	2785039206399462	1501	2	501	-99.97733333333333	-2810.1732428476394	-3000.0	12	9.752	14	8
2	2785327768289936	2019	2	502	-99.93200000000003	-1990.175030544489	-3000.0	12	10.524	14	8
3	2785608121991083	2534	2	502	-99.12133333333333	-1897.4033837981412	-3000.0	12	10.416	15	8
4	2785902136675709	3036	5	502	-100.08133333333335	-2132.190358565738	-3000.0	12	10.366	16	8
5	2786128505198776	3559	4	505	-97.94133333333333	-1922.909988118812	-3000.0	12	9.812	15	8
6	2786298733133952	4081	7	504	-96.38399999999997	-1244.595994708995	-3000.0	12	10.208	16	8
7	2786503889825419	4606	7	507	-97.62800000000001	-1579.8368284023668	-3000.0	14	10.488	16	8
8	2786722217594336	5113	10	507	-94.02933333333333	-1607.60313477975	-3000.0	14	10.434	16	8
9	2786886815129506	5640	10	510	-93.93066666666665	-1093.2168836601304	-3000.0	11	10.702	16	8
10	2787054197496548	6174	8	510	-93.75866666666668	-1265.364439215686	-3000.0	11	10.25	16	8
11	2787206662143536	6693	7	508	-96.61599999999999	-1107.3097769028873	-3000.0	13	10.472	16	8
12	2787339111498790	7216	6	507	-95.64133333333334	-875.261154503616	-3000.0	12	10.988	16	8
13	2787471851374667	7743	7	506	-94.60933333333332	-863.0592042160738	-3000.0	13	11.406	17	8
14	2787573783619831	8262	8	507	-95.32	-600.7582642998029	-3000.0	11	11.232	17	8
15	2787676809603983	8776	9	508	-96.14133333333335	-524.0086666666667	-3000.0	14	11.132	18	8
16	2787802244245925	9305	8	509	-94.0	-573.6040995415849	-3000.0	11	11.298	18	8
17	2787914486165455	9814	9	508	-90.56133333333334	-460.160283464567	-3000.0	8	11.204	18	8
18	2788019070776444	10334	9	509	-91.16533333333335	-374.5174092992796	-3000.0	9	11.75	19	8
19	2788140214425693	10855	9	509	-87.38933333333334	-449.46890111329407	-3000.0	9	11.896	17	8
20	2788249151359123	11372	8	509	-85.30799999999999	-443.7951355599215	-3000.0	8	11.894	18	8
21	2788352552490752	11907	9	508	-87.38799999999999	-281.27717322834644	-3000.0	9	12.452	19	8
22	2788476076085519	12445	9	509	-86.01733333333335	-390.9600445317617	-3000.0	9	11.614	19	8
23	2788600846872196	12954	9	509	-85.80666666666667	-420.5511565160444	-3000.0	8	11.642	19	8
24	2788750577410538	13466	10	509	-85.10933333333337	-568.9597354289458	-3000.0	10	11.54	19	8
25	2788901136567176	13979	10	510	-84.59866666666667	-416.97926797385617	-3000.0	12	11.446	19	8
26	2789055321334023	14512	10	510	-84.028	-376.8333725490196	-3000.0	12	11.076	18	8
27	2789225341333837	15056	8	510	-82.07733333333331	-490.40208104575163	-3000.0	12	10.686	18	8
28	2789398370816350	15586	9	508	-81.91733333333333	-426.86033858267723	-3000.0	11	10.628	17	8
29	2789615230974613	16107	9	509	-81.13866666666667	-331.45107007203666	-3000.0	13	10.818	17	8
30	2789842980879770	16635	9	509	-81.58666666666666	-418.4677825802226	-3000.0	13	10.384	17	8
31	2790068919918014	17162	8	509	-82.53066666666666	-465.3436070726916	-3000.0	12	10.266	17	8
32	2790286294061232	17671	9	508	-81.39866666666666	-290.3242467191601	-3000.0	13	10.514	16	8
33	2790542447251925	18193	9	509	-80.10266666666668	-350.21396725605763	-3000.0	12	10.536	15	8
34	2790806506795350	18723	7	509	-77.08533333333331	-374.3869207596594	-3000.0	11	10.776	16	8
35	2791068285803475	19254	9	507	-75.06666666666666	-329.5820828402367	-3000.0	11	10.66	17	8
36	2791316804943421	19782	10	509	-75.524	-317.2965710543549	-3000.0	10	10.648	17	8
37	2791597187954590	20320	9	510	-76.12399999999998	-275.6792705882352	-3000.0	11	10.662	15	8
38	2791863308826730	20858	8	509	-77.96799999999999	-240.96265094957437	-3000.0	12	10.894	16	8
39	2792145726270023	21382	7	508	-77.87866666666667	-250.98622572178485	-3000.0	12	10.844	16	8
40	2792401786057394	21906	7	507	-75.61599999999999	-306.69194740302436	-3000.0	12	10.848	16	8
41	2792649097619696	22413	9	507	-75.84666666666666	-266.16546219592374	-3000.0	12	10.994	17	8
42	2792919605698728	22923	9	509	-72.66133333333333	-286.06000785854616	-3000.0	11	10.83	17	8
43	2793180880846706	23438	9	509	-71.98533333333334	-233.40742108709892	-3000.0	11	11.05	17	8
44	2793424218902866	23956	9	509	-72.05866666666668	-296.94327177472167	-3000.0	10	10.81	17	8
45	2793683188305078	24465	9	509	-72.71066666666667	-278.70396856581533	-3000.0	16	10.694	17	8
46	2793932514926356	24974	11	509	-71.26533333333333	-278.23925343811396	-3000.0	11	10.232	18	8
47	2794188238957241	25485	11	511	-72.43333333333334	-281.5638799739074	-3000.0	9	11.134	18	8
48	2794468521051091	26006	11	511	-70.44800000000001	-269.50453489889105	-3000.0	11	10.892	19	8
49	2794749525759048	26547	9	511	-70.96000000000001	-269.25587736464445	-3000.0	10	10.8	18	8
50	2794983628860962	27068	9	509	-71.344	-329.698527832351	-3000.0	12	10.254	18	8
51	2795215112719438	27577	10	509	-70.93466666666667	-366.4880419122463	-3000.0	10	10.362	15	8
52	2795464493861408	28087	10	510	-71.38533333333332	-291.5690065359477	-3000.0	11	10.418	16	8
53	2795729473291484	28618	9	510	-70.88933333333334	-291.8167477124183	-3000.0	12	10.926	17	8
54	2795965560459364	29127	9	509	-71.84800000000001	-308.540296005239	-3000.0	11	10.634	17	8
55	2796236611671202	29646	8	509	-69.73866666666666	-228.89462213490506	-3000.0	10	10.794	17	8
56	2796537247248199	30170	8	508	-70.10266666666665	-317.8922598425197	-3000.0	13	11.686	18	8
57	2796840025298319	30683	8	508	-70.15733333333334	-309.30590288713904	-3000.0	11	11.746	18	8
58	2797147845044151	31199	8	508	-70.40266666666665	-285.4148293963254	-3000.0	11	12.166	18	8
59	2797463754424183	31707	9	508	-60.70666666666666	-297.624217847769	-3000.0	9	12.284	19	8
60	2797773254453515	32229	8	509	-59.84400000000001	-293.33267059593976	-3000.0	9	12.354	20	8
61	2798067275684429	32737	8	508	-60.869333333333316	-331.62244356955375	-3000.0	10	12.27	20	8
62	2798363407708925	33245	8	508	-60.22933333333332	-262.81585301837265	-3000.0	10	11.878	20	8
63	2798648960662262	33753	8	508	-59.78533333333333	-292.6989606299213	-3000.0	10	12.2	19	8
64	2798934623875084	34261	8	508	-59.910666666666664	-281.5346010498688	-3000.0	10	13.124	19	8
65	2799218422114205	34769	8	508	-59.742666666666665	-307.34318372703405	-3000.0	8	12.814	19	8
66	2799530135049827	35277	8	508	-59.014666666666656	-304.0410104986876	-3000.0	12	13.022	19	8
67	2799824631407387	35801	6	508	-59.943999999999996	-269.4848005249345	-3000.0	12	12.116	19	8
68	2800080351414895	36307	6	506	-59.13066666666666	-307.49203689064564	-3000.0	10	11.392	20	8
69	2800360875993734	36813	6	506	-59.95333333333334	-256.8563610013175	-3000.0	11	12.302	20	8
70	2800638031693782	37319	6	506	-59.48799999999999	-249.6292621870883	-3000.0	12	12.016	20	8
71	2800926655467545	37825	6	506	-60.078666666666656	-287.75293017127797	-3000.0	10	12.388	20	8
72	2801203134391768	38331	6	506	-59.122666666666674	-267.1646113306983	-3000.0	11	12.592	21	8
73	2801467741260492	38837	6	506	-58.376	-266.77910144927534	-3000.0	10	12.766	22	8
74	2801779857490976	39343	6	506	-59.33733333333333	-247.2144822134387	-3000.0	9	13.27	23	8
75	2802082388489556	39849	6	506	-57.33333333333334	-245.40312779973655	-3000.0	11	12.97	22	8
76	2802368179216128	40362	6	506	-57.30533333333333	-295.28706719367585	-3000.0	10	13.114	22	8
77	2802631875905213	40868	6	506	-57.728	-253.59243214756253	-3000.0	10	12.656	20	8
78	2802890707028261	41374	6	506	-57.86666666666667	-267.37715415019755	-3000.0	11	12.432	21	8
79	2803190945182678	41889	6	506	-58.51866666666667	-306.64211857707517	-3000.0	12	13.44	22	8
80	2803501797931831	42395	6	506	-57.917333333333346	-324.4350408432148	-3000.0	8	13.792	22	8
81	2803800285242453	42901	6	506	-57.57733333333333	-220.7037997364954	-3000.0	8	13.706	22	8
82	2804084650960216	43407	6	506	-57.79733333333333	-216.80726482213439	-3000.0	12	12.904	23	8
83	2804365255062470	43913	6	506	-57.949333333333335	-326.16317786561257	-3000.0	10	13.078	24	8
84	2804652411903595	44419	6	506	-58.09733333333334	-257.63246113306985	-3000.0	13	12.466	23	8
85	2804911524670434	44925	6	506	-57.79866666666667	-217.30397891963105	-3000.0	13	12.234	24	8
86	2805189820960006	45431	6	506	-57.19999999999999	-225.41341501976282	-3000.0	12	12.34	25	8
87	2805458988536161	45937	6	506	-57.548	-194.2155783926219	-3000.0	11	12.206	26	8
88	2805733009978387	46443	6	506	-57.34533333333333	-193.75076152832676	-3000.0	13	11.826	20	8
89	2805971937301368	46949	6	506	-57.68133333333332	-241.93063504611334	-3000.0	13	10.794	20	8
90	2806235804869808	47464	5	506	-57.96533333333334	-220.00739130434783	-3000.0	14	11.316	20	8
91	2806475950088859	47969	5	505	-57.907999999999994	-197.73612673267328	-3000.0	15	12.09	21	8
92	2806712324344938	48474	5	505	-57.42933333333335	-237.4309412541254	-3000.0	13	12.028	21	8
93	2806987971303942	48979	5	505	-58.15466666666668	-248.56878943894395	-3000.0	12	12.202	21	8
94	2807250014928427	49484	5	505	-57.91066666666666	-206.20264818481849	-3000.0	12	12.262	20	8
95	2807534388134448	49989	5	505	-57.82533333333332	-225.74303102310225	-3000.0	15	12.21	20	8
96	2807815919005114	50494	5	505	-57.91866666666667	-173.35398811881183	-3000.0	14	11.956	21	8
97	2808120922242797	50999	5	505	-57.030666666666654	-201.30233927392743	-3000.0	13	13.534	22	8
98	2808417302038386	51518	4	505	-57.565333333333335	-181.73766336633665	-3000.0	15	13.28	23	8
99	2808694845583821	52022	4	504	-58.032	-270.33614550264554	-3000.0	16	12.604	23	8
100	2809042403086651	52526	4	504	-57.99333333333333	-229.18021693121693	-3000.0	14	14.256	23	8
101	2809339359172243	53030	4	504	-57.87733333333332	-228.04438624338624	-3000.0	13	12.806	24	8
102	2809664253848275	53534	4	504	-57.20400000000001	-223.0429206349206	-3000.0	13	14.392	24	8
103	2809980961883455	54038	4	504	-58.27466666666666	-211.39892328042328	-3000.0	16	13.454	25	8
104	2810263945273571	54542	4	504	-58.5	-314.4636269841271	-3000.0	15	12.314	25	8
105	2810577597794143	55046	4	504	-57.79333333333333	-304.1993492063493	-3000.0	16	13.464	25	8
106	2810907132127383	55550	4	504	-57.07200000000001	-229.100791005291	-3000.0	14	14.158	26	8
107	2811240763784207	56054	4	504	-57.653333333333336	-300.64692328042327	-3000.0	12	13.686	25	8
108	2811585922765452	56558	4	504	-57.895999999999994	-212.83467195767196	-3000.0	15	14.808	25	8
109	2811893387043045	57062	4	504	-57.15066666666667	-153.17455555555557	-3000.0	12	14.142	25	8
110	2812251951646026	57566	4	504	-57.18	-190.80200793650798	-3000.0	14	15.92	26	8
111	2812586795329585	58070	4	504	-57.42266666666667	-206.92542592592588	-3000.0	12	13.944	26	8
112	2812929468409050	58574	4	504	-56.587999999999994	-246.13617724867726	-3000.0	12	14.448	26	8
113	2813265494087637	59078	4	504	-57.272	-199.48147619047617	-3000.0	10	14.48	26	8
114	2813554726322229	59582	4	504	-57.005333333333326	-231.9654576719576	-3000.0	13	12.99	27	8
115	2813891579811854	60086	4	504	-57.28133333333332	-312.54627777777785	-3000.0	13	14.178	28	8
116	2814227292096121	60590	4	504	-56.93066666666666	-260.24334656084653	-3000.0	16	14.34	29	8
117	2814507418874366	61094	4	504	-57.548	-204.91044973544973	-3000.0	13	13.038	25	8
118	2814859130752749	61598	4	504	-57.49333333333332	-205.12931746031742	-3000.0	13	14.968	26	8
119	2815177582121707	62102	4	504	-57.47066666666666	-217.862746031746	-3000.0	15	14.374	26	8
120	2815531660805199	62606	4	504	-57.02933333333333	-252.65650793650795	-3000.0	16	14.836	27	8
121	2815875128893547	63110	4	504	-57.24400000000001	-246.28209259259265	-3000.0	13	15.704	27	8
122	2816213972260619	63614	4	504	-56.79200000000001	-211.1174444444445	-3000.0	11	15.39	26	8
123	2816580663749806	64118	4	504	-56.77466666666666	-219.6693835978836	-3000.0	15	15.378	27	8
124	2816918546883083	64622	4	504	-57.86	-192.05166666666673	-3000.0	11	15.168	27	8
125	2817328484571918	65126	4	504	-57.397333333333336	-221.66642328042326	-3000.0	13	16.77	28	8
126	2817702128280061	65630	4	504	-56.636000000000024	-184.52276719576722	-3000.0	11	15.978	29	8
127	2818086154889306	66134	4	504	-58.08533333333333	-256.257216931217	-3000.0	9	16.096	28	8
128	2818462553080628	66638	4	504	-56.37066666666666	-189.90758730158734	-3000.0	12	15.876	29	8
129	2818793333989562	67142	4	504	-56.355999999999995	-210.65448148148147	-3000.0	15	14.258	29	8
130	2819124266216656	67646	4	504	-57.251999999999995	-220.04958994708997	-3000.0	10	14.118	28	8
131	2819451234948407	68150	4	504	-57.536	-228.0232592592593	-3000.0	15	14.408	29	8
132	2819770598971408	68654	4	504	-56.92133333333335	-230.81727513227514	-3000.0	11	14.446	30	8
133	2820099150815920	69158	4	504	-56.34000000000002	-211.8243703703704	-3000.0	13	14.044	30	8
134	2820417729512161	69662	4	504	-57.38266666666667	-277.0252433862434	-3000.0	14	13.378	29	8
135	2820697607978358	70166	4	504	-57.16	-245.25016666666662	-3000.0	12	12.548	26	8
136	2820984520182045	70670	4	504	-56.856000000000016	-241.46413492063496	-3000.0	14	12.894	26	8
137	2821293734086999	71174	4	504	-56.632000000000005	-185.20386507936513	-3000.0	11	13.494	27	8
138	2821650295078087	71678	4	504	-57.59733333333334	-255.2664100529101	-3000.0	13	14.304	28	8
139	2821996260220994	72182	4	504	-57.12266666666667	-205.06151322751325	-3000.0	14	14.056	28	8
140	2822309071760549	72686	4	504	-57.30133333333334	-228.61139153439152	-3000.0	11	14.08	27	8
141	2822632385113948	73190	4	504	-56.66799999999999	-188.24496296296294	-3000.0	10	14.564	28	8
142	2822965567644225	73694	4	504	-57.06666666666665	-218.3372275132275	-3000.0	14	13.94	29	8
143	2823283112690504	74198	4	504	-56.89733333333333	-241.10498412698408	-3000.0	13	13.244	29	8
144	2823663524629983	74702	4	504	-56.44666666666668	-235.61880423280422	-3000.0	13	15.286	29	8
145	2824062931397305	75206	4	504	-56.900000000000006	-229.43498412698412	-3000.0	11	15.332	30	8
146	2824459963584864	75710	4	504	-56.584	-225.23517989417988	-3000.0	12	16.012	30	8
147	2824835851602511	76214	4	504	-56.32533333333334	-260.6941613756614	-3000.0	12	15.804	31	8
148	2825195982711234	76718	4	504	-57.128	-217.92897883597885	-3000.0	14	14.692	29	8
149	2825500605271104	77222	4	504	-56.869333333333344	-211.71384656084655	-3000.0	13	13.33	29	8
150	2825832096153099	77726	4	504	-57.074666666666666	-244.78588095238092	-3000.0	15	13.802	30	8
151	2826196673938051	78230	4	504	-57.482666666666674	-279.79515079365086	-3000.0	10	15.542	29	8
152	2826535147273110	78734	4	504	-57.16533333333333	-241.87279100529105	-3000.0	13	13.54	30	8
153	2826942802845335	79238	4	504	-57.69733333333335	-185.70152645502648	-3000.0	9	16.384	29	8
154	2827307630847749	79742	4	504	-56.18666666666666	-203.72038095238094	-3000.0	14	15.044	29	8
155	2827608926347590	80246	4	504	-56.422666666666665	-241.11706878306885	-3000.0	10	13.474	30	8
156	2827908685749173	80750	4	504	-56.79600000000001	-237.25533862433855	-3000.0	10	12.92	29	8
157	2828281018954162	81254	4	504	-57.08666666666665	-217.19382539682533	-3000.0	14	14.72	30	8
158	2828635335839016	81758	4	504	-57.50266666666667	-215.2896058201059	-3000.0	17	14.742	29	8
159	2828951317364775	82262	4	504	-56.77466666666668	-226.9772222222222	-3000.0	12	13.972	28	8
160	2829263194101457	82766	4	504	-57.49333333333334	-258.027037037037	-3000.0	15	13.256	28	8
161	2829604523825921	83270	4	504	-57.318666666666665	-196.35442592592588	-3000.0	14	14.476	28	8
162	2829926380617204	83774	4	504	-56.871999999999986	-200.68509259259258	-3000.0	12	14.27	29	8
163	2830358213404889	84278	4	504	-57.14666666666666	-213.66860052910056	-3000.0	15	16.316	30	8
164	2830692847944664	84782	4	504	-57.237333333333346	-212.49242857142858	-3000.0	12	14.194	30	8
165	2831029356925403	85286	4	504	-56.58133333333333	-198.31475132275128	-3000.0	13	14.584	28	8
166	2831396494214150	85790	4	504	-56.62799999999999	-261.37493650793647	-3000.0	13	15.582	29	8
167	2831719810525802	86294	4	504	-56.530666666666676	-194.99111375661371	-3000.0	14	14.336	27	8
168	2832056718229481	86798	4	504	-57.51599999999999	-183.9743492063493	-3000.0	16	14.06	27	8
169	2832381038338530	87302	4	504	-57.474666666666664	-253.40207407407416	-3000.0	15	14.72	28	8
170	2832749171014190	87806	4	504	-57.49333333333334	-231.54702910052916	-3000.0	14	15.922	28	8
171	2833065453218459	88310	4	504	-56.20666666666667	-280.60908465608475	-3000.0	12	12.874	28	8
172	2833396387691768	88814	4	504	-55.874666666666684	-198.411373015873	-3000.0	11	13.846	29	8
173	2833727524466008	89318	4	504	-56.23466666666668	-177.8752407407407	-3000.0	13	14.106	30	8
174	2834085820183714	89822	4	504	-56.134666666666654	-255.7767936507937	-3000.0	13	14.954	31	8
175	2834446289613915	90326	4	504	-57.070666666666654	-281.0535846560847	-3000.0	12	13.786	31	8
176	2834755926491270	90830	4	504	-57.00933333333333	-226.45042592592603	-3000.0	17	14.094	32	8
177	2835113412721205	91334	4	504	-56.73333333333333	-210.30632275132265	-3000.0	15	14.834	30	8
178	2835454358198668	91838	4	504	-57.05999999999999	-176.06511640211642	-3000.0	15	14.178	30	8
179	2835830565842530	92342	4	504	-56.98933333333333	-196.84926984126986	-3000.0	19	15.44	31	8
180	2836167726250627	92846	4	504	-56.507999999999996	-212.13556613756612	-3000.0	20	14.816	31	8
181	2836534201537314	93350	4	504	-55.848	-211.00767195767196	-3000.0	11	15.258	31	8
182	2836871086446662	93854	4	504	-58.00133333333332	-183.75943915343916	-3000.0	12	13.434	31	8
183	2837224403326636	94358	4	504	-56.53733333333334	-163.1273333333333	-3000.0	12	15.034	31	8
184	2837594017566257	94862	4	504	-56.0	-237.38943386243392	-3000.0	13	15.534	32	8
185	2837968935467219	95366	4	504	-55.59066666666668	-251.25057936507937	-3000.0	14	14.428	31	8
186	2838321577168342	95870	4	504	-57.040000000000006	-196.30679894179903	-3000.0	14	13.888	32	8
187	2838714727484046	96374	4	504	-56.85466666666666	-229.36868518518526	-3000.0	15	15.708	31	8
188	2839051638909142	96878	4	504	-57.43866666666667	-181.68366666666668	-3000.0	15	14.956	32	8
189	2839401662080359	97382	4	504	-56.827999999999996	-249.6309867724868	-3000.0	17	14.584	33	8
190	2839714874259079	97886	4	504	-56.67333333333333	-201.8141481481482	-3000.0	14	13.494	32	8
191	2840036270960482	98390	4	504	-56.640000000000015	-238.41440740740742	-3000.0	12	13.748	32	8
192	2840407520810284	98894	4	504	-57.36266666666668	-266.7354523809524	-3000.0	12	14.702	33	8
193	2840790473871963	99398	4	504	-56.74133333333333	-281.6677724867725	-3000.0	10	15.626	34	8
194	2841159924683427	99902	4	504	-57.124	-228.36302116402115	-3000.0	12	14.478	34	8
195	2841489486400309	100406	4	504	-56.42133333333333	-224.52299206349207	-3000.0	16	14.57	33	8
196	2841825749315234	100910	4	504	-56.38666666666666	-268.73424074074074	-3000.0	15	13.546	34	8
197	2842207092152383	101414	4	504	-56.945333333333316	-210.5391402116402	-3000.0	12	15.516	34	8
198	2842560608526306	101918	4	504	-55.96533333333334	-197.87855026455023	-3000.0	13	15.364	35	8
199	2842919813048733	102422	4	504	-57.55333333333332	-217.83367460317456	-3000.0	12	14.68	33	8
200	2843224099120455	102926	4	504	-56.75333333333335	-199.84218518518514	-3000.0	17	13.622	33	8
201	2843555418057375	103430	4	504	-56.82	-226.9804206349206	-3000.0	11	13.456	33	8
202	2843903482458618	103934	4	504	-57.63333333333334	-254.3654894179894	-3000.0	17	14.782	34	8
203	2844240182961844	104438	4	504	-57.764	-284.504515873016	-3000.0	13	14.496	35	8
204	2844602370967953	104942	4	504	-55.994666666666674	-239.7457777777778	-3000.0	12	14.592	35	8
205	2845003227692769	105446	4	504	-56.852000000000025	-255.63679365079363	-3000.0	13	15.72	36	8
206	2845331488535722	105950	4	504	-56.97333333333333	-179.58660846560844	-3000.0	17	14.03	37	8
207	2845704650125856	106454	4	504	-57.16399999999999	-235.31099735449737	-3000.0	13	15.348	36	8
208	2846069290811389	106958	4	504	-56.71466666666667	-227.03266402116404	-3000.0	16	14.444	35	8
209	2846435097755750	107462	4	504	-56.663999999999994	-219.60250000000005	-3000.0	14	15.826	36	8
210	2846796342410389	107966	4	504	-56.361333333333334	-199.03022486772494	-3000.0	16	14.976	36	8
211	2847195877796262	108470	4	504	-57.464	-174.89645502645504	-3000.0	18	15.98	36	8
212	2847583425324225	108974	4	504	-57.104	-146.13887037037034	-3000.0	12	15.564	36	8
213	2847940945231618	109478	4	504	-57.290666666666674	-249.78866137566143	-3000.0	18	14.53	36	8
214	2848377870450676	109982	4	504	-55.945333333333345	-198.94206613756614	-3000.0	14	16.532	36	8
215	2848774187181440	110486	4	504	-56.77066666666668	-250.26553968253967	-3000.0	15	15.394	35	8
216	2849174744804379	110990	4	504	-56.40266666666668	-206.5600767195767	-3000.0	13	15.026	36	8
217	2849474602904591	111494	4	504	-56.416	-235.75675661375658	-3000.0	16	12.392	35	8
218	2849737673383284	111998	4	504	-56.44533333333333	-217.76450529100526	-3000.0	12	12.084	35	8
219	2849976391843976	112502	4	504	-57.37999999999999	-253.54131481481477	-3000.0	16	11.02	32	8
220	2850229910132456	113006	4	504	-55.85066666666667	-236.09971957671956	-3000.0	13	11.438	33	8
221	2850473813856138	113510	4	504	-56.53466666666666	-202.33807407407406	-3000.0	16	11.08	32	8
222	2850701806704362	114014	4	504	-55.96933333333333	-214.92026719576722	-3000.0	13	11.37	20	8
223	2850949554208022	114518	4	504	-56.91066666666666	-182.63717195767197	-3000.0	15	10.856	20	8
224	2851193090693150	115022	4	504	-56.737333333333346	-219.62155555555557	-3000.0	13	11.304	20	8
225	2851430503751459	115526	4	504	-56.044000000000004	-215.12766137566146	-3000.0	15	10.984	20	8
226	2851669066364625	116030	4	504	-56.653333333333336	-210.54684126984128	-3000.0	16	10.922	20	8
227	2851903807769032	116534	4	504	-56.19733333333332	-281.7858148148147	-3000.0	14	10.806	20	8
228	2852152891271435	117038	4	504	-56.298666666666676	-242.08736243386238	-3000.0	14	11.748	20	8
229	2852382394024094	117542	4	504	-56.457333333333324	-251.85710846560843	-3000.0	13	11.36	20	8
230	2852599929194193	118046	4	504	-56.732000000000006	-243.491417989418	-3000.0	12	10.658	21	8
231	2852832407549060	118550	4	504	-56.94000000000001	-191.61318783068788	-3000.0	15	10.434	21	8
232	2853080382070080	119054	4	504	-56.896	-246.1519735449735	-3000.0	15	11.178	22	8
233	2853294535487553	119558	4	504	-55.742666666666665	-178.87860582010578	-3000.0	16	11.014	22	8
234	2853528314424574	120062	4	504	-56.834666666666664	-221.9062380952381	-3000.0	12	10.944	18	8
235	2853755533716046	120566	4	504	-56.26	-203.74863492063494	-3000.0	14	11.29	18	8
236	2853987110438474	121070	4	504	-55.957333333333324	-223.05627777777778	-3000.0	13	10.858	19	8
237	2854221320778405	121574	4	504	-56.88933333333332	-224.2365925925926	-3000.0	13	10.854	20	8
238	2854459359736709	122078	4	504	-56.92000000000001	-171.74617989417987	-3000.0	17	10.828	19	8
239	2854689369323904	122582	4	504	-56.71466666666667	-255.17885449735454	-3000.0	13	10.658	19	8
240	2854909302536432	123086	4	504	-57.362666666666655	-195.9637671957672	-3000.0	13	10.3	19	8
241	2855121405378945	123590	4	504	-56.861333333333334	-227.93533597883606	-3000.0	15	10.094	19	8
242	2855353761498105	124094	4	504	-56.46533333333335	-203.76400000000004	-3000.0	15	10.402	18	8
243	2855581831076929	124598	4	504	-56.353333333333325	-208.49058730158734	-3000.0	11	10.164	18	8
244	2855818237912708	125102	4	504	-56.896	-211.99530952380948	-3000.0	14	10.762	18	8
245	2856048369224790	125606	4	504	-56.33866666666667	-182.95107936507938	-3000.0	13	10.658	18	8
246	2856269175737486	126110	4	504	-56.47333333333332	-227.5967671957672	-3000.0	13	10.446	18	8
247	2856489018359457	126614	4	504	-56.604	-227.08229629629628	-3000.0	17	11.148	18	8
248	2856714840139997	127118	4	504	-56.50399999999999	-193.899664021164	-3000.0	17	10.874	18	8
249	2856947494442802	127622	4	504	-56.51466666666666	-236.53484656084652	-3000.0	13	10.596	19	8
250	2857164532584429	128126	4	504	-56.09333333333332	-288.93888095238094	-3000.0	13	10.788	20	8
251	2857366464357514	128630	4	504	-57.129333333333335	-187.4559735449735	-3000.0	15	10.274	21	8
252	2857595776530217	129134	4	504	-55.537333333333315	-190.09761375661378	-3000.0	12	11.136	21	8
253	2857833607040773	129638	4	504	-56.423999999999985	-246.60459259259258	-3000.0	12	11.01	22	8
254	2858076273039119	130142	4	504	-56.761333333333326	-205.83827513227524	-3000.0	16	10.814	20	8
255	2858333886958738	130646	4	504	-56.40133333333333	-199.0434894179894	-3000.0	13	11.53	21	8
256	2858594569574481	131150	4	504	-55.89333333333334	-201.1457724867725	-3000.0	17	11.508	21	8
257	2858823529957093	131654	4	504	-56.982666666666674	-283.3243862433862	-3000.0	12	10.528	20	8
258	2859048708961500	132158	4	504	-57.54933333333332	-251.4255687830687	-3000.0	12	10.312	20	8
259	2859277719137130	132662	4	504	-56.150666666666666	-172.41329100529097	-3000.0	12	10.622	20	8
260	2859515587822227	133166	4	504	-55.895999999999994	-196.11624867724868	-3000.0	16	11.052	19	8
261	2859774272661982	133670	4	504	-57.090666666666664	-210.51688888888881	-3000.0	15	11.218	20	8
262	2860022090535139	134174	4	504	-57.005333333333326	-220.7916587301587	-3000.0	14	11.408	20	8
263	2860253240796721	134678	4	504	-56.856	-254.7674682539683	-3000.0	16	11.372	21	8
264	2860482875042694	135182	4	504	-56.647999999999996	-238.33355291005284	-3000.0	17	11.616	21	8
265	2860714686204547	135686	4	504	-56.906666666666666	-244.83491534391544	-3000.0	14	11.398	21	8
266	2860990540939707	136190	4	504	-57.090666666666664	-275.0541878306878	-3000.0	16	12.714	22	8
267	2861232165390440	136694	4	504	-57.22933333333334	-257.35474603174606	-3000.0	14	11.406	23	8
268	2861487664949460	137198	4	504	-56.23333333333334	-212.21748412698412	-3000.0	14	11.772	23	8
269	2861734916160747	137702	4	504	-56.60400000000001	-240.60679365079363	-3000.0	19	11.292	22	8
270	2861990355116242	138206	4	504	-56.289333333333325	-226.85783862433863	-3000.0	17	11.622	23	8
271	2862210342904748	138710	4	504	-56.222666666666655	-264.7461322751323	-3000.0	17	10.566	23	8
272	2862438851628178	139214	4	504	-56.90533333333333	-267.58699735449727	-3000.0	15	10.758	24	8
273	2862656902805952	139718	4	504	-56.54533333333333	-187.32857936507938	-3000.0	17	10.608	23	8
274	2862881955793017	140222	4	504	-57.79599999999999	-211.81315343915352	-3000.0	18	10.532	22	8
275	2863103658327780	140726	4	504	-56.192	-228.3882195767196	-3000.0	16	10.184	23	8
276	2863317315237035	141230	4	504	-56.57999999999999	-231.00728306878307	-3000.0	16	9.99	22	8
277	2863540311359889	141734	4	504	-57.049333333333315	-196.7690317460318	-3000.0	16	10.698	23	8
278	2863768952006135	142238	4	504	-56.19733333333335	-216.78150529100523	-3000.0	15	10.552	22	8
279	2864025587378728	142742	4	504	-56.00666666666667	-311.4334682539682	-3000.0	16	11.338	23	8
280	2864285091327426	143246	4	504	-56.312000000000005	-199.55082804232805	-3000.0	17	12.54	22	8
281	2864552212752272	143750	4	504	-56.41600000000001	-209.2999047619048	-3000.0	14	12.532	22	8
282	2864815464461004	144254	4	504	-56.312	-220.4146587301587	-3000.0	14	12.188	21	8
283	2865085782901301	144758	4	504	-56.96000000000001	-196.4345026455026	-3000.0	14	12.052	21	8
284	2865364587814503	145262	4	504	-56.50800000000001	-229.94178042328045	-3000.0	12	12.58	22	8
285	2865635083487332	145766	4	504	-56.13866666666666	-229.87187566137567	-3000.0	18	12.22	23	8
286	2865873114988364	146270	4	504	-56.44	-209.1224814814815	-3000.0	15	11.194	21	8
287	2866105119346137	146774	4	504	-56.54	-252.5268783068784	-3000.0	18	11.078	20	8
288	2866342490466200	147278	4	504	-57.3	-208.38829365079368	-3000.0	14	11.222	20	8
289	2866584794755454	147782	4	504	-55.918666666666674	-250.8760476190476	-3000.0	13	11.372	20	8
290	2866846134048294	148286	4	504	-56.54533333333332	-202.72450529100527	-3000.0	17	11.834	20	8
291	2867100974852876	148790	4	504	-56.51999999999999	-212.55706084656086	-3000.0	16	12.018	21	8
292	2867359289794857	149294	4	504	-57.156000000000006	-206.66023544973547	-3000.0	13	11.366	20	8
293	2867599486755048	149798	4	504	-56.39733333333333	-170.65671693121695	-3000.0	16	11.256	21	8
294	2867839273652622	150302	4	504	-56.916	-258.06263227513233	-3000.0	13	11.264	22	8
295	2868101826964923	150806	4	504	-56.236	-188.8322962962963	-3000.0	15	12.352	22	8
296	2868364492870488	151310	4	504	-57.005333333333326	-223.92321164021155	-3000.0	14	12.414	22	8
297	2868626481713073	151814	4	504	-56.82266666666666	-192.71510052910048	-3000.0	18	11.926	23	8
298	2868864104546758	152318	4	504	-57.07599999999998	-226.26017460317456	-3000.0	16	11.302	21	8
299	2869106952618194	152822	4	504	-56.61333333333332	-224.39068253968256	-3000.0	18	10.988	21	8
300	2869334309085916	153326	4	504	-55.76133333333334	-236.8170026455027	-3000.0	18	10.86	21	8
301	2869570035579895	153830	4	504	-56.78666666666666	-239.40495502645507	-3000.0	19	10.798	21	8
302	2869795499536831	154334	4	504	-56.66666666666667	-213.99355026455018	-3000.0	20	10.552	21	8
303	2870031305794569	154838	4	504	-56.690666666666665	-206.84925661375667	-3000.0	14	11.024	21	8
304	2870274218419182	155342	4	504	-57.22399999999999	-247.6181719576719	-3000.0	18	11.614	22	8
305	2870527636747117	155846	4	504	-57.17866666666666	-233.56542063492063	-3000.0	20	11.668	23	8
306	2870788162502556	156350	4	504	-56.04400000000001	-175.11514021164027	-3000.0	18	11.958	23	8
307	2871059026106074	156854	4	504	-57.06266666666668	-226.69592328042333	-3000.0	19	12.294	24	8
308	2871293458208731	157358	4	504	-57.274666666666654	-225.6964894179894	-3000.0	18	11.468	24	8
309	2871562394793626	157862	4	504	-56.070666666666675	-215.66573015873013	-3000.0	17	12.694	25	8
310	2871818127171225	158366	4	504	-56.224	-204.00750529100523	-3000.0	19	11.716	23	8
311	2872077189063869	158870	4	504	-56.60133333333333	-203.40043650793652	-3000.0	22	12.238	24	8
312	2872339575092350	159374	4	504	-57.13466666666666	-228.64285185185193	-3000.0	19	12.088	23	8
313	2872624929077035	159878	4	504	-57.18666666666667	-218.77878571428568	-3000.0	14	12.128	24	8
314	2872873254183230	160382	4	504	-57.02666666666667	-212.49064814814815	-3000.0	18	11.604	24	8
315	2873134180403688	160886	4	504	-57.33066666666666	-240.88494708994716	-3000.0	15	11.674	25	8
316	2873403289437047	161390	4	504	-56.457333333333345	-210.24828306878302	-3000.0	19	12.53	25	8
317	2873681083132739	161894	4	504	-56.71866666666666	-205.93030423280427	-3000.0	17	12.05	25	8
318	2873930373588985	162398	4	504	-56.82666666666666	-153.4289365079365	-3000.0	16	11.552	25	8
319	2874173349701239	162902	4	504	-56.09466666666666	-222.2184444444445	-3000.0	17	11.072	25	8
320	2874428282204700	163406	4	504	-56.69333333333334	-245.99759523809533	-3000.0	14	11.13	26	8
321	2874690881720020	163910	4	504	-57.302666666666674	-220.12653703703708	-3000.0	16	12.196	24	8
322	2874918508445896	164414	4	504	-56.50000000000001	-233.4788095238095	-3000.0	15	10.44	24	8
323	2875181220445516	164918	4	504	-56.808000000000014	-211.58650264550266	-3000.0	14	12.174	23	8
324	2875417121580060	165422	4	504	-56.455999999999996	-254.6652883597883	-3000.0	14	11.408	23	8
325	2875665303402726	165926	4	504	-56.870666666666665	-250.31617724867735	-3000.0	13	11.778	22	8
326	2875939431618552	166430	4	504	-56.15866666666667	-226.17542063492073	-3000.0	17	12.338	23	8
327	2876208059351834	166934	4	504	-55.88266666666666	-203.91279365079365	-3000.0	16	12.028	24	8
328	2876458020981413	167438	4	504	-56.50533333333334	-244.25824603174604	-3000.0	17	11.61	24	8
329	2876727858777653	167942	4	504	-55.828	-209.15574603174605	-3000.0	13	12.156	23	8
330	2876986652191281	168446	4	504	-55.842666666666666	-205.20266402116408	-3000.0	15	12.088	22	8
331	2877242763512897	168950	4	504	-56.68533333333334	-281.32466931216925	-3000.0	15	11.83	23	8
332	2877480105705810	169454	4	504	-56.92799999999999	-224.0891719576719	-3000.0	17	11.266	24	8
333	2877741233110363	169958	4	504	-56.808000000000014	-210.84768253968252	-3000.0	16	12.39	25	8
334	2878040112030325	170462	4	504	-57.09333333333334	-264.7945687830689	-3000.0	15	12.726	26	8
335	2878315077368172	170966	4	504	-56.41866666666669	-227.73933862433861	-3000.0	14	12.734	27	8
336	2878590957766680	171470	4	504	-56.129333333333335	-250.24073280423286	-3000.0	15	12.18	22	8
337	2878848251814647	171974	4	504	-56.29466666666668	-242.60683597883596	-3000.0	16	11.456	20	8
338	2879089633153204	172478	4	504	-55.02933333333334	-227.1819814814814	-3000.0	15	11.706	21	8
339	2879346088860749	172982	4	504	-56.542666666666655	-203.20901058201065	-3000.0	17	11.956	20	8
340	2879601346095507	173486	4	504	-57.297333333333334	-257.58274867724873	-3000.0	19	11.574	19	8
341	2879848474130941	173990	4	504	-57.352000000000004	-195.25317460317464	-3000.0	16	11.148	20	8
342	2880091094159297	174494	4	504	-56.81066666666668	-240.95029100529098	-3000.0	14	11.746	20	8
343	2880362319081050	174998	4	504	-56.279999999999994	-264.2962380952381	-3000.0	14	12.478	21	8
344	2880665841156053	175502	4	504	-56.82933333333332	-253.0502592592592	-3000.0	16	13.112	21	8
345	2880966147030277	176006	4	504	-56.537333333333336	-274.0227698412699	-3000.0	19	12.872	21	8
346	2881252121050794	176510	4	504	-56.61599999999999	-295.40505820105824	-3000.0	18	12.526	21	8
347	2881506164115353	177014	4	504	-57.16000000000001	-191.13870634920633	-3000.0	13	12.252	22	8
348	2881767166690652	177518	4	504	-57.028	-220.12632539682537	-3000.0	14	12.3	21	8
349	2882040192623108	178022	4	504	-56.810666666666656	-236.62472222222226	-3000.0	20	12.472	21	8
350	2882303890110228	178526	4	504	-57.13733333333334	-189.33530423280422	-3000.0	18	11.896	21	8
351	2882566705488794	179030	4	504	-56.68	-221.74057142857143	-3000.0	15	12.17	21	8
352	2882837064388259	179534	4	504	-56.6	-265.63682010582016	-3000.0	20	12.092	22	8
353	2883078595942792	180038	4	504	-56.842666666666645	-178.24255291005292	-3000.0	17	11.778	21	8
354	2883320426762985	180542	4	504	-56.634666666666675	-239.2846322751322	-3000.0	17	12.392	21	8
355	2883587038932292	181046	4	504	-56.33599999999999	-224.89706613756616	-3000.0	21	12.278	21	8
356	2883863344466988	181550	4	504	-56.62533333333334	-221.42086243386237	-3000.0	14	12.574	22	8
357	2884127249717615	182054	4	504	-56.82133333333332	-221.31833068783067	-3000.0	16	12.268	22	8
358	2884367500878498	182558	4	504	-56.396	-250.2763862433863	-3000.0	20	12.16	22	8
359	2884631055749178	183062	4	504	-57.096	-264.08524074074074	-3000.0	14	12.26	22	8
360	2884878938483304	183566	4	504	-56.80533333333333	-291.8736137566136	-3000.0	18	10.662	21	8
361	2885157649049661	184070	4	504	-56.632	-244.82534656084664	-3000.0	19	12.448	21	8
362	2885396587245400	184574	4	504	-56.569333333333326	-238.33279100529109	-3000.0	17	11.094	22	8
363	2885659729753282	185078	4	504	-56.93333333333333	-235.43011640211643	-3000.0	17	11.354	22	8
364	2885918578790946	185582	4	504	-57.185333333333325	-200.07355026455028	-3000.0	19	11.85	22	8
365	2886177559947512	186086	4	504	-56.28799999999999	-183.35602910052907	-3000.0	17	12.07	22	8
366	2886452408537792	186590	4	504	-57.35466666666665	-242.94301851851856	-3000.0	17	12.102	22	8
367	2886737168955327	187094	4	504	-56.84133333333333	-290.2644391534391	-3000.0	18	12.266	23	8
368	2887021969303398	187598	4	504	-56.916	-184.52809523809523	-3000.0	17	12.86	23	8
369	2887315844233087	188102	4	504	-56.69333333333334	-198.11576719576723	-3000.0	18	12.62	23	8
370	2887569271335831	188606	4	504	-56.89733333333333	-232.5744788359788	-3000.0	17	11.67	22	8
371	2887842249028839	189110	4	504	-56.41866666666667	-236.44789417989415	-3000.0	16	12.58	22	8
372	2888145554889540	189614	4	504	-56.89733333333334	-231.05094179894178	-3000.0	17	13.434	23	8
373	2888440053425806	190118	4	504	-56.46533333333335	-268.76827248677245	-3000.0	17	12.726	23	8
374	2888720999705047	190622	4	504	-55.972	-239.48616931216927	-3000.0	16	12.98	23	8
375	2888979445468710	191126	4	504	-56.77733333333332	-204.70514814814817	-3000.0	17	12.236	23	8
376	2889252857985282	191630	4	504	-57.36133333333334	-212.28166666666664	-3000.0	12	12.506	23	8
377	2889531331501202	192134	4	504	-56.605333333333334	-175.84691798941793	-3000.0	16	13.118	23	8
378	2889794886891060	192638	4	504	-56.85466666666666	-261.9292592592593	-3000.0	14	12.016	23	8
379	2890077198224183	193142	4	504	-56.15333333333333	-304.7066137566137	-3000.0	17	12.588	22	8
380	2890346188564096	193646	4	504	-56.70399999999999	-206.1880846560846	-3000.0	15	11.942	22	8
381	2890578259955650	194150	4	504	-56.4	-283.04023280423286	-3000.0	14	10.92	22	8
382	2890831397608275	194654	4	504	-56.642666666666656	-268.32975925925933	-3000.0	12	11.47	23	8
383	2891086803377387	195158	4	504	-56.40800000000001	-295.27136772486773	-3000.0	17	11.838	22	8
384	2891324560591933	195662	4	504	-56.924000000000014	-257.1672592592592	-3000.0	16	11.424	23	8
385	2891571885680528	196166	4	504	-56.976000000000006	-209.30212169312168	-3000.0	15	11.964	23	8
386	2891833867669385	196670	4	504	-57.470666666666666	-271.32315608465603	-3000.0	18	11.912	24	8
387	2892077034824688	197174	4	504	-56.129333333333335	-203.38477513227525	-3000.0	16	11.59	23	8
388	2892350321224861	197678	4	504	-57.17999999999999	-220.8107407407408	-3000.0	17	12.426	24	8
389	2892600673030161	198182	4	504	-56.570666666666654	-215.92939947089945	-3000.0	19	11.348	23	8
390	2892847990476527	198686	4	504	-57.21466666666665	-178.03385714285716	-3000.0	13	11.328	24	8
391	2893090251141826	199190	4	504	-56.06666666666665	-241.1282486772487	-3000.0	15	11.738	22	8
392	2893324554887624	199694	4	504	-56.95733333333334	-253.88196031746034	-3000.0	14	11.694	23	8
393	2893580203191245	200198	4	504	-56.285333333333355	-216.14874074074072	-3000.0	19	12.142	24	8
394	2893833208589369	200702	4	504	-56.78533333333334	-212.62079365079364	-3000.0	16	11.712	23	8
395	2894078429342124	201206	4	504	-56.67466666666666	-289.7795846560847	-3000.0	15	11.446	21	8
396	2894318367014803	201710	4	504	-56.97333333333333	-245.87452116402116	-3000.0	20	11.496	22	8
397	2894581297258817	202214	4	504	-56.62666666666666	-222.39114285714285	-3000.0	19	11.978	22	8
398	2894847133643307	202718	4	504	-57.394666666666666	-194.13082275132285	-3000.0	22	12.138	23	8
399	2895134694486080	203222	4	504	-57.041333333333334	-232.15662962962975	-3000.0	19	12.748	23	8
400	2895417354368352	203726	4	504	-57.08266666666666	-222.70324603174606	-3000.0	15	12.908	24	8
401	2895671334894850	204230	4	504	-56.692	-270.57623809523807	-3000.0	13	11.914	24	8
402	2895940647560244	204734	4	504	-56.32666666666666	-243.3201322751323	-3000.0	14	12.23	25	8
403	2896227947806585	205238	4	504	-56.303999999999995	-198.24802645502646	-3000.0	18	12.222	26	8
404	2896480393235335	205742	4	504	-57.314666666666675	-224.56057142857136	-3000.0	24	10.99	26	8
405	2896730747045583	206246	4	504	-56.489333333333335	-209.55464285714288	-3000.0	19	11.62	25	8
406	2896973378016668	206750	4	504	-56.82666666666667	-210.4652619047619	-3000.0	18	11.714	25	8
407	2897215463323431	207254	4	504	-56.53199999999999	-204.87720899470906	-3000.0	12	11.498	26	8
408	2897453522981158	207758	4	504	-56.83333333333334	-233.2787645502646	-3000.0	15	11.348	26	8
409	2897731569126367	208262	4	504	-56.37999999999999	-222.30790740740733	-3000.0	18	12.62	25	8
410	2897973447576668	208766	4	504	-57.02800000000001	-171.90789682539685	-3000.0	24	11.856	26	8
411	2898240980041055	209270	4	504	-56.421333333333344	-242.4296507936508	-3000.0	18	12.106	25	8
412	2898474567602441	209774	4	504	-55.97466666666665	-231.7043492063493	-3000.0	14	11.694	24	8
413	2898705468329998	210278	4	504	-56.55466666666666	-179.9356216931217	-3000.0	15	11.46	25	8
414	2898960659885500	210782	4	504	-56.613333333333316	-269.6484338624339	-3000.0	16	12.012	24	8
415	2899222486757116	211286	4	504	-56.44533333333334	-172.1361534391534	-3000.0	14	12.17	23	8
416	2899507844093785	211790	4	504	-57.09733333333334	-295.1865423280423	-3000.0	16	11.916	23	8
417	2899796028705034	212294	4	504	-56.71866666666666	-206.18944179894183	-3000.0	15	12.988	24	8
418	2900060043755056	212798	4	504	-56.48266666666667	-180.21300529100532	-3000.0	15	13.338	25	8
419	2900326158772879	213302	4	504	-56.53733333333333	-243.7421349206349	-3000.0	15	13.166	23	8
420	2900613376281015	213806	4	504	-56.73466666666667	-202.14612433862433	-3000.0	17	12.804	24	8
421	2900876930497089	214310	4	504	-56.552	-170.05929100529102	-3000.0	15	12.916	23	8
422	2901151827716464	214814	4	504	-56.609333333333346	-239.92199735449728	-3000.0	17	12.842	22	8
423	2901413114543638	215318	4	504	-56.34266666666667	-214.39545238095238	-3000.0	18	12.472	23	8
424	2901651890127186	215822	4	504	-56.53200000000002	-250.059126984127	-3000.0	16	12.084	22	8
425	2901889312920661	216326	4	504	-56.417333333333346	-214.86745502645505	-3000.0	15	11.764	20	8
426	2902133421160314	216830	4	504	-57.03333333333333	-186.0636931216931	-3000.0	17	11.66	20	8
427	2902366119333475	217334	4	504	-56.912	-221.92236507936497	-3000.0	14	11.734	21	8
428	2902612300535806	217838	4	504	-57.749333333333325	-230.10632804232804	-3000.0	16	12.092	21	8
429	2902860271378290	218342	4	504	-57.73466666666666	-238.05241534391533	-3000.0	17	12.242	21	8
430	2903118514558006	218846	4	504	-56.249333333333325	-219.82320105820108	-3000.0	19	12.984	22	8
431	2903383725558371	219350	4	504	-55.870666666666665	-236.6882936507937	-3000.0	13	12.762	21	8
432	2903622392103634	219854	4	504	-56.99333333333334	-250.16049735449744	-3000.0	14	12.002	21	8
433	2903835213585278	220358	4	504	-56.90933333333334	-234.25087830687838	-3000.0	14	10.952	21	8
434	2904069799212165	220862	4	504	-55.94533333333333	-231.58035449735453	-3000.0	16	11.88	20	8
435	2904296793567293	221366	4	504	-57.11866666666667	-269.9336534391535	-3000.0	15	11.078	19	8
436	2904520961817345	221870	4	504	-56.69999999999999	-297.8361613756614	-3000.0	18	11.378	20	8
437	2904718135479982	222374	4	504	-56.56666666666667	-328.0795396825396	-3000.0	13	10.506	20	8
438	2904954602020836	222878	4	504	-56.596000000000004	-269.7428650793651	-3000.0	18	11.462	21	8
439	2905177301673656	223382	4	504	-56.81466666666666	-190.90507936507933	-3000.0	16	10.678	21	8
440	2905408537786967	223886	4	504	-56.557333333333325	-288.60816402116404	-3000.0	16	10.614	20	8
441	2905629854914856	224390	4	504	-56.19200000000001	-271.2730423280422	-3000.0	16	11.138	20	8
442	2905845598247507	224894	4	504	-56.25999999999999	-225.80574603174605	-3000.0	17	11.214	20	8
443	2906065301209091	225398	4	504	-56.94000000000001	-206.19280952380953	-3000.0	16	10.936	21	8
444	2906308550771735	225902	4	504	-56.50266666666667	-252.6986296296296	-3000.0	13	12.026	22	8
445	2906538578408697	226406	4	504	-57.208	-242.41098412698423	-3000.0	19	11.094	23	8
446	2906771407388031	226910	4	504	-56.89999999999999	-190.25889682539682	-3000.0	18	11.83	21	8
447	2906983377812563	227414	4	504	-56.01333333333334	-215.00301322751318	-3000.0	16	11.05	21	8
448	2907203682447380	227931	3	504	-57.38533333333333	-222.75461904761912	-3000.0	18	11.122	21	8
449	2907427881725759	228434	3	503	-57.204000000000015	-256.6429502982107	-3000.0	17	11.596	22	8
450	2907692962120259	228937	3	503	-57.192	-257.47304705102715	-3000.0	16	12.1	22	8
451	2907954495996228	229440	3	503	-56.20666666666666	-244.1880954274354	-3000.0	18	12.384	22	8
452	2908207968796249	229943	3	503	-57.024000000000015	-243.25161563949635	-3000.0	20	13.076	22	8
453	2908451491107483	230446	3	503	-56.869333333333344	-230.69696222664012	-3000.0	19	12.724	22	8
454	2908694590671716	230949	3	503	-56.54533333333334	-269.0607130550033	-3000.0	16	11.936	22	8
455	2908931275580054	231452	3	503	-57.01866666666666	-301.0206255798543	-3000.0	13	11.586	22	8
456	2909174269898367	231955	3	503	-56.899999999999984	-195.48374022531476	-3000.0	18	12.408	23	8
457	2909439932630113	232458	3	503	-56.70533333333335	-209.8407793240557	-3000.0	21	12.53	23	8
458	2909736629256195	232961	3	503	-56.20000000000001	-304.9581630218688	-3000.0	16	13.966	23	8
459	2909998771149667	233464	3	503	-56.73466666666667	-254.4428946322067	-3000.0	18	12.148	23	8
460	2910271683679162	233967	3	503	-56.68666666666667	-262.70457521537446	-3000.0	20	13.188	23	8
461	2910521318072039	234470	3	503	-57.117333333333335	-250.3736620278331	-3000.0	18	12.874	24	8
462	2910767068988436	234973	3	503	-57.02533333333333	-180.13287210072895	-3000.0	19	12.23	25	8
463	2911010506891472	235476	3	503	-57.10400000000001	-230.46069184890646	-3000.0	16	11.926	26	8
464	2911235784772845	235979	3	503	-56.949333333333314	-226.67249569251157	-3000.0	20	11.212	25	8
465	2911468743247959	236482	3	503	-56.754666666666665	-220.46734791252484	-3000.0	19	11.756	25	8
466	2911700357480963	236985	3	503	-54.93066666666667	-199.07820278330016	-3000.0	20	11.6	25	8
467	2911914480327139	237488	3	503	-56.84933333333331	-204.54253677932408	-3000.0	19	11.486	25	8
468	2912162253918728	237991	3	503	-55.84133333333335	-262.6557826375083	-3000.0	16	12.434	25	8
469	2912408039884828	238494	3	503	-56.232	-235.6423830351226	-3000.0	17	11.632	26	8
470	2912636676515891	238997	3	503	-56.92266666666667	-218.9626056991385	-3000.0	18	11.49	26	8
471	2912874582394792	239500	3	503	-57.47733333333333	-185.21590192180258	-3000.0	15	11.854	26	8
472	2913116330887759	240003	3	503	-56.957333333333345	-298.3596951623592	-3000.0	18	11.784	24	8
473	2913345291021331	240506	3	503	-56.80133333333334	-246.10302717031144	-3000.0	18	11.552	24	8
474	2913593686196017	241009	3	503	-56.449333333333335	-179.67919416832336	-3000.0	14	12.466	25	8
475	2913841233611538	241512	3	503	-56.804000000000016	-208.9227753479125	-3000.0	17	12.372	25	8
476	2914097907742122	242015	3	503	-56.89866666666666	-167.6094844267727	-3000.0	20	12.858	25	8
477	2914370650004250	242518	3	503	-57.441333333333326	-198.7392763419483	-3000.0	18	13.232	25	8
478	2914620061372871	243021	3	503	-56.93333333333333	-207.25661762756798	-3000.0	16	12.01	25	8
479	2914874756600285	243524	3	503	-55.85466666666668	-218.98176805831682	-3000.0	15	12.898	25	8
480	2915130953307266	244027	3	503	-57.435999999999986	-218.14104970178914	-3000.0	17	12.338	23	8
481	2915351241557178	244530	3	503	-57.265333333333345	-234.78335586481117	-3000.0	18	11.444	22	8
482	2915599470576647	245033	3	503	-56.530666666666676	-210.79439628893311	-3000.0	17	12.826	23	8
483	2915855543508387	245536	3	503	-56.347999999999985	-204.41385288270374	-3000.0	19	12.064	22	8
484	2916092931076144	246039	3	503	-56.16133333333333	-239.7562438701127	-3000.0	15	12.098	23	8
485	2916364927004951	246542	3	503	-55.95866666666665	-175.96354141815766	-3000.0	19	13.258	24	8
486	2916623760767335	247045	3	503	-55.896	-261.2813704440026	-3000.0	16	12.662	22	8
487	2916890510026290	247548	3	503	-56.22	-270.9968190854871	-3000.0	18	13.12	22	8
488	2917134587065299	248051	3	503	-57.29600000000001	-242.14620013253813	-3000.0	19	12.428	23	8
489	2917365197034075	248554	3	503	-56.783999999999985	-199.80462823061634	-3000.0	19	12.424	22	8
490	2917624481772543	249071	2	503	-56.60133333333333	-275.27102451954937	-3000.0	18	13.29	22	8
491	2917907998188356	249573	2	502	-57.009333333333345	-200.58803984063738	-3000.0	17	14.58	23	8
492	2918155863305188	250075	2	502	-56.91333333333334	-195.5721646746348	-3000.0	17	12.444	23	8
493	2918451560674233	250577	2	502	-56.529333333333334	-232.04206905710487	-3000.0	17	13.668	24	8
494	2918723725368555	251079	2	502	-56.648	-192.1241912350598	-3000.0	19	13.446	24	8
495	2918966035722306	251581	2	502	-56.78133333333332	-202.81319787516594	-3000.0	14	12.32	25	8
496	2919255148858954	252083	2	502	-56.19600000000001	-241.89918990703856	-3000.0	18	14.044	26	8
497	2919528550580706	252585	2	502	-56.12533333333333	-184.09172908366537	-3000.0	18	13.568	23	8
498	2919791243985884	253087	2	502	-56.089333333333336	-224.2600451527224	-3000.0	14	13.312	23	8
499	2920050903377578	253589	2	502	-57.16133333333334	-201.58850199203184	-3000.0	17	13.152	24	8
