alpha = 0.15
gamma = 1.0
lambda = 0.6
epsilon = 0.3
randomSeed = 111
GREAT!
Xover: 4
---- Evolution parameters ----
Folder name:          NMSarsa_ActorCriticPendulum/run_3036074546447962
Random seed:          111
GREAT activated:      true
Max iterations:       500
Population size:      500
GREAT initialization  true
Speciation threshold: 0.15
Species min size:     15
Tournament size:      3
Crossover rate:       0.2
Mutation rate:        0.8
Crossovers:
	AligningCrossover_v4(0.15)
Mutations:
	AddGeneMutation(maxSize=2147483647, prob=0.33)
	DeleteGeneMutation(minSize=8, prob=0.33)
	ChangeGeneMutation(prob=0.33)
------------------------------

---- Starting evolution ----
IT	Nanotime	#Eval	#Species	PopSize	Best	Avg	Worst	Best GRN Size	Avg GRN size	Max GRN size	Min GRN size
0	3037576580615465	997	1	499	365.883909448635	-163.29996967389994	-909.2933181197365	9	9.06	13	8
1	3039385911685672	1518	2	501	365.9012989451086	31.094987414511003	-910.6773587005423	9	9.414	13	8
2	3048748131103193	2806	4	1288	380.8345103104417	173.98503159529272	-914.3837360496162	8	25.272	14	8
3	3062947904227828	4290	5	1484	379.5489756422928	190.84056653218119	-914.6609560739228	11	28.844	14	8
4	3071305778358896	4800	5	505	373.76042143768666	220.55623610454225	-949.3698075185573	8	9.65	14	8
5	3079580409041115	5322	5	505	375.9933416430722	208.88235424746009	-912.689039352894	10	9.56	14	8
6	3088953905106328	5829	6	505	384.2887834518403	256.1318876289371	-942.2008313540639	12	9.87	15	8
7	3099014227620114	6346	6	506	385.50871647463146	277.0510831180436	-924.3456273344607	9	10.1	14	8
