alpha = 0.15
gamma = 1.0
lambda = 0.6
epsilon = 0.3
randomSeed = 999
GREAT!
Xover: 4
---- Evolution parameters ----
Folder name:          NMSarsa_ActorCriticPendulum/run_3036074583599349
Random seed:          999
GREAT activated:      true
Max iterations:       500
Population size:      500
GREAT initialization  true
Speciation threshold: 0.15
Species min size:     15
Tournament size:      3
Crossover rate:       0.2
Mutation rate:        0.8
Crossovers:
	AligningCrossover_v4(0.15)
Mutations:
	AddGeneMutation(maxSize=2147483647, prob=0.33)
	DeleteGeneMutation(minSize=8, prob=0.33)
	ChangeGeneMutation(prob=0.33)
------------------------------

---- Starting evolution ----
IT	Nanotime	#Eval	#Species	PopSize	Best	Avg	Worst	Best GRN Size	Avg GRN size	Max GRN size	Min GRN size
0	3037279198932840	997	1	499	280.877159681699	-387.5756607729895	-961.1267540062514	12	8.998	13	8
1	3037903111978222	1507	3	501	305.5946778828439	-179.21886925044288	-961.3412860071298	9	9.384	13	8
2	3038566481775483	2019	3	503	305.4068281854145	-140.12389337800846	-938.9659022787879	9	9.69	13	8
3	3039975525801010	2929	3	881	309.85047121101013	-24.42412647726071	-961.9724949825478	10	16.894	14	8
4	3065971434389877	18175	11	15241	356.0642107958887	28.660491818857658	-975.0108026018085	9	294.116	14	8
5	3068593841855499	19180	8	987	357.0986514444293	113.78724204974552	-972.4809939658029	9	18.202	13	8
6	3071042869015108	19722	6	508	358.69974524756486	144.21973914758627	-933.3060496123074	9	9.57	14	8
7	3074569733964328	20250	8	506	364.6293025712968	166.5621474488957	-937.4202144029999	9	9.498	14	8
8	3079262205420354	20799	6	508	374.1937611823155	140.5717801278268	-973.4481191716915	9	9.726	15	8
9	3086378613016690	21324	9	506	367.2097616903918	191.88645000869624	-915.0408380892553	9	10.3	15	8
10	3094683042628110	21849	8	509	365.3778239057938	193.8715974348998	-933.9753220636915	10	9.744	15	8
