alpha = 0.15
gamma = 1.0
lambda = 0.6
epsilon = 0.3
randomSeed = 555
GREAT!
Xover: 4
---- Evolution parameters ----
Folder name:          NMSarsa_PuddleWorld/run_3027640992819527
Random seed:          555
GREAT activated:      true
Max iterations:       500
Population size:      500
GREAT initialization  true
Speciation threshold: 0.15
Species min size:     15
Tournament size:      3
Crossover rate:       0.2
Mutation rate:        0.8
Crossovers:
	AligningCrossover_v4(0.15)
Mutations:
	AddGeneMutation(maxSize=2147483647, prob=0.33)
	DeleteGeneMutation(minSize=8, prob=0.33)
	ChangeGeneMutation(prob=0.33)
------------------------------

---- Starting evolution ----
IT	Nanotime	#Eval	#Species	PopSize	Best	Avg	Worst	Best GRN Size	Avg GRN size	Max GRN size	Min GRN size
0	3043017755580810	997	1	499	635.0669999999948	433.758246492983	-50.100000000000406	11	9.266	13	8
1	3055672786123991	1509	4	501	663.0189999999945	460.48046706586507	-50.100000000000406	10	9.68	13	8
2	3068730482218571	2013	4	504	651.7039999999947	479.3494126984092	-50.100000000000406	11	10.014	14	8
3	3082294463902004	2533	4	504	650.3359999999947	496.7044940476154	-50.100000000000406	11	10.354	15	8
4	3095089374496121	3037	6	504	653.2469999999946	499.7806527777742	-50.100000000000406	11	10.742	15	8
