alpha = 0.15
gamma = 1.0
lambda = 0.6
epsilon = 0.3
randomSeed = 777
GREAT!
Xover: 4
---- Evolution parameters ----
Folder name:          NMSarsa_Maze/run_2784148531731787
Random seed:          777
GREAT activated:      true
Max iterations:       500
Population size:      500
GREAT initialization  true
Speciation threshold: 0.15
Species min size:     15
Tournament size:      3
Crossover rate:       0.2
Mutation rate:        0.8
Crossovers:
	AligningCrossover_v4(0.15)
Mutations:
	AddGeneMutation(maxSize=2147483647, prob=0.33)
	DeleteGeneMutation(minSize=8, prob=0.33)
	ChangeGeneMutation(prob=0.33)
------------------------------

---- Starting evolution ----
IT	Nanotime	#Eval	#Species	PopSize	Best	Avg	Worst	Best GRN Size	Avg GRN size	Max GRN size	Min GRN size
0	2784548099565917	997	1	499	-102.2	-1451.7949899799605	-3000.0	12	9.1	13	8
1	2784657669928911	1498	2	501	-97.27866666666667	-928.087316034596	-3000.0	11	9.582	13	8
2	2784729610129519	2000	3	502	-98.88533333333334	-524.1868154050463	-3000.0	9	9.622	14	8
3	2784768253459519	2505	5	503	-90.54799999999997	-248.4148283631544	-3000.0	10	9.818	15	8
4	2784818840104338	3012	5	505	-96.86266666666664	-262.02295709570956	-3000.0	11	10.166	15	8
5	2784885954414960	3531	4	505	-88.31466666666667	-222.5119419141914	-3000.0	9	10.208	14	8
6	2784966055030391	4036	4	504	-85.37866666666667	-279.56387301587296	-3000.0	9	10.146	14	8
7	2785070348575303	4544	4	504	-85.29066666666668	-225.9110687830688	-3000.0	10	10.282	15	8
8	2785185476176755	5048	4	504	-83.252	-215.4387116402116	-3000.0	10	10.298	16	8
9	2785348762768428	5566	4	504	-83.51333333333334	-180.42668518518516	-3000.0	10	10.374	16	8
10	2785561485324462	6082	5	504	-84.11599999999999	-186.13541269841272	-3000.0	8	10.068	16	8
11	2785788742028694	6603	4	505	-81.064	-222.2213333333333	-3000.0	8	10.186	17	8
12	2786062337940441	7109	4	504	-78.49333333333333	-220.17993121693115	-3000.0	10	10.288	17	8
13	2786322477492689	7618	4	504	-77.04266666666665	-159.7572962962963	-3000.0	10	10.19	18	8
14	2786595658827815	8128	5	504	-73.89333333333332	-177.93318518518518	-3000.0	10	10.512	16	8
15	2786854769891147	8635	5	505	-74.43866666666666	-184.33669438943897	-3000.0	12	10.722	17	8
16	2787104154696960	9163	5	505	-73.70133333333334	-174.06169504950498	-3000.0	9	9.934	17	8
17	2787377285554599	9669	5	505	-73.35866666666666	-215.66584290429046	-3000.0	9	10.778	18	8
18	2787659327085416	10182	5	505	-71.32933333333332	-193.25446864686472	-3000.0	13	10.946	19	8
19	2787941676361218	10694	6	505	-68.10133333333334	-165.5022679867987	-3000.0	9	10.692	19	8
20	2788204842423328	11200	6	506	-66.84933333333332	-221.96038998682474	-3000.0	9	10.302	18	8
21	2788460803821127	11709	9	506	-63.907999999999994	-193.3915415019763	-3000.0	9	10.526	18	8
22	2788717409745469	12253	8	509	-64.184	-246.87065618860512	-3000.0	8	10.012	15	8
23	2788975652085244	12764	8	508	-63.23333333333333	-178.6448320209974	-3000.0	8	10.046	15	8
24	2789226570105218	13285	7	508	-63.710666666666654	-226.7581653543307	-3000.0	9	9.862	16	8
25	2789485493994856	13802	7	507	-63.71466666666667	-188.2683313609468	-3000.0	8	10.158	17	8
26	2789750255452452	14310	7	507	-63.763999999999996	-147.89048257725182	-3000.0	8	10.4	17	8
27	2790006474582692	14820	7	507	-63.492000000000026	-234.39000131492443	-3000.0	9	10.138	16	8
28	2790240406286453	15328	7	507	-64.39999999999999	-173.16619855358314	-3000.0	9	10.398	17	8
29	2790532823032022	15859	8	507	-63.06933333333333	-163.31386193293886	-3000.0	9	10.752	17	8
30	2790778944058732	16367	10	508	-63.33866666666667	-191.29072965879269	-3000.0	9	10.652	17	8
31	2791030612360133	16896	9	510	-63.558666666666674	-148.80009411764706	-3000.0	8	10.502	17	8
32	2791284591636165	17405	9	509	-62.98533333333334	-184.52769089718404	-3000.0	8	10.534	18	8
33	2791544609338045	17946	8	509	-62.85866666666666	-182.89454354944337	-3000.0	8	11.002	19	8
34	2791817072583541	18457	8	508	-63.12	-172.31502362204725	-3000.0	8	10.87	20	8
35	2792066838738470	18974	9	508	-62.65466666666667	-174.31026246719165	-3000.0	8	10.22	20	8
36	2792315038929807	19505	8	509	-61.38400000000001	-200.80148788474128	-3000.0	8	9.846	17	8
37	2792565905501925	20013	8	508	-61.71999999999999	-221.91698425196853	-3000.0	9	10.436	18	8
38	2792788177771564	20521	8	508	-61.076000000000015	-268.2426876640421	-3000.0	9	10.326	16	8
39	2793026333672765	21032	9	508	-61.58000000000001	-202.89974803149605	-3000.0	9	10.274	16	8
40	2793291149405124	21541	9	509	-60.648	-181.71844400785855	-3000.0	9	10.5	15	8
41	2793550260800070	22053	9	509	-60.24533333333333	-224.35987950229207	-3000.0	8	10.344	16	8
42	2793808036329998	22562	9	509	-60.395999999999994	-219.14966077275702	-3000.0	10	10.158	15	8
43	2794049857147944	23082	8	509	-60.935999999999986	-260.51193975114614	-3000.0	9	9.706	15	8
44	2794274117388862	23598	8	508	-61.096000000000004	-218.95843044619423	-3000.0	9	9.704	15	8
45	2794514496442730	24119	7	508	-60.84	-240.1373412073491	-3000.0	8	9.686	14	8
46	2794759132264814	24641	6	507	-60.804	-242.19834582511504	-3000.0	10	9.622	15	8
47	2794988364476277	25162	6	506	-59.85066666666668	-225.62133069828724	-3000.0	9	9.742	15	8
48	2795236495737931	25694	6	506	-59.876000000000005	-185.83254018445322	-3000.0	8	10.442	15	8
49	2795485807005474	26200	6	506	-59.37999999999999	-220.70061660079048	-3000.0	9	10.142	16	8
50	2795736142733320	26715	6	506	-59.35466666666666	-198.9694440052701	-3000.0	14	10.23	16	8
51	2795971604053912	27243	5	506	-59.701333333333324	-202.59525955204217	-3000.0	8	9.908	16	8
52	2796211004685551	27766	7	505	-60.298666666666676	-227.3688211221122	-3000.0	8	9.74	17	8
53	2796466448559110	28305	7	507	-59.23466666666667	-204.3357948717949	-3000.0	9	9.862	17	8
54	2796693976202742	28826	8	507	-59.621333333333325	-157.95847205785668	-3000.0	8	9.602	15	8
55	2796922263743982	29338	10	508	-59.04933333333334	-210.9158845144357	-3000.0	9	9.682	15	8
56	2797167040601559	29871	10	510	-59.31866666666666	-215.10065620915026	-3000.0	8	9.98	15	8
57	2797418702419472	30381	10	510	-60.13733333333332	-186.3687529411765	-3000.0	8	10.08	16	8
58	2797661784607517	30896	9	510	-59.30000000000001	-236.63886535947708	-3000.0	8	9.912	16	8
59	2797917563777624	31405	10	509	-59.678666666666665	-188.304605108055	-3000.0	9	10.248	16	8
60	2798165909277999	31936	8	510	-59.32666666666668	-278.1005281045751	-3000.0	8	9.696	16	8
61	2798410542253114	32446	8	508	-59.962666666666664	-213.3997532808398	-3000.0	14	9.862	17	8
62	2798653500684723	32954	8	508	-58.98799999999999	-215.54325721784775	-3000.0	14	10.084	16	8
63	2798900045594215	33468	7	508	-59.22800000000001	-204.85983202099737	-3000.0	14	10.442	17	8
64	2799142348951678	33992	8	507	-59.97600000000001	-218.30143852728472	-3000.0	10	10.084	18	8
65	2799392500692680	34504	9	508	-58.82666666666668	-208.23399475065614	-3000.0	15	10.1	16	8
66	2799647152000471	35014	9	509	-59.944	-208.74967125081864	-3000.0	8	10.07	17	8
67	2799896954649643	35528	9	509	-59.81466666666668	-250.29251604453177	-3000.0	9	10.398	17	8
68	2800154847213731	36051	9	509	-58.07333333333334	-229.2867138179437	-3000.0	12	10.278	17	8
69	2800404351692354	36572	8	509	-59.996	-241.9343497053045	-3000.0	8	10.232	17	8
70	2800644433058974	37080	8	508	-59.452	-215.96288188976376	-3000.0	9	10.096	17	8
71	2800903451267659	37595	8	508	-59.70266666666667	-220.6706640419947	-3000.0	9	9.838	17	8
72	2801141922008031	38119	8	508	-59.96799999999999	-266.7456141732283	-3000.0	8	9.668	16	8
73	2801381057585944	38632	8	508	-59.741333333333344	-236.7683595800525	-3000.0	9	9.636	17	8
74	2801650432452542	39190	7	508	-59.370666666666665	-285.3863700787402	-3000.0	8	9.566	13	8
75	2801881887902992	39718	7	507	-59.48266666666665	-246.0214516765286	-3000.0	9	9.4	14	8
76	2802116588420651	40227	7	507	-59.102666666666664	-222.63935568704792	-3000.0	8	9.504	15	8
77	2802365800718955	40750	7	507	-59.50933333333335	-239.04000788954633	-3000.0	9	9.696	15	8
78	2802585605143406	41257	7	507	-59.19066666666667	-240.7616015779093	-3000.0	8	9.594	15	8
79	2802819180400676	41786	6	507	-59.16799999999999	-223.5663326758712	-3000.0	9	9.558	16	8
80	2803035970906470	42298	7	506	-59.06399999999999	-211.0239130434782	-3000.0	8	9.652	17	8
81	2803269073017999	42827	6	507	-58.749333333333325	-254.68802629848776	-3000.0	8	9.418	14	8
82	2803503531453306	43341	5	506	-58.07333333333334	-294.4711488801054	-3000.0	8	9.432	15	8
83	2803740130650862	43861	5	505	-57.74666666666666	-250.95274983498345	-3000.0	8	9.448	15	8
84	2803969956605857	44378	4	505	-58.10933333333332	-259.0747749174918	-3000.0	8	9.418	15	8
85	2804189744933426	44892	5	504	-58.881333333333345	-180.96157671957675	-3000.0	9	9.502	14	8
86	2804433481114022	45398	5	505	-58.88533333333333	-197.20664290429042	-3000.0	8	9.712	13	8
87	2804682921055244	45909	5	505	-58.84533333333333	-260.20816105610555	-3000.0	8	9.616	14	8
88	2804902905295441	46414	6	505	-58.60799999999999	-215.6652277227722	-3000.0	9	9.658	15	8
89	2805124604552908	46923	6	506	-59.08133333333333	-235.9456837944664	-3000.0	8	9.466	16	8
90	2805353396533675	47440	5	506	-58.516000000000005	-265.00355994729904	-3000.0	9	9.482	15	8
91	2805582517025124	47945	5	505	-58.22533333333333	-171.50903498349837	-3000.0	8	9.956	14	8
92	2805829718442960	48450	5	505	-58.55466666666666	-224.47396171617171	-3000.0	9	9.868	15	8
93	2806067171910326	48960	5	505	-58.99999999999999	-219.04283564356433	-3000.0	10	9.74	15	8
94	2806309986210481	49472	5	505	-58.590666666666664	-192.31871947194713	-3000.0	8	9.68	15	8
95	2806552044643069	49980	5	505	-57.63999999999999	-236.7926442244225	-3000.0	9	9.702	15	8
96	2806799331897307	50485	5	505	-58.70533333333333	-193.1053914191419	-3000.0	8	9.958	15	8
97	2807036458514735	50999	5	505	-58.338666666666676	-202.5638283828382	-3000.0	8	9.69	14	8
98	2807275842069972	51504	5	505	-58.16133333333334	-260.88314455445544	-3000.0	9	9.76	15	8
99	2807518173836245	52019	5	505	-58.144	-291.6466904290429	-3000.0	8	9.768	16	8
100	2807738935149961	52524	5	505	-58.775999999999996	-246.29120528052806	-3000.0	8	9.842	15	8
101	2807973893249110	53029	5	505	-58.46533333333334	-216.68330033003306	-3000.0	8	9.622	14	8
102	2808217417513948	53537	5	505	-58.29333333333334	-239.01742310231018	-3000.0	10	9.484	14	8
103	2808459710068854	54042	5	505	-57.604	-257.18692541254126	-3000.0	8	9.572	15	8
104	2808690018941575	54547	5	505	-57.85733333333334	-276.7031313531353	-3000.0	9	9.788	14	8
105	2808929251244432	55052	5	505	-59.129333333333314	-252.05044224422443	-3000.0	11	10.044	14	8
106	2809170311122144	55566	5	505	-58.994666666666674	-260.80739009900987	-3000.0	9	9.844	14	8
107	2809414959370074	56084	5	505	-58.88933333333333	-239.9032844884489	-3000.0	9	9.64	14	8
108	2809640582553431	56589	5	505	-58.114666666666665	-246.56950759075912	-3000.0	8	9.544	14	8
109	2809877645936637	57094	5	505	-58.296000000000014	-211.11652805280522	-3000.0	9	9.686	15	8
110	2810119598124594	57610	5	505	-58.35733333333334	-193.1237201320132	-3000.0	9	9.734	14	8
111	2810346161354165	58115	5	505	-58.55866666666666	-211.8514349834983	-3000.0	10	9.85	13	8
112	2810560423246097	58620	5	505	-57.762666666666675	-226.14091881188122	-3000.0	9	9.746	14	8
113	2810784226049415	59125	5	505	-58.53999999999999	-205.29630891089107	-3000.0	8	9.722	14	8
114	2811034309881673	59637	6	505	-58.502666666666684	-218.31447392739273	-3000.0	10	9.544	15	8
115	2811250570783131	60152	5	506	-58.376	-194.8212042160738	-3000.0	8	9.788	15	8
116	2811479119630149	60659	5	505	-58.269333333333336	-221.0434112211222	-3000.0	9	9.672	15	8
117	2811742523887293	61176	5	505	-58.40933333333332	-236.70083696369636	-3000.0	8	9.656	14	8
118	2811978300546917	61700	8	505	-58.033333333333346	-198.5574151815181	-3000.0	8	9.69	14	8
119	2812202145277655	62208	8	508	-58.592	-258.6988241469817	-3000.0	8	9.584	14	8
120	2812451653999239	62729	7	508	-58.488	-224.8182204724409	-3000.0	8	9.734	14	8
121	2812702743161399	63264	7	507	-58.129333333333335	-200.4512163050625	-3000.0	10	9.854	14	8
122	2812940195814102	63771	7	507	-58.67199999999999	-189.57264168310326	-3000.0	8	9.87	13	8
123	2813186501766717	64305	9	507	-57.80133333333333	-191.57247600262983	-3000.0	9	9.822	13	8
124	2813415372809684	64834	10	509	-58.216	-209.66539882121802	-3000.0	9	9.754	13	8
125	2813642192857189	65344	10	510	-58.16	-212.3997568627451	-3000.0	8	9.924	14	8
126	2813883816407525	65865	10	510	-58.07466666666667	-230.45636339869284	-3000.0	10	9.894	14	8
127	2814135547801120	66397	10	510	-58.78	-172.44636862745102	-3000.0	8	9.868	14	8
128	2814377290789557	66922	9	510	-58.396	-189.8330666666667	-3000.0	9	10.098	14	8
129	2814601927396553	67447	9	509	-58.52133333333334	-228.69956516044533	-3000.0	9	9.576	14	8
130	2814848038357092	67963	9	509	-58.08000000000001	-216.5268578912901	-3000.0	8	9.604	14	8
131	2815079385258052	68483	8	509	-58.55866666666667	-255.25861165684347	-3000.0	8	9.714	13	8
132	2815311486912884	69004	8	508	-58.36800000000001	-203.69321522309713	-3000.0	8	9.858	14	8
133	2815551662476242	69525	8	508	-57.96133333333333	-264.57456955380576	-3000.0	8	9.698	14	8
134	2815801451735251	70033	8	508	-58.466666666666676	-227.19098425196853	-3000.0	8	9.982	14	8
135	2816026510099030	70543	8	508	-57.93066666666666	-183.46492650918634	-3000.0	9	9.902	14	8
136	2816261100674738	71054	8	508	-58.98133333333333	-227.43113910761159	-3000.0	8	9.758	15	8
137	2816490368790727	71562	8	508	-58.422666666666665	-217.11903412073494	-3000.0	9	9.682	14	8
138	2816733148110819	72070	9	508	-58.198666666666675	-242.82900787401582	-3000.0	9	9.6	14	8
139	2816968532143110	72589	8	509	-57.789333333333346	-173.49357170923383	-3000.0	8	9.636	13	8
140	2817209000727077	73108	8	508	-58.547999999999995	-253.09595800524932	-3000.0	8	9.698	13	8
141	2817447548723887	73616	8	508	-57.997333333333316	-233.3900236220472	-3000.0	8	9.668	14	8
142	2817675280762935	74129	8	508	-58.69466666666666	-204.4701364829396	-3000.0	9	9.55	13	8
143	2817912119358439	74644	9	508	-58.312000000000005	-223.17211811023623	-3000.0	8	9.672	14	8
144	2818129945523851	75162	8	509	-58.654666666666664	-225.84520759659466	-3000.0	9	9.556	13	8
145	2818357570064737	75671	8	508	-58.25200000000001	-278.02760104986874	-3000.0	9	9.712	14	8
146	2818599196070013	76181	8	508	-57.65866666666667	-270.8088136482939	-3000.0	8	9.796	14	8
147	2818832208076495	76702	7	508	-57.42266666666666	-174.630031496063	-3000.0	8	9.78	13	8
148	2819065084692016	77225	6	507	-58.28666666666666	-224.04342143326755	-3000.0	8	9.748	13	8
149	2819311911080928	77736	6	506	-58.130666666666656	-197.19801581027673	-3000.0	9	9.712	13	8
150	2819544531072022	78242	7	506	-58.55733333333333	-215.45803162055333	-3000.0	9	9.772	14	8
151	2819776848754152	78752	8	507	-58.598666666666674	-229.7950085470085	-3000.0	8	9.846	14	8
152	2820013471138641	79277	8	508	-58.28133333333332	-211.7430813648294	-3000.0	9	9.946	14	8
153	2820249166947812	79786	8	508	-58.04799999999998	-201.67266929133856	-3000.0	9	9.79	14	8
154	2820483183728189	80296	8	508	-58.145333333333326	-269.05007874015746	-3000.0	9	9.84	15	8
155	2820731450519401	80821	8	508	-58.63066666666668	-173.5906692913386	-3000.0	9	9.904	15	8
156	2820981371650995	81329	8	508	-58.691999999999986	-170.22793175853016	-3000.0	9	9.976	14	8
157	2821212839931607	81849	7	508	-57.618666666666655	-163.61767979002624	-3000.0	8	9.886	14	8
158	2821452587862409	82367	8	507	-57.78533333333333	-214.44526495726498	-3000.0	9	10.046	14	8
159	2821691960518148	82889	9	508	-57.96666666666666	-235.87044881889767	-3000.0	8	9.68	14	8
160	2821938552698091	83437	7	509	-58.64933333333333	-236.83076620825145	-3000.0	9	9.67	15	8
161	2822164048175882	83968	7	507	-58.25733333333333	-194.65612360289282	-3000.0	9	9.64	16	8
162	2822388000183678	84504	7	507	-58.12000000000001	-184.35839053254443	-3000.0	8	9.6	13	8
163	2822636688939489	85027	8	507	-57.93733333333333	-189.0491860618015	-3000.0	9	9.424	13	8
164	2822858098027490	85540	8	508	-58.28666666666667	-188.85367716535433	-3000.0	8	9.448	13	8
165	2823070385738969	86060	8	508	-57.94799999999999	-188.6989606299213	-3000.0	9	9.492	13	8
166	2823308767816017	86577	8	508	-58.37466666666666	-197.67980314960636	-3000.0	8	9.62	13	8
167	2823543324879689	87094	8	508	-58.12799999999999	-186.75214435695537	-3000.0	8	9.546	13	8
168	2823771216704841	87610	8	508	-58.24266666666666	-181.67868241469816	-3000.0	9	9.668	13	8
169	2823989849614087	88123	8	508	-58.388000000000005	-256.81956955380576	-3000.0	8	9.606	13	8
170	2824219679470517	88637	8	508	-58.303999999999995	-232.3705774278215	-3000.0	10	9.736	13	8
171	2824464859138618	89165	7	508	-58.20399999999999	-204.30213385826772	-3000.0	9	9.792	14	8
172	2824696721841209	89692	6	507	-58.00666666666668	-220.83340433925048	-3000.0	9	10.008	14	8
173	2824944015145613	90202	7	506	-58.674666666666674	-230.79008695652172	-3000.0	9	10.022	13	8
174	2825165038599559	90709	7	507	-58.62133333333333	-225.78428928336618	-3000.0	8	9.504	13	8
175	2825385607273922	91218	6	507	-58.10799999999999	-265.3996791584484	-3000.0	9	9.568	14	8
176	2825615289404644	91742	6	506	-57.85066666666667	-159.11629512516473	-3000.0	8	9.434	13	8
177	2825852458389084	92281	8	506	-57.649333333333324	-173.6485480895916	-3000.0	8	9.566	13	8
178	2826095636120250	92810	8	508	-58.738666666666674	-216.15986089238842	-3000.0	8	9.782	13	8
179	2826322059018559	93336	9	508	-58.69066666666665	-166.01958530183728	-3000.0	9	9.718	13	8
180	2826558124477643	93855	10	509	-58.18400000000001	-194.9682436149312	-3000.0	8	9.686	13	8
181	2826795882729358	94379	10	510	-58.37866666666666	-229.35329673202617	-3000.0	9	9.762	13	8
182	2827040502220290	94910	10	510	-58.369333333333344	-219.6261986928104	-3000.0	8	9.808	13	8
183	2827266566788497	95421	10	510	-58.540000000000006	-188.26031111111106	-3000.0	8	9.696	14	8
184	2827525858521228	95977	8	510	-58.57066666666668	-248.68374117647062	-3000.0	9	9.784	13	8
185	2827764553327318	96497	8	508	-57.632	-220.28848293963253	-3000.0	8	9.748	14	8
186	2827994196784199	97029	7	508	-57.56933333333333	-182.8700419947506	-3000.0	10	9.844	14	8
187	2828225133647354	97538	8	507	-58.35066666666667	-194.23390138067066	-3000.0	8	9.654	13	8
188	2828478567828997	98071	10	508	-57.74266666666667	-190.40928346456693	-3000.0	10	9.732	14	8
189	2828736430802741	98624	8	510	-58.99733333333334	-159.1833516339869	-3000.0	8	9.926	14	8
190	2828967505119142	99146	8	508	-58.26	-182.2398503937008	-3000.0	8	9.88	15	8
191	2829204095227624	99680	7	508	-58.54800000000001	-206.90620209973753	-3000.0	8	9.618	16	8
192	2829425942738662	100193	7	507	-57.92400000000001	-206.72072320841548	-3000.0	8	9.8	14	8
193	2829657880692028	100704	8	507	-58.540000000000006	-206.1344483892176	-3000.0	8	9.618	13	8
194	2829880870045092	101212	9	508	-58.593333333333334	-217.3108293963255	-3000.0	9	9.738	14	8
195	2830106756032866	101721	10	509	-57.86666666666668	-187.52316961362146	-3000.0	8	9.918	14	8
196	2830344248627196	102232	10	510	-57.801333333333325	-206.42818300653596	-3000.0	8	10.014	14	8
197	2830567151674318	102746	9	510	-57.96133333333333	-246.6057934640523	-3000.0	8	9.988	15	8
198	2830805800153958	103289	10	509	-57.903999999999996	-268.2634787164375	-3000.0	9	9.924	15	8
199	2831040871725395	103801	12	510	-57.85733333333334	-243.19213856209151	-3000.0	9	9.738	15	8
200	2831270657345185	104339	9	512	-58.114666666666665	-228.54948177083338	-3000.0	8	9.668	16	8
201	2831503944759879	104869	9	509	-57.54799999999998	-236.92059724950892	-3000.0	10	9.454	14	8
202	2831746322915725	105400	9	509	-57.67066666666667	-213.10220563195807	-3000.0	8	9.504	14	8
203	2831973693449783	105924	10	509	-57.93599999999999	-238.83007465618863	-3000.0	9	9.498	15	8
204	2832211119262348	106441	10	510	-58.14133333333332	-292.4181437908497	-3000.0	9	9.47	13	8
205	2832439391597519	106966	8	510	-58.06000000000002	-233.08929150326796	-3000.0	9	9.488	14	8
206	2832649449072663	107484	7	508	-57.53200000000002	-200.1995039370078	-3000.0	9	9.632	15	8
207	2832884825267844	108027	6	507	-58.01733333333333	-208.45282051282052	-3000.0	9	9.564	14	8
208	2833118118902594	108533	6	506	-57.84933333333334	-309.12856916996043	-3000.0	9	9.424	13	8
209	2833346803477544	109044	7	506	-57.51066666666667	-218.7508194993412	-3000.0	11	9.374	13	8
210	2833576358291835	109551	8	507	-58.06533333333335	-306.7473372781065	-3000.0	9	9.686	14	8
211	2833798547304170	110059	8	508	-58.13333333333334	-202.7842152230971	-3000.0	11	9.556	14	8
212	2834022378479211	110567	8	508	-57.40933333333332	-252.17548031496062	-3000.0	8	9.378	14	8
213	2834236662909235	111075	8	508	-57.649333333333345	-238.49187664041997	-3000.0	10	9.484	14	8
214	2834461693080249	111611	7	508	-58.097333333333324	-226.18300524934386	-3000.0	9	9.548	14	8
215	2834696524574461	112120	7	507	-58.238666666666674	-222.39705456936224	-3000.0	9	9.58	13	8
216	2834915526458283	112628	8	507	-58.325333333333326	-250.83384615384614	-3000.0	8	9.69	14	8
217	2835145187212684	113140	7	508	-58.01733333333333	-225.27120209973756	-3000.0	8	9.5	15	8
218	2835377393595278	113647	7	507	-57.956	-194.025969756739	-3000.0	9	10.142	15	8
219	2835608517137380	114164	7	507	-57.83599999999999	-232.00700328731094	-3000.0	8	9.742	14	8
220	2835854573937430	114671	7	507	-58.54666666666667	-220.54330309007227	-3000.0	9	9.798	14	8
221	2836092327954640	115185	6	507	-57.622666666666674	-228.67198422090732	-3000.0	9	9.722	13	8
222	2836322467772132	115699	7	506	-57.81999999999999	-238.4426060606061	-3000.0	8	9.91	14	8
223	2836565110743888	116206	8	507	-57.98133333333333	-226.90519395134783	-3000.0	9	9.676	14	8
224	2836812050215368	116734	8	508	-57.992	-201.48267979002625	-3000.0	8	9.76	14	8
225	2837040189377653	117242	8	508	-58.177333333333316	-202.5162440944882	-3000.0	8	9.608	13	8
226	2837259439804785	117758	7	508	-57.39999999999999	-204.9762834645669	-3000.0	8	9.592	13	8
227	2837491074857199	118272	7	507	-58.14266666666665	-238.7990479947403	-3000.0	8	9.618	14	8
228	2837722034323258	118791	6	507	-58.55333333333334	-256.974345825115	-3000.0	9	9.858	14	8
229	2837945598223494	119306	7	506	-57.696000000000005	-208.45244268774707	-3000.0	8	10.032	14	8
230	2838169160935041	119839	7	507	-58.19066666666667	-206.81683366206443	-3000.0	9	9.83	15	8
231	2838419010556453	120374	10	507	-57.632	-246.12800788954635	-3000.0	9	9.524	14	8
232	2838649842042841	120904	9	510	-58.40533333333333	-216.73018823529412	-3000.0	8	9.502	13	8
233	2838883505103836	121452	9	509	-58.11466666666668	-224.19555730189913	-3000.0	8	9.642	14	8
234	2839110074273318	121980	11	509	-57.90000000000002	-199.52685789129012	-3000.0	8	9.696	13	8
235	2839352568409631	122529	8	511	-58.17866666666666	-263.00045401174174	-3000.0	9	9.582	14	8
236	2839580720439297	123050	9	508	-57.83866666666666	-191.65343832020997	-3000.0	10	9.694	14	8
237	2839830829741751	123596	8	509	-57.98666666666667	-254.49051211525867	-3000.0	9	9.802	15	8
238	2840063554914881	124122	8	508	-57.728	-234.7261286089239	-3000.0	10	9.706	14	8
239	2840277968458422	124642	10	508	-57.396	-200.89232020997372	-3000.0	8	9.432	13	8
240	2840515891711215	125182	11	510	-58.30266666666665	-222.73700130718956	-3000.0	9	9.62	13	8
241	2840737387813705	125695	11	511	-56.84666666666667	-260.94091585127205	-3000.0	8	9.46	13	8
242	2840969761362251	126229	10	511	-58.35333333333333	-179.29869797782126	-3000.0	10	9.544	14	8
243	2841201459839144	126778	9	510	-58.56266666666666	-235.5840993464052	-3000.0	9	9.488	13	8
244	2841426966869503	127312	9	509	-57.25999999999999	-228.56240995415845	-3000.0	8	9.674	13	8
245	2841676082874562	127839	9	509	-57.062666666666665	-230.80233660772763	-3000.0	8	9.796	13	8
246	2841917888526176	128356	11	509	-58.230666666666664	-218.4307400130976	-3000.0	11	9.844	14	8
247	2842162125437058	128895	9	511	-58.16933333333333	-193.96201696020876	-3000.0	9	9.936	14	8
248	2842395382931168	129419	10	509	-58.602666666666664	-206.44623182711197	-3000.0	8	9.952	14	8
249	2842623469882884	129949	11	510	-56.38	-193.2072366013072	-3000.0	8	9.742	14	8
250	2842868244201100	130515	8	511	-57.957333333333324	-185.76619960861058	-3000.0	9	9.476	13	8
251	2843081185969245	131023	10	508	-58.130666666666684	-295.7155328083989	-3000.0	10	9.368	13	8
252	2843316746449379	131563	9	510	-58.391999999999996	-231.3515581699346	-3000.0	9	9.522	14	8
253	2843550098564116	132104	8	509	-58.25199999999999	-249.4921781270465	-3000.0	9	9.442	13	8
254	2843776163147049	132623	7	508	-58.16666666666666	-258.2519186351706	-3000.0	8	9.26	13	8
255	2843987703473249	133132	7	507	-58.29066666666666	-235.31563708086787	-3000.0	8	9.218	13	8
256	2844224347413949	133658	6	507	-57.725333333333346	-248.2392005259697	-3000.0	8	9.396	14	8
257	2844444549004668	134182	7	506	-58.13600000000001	-250.85874835309613	-3000.0	8	9.478	15	8
258	2844664142838223	134691	7	507	-58.24266666666667	-230.55883497698875	-3000.0	9	9.406	14	8
259	2844904835510944	135215	8	507	-58.47333333333333	-214.74170414201186	-3000.0	9	9.62	14	8
260	2845149300227572	135728	8	508	-58.54666666666666	-212.52419685039365	-3000.0	8	9.592	15	8
261	2845380713424177	136264	7	508	-58.114666666666665	-279.9405853018373	-3000.0	8	9.598	15	8
262	2845622478247816	136783	6	507	-58.77466666666666	-211.32801051939518	-3000.0	8	9.836	15	8
263	2845837750118014	137292	7	506	-58.442666666666675	-192.6138339920948	-3000.0	9	9.596	15	8
264	2846081546089136	137834	8	507	-58.13066666666666	-236.56754503616045	-3000.0	9	9.58	15	8
265	2846322177553065	138361	7	508	-58.464	-240.85821522309712	-3000.0	9	9.844	15	8
266	2846546957253976	138870	7	507	-58.58400000000002	-231.27923208415513	-3000.0	9	9.982	13	8
267	2846794653111434	139408	6	507	-58.37999999999999	-201.74547797501646	-3000.0	9	10.08	14	8
268	2847027145183381	139925	7	506	-57.989333333333335	-188.41355994729906	-3000.0	10	10.206	15	8
269	2847259973388894	140457	8	507	-57.96933333333333	-203.43876134122286	-3000.0	9	9.956	14	8
270	2847483983307335	140987	8	508	-57.31733333333332	-247.82322834645672	-3000.0	8	9.822	15	8
271	2847737927105294	141497	8	508	-57.98	-179.26554068241472	-3000.0	8	10.164	15	8
272	2847984467833977	142012	8	508	-57.00399999999999	-206.11948556430445	-3000.0	9	9.752	15	8
273	2848214221114968	142526	8	508	-58.04133333333335	-230.2341968503937	-3000.0	9	10.116	15	8
274	2848456335819317	143051	8	508	-57.797333333333334	-221.99335958005253	-3000.0	9	9.834	16	8
275	2848685607705134	143578	7	508	-57.88266666666667	-163.1948871391076	-3000.0	9	9.866	16	8
276	2848911131431915	144089	8	507	-57.73866666666669	-251.34342669296515	-3000.0	10	9.7	15	8
277	2849150660464072	144622	7	508	-57.49600000000001	-234.99007611548558	-3000.0	9	9.594	13	8
278	2849393859324502	145141	7	507	-57.147999999999996	-172.1746272189349	-3000.0	9	9.69	14	8
279	2849631714299061	145670	6	507	-57.65733333333333	-215.0142117028271	-3000.0	9	9.646	15	8
280	2849863220902653	146176	6	506	-58.15733333333333	-235.47108036890643	-3000.0	8	9.424	13	8
281	2850087284921468	146702	8	506	-57.92666666666667	-223.26237417654812	-3000.0	8	9.462	13	8
282	2850339982538012	147245	8	508	-58.10266666666667	-238.20676640419947	-3000.0	8	9.476	13	8
283	2850574199990462	147772	7	508	-58.34133333333335	-197.62084514435696	-3000.0	9	9.582	14	8
284	2850809864649404	148313	6	507	-58.0	-215.2170361604208	-3000.0	9	9.536	13	8
285	2851035835516422	148831	7	506	-58.53466666666665	-228.0772727272727	-3000.0	8	9.648	13	8
286	2851252917603812	149361	7	507	-57.57733333333333	-179.1482629848784	-3000.0	8	9.68	14	8
287	2851495759203522	149868	8	507	-58.458666666666666	-237.4152373438527	-3000.0	8	9.624	15	8
288	2851727684150604	150382	8	508	-57.99199999999999	-177.12513123359582	-3000.0	8	9.692	15	8
289	2851976282634427	150928	5	508	-57.93466666666668	-212.60423097112857	-3000.0	9	9.764	15	8
290	2852223442499280	151458	6	505	-57.985333333333344	-278.5898534653465	-3000.0	8	9.844	15	8
291	2852479594273048	151970	7	506	-58.11866666666667	-206.7517997364954	-3000.0	9	10.218	15	8
292	2852723608599894	152509	6	507	-57.70133333333334	-139.80065483234716	-3000.0	8	10.352	15	8
293	2852965211255415	153018	7	506	-58.17199999999999	-299.912395256917	-3000.0	8	10.284	15	8
294	2853198153227437	153538	7	507	-58.29600000000001	-191.18509138724522	-3000.0	9	10.242	15	8
295	2853439788208440	154053	8	507	-58.021333333333324	-236.34768178829714	-3000.0	10	10.006	15	8
296	2853678308708678	154563	9	508	-58.376000000000005	-290.63727821522315	-3000.0	9	9.888	14	8
297	2853910483368905	155074	9	509	-57.65866666666665	-314.2172992796332	-3000.0	9	9.522	15	8
298	2854131480240609	155583	9	509	-57.88666666666667	-234.53162017026844	-3000.0	8	9.754	13	8
299	2854369584132988	156097	9	509	-58.32666666666666	-198.7844217419777	-3000.0	8	9.82	14	8
300	2854615412487506	156607	8	509	-58.50800000000001	-236.39081074001308	-3000.0	10	9.984	14	8
301	2854831537903841	157122	8	508	-58.11199999999999	-218.0549186351706	-3000.0	8	9.656	14	8
302	2855053595001632	157630	8	508	-58.14000000000001	-253.92477690288712	-3000.0	8	9.638	14	8
303	2855259525746380	158138	8	508	-58.30000000000002	-168.65453280839895	-3000.0	8	9.756	14	8
304	2855482463703733	158662	7	508	-58.59333333333334	-242.73723884514436	-3000.0	8	9.622	14	8
305	2855716014454225	159194	5	507	-57.89333333333333	-208.4341143984222	-3000.0	8	9.728	15	8
306	2855953318797991	159706	5	505	-58.00399999999999	-231.64806864686466	-3000.0	9	9.582	15	8
307	2856189409649368	160232	6	505	-57.977333333333334	-214.03236171617166	-3000.0	8	9.52	14	8
308	2856408788194692	160752	6	506	-57.74533333333333	-216.8091936758893	-3000.0	8	9.628	14	8
309	2856636704726030	161266	6	506	-57.75333333333332	-224.76646376811593	-3000.0	9	9.538	14	8
310	2856882877329734	161791	6	506	-58.276	-244.08520685111992	-3000.0	8	9.478	14	8
311	2857104266260730	162297	7	506	-58.010666666666665	-256.4587852437418	-3000.0	8	9.636	15	8
312	2857328371971038	162804	8	507	-58.14133333333334	-229.31897698882324	-3000.0	10	9.62	14	8
313	2857557290838649	163325	8	508	-58.35066666666667	-227.75040682414695	-3000.0	11	9.442	14	8
314	2857793700374015	163833	8	508	-57.87600000000001	-234.84555380577427	-3000.0	8	9.372	14	8
315	2858034390821949	164352	7	508	-58.14933333333333	-221.3881128608924	-3000.0	8	9.52	13	8
316	2858256375509169	164863	8	507	-58.14266666666667	-218.33707823800137	-3000.0	9	9.814	14	8
317	2858482435478258	165376	8	508	-58.098666666666674	-200.13383989501307	-3000.0	8	9.724	14	8
318	2858717488159676	165884	8	508	-57.637333333333345	-312.4287900262467	-3000.0	9	9.458	13	8
319	2858945861063451	166393	8	508	-57.95333333333334	-327.74881627296594	-3000.0	9	9.502	14	8
320	2859185887461951	166915	8	508	-58.04400000000001	-264.92312860892395	-3000.0	9	9.638	13	8
321	2859423154111171	167432	8	508	-58.228	-243.19603149606303	-3000.0	9	9.398	13	8
322	2859643420387973	167953	7	508	-58.097333333333346	-180.09815223097112	-3000.0	9	9.348	13	8
323	2859869175214949	168465	7	507	-57.20533333333333	-302.49426692965153	-3000.0	8	9.468	13	8
324	2860078025785447	168990	7	507	-58.09200000000001	-210.31040631163708	-3000.0	8	9.422	14	8
325	2860291419240339	169502	7	507	-58.19333333333335	-225.8447389875082	-3000.0	8	9.498	15	8
326	2860521734421739	170009	7	507	-57.896000000000015	-222.61962130177517	-3000.0	10	9.488	15	8
327	2860744917092918	170516	7	507	-58.443999999999996	-266.4607889546352	-3000.0	9	9.616	13	8
328	2860966600406429	171023	7	507	-58.268	-211.44548849441156	-3000.0	8	9.456	13	8
329	2861194013532045	171540	7	507	-58.141333333333336	-260.13495595003286	-3000.0	8	9.514	14	8
330	2861405561236548	172047	7	507	-57.8	-277.15547928994084	-3000.0	8	9.406	14	8
331	2861633384812492	172554	7	507	-57.44133333333334	-226.42459697567392	-3000.0	9	9.582	13	8
332	2861863319838898	173070	8	507	-58.63999999999999	-234.87985535831692	-3000.0	8	9.604	13	8
333	2862098594380525	173586	7	508	-57.71466666666666	-228.68659842519688	-3000.0	8	9.766	14	8
334	2862335297195341	174095	8	507	-57.604000000000006	-206.5435608152531	-3000.0	10	9.77	14	8
335	2862560894962320	174607	8	508	-58.44533333333334	-175.2620157480315	-3000.0	8	9.772	14	8
336	2862797394631567	175120	8	508	-58.23066666666666	-247.24132808398954	-3000.0	8	9.778	15	8
337	2863046215892061	175639	7	508	-58.468	-239.66185826771658	-3000.0	8	9.804	15	8
338	2863275947396825	176154	7	507	-58.050666666666665	-211.60934385272847	-3000.0	10	10.016	14	8
339	2863508760927264	176671	9	507	-57.722666666666676	-212.89565548980934	-3000.0	9	10.118	15	8
340	2863751607540641	177191	8	509	-57.809333333333335	-188.93871643745905	-3000.0	8	10.016	14	8
341	2864002958859063	177714	8	508	-58.175999999999995	-212.7378293963255	-3000.0	10	10.012	14	8
342	2864256378065341	178243	8	508	-58.35600000000002	-253.7129133858268	-3000.0	10	10.182	14	8
343	2864499174459556	178766	7	508	-58.404	-242.99099999999996	-3000.0	8	9.996	14	8
344	2864735003324421	179289	7	507	-57.81333333333334	-243.3151163708087	-3000.0	8	9.692	14	8
345	2864968791649903	179811	7	507	-58.294666666666664	-190.2222537804076	-3000.0	10	9.842	14	8
346	2865207489584040	180329	8	507	-57.87866666666667	-208.35975016436552	-3000.0	9	9.882	14	8
347	2865451503312926	180841	8	508	-57.67466666666666	-230.40534120734912	-3000.0	9	10.132	14	8
348	2865694178541943	181354	8	508	-57.73733333333335	-220.30274015748034	-3000.0	8	10.432	15	8
349	2865946313348646	181904	7	508	-57.92000000000001	-211.66056167979002	-3000.0	9	10.398	15	8
350	2866190116042754	182411	7	507	-58.134666666666675	-154.73783563445105	-3000.0	8	10.612	15	8
351	2866447044252766	182932	6	507	-57.656000000000006	-199.81323865877712	-3000.0	10	10.54	16	8
352	2866699728940356	183459	6	506	-57.653333333333336	-212.02298814229246	-3000.0	8	10.466	16	8
353	2866948928556625	183965	6	506	-57.858666666666664	-220.7020026350461	-3000.0	9	10.146	17	8
354	2867179174925445	184471	6	506	-58.43866666666668	-268.40947826086955	-3000.0	9	10.1	17	8
355	2867427927591627	184989	6	506	-57.57333333333333	-229.11239262187092	-3000.0	9	10.432	17	8
356	2867660530978043	185495	6	506	-58.036000000000016	-198.4086324110672	-3000.0	8	10.396	14	8
357	2867909956332094	186001	6	506	-57.910666666666664	-177.5422345191041	-3000.0	9	10.5	14	8
358	2868147480545524	186510	7	506	-57.849333333333334	-218.92721475625828	-3000.0	11	10.752	15	8
359	2868390451268436	187017	7	507	-57.64266666666666	-203.1414253780408	-3000.0	10	10.328	15	8
360	2868629341515722	187524	7	507	-58.050666666666665	-241.63807758053915	-3000.0	9	10.054	15	8
361	2868859592152544	188039	6	507	-57.958666666666666	-232.93131097961867	-3000.0	9	9.986	15	8
362	2869088230352163	188552	7	506	-57.80533333333332	-222.16369696969687	-3000.0	8	9.676	16	8
363	2869311039449479	189059	7	507	-58.352	-234.60298750821826	-3000.0	10	9.612	16	8
364	2869519350008629	189570	7	507	-58.17333333333333	-269.0580959894806	-3000.0	9	9.4	14	8
365	2869726456996871	190077	8	507	-57.751999999999995	-194.39831163708087	-3000.0	10	9.532	13	8
366	2869986202748803	190597	8	508	-58.32266666666667	-221.5318713910761	-3000.0	10	10.384	14	8
367	2870224966405693	191105	8	508	-58.385333333333335	-232.1634225721785	-3000.0	9	10.408	15	8
368	2870467273078705	191625	7	508	-57.876	-212.59430446194222	-3000.0	8	10.058	14	8
369	2870689906222046	192132	7	507	-58.678666666666665	-254.49531360946747	-3000.0	9	9.656	13	8
370	2870920643637940	192639	7	507	-57.070666666666654	-209.62590927021694	-3000.0	8	9.52	13	8
371	2871144621258634	193146	7	507	-57.893333333333324	-249.74956476002623	-3000.0	8	9.58	13	8
372	2871366643329894	193653	7	507	-57.45466666666666	-268.37926364234056	-3000.0	8	9.622	13	8
373	2871603040469074	194173	6	507	-58.54533333333334	-324.762040762656	-3000.0	8	9.726	15	8
374	2871827011502510	194679	6	506	-58.58	-312.0148221343874	-3000.0	8	9.82	15	8
375	2872059549233313	195185	6	506	-57.950666666666656	-356.5671014492753	-3000.0	9	9.776	15	8
376	2872314719620919	195691	6	506	-57.978666666666676	-309.8396864295125	-3000.0	9	9.65	14	8
377	2872530069873326	196197	6	506	-58.336000000000006	-308.0338471673254	-3000.0	10	9.572	13	8
378	2872753972349107	196703	6	506	-58.67333333333333	-319.9471436100132	-3000.0	8	9.674	14	8
379	2872980796316178	197209	6	506	-58.24533333333335	-334.0721554677207	-3000.0	9	9.63	14	8
380	2873202789226788	197723	5	506	-58.23333333333334	-425.5307351778657	-3000.0	10	9.382	14	8
381	2873423343855650	198228	5	505	-58.634666666666654	-348.61628778877883	-3000.0	9	9.542	14	8
382	2873671131775677	198733	5	505	-58.789333333333346	-409.3288580858085	-3000.0	9	9.738	14	8
383	2873908477576090	199238	5	505	-58.51599999999999	-309.2885227722773	-3000.0	11	9.714	14	8
384	2874146668663508	199743	5	505	-58.237333333333325	-281.089114191419	-3000.0	9	10.028	15	8
385	2874383213144712	200248	5	505	-58.330666666666666	-296.41305874587454	-3000.0	9	9.95	15	8
386	2874628956362035	200753	5	505	-58.332	-331.62258745874595	-3000.0	8	10.046	15	8
387	2874870221221029	201271	4	505	-57.729333333333344	-340.0087524752475	-3000.0	9	10.188	15	8
388	2875117439340049	201775	4	504	-58.31333333333333	-348.2788412698412	-3000.0	8	10.056	16	8
389	2875355867729660	202279	4	504	-58.64133333333332	-295.9412936507937	-3000.0	9	10.044	16	8
390	2875598514111691	202783	4	504	-57.89200000000001	-368.73929100529097	-3000.0	10	10.198	16	8
391	2875854067993694	203287	4	504	-58.29866666666667	-397.4931058201058	-3000.0	10	10.17	15	8
392	2876095298763941	203791	4	504	-58.109333333333325	-322.32419841269854	-3000.0	9	10.12	15	8
393	2876323252865750	204295	4	504	-58.30133333333334	-285.53753703703705	-3000.0	11	10.038	16	8
394	2876559638591527	204799	4	504	-57.81466666666666	-252.22551587301592	-3000.0	9	10.15	15	8
395	2876795519845372	205303	4	504	-58.676000000000016	-281.2306851851851	-3000.0	8	10.072	15	8
396	2877054829495738	205807	4	504	-58.43466666666665	-315.05611904761906	-3000.0	9	10.562	16	8
397	2877295389219932	206311	4	504	-58.11333333333334	-307.28301322751327	-3000.0	9	10.528	17	8
398	2877539350566073	206815	4	504	-57.935999999999986	-284.86332010582015	-3000.0	10	10.458	15	8
399	2877799450072324	207319	4	504	-58.187999999999995	-305.5321296296296	-3000.0	8	10.482	16	8
400	2878050310659261	207823	4	504	-55.845333333333336	-259.7033703703704	-3000.0	9	10.286	16	8
401	2878281361818553	208330	4	504	-57.315999999999995	-359.60525661375664	-3000.0	8	9.75	17	8
402	2878539848190397	208838	4	504	-57.39866666666668	-311.7479973544974	-3000.0	9	9.894	18	8
403	2878765568912483	209342	4	504	-57.54266666666668	-325.4716349206348	-3000.0	9	10.054	18	8
404	2879019357013922	209860	4	504	-57.04399999999999	-242.65146825396832	-3000.0	10	10.484	18	8
405	2879261676048326	210364	4	504	-57.452	-297.85189682539675	-3000.0	10	10.512	18	8
406	2879511315499007	210868	4	504	-57.77333333333334	-286.036865079365	-3000.0	9	10.396	18	8
407	2879755250231557	211372	4	504	-57.65600000000001	-260.6013835978836	-3000.0	10	10.224	15	8
408	2879989789515701	211876	4	504	-57.55333333333333	-247.21579365079367	-3000.0	10	9.908	15	8
409	2880243679344145	212397	4	504	-58.268	-291.64962962962966	-3000.0	9	9.96	16	8
410	2880480686031011	212903	4	504	-57.175999999999995	-261.80594444444444	-3000.0	9	10.032	16	8
411	2880706674299503	213407	4	504	-57.20800000000001	-259.3062328042329	-3000.0	9	10.04	16	8
412	2880934732220974	213914	4	504	-57.782666666666685	-304.0330423280423	-3000.0	8	9.896	16	8
413	2881176584494085	214418	4	504	-57.68666666666666	-256.8563968253968	-3000.0	8	9.836	17	8
414	2881409167068553	214922	4	504	-57.931999999999995	-300.2306534391535	-3000.0	9	9.728	16	8
415	2881653805905279	215434	4	504	-57.83466666666667	-329.814082010582	-3000.0	8	9.614	15	8
416	2881886265456882	215938	5	504	-57.87466666666667	-246.94744444444453	-3000.0	8	9.868	16	8
417	2882111334824928	216443	5	505	-57.94133333333334	-260.1790415841585	-3000.0	9	9.926	16	8
418	2882341444647697	216948	5	505	-58.365333333333325	-261.65919471947194	-3000.0	9	9.788	15	8
419	2882569744727338	217453	5	505	-57.814666666666675	-328.10728184818487	-3000.0	11	9.866	15	8
420	2882791602897406	217959	5	505	-57.520000000000024	-319.34493993399343	-3000.0	9	9.572	14	8
421	2883031287309883	218464	5	505	-57.542666666666676	-268.31129768976905	-3000.0	8	9.75	15	8
422	2883256671390304	218969	5	505	-58.15866666666667	-289.42044356435645	-3000.0	8	9.748	13	8
423	2883499994411861	219474	5	505	-57.81466666666665	-382.37533729372933	-3000.0	11	9.704	14	8
424	2883722545768317	219979	5	505	-58.2	-303.33933465346536	-3000.0	9	9.836	14	8
425	2883956998219535	220484	5	505	-57.96533333333334	-269.5866851485149	-3000.0	10	10.018	14	8
426	2884194607857585	220989	5	505	-57.605333333333334	-232.23208184818483	-3000.0	11	9.938	15	8
427	2884419257468910	221494	5	505	-58.05333333333335	-276.24524620462057	-3000.0	9	10.014	15	8
428	2884660611961513	221999	5	505	-58.569333333333326	-233.15613993399342	-3000.0	9	9.926	15	8
429	2884890009826331	222504	5	505	-57.98533333333334	-228.169695049505	-3000.0	9	9.834	15	8
430	2885120519819503	223009	5	505	-58.05066666666666	-304.52562640264034	-3000.0	9	9.882	15	8
431	2885347857205436	223514	5	505	-58.42133333333332	-257.526999339934	-3000.0	8	9.762	15	8
432	2885568429997111	224019	5	505	-57.64	-204.7529188118812	-3000.0	9	9.902	15	8
433	2885789852746007	224533	4	505	-58.09466666666667	-219.21499141914188	-3000.0	10	9.754	15	8
434	2886019004976634	225037	4	504	-57.737333333333325	-221.8957275132275	-3000.0	9	9.686	14	8
435	2886228283949562	225541	4	504	-58.216	-214.59098941798942	-3000.0	8	9.756	14	8
436	2886443550256498	226045	5	504	-58.01333333333335	-260.0966375661375	-3000.0	8	9.386	15	8
437	2886666439718221	226550	5	505	-57.59066666666666	-274.29422310231024	-3000.0	8	9.352	14	8
438	2886892885150540	227063	5	505	-58.28	-220.85393795379534	-3000.0	9	9.412	13	8
439	2887133316624759	227568	5	505	-58.58133333333334	-851.1800871287127	-3000.0	9	9.088	14	8
440	2887402705196352	228073	5	505	-58.25066666666666	-1010.2772990099007	-3000.0	9	9.358	15	8
441	2887642974066144	228587	5	505	-57.94	-679.8997465346537	-3000.0	8	9.834	16	8
442	2887899809967127	229092	5	505	-58.23466666666668	-1410.5138877887796	-3000.0	10	9.354	13	8
443	2888158859213894	229597	5	505	-57.88400000000001	-1469.1774653465336	-3000.0	9	9.484	12	8
444	2888411053693601	230102	5	505	-58.24933333333333	-1585.078875247525	-3000.0	9	9.67	13	8
445	2888646232638694	230607	5	505	-58.56000000000001	-1243.8323537953788	-3000.0	9	9.838	14	8
446	2888869778817331	231123	4	505	-57.46533333333335	-1092.7245306930693	-3000.0	10	10.058	15	8
447	2889071329145704	231627	4	504	-59.028	-1182.2286719576723	-3000.0	8	9.694	14	8
448	2889274856474988	232131	4	504	-59.17999999999999	-975.1231984126986	-3000.0	8	10.274	14	8
449	2889454785351385	232635	4	504	-59.27600000000001	-653.256542328042	-3000.0	10	10.136	15	8
450	2889635967654700	233139	4	504	-58.96133333333333	-555.9885105820107	-3000.0	9	10.298	16	8
451	2889795035794071	233643	4	504	-59.13733333333332	-482.4023333333334	-3000.0	10	10.252	17	8
452	2889936919858187	234147	4	504	-58.106666666666655	-426.9833121693121	-3000.0	10	10.126	16	8
453	2890082957597681	234658	3	504	-57.924	-472.7775000000002	-3000.0	9	9.686	15	8
454	2890224203763081	235161	3	503	-58.24533333333333	-402.5848084824389	-3000.0	8	9.832	16	8
455	2890397688513363	235664	3	503	-58.53866666666668	-316.3637402253149	-3000.0	9	10.0	14	8
456	2890572743292297	236167	3	503	-59.43066666666667	-335.1874751491053	-3000.0	9	10.482	14	8
457	2890676396558145	236670	3	503	-60.33466666666666	-390.59165275016574	-3000.0	8	10.656	15	8
458	2890806560309734	237173	3	503	-58.95866666666668	-380.3027223326707	-3000.0	9	10.846	16	8
459	2891004653735495	237676	3	503	-58.098666666666674	-309.05585155732285	-3000.0	8	10.532	16	8
460	2891173165055391	238186	2	503	-59.19466666666666	-372.87826640159057	-3000.0	8	10.66	15	8
461	2891318248155983	238688	2	502	-59.068000000000005	-310.65532536520595	-3000.0	11	10.838	15	8
462	2891543623261703	239190	2	502	-58.688	-359.9553598937584	-3000.0	8	10.486	16	8
463	2891782419081639	239692	2	502	-58.092	-306.6386826029218	-3000.0	8	10.212	15	8
464	2892006031226427	240194	2	502	-58.95466666666668	-228.2729721115538	-3000.0	8	9.88	15	8
465	2892223968027339	240703	2	502	-58.28799999999998	-219.96407436918986	-3000.0	8	9.52	15	8
466	2892435291199137	241205	2	502	-58.06266666666666	-208.90104648074364	-3000.0	8	9.436	16	8
467	2892654869354110	241707	2	502	-58.210666666666654	-232.34569455511277	-3000.0	11	9.452	14	8
468	2892888758979355	242209	2	502	-58.19466666666666	-210.50107038512633	-3000.0	9	9.68	14	8
469	2893107112872554	242711	2	502	-58.672	-246.0616786188579	-3000.0	11	9.574	14	8
470	2893326921395878	243213	2	502	-57.98000000000001	-206.3703718459496	-3000.0	12	9.77	14	8
471	2893566518260878	243715	2	502	-58.093333333333334	-249.02958034528558	-3000.0	11	9.778	14	8
472	2893789578718790	244217	2	502	-58.44666666666667	-198.45633997343964	-3000.0	9	9.704	14	8
473	2894034847674987	244738	2	502	-58.05733333333333	-285.4444462151394	-3000.0	8	9.75	15	8
474	2894280651879370	245240	2	502	-58.69866666666666	-218.1237875166003	-3000.0	9	9.694	14	8
475	2894502886731963	245742	2	502	-58.42666666666666	-299.94921912350594	-3000.0	9	9.508	15	8
476	2894725131062918	246244	2	502	-57.50533333333334	-217.68275166002658	-3000.0	8	9.51	14	8
477	2894951368487118	246755	2	502	-57.974666666666664	-250.62137848605573	-3000.0	10	9.7	14	8
478	2895176067013932	247257	2	502	-57.82266666666666	-212.68360956175297	-3000.0	9	9.762	14	8
479	2895409522737036	247760	2	502	-58.443999999999996	-250.01120849933608	-3000.0	10	9.678	13	8
480	2895625975448461	248265	2	502	-58.33866666666666	-258.66000531208505	-3000.0	9	9.672	14	8
481	2895850707487937	248769	2	502	-58.044	-204.70421248339971	-3000.0	9	9.538	14	8
482	2896069158045020	249271	2	502	-57.48933333333333	-224.26167330677288	-3000.0	11	9.686	13	8
483	2896309265618119	249791	3	502	-57.955999999999996	-247.17701460823375	-3000.0	9	9.778	14	8
484	2896523246708858	250319	8	503	-58.10133333333333	-225.17192577866132	-3000.0	8	9.558	15	8
485	2896748161697296	250850	6	508	-58.33333333333333	-323.5319763779528	-3000.0	9	9.564	13	8
486	2896980383610130	251356	6	506	-58.16400000000001	-242.7076363636364	-3000.0	9	9.76	14	8
487	2897199841473207	251871	6	506	-57.89866666666666	-194.22576811594203	-3000.0	8	9.746	14	8
488	2897424011022923	252400	6	506	-58.190666666666665	-176.5608511198946	-3000.0	8	9.686	15	8
489	2897628683556059	252916	7	506	-58.934666666666665	-224.68894334650855	-3000.0	9	9.7	15	8
490	2897862589299302	253427	7	507	-57.88666666666665	-219.6893412228797	-3000.0	8	10.152	15	8
491	2898103279492401	253948	6	507	-57.86933333333334	-272.6030348454965	-3000.0	9	9.802	15	8
492	2898337445692115	254454	6	506	-57.02666666666667	-189.1894492753623	-3000.0	8	9.698	16	8
493	2898557664952601	254960	6	506	-57.515999999999984	-238.9603557312253	-3000.0	9	9.636	16	8
494	2898780202029704	255466	7	506	-57.45866666666669	-200.88434519104086	-3000.0	8	9.602	16	8
495	2899008374125700	255986	7	507	-57.58133333333334	-299.88538067061137	-3000.0	8	9.536	14	8
496	2899249736081152	256500	7	507	-58.077333333333314	-263.36877843523996	-3000.0	8	9.662	15	8
497	2899492913145992	257026	7	507	-57.49333333333335	-223.85033004602238	-3000.0	9	9.894	15	8
498	2899735411796046	257541	7	507	-57.784	-253.41548980933595	-3000.0	8	9.818	14	8
499	2899971094970088	258054	7	507	-56.50266666666667	-243.02775016436553	-3000.0	9	9.672	15	8
