alpha = 0.15
gamma = 1.0
lambda = 0.6
epsilon = 0.3
randomSeed = 666
GREAT!
Xover: 4
---- Evolution parameters ----
Folder name:          NMSarsa_ActorCriticPendulum/run_3036074601748467
Random seed:          666
GREAT activated:      true
Max iterations:       500
Population size:      500
GREAT initialization  true
Speciation threshold: 0.15
Species min size:     15
Tournament size:      3
Crossover rate:       0.2
Mutation rate:        0.8
Crossovers:
	AligningCrossover_v4(0.15)
Mutations:
	AddGeneMutation(maxSize=2147483647, prob=0.33)
	DeleteGeneMutation(minSize=8, prob=0.33)
	ChangeGeneMutation(prob=0.33)
------------------------------

---- Starting evolution ----
IT	Nanotime	#Eval	#Species	PopSize	Best	Avg	Worst	Best GRN Size	Avg GRN size	Max GRN size	Min GRN size
0	3037127181448142	997	1	499	296.4955369965873	-561.268061681751	-939.4751296272694	10	10.11	15	8
1	3037775642487783	1511	3	501	302.54196159379006	-302.90421318609697	-915.6379500428454	10	10.778	16	8
2	3038513371335275	2014	4	503	322.2945885175869	-327.04085929783355	-949.5127352572532	13	10.834	16	8
3	3039253838958273	2518	4	504	324.8263253225291	-374.76801966566285	-982.223842904701	13	9.922	17	8
4	3040058507535562	3022	4	504	326.9534895409919	-289.393384481695	-972.871726347968	12	9.586	18	8
5	3040635541006483	3554	4	510	327.16344751242605	-141.21694232258338	-954.6941248389146	8	9.068	13	8
6	3041349944119638	4058	4	504	345.70647126690557	-54.596169742534926	-912.8490182074008	8	9.276	12	8
7	3042079370706240	4584	4	526	360.1694728804189	-68.84048125075115	-914.5410998601188	9	9.91	13	8
8	3043128226347924	5088	5	504	358.7520298233271	19.506667141434974	-961.3770561347069	9	9.21	13	8
