alpha = 0.15
gamma = 1.0
lambda = 0.6
epsilon = 0.3
randomSeed = 1212
GREAT!
Xover: 4
---- Evolution parameters ----
Folder name:          NMSarsa_Maze/run_2784148433900502
Random seed:          1212
GREAT activated:      true
Max iterations:       500
Population size:      500
GREAT initialization  true
Speciation threshold: 0.15
Species min size:     15
Tournament size:      3
Crossover rate:       0.2
Mutation rate:        0.8
Crossovers:
	AligningCrossover_v4(0.15)
Mutations:
	AddGeneMutation(maxSize=2147483647, prob=0.33)
	DeleteGeneMutation(minSize=8, prob=0.33)
	ChangeGeneMutation(prob=0.33)
------------------------------

---- Starting evolution ----
IT	Nanotime	#Eval	#Species	PopSize	Best	Avg	Worst	Best GRN Size	Avg GRN size	Max GRN size	Min GRN size
0	2784487933224472	997	1	499	-107.1	-936.8443553774214	-3000.0	9	9.012	12	8
1	2784559912201867	1513	2	501	-97.22933333333334	-590.9426959414502	-3000.0	8	9.364	12	8
2	2784613656043110	2019	3	502	-98.11333333333334	-378.63678353253636	-3000.0	11	9.844	14	8
3	2784673378046682	2547	5	503	-93.85866666666669	-243.75928429423456	-3000.0	11	10.49	15	8
4	2784740355199337	3054	5	505	-95.44133333333333	-380.13084092409247	-3000.0	11	10.11	16	8
5	2784809939313117	3559	5	505	-94.308	-362.3626798679868	-3000.0	13	9.892	16	8
6	2784872745485968	4070	6	505	-94.23599999999999	-330.03061650165006	-3000.0	12	9.768	15	8
7	2784944215892479	4597	4	506	-91.08399999999997	-302.5984584980237	-3000.0	12	10.228	17	8
8	2785030188298623	5116	4	504	-82.15466666666667	-320.96834126984135	-3000.0	13	10.236	15	8
9	2785125104385820	5620	6	504	-83.95333333333332	-359.46673280423295	-3000.0	14	10.338	15	8
10	2785214888705852	6126	7	506	-83.66266666666667	-330.6902635046113	-3000.0	14	10.266	16	8
11	2785293442251742	6640	9	507	-78.28133333333334	-296.4914924391847	-3000.0	14	10.39	15	8
12	2785391742683890	7172	8	509	-75.72666666666666	-286.64453438113935	-3000.0	13	11.07	16	8
13	2785517942194820	7694	7	508	-78.42800000000001	-342.35521522309716	-3000.0	14	10.68	17	8
14	2785636801149178	8231	6	507	-77.18266666666666	-341.7633898750823	-3000.0	14	10.594	17	8
15	2785739533112405	8761	6	506	-77.24933333333334	-382.93690645586304	-3000.0	14	10.24	16	8
16	2785832282295630	9296	6	506	-76.78133333333334	-327.72800790513827	-3000.0	13	10.114	17	8
17	2785945839147434	9809	7	506	-66.95600000000002	-298.2545138339921	-3000.0	16	10.462	18	8
18	2786036903224875	10322	7	507	-69.668	-285.5469796186719	-3000.0	16	10.426	19	8
19	2786127917845587	10834	9	507	-74.884	-271.7037291255753	-3000.0	15	10.398	17	8
20	2786225323740829	11354	9	509	-69.37600000000002	-292.9668316961362	-3000.0	16	10.268	18	8
21	2786348728756984	11876	9	509	-69.452	-281.9380589390963	-3000.0	17	11.038	18	8
22	2786457078638057	12397	11	509	-68.87066666666665	-327.4958952193845	-3000.0	17	10.748	19	8
23	2786554015833623	12924	10	511	-66.86933333333333	-249.72248662752773	-3000.0	16	11.086	19	8
24	2786667868303223	13470	10	510	-69.56400000000001	-319.0668679738563	-3000.0	17	10.906	19	8
25	2786778195008856	13997	9	510	-70.10133333333334	-359.4638039215686	-3000.0	17	10.458	20	8
26	2786876197786411	14506	9	509	-69.62799999999999	-372.99024492468897	-3000.0	16	10.004	19	8
27	2786979622509756	15077	9	509	-70.02933333333333	-418.95341191879504	-3000.0	18	9.93	19	8
28	2787083291599301	15586	9	509	-69.04133333333333	-371.3076961362148	-3000.0	16	10.508	19	8
29	2787180220003275	16125	7	509	-69.21999999999998	-291.8130949574329	-3000.0	16	10.794	19	8
30	2787276072817177	16661	9	507	-68.84666666666665	-299.997228139382	-3000.0	18	10.488	20	8
31	2787389239011973	17207	10	509	-65.6	-307.3582763588736	-3000.0	17	10.452	21	8
32	2787503415575161	17733	9	510	-70.28533333333333	-304.9368130718954	-3000.0	17	10.784	21	8
33	2787616068591780	18268	10	509	-69.87733333333333	-349.6102815979043	-3000.0	18	10.824	21	8
34	2787702003354652	18802	10	510	-66.30666666666666	-358.63804705882353	-3000.0	22	10.23	22	8
35	2787786480067698	19312	10	510	-68.25466666666665	-312.1542117647059	-3000.0	17	10.394	23	8
36	2787880046614247	19829	11	510	-68.60266666666668	-274.4764339869281	-3000.0	17	10.536	23	8
37	2787940688849103	20346	11	511	-70.56533333333334	-289.90693281148083	-3000.0	16	9.902	22	8
38	2788018400099644	20882	11	511	-69.45866666666666	-282.03204174820615	-3000.0	15	9.892	23	8
39	2788089444100722	21399	11	511	-70.35999999999999	-350.2840626223092	-3000.0	15	9.928	21	8
40	2788164083127474	21939	11	511	-67.54266666666666	-286.10585518591	-3000.0	16	10.34	21	8
41	2788251669826852	22491	9	511	-68.452	-379.20728506196997	-3000.0	16	10.322	22	8
42	2788360563400707	23035	8	509	-65.368	-294.21705042567123	-3000.0	16	10.488	18	8
43	2788450453204545	23546	9	508	-63.701333333333324	-303.94869291338586	-3000.0	16	10.728	19	8
44	2788541407714030	24087	11	509	-67.11066666666666	-398.3866011787819	-3000.0	15	10.734	19	8
45	2788621154167424	24619	10	511	-65.52533333333332	-338.71005609915204	-3000.0	17	10.566	20	8
46	2788694432348601	25133	10	510	-67.01733333333334	-300.60633202614383	-3000.0	16	10.462	21	8
47	2788760702131767	25657	9	510	-67.16266666666665	-348.4419895424836	-3000.0	16	10.256	21	8
48	2788886239423240	26200	8	509	-66.35999999999999	-293.3446784544859	-3000.0	18	11.526	22	8
49	2788974507138124	26729	10	508	-65.44400000000002	-264.98925196850394	-3000.0	17	10.83	23	8
50	2789041543323332	27239	10	510	-67.24666666666666	-334.9882326797386	-3000.0	16	10.504	19	8
51	2789125854074143	27763	10	510	-66.79866666666666	-290.13289673202615	-3000.0	19	10.774	20	8
52	2789207769650603	28276	11	510	-66.32	-339.23360784313724	-3000.0	17	10.646	20	8
53	2789288588472627	28814	11	511	-66.45466666666667	-316.56666666666666	-3000.0	18	10.32	21	8
54	2789371470878386	29363	12	511	-65.21333333333335	-309.4800365296804	-3000.0	19	10.638	20	8
55	2789460418577270	29918	12	512	-64.58933333333331	-361.15499479166664	-3000.0	19	10.834	20	8
56	2789534163874935	30468	10	512	-64.86000000000001	-358.4607656250001	-3000.0	19	10.62	20	8
57	2789608156763103	31002	10	510	-66.53466666666667	-341.57286013071894	-3000.0	19	10.482	20	8
58	2789685126845125	31523	9	510	-65.05733333333333	-313.43979346405234	-3000.0	17	10.562	21	8
59	2789764997476408	32067	9	509	-64.192	-327.25258153241646	-3000.0	16	10.496	21	8
60	2789859781463388	32583	12	509	-64.36666666666665	-259.2516647020301	-3000.0	18	11.034	22	8
61	2789977811976217	33135	10	512	-63.20666666666667	-264.09781770833337	-3000.0	22	11.048	23	8
62	2790097325442210	33652	10	510	-64.83733333333333	-303.93824052287584	-3000.0	15	10.716	22	8
63	2790250631732143	34188	10	510	-63.222666666666655	-369.4457490196079	-3000.0	18	10.744	22	8
64	2790437150924266	34742	8	510	-62.10533333333332	-333.58056732026137	-3000.0	19	10.788	23	8
65	2790622781565393	35250	9	508	-63.09866666666665	-327.2118031496063	-3000.0	19	10.67	24	8
66	2790810166125354	35767	9	509	-62.80399999999999	-229.47707662082516	-3000.0	18	10.658	20	8
67	2791012017483136	36311	8	509	-62.81333333333335	-275.27481597904386	-3000.0	17	11.186	21	8
68	2791210167958884	36825	8	508	-62.12	-259.39564566929135	-3000.0	17	11.018	20	8
69	2791424543309354	37342	7	508	-62.52533333333335	-281.57211548556427	-3000.0	20	11.47	21	8
70	2791620271922558	37862	7	507	-62.90533333333333	-258.27888757396454	-3000.0	17	11.296	22	8
71	2791850021417872	38384	6	507	-61.28133333333333	-256.22820775805394	-3000.0	21	11.326	23	8
72	2792037338150166	38895	6	506	-62.00933333333332	-331.5832648221344	-3000.0	18	11.802	23	8
73	2792285274608963	39416	6	506	-62.24533333333335	-290.55344137022394	-3000.0	19	12.698	23	8
74	2792532054058542	39936	7	506	-61.817333333333345	-317.370371541502	-3000.0	18	12.536	23	8
75	2792744632667302	40449	7	507	-61.55866666666666	-264.8379434582512	-3000.0	18	11.946	23	8
76	2792998379458573	40970	7	507	-62.498666666666665	-245.63626561472714	-3000.0	18	11.942	22	8
77	2793236807464113	41483	7	507	-60.53866666666666	-247.95710979618667	-3000.0	19	12.012	22	8
78	2793504039385554	41990	7	507	-61.636000000000024	-246.74110979618675	-3000.0	22	12.594	23	8
79	2793785920877473	42497	7	507	-61.55733333333333	-246.5316344510191	-3000.0	19	12.58	23	8
80	2794087885236844	43017	7	507	-62.88133333333333	-259.1261564760026	-3000.0	19	12.97	22	8
81	2794397082394501	43524	8	507	-62.01733333333333	-266.9039184746877	-3000.0	21	13.298	23	8
82	2794725384019205	44032	8	508	-61.51066666666666	-265.6536456692914	-3000.0	21	13.434	23	8
83	2795021018848715	44546	8	508	-62.69733333333332	-234.60430971128608	-3000.0	23	13.138	24	8
84	2795327823131158	45065	8	508	-61.72133333333335	-304.05767454068234	-3000.0	22	13.334	25	8
85	2795691674720834	45586	7	508	-61.857333333333344	-184.45113385826772	-3000.0	23	15.536	26	8
86	2795989739632085	46093	8	507	-62.12666666666668	-168.8359552925707	-3000.0	21	13.1	25	8
87	2796342339434402	46606	8	508	-62.69733333333335	-226.3766456692913	-3000.0	21	14.01	25	8
88	2796689236192818	47119	7	508	-62.584	-228.01437532808396	-3000.0	21	14.378	26	8
89	2797034952015226	47626	7	507	-62.08133333333334	-172.76500723208417	-3000.0	21	14.164	25	8
90	2797414379948089	48145	6	507	-60.98	-211.962614069691	-3000.0	20	15.058	26	8
91	2797786478937735	48651	6	506	-60.78133333333333	-171.04763372859023	-3000.0	20	14.742	26	8
92	2798142127878608	49157	7	506	-61.88533333333333	-196.67331752305668	-3000.0	22	14.634	25	8
93	2798470878273406	49664	7	507	-60.11733333333333	-172.45712294543063	-3000.0	21	13.642	25	8
94	2798795336274434	50171	7	507	-60.74400000000001	-173.562322156476	-3000.0	21	13.36	25	8
95	2799140155975737	50678	7	507	-60.84533333333334	-188.20383168967783	-3000.0	16	14.078	26	8
96	2799537746783689	51199	6	507	-60.31333333333333	-192.5317738330046	-3000.0	25	15.456	26	8
97	2799953748084161	51716	8	506	-61.62000000000001	-183.204255599473	-3000.0	16	15.984	26	8
98	2800295983379943	52224	8	508	-61.13333333333332	-145.51428083989504	-3000.0	21	13.926	26	8
99	2800666968593632	52732	9	508	-59.86399999999999	-160.08229396325464	-3000.0	22	14.906	26	8
100	2801007093636053	53253	8	509	-60.23066666666665	-168.41328618205625	-3000.0	18	14.66	27	8
101	2801326516404700	53763	7	508	-61.16133333333333	-153.86188976377954	-3000.0	17	13.404	27	8
102	2801665217534188	54270	7	507	-60.684000000000005	-136.6682708744247	-3000.0	18	14.502	28	8
103	2802053773308930	54779	7	507	-60.51066666666667	-200.0777172912558	-3000.0	19	15.784	28	8
104	2802401394892216	55286	7	507	-61.077333333333335	-172.99908481262327	-3000.0	18	16.398	25	8
105	2802746244708616	55804	8	507	-59.49599999999999	-162.22702432610126	-3000.0	17	15.184	26	8
106	2803122279086634	56312	8	508	-60.54400000000001	-144.8284645669291	-3000.0	9	16.506	26	8
107	2803463173016135	56820	8	508	-60.50133333333332	-142.49588451443566	-3000.0	9	15.502	25	8
108	2803838338036970	57339	8	508	-60.06133333333333	-151.19387401574807	-3000.0	18	16.82	25	9
109	2804192564361387	57859	7	508	-60.50533333333334	-158.90255380577426	-3000.0	12	15.674	26	8
110	2804578686605435	58367	7	507	-59.86133333333334	-142.0488520710059	-3000.0	11	16.444	26	8
111	2804963515852026	58874	7	507	-60.43333333333335	-169.9603708086785	-3000.0	13	16.792	27	8
112	2805344940855841	59381	8	507	-60.208	-177.40090992767915	-3000.0	19	16.306	27	8
113	2805712894594656	59894	8	508	-58.50266666666666	-141.94395538057742	-3000.0	9	15.186	26	8
114	2806086116677170	60402	8	508	-59.63333333333334	-148.52483464566927	-3000.0	16	16.134	26	8
115	2806451517403885	60918	8	508	-59.470666666666666	-167.46863779527555	-3000.0	13	16.146	27	8
116	2806800971736822	61426	8	508	-60.06	-149.52844881889763	-3000.0	20	15.028	26	8
117	2807151013089489	61941	8	508	-60.34133333333335	-150.9186062992126	-3000.0	10	15.482	25	8
118	2807505486575948	62449	9	508	-60.24666666666668	-146.11336482939632	-3000.0	15	15.834	26	8
119	2807889785188805	62961	9	509	-58.778666666666666	-163.11891814014407	-3000.0	13	16.564	27	8
120	2808239398764035	63470	9	509	-57.93333333333333	-171.58103732809428	-3000.0	13	15.522	26	8
121	2808603755632720	63979	9	509	-59.605333333333334	-145.59526129666014	-3000.0	13	15.75	26	8
122	2808945448624195	64488	9	509	-59.355999999999995	-161.1747216764898	-3000.0	14	15.224	27	8
123	2809321561090124	64997	10	509	-59.172000000000004	-200.8277930582842	-3000.0	15	15.722	27	8
124	2809696317358809	65507	10	510	-58.804	-168.39957385620917	-3000.0	17	15.904	27	8
125	2810061646195149	66017	10	510	-59.158666666666676	-111.94220392156863	-2919.0666666666666	16	15.674	28	8
126	2810404055827464	66527	10	510	-58.66000000000001	-117.62370196078432	-3000.0	17	15.59	27	8
127	2810769693567141	67037	10	510	-60.12533333333336	-130.74201307189546	-3000.0	23	15.802	28	8
128	2811104086082415	67547	10	510	-59.46800000000001	-149.67517647058824	-3000.0	14	15.174	29	8
129	2811497876153362	68057	10	510	-59.72533333333332	-172.6488052287582	-3000.0	17	16.506	29	8
130	2811877719869804	68567	10	510	-60.07199999999999	-151.3575058823529	-3000.0	17	15.524	30	8
131	2812283730487248	69081	10	510	-59.23999999999999	-143.68402614379087	-3000.0	19	16.834	28	8
132	2812691569458385	69602	9	510	-59.04266666666666	-159.64284444444442	-3000.0	16	16.09	29	8
133	2813080236668406	70114	9	509	-59.76666666666667	-136.3976712508186	-3000.0	17	16.346	29	8
134	2813526028316980	70633	8	509	-59.85066666666667	-160.92109495743287	-3000.0	18	17.836	30	8
135	2813945465762925	71143	8	508	-59.290666666666674	-142.99513385826776	-3000.0	12	17.17	31	8
136	2814399963625432	71654	7	508	-59.72266666666665	-156.04209186351704	-3000.0	17	18.302	31	8
137	2814845876576469	72161	8	507	-59.40933333333335	-136.7896120973044	-3000.0	27	17.67	32	8
138	2815292840697747	72669	8	508	-59.729333333333315	-161.94758267716537	-3000.0	17	17.11	31	8
139	2815772572645678	73177	8	508	-59.20533333333333	-204.22016797900258	-3000.0	16	17.952	31	8
140	2816152756076793	73685	8	508	-58.85466666666666	-162.3295800524934	-3000.0	29	15.464	31	8
141	2816590044326425	74193	8	508	-59.912000000000006	-178.4485984251968	-3000.0	27	18.134	31	8
142	2816956631014841	74701	8	508	-60.075999999999986	-187.24796587926505	-3000.0	16	15.004	31	8
143	2817334406036204	75209	8	508	-60.403999999999996	-218.30392125984253	-3000.0	26	15.116	31	8
144	2817776433272272	75717	8	508	-59.73866666666667	-176.5543569553806	-3000.0	18	17.618	31	8
145	2818138005413179	76225	8	508	-59.592000000000006	-218.65434908136487	-3000.0	17	15.07	32	8
146	2818519579740953	76733	8	508	-60.74933333333333	-258.2725065616798	-3000.0	18	15.04	33	8
147	2818900424537574	77241	8	508	-59.60933333333333	-225.28928871391074	-3000.0	16	15.042	33	8
148	2819246831544927	77756	8	508	-59.69600000000001	-220.2253622047244	-3000.0	20	14.686	33	8
149	2819635477839851	78264	8	508	-59.63333333333334	-253.2962860892389	-3000.0	18	15.966	34	8
150	2820026804473791	78786	7	508	-58.448	-222.19044619422573	-3000.0	16	15.656	35	8
151	2820373578126348	79293	7	507	-59.84799999999999	-232.9005075608152	-3000.0	21	14.558	35	8
152	2820783245342503	79800	7	507	-60.642666666666656	-216.38826298487842	-3000.0	29	16.656	35	8
153	2821196861963561	80307	7	507	-59.352	-249.12668507560807	-3000.0	19	16.548	34	8
154	2821585323376787	80814	7	507	-60.304	-175.38034976988826	-3000.0	21	15.254	34	8
155	2822069383462568	81323	7	507	-59.87599999999998	-172.62108349769886	-3000.0	15	19.07	35	8
156	2822490964965688	81830	7	507	-58.922666666666665	-194.17147928994083	-3000.0	18	16.634	36	8
157	2822901619402237	82337	7	507	-59.81333333333333	-225.83181591058514	-3000.0	20	16.708	36	8
158	2823290384225058	82844	7	507	-59.22400000000002	-195.27121630506244	-3000.0	20	15.816	35	8
159	2823782351813161	83351	7	507	-60.11733333333334	-212.4477580539119	-3000.0	19	18.502	35	8
160	2824237222452458	83858	7	507	-60.07333333333333	-224.84807626561476	-3000.0	32	17.364	36	8
161	2824672674655980	84365	7	507	-60.34400000000001	-203.55023800131494	-3000.0	22	17.054	37	8
162	2825127815765912	84872	7	507	-58.74266666666667	-196.86442340565415	-3000.0	23	17.304	37	8
163	2825577301474226	85379	7	507	-59.710666666666675	-224.96904142011832	-3000.0	21	17.088	38	8
164	2825968293660105	85895	6	507	-60.08533333333334	-228.41121104536495	-3000.0	22	15.158	36	8
165	2826411216295158	86401	6	506	-59.75066666666667	-243.0041317523057	-3000.0	21	17.09	36	8
166	2826994822828169	86907	6	506	-59.01733333333333	-240.6998761528327	-3000.0	25	21.182	35	8
167	2827482183267275	87413	6	506	-59.973333333333336	-218.15591831357048	-3000.0	21	18.778	35	8
168	2827951230196983	87919	6	506	-59.352000000000004	-149.95540184453225	-3000.0	26	18.286	36	8
169	2828445172617817	88425	6	506	-60.54266666666666	-156.64696969696973	-3000.0	35	18.97	36	8
170	2828938302823733	88931	6	506	-58.376000000000005	-165.40013438735178	-3000.0	20	19.268	36	8
171	2829442020938694	89437	6	506	-58.33200000000001	-215.42759683794463	-3000.0	21	19.106	37	8
172	2829886795485433	89943	6	506	-58.73333333333333	-236.0558498023716	-3000.0	20	17.974	36	8
173	2830381447214371	90449	6	506	-60.681333333333335	-173.55127536231885	-3000.0	22	18.8	36	8
174	2830817281804342	90955	6	506	-59.353333333333346	-170.4551225296443	-3000.0	20	18.208	35	8
175	2831461491282482	91461	6	506	-59.537333333333336	-233.73493544137014	-3000.0	24	23.824	36	8
176	2831902134185446	91967	6	506	-59.78399999999998	-255.99534123847164	-3000.0	26	18.544	36	9
177	2832403614893826	92473	6	506	-59.423999999999985	-251.71022397891966	-3000.0	25	19.59	36	11
178	2832891779159767	92979	6	506	-59.26133333333333	-146.74791831357047	-3000.0	24	19.778	37	10
179	2833372798890407	93485	6	506	-59.50666666666668	-212.12870355731224	-3000.0	27	19.608	38	10
180	2833796956130410	93991	6	506	-59.73999999999998	-173.5659025032938	-3000.0	25	18.354	33	9
181	2834261372599083	94497	6	506	-59.111999999999995	-183.69987351778656	-3000.0	29	19.448	32	9
182	2834681332729499	95003	6	506	-59.188	-172.23823715415026	-3000.0	26	18.1	32	10
183	2835203824292237	95509	6	506	-59.34133333333333	-201.03873254281947	-3000.0	26	19.986	32	9
184	2835649514387279	96015	6	506	-59.623999999999995	-233.86448748353092	-3000.0	27	18.144	33	9
185	2836079183518945	96521	6	506	-59.81466666666666	-223.88250592885376	-3000.0	26	18.16	33	8
186	2836543941054685	97027	6	506	-58.84933333333333	-189.30078787878784	-3000.0	27	18.918	33	9
187	2837013056463231	97533	6	506	-59.22933333333332	-183.93028985507246	-3000.0	26	18.912	34	9
188	2837531750951006	98039	6	506	-60.355999999999995	-168.29595520421609	-3000.0	29	20.482	33	10
189	2838020457894402	98545	6	506	-59.43999999999999	-190.40603952569168	-3000.0	25	19.244	34	9
190	2838529750106522	99051	6	506	-59.94666666666667	-218.85465085639	-3000.0	29	19.994	35	9
191	2838983379680443	99557	6	506	-58.71866666666667	-195.5677786561265	-3000.0	28	18.984	35	8
192	2839475877398322	100063	6	506	-59.15733333333335	-179.29454808959156	-3000.0	29	20.054	36	8
193	2839961151412768	100569	6	506	-59.86133333333332	-134.81390250329383	-3000.0	28	19.21	35	8
194	2840460555585868	101075	6	506	-58.80133333333333	-171.53601844532287	-3000.0	22	19.736	35	8
195	2840948508453751	101581	6	506	-58.94	-159.21320158102765	-3000.0	28	19.968	34	8
196	2841445359689512	102087	6	506	-59.45466666666667	-179.29622134387358	-3000.0	28	19.574	33	9
197	2841917387178239	102593	6	506	-59.102666666666664	-192.5672885375494	-3000.0	29	19.74	34	8
198	2842347093460687	103099	6	506	-58.82000000000001	-218.66487747035566	-3000.0	29	18.114	34	8
199	2842831452224197	103605	6	506	-59.431999999999995	-214.48186561264822	-3000.0	29	19.762	35	10
200	2843323507051499	104111	6	506	-58.570666666666654	-182.35941765480896	-3000.0	28	19.768	36	9
201	2843784181556642	104617	6	506	-59.40533333333334	-192.0018102766798	-3000.0	31	19.076	36	10
202	2844270883735178	105123	6	506	-59.49999999999999	-185.41514888010545	-3000.0	30	19.962	35	9
203	2844771146812496	105629	6	506	-59.17466666666666	-156.08751515151516	-3000.0	30	19.344	34	8
204	2845247231634838	106135	6	506	-58.92133333333333	-217.85974176548086	-3000.0	30	18.998	33	10
205	2845682431535711	106641	6	506	-59.54533333333334	-336.2571725955205	-3000.0	30	18.324	33	10
206	2846190098746428	107147	6	506	-59.18	-199.63927009222667	-3000.0	29	19.87	34	10
207	2846695044594924	107653	6	506	-59.168	-161.3224163372859	-3000.0	28	20.148	34	9
208	2847169315258587	108159	6	506	-58.79066666666667	-207.53296179183133	-3000.0	28	18.438	35	9
209	2847654052506829	108665	6	506	-59.728	-184.27043741765482	-3000.0	28	19.26	35	10
210	2848193399930792	109171	6	506	-59.36	-179.6076574440053	-3000.0	31	20.79	36	10
211	2848713675652459	109677	6	506	-58.92	-184.47838998682474	-3000.0	29	20.44	37	9
212	2849178217530982	110183	6	506	-58.13866666666666	-199.94534914360995	-3000.0	30	18.812	36	9
213	2849605055697766	110689	6	506	-59.081333333333326	-215.3954545454546	-3000.0	30	17.82	34	8
214	2850035394580367	111195	6	506	-59.62666666666666	-203.66602898550718	-3000.0	30	17.522	32	8
215	2850479046308858	111701	6	506	-59.571999999999996	-144.25167588932806	-3000.0	29	18.582	33	9
216	2850883634293426	112207	6	506	-58.40133333333333	-221.54269038208173	-3000.0	31	17.198	33	9
217	2851320963325102	112713	6	506	-58.57200000000001	-195.0810118577075	-3000.0	30	18.35	32	8
218	2851723518249685	113219	6	506	-59.931999999999995	-188.64233728590247	-3000.0	26	16.428	32	9
219	2852139510061480	113725	6	506	-58.462666666666664	-179.86553623188408	-3000.0	30	16.92	32	8
220	2852516407561300	114231	6	506	-58.97333333333332	-219.9345955204216	-3000.0	30	16.178	31	9
221	2852891106578267	114737	6	506	-58.62	-171.3208563899869	-3000.0	31	16.114	32	9
222	2853307274941037	115243	6	506	-59.454666666666654	-204.60487220026354	-3000.0	32	16.904	32	8
223	2853735013589571	115749	6	506	-59.01333333333334	-202.3650382081687	-3000.0	32	18.218	32	8
224	2854206924768167	116259	5	506	-59.98666666666667	-197.3288300395256	-3000.0	28	19.516	33	10
225	2854710495247575	116764	5	505	-57.97866666666666	-195.0860752475248	-3000.0	33	19.91	34	10
226	2855247179052913	117269	5	505	-59.121333333333325	-135.97836567656762	-3000.0	32	20.62	35	10
227	2855766176100994	117774	5	505	-59.07199999999999	-178.94069702970296	-3000.0	32	20.062	34	9
228	2856276447100904	118279	5	505	-58.79866666666665	-184.5872184818482	-3000.0	29	19.736	34	9
229	2856759778145974	118784	5	505	-58.644	-198.94245016501648	-3000.0	28	19.15	34	10
230	2857286812277428	119289	5	505	-58.61733333333333	-162.01194455445543	-3000.0	31	20.81	35	10
231	2857766158127923	119794	5	505	-58.906666666666666	-150.88533861386136	-3000.0	34	19.376	35	10
232	2858304780549223	120308	4	505	-58.31733333333332	-187.291994719472	-3000.0	28	20.64	36	9
233	2858765498750382	120812	4	504	-58.61066666666667	-181.47844708994708	-3000.0	35	18.72	36	9
234	2859267397143678	121316	4	504	-59.01066666666667	-160.84088888888886	-3000.0	35	19.922	35	8
235	2859717232751639	121820	4	504	-59.030666666666654	-206.26965343915347	-3000.0	31	18.622	36	8
236	2860208378633303	122324	4	504	-58.284	-201.36991534391535	-3000.0	27	19.854	37	10
237	2860683830495081	122828	4	504	-58.76533333333333	-214.30107936507937	-3000.0	27	18.522	37	9
238	2861104704998535	123332	4	504	-57.852000000000004	-190.23055555555553	-3000.0	26	17.508	37	9
239	2861528908789969	123836	4	504	-59.12666666666666	-210.71179629629628	-3000.0	31	18.024	36	9
240	2861969275034906	124340	4	504	-59.26133333333333	-226.52812962962955	-3000.0	25	17.508	37	8
241	2862452931940401	124844	4	504	-58.345333333333336	-176.5211878306878	-3000.0	23	19.682	38	8
242	2862889643850995	125348	4	504	-59.358666666666664	-184.76009788359784	-3000.0	31	18.004	34	9
243	2863283329502835	125852	4	504	-58.35333333333333	-186.23852380952385	-3000.0	28	16.324	34	9
244	2863687233929580	126356	4	504	-59.652	-202.23355291005294	-3000.0	34	16.866	35	9
245	2864134249651275	126860	4	504	-58.244	-241.03863756613762	-3000.0	29	17.594	34	8
246	2864536543469529	127364	4	504	-58.39466666666668	-220.594634920635	-3000.0	30	17.18	35	8
247	2864951506474336	127868	4	504	-58.824	-204.8757857142858	-3000.0	30	16.988	33	9
248	2865326183106551	128372	4	504	-59.992000000000004	-213.71114021164024	-3000.0	31	16.08	33	8
249	2865714237323938	128876	4	504	-59.676000000000016	-208.91107142857135	-3000.0	32	16.072	33	8
250	2866139080959501	129380	4	504	-59.289333333333325	-246.67512962962965	-3000.0	23	16.786	34	8
251	2866524920276955	129884	4	504	-59.33333333333334	-220.79409523809517	-3000.0	30	16.996	32	8
252	2866905466057055	130388	4	504	-59.25333333333333	-199.92051587301592	-3000.0	29	17.034	33	8
253	2867278963008644	130892	4	504	-58.32	-215.69668253968254	-3000.0	33	16.406	33	8
254	2867713040486124	131396	4	504	-58.38533333333332	-169.05076719576724	-3000.0	30	18.19	34	9
255	2868143038252782	131900	4	504	-58.88133333333333	-160.45810582010583	-3000.0	28	17.386	35	9
256	2868589173752608	132404	4	504	-58.68666666666666	-210.21386772486775	-3000.0	28	18.426	35	10
257	2869060245609577	132908	4	504	-58.77733333333332	-207.49612698412705	-3000.0	31	18.986	35	10
258	2869487926984951	133412	4	504	-58.92400000000001	-173.37529894179895	-3000.0	29	18.122	32	9
259	2869930548545882	133916	4	504	-59.32666666666669	-222.8181878306878	-3000.0	30	18.606	33	10
260	2870369053043233	134420	4	504	-58.63333333333335	-170.5166984126984	-3000.0	33	17.916	33	9
261	2870789430416602	134924	4	504	-58.42666666666667	-175.51535449735454	-3000.0	28	17.998	33	10
262	2871254671583531	135428	4	504	-58.526666666666685	-143.03672486772487	-3000.0	32	19.15	34	10
263	2871747267315411	135932	4	504	-59.06000000000001	-205.7701455026456	-3000.0	29	18.892	35	11
264	2872219040344196	136436	4	504	-58.872	-223.51599735449742	-3000.0	28	19.178	35	10
265	2872669641217098	136940	4	504	-58.22133333333332	-203.94952116402118	-3000.0	28	19.272	31	12
266	2873109840656787	137444	4	504	-59.23333333333335	-159.15816137566136	-3000.0	29	19.476	32	11
267	2873579415955232	137948	4	504	-58.35066666666667	-139.18190740740746	-3000.0	28	19.344	33	11
268	2874061498751372	138452	4	504	-58.25199999999999	-168.59962962962965	-3000.0	29	19.632	33	11
269	2874542527812838	138956	4	504	-58.376	-166.3088412698413	-3000.0	28	19.104	31	10
270	2875009132869540	139460	4	504	-58.49866666666665	-178.3903888888889	-3000.0	29	18.982	31	11
271	2875470496561677	139964	4	504	-58.63066666666668	-151.01919047619046	-3000.0	27	19.304	32	12
272	2875945680744781	140468	4	504	-58.79600000000001	-179.64368783068778	-3000.0	26	19.468	33	12
273	2876405843549763	140972	4	504	-58.76	-192.46074074074073	-3000.0	29	19.202	33	11
274	2876848139290248	141476	4	504	-59.37333333333332	-153.21631216931215	-3000.0	27	18.348	33	10
275	2877322351016218	141980	4	504	-58.36666666666668	-158.63812169312172	-3000.0	28	19.142	33	12
276	2877773002685167	142484	4	504	-58.846666666666664	-145.330082010582	-3000.0	23	18.89	33	11
277	2878255285069563	142988	4	504	-58.374666666666684	-171.78616666666667	-3000.0	30	19.642	32	10
278	2878688904555403	143492	4	504	-58.95466666666666	-164.39232275132275	-3000.0	28	18.5	33	11
279	2879147401302342	143996	4	504	-59.28533333333333	-174.56673809523812	-3000.0	27	18.838	33	11
280	2879586674127510	144500	4	504	-58.92000000000001	-174.3681084656085	-3000.0	26	18.768	33	11
281	2880043935979004	145004	4	504	-59.062666666666644	-190.79535449735454	-3000.0	27	19.204	33	12
282	2880483588764100	145508	4	504	-58.297333333333334	-189.39226984126984	-3000.0	26	18.456	31	11
283	2880924758745099	146012	4	504	-57.89066666666667	-144.4918121693122	-3000.0	25	18.2	31	11
284	2881375407124330	146516	4	504	-58.19733333333333	-199.13199206349208	-3000.0	28	18.938	31	10
285	2881879402181407	147020	4	504	-58.69733333333333	-161.10095502645498	-3000.0	28	20.346	32	9
286	2882368417970700	147524	4	504	-58.729333333333344	-168.8613121693122	-3000.0	30	20.014	31	10
287	2882864105395899	148028	4	504	-58.737333333333325	-171.0954814814815	-3000.0	25	19.806	31	11
288	2883359258320018	148532	4	504	-57.737333333333346	-166.21434391534396	-3000.0	26	20.048	32	10
289	2883838624976796	149036	4	504	-58.86533333333334	-175.03570899470904	-3000.0	26	19.814	33	11
290	2884328504979350	149540	4	504	-58.884000000000015	-154.271880952381	-3000.0	24	19.888	34	10
291	2884797194901466	150044	4	504	-58.592	-180.913291005291	-3000.0	24	19.776	33	9
292	2885287325838126	150548	4	504	-59.097333333333324	-179.02867195767197	-3000.0	26	19.924	33	8
293	2885760748242378	151052	4	504	-59.321333333333314	-174.56121428571427	-3000.0	29	19.724	33	8
294	2886253146752080	151556	4	504	-58.78266666666667	-192.11231481481477	-3000.0	23	20.348	33	11
295	2886791449875081	152060	4	504	-58.58799999999999	-181.68988888888885	-3000.0	28	20.82	34	10
296	2887327773634726	152564	4	504	-58.917333333333325	-176.6005396825398	-3000.0	30	21.43	34	12
297	2887832921698511	153068	4	504	-59.62133333333334	-157.61587830687824	-3000.0	29	20.728	33	11
298	2888373815295735	153572	4	504	-58.60133333333333	-167.7397222222222	-3000.0	30	21.352	34	11
299	2888931707226003	154076	4	504	-58.44800000000001	-180.7241111111111	-3000.0	24	21.586	35	10
300	2889427711744161	154580	4	504	-58.28000000000001	-181.75364021164026	-3000.0	24	21.056	35	9
301	2889935957869812	155084	4	504	-58.88666666666666	-157.455798941799	-3000.0	23	20.952	35	8
302	2890489939250518	155588	4	504	-58.668	-142.34625396825396	-3000.0	22	21.86	36	11
303	2891037896217653	156092	4	504	-59.43066666666667	-174.04515079365078	-3000.0	26	21.626	36	12
304	2891606259572911	156596	4	504	-58.502666666666656	-174.04869312169313	-3000.0	33	22.058	36	12
305	2892165865662024	157100	4	504	-58.77199999999999	-180.56183333333342	-3000.0	25	22.202	37	12
306	2892755449678132	157604	4	504	-58.44799999999999	-176.2173624338624	-3000.0	28	22.246	34	13
307	2893345117254017	158108	4	504	-59.05733333333333	-198.32003968253971	-3000.0	28	22.374	34	13
308	2893922575847650	158612	4	504	-58.908	-167.18461640211646	-3000.0	28	22.144	35	13
309	2894494066414532	159116	4	504	-58.669333333333334	-201.03041269841265	-3000.0	28	22.536	35	14
310	2895093760808277	159620	4	504	-58.92400000000001	-180.29819576719584	-3000.0	27	22.834	35	14
311	2895691366942486	160124	4	504	-58.42400000000001	-181.7979470899471	-3000.0	30	22.654	36	14
312	2896267075843215	160628	4	504	-58.75866666666667	-191.66445767195768	-3000.0	27	22.934	36	13
313	2896859507420509	161132	4	504	-58.948	-188.87512433862435	-3000.0	35	23.114	37	15
314	2897439844808298	161636	4	504	-58.763999999999996	-181.85148412698416	-3000.0	33	22.462	38	14
315	2898025413296225	162140	4	504	-58.45866666666666	-216.43331746031743	-3000.0	25	22.752	35	15
316	2898618507721333	162644	4	504	-58.29599999999999	-209.5424391534392	-3000.0	31	22.906	35	15
317	2899221604742424	163148	4	504	-58.86000000000002	-204.0620767195767	-3000.0	28	23.602	35	14
318	2899811724497772	163652	4	504	-58.39733333333333	-191.12661640211627	-3000.0	35	23.08	35	13
319	2900411519380626	164156	4	504	-58.53199999999999	-216.55372751322759	-3000.0	33	23.004	36	14
320	2901015613999360	164660	4	504	-58.53866666666667	-176.45050793650793	-3000.0	29	23.74	36	15
321	2901613550746278	165164	4	504	-59.23866666666669	-207.09614021164023	-3000.0	34	23.634	36	14
322	2902191657851834	165668	4	504	-58.78800000000001	-190.28717724867727	-3000.0	28	23.432	37	13
323	2902775658464018	166172	4	504	-57.354666666666674	-161.13556349206354	-3000.0	31	23.878	37	13
324	2903360145644578	166676	4	504	-59.03066666666667	-207.71325132275132	-3000.0	29	24.226	37	12
325	2903955360839102	167180	4	504	-59.10133333333334	-180.5958624338624	-3000.0	28	23.732	37	12
326	2904553568815352	167684	4	504	-58.63866666666669	-177.19201851851855	-3000.0	27	24.108	38	15
327	2905186804143055	168188	4	504	-58.431999999999995	-161.52641798941806	-3000.0	30	24.93	38	15
328	2905794940983394	168692	4	504	-58.61999999999999	-174.11745767195765	-3000.0	26	24.872	38	14
329	2906390074795537	169196	4	504	-58.81466666666666	-180.0812275132275	-3000.0	26	24.09	39	15
330	2906975934236046	169700	4	504	-58.48533333333333	-151.8903121693122	-3000.0	30	24.526	39	14
331	2907624942278118	170204	4	504	-58.949333333333335	-196.60021164021154	-3000.0	31	24.758	38	15
332	2908293003724599	170708	4	504	-58.722666666666676	-196.6661455026455	-3000.0	32	25.85	39	14
333	2908941074298450	171212	4	504	-58.68266666666666	-217.54247619047618	-3000.0	30	25.53	38	14
334	2909562171996824	171716	4	504	-58.995999999999995	-161.69980158730158	-3000.0	26	24.704	37	13
335	2910174975917038	172220	4	504	-58.55999999999999	-207.882171957672	-3000.0	31	24.644	36	12
336	2910820358251882	172724	4	504	-59.24	-162.30332804232808	-3000.0	33	25.806	37	15
337	2911435626877277	173228	4	504	-59.18666666666665	-204.60121957671961	-3000.0	35	25.134	38	17
338	2912098595339389	173732	4	504	-59.34	-227.72368783068782	-3000.0	26	25.576	38	16
339	2912751010483486	174236	4	504	-58.44533333333334	-174.74488095238092	-3000.0	35	25.728	38	17
340	2913406024998451	174740	4	504	-58.63866666666668	-250.61664285714284	-3000.0	25	25.608	37	16
341	2914092670124311	175244	4	504	-57.56133333333333	-181.77662698412695	-3000.0	27	26.406	38	15
342	2914751148250603	175748	4	504	-57.29466666666667	-181.05285185185187	-3000.0	27	25.404	39	15
343	2915441137192608	176252	4	504	-58.15466666666667	-184.02265873015872	-3000.0	25	26.284	36	14
344	2916093309446138	176756	4	504	-58.69066666666666	-171.436455026455	-3000.0	25	25.382	37	14
345	2916721430353180	177260	4	504	-57.668	-177.87928042328045	-3000.0	30	24.976	38	13
346	2917319301547173	177764	4	504	-58.41333333333335	-180.12893915343912	-3000.0	24	24.558	39	13
347	2917972678574458	178268	4	504	-59.14000000000001	-213.88891534391541	-3000.0	24	25.06	40	12
348	2918551368029388	178772	4	504	-59.02533333333333	-206.79267195767198	-3000.0	22	24.064	38	13
349	2919134033426440	179276	4	504	-59.26000000000001	-218.36101851851848	-3000.0	28	24.064	38	15
350	2919715743582773	179780	4	504	-59.07333333333333	-184.7733941798942	-3000.0	32	24.052	37	15
351	2920277349983561	180284	4	504	-58.144	-171.63276984126983	-3000.0	27	23.604	37	15
352	2920856615177631	180796	3	504	-59.03066666666668	-215.65137037037044	-3000.0	28	23.616	38	14
353	2921435060617264	181299	3	503	-58.73066666666668	-205.91943803843614	-3000.0	32	24.074	38	15
354	2922046740648246	181802	3	503	-58.763999999999996	-171.23963419483107	-3000.0	21	24.78	39	16
355	2922654707006260	182305	3	503	-57.709333333333326	-196.5861206096753	-3000.0	28	24.822	34	17
356	2923249024598232	182808	3	503	-59.22533333333332	-185.8592471835653	-3000.0	28	24.888	35	17
357	2923876391522937	183311	3	503	-58.896000000000015	-209.94385685884689	-3000.0	32	25.914	36	18
358	2924509903417769	183814	3	503	-58.749333333333325	-194.29302849569257	-3000.0	30	25.954	37	17
359	2925120454242461	184317	3	503	-59.06000000000001	-147.01088667992042	-3000.0	21	26.216	37	19
360	2925805551668477	184820	3	503	-58.50933333333332	-162.79297017892645	-3000.0	19	27.32	38	19
361	2926446293670937	185323	3	503	-59.521333333333324	-166.9645407554672	-3000.0	36	26.268	39	18
362	2927130004604912	185826	3	503	-57.98133333333333	-165.81449966865478	-3000.0	30	27.354	39	18
363	2927819165376184	186329	3	503	-58.21066666666665	-197.14238833664675	-3000.0	29	27.124	40	19
364	2928491064205293	186832	3	503	-58.22133333333334	-214.98949237905893	-3000.0	32	27.62	38	19
365	2929123444581317	187335	3	503	-58.448	-186.46504970178933	-3000.0	34	26.96	37	18
366	2929779342914793	187838	3	503	-58.57199999999999	-183.55804903909873	-3000.0	29	26.61	38	19
367	2930408889069398	188341	3	503	-58.71999999999999	-190.6902292909212	-3000.0	20	26.63	39	18
368	2931027815647579	188844	3	503	-59.61466666666667	-193.74758383035115	-3000.0	25	26.344	39	19
369	2931655388654940	189347	3	503	-58.276	-135.33424784625586	-3000.0	29	26.236	39	19
370	2932261518923986	189850	3	503	-58.988000000000014	-229.28728164347257	-3000.0	34	25.59	35	18
371	2932842128566945	190353	3	503	-59.056	-238.89042014579206	-3000.0	29	25.02	36	17
372	2933436919699944	190856	3	503	-58.44266666666667	-166.0624625579854	-3000.0	28	25.524	37	18
373	2934048017867404	191359	3	503	-58.67999999999999	-180.34001855533464	-3000.0	28	25.838	34	17
374	2934649775676449	191862	3	503	-59.20666666666666	-174.805773359841	-3000.0	28	26.138	34	17
375	2935257410966375	192365	3	503	-57.71866666666666	-158.13640291583826	-3000.0	28	26.202	35	18
376	2935916059327883	192868	3	503	-58.466666666666676	-189.85475944334	-3000.0	28	26.744	36	18
377	2936566034804838	193371	3	503	-58.404	-222.34319681908553	-3000.0	28	27.372	37	17
378	2937198831778190	193874	3	503	-58.90533333333333	-160.3046229290921	-3000.0	23	26.952	37	18
379	2937832668867419	194377	3	503	-58.576000000000015	-192.79144068919814	-3000.0	28	26.738	37	17
380	2938465833354028	194880	3	503	-59.50133333333332	-193.49194433399595	-3000.0	30	26.804	37	18
381	2939111417220787	195383	3	503	-58.912000000000006	-163.04193770709074	-3000.0	32	26.942	37	18
382	2939756870932238	195886	3	503	-57.97066666666666	-153.04771371769382	-3000.0	34	27.36	38	18
383	2940412340272516	196389	3	503	-59.069333333333326	-173.2103194168323	-3000.0	27	27.234	38	18
384	2941044516836428	196892	3	503	-59.48799999999999	-171.77704174950304	-3000.0	28	26.842	39	18
385	2941702294062939	197395	3	503	-59.081333333333326	-175.7578078197481	-3000.0	36	27.234	40	20
386	2942386345798883	197898	3	503	-59.12933333333333	-204.21385818422797	-3000.0	35	27.638	40	20
387	2943037295256258	198401	3	503	-58.05333333333332	-161.74700066269062	-3000.0	33	27.122	39	19
388	2943686025786334	198904	3	503	-59.30799999999999	-158.70828363154405	-3000.0	30	27.32	39	19
389	2944333296379883	199407	3	503	-58.01733333333333	-162.17847581179598	-3000.0	32	27.996	39	19
390	2945011001199843	199910	3	503	-58.872000000000014	-140.1904360503645	-3000.0	22	28.322	39	19
391	2945709334118475	200413	3	503	-58.417333333333325	-127.24250231941686	-3000.0	32	28.57	38	19
392	2946394758674862	200916	3	503	-58.389333333333354	-156.71699933730952	-3000.0	32	28.164	38	19
393	2947069408798123	201419	3	503	-58.75333333333333	-150.4501921802518	-3000.0	36	28.254	38	18
394	2947788778391180	201922	3	503	-58.20666666666667	-176.8385606361829	-3000.0	21	28.618	38	19
395	2948475892383461	202425	3	503	-57.841333333333324	-155.55768588469186	-3000.0	32	28.702	39	19
396	2949174448761159	202928	3	503	-58.82666666666669	-199.1668071570577	-3000.0	39	28.398	40	20
397	2949864086407177	203431	3	503	-59.035999999999994	-180.03320344599086	-3000.0	29	28.224	41	19
398	2950590408439541	203934	3	503	-58.762666666666675	-168.07533465871438	-3000.0	33	29.042	41	19
399	2951318018242220	204437	3	503	-59.192	-171.31186481113318	-3000.0	33	28.752	42	20
400	2952001828936874	204940	3	503	-58.966666666666676	-185.85285619615627	-3000.0	33	28.354	41	19
401	2952714024975932	205443	3	503	-58.574666666666666	-195.16950828363147	-3000.0	36	28.616	41	20
402	2953439685948067	205946	3	503	-58.46533333333333	-186.8156076872101	-3000.0	31	29.366	41	19
403	2954134195719656	206449	3	503	-58.394666666666666	-163.25195758780654	-3000.0	28	28.666	41	18
404	2954813048761735	206952	3	503	-58.549333333333344	-177.93096355202124	-3000.0	32	27.982	41	18
405	2955524693634352	207455	3	503	-57.750666666666675	-201.777015241882	-3000.0	36	28.552	42	18
406	2956249620767200	207958	3	503	-58.78800000000002	-183.82937839628897	-3000.0	31	29.072	42	18
407	2957013293166801	208461	3	503	-57.79333333333333	-125.71363817097418	-3000.0	30	30.15	42	20
408	2957733974932813	208964	3	503	-58.32666666666668	-189.37865606361834	-3000.0	34	29.41	42	21
409	2958441853810396	209467	3	503	-58.68933333333334	-139.20776938369784	-3000.0	34	29.252	42	21
410	2959171425659803	209970	3	503	-58.21466666666667	-153.35214844267722	-3000.0	31	29.624	43	20
411	2959909488513123	210473	3	503	-58.11866666666667	-154.55344466534135	-3000.0	29	29.776	44	21
412	2960673426225456	210976	3	503	-57.876	-187.27258846918488	-3000.0	33	30.424	44	21
413	2961421193800730	211479	3	503	-59.08133333333334	-230.06459377070908	-3000.0	34	29.886	44	23
414	2962185502761223	211982	3	503	-58.53733333333334	-197.14295559973488	-3000.0	28	30.448	44	23
415	2962948827754555	212485	3	503	-58.489333333333335	-194.7063591782638	-3000.0	29	30.58	45	23
416	2963718511552080	212988	3	503	-58.362666666666684	-145.9102770046388	-3000.0	28	30.944	46	23
417	2964483995521664	213491	3	503	-58.705333333333336	-149.00131477799874	-3000.0	29	30.774	44	22
418	2965260520459979	213994	3	503	-59.195999999999984	-216.96001060304832	-3000.0	27	30.586	42	22
419	2966068129453759	214497	3	503	-59.29733333333334	-188.4409675281644	-3000.0	29	30.746	42	22
420	2966854589299639	215000	3	503	-58.09866666666666	-134.71087077534787	-3000.0	30	30.864	43	22
421	2967620739439815	215503	3	503	-58.132	-123.02850364479788	-3000.0	27	30.742	43	21
422	2968395751540912	216006	3	503	-58.55866666666667	-187.77132670642803	-3000.0	32	30.444	44	22
423	2969155296558953	216509	3	503	-57.80933333333333	-151.41880450629546	-3000.0	29	30.402	44	21
424	2969930338699869	217012	3	503	-58.205333333333336	-143.75273691186217	-3000.0	31	30.808	39	23
425	2970704510074134	217515	3	503	-58.23466666666666	-195.23911994698474	-3000.0	25	30.64	39	22
426	2971472077479784	218018	3	503	-57.99600000000001	-93.99314512922464	-3000.0	32	30.736	40	21
427	2972229265256935	218534	2	503	-58.568000000000005	-125.48937309476476	-3000.0	32	30.254	40	23
428	2973002071330658	219036	2	502	-57.88266666666666	-152.89725365205837	-3000.0	33	30.332	40	22
429	2973756845007046	219538	2	502	-58.44666666666666	-186.8182656042496	-3000.0	30	29.928	41	21
430	2974501525189036	220040	2	502	-58.15866666666667	-143.148786188579	-3000.0	27	29.722	40	20
431	2975203232903447	220542	2	502	-57.74933333333333	-167.30408764940236	-3000.0	38	29.022	40	21
432	2975913444671486	221044	2	502	-58.46133333333333	-148.629641434263	-3000.0	31	29.15	40	21
433	2976625481420171	221546	2	502	-57.84266666666665	-136.1582071713148	-3000.0	35	29.332	40	22
434	2977334156237665	222048	2	502	-58.33733333333333	-158.24155378486057	-3000.0	35	29.416	41	22
435	2978076853919752	222550	2	502	-58.38	-188.42734926958835	-3000.0	30	29.638	40	23
436	2978799791672763	223052	2	502	-57.756000000000014	-120.93639575033195	-3000.0	25	29.706	40	22
437	2979542280386570	223554	2	502	-58.35733333333334	-163.89653917662682	-3000.0	27	29.898	40	23
438	2980269146747797	224056	2	502	-58.770666666666656	-142.3685099601594	-3000.0	32	29.934	40	22
439	2981006280622759	224558	2	502	-57.903999999999996	-176.54286586985393	-3000.0	34	29.742	38	21
440	2981711851941002	225060	2	502	-58.46800000000001	-180.5870464807437	-3000.0	33	29.03	38	22
441	2982430905215129	225562	2	502	-58.48666666666667	-129.58335989375828	-3000.0	37	29.732	38	22
442	2983136783869650	226064	2	502	-58.22666666666666	-116.74164674634798	-3000.0	33	29.446	39	22
443	2983843433277695	226566	2	502	-58.52399999999999	-156.08174236387777	-3000.0	31	29.172	39	22
444	2984533959438050	227068	2	502	-58.39333333333333	-142.8062045152722	-3000.0	31	29.17	40	21
445	2985226765679261	227570	2	502	-58.48933333333333	-169.51194687915012	-3000.0	31	29.092	40	20
446	2985940101782680	228072	2	502	-58.44933333333333	-125.23958831341307	-3000.0	33	29.61	40	21
447	2986685647847705	228574	2	502	-57.89200000000001	-151.8002337317398	-3000.0	27	29.632	41	21
448	2987435682219638	229076	2	502	-58.590666666666664	-95.82589641434264	-3000.0	28	30.124	41	22
449	2988165284626328	229578	2	502	-58.56133333333335	-120.43610889774234	-3000.0	36	29.86	41	22
450	2988854806065226	230080	2	502	-58.09733333333334	-150.50463745019917	-3000.0	35	29.178	42	22
451	2989585458000899	230582	2	502	-57.44266666666668	-143.09998406374504	-3000.0	33	29.512	42	21
452	2990306501443417	231084	2	502	-58.20933333333334	-155.02970783532535	-3000.0	27	29.348	42	22
453	2991035057623892	231586	2	502	-58.109333333333325	-175.76679150066397	-3000.0	36	29.752	42	21
454	2991783291678764	232088	2	502	-57.957333333333345	-129.20640106241697	-3000.0	32	29.8	43	21
455	2992524486617712	232590	2	502	-58.09466666666666	-141.4827543160691	-3000.0	33	30.194	42	21
456	2993243229070027	233092	2	502	-56.72933333333334	-161.57826560424968	-3000.0	39	29.64	41	21
457	2993981282036163	233594	2	502	-58.393333333333345	-126.22104382470114	-3000.0	37	30.012	41	22
458	2994702062869531	234096	2	502	-58.57599999999999	-119.48748207171313	-3000.0	29	29.578	42	22
459	2995481403218567	234598	2	502	-57.93066666666667	-151.4313997343957	-3000.0	34	30.81	43	21
460	2996248048777213	235100	2	502	-57.93466666666668	-124.4543612217795	-3000.0	40	30.242	44	23
461	2997002144907431	235602	2	502	-58.16666666666666	-142.89278353253655	-3000.0	29	31.018	43	23
462	2997787737263789	236104	2	502	-58.54666666666666	-126.37112084993363	-3000.0	36	31.514	42	23
463	2998508657771568	236606	2	502	-58.669333333333356	-144.64065869853923	-3000.0	29	30.028	42	22
464	2999249876536616	237108	2	502	-58.14933333333332	-111.43426029216475	-3000.0	34	30.564	43	23
465	2999965461156021	237610	2	502	-57.964	-131.5313784860558	-3000.0	30	29.728	42	23
466	3000746748283466	238112	2	502	-58.72133333333334	-143.84781407702516	-3000.0	38	30.772	43	22
467	3001519036910349	238614	2	502	-57.46666666666667	-133.2921912350598	-3000.0	40	31.356	44	22
468	3002310973852849	239116	2	502	-58.51866666666666	-106.38496679946883	-3000.0	37	31.574	44	23
469	3003097968832926	239618	2	502	-58.54133333333332	-85.21198406374504	-3000.0	30	31.722	44	23
470	3003896240913007	240120	2	502	-58.76	-109.09676228419656	-3000.0	36	31.652	44	22
471	3004633703471823	240622	2	502	-58.28	-110.4533837981407	-3000.0	26	30.466	44	22
472	3005383132416366	241124	2	502	-57.85866666666665	-109.81147410358568	-3000.0	31	30.608	44	22
473	3006133736056588	241626	2	502	-58.352000000000004	-130.1107436918991	-3000.0	26	30.15	41	21
474	3006914004034404	242128	2	502	-57.732	-104.18372908366534	-3000.0	26	31.146	42	23
475	3007685707754765	242630	2	502	-58.32533333333334	-100.9717104913679	-3000.0	43	31.226	43	24
476	3008436817509528	243132	2	502	-58.096	-127.64558034528554	-3000.0	32	30.686	44	23
477	3009152589986525	243634	2	502	-58.55333333333332	-132.01508632138115	-3000.0	31	29.768	44	22
478	3009871016969346	244136	2	502	-58.349333333333334	-114.9000876494024	-3000.0	35	29.452	45	21
479	3010592522541581	244638	2	502	-58.150666666666666	-133.36368924302786	-3000.0	34	29.596	44	20
480	3011316142987371	245140	2	502	-58.86533333333334	-125.56697476759628	-3000.0	36	29.874	44	21
481	3012082320315475	245642	2	502	-58.648	-151.73781938911017	-3000.0	29	31.252	44	21
482	3012874160219496	246144	2	502	-58.25200000000001	-148.34189375830007	-3000.0	36	31.496	44	20
483	3013629001703450	246646	2	502	-58.061333333333344	-125.44498539176625	-3000.0	40	30.136	43	19
484	3014368818886513	247148	2	502	-58.07466666666665	-125.27607171314742	-3000.0	29	30.064	43	21
485	3015128135290843	247650	2	502	-58.12400000000002	-161.14770517928287	-3000.0	35	30.276	43	22
486	3015909292400570	248152	2	502	-58.08133333333333	-143.42832669322715	-3000.0	40	30.872	43	22
487	3016695569958651	248654	2	502	-58.29599999999999	-158.60826560424968	-3000.0	33	30.854	41	21
488	3017451161488804	249156	2	502	-58.644000000000005	-128.88158831341295	-3000.0	33	30.302	42	23
489	3018236424699031	249658	2	502	-58.444	-197.53377954847278	-3000.0	30	31.182	42	24
490	3019034345444752	250160	2	502	-58.19333333333332	-142.81350863213808	-3000.0	31	31.708	42	24
491	3019844777177761	250662	2	502	-58.72	-127.10288711819388	-3000.0	35	31.968	42	23
492	3020618871238244	251164	2	502	-58.516000000000005	-165.3060292164675	-3000.0	38	31.442	42	23
493	3021446839811615	251666	2	502	-58.57333333333334	-163.25469588313413	-3000.0	32	31.858	43	23
494	3022224784740046	252168	2	502	-58.71866666666666	-149.77839043824704	-3000.0	37	31.118	43	23
495	3023012642593205	252670	2	502	-57.8	-125.51488180610897	-3000.0	35	31.274	44	23
496	3023824833607569	253172	2	502	-58.35733333333333	-143.36311553784867	-3000.0	39	31.756	45	24
497	3024620966912383	253674	2	502	-58.71466666666667	-129.38866666666667	-3000.0	39	31.61	42	25
498	3025416752121745	254176	2	502	-58.524000000000015	-145.9783771580345	-3000.0	37	31.456	43	24
499	3026197370601494	254678	2	502	-58.15999999999999	-155.86806640106246	-3000.0	32	31.536	43	24
