alpha = 0.15
gamma = 1.0
lambda = 0.6
epsilon = 0.3
randomSeed = 555
GREAT!
Xover: 4
---- Evolution parameters ----
Folder name:          NMSarsa_ActorCriticPendulum/run_3036074602559379
Random seed:          555
GREAT activated:      true
Max iterations:       500
Population size:      500
GREAT initialization  true
Speciation threshold: 0.15
Species min size:     15
Tournament size:      3
Crossover rate:       0.2
Mutation rate:        0.8
Crossovers:
	AligningCrossover_v4(0.15)
Mutations:
	AddGeneMutation(maxSize=2147483647, prob=0.33)
	DeleteGeneMutation(minSize=8, prob=0.33)
	ChangeGeneMutation(prob=0.33)
------------------------------

---- Starting evolution ----
IT	Nanotime	#Eval	#Species	PopSize	Best	Avg	Worst	Best GRN Size	Avg GRN size	Max GRN size	Min GRN size
0	3037506130293857	997	1	499	309.8129543177596	99.45895563001173	-937.2001124307566	10	9.154	13	8
1	3038759967057210	1500	2	501	326.35868684300533	137.0442152439588	-941.3677624530536	10	9.418	14	8
2	3041279580255762	2002	2	502	380.0004312212226	151.80196769199515	-911.639996311101	9	9.532	14	8
3	3045312248792692	2504	3	502	374.97590620474847	158.63178266839824	-936.4521512675404	9	9.862	14	8
4	3051123485314023	3007	3	503	385.6606760822009	162.29357763423744	-942.3098851712668	10	9.83	15	8
5	3059600304891584	3532	3	503	390.27786427054247	210.06720624002475	-935.8761983410698	9	9.892	14	8
6	3069623779039110	4037	3	503	388.0787225403651	210.74810681813187	-912.6296219265995	9	10.018	14	8
7	3080927365162761	4547	4	503	398.852590199296	225.21105487038793	-925.9831150485464	10	10.188	14	8
8	3092317242449892	5051	5	504	397.9699402196143	233.9680557213849	-918.9250613668697	11	10.296	15	8
