alpha = 0.15
gamma = 1.0
lambda = 0.6
epsilon = 0.3
randomSeed = 1616
GREAT!
Xover: 4
---- Evolution parameters ----
Folder name:          NMSarsa_PuddleWorld/run_3027640986015128
Random seed:          1616
GREAT activated:      true
Max iterations:       500
Population size:      500
GREAT initialization  true
Speciation threshold: 0.15
Species min size:     15
Tournament size:      3
Crossover rate:       0.2
Mutation rate:        0.8
Crossovers:
	AligningCrossover_v4(0.15)
Mutations:
	AddGeneMutation(maxSize=2147483647, prob=0.33)
	DeleteGeneMutation(minSize=8, prob=0.33)
	ChangeGeneMutation(prob=0.33)
------------------------------

---- Starting evolution ----
IT	Nanotime	#Eval	#Species	PopSize	Best	Avg	Worst	Best GRN Size	Avg GRN size	Max GRN size	Min GRN size
0	3032792810748324	997	1	499	545.6169999999959	-4.756134268537556	-50.100000000000406	9	9.22	14	8
1	3036028856242702	1511	4	501	612.7369999999952	77.40597005987948	-50.100000000000406	11	9.51	14	8
2	3046466442947605	2081	4	564	602.3709999999951	329.911203900707	-50.100000000000406	8	10.176	14	8
3	3056901511558885	2611	4	504	625.6609999999949	332.85046230158525	-50.100000000000406	8	9.908	14	8
4	3068046344215916	3116	4	504	624.526999999995	389.8992142857121	-50.100000000000406	8	9.802	14	8
5	3080015174036955	3620	5	504	628.9599999999951	423.31734722221927	-50.100000000000406	9	10.07	15	8
6	3093070612154950	4142	3	505	644.9349999999948	480.15923762375917	-50.100000000000406	11	10.63	15	8
