alpha = 0.15
gamma = 1.0
lambda = 0.6
epsilon = 0.3
randomSeed = 777
GREAT!
Xover: 4
---- Evolution parameters ----
Folder name:          NMSarsa_PuddleWorld/run_3027640937468310
Random seed:          777
GREAT activated:      true
Max iterations:       500
Population size:      500
GREAT initialization  true
Speciation threshold: 0.15
Species min size:     15
Tournament size:      3
Crossover rate:       0.2
Mutation rate:        0.8
Crossovers:
	AligningCrossover_v4(0.15)
Mutations:
	AddGeneMutation(maxSize=2147483647, prob=0.33)
	DeleteGeneMutation(minSize=8, prob=0.33)
	ChangeGeneMutation(prob=0.33)
------------------------------

---- Starting evolution ----
IT	Nanotime	#Eval	#Species	PopSize	Best	Avg	Worst	Best GRN Size	Avg GRN size	Max GRN size	Min GRN size
0	3035053142122130	997	1	499	542.440999999996	151.2430761523033	-50.100000000000406	8	9.03	13	8
1	3044363650596006	1536	1	501	552.9979999999958	333.50528143712336	-50.100000000000406	9	9.462	14	8
2	3054382401086001	2050	2	501	567.3169999999956	395.69460678642497	-50.100000000000406	9	9.798	14	8
3	3065091896582501	2555	3	502	566.2399999999956	427.16909163346344	-50.100000000000406	9	10.624	15	8
4	3075778140958568	3079	3	503	617.4929999999949	429.6258827037747	-50.100000000000406	9	10.356	16	8
5	3086223271307748	3589	4	503	652.0759999999946	455.9967872763388	-50.100000000000406	10	10.07	16	8
6	3096550322206688	4096	4	504	643.0749999999946	481.5947738095206	-50.100000000000406	10	10.128	17	8
