alpha = 0.15
gamma = 1.0
lambda = 0.6
epsilon = 0.3
randomSeed = 666
GREAT!
Xover: 4
---- Evolution parameters ----
Folder name:          NMSarsa_PuddleWorld/run_3027640911103865
Random seed:          666
GREAT activated:      true
Max iterations:       500
Population size:      500
GREAT initialization  true
Speciation threshold: 0.15
Species min size:     15
Tournament size:      3
Crossover rate:       0.2
Mutation rate:        0.8
Crossovers:
	AligningCrossover_v4(0.15)
Mutations:
	AddGeneMutation(maxSize=2147483647, prob=0.33)
	DeleteGeneMutation(minSize=8, prob=0.33)
	ChangeGeneMutation(prob=0.33)
------------------------------

---- Starting evolution ----
IT	Nanotime	#Eval	#Species	PopSize	Best	Avg	Worst	Best GRN Size	Avg GRN size	Max GRN size	Min GRN size
0	3031519270774961	997	1	499	449.8999999999965	-18.426220440882247	-50.100000000000406	9	9.114	13	8
1	3033475758131601	1502	4	501	462.07899999999626	42.86564071856224	-50.100000000000406	10	9.326	14	8
2	3038741011182662	2071	4	569	510.0489999999962	186.4026221441113	-50.100000000000406	11	10.178	12	8
3	3045434549810864	2584	4	504	561.8109999999957	276.2876388888872	-50.100000000000406	9	9.324	13	8
4	3053310533272119	3095	5	504	558.5959999999958	322.1628749999981	-50.100000000000406	9	9.516	13	8
5	3061744378277920	3600	6	505	587.4039999999954	339.6677702970277	-50.100000000000406	9	9.738	14	8
6	3070534059515963	4109	6	506	588.1519999999953	354.6211166007883	-50.100000000000406	11	9.642	13	8
7	3079843183182246	4627	6	506	590.7709999999955	365.7623853754917	-50.100000000000406	13	9.894	14	8
8	3088503619560222	5146	6	506	584.2699999999957	359.91101007904905	-50.100000000000406	10	10.092	15	8
9	3097677562029565	5659	8	506	601.5319999999952	383.42530830039277	-50.100000000000406	8	10.216	14	8
