alpha = 0.15
gamma = 1.0
lambda = 0.6
epsilon = 0.3
randomSeed = 111
GREAT!
Xover: 4
---- Evolution parameters ----
Folder name:          NMSarsa_Maze/run_2784148439993978
Random seed:          111
GREAT activated:      true
Max iterations:       500
Population size:      500
GREAT initialization  true
Speciation threshold: 0.15
Species min size:     15
Tournament size:      3
Crossover rate:       0.2
Mutation rate:        0.8
Crossovers:
	AligningCrossover_v4(0.15)
Mutations:
	AddGeneMutation(maxSize=2147483647, prob=0.33)
	DeleteGeneMutation(minSize=8, prob=0.33)
	ChangeGeneMutation(prob=0.33)
------------------------------

---- Starting evolution ----
IT	Nanotime	#Eval	#Species	PopSize	Best	Avg	Worst	Best GRN Size	Avg GRN size	Max GRN size	Min GRN size
0	2784430364169831	997	1	499	-78.09866666666666	-333.18189979959936	-3000.0	8	9.138	13	8
1	2784495271878078	1498	2	501	-80.83733333333335	-262.9175329341316	-3000.0	8	9.364	13	8
2	2784569048613009	2001	3	502	-72.70266666666667	-220.67819920318735	-3000.0	8	9.366	14	8
3	2784656149501913	2504	4	503	-71.54533333333336	-277.339127899271	-3000.0	8	9.57	14	8
4	2784778389998499	3013	5	504	-64.13866666666667	-198.9021693121693	-3000.0	8	9.568	13	8
5	2784903578527127	3526	4	505	-64.408	-242.53312739273926	-3000.0	8	9.578	14	8
6	2785066367576305	4046	6	504	-63.949333333333335	-209.99648677248678	-3000.0	8	9.548	15	8
7	2785220547988166	4568	7	506	-63.429333333333325	-215.56877733860344	-3000.0	8	9.86	15	8
8	2785411944669252	5078	7	507	-61.21866666666667	-260.6556081525313	-3000.0	9	9.644	15	8
9	2785594379417382	5585	7	507	-61.24533333333333	-245.0818987508218	-3000.0	9	9.614	14	8
10	2785759123596020	6097	6	507	-63.102666666666664	-201.6778408941486	-3000.0	9	9.682	14	8
11	2785936777339876	6603	7	506	-59.636	-268.6895283267457	-3000.0	10	9.652	13	8
12	2786127294303567	7110	7	507	-59.67333333333334	-283.3538408941486	-3000.0	9	9.47	14	8
13	2786296240806721	7638	6	507	-59.68533333333334	-232.26654832347137	-3000.0	8	9.624	14	8
14	2786481902899510	8146	6	506	-59.21999999999999	-271.04854545454543	-3000.0	10	9.506	14	8
15	2786674349576044	8652	7	506	-58.918666666666674	-208.92803952569167	-3000.0	10	9.614	15	8
16	2786872465207380	9170	7	507	-59.323999999999984	-222.34790795529256	-3000.0	8	9.642	15	8
17	2787071737326728	9677	7	507	-59.15866666666666	-276.5991452991453	-3000.0	10	9.766	15	8
18	2787247282692489	10198	6	507	-59.154666666666664	-194.278261669954	-3000.0	9	9.81	14	8
19	2787448832351700	10709	6	506	-58.19066666666666	-204.45244532279318	-3000.0	9	9.896	15	8
20	2787630878441100	11217	6	506	-57.56400000000001	-199.69531225296438	-3000.0	10	9.948	16	8
21	2787827269635584	11740	5	506	-57.938666666666656	-218.40702503293804	-3000.0	8	10.018	14	8
22	2788006824438344	12256	5	505	-57.99333333333335	-195.78952343234323	-3000.0	9	9.736	13	8
23	2788201269816279	12782	5	505	-57.58133333333331	-244.15364752475244	-3000.0	9	9.55	14	8
24	2788403571883618	13299	6	505	-57.49600000000001	-292.31825214521444	-3000.0	10	9.544	14	8
25	2788590885595033	13805	6	506	-57.02533333333332	-322.32096969696966	-3000.0	8	9.956	15	8
26	2788780459018456	14311	6	506	-58.24533333333333	-246.42202635046115	-3000.0	8	9.89	16	8
27	2788993749842651	14829	7	506	-57.565333333333335	-244.32949934123852	-3000.0	9	10.0	15	8
28	2789207616688261	15341	8	507	-57.28799999999999	-355.4399789612097	-3000.0	9	9.816	14	8
29	2789411682966401	15858	8	508	-57.087999999999994	-279.9701417322835	-3000.0	8	9.934	14	8
30	2789627852401399	16368	8	508	-57.19466666666666	-324.7109763779528	-3000.0	9	9.936	14	8
31	2789837004718798	16891	8	508	-57.12266666666665	-311.33980314960627	-3000.0	9	9.68	14	8
32	2790044358500119	17403	8	508	-56.62133333333333	-338.33294750656154	-3000.0	8	10.008	15	8
33	2790266743927831	17911	8	508	-57.109333333333346	-381.36821522309714	-3000.0	8	10.15	16	8
34	2790481628991548	18419	8	508	-56.66933333333333	-351.6139553805774	-3000.0	10	10.068	15	8
35	2790696841753933	18939	7	508	-56.61200000000001	-414.3545590551181	-3000.0	9	9.63	14	8
36	2790914388962309	19460	5	507	-56.931999999999995	-427.9330493096648	-3000.0	8	9.748	15	8
37	2791094840333124	19965	5	505	-56.473333333333336	-444.9626059405939	-3000.0	9	9.334	15	8
38	2791298263177617	20470	5	505	-57.1	-348.69625346534656	-3000.0	8	9.37	14	8
39	2791492061152358	20975	5	505	-56.992000000000004	-458.6341122112211	-3000.0	8	9.382	14	8
40	2791695999865760	21483	4	505	-56.38800000000001	-481.7308488448847	-3000.0	8	9.87	15	8
41	2791878059129893	21997	4	504	-56.48133333333333	-389.87889417989413	-3000.0	8	9.53	16	8
42	2792080267438422	22518	6	504	-55.910666666666664	-409.4836560846561	-3000.0	9	9.356	15	8
43	2792304639581313	23024	6	506	-56.632	-558.6206719367588	-3000.0	9	9.38	16	8
44	2792519516298144	23536	6	506	-56.470666666666666	-520.4903109354414	-3000.0	9	9.406	14	8
45	2792748631543517	24042	6	506	-56.97599999999999	-565.5255783926217	-3000.0	9	9.456	14	8
46	2792981036072270	24552	6	506	-56.04533333333333	-598.0076310935442	-3000.0	8	9.416	14	8
47	2793213536024774	25058	6	506	-57.118666666666655	-566.7295889328063	-3000.0	9	9.522	15	8
48	2793434393458084	25564	6	506	-56.66666666666667	-522.5007114624506	-3000.0	10	9.66	15	8
49	2793645418672127	26070	6	506	-56.89199999999999	-550.3406429512517	-3000.0	11	9.748	13	8
50	2793846957817228	26576	6	506	-56.829333333333324	-559.9266745718048	-3000.0	9	9.696	14	8
51	2794084591173568	27082	6	506	-56.04800000000001	-619.38669828722	-3000.0	10	9.94	15	8
52	2794329501090408	27588	6	506	-56.41466666666666	-674.8071014492755	-3000.0	10	10.004	16	8
53	2794547044809028	28094	6	506	-56.68533333333332	-592.6050144927536	-3000.0	8	9.954	14	8
54	2794776405262137	28600	6	506	-56.09466666666666	-543.6990909090908	-3000.0	9	9.926	15	8
55	2795005532533293	29106	6	506	-56.46133333333334	-514.2120052700923	-3000.0	9	9.936	15	8
56	2795218385067823	29612	6	506	-56.44	-564.9401923583662	-3000.0	9	9.916	15	8
57	2795447175772527	30118	6	506	-55.54666666666668	-545.3939051383397	-3000.0	10	9.836	14	8
58	2795662961375381	30624	6	506	-56.577333333333335	-538.4846350461133	-3000.0	8	10.082	14	8
59	2795911224606906	31139	5	506	-56.10533333333335	-555.8444374176548	-3000.0	9	10.08	15	8
60	2796143197361275	31644	5	505	-57.12266666666667	-591.9881478547854	-3000.0	10	9.94	15	8
61	2796378046742674	32161	4	505	-55.67999999999999	-609.5609452145217	-3000.0	8	9.99	15	8
62	2796602306152125	32665	4	504	-57.42533333333333	-588.2577433862436	-3000.0	9	9.828	15	8
63	2796840472391508	33169	4	504	-56.590666666666664	-583.7346243386243	-3000.0	8	9.854	14	8
64	2797042678869405	33673	5	504	-56.00400000000001	-565.8890925925926	-3000.0	9	9.736	14	8
65	2797248641171000	34179	5	505	-57.037333333333336	-581.9594904290428	-3000.0	9	9.492	13	8
66	2797469811185350	34690	5	505	-56.952	-594.0980831683167	-3000.0	10	9.526	13	8
67	2797689236126673	35216	4	505	-57.01599999999999	-461.5374204620463	-3000.0	9	9.606	14	8
68	2797918808169246	35720	4	504	-56.870666666666665	-586.1324444444443	-3000.0	10	9.742	14	8
69	2798152582252174	36244	4	504	-56.43466666666668	-581.0908333333333	-3000.0	9	9.852	13	8
70	2798375629484201	36760	3	504	-57.040000000000006	-580.348097883598	-3000.0	8	9.876	14	8
71	2798593955532831	37263	3	503	-57.25200000000001	-510.20559840954274	-3000.0	9	9.934	15	8
72	2798837834069702	37766	3	503	-56.58400000000002	-566.0055772034461	-3000.0	9	9.9	15	8
73	2799050659636693	38269	3	503	-56.362666666666655	-490.4876129887342	-3000.0	11	9.668	14	8
74	2799277360400076	38782	3	503	-56.76266666666666	-440.6703618290258	-3000.0	12	9.648	14	8
75	2799474824643624	39289	3	503	-56.31333333333332	-461.3234592445326	-3000.0	11	9.644	13	8
76	2799714146299186	39792	3	503	-57.106666666666676	-591.6721802518223	-3000.0	10	9.582	14	8
77	2799907718834924	40299	3	503	-56.97066666666667	-605.3605566600397	-3000.0	9	9.292	13	8
78	2800132361007406	40802	3	503	-56.07333333333333	-581.2708151093441	-3000.0	9	9.632	14	8
79	2800347865576464	41305	3	503	-56.855999999999995	-587.8199681908549	-3000.0	8	9.898	15	8
80	2800538759898247	41819	3	503	-56.48666666666666	-452.78462292909205	-3000.0	9	9.792	16	8
81	2800742514695975	42322	3	503	-56.70533333333332	-542.1740092776674	-3000.0	10	9.636	15	8
82	2800960442795676	42836	3	503	-56.55999999999999	-532.965829025845	-3000.0	11	9.774	13	8
83	2801174861522765	43339	3	503	-56.94533333333334	-511.92181842279655	-3000.0	10	9.824	14	8
84	2801380906103367	43842	3	503	-55.86000000000001	-530.5002756792579	-3000.0	8	9.902	14	8
85	2801575290441130	44345	3	503	-56.992000000000004	-435.5749635520214	-3000.0	8	9.716	15	8
86	2801767125616465	44848	3	503	-57.48533333333333	-395.7749184890654	-3000.0	9	9.69	15	8
87	2801993113153990	45351	3	503	-56.56533333333333	-436.7156050364479	-3000.0	9	9.66	14	8
88	2802185157075181	45854	3	503	-57.04400000000001	-427.7333015241882	-3000.0	9	9.684	14	8
89	2802398726543557	46357	3	503	-55.97066666666666	-427.81428495692506	-3000.0	8	9.582	14	8
90	2802598018033070	46860	3	503	-56.489333333333335	-447.3178767395625	-3000.0	8	9.642	14	8
91	2802819011815411	47363	3	503	-56.44933333333333	-481.2318223989395	-3000.0	8	9.684	14	8
92	2803017216637309	47866	3	503	-56.41466666666666	-413.6355917826375	-3000.0	9	9.74	14	8
93	2803208464863197	48369	3	503	-55.95199999999999	-454.39323260437357	-3000.0	10	9.76	14	8
94	2803398788329464	48872	3	503	-56.95466666666669	-484.31913055003315	-3000.0	9	9.7	14	8
95	2803608099833797	49375	3	503	-56.869333333333344	-463.0820437375745	-3000.0	10	9.768	13	8
96	2803815745020120	49881	3	503	-55.952	-559.8487793240562	-3000.0	9	9.768	14	8
97	2804012736806737	50384	3	503	-56.77333333333333	-516.1055400927763	-3000.0	9	9.648	14	8
98	2804197356095514	50887	4	503	-57.047999999999995	-487.9395758780649	-3000.0	9	9.324	14	8
99	2804412402645682	51391	4	504	-56.27733333333334	-558.9509047619048	-3000.0	8	9.498	14	8
100	2804626204288923	51904	3	504	-56.32133333333334	-448.95331216931214	-3000.0	9	9.708	14	8
101	2804836473304561	52407	3	503	-57.001333333333335	-583.6546163021868	-3000.0	9	9.646	14	8
102	2805061604383373	52910	3	503	-55.93199999999999	-504.56370841616973	-3000.0	9	9.772	14	8
103	2805282089933878	53417	3	503	-56.55466666666666	-512.173463220676	-3000.0	8	9.92	14	8
104	2805505166725849	53920	3	503	-56.456	-523.7692299536116	-3000.0	8	9.884	14	8
105	2805748089137386	54423	4	503	-56.617333333333335	-577.9861577203446	-3000.0	8	10.012	15	8
106	2805973354986564	54931	4	504	-56.44799999999999	-658.5113571428572	-3000.0	8	9.684	14	8
107	2806213803304495	55437	4	504	-56.68933333333334	-620.1615555555557	-3000.0	8	9.974	14	8
108	2806439409474605	55941	4	504	-56.02533333333333	-565.5392222222222	-3000.0	9	9.96	14	8
109	2806673316037077	56445	4	504	-56.83333333333333	-579.0233201058202	-3000.0	8	9.994	14	8
110	2806905548477329	56949	4	504	-55.94666666666666	-578.400962962963	-3000.0	10	9.89	14	8
111	2807144859866502	57453	4	504	-56.864	-519.5492433862432	-3000.0	9	9.928	15	8
112	2807400195739869	57957	4	504	-56.92	-650.417896825397	-3000.0	9	10.046	15	8
113	2807634368637227	58461	4	504	-56.19466666666668	-544.0748862433862	-3000.0	9	10.002	16	8
114	2807855000028369	58965	4	504	-56.88666666666667	-508.246880952381	-3000.0	11	9.852	17	8
115	2808082069217157	59469	4	504	-56.962666666666685	-612.9732275132274	-3000.0	10	10.23	16	8
116	2808318570634372	59973	4	504	-56.005333333333326	-660.6801375661374	-3000.0	12	9.878	16	8
117	2808544552006729	60477	4	504	-56.22133333333332	-593.0694788359787	-3000.0	8	9.834	15	8
118	2808769033134242	60983	4	504	-56.928000000000004	-586.6452698412697	-3000.0	10	10.008	15	8
119	2809007575190127	61487	4	504	-56.59466666666666	-601.4042248677249	-3000.0	8	10.002	16	8
120	2809227465370962	61991	4	504	-56.34799999999999	-690.5498068783068	-3000.0	12	9.886	16	8
121	2809450695837629	62500	4	504	-57.13466666666668	-650.0828888888888	-3000.0	9	9.69	16	8
122	2809697874113647	63004	4	504	-55.949333333333335	-642.4133174603176	-3000.0	8	9.934	17	8
123	2809920389008155	63508	4	504	-56.80666666666667	-594.3761507936507	-3000.0	9	10.01	15	8
124	2810138315692751	64012	4	504	-57.20400000000001	-474.7037407407407	-3000.0	11	9.94	16	8
125	2810366592246513	64525	3	504	-56.49333333333333	-572.378791005291	-3000.0	10	10.472	16	8
126	2810581237051825	65028	3	503	-56.92799999999998	-545.7135878064946	-3000.0	9	10.258	16	8
127	2810806666340231	65531	3	503	-55.596000000000004	-619.9065182239898	-3000.0	9	10.346	16	8
128	2811036591405798	66034	3	503	-56.158666666666676	-629.0886891981444	-3000.0	9	10.192	16	8
129	2811283954903807	66537	3	503	-56.41333333333334	-613.1129357190191	-3000.0	9	10.288	16	8
130	2811528439671746	67040	3	503	-56.58933333333335	-604.0838807157058	-3000.0	8	10.432	17	8
131	2811763034476082	67543	3	503	-56.650666666666666	-582.460927766733	-3000.0	8	10.356	16	8
132	2812002683261274	68046	3	503	-57.490666666666655	-532.9348310139164	-3000.0	11	10.266	17	8
133	2812244372651210	68549	3	503	-56.611999999999995	-602.5039019218024	-3000.0	12	10.432	17	8
134	2812490719503566	69052	3	503	-56.87599999999998	-654.4618714380381	-3000.0	10	10.262	18	8
135	2812704393046838	69555	3	503	-57.14933333333333	-620.2852644135187	-3000.0	9	9.766	17	8
136	2812955792640639	70058	3	503	-56.96133333333334	-473.579456593771	-3000.0	8	9.976	17	8
137	2813182783880796	70561	3	503	-56.91333333333332	-572.2751729622266	-3000.0	12	10.528	17	8
138	2813417975655055	71064	3	503	-55.849333333333334	-472.2224652087475	-3000.0	9	10.33	15	8
139	2813639634999018	71567	3	503	-57.52400000000001	-474.6003074884029	-3000.0	8	10.068	15	8
140	2813857540440769	72070	3	503	-56.817333333333345	-521.7648402915838	-3000.0	8	10.362	16	8
141	2814095778880446	72573	3	503	-57.05333333333334	-544.3409489728297	-3000.0	10	10.62	15	8
142	2814333791940791	73076	3	503	-57.01599999999999	-531.8522703777335	-3000.0	8	10.618	16	8
143	2814593342725808	73579	3	503	-56.46666666666666	-533.278589794566	-3000.0	12	10.538	16	8
144	2814845826164359	74082	3	503	-56.31599999999999	-551.3687236580516	-3000.0	8	10.548	16	8
145	2815089882266197	74585	3	503	-56.449333333333314	-570.6889834327369	-3000.0	8	10.242	16	8
146	2815325494249672	75088	3	503	-57.090666666666664	-528.7928164347251	-3000.0	9	10.12	15	8
147	2815552305298043	75591	3	503	-56.25066666666666	-614.147180914513	-3000.0	8	10.3	16	8
148	2815796660935101	76094	3	503	-56.83199999999999	-627.1086865473824	-3000.0	9	10.226	17	8
149	2816042335546564	76597	3	503	-56.544000000000004	-700.4241537442015	-3000.0	11	10.61	17	8
150	2816307961502824	77100	3	503	-56.23866666666667	-707.6177309476475	-3000.0	11	10.544	18	8
151	2816567635844307	77603	3	503	-55.406666666666666	-621.9881510934395	-3000.0	12	10.384	18	8
152	2816795829437878	78114	2	503	-56.544	-563.7114512922468	-3000.0	10	10.196	17	8
153	2817049632119442	78616	2	502	-57.17733333333333	-668.05202124834	-3000.0	9	10.304	18	8
154	2817302037853118	79122	2	502	-56.18266666666666	-668.8864594953521	-3000.0	10	10.306	18	8
155	2817544160528333	79624	2	502	-57.047999999999995	-735.3997290836658	-3000.0	8	10.548	17	8
156	2817774577729818	80126	2	502	-57.262666666666675	-709.8548154050465	-3000.0	9	9.98	16	8
157	2818020124036961	80628	2	502	-56.60666666666667	-644.9704169986718	-3000.0	8	10.288	15	8
158	2818259800870312	81130	2	502	-56.056000000000004	-620.3184701195216	-3000.0	10	10.232	15	8
159	2818514549680023	81633	2	502	-56.54133333333334	-686.2292191235056	-3000.0	10	10.494	16	8
160	2818768223093485	82135	2	502	-56.92000000000001	-735.3198565737047	-3000.0	10	10.434	15	8
161	2819023707318449	82637	2	502	-56.941333333333326	-683.8973359893757	-3000.0	10	10.474	16	8
162	2819275353599881	83139	2	502	-56.78266666666667	-682.2840185922975	-3000.0	8	10.328	16	8
163	2819518989134617	83641	2	502	-56.45866666666666	-674.8681699867196	-3000.0	10	10.51	17	8
164	2819778218914904	84143	2	502	-55.672	-595.7356547144756	-3000.0	8	10.422	15	8
165	2820038624425325	84645	2	502	-56.50266666666666	-775.2883612217797	-3000.0	9	10.678	16	8
166	2820301123180526	85147	2	502	-56.6	-740.4870624169988	-3000.0	11	10.458	16	8
167	2820552945638300	85649	2	502	-56.598666666666674	-654.901304116866	-3000.0	8	10.422	16	8
168	2820804988383745	86151	2	502	-57.31333333333334	-645.4562098273575	-3000.0	9	10.212	16	8
169	2821061428699502	86653	2	502	-56.90533333333333	-695.2978034528551	-3000.0	10	10.154	15	8
170	2821318876232754	87155	2	502	-56.213333333333324	-647.0839893758301	-3000.0	8	10.226	16	8
171	2821586511179024	87657	2	502	-55.665333333333336	-691.8558804780877	-3000.0	9	10.198	17	8
172	2821839231298406	88159	2	502	-56.449333333333314	-700.5713572377158	-3000.0	9	10.186	16	8
173	2822066791842109	88661	2	502	-57.408	-685.0420929614871	-3000.0	11	9.908	16	8
174	2822302251439130	89163	2	502	-56.846666666666664	-664.8510013280215	-3000.0	9	9.578	15	8
175	2822536394211946	89665	2	502	-56.48133333333334	-728.5655325365207	-3000.0	9	9.484	14	8
176	2822786791962399	90167	2	502	-56.33333333333333	-635.7140398406373	-3000.0	9	9.69	14	8
177	2823041944798426	90669	2	502	-56.84133333333334	-720.1990013280218	-3000.0	8	10.192	14	8
178	2823288871997445	91171	2	502	-56.364000000000004	-675.8967357237717	-3000.0	10	9.954	15	8
179	2823545076364780	91673	2	502	-56.70666666666667	-808.3509136786191	-3000.0	9	9.954	14	8
180	2823770827785629	92175	2	502	-56.644000000000005	-730.1849747675964	-3000.0	8	9.78	14	8
181	2824015592736321	92677	2	502	-56.267999999999994	-700.086156706507	-3000.0	10	10.114	14	8
182	2824238545406926	93179	2	502	-56.328	-649.6033917662685	-3000.0	9	9.968	14	8
183	2824477933734477	93681	2	502	-56.16266666666667	-619.9855644090302	-3000.0	9	9.574	13	8
184	2824723227053643	94183	2	502	-56.18133333333332	-704.0024940239049	-3000.0	8	9.798	14	8
185	2824964839186402	94685	2	502	-56.72	-620.6895006640107	-3000.0	8	9.43	14	8
186	2825218823904422	95187	2	502	-56.60799999999999	-712.8833997343961	-3000.0	11	9.594	14	8
187	2825426286574175	95689	2	502	-56.38400000000001	-724.1538034528547	-3000.0	10	9.486	14	8
188	2825661673861616	96191	2	502	-56.15200000000001	-649.9631553784862	-3000.0	9	9.666	14	8
189	2825920690473127	96693	2	502	-56.12933333333334	-659.5286613545815	-3000.0	8	9.772	14	8
190	2826167488280670	97195	3	502	-56.09333333333334	-698.9582470119525	-3000.0	10	9.904	14	8
191	2826409605505221	97698	3	503	-55.97466666666667	-711.8978767395627	-3000.0	8	10.028	14	8
192	2826668247400378	98201	3	503	-56.11333333333333	-699.1472922465208	-3000.0	10	10.166	14	8
193	2826919956337352	98704	3	503	-56.21466666666667	-662.463854208085	-3000.0	10	10.1	14	8
194	2827165765224104	99207	3	503	-56.87333333333332	-602.9319125248512	-3000.0	8	10.056	14	8
195	2827433662505906	99710	3	503	-56.92400000000001	-599.370110006627	-3000.0	10	10.24	15	8
196	2827700265382985	100213	3	503	-56.604000000000006	-602.3598727634196	-3000.0	10	10.342	15	8
197	2827965720418863	100716	3	503	-56.974666666666664	-677.2018581842282	-3000.0	9	10.282	16	8
198	2828228318365920	101220	3	503	-56.77600000000001	-658.150160371107	-3000.0	12	10.254	16	8
199	2828495428721816	101723	3	503	-56.402666666666676	-630.4457097415506	-3000.0	8	10.278	16	8
200	2828744097836016	102226	3	503	-56.835999999999984	-594.7230536779324	-3000.0	10	10.092	16	8
201	2828998220102615	102729	3	503	-56.84399999999999	-638.6657972166998	-3000.0	8	10.09	16	8
202	2829231618311652	103232	3	503	-56.211999999999996	-724.869542743539	-3000.0	9	9.532	15	8
203	2829488708121411	103745	3	503	-56.52400000000001	-610.092699801193	-3000.0	8	9.634	14	8
204	2829696736947496	104249	4	503	-56.49333333333333	-666.0652564612326	-3000.0	10	9.574	15	8
205	2829941961294561	104753	4	504	-56.82	-779.2268518518523	-3000.0	8	10.0	15	8
206	2830173038171558	105259	4	504	-56.97199999999999	-576.1323227513228	-3000.0	9	9.718	16	8
207	2830393315498462	105763	4	504	-57.217333333333336	-600.511708994709	-3000.0	10	9.724	13	8
208	2830619071170436	106267	4	504	-56.784000000000006	-625.8290608465609	-3000.0	9	9.554	14	8
209	2830873482685627	106778	3	504	-56.96533333333334	-733.313603174603	-3000.0	9	9.718	15	8
210	2831106578814966	107281	3	503	-57.010666666666665	-585.6154327369118	-3000.0	8	9.722	13	8
211	2831339075613056	107784	3	503	-56.42666666666667	-654.2050709078858	-3000.0	9	9.79	14	8
212	2831573172693557	108287	3	503	-56.862666666666684	-698.6060092776669	-3000.0	9	9.856	15	8
213	2831806839200415	108790	3	503	-56.54800000000002	-653.2330390987411	-3000.0	9	9.98	15	8
214	2832041331819631	109293	3	503	-57.46933333333333	-697.9866322067594	-3000.0	11	9.656	16	8
215	2832290337869063	109796	3	503	-56.92533333333333	-739.021436713055	-3000.0	9	9.85	16	8
216	2832527056169915	110299	3	503	-57.576	-715.8176726308812	-3000.0	9	9.46	16	8
217	2832743746089038	110802	3	503	-57.34	-624.5711756129886	-3000.0	10	9.516	14	8
218	2832990944452455	111305	3	503	-56.82800000000001	-593.3271517561299	-3000.0	8	9.732	15	8
219	2833230031392486	111808	3	503	-56.68933333333334	-593.8740675944335	-3000.0	9	9.696	15	8
220	2833485127827798	112311	3	503	-56.604000000000006	-709.5125752153742	-3000.0	8	9.798	16	8
221	2833729348896271	112814	3	503	-56.462666666666664	-647.1379748177601	-3000.0	10	9.814	16	8
222	2833959125472757	113317	3	503	-56.646666666666675	-657.2018714380384	-3000.0	8	9.856	15	8
223	2834213997647067	113820	3	503	-56.952000000000005	-645.7786587143803	-3000.0	8	9.904	15	8
224	2834456146083963	114323	3	503	-56.64266666666667	-663.0814234592443	-3000.0	8	10.068	15	8
225	2834709855289807	114828	3	503	-56.71199999999999	-594.6340967528163	-3000.0	8	10.014	15	8
226	2834930385016524	115331	3	503	-55.84799999999999	-713.9758860172299	-3000.0	11	9.88	14	8
227	2835189378279818	115834	3	503	-56.24400000000001	-759.1705791915174	-3000.0	11	10.266	15	8
228	2835444859162275	116337	3	503	-55.962666666666685	-737.5556713055001	-3000.0	9	10.222	15	8
229	2835697914607054	116840	3	503	-56.20266666666666	-701.3448508946321	-3000.0	11	10.15	15	8
230	2835942770062390	117343	3	503	-56.329333333333324	-708.3537866136513	-3000.0	11	10.062	14	8
231	2836198290152741	117846	3	503	-56.372	-645.0360185553349	-3000.0	8	10.178	15	8
232	2836458990614238	118349	3	503	-56.97466666666665	-688.6905579854206	-3000.0	8	10.262	16	8
233	2836712997836037	118852	3	503	-56.18933333333332	-637.7365990722333	-3000.0	12	10.326	17	8
234	2836962196805402	119355	3	503	-56.73333333333334	-713.9119734923793	-3000.0	9	10.23	16	8
235	2837209337962909	119858	3	503	-56.23199999999999	-661.8293227302851	-3000.0	9	10.25	16	8
236	2837469305173641	120361	3	503	-55.818666666666665	-627.9904599072235	-3000.0	9	10.602	16	8
237	2837707029929627	120864	3	503	-56.24933333333333	-607.3847289595757	-3000.0	9	10.542	16	8
238	2837977997096760	121367	3	503	-57.310666666666656	-601.4900437375748	-3000.0	9	10.764	17	8
239	2838248927072841	121870	3	503	-56.06933333333334	-600.778846918489	-3000.0	9	10.604	17	8
240	2838530439266405	122373	3	503	-56.44666666666665	-873.4725328031811	-3000.0	9	10.804	17	8
241	2838779610019569	122876	3	503	-56.80933333333333	-755.7697442014579	-3000.0	8	10.966	16	8
242	2839034948914774	123379	3	503	-56.825333333333326	-631.462955599735	-3000.0	10	10.82	16	8
243	2839301830820880	123882	3	503	-56.232	-591.502653412856	-3000.0	13	10.698	16	8
244	2839560006722501	124385	3	503	-56.45066666666666	-607.6951650099404	-3000.0	8	10.634	16	8
245	2839816694474100	124888	3	503	-56.91733333333334	-633.7569940357855	-3000.0	9	10.518	16	8
246	2840075914744405	125391	3	503	-56.59733333333334	-736.9045646123261	-3000.0	11	10.236	16	8
247	2840330105567009	125894	3	503	-56.83200000000001	-650.2538210735585	-3000.0	11	10.53	17	8
248	2840574828439611	126397	3	503	-55.69999999999999	-622.9084108681243	-3000.0	8	10.598	17	8
249	2840828810707849	126905	2	503	-57.096000000000004	-633.2835414181577	-3000.0	13	10.498	17	8
250	2841078505599332	127407	2	502	-55.464	-731.4392722443556	-3000.0	9	10.252	18	8
251	2841302009871414	127909	2	502	-56.88266666666667	-685.5161434262947	-3000.0	12	9.768	18	8
252	2841523614857922	128411	2	502	-56.64266666666667	-658.1498087649405	-3000.0	9	9.824	17	8
253	2841755407797713	128913	2	502	-56.91733333333334	-577.4985790172644	-3000.0	9	9.9	16	8
254	2842002799417771	129415	2	502	-56.134666666666654	-689.7531580345287	-3000.0	9	9.908	17	8
255	2842234690751850	129917	2	502	-55.909333333333315	-660.7283638778221	-3000.0	11	9.834	16	8
256	2842491965077273	130419	2	502	-56.149333333333324	-645.2508764940239	-3000.0	9	9.986	17	8
257	2842737565098137	130921	2	502	-56.53333333333331	-655.9032403718466	-3000.0	10	9.898	17	8
258	2842970000784183	131423	2	502	-56.382666666666665	-767.4465152722444	-3000.0	9	9.65	17	8
259	2843212521390295	131925	2	502	-56.132000000000005	-696.9657131474103	-3000.0	9	9.848	15	8
260	2843451618914310	132427	2	502	-56.61200000000001	-705.6891447543162	-3000.0	8	9.938	15	8
261	2843691933135673	132929	2	502	-56.70133333333334	-619.9619043824703	-3000.0	10	10.104	14	8
262	2843952222130289	133431	2	502	-56.389333333333326	-601.4785471447541	-3000.0	9	10.716	14	8
263	2844189396950772	133933	2	502	-55.99733333333334	-579.026727755644	-3000.0	10	10.65	14	8
264	2844428408647217	134435	2	502	-56.378666666666675	-541.5663081009297	-3000.0	8	10.756	15	8
265	2844689419759076	134937	2	502	-56.780000000000015	-669.8222868525894	-3000.0	11	10.772	15	8
266	2844943074870326	135439	2	502	-56.396	-555.7690916334659	-3000.0	8	10.576	15	8
267	2845207446650357	135941	2	502	-56.43199999999999	-658.7498220451529	-3000.0	12	10.794	16	8
268	2845491709990805	136443	2	502	-56.944	-678.7562762284196	-3000.0	11	11.342	17	8
269	2845746692836715	136945	2	502	-55.86666666666668	-624.3522629482075	-3000.0	12	10.744	16	8
270	2845997131617334	137447	2	502	-56.46933333333335	-626.8752749003985	-3000.0	9	10.902	17	8
271	2846272377508241	137949	2	502	-56.26	-713.5816918990704	-3000.0	10	11.052	18	8
272	2846519743306779	138451	2	502	-56.51733333333335	-609.9220451527226	-3000.0	14	10.996	16	8
273	2846775758153527	138953	2	502	-56.63333333333333	-599.1252908366534	-3000.0	10	10.982	16	8
274	2847026692464412	139455	2	502	-56.81333333333333	-633.544488711819	-3000.0	11	10.288	16	8
275	2847285260387957	139957	2	502	-56.994666666666674	-732.2836201859228	-3000.0	11	10.552	15	8
276	2847542653124848	140459	2	502	-55.47999999999999	-682.7297981407702	-3000.0	9	10.542	16	8
277	2847787610791360	140961	2	502	-56.516000000000005	-616.6393253652055	-3000.0	10	10.2	16	8
278	2848034311530795	141463	2	502	-56.24933333333334	-582.1493811420985	-3000.0	12	10.306	17	8
279	2848292162178034	141965	2	502	-56.66666666666667	-616.0717954847277	-3000.0	8	10.334	17	8
280	2848553306907616	142467	2	502	-56.037333333333315	-661.7333944223111	-3000.0	9	10.242	16	8
281	2848802652419649	142969	2	502	-55.924	-706.4624727755647	-3000.0	10	9.91	15	8
282	2849053083513917	143471	2	502	-55.930666666666674	-742.2013545816727	-3000.0	10	10.562	16	8
283	2849327792966410	143973	2	502	-56.06133333333332	-653.9491341301459	-3000.0	10	10.708	16	8
284	2849593461343606	144475	2	502	-56.422666666666665	-669.5422815405043	-3000.0	9	10.528	16	8
285	2849847916101398	144977	2	502	-56.561333333333344	-748.5002363877825	-3000.0	10	10.594	17	8
286	2850103422728423	145479	2	502	-56.35066666666667	-720.5707888446211	-3000.0	12	10.444	16	8
287	2850350211172717	145981	2	502	-56.77066666666666	-617.4627224435591	-3000.0	12	10.018	17	8
288	2850611367442625	146483	2	502	-56.98533333333332	-750.9290756972113	-3000.0	10	10.768	17	8
289	2850874123188158	146985	2	502	-56.17066666666667	-640.6629083665341	-3000.0	10	10.624	17	8
290	2851134472559202	147487	2	502	-56.456	-700.5865843293487	-3000.0	10	10.532	18	8
291	2851398764842410	147989	2	502	-56.936000000000014	-735.1514103585657	-3000.0	10	10.348	18	8
292	2851649142806476	148491	2	502	-56.59600000000001	-684.7137343957505	-3000.0	12	10.224	16	8
293	2851899260829090	148993	2	502	-56.629333333333335	-598.6543718459494	-3000.0	8	10.208	16	8
294	2852148852549921	149495	2	502	-56.870666666666686	-645.3980026560426	-3000.0	9	10.31	15	8
295	2852405074966883	149997	2	502	-56.24133333333335	-705.2664913678617	-3000.0	11	10.3	15	8
296	2852654685750630	150499	2	502	-56.40799999999999	-704.4813439575036	-3000.0	10	10.288	15	8
297	2852910848111826	151001	2	502	-56.442666666666675	-659.5976626826026	-3000.0	11	10.328	15	8
298	2853165814470002	151503	2	502	-56.54666666666666	-716.654090305445	-3000.0	10	10.324	15	8
299	2853395199437610	152005	2	502	-55.60933333333333	-596.5687835325368	-3000.0	9	10.274	14	8
300	2853628756497016	152507	2	502	-56.34533333333333	-654.5904966799468	-3000.0	9	10.276	15	8
301	2853892067306450	153009	2	502	-55.92133333333333	-644.7186401062418	-3000.0	10	10.46	16	8
302	2854143289762886	153511	2	502	-56.64266666666666	-571.9202868525898	-3000.0	10	10.556	16	8
303	2854402470867972	154013	2	502	-56.43999999999999	-670.8571633466133	-3000.0	11	10.522	17	8
304	2854637388370035	154515	2	502	-56.52666666666668	-707.7558911022578	-3000.0	12	10.284	17	8
305	2854901864537752	155029	1	502	-56.568000000000005	-618.9306480743693	-3000.0	8	10.006	16	8
306	2855158496992457	155530	1	501	-55.657333333333334	-692.0459481037924	-3000.0	9	9.988	15	8
307	2855406167891811	156031	1	501	-56.46000000000001	-642.3423845642047	-3000.0	9	10.002	15	8
308	2855639412507711	156532	1	501	-56.54800000000001	-577.436361942781	-3000.0	11	10.058	16	8
309	2855886683241035	157033	1	501	-55.814666666666675	-643.8374158349966	-3000.0	8	10.05	16	8
310	2856129381150028	157534	1	501	-55.80533333333333	-747.3048223552887	-3000.0	9	10.022	16	8
311	2856375808147986	158035	1	501	-57.02666666666667	-618.3067012641383	-3000.0	9	10.058	17	8
312	2856615962267945	158536	1	501	-56.774666666666654	-656.3611417165665	-3000.0	13	10.076	15	8
313	2856844033501443	159053	1	501	-56.665333333333336	-621.6006866267463	-3000.0	9	9.986	15	8
314	2857094925000163	159554	1	501	-55.865333333333325	-667.7257112441785	-3000.0	11	9.87	14	8
315	2857324915022143	160055	1	501	-56.00000000000001	-598.2173519627414	-3000.0	11	9.8	14	8
316	2857566502843290	160556	1	501	-56.76533333333333	-728.8345735196275	-3000.0	8	9.846	14	8
317	2857805160918939	161081	4	501	-55.87333333333334	-636.8934105123086	-3000.0	8	9.936	14	8
318	2858054690946614	161627	8	504	-56.85999999999999	-605.6326666666666	-3000.0	9	9.838	14	8
319	2858286823455985	162144	9	508	-56.172000000000004	-622.6954435695538	-3000.0	10	9.85	14	8
320	2858530534245006	162665	8	509	-56.658666666666676	-667.9375638506876	-3000.0	9	9.92	14	8
321	2858743830464543	163176	8	508	-56.73999999999999	-566.5558110236219	-3000.0	11	9.902	14	8
322	2858967553824454	163692	7	508	-56.85866666666666	-580.2533490813648	-3000.0	8	9.896	14	8
323	2859209390655848	164219	7	507	-56.449333333333335	-664.3629690992768	-3000.0	8	9.962	15	8
324	2859459207193848	164735	7	507	-56.37999999999999	-716.8175752794215	-3000.0	10	10.108	15	8
325	2859704158075527	165251	7	507	-56.24799999999999	-542.0893833004603	-3000.0	8	10.174	16	8
326	2859958661660252	165758	7	507	-56.26400000000002	-642.087466140697	-3000.0	9	10.346	15	8
327	2860200993546880	166273	7	507	-56.72933333333334	-669.4663510848126	-3000.0	10	10.244	16	8
328	2860468811924369	166788	7	507	-56.604	-775.0880815253124	-3000.0	11	10.252	17	8
329	2860722379875148	167295	7	507	-56.98666666666667	-715.3067166337935	-3000.0	9	10.198	16	8
330	2860973419067915	167810	7	507	-56.908	-742.1771492439185	-3000.0	9	10.11	16	8
331	2861187196703795	168323	6	507	-56.132	-679.8832873109798	-3000.0	9	9.638	15	8
332	2861400692539317	168829	6	506	-56.48666666666665	-672.8087588932806	-3000.0	12	9.706	14	8
333	2861625305834455	169335	6	506	-56.638666666666666	-715.5423372859025	-3000.0	9	9.974	15	8
334	2861844546755334	169841	6	506	-56.76	-759.3643162055336	-3000.0	9	10.008	15	8
335	2862101841762937	170356	6	506	-56.89199999999999	-724.0312094861661	-3000.0	9	10.562	15	8
336	2862345592909823	170876	6	506	-56.38400000000001	-678.6529117259553	-3000.0	9	10.37	16	8
337	2862609889666735	171384	6	506	-56.97066666666666	-678.7482872200264	-3000.0	10	10.396	16	8
338	2862843024973842	171890	6	506	-56.19733333333332	-650.2430988142293	-3000.0	8	10.338	16	8
339	2863118620389338	172398	6	506	-56.07466666666665	-699.7978287220026	-3000.0	11	10.67	17	8
340	2863395668994504	172904	6	506	-56.78	-623.2846587615282	-3000.0	15	10.5	16	8
341	2863671023475088	173422	6	506	-56.71200000000001	-751.0237233201583	-3000.0	10	10.78	17	8
342	2863958969883323	173942	6	506	-56.705333333333336	-636.5563794466403	-3000.0	9	10.926	17	8
343	2864239477499070	174450	7	506	-56.49333333333334	-701.7215652173912	-3000.0	10	11.314	17	8
344	2864504276282433	174969	7	507	-56.289333333333325	-565.8275687047994	-3000.0	10	11.076	18	8
345	2864779494433845	175486	7	507	-56.689333333333344	-674.4870269559502	-3000.0	13	11.128	17	8
346	2865057782582878	176004	8	507	-56.955999999999996	-599.0572859960553	-3000.0	8	11.032	16	8
347	2865333986424157	176525	8	508	-56.79066666666667	-670.5746010498688	-3000.0	10	11.172	17	8
348	2865626845406785	177051	8	508	-56.776	-670.3578215223097	-3000.0	9	11.392	15	8
349	2865917229520384	177571	10	508	-56.31466666666666	-652.3532204724412	-3000.0	9	11.466	16	8
350	2866215109195455	178122	8	510	-56.74666666666666	-586.1736915032681	-3000.0	10	11.538	16	8
351	2866516222024869	178651	8	508	-56.925333333333334	-684.8729291338582	-3000.0	14	11.424	17	8
352	2866806334753737	179193	9	508	-56.089333333333315	-636.8064435695537	-3000.0	10	11.722	16	8
353	2867113487749114	179722	8	509	-56.29066666666667	-622.3318061558612	-3000.0	11	11.618	17	8
354	2867405376239588	180244	9	508	-56.43866666666668	-705.3049711286088	-3000.0	10	11.646	17	8
355	2867679920593320	180775	10	509	-56.61866666666668	-727.8205474787165	-3000.0	10	11.506	17	8
356	2867962355999766	181290	11	510	-56.87733333333333	-694.4385490196078	-3000.0	14	11.468	17	8
357	2868273465096054	181842	10	511	-56.035999999999994	-696.0448845401173	-3000.0	11	11.67	18	8
358	2868574852088679	182376	10	510	-57.032	-654.9165464052287	-3000.0	10	11.694	19	8
359	2868892562366271	182907	10	510	-57.43600000000001	-734.8478928104574	-3000.0	15	12.422	20	8
360	2869189344861555	183452	9	510	-56.10799999999999	-681.6826117647059	-3000.0	10	12.124	18	8
361	2869479456368762	183983	11	509	-56.79999999999999	-699.4733569089718	-3000.0	10	11.692	18	8
362	2869784754994158	184527	10	511	-56.454666666666654	-634.5967697325506	-3000.0	13	11.872	18	8
363	2870076711474818	185050	12	510	-56.822666666666684	-633.8382588235295	-3000.0	8	11.766	19	8
364	2870378862066577	185602	11	512	-56.29066666666667	-674.0726145833335	-3000.0	8	11.286	19	8
365	2870655918602648	186125	11	511	-56.72533333333334	-570.331843444227	-3000.0	8	11.544	18	8
366	2870934566614016	186645	10	511	-56.541333333333334	-571.1694637964775	-3000.0	10	11.638	18	8
367	2871229160273824	187171	9	510	-57.007999999999996	-708.6790797385619	-3000.0	12	11.686	19	8
368	2871522721002678	187714	9	509	-56.569333333333326	-570.9150464963981	-3000.0	9	11.664	18	8
369	2871806723148054	188227	10	509	-56.556000000000004	-643.4192848722987	-3000.0	16	11.46	18	8
370	2872083327570253	188751	10	510	-56.047999999999995	-590.1462614379085	-3000.0	10	11.306	18	8
371	2872366229615938	189272	10	510	-56.33599999999999	-621.0253071895426	-3000.0	11	11.192	19	8
372	2872646626945850	189799	9	510	-55.75199999999999	-604.6907921568627	-3000.0	13	10.89	19	8
373	2872927607127146	190315	10	509	-56.589333333333336	-707.5820196463654	-3000.0	8	11.118	16	8
374	2873215595424258	190846	10	510	-56.142666666666656	-728.6886980392156	-3000.0	9	11.218	16	8
375	2873468938373520	191369	9	510	-56.76933333333334	-533.0236496732026	-3000.0	9	10.96	16	8
376	2873733998079723	191885	9	509	-56.794666666666664	-677.7329456450556	-3000.0	11	10.83	16	8
377	2874002710813941	192409	10	509	-56.53466666666667	-665.3343628028813	-3000.0	8	10.606	17	8
378	2874257750801775	192936	10	510	-56.836000000000006	-634.4974980392157	-3000.0	11	10.73	17	8
379	2874530580210665	193474	8	510	-56.98533333333332	-674.8362431372548	-3000.0	10	11.07	18	8
380	2874811443049595	193997	7	508	-56.63333333333334	-717.9041706036747	-3000.0	16	11.112	19	8
381	2875076046282302	194504	8	507	-56.765333333333345	-713.7909559500328	-3000.0	9	10.916	18	8
382	2875310368027032	195015	9	508	-56.48000000000001	-573.4347716535433	-3000.0	11	10.788	18	8
383	2875558315342487	195524	9	509	-56.665333333333336	-487.8792377210217	-3000.0	10	10.53	18	8
384	2875804358584473	196033	10	509	-56.38133333333333	-615.0409456450557	-3000.0	10	10.504	19	8
385	2876076287952061	196543	10	510	-56.06399999999999	-677.2610065359476	-3000.0	9	11.052	19	8
386	2876341011322165	197061	10	510	-56.856	-700.0697751633987	-3000.0	9	11.164	19	8
387	2876589564246004	197571	10	510	-56.10133333333333	-654.2692993464052	-3000.0	9	10.994	19	8
388	2876853309657122	198081	10	510	-56.458666666666666	-679.8775973856208	-3000.0	10	11.07	18	8
389	2877121125105911	198603	10	510	-56.77466666666667	-552.4773934640523	-3000.0	12	10.838	18	8
390	2877398675833442	199118	10	510	-57.12133333333333	-688.0219790849674	-3000.0	10	11.21	17	8
391	2877671933341888	199630	10	510	-56.46133333333333	-707.2416679738562	-3000.0	11	11.184	17	8
392	2877940680256956	200144	10	510	-56.30666666666668	-728.7321045751635	-3000.0	9	11.178	17	8
393	2878222530321085	200665	9	510	-56.43600000000001	-734.1747738562091	-3000.0	11	11.296	18	8
394	2878509426561078	201190	8	509	-56.93733333333332	-712.7607334643092	-3000.0	8	11.444	18	8
395	2878824084001173	201730	7	508	-56.91866666666667	-683.3839842519683	-3000.0	9	11.782	18	8
396	2879104819666933	202237	10	507	-56.85866666666665	-705.7908665351741	-3000.0	9	11.6	18	8
397	2879382493350363	202747	10	510	-57.01733333333335	-680.059631372549	-3000.0	11	11.746	17	8
398	2879671514996570	203275	9	510	-56.757333333333335	-599.9401071895423	-3000.0	8	11.424	18	8
399	2879930472280495	203785	9	509	-57.00266666666666	-692.4727046496398	-3000.0	11	11.006	18	8
400	2880171175492999	204294	9	509	-56.605333333333334	-616.7266535690896	-3000.0	8	10.838	17	8
401	2880409565539340	204803	9	509	-55.903999999999996	-588.8534354944335	-3000.0	11	10.606	16	8
402	2880685167420642	205336	7	509	-56.324	-566.7750700720366	-3000.0	10	10.858	16	8
403	2880932452420697	205847	8	507	-56.412	-582.5600447074291	-3000.0	10	10.358	16	8
404	2881198741874289	206356	8	508	-56.88933333333333	-639.9556272965879	-3000.0	9	10.474	16	8
405	2881463384431620	206880	7	508	-56.96533333333332	-623.5735170603676	-3000.0	9	10.526	17	8
406	2881724357451157	207396	7	507	-56.72	-728.3054516765287	-3000.0	10	10.834	18	8
407	2881987776384489	207919	7	507	-56.61466666666667	-798.4368809993424	-3000.0	10	10.454	16	8
408	2882263052647557	208451	6	507	-56.425333333333334	-698.1584904667982	-3000.0	11	10.54	17	8
409	2882513194711607	208964	7	506	-56.47066666666666	-637.3908484848486	-3000.0	8	10.362	17	8
410	2882771460022487	209476	9	507	-56.437333333333335	-803.4839474030242	-3000.0	11	10.468	18	8
411	2883035173941981	209985	9	509	-56.25333333333332	-747.2755939751146	-3000.0	9	10.512	18	8
412	2883325551775082	210510	10	509	-56.256	-770.1100406024885	-3000.0	9	10.508	17	8
413	2883587705408596	211043	10	510	-56.26266666666666	-668.4161045751634	-3000.0	10	10.39	15	8
414	2883849614866100	211581	10	510	-55.784	-667.1459163398692	-3000.0	11	10.42	15	8
415	2884102468823054	212114	9	510	-56.581333333333326	-752.818805228758	-3000.0	9	10.09	16	8
416	2884366696652638	212642	12	509	-57.16666666666668	-644.795669941061	-3000.0	9	10.34	15	8
417	2884646614640808	213197	10	512	-57.01466666666667	-703.0211171875001	-3000.0	11	10.24	15	8
418	2884895640994328	213708	10	510	-56.77466666666667	-592.9114405228759	-3000.0	8	10.28	15	8
419	2885171134857211	214233	12	510	-56.49199999999998	-674.083691503268	-3000.0	10	10.146	14	8
420	2885447159553399	214777	11	512	-57.41333333333333	-592.8756015625	-3000.0	10	10.424	15	8
421	2885734086164708	215314	10	511	-56.974666666666664	-681.1927514677104	-3000.0	10	10.736	15	8
422	2886009196665709	215833	11	510	-56.62666666666666	-587.8269307189543	-3000.0	10	10.446	16	8
423	2886293827521066	216364	11	511	-56.98533333333333	-686.6899569471624	-3000.0	9	10.38	15	8
424	2886542410978628	216875	12	511	-56.483999999999995	-614.086259621657	-3000.0	13	10.352	16	8
425	2886817974675166	217403	11	512	-56.32533333333332	-696.1803593750001	-3000.0	10	10.654	15	8
426	2887108965393471	217931	12	511	-55.98266666666665	-658.676965427267	-3000.0	10	10.844	15	8
427	2887370567921817	218461	12	512	-56.906666666666666	-648.3736744791668	-3000.0	11	10.788	15	8
428	2887672438544431	218999	11	512	-56.49066666666668	-726.5067630208333	-3000.0	10	10.636	16	8
429	2887948670226714	219540	10	511	-57.25333333333334	-595.3735446836268	-3000.0	8	10.602	16	8
430	2888233653824537	220090	11	510	-57.06933333333334	-692.776677124183	-3000.0	9	10.528	15	8
431	2888522289550758	220626	10	511	-56.364	-681.9480469667319	-3000.0	10	10.63	16	8
432	2888798554179007	221156	12	510	-56.481333333333325	-740.9275686274511	-3000.0	10	10.712	17	8
433	2889108596650476	221712	10	512	-57.33999999999999	-774.0694114583333	-3000.0	10	10.95	15	8
434	2889381705848734	222247	9	510	-56.85466666666666	-739.0032522875817	-3000.0	11	10.732	15	8
435	2889649334284001	222772	9	509	-57.18533333333334	-542.1811656843485	-3000.0	8	10.714	16	8
436	2889908691137953	223294	10	509	-55.86000000000001	-644.8081624099542	-3000.0	11	10.68	15	8
437	2890163319011405	223806	10	510	-56.64	-621.2547921568627	-3000.0	10	10.61	16	8
438	2890447074675466	224327	10	510	-56.88666666666666	-709.3211032679737	-3000.0	9	10.854	15	8
439	2890713685903215	224842	10	510	-56.23066666666668	-645.0639581699347	-3000.0	10	10.882	15	8
440	2891005565074224	225363	9	510	-56.06399999999999	-710.9143843137255	-3000.0	9	10.91	16	8
441	2891270403476087	225888	8	509	-56.76133333333333	-629.7864387688279	-3000.0	8	10.94	16	8
442	2891548126898795	226401	8	508	-56.84666666666667	-656.1723359580052	-3000.0	8	10.982	16	8
443	2891828803644033	226910	8	508	-56.32	-717.4764409448819	-3000.0	9	10.718	16	8
444	2892096952514897	227425	8	508	-56.581333333333326	-774.9273280839896	-3000.0	10	10.338	16	8
445	2892353637348631	227949	7	508	-56.528	-738.4083753280839	-3000.0	8	10.2	16	8
446	2892623636659033	228461	7	507	-56.709333333333326	-712.1928809993425	-3000.0	8	10.252	17	8
447	2892880718398287	228980	7	507	-56.89333333333333	-764.3199000657462	-3000.0	9	10.45	16	8
448	2893142116757843	229504	6	507	-56.88133333333333	-656.4510874424722	-3000.0	11	10.554	16	8
449	2893413092543208	230024	10	506	-56.70000000000001	-661.2518498023715	-3000.0	11	10.646	15	8
450	2893670734411445	230554	9	510	-56.048	-656.4263267973855	-3000.0	10	10.496	16	8
451	2893924904301225	231068	10	509	-56.784	-705.3655507531107	-3000.0	10	10.462	15	8
452	2894196311801333	231601	8	510	-56.570666666666675	-687.428826143791	-3000.0	9	10.452	15	8
453	2894444612720533	232120	7	508	-56.75599999999999	-690.301464566929	-3000.0	11	9.918	15	8
454	2894709942709039	232651	8	507	-55.54666666666667	-626.4059145299144	-3000.0	8	10.124	17	8
455	2894961914202223	233192	12	508	-56.41599999999998	-639.3682545931758	-3000.0	9	9.892	15	8
456	2895218495835873	233734	9	512	-55.51733333333333	-697.8633671875001	-3000.0	11	10.116	15	8
457	2895468555976016	234256	8	509	-56.482666666666674	-592.244086444008	-3000.0	9	10.308	16	8
458	2895720859216284	234792	8	508	-56.938666666666656	-634.265404199475	-3000.0	11	10.174	16	8
459	2896001426282511	235314	9	508	-56.056	-689.4242939632546	-3000.0	8	10.192	16	8
460	2896247338709961	235832	10	509	-56.19999999999999	-690.3457210216109	-3000.0	10	10.176	17	8
461	2896526979263508	236352	10	510	-56.587999999999994	-691.2258196078432	-3000.0	9	10.534	15	8
462	2896798659513517	236875	10	510	-57.01333333333332	-700.5319006535947	-3000.0	12	10.61	15	8
463	2897060942893321	237396	10	510	-56.98933333333333	-548.6731189542485	-3000.0	12	10.734	16	8
464	2897337531212604	237912	11	510	-56.49466666666666	-642.6935921568627	-3000.0	12	10.718	15	8
465	2897627341742195	238424	10	511	-56.76933333333334	-761.6481278538813	-3000.0	8	10.702	16	8
466	2897888843921122	238947	9	510	-56.86266666666666	-690.7806300653596	-3000.0	10	10.504	17	8
467	2898166954572445	239474	9	509	-56.74533333333333	-670.7759659463	-3000.0	10	10.452	16	8
468	2898425662272687	239996	9	509	-57.04533333333334	-655.2079790438768	-3000.0	8	10.812	16	8
469	2898712669292535	240525	8	509	-56.48666666666667	-714.7278271119842	-3000.0	11	11.232	16	8
470	2898992163917195	241060	8	508	-56.34533333333333	-643.7906141732283	-3000.0	9	10.866	16	8
471	2899260972418682	241600	8	508	-55.202666666666666	-706.3397217847771	-3000.0	10	10.562	16	8
472	2899536231680061	242119	9	508	-56.69066666666666	-713.4703989501312	-3000.0	9	10.632	17	8
473	2899796899971893	242650	9	509	-55.948	-681.1606417812703	-3000.0	9	10.466	18	8
474	2900047134208649	243169	10	509	-57.128	-662.5096371971184	-3000.0	10	10.792	19	8
475	2900313847571746	243696	10	510	-56.55466666666667	-668.7162614379085	-3000.0	9	10.472	17	8
476	2900581705821267	244218	10	510	-56.33466666666667	-709.4552000000001	-3000.0	9	10.35	18	8
477	2900844618149268	244757	9	510	-56.58666666666665	-730.9614039215686	-3000.0	12	10.408	17	8
478	2901102749298848	245293	9	509	-56.77466666666666	-670.666574983628	-3000.0	8	10.204	16	8
479	2901358956601677	245807	9	509	-56.975999999999985	-705.6112848722987	-3000.0	12	10.33	15	8
480	2901608888887004	246341	8	509	-56.47866666666667	-680.5843719711853	-3000.0	11	10.302	14	8
481	2901876993641035	246858	8	508	-56.69733333333333	-681.3206692913384	-3000.0	12	10.412	15	8
482	2902136413743131	247379	8	508	-55.82666666666666	-707.9041233595799	-3000.0	12	10.166	15	8
483	2902383666388184	247897	8	508	-56.95866666666664	-721.2973018372703	-3000.0	11	10.432	16	8
484	2902645801879557	248422	10	508	-56.283999999999985	-675.8331049868765	-3000.0	10	10.394	16	8
485	2902917037290518	248960	9	510	-56.55333333333334	-669.8980287581701	-3000.0	10	10.602	15	8
486	2903171710103972	249483	9	509	-55.542666666666676	-698.4461846758348	-3000.0	10	10.36	16	8
487	2903416999135818	250007	9	509	-56.00000000000001	-644.5582658808121	-3000.0	10	10.434	15	8
488	2903673375711308	250528	9	509	-56.34266666666665	-712.3875730189916	-3000.0	11	10.552	15	8
489	2903933802065371	251052	8	509	-56.67999999999998	-647.4846103470857	-3000.0	12	10.456	15	8
490	2904169666588608	251573	8	508	-56.96800000000001	-623.143937007874	-3000.0	10	10.396	15	8
491	2904428981567151	252089	9	508	-55.772000000000006	-687.5649842519684	-3000.0	8	10.56	15	8
492	2904687739978740	252617	8	509	-55.93999999999998	-663.1013097576949	-3000.0	9	10.566	16	8
493	2904938734252542	253144	8	508	-56.67466666666666	-572.2119711286089	-3000.0	10	10.348	15	8
494	2905200402508640	253687	9	508	-56.443999999999996	-630.6425406824147	-3000.0	10	10.288	15	8
495	2905437483526387	254217	9	509	-56.13466666666666	-720.5671696136216	-3000.0	9	10.046	16	8
496	2905672884622067	254741	8	509	-56.28666666666666	-690.0610189914864	-3000.0	8	10.404	15	8
497	2905910434159662	255255	8	508	-55.50266666666665	-663.3141286089239	-3000.0	8	10.488	15	8
498	2906148529588633	255774	9	508	-55.75200000000001	-660.952251968504	-3000.0	10	10.426	15	8
499	2906395591283835	256308	7	509	-55.596	-696.0322933857236	-3000.0	8	10.27	15	8
