alpha = 0.15
gamma = 1.0
lambda = 0.6
epsilon = 0.3
randomSeed = 555
GREAT!
Xover: 4
---- Evolution parameters ----
Folder name:          NMSarsa_Maze/run_2784148544356990
Random seed:          555
GREAT activated:      true
Max iterations:       500
Population size:      500
GREAT initialization  true
Speciation threshold: 0.15
Species min size:     15
Tournament size:      3
Crossover rate:       0.2
Mutation rate:        0.8
Crossovers:
	AligningCrossover_v4(0.15)
Mutations:
	AddGeneMutation(maxSize=2147483647, prob=0.33)
	DeleteGeneMutation(minSize=8, prob=0.33)
	ChangeGeneMutation(prob=0.33)
------------------------------

---- Starting evolution ----
IT	Nanotime	#Eval	#Species	PopSize	Best	Avg	Worst	Best GRN Size	Avg GRN size	Max GRN size	Min GRN size
0	2784441618365840	997	1	499	-85.37733333333331	-320.45669205076877	-3000.0	11	9.14	13	8
1	2784530837470750	1503	5	501	-88.75866666666667	-265.95399334664006	-3000.0	8	9.664	14	8
2	2784640048682162	2008	5	505	-85.82933333333332	-245.99734389438945	-3000.0	10	9.634	13	8
3	2784750509579555	2513	6	505	-71.61066666666666	-254.12026402640265	-3000.0	10	9.808	14	8
4	2784849422592659	3033	5	506	-69.188	-294.20421870882745	-3000.0	9	9.482	14	8
5	2784968177373158	3574	6	505	-69.66533333333332	-295.18554983498353	-3000.0	9	9.434	13	8
6	2785108278402065	4101	6	506	-79.26133333333333	-282.27169169960473	-3000.0	9	9.628	14	8
7	2785259168435462	4611	7	506	-78.07466666666666	-221.66596837944667	-3000.0	11	9.974	15	8
8	2785407978817371	5128	8	507	-74.12400000000001	-268.5202708744248	-3000.0	13	9.866	16	8
9	2785537852888350	5636	10	508	-73.74000000000001	-292.8677007874016	-3000.0	13	9.966	16	8
10	2785688715985456	6146	11	510	-68.67066666666666	-296.42733333333337	-3000.0	11	9.746	15	8
11	2785856379362798	6679	10	511	-64.31333333333333	-300.1541709067189	-3000.0	13	9.904	15	8
12	2786025438142262	7217	10	510	-60.82533333333334	-306.40466405228756	-3000.0	13	10.036	16	8
13	2786211956579277	7742	9	510	-60.4	-286.7018901960785	-3000.0	12	10.178	17	8
14	2786408582081109	8256	9	509	-61.71733333333333	-277.8624728225279	-3000.0	12	10.032	16	8
15	2786592115822410	8792	9	509	-59.37866666666667	-298.18080419122464	-3000.0	12	9.978	16	8
16	2786787097324529	9312	10	509	-60.365333333333325	-269.1051918795024	-3000.0	13	9.94	15	8
17	2787014885708010	9846	8	510	-60.32933333333332	-299.8536653594771	-3000.0	14	10.01	15	8
18	2787199495867946	10354	9	508	-60.87600000000001	-313.84766404199473	-3000.0	13	10.044	15	8
19	2787414958010218	10880	8	509	-60.44533333333333	-275.6043483955468	-3000.0	13	10.262	15	8
20	2787647737645877	11396	9	508	-61.17333333333333	-278.271343832021	-3000.0	13	10.164	15	8
21	2787912772477547	11905	9	509	-61.11466666666667	-266.26842174197776	-3000.0	15	10.672	16	8
22	2788154283623242	12414	9	509	-60.532	-307.8110648330059	-3000.0	13	10.646	17	8
23	2788449262158726	12937	10	509	-61.14266666666667	-227.19477930582852	-3000.0	15	11.264	17	8
24	2788712481533635	13454	9	510	-60.62266666666665	-317.72655424836597	-3000.0	14	10.964	18	8
25	2789000816613924	13963	9	509	-60.256	-267.78858415193196	-3000.0	14	11.552	17	8
26	2789273767435956	14493	9	509	-61.07333333333335	-246.48245972495084	-3000.0	13	11.5	16	8
27	2789569312285035	15013	8	509	-59.89733333333333	-154.36126522593324	-3000.0	13	12.2	16	8
28	2789862804126842	15531	8	508	-60.67866666666668	-266.30760629921264	-3000.0	12	12.156	16	8
29	2790161815745554	16044	8	508	-60.58266666666666	-228.81455643044617	-3000.0	12	12.478	17	8
30	2790443515226065	16552	8	508	-59.38133333333333	-233.84919422572173	-3000.0	13	12.488	18	8
31	2790732516908082	17067	8	508	-60.34266666666667	-226.4622047244094	-3000.0	13	12.814	18	8
32	2791069280920169	17593	6	508	-60.67199999999999	-249.94976640419947	-3000.0	13	13.694	18	8
33	2791392956614730	18099	6	506	-60.505333333333326	-215.5956073781291	-3000.0	14	13.56	17	8
34	2791733160304190	18605	6	506	-60.80000000000001	-241.84323320158106	-3000.0	15	13.786	18	8
35	2792062594996974	19118	6	506	-60.10133333333332	-186.86253754940714	-3000.0	15	13.798	19	8
36	2792371313565934	19631	6	506	-60.28799999999999	-185.93025559947299	-3000.0	15	13.102	19	8
37	2792670812749989	20137	6	506	-60.678666666666665	-248.94819762845853	-3000.0	15	12.722	19	8
38	2792986831775366	20643	6	506	-60.297333333333334	-239.63195256916995	-3000.0	15	13.132	20	8
39	2793311628043513	21149	7	506	-57.929333333333325	-324.2968722002636	-3000.0	14	13.37	19	8
40	2793642046278349	21656	7	507	-60.78	-297.3828928336621	-3000.0	16	14.156	20	8
41	2793966167556944	22163	7	507	-60.61066666666667	-308.31908744247204	-3000.0	14	13.772	20	8
42	2794301208808912	22676	7	507	-60.174666666666674	-285.87284418145964	-3000.0	15	13.542	20	8
43	2794602966802988	23183	7	507	-60.26666666666665	-307.53891124260355	-3000.0	14	13.26	20	8
44	2794937479112736	23690	7	507	-60.10666666666669	-345.72988034188035	-3000.0	14	13.768	21	8
45	2795258773614645	24197	7	507	-60.48666666666665	-360.860268244576	-3000.0	12	13.386	21	8
46	2795595418019748	24707	6	507	-60.40000000000003	-302.6872347140041	-3000.0	13	13.536	22	8
47	2795931622689882	25213	6	506	-59.65066666666667	-307.1574097496706	-3000.0	14	13.062	22	8
48	2796231847000494	25719	6	506	-60.57733333333333	-205.40590777338605	-3000.0	16	12.7	22	8
49	2796538954399906	26235	6	506	-59.976000000000006	-251.23133333333334	-3000.0	18	12.896	22	8
50	2796855298564027	26741	6	506	-60.52000000000001	-263.72274571805013	-3000.0	14	12.866	22	8
51	2797182573584759	27247	6	506	-59.894666666666666	-234.28668247694333	-3000.0	18	13.286	23	8
52	2797493499434637	27753	6	506	-60.25333333333332	-269.0921001317524	-3000.0	16	12.99	21	8
53	2797806127633223	28259	7	506	-60.262666666666654	-249.5488827404479	-3000.0	17	13.078	20	8
54	2798143730061489	28766	7	507	-60.152	-262.2697882971729	-3000.0	17	13.4	20	8
55	2798479781298035	29273	7	507	-59.707999999999984	-219.767744904668	-3000.0	17	13.784	21	8
56	2798851423992454	29793	6	507	-59.6	-275.7186377383301	-3000.0	13	13.938	22	8
57	2799193590124950	30299	6	506	-60.29466666666667	-279.1792938076416	-3000.0	16	13.64	21	8
58	2799534339984090	30805	6	506	-59.69866666666667	-271.0369723320158	-3000.0	16	13.776	22	8
59	2799870072075989	31311	6	506	-58.669333333333334	-236.58203162055338	-3000.0	17	13.886	22	8
60	2800245799836840	31817	6	506	-59.909333333333336	-257.28063768115936	-3000.0	15	14.222	22	8
61	2800591236553966	32323	6	506	-60.342666666666666	-227.86846376811596	-3000.0	16	13.602	19	8
62	2800936850309446	32835	6	506	-59.30266666666665	-237.88435836627144	-3000.0	17	14.366	20	8
63	2801277430057012	33341	6	506	-59.843999999999994	-230.62871673254276	-3000.0	16	14.064	20	8
64	2801632397066923	33848	6	506	-59.61066666666667	-265.99393148880114	-3000.0	16	14.542	19	8
65	2801979606290841	34354	6	506	-59.87866666666667	-261.73680105401843	-3000.0	15	14.564	20	8
66	2802312929200760	34860	6	506	-59.943999999999996	-245.7254071146245	-3000.0	15	14.302	20	8
67	2802646017537975	35366	6	506	-60.342666666666666	-197.44863504611328	-3000.0	13	14.164	20	8
68	2802977025777963	35872	6	506	-58.784	-219.86143610013173	-3000.0	16	14.066	20	8
69	2803287999579051	36382	6	506	-59.83333333333334	-208.61194202898554	-3000.0	12	13.94	20	8
70	2803628914552896	36888	6	506	-59.624	-234.05571277997367	-3000.0	16	14.174	20	8
71	2803971753679489	37394	6	506	-59.42400000000001	-231.23339920948618	-3000.0	14	14.54	20	8
72	2804325683876992	37900	6	506	-58.605333333333334	-194.10529380764166	-3000.0	17	15.242	20	9
73	2804696382650741	38406	6	506	-59.462666666666664	-235.56357048748356	-3000.0	15	14.896	20	8
74	2805052093004299	38912	6	506	-60.29999999999999	-235.36590250329374	-3000.0	11	14.802	20	8
75	2805415051183410	39420	6	506	-59.457333333333324	-236.27536495388668	-3000.0	14	15.076	20	8
76	2805777849285099	39926	6	506	-58.52133333333333	-191.06729117259542	-3000.0	17	15.128	20	8
77	2806185227584780	40432	6	506	-60.25599999999999	-165.75102239789194	-3000.0	16	15.458	21	8
78	2806564872403363	40938	6	506	-59.68533333333334	-193.45079841897234	-3000.0	19	15.468	22	9
79	2806949043103308	41444	6	506	-60.263999999999996	-184.48475889328063	-3000.0	15	15.932	23	8
80	2807322037924586	41950	6	506	-59.38	-193.61930171278	-3000.0	18	15.956	23	8
81	2807708290815107	42456	6	506	-59.40133333333333	-250.5420289855073	-3000.0	17	16.064	22	9
82	2808077899728132	42962	6	506	-59.84266666666667	-213.96295915678522	-3000.0	14	15.676	23	8
83	2808467697305135	43468	6	506	-58.88799999999999	-250.80267457180497	-3000.0	19	16.212	23	9
84	2808867401996238	43974	6	506	-59.526666666666664	-188.89076943346512	-3000.0	17	16.106	22	8
85	2809273389330825	44480	6	506	-59.68666666666667	-220.36038208168645	-3000.0	21	16.53	22	9
86	2809671982774384	44986	6	506	-60.093333333333334	-223.0239604743083	-3000.0	11	16.364	22	8
87	2810076621642428	45492	6	506	-58.64399999999998	-173.57263768115948	-3000.0	19	16.39	22	9
88	2810444761164709	45998	6	506	-59.65599999999999	-234.2894466403162	-3000.0	19	16.344	23	9
89	2810834832861316	46504	6	506	-59.370666666666665	-207.02433728590245	-3000.0	17	16.134	23	10
90	2811246426034767	47010	6	506	-58.865333333333325	-188.06473781291172	-3000.0	20	16.642	23	10
91	2811629430753755	47516	6	506	-59.55066666666667	-213.9584953886693	-3000.0	16	16.13	23	10
92	2812018701174006	48022	6	506	-59.43199999999999	-188.55652437417655	-3000.0	18	16.504	24	10
93	2812400959831514	48528	6	506	-58.816	-225.29995256917	-3000.0	10	16.082	23	9
94	2812777012624365	49034	6	506	-59.25200000000001	-171.7744137022398	-3000.0	22	15.966	23	9
95	2813195421145358	49540	6	506	-59.31999999999999	-225.48079051383397	-3000.0	19	16.538	23	9
96	2813595541086128	50046	6	506	-60.474666666666664	-199.17570223978916	-3000.0	21	16.546	24	9
97	2813994981221051	50554	5	506	-60.143999999999984	-189.50303820816865	-3000.0	19	16.512	25	9
98	2814386981146948	51059	5	505	-59.36933333333334	-207.84487392739277	-3000.0	18	16.436	24	9
99	2814787271485195	51571	4	505	-59.02400000000001	-219.88594587458746	-3000.0	20	16.778	24	10
100	2815194193465129	52075	4	504	-59.48933333333333	-286.48266402116394	-3000.0	20	16.214	24	9
101	2815590332464920	52579	4	504	-58.868	-212.1510582010582	-3000.0	16	16.362	24	11
102	2815984759864442	53083	4	504	-59.12799999999999	-224.2595529100529	-3000.0	21	16.494	24	11
103	2816380193266608	53587	4	504	-59.370666666666665	-318.15294973544974	-3000.0	17	16.01	24	10
104	2816791110930560	54091	4	504	-58.849333333333334	-220.26368518518527	-3000.0	19	16.526	25	10
105	2817196272646619	54595	4	504	-60.25466666666667	-233.1197063492064	-3000.0	13	16.79	25	10
106	2817613855892788	55106	4	504	-58.60666666666667	-208.58528042328038	-3000.0	19	17.016	25	9
107	2818034680289293	55610	4	504	-59.821333333333335	-283.386455026455	-3000.0	17	16.902	25	8
108	2818454631490116	56114	4	504	-59.52933333333334	-181.54346560846562	-3000.0	17	16.994	26	9
109	2818908387620399	56618	4	504	-58.56266666666667	-228.56713492063489	-3000.0	16	17.396	25	9
110	2819328680436078	57122	4	504	-59.17733333333334	-234.88012169312177	-3000.0	19	17.394	25	10
111	2819760498935538	57626	4	504	-59.05866666666666	-171.6917354497354	-3000.0	19	17.27	26	10
112	2820174106533551	58130	4	504	-58.50133333333332	-237.9154735449735	-3000.0	24	17.298	26	10
113	2820608240010242	58634	4	504	-59.62133333333334	-182.76848412698413	-3000.0	22	17.43	26	10
114	2821066323719955	59138	4	504	-58.73466666666668	-254.5693306878307	-3000.0	20	17.762	25	10
115	2821496842376854	59642	4	504	-59.372	-271.529582010582	-3000.0	13	17.738	26	9
116	2821928595529379	60146	4	504	-59.245333333333335	-224.91311375661377	-3000.0	14	17.584	25	9
117	2822355053177778	60650	4	504	-59.48933333333334	-188.29957142857145	-3000.0	22	17.956	25	10
118	2822784498048747	61154	4	504	-57.95600000000001	-227.2036931216931	-3000.0	18	17.44	25	9
119	2823209264127580	61658	4	504	-58.378666666666675	-240.9062328042327	-3000.0	24	17.624	26	10
120	2823583214932589	62162	4	504	-59.43600000000001	-228.4907989417989	-3000.0	17	16.534	26	10
121	2823951380656421	62666	4	504	-58.52533333333333	-235.8568941798942	-3000.0	16	16.266	27	9
122	2824342195815623	63170	4	504	-58.872	-192.31028042328043	-3000.0	17	16.834	27	8
123	2824721991734760	63675	4	504	-58.90533333333332	-201.00490211640218	-3000.0	18	16.808	27	8
124	2825096683940442	64179	4	504	-58.48	-219.67248941798942	-3000.0	14	16.432	27	9
125	2825469167690824	64683	4	504	-58.957333333333324	-188.92400264550267	-3000.0	12	16.694	28	8
126	2825841992034295	65187	4	504	-58.53733333333334	-174.86558994708992	-3000.0	17	16.54	28	9
127	2826228552446953	65691	4	504	-59.408	-202.24344179894177	-3000.0	17	16.412	28	10
128	2826612907905227	66195	4	504	-58.85066666666667	-172.0083492063492	-3000.0	17	16.768	28	10
129	2826980557175193	66699	4	504	-58.554666666666655	-162.699328042328	-3000.0	13	16.332	29	10
130	2827333700444030	67203	4	504	-58.044000000000004	-207.4258095238095	-3000.0	14	15.952	29	9
131	2827683033819239	67707	4	504	-57.89866666666666	-222.34223015873016	-3000.0	15	15.93	29	10
132	2828036733333002	68211	4	504	-57.829333333333345	-180.01938095238097	-3000.0	12	16.058	30	9
133	2828413016131346	68715	4	504	-58.952000000000005	-237.42982539682527	-3000.0	14	15.872	26	9
134	2828780938184835	69219	4	504	-59.042666666666676	-234.25878835978833	-3000.0	13	15.514	25	9
135	2829117239194857	69723	4	504	-58.751999999999995	-208.7045317460318	-3000.0	11	15.196	23	10
136	2829491379118262	70227	4	504	-56.76666666666667	-217.77502645502645	-3000.0	10	15.67	23	9
137	2829841212490384	70731	4	504	-58.75866666666667	-233.9074153439154	-3000.0	13	14.684	23	9
138	2830185180400286	71235	4	504	-57.616000000000014	-245.64778306878296	-3000.0	11	14.364	23	9
139	2830511815235356	71739	4	504	-57.97733333333335	-229.98102910052913	-3000.0	14	14.536	23	9
140	2830831257120539	72243	4	504	-58.72266666666666	-255.21152380952384	-3000.0	14	14.464	24	8
141	2831151323415932	72747	4	504	-57.95333333333333	-236.4066216931217	-3000.0	11	14.212	23	8
142	2831417805483807	73251	5	504	-59.16399999999999	-277.5228597883598	-3000.0	11	12.986	23	8
143	2831680389195392	73756	5	505	-58.485333333333344	-204.61833399339932	-3000.0	9	12.836	24	8
144	2832000804975576	74261	5	505	-59.01466666666666	-286.88503234323434	-3000.0	11	13.118	25	8
145	2832316385642416	74766	5	505	-57.854666666666674	-250.11148250825087	-3000.0	11	12.792	23	8
146	2832648117465551	75276	4	505	-57.144	-271.608	-3000.0	14	13.448	24	8
147	2832978086353495	75780	4	504	-57.95333333333334	-248.13897619047628	-3000.0	13	13.884	25	8
148	2833299484920074	76284	4	504	-57.29600000000001	-222.89595238095242	-3000.0	11	13.622	26	8
149	2833597235792215	76788	4	504	-57.5	-199.41939682539686	-3000.0	13	13.63	25	8
150	2833931649765770	77293	4	504	-57.864000000000004	-220.84839153439162	-3000.0	10	13.02	25	8
151	2834238160372202	77797	5	504	-58.017333333333326	-243.1251243386243	-3000.0	13	12.804	24	8
152	2834517431454341	78303	5	505	-57.104000000000006	-253.91168844884487	-3000.0	12	11.35	24	8
153	2834798647460723	78808	5	505	-57.11466666666667	-253.26276435643567	-3000.0	18	11.506	23	8
154	2835081523097356	79313	5	505	-58.14133333333336	-222.60971353135312	-3000.0	12	12.514	24	8
155	2835392877353494	79818	5	505	-57.13333333333334	-230.4247841584158	-3000.0	12	12.706	25	8
156	2835698875842280	80327	5	505	-58.56533333333333	-221.21795379537957	-3000.0	12	12.82	23	8
157	2835996424963438	80832	5	505	-57.34000000000001	-271.36579801980184	-3000.0	12	12.316	24	8
158	2836314663985032	81337	5	505	-57.617333333333335	-240.34087128712875	-3000.0	11	12.532	24	8
159	2836580916293527	81844	5	505	-57.509333333333345	-230.83965148514852	-3000.0	14	11.568	24	8
160	2836844884199255	82365	5	505	-57.298666666666676	-239.34106930693068	-3000.0	12	11.138	23	8
161	2837127237411975	82876	5	505	-56.83466666666668	-199.5808158415841	-3000.0	10	12.032	23	8
162	2837377427901850	83382	5	505	-57.128000000000014	-236.02771221122111	-3000.0	9	10.744	22	8
163	2837637050313282	83894	5	505	-56.39866666666666	-184.819302970297	-3000.0	9	10.918	22	8
164	2837905965981195	84399	5	505	-58.09466666666667	-294.5293570957096	-3000.0	10	12.116	23	8
165	2838161059559449	84904	5	505	-58.254666666666665	-265.1529584158417	-3000.0	22	11.46	22	8
166	2838402550843137	85409	5	505	-58.644000000000005	-297.12508514851487	-3000.0	11	11.044	23	8
167	2838644101782678	85924	5	505	-58.662666666666674	-271.3487551155114	-3000.0	10	11.288	23	8
168	2838901719527294	86429	5	505	-58.26133333333334	-258.5121399339934	-3000.0	11	10.95	23	8
169	2839141544184864	86934	5	505	-58.19333333333334	-250.87379009900988	-3000.0	10	10.938	23	8
170	2839403768690843	87439	5	505	-58.90666666666666	-290.325594719472	-3000.0	10	10.998	24	8
171	2839679365971354	87944	5	505	-58.834666666666664	-271.8483326732673	-3000.0	9	11.704	24	8
172	2839974600937469	88462	5	505	-58.27866666666668	-362.36472343234334	-3000.0	13	11.964	24	8
173	2840241424565058	88967	5	505	-56.70933333333333	-286.58997227722773	-3000.0	11	11.834	24	8
174	2840542391254821	89476	6	505	-57.99333333333334	-235.3509306930693	-3000.0	10	12.434	24	8
175	2840800266084534	89982	6	506	-57.74000000000001	-242.32927536231884	-3000.0	12	11.644	24	8
176	2841062665066328	90503	6	506	-57.99466666666666	-302.8503214756258	-3000.0	9	11.624	25	8
177	2841294033477708	91009	6	506	-58.06933333333334	-324.29004743083	-3000.0	9	11.288	25	8
178	2841551179409157	91515	6	506	-58.452000000000005	-297.8255625823452	-3000.0	23	11.412	25	8
179	2841817090046161	92021	6	506	-57.46533333333334	-295.61050592885374	-3000.0	9	11.086	26	8
180	2842080643814095	92527	6	506	-58.41999999999999	-264.23626877470355	-3000.0	8	11.774	26	8
181	2842331936717706	93039	6	506	-57.83733333333335	-238.98117259552043	-3000.0	10	10.64	27	8
182	2842608214240806	93545	6	506	-58.394666666666666	-280.59008168642947	-3000.0	10	12.054	27	8
183	2842880929363313	94051	6	506	-58.66400000000001	-266.3366851119894	-3000.0	10	11.52	27	8
184	2843176740543052	94557	6	506	-58.123999999999995	-307.61702503293816	-3000.0	8	11.994	27	8
185	2843436253689929	95063	6	506	-57.7	-266.9282582345191	-3000.0	9	10.84	27	8
186	2843727379594767	95571	6	506	-57.13866666666666	-315.49440316205533	-3000.0	10	11.884	26	8
187	2844019856944856	96077	6	506	-57.90266666666668	-237.8170961791831	-3000.0	8	12.238	26	8
188	2844287822109337	96583	6	506	-56.593333333333334	-354.66643214756255	-3000.0	9	11.5	27	8
189	2844547880126666	97101	5	506	-58.28400000000001	-281.21275098814226	-3000.0	13	11.874	27	8
190	2844853253331002	97606	5	505	-57.63866666666666	-222.23330957095718	-3000.0	10	12.458	27	8
191	2845151059673774	98111	5	505	-57.59466666666666	-282.9168211221122	-3000.0	9	12.672	26	8
192	2845444416873989	98616	5	505	-58.38933333333333	-278.69997359735976	-3000.0	8	12.414	25	8
193	2845717834423654	99121	5	505	-57.278666666666666	-263.44995115511557	-3000.0	9	12.21	25	8
194	2845996080007669	99626	5	505	-57.68666666666666	-214.8508646864686	-3000.0	10	12.064	26	8
195	2846285619017541	100131	5	505	-57.39733333333333	-255.03462178217825	-3000.0	11	12.364	26	8
196	2846601473332668	100636	5	505	-57.86666666666666	-250.2780699669967	-3000.0	12	13.334	27	8
197	2846871360563157	101141	5	505	-57.66266666666665	-226.16405544554453	-3000.0	9	12.134	26	8
198	2847163891981252	101646	5	505	-57.449333333333314	-218.6227089108911	-3000.0	11	12.42	25	8
199	2847447803999195	102151	5	505	-56.71866666666668	-212.81311155115512	-3000.0	13	12.63	26	8
200	2847716582827521	102656	5	505	-57.154666666666664	-258.2556303630363	-3000.0	12	11.916	25	8
201	2848005130830940	103161	5	505	-56.85466666666665	-300.68045412541255	-3000.0	11	12.248	25	8
202	2848315029913238	103666	5	505	-57.431999999999995	-239.96352475247522	-3000.0	11	12.38	25	8
203	2848637781053177	104171	5	505	-57.51333333333333	-262.9135762376238	-3000.0	13	13.582	25	8
204	2848914623693012	104676	5	505	-57.14	-269.5380541254126	-3000.0	10	12.566	25	8
205	2849237263054074	105181	5	505	-56.39200000000001	-231.42709438943893	-3000.0	15	13.614	26	8
206	2849552335121202	105686	5	505	-56.963999999999984	-249.3423287128713	-3000.0	12	12.418	26	8
207	2849867327416769	106191	5	505	-57.071999999999996	-298.3331775577558	-3000.0	11	12.356	27	8
208	2850184686565366	106696	5	505	-57.02	-260.1147590759076	-3000.0	10	13.306	28	8
209	2850510506935581	107201	5	505	-57.35199999999999	-305.9937636963697	-3000.0	8	13.314	29	8
210	2850812223705344	107706	5	505	-56.74133333333332	-305.38411089108916	-3000.0	14	13.19	30	8
211	2851105414296519	108211	5	505	-57.84933333333333	-244.4401082508251	-3000.0	11	12.768	31	8
212	2851431656277969	108716	5	505	-57.435999999999986	-256.35765016501654	-3000.0	11	13.734	32	8
213	2851749087355405	109221	5	505	-57.52800000000002	-227.0283194719472	-3000.0	12	13.904	31	8
214	2852079980364955	109726	5	505	-56.50533333333334	-210.08396039603963	-3000.0	16	13.842	27	8
215	2852400398091419	110231	5	505	-56.864000000000004	-279.4696660066006	-3000.0	16	14.112	27	8
216	2852732877483712	110736	5	505	-57.284	-278.9723432343234	-3000.0	16	13.978	27	8
217	2853043742977562	111241	5	505	-57.88399999999998	-238.54476039603955	-3000.0	10	13.444	27	8
218	2853382084038360	111746	5	505	-56.966666666666676	-286.6115696369637	-3000.0	10	13.906	27	8
219	2853699568863668	112251	5	505	-56.111999999999995	-223.69236963696375	-3000.0	15	13.784	27	8
220	2854024365295454	112756	5	505	-57.39866666666668	-238.6919498349835	-3000.0	14	14.248	28	8
221	2854344434523740	113261	5	505	-56.73866666666667	-209.99654389438948	-3000.0	14	13.566	28	8
222	2854667196763432	113766	5	505	-56.54666666666667	-223.6787379537954	-3000.0	9	14.144	29	8
223	2854986775588526	114280	5	505	-57.49999999999998	-309.4128897689769	-3000.0	11	13.198	21	8
224	2855311333689694	114785	5	505	-56.966666666666654	-227.1180092409241	-3000.0	11	13.306	21	8
225	2855615437504604	115290	5	505	-56.93333333333334	-250.52989306930692	-3000.0	15	13.668	22	8
226	2855935312752956	115795	5	505	-56.7	-255.65867986798682	-3000.0	20	13.67	21	8
227	2856253792632490	116300	5	505	-56.2	-251.462600660066	-3000.0	10	13.814	22	8
228	2856570757965894	116810	4	505	-56.67333333333333	-296.5011141914192	-3000.0	10	13.742	22	8
229	2856901462785040	117314	4	504	-56.995999999999995	-218.33379100529098	-3000.0	14	13.934	21	8
230	2857259360018748	117818	4	504	-56.961333333333314	-269.9767777777777	-3000.0	12	14.374	22	8
231	2857618695881160	118322	4	504	-56.38	-318.99329100529087	-3000.0	19	15.268	23	8
232	2857934786393449	118826	4	504	-57.22666666666665	-310.0452433862434	-3000.0	20	13.89	23	8
233	2858293508509123	119330	4	504	-56.416	-240.36479629629633	-3000.0	20	14.448	24	8
234	2858632788995072	119834	4	504	-57.36933333333334	-238.56253968253975	-3000.0	19	13.91	25	8
235	2859001831667520	120338	4	504	-56.31066666666666	-291.3552195767195	-3000.0	15	14.484	24	8
236	2859326285173830	120842	4	504	-55.6	-311.113298941799	-3000.0	19	14.216	23	8
237	2859687141892702	121346	4	504	-57.07333333333334	-241.12290740740738	-3000.0	12	14.512	24	8
238	2860066744498071	121850	4	504	-56.949333333333335	-240.00620370370376	-3000.0	16	15.048	25	8
239	2860440221180627	122354	4	504	-56.78799999999999	-254.91180952380952	-3000.0	10	15.242	24	8
240	2860779167797907	122858	4	504	-56.429333333333346	-262.0520211640211	-3000.0	13	14.612	25	8
241	2861114102006569	123362	4	504	-55.395999999999994	-319.8679523809525	-3000.0	9	14.026	25	8
242	2861476872703104	123866	4	504	-56.61333333333335	-263.1221084656085	-3000.0	17	14.352	26	8
243	2861855206686623	124370	4	504	-56.70533333333332	-278.8242275132276	-3000.0	14	14.412	25	8
244	2862181897760067	124874	4	504	-56.87466666666666	-235.9477195767196	-3000.0	12	13.56	24	8
245	2862518985735277	125378	4	504	-56.92266666666667	-256.42563227513233	-3000.0	14	13.832	24	8
246	2862873137518081	125882	4	504	-56.708	-235.05523015873018	-3000.0	13	13.968	24	8
247	2863218306782305	126386	4	504	-57.315999999999995	-247.70756084656097	-3000.0	16	14.592	25	8
248	2863552821225550	126890	4	504	-56.469333333333324	-242.38961904761908	-3000.0	13	14.37	25	8
249	2863890175126193	127394	4	504	-56.03866666666666	-276.166671957672	-3000.0	16	14.14	25	8
250	2864238657769808	127898	4	504	-56.122666666666674	-197.94071693121683	-3000.0	20	14.682	25	8
251	2864609347230879	128402	4	504	-56.55333333333333	-264.9015052910052	-3000.0	18	14.908	25	8
252	2864925013332433	128906	4	504	-56.59199999999998	-276.06758201058193	-3000.0	10	13.676	25	8
253	2865267373042425	129410	4	504	-56.97200000000001	-272.5464841269843	-3000.0	13	14.302	25	8
254	2865620385137202	129914	4	504	-56.612000000000016	-306.29341005291	-3000.0	11	14.096	26	8
255	2865961775019089	130418	4	504	-56.58933333333332	-256.79311375661376	-3000.0	14	14.448	25	8
256	2866355867917942	130922	4	504	-56.810666666666656	-292.96475925925927	-3000.0	23	15.43	26	8
257	2866688472127484	131426	4	504	-56.68933333333332	-279.552925925926	-3000.0	23	14.288	25	8
258	2867054579049772	131930	4	504	-56.03866666666668	-311.8085634920635	-3000.0	20	14.788	25	8
259	2867397808881331	132434	4	504	-56.38666666666666	-280.8774074074075	-3000.0	13	14.364	26	8
260	2867750818218026	132938	4	504	-56.21466666666668	-231.79296560846555	-3000.0	16	15.542	26	8
261	2868104368911160	133442	4	504	-55.955999999999996	-281.61706878306876	-3000.0	17	15.75	27	8
262	2868515095152095	133946	4	504	-55.596000000000004	-246.55143915343913	-3000.0	23	16.362	27	8
263	2868903001047232	134450	4	504	-57.19466666666666	-241.98890740740742	-3000.0	11	16.068	27	9
264	2869284864608294	134954	4	504	-56.85466666666668	-307.00623280423287	-3000.0	15	15.338	27	8
265	2869644598288679	135458	4	504	-57.25466666666667	-244.80467724867725	-3000.0	17	14.84	27	8
266	2869987408201748	135962	4	504	-56.574666666666666	-321.6899708994709	-3000.0	10	15.136	26	8
267	2870328095185048	136466	4	504	-56.618666666666655	-258.2189841269842	-3000.0	12	14.83	27	8
268	2870691500331226	136984	3	504	-56.941333333333326	-285.0806058201059	-3000.0	11	14.668	28	8
269	2871071590373829	137487	3	503	-56.72133333333332	-343.473208747515	-3000.0	16	15.486	27	8
270	2871439722429366	137993	3	503	-55.931999999999995	-238.01985155732268	-3000.0	23	15.14	27	8
271	2871825215249193	138496	3	503	-57.028	-237.58032604373759	-3000.0	15	14.698	28	8
272	2872179331194617	138999	3	503	-55.848	-206.4856832339297	-3000.0	17	14.924	28	8
273	2872551380723201	139502	3	503	-56.665333333333336	-233.12366070245196	-3000.0	12	15.506	28	8
274	2872903585478206	140005	4	503	-56.89466666666668	-232.74929887342614	-3000.0	20	14.556	29	8
275	2873213156444950	140509	4	504	-56.55866666666666	-254.34467460317458	-3000.0	11	13.274	29	8
276	2873546377071622	141013	4	504	-56.40399999999999	-259.2029682539683	-3000.0	11	14.322	30	8
277	2873911566688829	141528	3	504	-56.56799999999998	-259.3108571428573	-3000.0	16	14.976	30	8
278	2874281828444163	142031	3	503	-56.49600000000001	-274.32948972829695	-3000.0	12	14.614	28	8
279	2874663099586135	142534	3	503	-56.695999999999984	-301.63703909874084	-3000.0	19	15.164	27	8
280	2875052888625681	143037	3	503	-56.45333333333333	-276.01364347249836	-3000.0	21	16.28	27	8
281	2875407495739974	143540	3	503	-56.19733333333335	-282.48534923790595	-3000.0	8	15.522	28	8
282	2875825445863444	144043	3	503	-55.695999999999984	-324.12900463883375	-3000.0	18	15.94	26	8
283	2876212391794545	144546	3	503	-56.196	-268.98314645460573	-3000.0	20	15.736	27	8
284	2876557664298255	145049	3	503	-56.48533333333334	-256.45825314777994	-3000.0	16	14.166	26	8
285	2876924294150025	145552	3	503	-56.62000000000001	-275.99064811133206	-3000.0	21	15.46	27	8
286	2877285365782778	146055	3	503	-57.22666666666666	-242.79341285619606	-3000.0	22	15.332	27	8
287	2877649860538182	146558	3	503	-55.27066666666666	-254.48353346587143	-3000.0	25	14.962	27	8
288	2878013549881559	147061	3	503	-56.13333333333332	-274.24139960238557	-3000.0	19	15.276	27	8
289	2878377216295882	147564	3	503	-56.487999999999985	-270.1240609675281	-3000.0	12	15.204	26	8
290	2878761644534233	148067	3	503	-56.94799999999999	-243.18800530152416	-3000.0	14	15.524	26	8
291	2879127228094574	148570	3	503	-56.425333333333334	-274.86380649436705	-3000.0	16	14.946	26	8
292	2879462952112369	149073	3	503	-56.02933333333333	-222.8536699801193	-3000.0	15	14.418	25	8
293	2879817353823124	149576	3	503	-57.04666666666666	-245.68692113982775	-3000.0	11	15.344	25	8
294	2880185947876573	150079	3	503	-55.58933333333332	-268.4872763419482	-3000.0	21	15.24	26	8
295	2880545817723414	150582	3	503	-56.283999999999985	-317.36265341285616	-3000.0	18	15.334	27	8
296	2880926812363136	151085	3	503	-56.26933333333335	-233.79201590457242	-3000.0	14	15.404	28	8
297	2881291051858801	151588	3	503	-56.79333333333332	-273.8900463883367	-3000.0	17	15.762	29	8
298	2881670399929388	152091	3	503	-56.357333333333315	-338.1770099403579	-3000.0	15	16.248	30	8
299	2882076978240305	152594	3	503	-56.496	-278.85987541418154	-3000.0	20	16.712	31	9
300	2882471789057382	153097	3	503	-56.408	-267.1238833664679	-3000.0	19	16.378	29	9
301	2882835888760264	153600	3	503	-56.08666666666668	-233.7821206096753	-3000.0	16	16.152	28	8
302	2883195105820599	154103	3	503	-56.71200000000001	-304.0633452617628	-3000.0	15	15.278	24	8
303	2883552644861634	154606	3	503	-56.136	-265.5996766070245	-3000.0	17	15.428	24	8
304	2883887708046811	155109	3	503	-56.29999999999999	-290.9254711729623	-3000.0	13	14.772	23	8
305	2884247464112552	155612	3	503	-56.077333333333335	-262.6975427435389	-3000.0	20	15.252	24	8
306	2884558826054143	156115	3	503	-57.044	-284.67900066269056	-3000.0	11	13.924	24	8
307	2884903147084576	156618	3	503	-56.90800000000001	-296.32077402253145	-3000.0	17	14.694	25	8
308	2885263997358161	157121	3	503	-56.132	-345.8908098078197	-3000.0	13	15.03	24	8
309	2885618393994117	157624	3	503	-55.702666666666666	-271.2034963552021	-3000.0	13	14.716	24	8
310	2885981948065986	158127	3	503	-56.40533333333334	-275.35865076209427	-3000.0	18	15.304	24	8
311	2886322078850333	158630	3	503	-56.47066666666666	-263.10975480450634	-3000.0	13	15.104	25	8
312	2886701382823343	159133	3	503	-57.03200000000002	-335.7838330019882	-3000.0	19	15.466	25	8
313	2887033628736888	159636	3	503	-56.96933333333335	-264.2583512259775	-3000.0	19	14.876	24	8
314	2887383557324560	160139	3	503	-56.50800000000001	-240.1799310801856	-3000.0	20	14.984	25	8
315	2887745180928056	160642	3	503	-56.921333333333344	-283.839096090126	-3000.0	21	15.79	25	8
316	2888147856501698	161145	3	503	-56.10133333333333	-243.31562094102057	-3000.0	20	16.052	25	8
317	2888551932835778	161648	3	503	-56.372	-261.5465314777998	-3000.0	19	16.446	26	8
318	2888914655297875	162151	3	503	-56.84399999999999	-277.12494897282966	-3000.0	16	15.688	26	9
319	2889317905823104	162654	3	503	-56.29600000000001	-256.21590722332667	-3000.0	21	16.48	27	8
320	2889711165580780	163157	3	503	-56.76533333333334	-244.6364347249835	-3000.0	24	15.978	27	8
321	2890075323998246	163660	3	503	-56.621333333333354	-262.5473346587145	-3000.0	14	15.536	28	8
322	2890417910174924	164163	3	503	-56.66666666666665	-260.8198939695163	-3000.0	15	14.906	29	8
323	2890796823003957	164666	3	503	-56.897333333333336	-283.6443021868787	-3000.0	12	15.428	26	8
324	2891139436958745	165169	3	503	-56.47733333333335	-298.3435255135853	-3000.0	12	15.388	27	8
325	2891515323587062	165672	3	503	-56.23733333333334	-236.5280636182902	-3000.0	14	15.654	28	8
326	2891878617513152	166175	3	503	-56.02533333333333	-337.91558117958925	-3000.0	11	15.05	24	8
327	2892236360825937	166692	2	503	-56.53200000000002	-247.81698343273686	-3000.0	12	14.868	25	8
328	2892616187891678	167201	3	502	-56.55866666666667	-314.3676759628154	-3000.0	13	15.232	25	9
329	2892992811139176	167714	3	503	-56.81066666666666	-269.37493704440027	-3000.0	23	15.282	25	8
330	2893346592022000	168222	4	503	-56.634666666666654	-300.0865685884693	-3000.0	18	15.264	25	9
331	2893711587490430	168742	4	504	-56.93599999999999	-264.17405026455026	-3000.0	14	14.404	25	8
332	2894051577709251	169254	4	504	-56.95466666666666	-268.9399603174604	-3000.0	16	14.47	26	8
333	2894404936819322	169758	4	504	-56.23066666666668	-294.6811481481482	-3000.0	18	14.444	26	8
334	2894737853656409	170262	4	504	-56.197333333333326	-302.03182539682535	-3000.0	15	15.7	26	8
335	2895126420078739	170766	4	504	-56.48533333333334	-334.15885449735447	-3000.0	18	15.556	27	9
336	2895525254832480	171270	4	504	-55.881333333333345	-277.1156613756614	-3000.0	18	16.43	27	9
337	2895909700997250	171775	4	504	-56.474666666666664	-308.3464523809524	-3000.0	16	16.998	26	9
338	2896313561604846	172279	4	504	-56.01866666666667	-291.3411851851852	-3000.0	21	16.972	26	8
339	2896698766082140	172783	4	504	-56.412	-276.27431216931205	-3000.0	18	16.428	27	8
340	2897074835174651	173287	4	504	-56.37600000000001	-255.3852857142857	-3000.0	17	16.06	26	8
341	2897426668341970	173791	4	504	-56.85333333333334	-235.34047619047627	-3000.0	14	14.154	26	8
342	2897774138538448	174295	4	504	-56.7	-327.73299735449734	-3000.0	21	14.594	26	8
343	2898128703216362	174799	4	504	-56.27333333333333	-305.4894153439154	-3000.0	22	14.852	26	8
344	2898489544030130	175303	4	504	-56.822666666666656	-275.1064126984126	-3000.0	18	14.754	27	8
345	2898861078923236	175807	4	504	-56.32266666666667	-300.89976190476204	-3000.0	20	14.97	26	8
346	2899273175858876	176311	4	504	-55.684000000000005	-324.8857989417989	-3000.0	22	16.588	27	8
347	2899629729757088	176816	4	504	-55.74400000000001	-273.4384153439154	-3000.0	13	14.452	27	8
348	2899999430424323	177320	4	504	-56.256	-235.834626984127	-3000.0	21	15.696	27	8
349	2900358871830903	177831	4	504	-56.437333333333335	-317.41636243386256	-3000.0	22	15.07	27	8
350	2900674651203684	178338	4	504	-57.135999999999996	-314.72903968253974	-3000.0	18	14.406	28	8
351	2901004989258282	178843	4	504	-56.18533333333331	-282.8042222222222	-3000.0	17	14.548	29	8
352	2901335563266648	179347	4	504	-56.52000000000002	-314.51660052910046	-3000.0	17	14.622	28	8
353	2901686472382985	179851	4	504	-57.12933333333333	-275.01053703703707	-3000.0	21	15.052	28	8
354	2902052203977544	180363	4	504	-55.12799999999999	-321.25566137566136	-3000.0	17	15.202	25	8
355	2902385257017447	180867	4	504	-55.86533333333332	-256.3268862433862	-3000.0	15	14.752	26	8
356	2902724110228164	181371	4	504	-56.504	-319.4595396825397	-3000.0	23	14.342	26	8
357	2903056165439890	181880	4	504	-56.83599999999999	-259.83511640211634	-3000.0	16	14.334	26	8
358	2903399686709757	182384	4	504	-56.93066666666667	-243.13756878306876	-3000.0	19	15.438	27	8
359	2903720384962193	182889	4	504	-56.98799999999999	-243.91693915343913	-3000.0	12	14.458	26	8
360	2904028078958402	183393	5	504	-56.814666666666675	-312.5051111111112	-3000.0	13	14.262	27	8
361	2904325841832776	183898	5	505	-57.057333333333325	-241.53881452145222	-3000.0	12	13.988	26	8
362	2904658000446644	184403	5	505	-57.048	-218.07276567656763	-3000.0	22	14.536	26	8
363	2904968489468237	184908	5	505	-56.83466666666666	-299.29663366336626	-3000.0	12	13.64	27	8
364	2905244375306853	185426	4	505	-56.95733333333334	-266.3642613861386	-3000.0	13	12.762	26	8
365	2905542866072187	185930	4	504	-57.29600000000001	-333.7181084656084	-3000.0	12	13.202	26	8
366	2905928712445970	186447	5	504	-56.337333333333326	-272.40338888888886	-3000.0	17	15.77	26	8
367	2906280623045080	186963	5	505	-56.22	-271.1489240924093	-3000.0	13	14.414	26	8
368	2906620127323095	187470	5	505	-56.15066666666667	-276.5414283828383	-3000.0	14	14.876	26	8
369	2906924385586782	187975	5	505	-56.20399999999999	-285.30573465346544	-3000.0	11	14.508	26	8
370	2907257035697191	188480	5	505	-56.49066666666668	-273.825090429043	-3000.0	12	15.396	27	8
371	2907618750050388	188985	5	505	-56.55333333333333	-277.6670943894389	-3000.0	20	15.192	27	8
372	2907946598689641	189490	5	505	-56.53200000000001	-288.22020330033	-3000.0	21	14.674	27	8
373	2908270170289938	189995	5	505	-55.56666666666667	-282.5596250825082	-3000.0	25	14.24	27	8
374	2908585457497935	190500	5	505	-57.36	-325.6891326732673	-3000.0	17	13.92	27	8
375	2908874489542129	191014	4	505	-55.63866666666669	-236.23661782178212	-3000.0	12	13.334	26	8
376	2909158497307208	191518	5	504	-56.67333333333333	-269.15719047619046	-3000.0	22	13.116	27	8
377	2909412332036148	192023	5	505	-56.98533333333334	-354.1997570957095	-3000.0	17	11.84	22	8
378	2909670013212015	192528	6	505	-56.972000000000016	-299.520295709571	-3000.0	14	11.738	22	8
379	2909945500778806	193045	6	506	-57.09600000000001	-264.45467193675887	-3000.0	15	12.416	22	8
380	2910205411248955	193554	6	506	-57.25066666666667	-262.87364953886697	-3000.0	14	12.074	20	8
381	2910472803094779	194078	5	506	-55.907999999999994	-264.14626086956514	-3000.0	15	12.534	19	8
382	2910747788822907	194584	5	505	-56.62	-327.2284171617162	-3000.0	12	12.854	20	8
383	2911037840765941	195089	5	505	-55.448	-282.7997544554455	-3000.0	17	12.824	21	8
384	2911311090149028	195597	5	505	-57.15599999999999	-307.02794191419144	-3000.0	10	12.724	21	8
385	2911565013731584	196102	5	505	-56.71333333333333	-279.6404356435643	-3000.0	11	12.598	20	8
386	2911815299923444	196607	5	505	-57.105333333333334	-286.1765623762376	-3000.0	12	12.29	20	8
387	2912069347110808	197112	5	505	-56.59866666666667	-322.20722112211223	-3000.0	10	12.488	20	8
388	2912322672335832	197621	4	505	-56.43599999999999	-257.0214099009901	-3000.0	14	12.268	20	8
389	2912596058455105	198134	5	504	-56.19733333333333	-246.4269761904762	-3000.0	14	12.434	20	8
390	2912849922639334	198640	5	505	-57.048	-342.79800396039604	-3000.0	14	11.984	20	8
391	2913110378990482	199152	5	505	-56.713333333333324	-315.2029280528053	-3000.0	20	12.388	21	8
392	2913391788083100	199660	5	505	-56.50666666666667	-297.78432739273916	-3000.0	13	12.938	22	8
393	2913685096003560	200165	6	505	-56.54533333333333	-333.8956884488449	-3000.0	13	13.078	23	8
394	2913951825196762	200671	6	506	-56.75066666666667	-256.60476152832683	-3000.0	15	12.726	24	8
395	2914217447754355	201191	7	506	-56.75599999999999	-288.0681291172596	-3000.0	16	12.466	25	8
396	2914509002821314	201701	7	507	-57.51599999999999	-271.70928073635764	-3000.0	22	13.212	25	8
397	2914787921511765	202211	6	507	-55.93866666666668	-271.61752531229445	-3000.0	11	13.082	26	8
398	2915048269225076	202719	6	506	-57.12533333333334	-279.11886166007906	-3000.0	10	12.376	25	8
399	2915315693279891	203250	6	506	-56.47466666666668	-246.43597101449274	-3000.0	13	12.508	27	8
400	2915568145168512	203769	6	506	-57.08533333333334	-273.24583135704876	-3000.0	11	11.976	27	8
401	2915801903867303	204275	7	506	-56.46666666666667	-268.5799841897233	-3000.0	11	11.288	28	8
402	2916043412096306	204782	7	507	-56.85466666666666	-293.54294806048654	-3000.0	17	11.41	24	8
403	2916277654682196	205289	7	507	-56.42533333333332	-338.75206837606845	-3000.0	13	11.488	24	8
404	2916520972562118	205810	7	507	-56.306666666666686	-360.3331413543721	-3000.0	11	11.362	25	8
405	2916761061185187	206318	7	507	-56.589333333333336	-281.6647573964497	-3000.0	17	11.21	25	8
406	2917018374208147	206825	10	507	-56.596000000000004	-291.45424063116377	-3000.0	11	11.768	22	8
407	2917262149426535	207353	9	510	-56.11066666666666	-362.6182692810457	-3000.0	14	11.206	22	8
408	2917498909818452	207862	9	509	-57.33866666666667	-310.405425016372	-3000.0	10	11.328	21	8
409	2917738186285928	208371	9	509	-55.835999999999984	-268.1097734119188	-3000.0	16	11.324	19	8
410	2917996845733907	208904	8	509	-56.215999999999994	-283.2927910936477	-3000.0	14	11.772	19	8
411	2918247888871016	209412	8	508	-56.632	-316.5764094488189	-3000.0	15	11.942	19	8
412	2918500945702999	209931	9	508	-56.13333333333332	-285.4840761154855	-3000.0	17	11.528	20	8
413	2918768523224150	210450	8	509	-56.78266666666666	-305.81038637852	-3000.0	14	12.712	19	8
414	2919041935936208	210973	8	508	-56.825333333333326	-256.11803412073493	-3000.0	15	12.798	20	8
415	2919332118017006	211504	8	508	-56.88266666666666	-380.1088031496062	-3000.0	14	13.062	21	8
416	2919618044697249	212012	9	508	-56.648	-301.2596456692914	-3000.0	15	12.926	20	8
417	2919902085098427	212531	9	509	-56.86800000000001	-316.2147531106746	-3000.0	15	13.336	21	8
418	2920192196623072	213057	8	509	-56.65466666666668	-302.1085422396856	-3000.0	12	13.146	21	8
419	2920472159488246	213580	7	508	-56.07599999999999	-332.8660708661418	-3000.0	15	13.302	20	8
420	2920760511087058	214088	9	507	-56.64	-270.8011492439185	-3000.0	18	13.254	21	8
421	2921048014453963	214620	8	509	-56.929333333333325	-331.65146299934514	-3000.0	20	13.058	21	8
422	2921317818879876	215130	9	508	-56.64266666666667	-336.5685800524934	-3000.0	14	13.2	22	8
423	2921605159789973	215652	9	509	-56.46799999999999	-331.24550884086443	-3000.0	19	13.28	22	8
424	2921891056603913	216165	9	509	-56.658666666666676	-207.6620746561886	-3000.0	14	13.614	21	8
425	2922201268249755	216689	7	509	-56.68533333333334	-279.48010216110026	-3000.0	11	13.876	21	8
426	2922465094381069	217198	8	507	-56.70933333333334	-334.1599289940829	-3000.0	15	12.598	21	8
427	2922737186147052	217719	8	508	-56.96933333333333	-322.23095013123356	-3000.0	15	12.444	22	8
428	2923020979738880	218227	8	508	-55.39866666666667	-283.1241811023622	-3000.0	9	13.642	22	8
429	2923304737638434	218737	7	508	-56.63066666666666	-279.6679186351706	-3000.0	15	13.274	22	8
430	2923578026796873	219257	6	507	-56.34266666666667	-247.33726232741617	-3000.0	15	13.528	22	8
431	2923886968067136	219785	6	506	-56.489333333333335	-269.9863478260869	-3000.0	13	13.306	22	8
432	2924173162309764	220291	6	506	-55.65066666666666	-259.1069038208169	-3000.0	15	13.156	20	8
433	2924433932961089	220797	6	506	-56.33999999999999	-279.4865006587615	-3000.0	15	12.712	20	8
434	2924702868320771	221311	6	506	-56.48666666666668	-258.6378339920949	-3000.0	11	12.88	21	8
435	2924929600847438	221828	6	506	-56.132	-256.38040843214753	-3000.0	9	11.908	21	8
436	2925170705603021	222334	6	506	-56.85333333333333	-299.2894571805007	-3000.0	19	11.794	20	8
437	2925411143241677	222840	6	506	-55.111999999999995	-269.4404953886693	-3000.0	13	11.95	20	8
438	2925669108819589	223353	6	506	-55.32533333333332	-291.1574492753623	-3000.0	19	12.694	20	8
439	2925937732165953	223876	5	506	-56.317333333333345	-284.27472727272726	-3000.0	13	12.71	21	8
440	2926196243326074	224387	5	505	-56.711999999999996	-261.0297425742574	-3000.0	20	12.814	21	8
441	2926450957192198	224900	5	505	-56.324000000000005	-231.30080264026404	-3000.0	17	12.746	21	8
442	2926716660824892	225405	6	505	-56.76666666666666	-272.7600686468646	-3000.0	12	12.268	21	8
443	2926955561791458	225911	6	506	-56.6	-282.4695678524374	-3000.0	12	11.714	21	8
444	2927196704100527	226418	6	506	-56.176000000000016	-262.9271594202899	-3000.0	12	11.516	19	8
445	2927447527542767	226948	5	506	-56.59599999999998	-275.14812121212117	-3000.0	10	11.926	20	8
446	2927686130737277	227453	5	505	-57.07999999999999	-241.8116858085809	-3000.0	15	11.978	19	8
447	2927941384340708	227958	5	505	-56.32933333333333	-287.70354851485143	-3000.0	12	12.36	19	8
448	2928210888527466	228481	5	505	-56.974666666666664	-233.7234613861386	-3000.0	12	12.9	20	8
449	2928470878627991	228986	5	505	-56.56666666666667	-222.07165940594055	-3000.0	11	12.71	20	8
450	2928733873827293	229491	5	505	-56.42000000000001	-235.81638811881197	-3000.0	12	13.85	21	8
451	2928997850337281	230000	5	505	-56.036	-267.6591366336633	-3000.0	16	13.514	22	8
452	2929255140939973	230505	5	505	-56.473333333333336	-275.4482640264026	-3000.0	14	13.012	21	8
453	2929518225170569	231010	5	505	-56.84933333333333	-271.41211881188116	-3000.0	22	13.398	22	8
454	2929774674400979	231515	5	505	-56.653333333333336	-256.67760000000004	-3000.0	15	13.03	22	8
455	2930008648719488	232020	5	505	-55.75733333333334	-236.75717227722774	-3000.0	14	12.704	22	8
456	2930251840807077	232529	5	505	-56.894666666666645	-247.80380726072607	-3000.0	14	12.622	22	8
457	2930486546430703	233034	5	505	-56.07200000000001	-232.95639867986802	-3000.0	15	12.524	23	8
458	2930724789642482	233542	5	505	-56.251999999999995	-239.08722640264023	-3000.0	16	12.672	24	8
459	2930969796198627	234060	4	505	-56.49600000000001	-238.15816237623758	-3000.0	12	12.436	25	8
460	2931219827070687	234564	4	504	-56.76666666666667	-252.49900793650792	-3000.0	11	12.554	26	8
461	2931479445100262	235068	4	504	-55.98799999999999	-253.82966402116406	-3000.0	16	13.038	26	8
462	2931742483827698	235582	3	504	-57.34266666666665	-315.39982275132274	-3000.0	13	12.762	26	8
463	2932020427749398	236085	3	503	-56.60533333333335	-239.15445725646126	-3000.0	17	14.262	26	8
464	2932284526127387	236588	3	503	-56.70666666666667	-287.6340941020544	-3000.0	13	13.65	27	8
465	2932552669800807	237105	2	503	-56.07866666666667	-251.90558515573213	-3000.0	14	13.52	28	8
466	2932843329332463	237607	2	502	-56.890666666666675	-210.1891633466135	-3000.0	13	14.552	27	8
467	2933114891274835	238109	3	502	-57.08533333333334	-238.9032802124834	-3000.0	15	13.464	27	8
468	2933371658879024	238612	3	503	-56.653333333333336	-234.07073293571892	-3000.0	19	13.088	26	8
469	2933679867627086	239128	4	503	-56.342666666666666	-271.718844267727	-3000.0	16	14.544	27	8
470	2933956275305364	239632	4	504	-55.421333333333344	-223.4425158730158	-3000.0	13	14.232	27	8
471	2934236360404993	240136	4	504	-56.53466666666668	-272.10002380952386	-3000.0	14	13.898	26	8
472	2934528490357906	240640	4	504	-56.958666666666666	-291.5206375661375	-3000.0	11	14.04	27	8
473	2934770676855777	241144	4	504	-56.28533333333334	-198.3747063492064	-3000.0	19	12.832	26	8
474	2935041564390850	241648	4	504	-56.26666666666666	-268.88019576719586	-3000.0	21	13.638	26	8
475	2935304486229939	242152	4	504	-56.50266666666667	-246.2852301587302	-3000.0	11	13.7	27	8
476	2935618195070107	242665	3	504	-54.858666666666664	-218.7643544973544	-3000.0	21	15.018	27	8
477	2935919106529339	243168	3	503	-56.341333333333324	-234.0530603048377	-3000.0	19	15.39	28	8
478	2936238294301974	243673	3	503	-56.885333333333335	-250.4997693836978	-3000.0	14	15.52	28	8
479	2936539531838662	244176	3	503	-56.30666666666667	-201.08544731610343	-3000.0	21	14.992	28	8
480	2936866999413741	244688	3	503	-56.027999999999984	-281.8037349237906	-3000.0	17	15.966	29	8
481	2937194514095875	245191	3	503	-56.526666666666664	-259.99311066931733	-3000.0	22	16.264	28	8
482	2937563528708512	245696	3	503	-56.364	-223.1738555334659	-3000.0	19	16.608	27	8
483	2937911816480911	246205	3	503	-56.510666666666665	-230.7609145129225	-3000.0	16	16.632	27	8
484	2938232472286550	246708	3	503	-56.80266666666667	-308.80114777998676	-3000.0	15	16.068	27	8
485	2938568503597596	247211	3	503	-56.51200000000001	-235.87216434724988	-3000.0	17	16.462	26	9
486	2938899634864607	247714	3	503	-56.70666666666666	-232.5697601060306	-3000.0	15	16.19	27	9
487	2939215394932718	248217	3	503	-56.85999999999999	-261.6721749502983	-3000.0	19	15.096	27	8
488	2939539477888659	248723	3	503	-56.130666666666656	-276.35236580516886	-3000.0	13	15.63	25	8
489	2939838857763952	249226	3	503	-56.37866666666666	-223.39485222001326	-3000.0	17	15.17	26	8
490	2940154396309843	249730	3	503	-56.992	-320.21189131875434	-3000.0	14	14.544	27	9
491	2940439487708068	250233	3	503	-56.88666666666667	-309.86923260437374	-3000.0	17	14.144	24	8
492	2940689556979422	250736	3	503	-56.304	-255.0306560636184	-3000.0	18	13.098	24	8
493	2940943969001920	251239	3	503	-56.742666666666665	-216.66101259112003	-3000.0	11	12.662	24	8
494	2941202374654493	251750	2	503	-56.70133333333333	-254.15330682571246	-3000.0	12	13.082	21	8
495	2941452833924636	252252	2	502	-56.656000000000006	-259.25386985391765	-3000.0	14	13.026	21	8
496	2941693540163482	252754	2	502	-56.169333333333334	-246.93312350597603	-3000.0	11	12.984	19	8
497	2941943612589344	253256	2	502	-56.846666666666664	-281.030005312085	-3000.0	14	13.122	20	8
498	2942198391202548	253758	2	502	-56.197333333333326	-251.78307569721113	-3000.0	14	13.116	20	8
499	2942438340414142	254260	2	502	-56.441333333333326	-245.17449402390443	-3000.0	15	13.122	19	8
