alpha = 0.15
gamma = 1.0
lambda = 0.6
epsilon = 0.3
randomSeed = 777
GREAT!
Xover: 4
---- Evolution parameters ----
Folder name:          NMSarsa_ActorCriticPendulum/run_3036074559691281
Random seed:          777
GREAT activated:      true
Max iterations:       500
Population size:      500
GREAT initialization  true
Speciation threshold: 0.15
Species min size:     15
Tournament size:      3
Crossover rate:       0.2
Mutation rate:        0.8
Crossovers:
	AligningCrossover_v4(0.15)
Mutations:
	AddGeneMutation(maxSize=2147483647, prob=0.33)
	DeleteGeneMutation(minSize=8, prob=0.33)
	ChangeGeneMutation(prob=0.33)
------------------------------

---- Starting evolution ----
IT	Nanotime	#Eval	#Species	PopSize	Best	Avg	Worst	Best GRN Size	Avg GRN size	Max GRN size	Min GRN size
0	3037110353989099	997	1	499	192.26772707154808	-629.295815781283	-917.6885927617437	13	10.248	16	8
1	3037555231708340	1508	3	501	267.21576148987634	-426.9875227119298	-917.62751723226	12	10.682	17	8
2	3038020262828471	2020	3	503	291.16045543575035	-152.5341330178054	-934.3815462941963	12	9.994	15	8
3	3038488225276277	2533	4	503	294.41532302831735	-21.085164658765507	-911.2726165916794	12	10.36	16	8
4	3039215661552501	3274	4	727	311.41748700023174	55.55354164902952	-920.2096655966858	10	13.826	15	8
5	3040022376765849	3782	3	503	307.9259811101897	173.56873885743693	-910.6090590459098	9	11.594	16	8
6	3040940424078289	4287	3	503	310.136900820093	172.45907225967247	-908.6111498716247	9	11.188	16	8
7	3042050671529712	4793	3	503	314.40034525638805	157.59312747339288	-946.1025268670014	9	11.01	17	8
8	3043571291477676	5296	3	503	314.77630189434785	168.49110849594533	-912.6688575345563	9	10.57	17	8
9	3045731115819543	5799	5	503	314.12023529713554	177.6811422375873	-917.5925995914808	10	10.24	18	8
10	3049347737243183	6308	5	505	313.4219395178306	212.0100215885945	-920.708458772943	11	10.462	18	8
11	3054766190397581	6819	5	505	317.0496815245726	199.9277880868921	-914.3430607429158	13	10.318	17	8
12	3060890219001234	7330	6	505	318.2752234965699	208.46256200825647	-911.188178640043	12	10.792	17	8
13	3067167586275006	7836	6	506	318.80520896450645	200.2896348714985	-943.5839528199848	10	10.704	18	8
14	3074374464310733	8344	6	506	325.7119880850931	221.6097814926369	-953.9091863971388	11	11.234	18	8
15	3082806988280822	8853	6	506	326.33720237196036	223.197182310097	-936.3573194868495	10	11.692	19	8
16	3092197837189905	9363	6	506	342.79482944764067	260.59733530076704	-908.8076785215569	15	11.836	19	8
