alpha = 0.15
gamma = 1.0
lambda = 0.6
epsilon = 0.3
randomSeed = 1414
GREAT!
Xover: 4
---- Evolution parameters ----
Folder name:          NMSarsa_PuddleWorld/run_3027640917523253
Random seed:          1414
GREAT activated:      true
Max iterations:       500
Population size:      500
GREAT initialization  true
Speciation threshold: 0.15
Species min size:     15
Tournament size:      3
Crossover rate:       0.2
Mutation rate:        0.8
Crossovers:
	AligningCrossover_v4(0.15)
Mutations:
	AddGeneMutation(maxSize=2147483647, prob=0.33)
	DeleteGeneMutation(minSize=8, prob=0.33)
	ChangeGeneMutation(prob=0.33)
------------------------------

---- Starting evolution ----
IT	Nanotime	#Eval	#Species	PopSize	Best	Avg	Worst	Best GRN Size	Avg GRN size	Max GRN size	Min GRN size
0	3031116477271506	997	1	499	370.76799999999804	-33.62394589178405	-50.100000000000406	9	9.216	13	8
1	3032537212816579	1510	3	501	377.64999999999776	5.1758922155683385	-50.100000000000406	12	9.544	13	8
2	3037492556102648	2154	1	635	434.7879999999974	194.92106456692835	-50.100000000000406	13	13.842	14	8
3	3042740039441125	2655	1	501	532.3309999999959	240.7109960079831	-50.100000000000406	12	11.264	15	8
4	3048622010659929	3156	1	501	641.0839999999948	254.01673652694495	-50.100000000000406	12	11.518	15	8
5	3055915729377614	3662	1	501	593.8969999999953	280.4777904191603	-50.100000000000406	11	11.642	15	8
6	3064609480784983	4170	3	501	573.5089999999955	316.5072295409166	-50.100000000000406	11	11.724	16	8
7	3073642548726446	4687	3	503	606.5759999999951	324.37941351888475	-50.100000000000406	12	11.444	17	8
8	3083257131221108	5190	4	503	593.3919999999953	354.9223578528806	-50.100000000000406	11	11.71	17	8
9	3093583666945525	5694	4	504	630.970999999995	395.4004662698388	-50.100000000000406	12	11.984	18	8
