alpha = 0.15
gamma = 1.0
lambda = 0.6
epsilon = 0.3
randomSeed = 444
GREAT!
Xover: 4
---- Evolution parameters ----
Folder name:          NMSarsa_ActorCriticPendulum/run_3036074598014860
Random seed:          444
GREAT activated:      true
Max iterations:       500
Population size:      500
GREAT initialization  true
Speciation threshold: 0.15
Species min size:     15
Tournament size:      3
Crossover rate:       0.2
Mutation rate:        0.8
Crossovers:
	AligningCrossover_v4(0.15)
Mutations:
	AddGeneMutation(maxSize=2147483647, prob=0.33)
	DeleteGeneMutation(minSize=8, prob=0.33)
	ChangeGeneMutation(prob=0.33)
------------------------------

---- Starting evolution ----
IT	Nanotime	#Eval	#Species	PopSize	Best	Avg	Worst	Best GRN Size	Avg GRN size	Max GRN size	Min GRN size
0	3037113840050230	997	1	499	301.25377317804174	135.442501712839	-906.0703250959392	9	9.144	13	8
1	3037637793160084	1498	3	501	325.8584256816107	156.13029346458316	-909.3123393428559	8	9.354	13	8
2	3039028234440477	2093	4	595	328.8487624707369	156.06367172441713	-903.9715907671601	8	10.944	14	8
3	3040471719960196	2605	4	504	328.03148651168294	190.5887818929486	-956.5826235820122	8	9.822	15	8
4	3044629459389443	3113	5	504	340.0165196579475	201.47635830545204	-910.383414144145	11	9.392	16	8
5	3050988613599348	3618	6	505	349.4272264010687	197.4739782737216	-912.9918329239248	10	9.376	15	8
6	3058260161969206	4124	6	506	351.6198663371695	226.14677313200508	-917.4007612093131	10	9.708	16	8
7	3067653724401342	4646	6	506	355.30578562971436	242.20601460589114	-911.810457040548	13	9.72	15	8
8	3077127813065624	5152	6	506	358.7947260376007	239.7174938924011	-914.3099770397499	12	10.016	15	8
9	3087547806183815	5660	6	506	368.46342739271955	259.1505275915758	-944.0637788589191	13	10.318	16	8
10	3097952575977973	6166	6	506	380.4142512154262	242.14809769419386	-928.5160300830453	12	10.198	17	8
