alpha = 0.15
gamma = 1.0
lambda = 0.6
epsilon = 0.3
randomSeed = 999
GREAT!
Xover: 4
---- Evolution parameters ----
Folder name:          NMSarsa_Maze/run_2784148536548381
Random seed:          999
GREAT activated:      true
Max iterations:       500
Population size:      500
GREAT initialization  true
Speciation threshold: 0.15
Species min size:     15
Tournament size:      3
Crossover rate:       0.2
Mutation rate:        0.8
Crossovers:
	AligningCrossover_v4(0.15)
Mutations:
	AddGeneMutation(maxSize=2147483647, prob=0.33)
	DeleteGeneMutation(minSize=8, prob=0.33)
	ChangeGeneMutation(prob=0.33)
------------------------------

---- Starting evolution ----
IT	Nanotime	#Eval	#Species	PopSize	Best	Avg	Worst	Best GRN Size	Avg GRN size	Max GRN size	Min GRN size
0	2784723249558278	997	1	499	-190.8	-2596.65063460254	-3000.0	8	9.52	14	8
1	2785051025349181	1498	1	501	-189.36666666666667	-2385.8897538256842	-3000.0	8	10.11	15	8
2	2785352550545406	2028	2	501	-120.23333333333333	-2147.803792415169	-3000.0	8	10.162	15	8
3	2785603177613252	2539	3	502	-112.0	-1925.5583665338647	-3000.0	9	9.402	15	8
4	2785789307839310	3065	5	503	-101.1	-1524.6568111332003	-3000.0	8	9.068	14	8
5	2785921337094543	3575	6	505	-100.1	-1117.0466455445546	-3000.0	10	9.368	14	8
6	2786037997070374	4099	7	506	-101.43333333333334	-921.4130909090911	-3000.0	9	9.726	15	8
7	2786126121577821	4619	7	507	-100.16666666666667	-690.62380539119	-3000.0	11	9.848	15	8
8	2786212548031964	5139	9	507	-99.1	-588.1922445759368	-3000.0	10	9.8	15	8
9	2786287336573754	5677	9	509	-98.848	-485.31331761624097	-3000.0	10	9.66	16	8
10	2786355983281579	6202	8	509	-82.41733333333333	-469.6336843483955	-3000.0	9	10.174	16	8
11	2786417080835128	6715	8	508	-87.30266666666667	-371.38510236220463	-3000.0	9	10.338	17	8
12	2786474195718627	7255	8	508	-84.26533333333333	-349.264220472441	-3000.0	8	10.05	15	8
13	2786558345097842	7785	10	508	-84.14666666666665	-378.77392913385825	-3000.0	10	10.352	16	8
14	2786650695628072	8342	9	510	-83.08	-403.76882875816995	-3000.0	10	10.46	15	8
15	2786737218148735	8892	9	509	-82.54	-422.7798271119843	-3000.0	10	9.898	15	8
16	2786815188434531	9413	10	509	-83.272	-376.8091866404715	-3000.0	10	10.1	14	8
17	2786908995729361	9927	10	510	-80.68266666666666	-342.12986405228753	-3000.0	11	10.014	15	8
18	2786999762120908	10453	10	510	-81.37733333333333	-364.0504078431372	-3000.0	10	10.238	16	8
19	2787088508219537	10985	8	510	-80.19333333333334	-316.6274954248366	-3000.0	10	9.966	15	8
20	2787189157756830	11512	9	508	-79.71066666666668	-248.84053280839888	-3000.0	10	10.408	17	8
21	2787345768881325	12032	10	509	-79.88800000000002	-312.6239318925999	-3000.0	9	10.566	18	8
22	2787500765037318	12545	12	510	-78.91466666666668	-270.7315764705882	-3000.0	10	10.226	17	8
23	2787682686531450	13083	9	512	-78.21199999999999	-343.8958984375001	-3000.0	11	10.738	18	8
24	2787861226085549	13597	10	509	-77.76400000000001	-295.99615717092337	-3000.0	10	10.584	19	8
25	2788055570831250	14121	9	510	-71.83066666666667	-307.9901490196079	-3000.0	10	10.592	19	8
26	2788259605716693	14639	10	509	-68.47066666666666	-248.8482960052391	-3000.0	9	10.77	20	8
27	2788465683947253	15154	11	510	-73.88266666666665	-254.73777777777778	-3000.0	16	10.596	20	8
28	2788698152867828	15667	11	511	-74.84400000000002	-260.0034938030006	-3000.0	16	10.716	20	8
29	2788968532645360	16227	10	511	-74.94	-236.17918330071748	-3000.0	16	10.764	20	8
30	2789215474977030	16750	10	510	-71.81466666666667	-259.40209934640524	-3000.0	12	10.994	21	8
31	2789438508181334	17290	10	510	-73.348	-299.58746928104574	-3000.0	12	10.38	20	8
32	2789716223468756	17807	10	510	-69.53733333333332	-274.5392705882353	-3000.0	17	11.808	21	8
33	2789980525263727	18327	10	510	-70.876	-212.919016993464	-3000.0	16	11.398	21	8
34	2790262410317132	18851	9	510	-70.58933333333333	-241.0841647058824	-3000.0	16	11.716	19	8
35	2790537672229520	19362	10	509	-70.18133333333336	-245.70836935166994	-3000.0	16	12.22	20	8
36	2790801169815631	19872	10	510	-69.93333333333334	-237.70345882352942	-3000.0	17	11.634	20	8
37	2791099577573442	20400	9	510	-70.36533333333333	-222.91771764705882	-3000.0	15	12.438	20	8
38	2791398425803752	20909	9	509	-69.09733333333332	-199.26085658153244	-3000.0	16	12.904	20	8
39	2791692309651397	21426	8	509	-67.676	-275.386554027505	-3000.0	9	12.838	20	8
40	2792008727406622	21957	8	508	-69.05199999999998	-203.15219160104988	-3000.0	8	13.11	21	8
41	2792301302787315	22465	8	508	-69.19066666666667	-234.8823595800525	-3000.0	10	12.214	22	8
42	2792604487435964	22973	8	508	-68.80666666666666	-256.3930157480315	-3000.0	16	12.924	22	8
43	2792941766362663	23481	8	508	-67.02400000000002	-297.34602887139107	-3000.0	16	13.444	22	8
44	2793254741756710	23996	8	508	-68.60533333333332	-261.18753280839894	-3000.0	8	12.994	22	8
45	2793566866957192	24504	8	508	-67.95733333333334	-252.1189475065617	-3000.0	18	12.822	22	8
46	2793895398575016	25023	7	508	-67.74533333333333	-269.43037270341216	-3000.0	11	12.566	23	8
47	2794230273460517	25554	6	507	-67.63999999999999	-255.7214858645628	-3000.0	21	13.548	23	8
48	2794577588191131	26060	6	506	-68.36133333333333	-324.1700500658761	-3000.0	20	13.604	24	8
49	2794861489823903	26568	6	506	-67.068	-340.7411040843214	-3000.0	11	12.092	25	8
50	2795221313385050	27078	6	506	-65.75866666666666	-267.6854044795784	-3000.0	11	13.864	26	8
51	2795502344400800	27586	6	506	-64.63066666666667	-219.3234729907773	-3000.0	11	12.3	26	8
52	2795860212987795	28111	6	506	-65.76266666666666	-257.8091515151516	-3000.0	9	14.324	27	8
53	2796178900003763	28617	6	506	-66.42000000000002	-223.05407114624506	-3000.0	10	13.216	26	8
54	2796518171080391	29123	6	506	-65.60799999999999	-275.6984110671938	-3000.0	22	13.53	27	8
55	2796887420798519	29629	6	506	-63.05733333333332	-231.969604743083	-3000.0	10	14.716	27	8
56	2797237458891355	30136	6	506	-64.66	-266.09805270092227	-3000.0	11	14.516	28	8
57	2797564856146965	30642	6	506	-62.92666666666668	-238.33521739130435	-3000.0	9	13.886	28	8
58	2797913934746005	31148	6	506	-65.12133333333333	-251.56750988142286	-3000.0	24	14.73	26	8
59	2798223955781073	31665	6	506	-63.06133333333335	-278.239372859025	-3000.0	9	13.002	26	8
60	2798565608141892	32178	6	506	-63.90533333333333	-266.42063768115946	-3000.0	9	14.004	27	8
61	2798886131069230	32685	6	506	-62.92	-222.19459288537544	-3000.0	8	13.196	28	8
62	2799225283931809	33192	6	506	-65.52266666666665	-265.577093544137	-3000.0	10	14.332	27	8
63	2799570053064134	33699	6	506	-62.988	-259.3311963109354	-3000.0	9	14.17	27	8
64	2799915769447860	34205	6	506	-64.23333333333333	-259.3499472990777	-3000.0	10	13.842	28	8
65	2800233085212583	34711	6	506	-63.98933333333334	-218.8117312252964	-3000.0	12	13.432	28	8
66	2800550410681323	35225	5	506	-63.46400000000001	-205.9150566534914	-3000.0	11	12.942	29	8
67	2800906517845095	35738	5	505	-62.642666666666685	-219.16067062706264	-3000.0	9	14.024	30	8
68	2801257767936772	36260	5	505	-62.94400000000002	-283.6059907590759	-3000.0	14	13.38	29	8
69	2801616061413206	36775	6	505	-63.78533333333333	-236.0503815181518	-3000.0	10	14.366	30	8
70	2801964232877707	37293	6	506	-63.31866666666666	-255.8855388669302	-3000.0	15	14.392	30	8
71	2802340817158011	37799	6	506	-62.68133333333331	-198.57530171277998	-3000.0	13	15.436	31	8
72	2802685540335070	38308	7	506	-62.78933333333333	-207.59114624505932	-3000.0	10	14.968	31	8
73	2803046001261023	38826	7	507	-62.61466666666668	-233.5375857988166	-3000.0	11	15.126	31	8
74	2803387727699829	39333	7	507	-61.437333333333335	-247.36474161735697	-3000.0	14	13.756	32	8
75	2803724555478205	39840	7	507	-62.109333333333325	-294.6051019066405	-3000.0	11	14.564	32	8
76	2804061839119899	40350	7	507	-62.95866666666668	-226.68130440499678	-3000.0	10	14.278	32	8
77	2804379835808834	40857	7	507	-62.19066666666669	-220.85736489151873	-3000.0	14	12.928	31	8
78	2804690579668313	41364	7	507	-61.84399999999999	-246.17949243918468	-3000.0	13	12.808	32	8
79	2805052846113649	41871	7	507	-62.505333333333326	-215.49346219592368	-3000.0	9	14.99	33	8
80	2805354752711842	42378	7	507	-61.776	-231.12164365548983	-3000.0	9	12.382	28	8
81	2805665685591169	42885	7	507	-61.8	-278.2027744904668	-3000.0	9	12.654	29	8
82	2805948363578240	43392	7	507	-62.70400000000001	-280.5121314924391	-3000.0	12	12.39	28	8
83	2806249146969961	43913	6	507	-62.34800000000001	-299.2585325443786	-3000.0	19	12.566	29	8
84	2806523607314597	44419	6	506	-62.17733333333333	-236.5715757575758	-3000.0	9	12.268	27	8
85	2806805850292026	44938	5	506	-61.565333333333335	-251.4566640316206	-3000.0	20	12.152	25	8
86	2807094522592360	45443	5	505	-62.473333333333315	-242.08140462046205	-3000.0	10	12.922	25	8
87	2807410179462785	45949	5	505	-61.58533333333334	-272.71569636963693	-3000.0	9	13.41	26	8
88	2807764432699601	46454	5	505	-61.67733333333333	-264.8477201320133	-3000.0	11	14.292	26	8
89	2808060106169253	46962	5	505	-61.29599999999999	-199.27945874587462	-3000.0	25	12.648	26	8
90	2808366568022915	47473	5	505	-61.250666666666675	-271.9260937293729	-3000.0	24	13.082	27	8
91	2808662366818342	47985	4	505	-61.025333333333336	-265.228097689769	-3000.0	25	12.726	27	8
92	2808995523297117	48489	4	504	-60.705333333333336	-262.0178439153439	-3000.0	9	13.968	27	8
93	2809296369580844	48993	4	504	-59.29466666666667	-307.39994444444443	-3000.0	23	12.782	27	8
94	2809658160099597	49503	4	504	-60.412	-295.6259656084656	-3000.0	26	14.904	28	8
95	2810025107199730	50007	5	504	-59.42666666666666	-282.08235449735446	-3000.0	24	14.872	27	8
96	2810334930700504	50512	5	505	-60.69733333333333	-235.10279867986793	-3000.0	26	13.03	27	8
97	2810661595774534	51025	5	505	-59.86	-262.620205940594	-3000.0	26	13.35	28	8
98	2810997353672783	51535	6	505	-60.66666666666667	-245.29742310231018	-3000.0	24	14.25	29	8
99	2811331583966078	52041	6	506	-59.68933333333334	-271.8926007905139	-3000.0	23	13.598	29	8
100	2811646313736835	52554	6	506	-59.554666666666684	-246.2487114624506	-3000.0	23	13.502	29	8
101	2812017930664376	53073	5	506	-59.621333333333325	-258.0114123847167	-3000.0	27	15.038	30	8
102	2812389469352834	53582	5	505	-59.61600000000001	-276.338790759076	-3000.0	26	14.296	30	8
103	2812732324040628	54091	5	505	-59.944	-269.1790495049505	-3000.0	11	14.336	31	8
104	2813085009535463	54597	5	505	-59.749333333333304	-221.095801980198	-3000.0	23	14.858	31	8
105	2813418567974375	55107	5	505	-59.05600000000001	-217.35705874587458	-3000.0	24	14.086	32	8
106	2813776597083483	55612	5	505	-60.26	-242.58401848184815	-3000.0	24	14.218	31	8
107	2814122503488670	56117	5	505	-60.69999999999999	-277.5760290429043	-3000.0	31	14.596	31	8
108	2814431633749433	56622	5	505	-61.074666666666666	-244.4892356435643	-3000.0	24	13.31	32	8
109	2814821041350823	57127	5	505	-59.825333333333326	-266.5198627062706	-3000.0	23	15.462	32	8
110	2815130506044317	57632	6	505	-59.592	-267.32106138613864	-3000.0	25	13.156	33	8
111	2815458710809310	58138	7	506	-60.308	-251.63809749670625	-3000.0	28	14.058	34	8
112	2815783558437617	58645	7	507	-60.17866666666665	-204.427489809336	-3000.0	28	13.184	34	8
113	2816131480023800	59152	7	507	-59.462666666666664	-243.33327021696252	-3000.0	29	13.932	35	8
114	2816414797245565	59666	7	507	-59.48666666666666	-235.1036791584484	-3000.0	28	13.078	34	8
115	2816727263720861	60173	7	507	-60.04666666666667	-232.12705062458912	-3000.0	24	13.156	31	8
116	2817045066998121	60680	7	507	-60.33599999999999	-191.5848257725181	-3000.0	25	13.856	32	8
117	2817379110770802	61187	7	507	-60.830666666666666	-276.4132255095332	-3000.0	27	13.244	33	8
118	2817681819205154	61694	7	507	-60.41866666666666	-234.8439894806048	-3000.0	23	13.216	31	8
119	2817949473901091	62210	7	507	-61.56800000000002	-266.1179592373438	-3000.0	27	11.806	30	8
120	2818255149151677	62717	7	507	-59.99333333333334	-236.7711873767259	-3000.0	29	12.534	31	8
121	2818580760786916	63224	7	507	-60.1	-300.0093990795529	-3000.0	29	12.86	32	8
122	2818926321748641	63744	6	507	-60.24533333333335	-234.38553583168962	-3000.0	30	14.018	33	8
123	2819249984989831	64250	6	506	-60.15733333333333	-296.6393544137023	-3000.0	29	13.482	33	8
124	2819576249364863	64756	6	506	-60.412	-218.8454492753623	-3000.0	30	13.654	33	8
125	2819872199851405	65262	6	506	-60.58533333333333	-227.1097628458498	-3000.0	30	12.776	33	8
126	2820196590050245	65768	6	506	-59.870666666666665	-265.0239789196311	-3000.0	30	13.526	33	8
127	2820490318696373	66287	5	506	-60.279999999999994	-244.93887220026355	-3000.0	30	12.456	33	8
128	2820844656698950	66792	5	505	-60.76533333333334	-260.82567392739276	-3000.0	32	14.582	33	8
129	2821165686102975	67297	5	505	-60.01333333333334	-235.45921056105607	-3000.0	31	13.414	33	8
130	2821503734113213	67802	5	505	-59.19866666666667	-242.50499273927383	-3000.0	27	13.924	33	8
131	2821879437491879	68307	5	505	-59.912000000000006	-182.0398600660066	-3000.0	29	14.714	34	8
132	2822220777078100	68812	5	505	-59.52133333333334	-214.72153135313536	-3000.0	32	13.984	35	8
133	2822536909690097	69317	5	505	-60.99333333333333	-212.68634455445545	-3000.0	31	13.242	35	8
134	2822856051202476	69822	5	505	-60.78533333333335	-244.52162904290424	-3000.0	32	13.446	35	8
135	2823204810773896	70327	5	505	-60.33600000000001	-229.95770825082505	-3000.0	27	14.366	34	8
136	2823551950729220	70832	5	505	-60.53733333333334	-242.6378825082508	-3000.0	32	13.686	35	8
137	2823898224326319	71337	5	505	-60.930666666666674	-316.6868831683168	-3000.0	31	13.632	35	8
138	2824262168560371	71842	5	505	-58.79199999999999	-234.50829570957094	-3000.0	32	14.896	34	8
139	2824574537561577	72347	5	505	-60.46266666666667	-248.96384158415836	-3000.0	32	13.466	35	8
140	2824866250892776	72861	5	505	-60.23733333333334	-261.9599023102309	-3000.0	32	12.47	35	8
141	2825217006416851	73366	5	505	-60.88000000000001	-208.96828250825084	-3000.0	13	14.05	36	8
142	2825530684865844	73871	5	505	-60.69466666666666	-285.85670231023096	-3000.0	33	13.28	34	8
143	2825872993005104	74376	5	505	-59.81333333333334	-225.5719287128713	-3000.0	29	13.836	35	8
144	2826226324046755	74881	5	505	-60.56266666666667	-242.10936765676564	-3000.0	31	14.596	35	8
145	2826589930452109	75386	5	505	-60.649333333333324	-219.49189174917487	-3000.0	30	14.306	35	8
146	2826915728261891	75891	5	505	-60.76533333333334	-285.39494917491754	-3000.0	33	13.276	35	8
147	2827234156688695	76396	5	505	-61.030666666666676	-209.80828250825084	-3000.0	30	13.356	36	8
148	2827594721924001	76901	5	505	-60.31733333333334	-267.9941438943895	-3000.0	34	14.336	35	8
149	2827950947970785	77406	5	505	-60.54933333333334	-234.0493940594059	-3000.0	30	14.702	35	8
150	2828306304931675	77911	5	505	-61.10266666666667	-281.49951419141905	-3000.0	30	14.402	35	8
151	2828677288520224	78416	5	505	-59.67333333333333	-241.4315247524753	-3000.0	31	14.926	35	8
152	2829002088292223	78921	5	505	-59.42266666666667	-260.10058613861383	-3000.0	33	13.502	35	8
153	2829331368510282	79426	5	505	-60.389333333333326	-268.50831419141923	-3000.0	27	13.8	36	8
154	2829651698171368	79931	5	505	-59.12133333333334	-276.44860990099016	-3000.0	34	13.012	34	8
155	2830000746316719	80436	5	505	-60.12266666666667	-242.9321293729374	-3000.0	26	14.08	35	8
156	2830350250834204	80941	5	505	-60.49333333333333	-214.05535313531342	-3000.0	27	15.016	35	8
157	2830746917615738	81457	4	505	-59.36266666666666	-251.5350917491749	-3000.0	32	15.516	35	8
158	2831077483103207	81961	4	504	-60.03466666666665	-263.4326904761905	-3000.0	30	13.864	36	8
159	2831414954351239	82465	4	504	-60.85599999999999	-249.26157142857141	-3000.0	28	14.116	36	8
160	2831738972660151	82969	4	504	-59.852	-215.58652645502647	-3000.0	26	13.834	36	8
161	2832080105410292	83473	4	504	-60.13333333333333	-284.35735449735444	-3000.0	27	13.898	37	8
162	2832476787260022	83977	4	504	-59.70666666666667	-185.2768068783069	-3000.0	26	15.262	38	8
163	2832848474021917	84481	4	504	-60.28133333333331	-247.94466666666654	-3000.0	33	14.9	39	8
164	2833251189312437	84985	4	504	-60.175999999999995	-255.00370105820096	-3000.0	27	16.164	40	8
165	2833617394915733	85489	4	504	-59.69066666666667	-262.0326455026455	-3000.0	26	15.166	38	8
166	2833962562588493	85993	4	504	-59.458666666666666	-259.30308201058193	-3000.0	33	14.312	38	8
167	2834273697569207	86497	4	504	-60.66799999999999	-319.1361005291005	-3000.0	24	13.464	35	8
168	2834584237959184	87001	4	504	-59.71733333333333	-243.93057671957678	-3000.0	28	13.26	35	8
169	2834959126191739	87505	4	504	-59.24000000000001	-221.00705555555564	-3000.0	32	14.83	35	8
170	2835287966024946	88009	4	504	-60.97333333333333	-240.42933597883598	-3000.0	34	13.574	35	8
171	2835619522795993	88513	4	504	-60.63866666666666	-272.19623015873015	-3000.0	29	13.662	34	8
172	2836007457440004	89020	3	504	-59.841333333333324	-261.6351613756614	-3000.0	28	15.318	35	8
173	2836384929940823	89523	3	503	-59.86800000000001	-272.1110748840291	-3000.0	33	15.172	35	8
174	2836829737819427	90026	3	503	-60.49200000000002	-209.23587011265735	-3000.0	19	17.356	36	8
175	2837212714481922	90529	3	503	-60.91866666666666	-221.03405168986077	-3000.0	33	15.636	36	8
176	2837583351016191	91032	3	503	-60.349333333333334	-261.6503883366468	-3000.0	34	14.89	36	8
177	2837997773455629	91535	3	503	-60.34933333333333	-253.56139165009947	-3000.0	34	16.16	36	8
178	2838382927728389	92038	3	503	-60.124	-243.21289860834992	-3000.0	30	15.396	36	8
179	2838779865221731	92541	3	503	-59.15200000000001	-201.73363817097413	-3000.0	31	15.378	37	8
180	2839168301175980	93044	3	503	-60.237333333333346	-200.78362359178266	-3000.0	33	15.708	37	8
181	2839650541533736	93547	3	503	-60.334666666666664	-210.6176196156395	-3000.0	33	17.098	38	8
182	2840045465564223	94050	3	503	-60.12666666666667	-205.8907276341948	-3000.0	31	15.41	38	8
183	2840585008513115	94553	3	503	-59.07866666666665	-259.4535029821073	-3000.0	29	18.752	39	8
184	2841016500657048	95056	3	503	-58.346666666666664	-259.7681935056329	-3000.0	35	16.496	39	8
185	2841413146944132	95559	3	503	-58.37200000000001	-203.79027435387667	-3000.0	29	15.416	39	8
186	2841872874079789	96062	3	503	-58.748000000000005	-220.14290258449293	-3000.0	29	17.046	38	8
187	2842369202787058	96565	3	503	-60.08133333333333	-215.48122730284962	-3000.0	32	17.692	38	8
188	2842774867356640	97068	3	503	-59.34000000000001	-237.07087607687214	-3000.0	35	15.644	38	8
189	2843194513059065	97571	3	503	-60.556	-195.479268389662	-3000.0	34	15.918	38	8
190	2843675655125842	98074	3	503	-60.335999999999984	-234.70578661365144	-3000.0	31	17.688	38	8
191	2844163540280003	98577	3	503	-59.809333333333335	-260.0281563949635	-3000.0	37	18.428	39	8
192	2844581687791651	99080	3	503	-60.4813333333333	-239.14326308813793	-3000.0	36	16.086	39	8
193	2845037239479538	99583	3	503	-59.75200000000002	-287.3098369781311	-3000.0	32	17.186	39	8
194	2845465716604342	100086	3	503	-59.62666666666666	-216.69919151756136	-3000.0	37	16.12	40	8
195	2845917967363598	100589	3	503	-60.23866666666665	-181.85256991385012	-3000.0	29	16.902	41	8
196	2846378189721836	101092	3	503	-59.111999999999995	-225.0566149768059	-3000.0	36	17.55	40	8
197	2846884403417690	101595	3	503	-59.47599999999999	-227.2545261762758	-3000.0	34	18.384	40	8
198	2847378977737599	102098	3	503	-59.65999999999998	-261.50253943008624	-3000.0	32	18.598	39	8
199	2847794249894076	102601	3	503	-60.01066666666667	-211.1899324055666	-3000.0	37	16.646	39	8
200	2848219744074198	103104	3	503	-60.14800000000001	-227.14278595096096	-3000.0	36	16.214	38	9
201	2848685749493470	103607	3	503	-59.40800000000001	-243.74287607687208	-3000.0	32	17.22	39	8
202	2849090956523649	104110	3	503	-60.35999999999999	-226.46924320742224	-3000.0	37	16.254	40	8
203	2849578660940749	104613	3	503	-59.14933333333333	-226.91201325381044	-3000.0	32	17.44	41	8
204	2850097263410201	105116	3	503	-59.229333333333344	-295.06645195493695	-3000.0	37	18.762	41	8
205	2850482779145116	105619	3	503	-59.79866666666667	-252.2221709741551	-3000.0	33	15.678	41	8
206	2850863219921972	106122	3	503	-60.643999999999984	-208.04834459907215	-3000.0	12	14.884	41	8
207	2851326546150442	106625	3	503	-60.24666666666666	-200.16123790589808	-3000.0	35	17.854	41	8
208	2851838905362365	107128	3	503	-59.23599999999998	-254.8251212723657	-3000.0	38	19.64	40	9
209	2852400968323490	107631	3	503	-59.45599999999999	-222.14472630881383	-3000.0	34	19.732	40	8
210	2852894376546078	108134	3	503	-60.08399999999999	-241.62958250497016	-3000.0	39	17.552	41	8
211	2853387037270546	108637	3	503	-60.63466666666666	-209.0950934393638	-3000.0	35	18.662	42	8
212	2853853406736803	109140	3	503	-60.704000000000015	-216.5455453943008	-3000.0	34	17.396	41	8
213	2854354765134514	109643	3	503	-59.44533333333334	-270.44640424121945	-3000.0	32	18.318	41	8
214	2854890542220033	110146	3	503	-60.47466666666667	-261.31235785288266	-3000.0	37	19.668	40	8
215	2855386482760005	110649	3	503	-60.56266666666666	-209.25388734261094	-3000.0	33	18.376	40	8
216	2855854063238277	111152	3	503	-59.63066666666664	-213.78649436713062	-3000.0	12	17.59	40	8
217	2856307558765247	111655	3	503	-59.674666666666674	-263.3187779986746	-3000.0	37	17.298	41	8
218	2856761814785600	112158	3	503	-59.318666666666665	-226.65468522200135	-3000.0	41	17.39	41	8
219	2857404910881408	112661	3	503	-60.06666666666666	-216.1794751491054	-3000.0	32	19.77	42	8
220	2857951380605018	113164	3	503	-60.194666666666656	-232.6306905235255	-3000.0	39	18.944	42	8
221	2858448559787938	113667	3	503	-59.754666666666665	-235.16213386348565	-3000.0	38	18.078	41	8
222	2858973121227387	114170	3	503	-60.472	-206.22115573227305	-3000.0	42	18.578	42	8
223	2859485862308023	114673	3	503	-59.28799999999999	-233.40076341948324	-3000.0	40	18.386	43	8
224	2860104233256385	115176	3	503	-58.92266666666666	-214.9634168323393	-3000.0	39	21.748	43	8
225	2860706961676030	115679	3	503	-59.497333333333344	-227.10223194168327	-3000.0	38	20.974	44	8
226	2861350416049144	116182	3	503	-60.42799999999999	-187.66968058316763	-3000.0	38	21.15	45	8
227	2861869474599018	116685	3	503	-59.81999999999999	-260.33532140490377	-3000.0	33	18.638	43	8
228	2862492775543423	117188	3	503	-60.00933333333333	-206.52743273691192	-3000.0	37	21.59	43	8
229	2863023249664045	117691	3	503	-60.47200000000001	-267.54945261762754	-3000.0	37	18.62	41	8
230	2863639311035754	118194	3	503	-60.129333333333335	-221.22231676607035	-3000.0	37	21.572	42	8
231	2864223324915949	118697	3	503	-60.46933333333333	-194.8719549370445	-3000.0	40	19.484	42	8
232	2864776175266374	119200	3	503	-59.20133333333333	-202.9843286944996	-3000.0	37	19.348	42	8
233	2865297308112898	119703	3	503	-59.37466666666667	-214.6774791252485	-3000.0	38	18.876	42	8
234	2865766487657986	120206	3	503	-60.28266666666667	-250.36868919814447	-3000.0	37	17.952	42	8
235	2866326580214408	120709	3	503	-60.24	-253.621919151756	-3000.0	39	19.614	42	8
236	2866845023011561	121212	3	503	-59.57466666666668	-245.76978396288933	-3000.0	37	18.662	43	8
237	2867559562301034	121715	3	503	-59.69999999999998	-226.9742584493041	-3000.0	38	23.608	42	8
238	2868124176847501	122218	3	503	-59.01733333333332	-220.3168190854871	-3000.0	37	19.946	43	8
239	2868604113313105	122721	3	503	-59.958666666666666	-279.05342345924447	-3000.0	40	17.498	42	8
240	2869097336625432	123224	3	503	-59.37733333333333	-235.8610152418821	-3000.0	38	17.788	43	8
241	2869577282159662	123727	3	503	-59.488	-227.64695029821064	-3000.0	40	17.442	43	8
242	2870271163259977	124230	3	503	-59.402666666666654	-219.1700543406229	-3000.0	40	22.968	44	8
243	2870787159486737	124733	3	503	-60.37866666666669	-278.59872498343276	-3000.0	33	18.71	45	8
244	2871324012960637	125236	3	503	-59.45466666666666	-241.34781179589123	-3000.0	39	19.18	46	8
245	2871856930968569	125739	3	503	-60.20266666666667	-276.0903618290258	-3000.0	33	19.354	47	8
246	2872444537715241	126242	3	503	-58.468	-221.52951623591773	-3000.0	40	20.14	48	8
247	2873046567106254	126745	3	503	-60.32666666666667	-271.9594910536778	-3000.0	35	20.016	47	8
248	2873579243299088	127248	3	503	-59.81733333333334	-248.75866136514253	-3000.0	40	18.594	48	8
249	2874200752529593	127751	3	503	-59.25866666666668	-276.26869184890654	-3000.0	35	21.224	48	8
250	2874713595090859	128254	3	503	-59.65866666666666	-241.2538899933731	-3000.0	37	18.436	48	8
251	2875237629780743	128757	3	503	-60.178666666666665	-223.24710404241213	-3000.0	48	18.674	48	8
252	2875746202435944	129260	3	503	-60.43333333333334	-278.4852909211399	-3000.0	35	17.032	48	8
253	2876243296960522	129763	3	503	-59.533333333333346	-247.39612723658044	-3000.0	39	18.036	48	8
254	2876878747587831	130266	3	503	-59.715999999999994	-200.66206494367137	-3000.0	30	21.17	48	8
255	2877571788518387	130769	3	503	-59.46266666666666	-212.44765540092777	-3000.0	38	22.688	48	8
256	2878123127218614	131272	3	503	-59.876000000000005	-276.12760503644796	-3000.0	45	18.716	48	8
257	2878584307390495	131775	3	503	-59.94133333333333	-281.55126308813783	-3000.0	40	16.654	48	8
258	2879174716315559	132278	3	503	-60.00533333333334	-262.4181762756791	-3000.0	37	20.286	47	8
259	2879622409886820	132781	3	503	-58.997333333333316	-239.57759575878066	-3000.0	32	16.846	47	8
260	2880183878583586	133284	3	503	-60.134666666666675	-253.89225977468524	-3000.0	41	19.762	48	8
261	2880720209371733	133787	3	503	-59.78666666666667	-224.51319549370433	-3000.0	41	18.632	49	8
262	2881206061883547	134290	3	503	-60.303999999999995	-279.05688800530163	-3000.0	34	17.898	49	8
263	2881648252771007	134793	3	503	-60.53866666666668	-285.08101259112	-3000.0	33	16.114	43	8
264	2882186320397886	135296	3	503	-60.049333333333344	-265.9271013916502	-3000.0	33	18.928	43	8
265	2882705497418517	135799	3	503	-60.51599999999999	-232.462255798542	-3000.0	43	18.078	44	8
266	2883135137582699	136302	3	503	-60.12533333333333	-259.00273558648115	-3000.0	38	16.276	43	8
267	2883649070480537	136805	3	503	-59.69333333333333	-274.4622425447316	-3000.0	41	17.998	44	8
268	2884058589417194	137308	3	503	-60.62799999999999	-260.35277137176934	-3000.0	42	15.528	43	8
269	2884547357227345	137811	3	503	-60.19066666666666	-279.5147355864811	-3000.0	42	17.15	44	8
270	2885065393140221	138314	3	503	-59.97333333333333	-221.44321007289597	-3000.0	39	18.22	45	8
271	2885696390027455	138817	3	503	-58.917333333333325	-275.0787647448641	-3000.0	33	20.192	46	8
272	2886312323107131	139320	3	503	-59.62399999999999	-339.2337203445991	-3000.0	31	20.212	46	8
273	2886763510211679	139823	3	503	-59.52	-224.82355997349242	-3000.0	44	16.792	45	8
274	2887214606767611	140326	3	503	-60.582666666666654	-267.2002041086812	-3000.0	41	16.2	46	8
275	2887781546262388	140829	3	503	-60.044	-231.84743803843605	-3000.0	44	19.51	46	8
276	2888285897697278	141332	3	503	-60.784	-262.7173227302848	-3000.0	40	17.702	46	8
277	2888907483665595	141835	3	503	-59.03866666666667	-298.62324718356524	-3000.0	42	20.694	46	8
278	2889572892964162	142338	3	503	-59.40266666666665	-261.9362465208748	-3000.0	42	21.958	47	8
279	2890437857760403	142841	3	503	-57.98666666666666	-208.5692193505633	-3000.0	41	25.868	47	8
280	2891328500336113	143344	3	503	-59.96933333333333	-226.79117296222663	-3000.0	43	27.084	48	8
281	2892139495585762	143847	3	503	-60.088	-181.73252485089466	-3000.0	33	24.724	48	8
282	2892946867101020	144350	3	503	-59.49999999999999	-245.12845328031807	-3000.0	38	25.17	49	8
283	2893570350905844	144853	3	503	-59.403999999999996	-241.17466931742885	-3000.0	39	20.412	48	8
284	2894101785547518	145356	3	503	-59.52000000000001	-257.9242094102055	-3000.0	41	17.558	49	8
285	2894705261134358	145859	3	503	-60.34799999999999	-243.78339562624257	-3000.0	38	20.302	48	8
286	2895158174239165	146362	3	503	-60.79600000000001	-273.18265871438047	-3000.0	42	16.378	47	8
287	2895645997449907	146865	3	503	-60.25066666666666	-276.2398330019881	-3000.0	42	17.16	48	8
288	2896133250397254	147368	3	503	-60.28666666666667	-252.591634194831	-3000.0	40	17.558	49	8
289	2896678522052660	147871	3	503	-60.529333333333334	-275.54862823061643	-3000.0	39	18.312	45	8
290	2897111286525811	148374	3	503	-60.70666666666668	-263.6147461895295	-3000.0	42	16.036	45	8
291	2897614181532827	148877	3	503	-59.22266666666668	-259.7894579191517	-3000.0	36	17.736	46	8
292	2898098018158240	149380	3	503	-59.776	-247.93250099403573	-3000.0	41	17.842	47	8
293	2898585954355173	149883	3	503	-60.20133333333334	-254.8333677932407	-3000.0	41	17.308	48	8
294	2898951177935431	150386	3	503	-60.08666666666668	-254.31323525513585	-3000.0	33	14.542	48	8
295	2899366730303144	150889	3	503	-60.01466666666667	-273.65557852882694	-3000.0	32	15.802	43	8
296	2899905341108956	151392	3	503	-60.36266666666668	-273.603069582505	-3000.0	40	18.01	44	8
297	2900342176589320	151895	3	503	-60.44933333333334	-239.33397216699794	-3000.0	37	16.12	43	8
298	2900848724339680	152398	3	503	-59.76533333333334	-259.33506693174286	-3000.0	39	17.696	44	8
299	2901319159341504	152901	3	503	-60.44666666666667	-230.78091451292238	-3000.0	38	16.922	44	8
300	2901859169703012	153404	3	503	-59.018666666666675	-216.26527236580517	-3000.0	37	19.114	43	8
301	2902252101859999	153907	3	503	-59.922666666666686	-275.0631782637508	-3000.0	34	15.59	43	8
302	2902753143512353	154410	3	503	-59.86666666666667	-219.62642279655395	-3000.0	39	18.77	43	8
303	2903148657333677	154913	3	503	-59.642666666666656	-249.92698740888005	-3000.0	34	15.56	43	8
304	2903679357866884	155416	3	503	-60.02133333333334	-261.40284426772706	-3000.0	35	19.124	44	8
305	2904053906360763	155919	3	503	-60.844000000000015	-197.77455533465874	-3000.0	37	15.09	43	8
306	2904460313630689	156422	3	503	-59.91466666666668	-225.59115970841617	-3000.0	37	15.824	42	8
307	2904965277327209	156925	3	503	-59.56399999999999	-275.80996951623604	-3000.0	39	18.72	43	8
308	2905373488899948	157428	3	503	-61.097333333333346	-206.92122730284964	-3000.0	38	16.304	44	8
309	2905843944680004	157931	3	503	-60.50533333333334	-206.348140490391	-3000.0	9	17.784	44	8
310	2906289733046808	158434	3	503	-60.554666666666655	-276.6049993373095	-3000.0	35	17.364	39	8
311	2906644361961013	158937	3	503	-60.98000000000001	-282.37861365142476	-3000.0	34	14.832	39	8
312	2907126925330086	159440	3	503	-59.78933333333333	-215.03879655400925	-3000.0	36	18.758	39	8
313	2907521208449630	159943	3	503	-60.17733333333334	-176.07406229290913	-3000.0	37	16.218	39	8
314	2907899031881226	160446	3	503	-59.909333333333336	-261.73292776673287	-3000.0	35	15.6	40	8
315	2908360705386608	160949	3	503	-60.26266666666668	-259.6297601060304	-3000.0	38	17.736	40	8
316	2908744070583959	161452	3	503	-60.98	-248.44378528827036	-3000.0	34	15.84	41	8
317	2909158420190128	161955	3	503	-60.57333333333334	-274.3420702451955	-3000.0	35	16.63	41	8
318	2909513282262841	162458	3	503	-59.63066666666668	-274.03949370443996	-3000.0	41	15.246	42	8
319	2910148720605962	162961	3	503	-60.74133333333333	-249.9116819085487	-3000.0	37	22.24	42	8
320	2910758067316510	163464	3	503	-59.848	-212.8824546056991	-3000.0	38	22.182	42	8
321	2911199706560890	163967	3	503	-60.65866666666666	-245.38410603048368	-3000.0	37	17.128	43	8
322	2911701604142208	164470	3	503	-60.16133333333333	-264.7547541418158	-3000.0	40	19.226	44	8
323	2912132486361124	164973	3	503	-59.710666666666675	-230.00846123260442	-3000.0	36	16.74	43	8
324	2912581092904331	165476	3	503	-60.05333333333334	-222.38020145791916	-3000.0	38	17.118	42	8
325	2913050714694056	165979	3	503	-59.87999999999999	-221.41380781974814	-3000.0	39	18.112	42	8
326	2913485364311939	166482	3	503	-60.46533333333334	-253.27096355202113	-3000.0	36	17.094	42	8
327	2914037320542190	166985	3	503	-59.93199999999999	-236.37937972167	-3000.0	32	20.02	42	8
328	2914475581153679	167488	3	503	-60.66666666666666	-218.27348177601064	-3000.0	41	16.85	43	8
329	2914894456196288	167991	3	503	-61.057333333333325	-281.0773121272366	-3000.0	38	16.394	42	8
330	2915268811924402	168494	3	503	-59.78533333333335	-212.13786083499	-3000.0	38	15.78	43	8
331	2915670088072442	168997	3	503	-60.83866666666666	-225.74383830351223	-3000.0	38	15.772	44	8
332	2916256127547949	169500	3	503	-60.29866666666665	-235.84236978131213	-3000.0	43	20.96	44	8
333	2916656747345626	170003	3	503	-60.92666666666668	-211.1011133200795	-3000.0	37	16.574	44	8
334	2917063461974843	170506	3	503	-59.28133333333333	-259.61231278992705	-3000.0	29	16.344	44	8
335	2917515011087705	171009	3	503	-60.08533333333333	-231.9195122597748	-3000.0	43	17.266	45	8
336	2917867652895160	171512	3	503	-59.937333333333335	-245.14039496355204	-3000.0	37	14.73	44	8
337	2918294152226506	172015	3	503	-58.642666666666656	-251.3775109343936	-3000.0	37	16.498	44	8
338	2918821273177124	172518	3	503	-59.85733333333334	-208.45735984095415	-3000.0	36	19.446	45	8
339	2919280864869827	173021	3	503	-60.84133333333334	-242.90584758117953	-3000.0	36	17.382	43	8
340	2919778570823374	173524	3	503	-60.58933333333334	-252.42947382372427	-3000.0	36	19.178	43	8
341	2920249803044518	174027	3	503	-59.908	-279.1010364479788	-3000.0	37	18.246	44	8
342	2920694158718499	174530	3	503	-60.08933333333332	-283.92955069582496	-3000.0	38	17.056	45	8
343	2921108371181663	175033	3	503	-60.37733333333333	-309.3513161033798	-3000.0	37	16.828	46	8
344	2921537815454757	175536	3	503	-59.995999999999995	-284.7485036447979	-3000.0	37	16.874	43	8
345	2922023201879354	176039	3	503	-60.49733333333334	-220.4215347912525	-3000.0	36	18.532	44	8
346	2922460128680650	176542	3	503	-60.81333333333334	-220.67180384360512	-3000.0	34	17.668	43	8
347	2922950863486421	177045	3	503	-59.89333333333333	-234.19197614314103	-3000.0	38	18.566	44	8
348	2923449216895212	177548	3	503	-59.184	-212.4808190854871	-3000.0	37	18.872	43	8
349	2923951972212514	178051	3	503	-60.13866666666666	-256.553524188204	-3000.0	36	19.196	44	8
350	2924409414447704	178554	3	503	-60.327999999999996	-276.92252087475146	-3000.0	36	18.046	43	8
351	2924792512800246	179057	3	503	-59.88800000000001	-222.13871172962232	-3000.0	36	16.484	43	8
352	2925220324701924	179560	3	503	-59.641333333333336	-216.45586746189537	-3000.0	35	17.788	40	8
353	2925638386152918	180063	3	503	-59.91600000000001	-192.2723817097415	-3000.0	32	17.198	41	8
354	2925985833922377	180566	3	503	-59.74933333333333	-236.74527766732947	-3000.0	33	15.384	41	8
355	2926430844342426	181069	3	503	-61.19200000000001	-254.4878117958914	-3000.0	32	18.19	42	8
356	2926808743572081	181572	3	503	-59.72533333333334	-232.12212591119956	-3000.0	34	15.81	40	8
357	2927346302081115	182075	3	503	-59.83599999999999	-258.0983273691188	-3000.0	37	21.078	41	8
358	2927852840809563	182578	3	503	-60.48666666666668	-251.37521802518228	-3000.0	34	19.732	40	8
359	2928272543773515	183081	3	503	-60.144	-197.65668919814442	-3000.0	32	17.624	40	8
360	2928647736254270	183584	3	503	-59.138666666666666	-286.10271172962223	-3000.0	32	16.314	39	8
361	2929052249690575	184087	3	503	-60.549333333333344	-244.1346322067595	-3000.0	35	17.67	39	8
362	2929416134272316	184590	3	503	-60.06666666666667	-226.05539827700468	-3000.0	33	16.134	39	8
363	2929800146113492	185093	3	503	-59.94266666666667	-192.49516500994037	-3000.0	37	16.166	40	8
364	2930141443134522	185596	3	503	-58.521333333333324	-244.30963817097418	-3000.0	33	15.534	39	8
365	2930568477104303	186099	3	503	-60.942666666666675	-255.46164877402256	-3000.0	34	17.368	39	8
366	2931005788321891	186602	3	503	-59.76666666666666	-253.2934976805832	-3000.0	36	18.328	40	8
367	2931414925394909	187105	3	503	-59.52266666666665	-254.27996288933062	-3000.0	34	17.106	40	8
368	2931917768388254	187608	3	503	-59.523999999999994	-222.64857521537442	-3000.0	32	20.254	39	8
369	2932286602847395	188111	3	503	-59.65866666666665	-224.4275811795892	-3000.0	36	16.28	40	8
370	2932657048741651	188614	3	503	-59.56666666666667	-219.68108151093446	-3000.0	37	16.3	41	8
371	2933071365907396	189117	3	503	-60.08133333333333	-202.06091981444663	-3000.0	39	18.308	41	8
372	2933484849778194	189620	3	503	-60.17999999999999	-233.12262160371108	-3000.0	30	17.87	39	8
373	2933867945443610	190123	3	503	-60.34933333333333	-272.8730868124586	-3000.0	11	16.922	39	8
374	2934289462423885	190626	3	503	-60.099999999999994	-193.01354009277662	-3000.0	33	18.356	40	8
375	2934701759315187	191129	3	503	-61.164000000000016	-195.46280980781975	-3000.0	33	17.756	41	8
376	2935111221443387	191632	3	503	-59.33733333333335	-269.304561961564	-3000.0	34	17.85	41	8
377	2935467923564014	192135	3	503	-60.70666666666668	-210.46587939032477	-3000.0	35	16.136	41	8
378	2935848671694998	192638	3	503	-59.13866666666666	-243.0634141815772	-3000.0	29	17.252	41	8
379	2936234704312206	193141	3	503	-59.60666666666666	-267.92936779324066	-3000.0	34	17.528	42	8
380	2936662587929448	193644	3	503	-59.229333333333344	-257.50747514910546	-3000.0	35	18.152	41	8
381	2937044070106559	194147	3	503	-60.611999999999995	-255.25322730284944	-3000.0	34	16.516	40	8
382	2937468813870513	194650	3	503	-59.11866666666667	-263.0540490390988	-3000.0	35	17.794	40	8
383	2937908481651761	195153	3	503	-60.11466666666667	-243.51189396951625	-3000.0	34	18.57	40	8
384	2938318046660695	195656	3	503	-60.55866666666667	-252.1779986746188	-3000.0	34	17.382	40	8
385	2938705980118685	196159	3	503	-59.414666666666655	-277.81690656063614	-3000.0	30	16.32	41	8
386	2939092676684922	196662	3	503	-59.92133333333333	-239.50366865473822	-3000.0	34	17.286	41	8
387	2939453269158452	197165	3	503	-59.754666666666665	-266.1019271040424	-3000.0	40	16.076	42	8
388	2939781109630088	197668	3	503	-59.772	-270.3234804506296	-3000.0	35	15.144	41	8
389	2940124626296697	198171	3	503	-60.51333333333333	-222.01068257123927	-3000.0	35	15.972	42	8
390	2940528225759395	198674	3	503	-59.78133333333333	-228.94420410868116	-3000.0	29	17.836	42	8
391	2940965533155648	199177	3	503	-59.32266666666667	-211.95291186216045	-3000.0	38	18.906	42	8
392	2941365656534984	199680	3	503	-58.94933333333334	-230.24965672630873	-3000.0	34	17.856	42	8
393	2941779868778470	200183	3	503	-60.05333333333333	-241.40214446653405	-3000.0	34	18.01	43	8
394	2942177968208283	200686	3	503	-59.854666666666674	-204.50187939032477	-3000.0	27	17.658	42	8
395	2942610692550075	201189	3	503	-59.822666666666656	-255.0933836978132	-3000.0	35	18.362	43	8
396	2943014325110573	201692	3	503	-59.92133333333333	-278.34693969516235	-3000.0	28	17.844	44	8
397	2943377447096520	202195	3	503	-60.05333333333333	-241.89629953611666	-3000.0	28	16.75	43	8
398	2943847230474218	202698	3	503	-59.17466666666666	-298.8674247846256	-3000.0	29	20.3	44	8
399	2944225960473262	203201	3	503	-58.33866666666666	-233.39417627567929	-3000.0	30	17.618	44	8
400	2944586543266717	203704	3	503	-59.957333333333324	-280.38898873426115	-3000.0	30	16.292	44	8
401	2944891238317647	204207	3	503	-59.44133333333333	-266.9309184890656	-3000.0	23	14.768	45	8
402	2945174829252660	204710	3	503	-60.674666666666674	-234.9390510271703	-3000.0	32	14.544	44	8
403	2945505825964590	205213	3	503	-59.95466666666666	-207.11414711729628	-3000.0	29	15.494	45	8
404	2945880169613139	205716	3	503	-58.63466666666666	-208.0104333996024	-3000.0	28	17.44	46	8
405	2946200556700873	206219	3	503	-59.56666666666667	-224.54297415506957	-3000.0	29	15.406	44	8
406	2946532390617587	206722	3	503	-59.930666666666674	-245.00527766732927	-3000.0	29	15.454	45	8
407	2946843053896738	207225	3	503	-59.87866666666666	-263.5330019880715	-3000.0	31	15.524	35	8
408	2947164307495257	207728	3	503	-59.59466666666666	-218.14808217362494	-3000.0	32	15.23	34	8
409	2947594925198288	208231	3	503	-59.87333333333333	-262.8049198144465	-3000.0	31	19.208	35	8
410	2947932145052052	208734	3	503	-59.777333333333324	-244.88141020543418	-3000.0	31	15.126	35	8
411	2948282691782517	209237	3	503	-59.227999999999994	-224.1570311464546	-3000.0	32	15.862	36	8
412	2948699475014831	209740	3	503	-58.565333333333335	-246.0001086812458	-3000.0	33	17.84	35	8
413	2949093485787821	210243	3	503	-59.55866666666666	-207.6803419483101	-3000.0	31	18.282	35	8
414	2949431230058332	210746	3	503	-59.822666666666684	-306.7227753479124	-3000.0	31	15.372	34	8
415	2949760672346570	211249	3	503	-60.012	-273.09439628893307	-3000.0	27	15.484	35	8
416	2950084004002577	211752	3	503	-60.94666666666667	-242.43000397614313	-3000.0	17	15.282	35	8
417	2950463777996109	212264	2	503	-60.23733333333334	-249.53923392975483	-3000.0	28	16.864	35	8
418	2950823484514355	212773	3	502	-59.51600000000001	-275.7433678618858	-3000.0	32	16.66	35	8
419	2951184782654568	213276	4	503	-60.68266666666666	-238.4792074221339	-3000.0	28	16.252	36	8
420	2951529337370520	213797	3	504	-60.81466666666666	-258.6994126984127	-3000.0	32	15.52	36	8
421	2951830196280105	214300	3	503	-60.42800000000001	-213.82497282968856	-3000.0	33	15.242	35	8
422	2952125988357049	214810	3	503	-59.83333333333332	-261.9190801855533	-3000.0	11	14.488	36	8
423	2952451639489710	215315	3	503	-60.098666666666674	-251.25591782637497	-3000.0	34	15.892	37	8
424	2952753711560026	215818	3	503	-59.24133333333332	-265.81960768721007	-3000.0	27	15.236	38	8
425	2953112746222246	216329	4	503	-60.10533333333333	-213.78297680583165	-3000.0	33	16.872	37	8
426	2953457913016092	216855	4	504	-60.318666666666665	-217.7203968253968	-3000.0	27	15.272	36	8
427	2953769183193427	217359	5	504	-59.004	-252.5581931216931	-3000.0	26	14.748	37	8
428	2954087545610698	217864	6	505	-59.97733333333333	-228.442703630363	-3000.0	27	14.988	36	8
429	2954383755004431	218370	6	506	-59.49066666666668	-244.99821870882738	-3000.0	28	14.646	35	8
430	2954682227486788	218876	6	506	-59.855999999999995	-266.13367852437426	-3000.0	17	14.318	36	8
431	2954959918662267	219382	6	506	-59.337333333333326	-233.79338076416337	-3000.0	28	13.518	36	8
432	2955243555189694	219889	6	506	-58.88800000000001	-293.7958945981555	-3000.0	29	14.348	35	8
433	2955529861406423	220395	6	506	-60.37466666666666	-230.75051910408433	-3000.0	30	14.764	35	8
434	2955827088484779	220901	6	506	-59.49333333333334	-311.0292885375494	-3000.0	33	14.158	34	8
435	2956153971538307	221413	5	506	-59.925333333333334	-267.2849934123848	-3000.0	34	14.662	35	8
436	2956428066821397	221918	5	505	-60.13866666666666	-298.8805861386139	-3000.0	26	13.874	35	8
437	2956692431063254	222423	5	505	-59.456	-258.008002640264	-3000.0	28	13.722	35	8
438	2957005024436206	222928	5	505	-59.99866666666668	-283.4196303630363	-3000.0	24	14.796	36	8
439	2957308401821503	223433	5	505	-60.256	-316.4477676567657	-3000.0	15	15.072	37	8
440	2957651773531971	223938	5	505	-60.378666666666675	-335.983590759076	-3000.0	34	15.094	37	8
441	2957953743949907	224452	5	505	-60.08666666666667	-279.12885808580853	-3000.0	15	14.522	36	8
442	2958258643185994	224957	5	505	-60.08533333333333	-276.8601874587458	-3000.0	34	14.394	37	8
443	2958560003694982	225462	5	505	-59.63066666666666	-256.6229438943895	-3000.0	24	14.858	37	8
444	2958890037881183	225967	5	505	-60.82666666666667	-302.5987353135312	-3000.0	36	15.57	37	8
445	2959168180194238	226472	5	505	-60.938666666666656	-228.25550363036305	-3000.0	34	14.32	36	8
446	2959471294247837	226977	5	505	-60.60666666666669	-300.8761399339934	-3000.0	30	14.618	36	8
447	2959802358602841	227482	5	505	-58.28400000000002	-255.01686336633662	-3000.0	26	15.818	37	8
448	2960115618041707	227987	5	505	-59.70933333333334	-276.9271524752475	-3000.0	32	14.524	38	8
449	2960443072895246	228492	5	505	-59.7	-282.4485306930693	-3000.0	34	15.282	37	8
450	2960754049838239	228997	5	505	-59.83466666666668	-257.98753003300334	-3000.0	35	14.444	37	8
451	2961084305265229	229502	5	505	-59.43733333333334	-284.79129240924095	-3000.0	34	15.47	37	8
452	2961427111605476	230007	5	505	-60.03866666666667	-198.60594059405946	-3000.0	36	16.586	38	8
453	2961766237420151	230512	5	505	-58.35333333333333	-289.0031894389439	-3000.0	33	15.784	38	8
454	2962096119513791	231017	5	505	-59.30533333333333	-284.4898719471947	-3000.0	34	15.32	38	8
455	2962429419981063	231522	5	505	-59.75733333333333	-270.35810957095714	-3000.0	10	15.728	38	8
456	2962770761045542	232027	5	505	-59.724	-278.2578138613861	-3000.0	36	15.894	38	8
457	2963078197021206	232532	5	505	-59.33733333333335	-266.05941122112216	-3000.0	36	14.714	38	8
458	2963381473685392	233037	5	505	-60.649333333333324	-289.86907722772276	-3000.0	14	15.206	37	8
459	2963652169797197	233542	5	505	-60.652	-249.89465874587464	-3000.0	30	13.43	37	8
460	2963925038524205	234047	5	505	-60.94533333333333	-309.0934310231023	-3000.0	31	13.88	38	8
461	2964226921680837	234552	5	505	-58.910666666666664	-279.45119207920794	-3000.0	34	15.15	38	8
462	2964561307155218	235057	5	505	-60.163999999999994	-267.4937214521453	-3000.0	36	16.306	38	8
463	2964869857856240	235562	5	505	-60.13999999999999	-309.1310785478548	-3000.0	33	15.028	38	8
464	2965204910903477	236067	5	505	-60.89733333333334	-303.6476250825082	-3000.0	34	15.792	39	8
465	2965521932923988	236572	5	505	-60.29333333333334	-290.249100990099	-3000.0	32	15.332	39	8
466	2965907392424955	237077	5	505	-60.653333333333336	-263.8242349834984	-3000.0	34	17.26	40	8
467	2966278024566786	237582	5	505	-59.912	-268.9912924092409	-3000.0	33	16.73	39	8
468	2966573813600470	238087	5	505	-59.654666666666664	-270.32163960396036	-3000.0	33	14.866	39	8
469	2966871253644563	238592	5	505	-61.10133333333332	-315.6421755775577	-3000.0	35	14.562	39	8
470	2967195809332725	239097	5	505	-58.78933333333333	-240.83927656765675	-3000.0	34	15.688	36	8
471	2967487566973685	239602	5	505	-60.09866666666666	-296.7453386138614	-3000.0	35	14.506	36	8
472	2967822505861054	240107	5	505	-60.89999999999999	-249.62812409240922	-3000.0	32	15.32	37	8
473	2968142964147155	240612	5	505	-60.08533333333333	-289.55908646864685	-3000.0	32	15.102	37	8
474	2968449267901892	241117	5	505	-60.403999999999996	-253.71972277227727	-3000.0	36	14.966	38	8
475	2968749699766383	241636	4	505	-59.88666666666667	-248.18213861386135	-3000.0	33	14.528	37	8
476	2969135493343323	242140	4	504	-59.763999999999996	-229.41552910052903	-3000.0	34	17.728	38	8
477	2969521077957821	242644	4	504	-59.23333333333333	-303.1969576719578	-3000.0	32	17.398	38	8
478	2969861683291933	243148	4	504	-59.08666666666667	-239.6310026455026	-3000.0	35	15.974	37	8
479	2970205823808408	243652	4	504	-59.505333333333326	-258.7134047619047	-3000.0	34	16.134	38	8
480	2970577438308879	244156	4	504	-58.51466666666666	-246.34366402116402	-3000.0	31	17.362	39	8
481	2970903248930595	244660	4	504	-59.169333333333334	-325.7970978835979	-3000.0	33	15.272	40	8
482	2971271845299270	245164	4	504	-59.66400000000001	-266.7670767195767	-3000.0	32	16.7	39	8
483	2971595441400180	245668	4	504	-59.58399999999999	-240.67052910052914	-3000.0	38	15.384	39	8
484	2971939148039988	246172	4	504	-58.94	-263.9464312169313	-3000.0	34	16.558	40	8
485	2972269184864562	246676	4	504	-60.15066666666666	-262.90323544973546	-3000.0	35	15.042	40	8
486	2972643054160576	247180	4	504	-59.64266666666667	-281.52544708994714	-3000.0	33	17.456	41	8
487	2972981010529046	247684	4	504	-60.317333333333345	-263.2014708994709	-3000.0	35	16.552	40	8
488	2973343950879035	248188	4	504	-59.642666666666656	-211.07655291005295	-3000.0	34	17.32	41	8
489	2973673615584709	248692	4	504	-60.136	-284.2519867724868	-3000.0	33	15.736	40	8
490	2974014362244981	249196	4	504	-59.79333333333333	-210.75474867724867	-3000.0	32	16.298	36	8
491	2974346558321711	249700	4	504	-59.18	-282.98776190476195	-3000.0	33	16.07	36	8
492	2974691282873905	250204	4	504	-60.13466666666666	-286.695626984127	-3000.0	33	16.79	36	8
493	2975003080614863	250708	4	504	-60.74400000000001	-236.45839947089942	-3000.0	32	15.49	37	8
494	2975317635637937	251212	4	504	-59.730666666666664	-284.7117513227514	-3000.0	35	15.376	36	8
495	2975629363796303	251716	4	504	-58.97066666666667	-291.9031164021164	-3000.0	32	15.636	37	8
496	2975963427402987	252220	4	504	-59.58533333333332	-250.9657063492064	-3000.0	33	16.516	37	8
497	2976285289011927	252724	4	504	-59.58266666666666	-257.4791455026455	-3000.0	34	15.666	37	8
498	2976611506886663	253228	4	504	-60.19466666666666	-266.8242592592593	-3000.0	30	15.648	37	8
499	2976921665699721	253732	4	504	-59.529333333333355	-235.70800793650793	-3000.0	34	15.098	37	8
