alpha = 0.15
gamma = 1.0
lambda = 0.6
epsilon = 0.3
randomSeed = 222
GREAT!
Xover: 4
---- Evolution parameters ----
Folder name:          NMSarsa_Maze/run_2784148443539983
Random seed:          222
GREAT activated:      true
Max iterations:       500
Population size:      500
GREAT initialization  true
Speciation threshold: 0.15
Species min size:     15
Tournament size:      3
Crossover rate:       0.2
Mutation rate:        0.8
Crossovers:
	AligningCrossover_v4(0.15)
Mutations:
	AddGeneMutation(maxSize=2147483647, prob=0.33)
	DeleteGeneMutation(minSize=8, prob=0.33)
	ChangeGeneMutation(prob=0.33)
------------------------------

---- Starting evolution ----
IT	Nanotime	#Eval	#Species	PopSize	Best	Avg	Worst	Best GRN Size	Avg GRN size	Max GRN size	Min GRN size
0	2784575785337050	997	1	499	-988.3	-1687.8374749498996	-3000.0	10	9.202	15	8
1	2784736716868771	1498	4	501	-568.7	-1319.9659347970726	-3000.0	8	9.242	15	8
2	2784909563184250	2011	3	504	-872.5	-1475.254365079365	-3000.0	10	9.652	13	8
3	2785090941470524	2518	5	503	-835.0333333333333	-1370.8396288933072	-3000.0	11	10.012	14	8
4	2785268209858410	3033	5	505	-120.9	-1352.0675907590758	-3000.0	11	9.932	15	8
5	2785422738758884	3547	6	505	-115.3	-1226.6721452145214	-3000.0	11	10.05	15	8
6	2785569189826243	4060	6	506	-113.4	-1114.7467061923585	-3000.0	10	10.28	16	8
7	2785725345281529	4585	5	506	-106.53333333333333	-1046.0150856389992	-3000.0	10	10.942	17	8
8	2785865898207957	5125	6	505	-111.43333333333334	-953.3409900990099	-3000.0	10	11.112	17	8
9	2785989762991281	5639	6	506	-112.33333333333333	-862.7787220026349	-3000.0	11	10.896	16	8
10	2786101445581520	6168	6	506	-115.1	-795.1073781291171	-3000.0	12	10.89	17	8
11	2786199107241523	6681	7	506	-114.96666666666667	-725.0266139657444	-3000.0	13	10.962	16	8
12	2786276281743529	7190	9	507	-106.43333333333334	-616.8780407626562	-3000.0	12	10.808	16	8
13	2786359565865388	7710	8	509	-109.93333333333334	-645.1277013752455	-3000.0	11	10.786	16	8
14	2786451949026657	8218	8	508	-105.13333333333334	-694.0381312335959	-3000.0	10	10.786	16	8
15	2786543011210428	8744	6	508	-107.0	-676.5261154855643	-3000.0	11	11.08	17	8
16	2786649209519441	9257	8	506	-103.16666666666667	-716.0136363636364	-3000.0	10	11.068	17	8
17	2786767464168945	9775	7	508	-112.93333333333334	-830.2499343832025	-3000.0	15	11.064	18	8
18	2786889326777325	10282	7	507	-110.46800000000002	-908.6692333990799	-3000.0	9	10.992	18	8
19	2787008751646974	10789	7	507	-104.0	-913.1221459566074	-3000.0	9	10.758	18	8
20	2787132232557331	11310	6	507	-101.93333333333334	-912.0745562130179	-3000.0	8	11.154	19	8
21	2787251937316981	11817	7	506	-111.36666666666666	-902.9801106719364	-3000.0	10	11.424	18	8
22	2787371436486411	12333	6	507	-101.86666666666666	-830.9875739644972	-3000.0	11	11.622	19	8
23	2787498700335502	12850	5	506	-100.2	-849.6517549407115	-3000.0	11	11.282	19	8
24	2787631740044578	13355	5	505	-100.16666666666667	-866.3529478547854	-3000.0	9	11.064	19	8
25	2787764583367506	13860	5	505	-101.6	-844.9173227722773	-3000.0	13	11.656	19	8
26	2787886093784355	14365	5	505	-100.46666666666667	-820.4571273927393	-3000.0	11	11.194	19	8
27	2788002672638912	14870	5	505	-100.83333333333333	-736.2849267326733	-3000.0	11	11.19	19	8
28	2788127092965559	15375	5	505	-95.56133333333334	-743.753893069307	-3000.0	12	11.05	19	8
29	2788247330759065	15880	5	505	-100.2	-707.6774574257424	-3000.0	9	11.072	20	8
30	2788369598527293	16386	7	505	-95.54266666666666	-662.9844092409239	-3000.0	12	11.082	21	8
31	2788473251854139	16893	7	507	-94.43466666666666	-549.1618408941486	-3000.0	11	10.836	21	8
32	2788581805333246	17409	7	507	-95.31066666666668	-448.1164391847468	-3000.0	11	11.39	21	8
33	2788693630912340	17922	6	507	-88.22666666666666	-378.9841656804734	-3000.0	11	11.672	22	8
34	2788820396268649	18428	6	506	-84.052	-402.9027483530962	-3000.0	13	11.61	22	8
35	2788931792056783	18934	6	506	-83.2	-367.75851910408437	-3000.0	10	11.358	22	8
36	2789055477817123	19440	6	506	-79.37866666666669	-231.28111462450593	-3000.0	11	11.526	22	8
37	2789231024274659	19946	6	506	-79.50133333333333	-348.42053754940713	-3000.0	11	11.152	22	8
38	2789400157805158	20452	7	506	-73.908	-262.1382819499342	-3000.0	11	11.222	21	8
39	2789583551573454	20959	7	507	-75.564	-256.18312163050626	-3000.0	10	11.226	22	8
40	2789782417857885	21467	7	507	-73.40266666666668	-310.76569099276793	-3000.0	11	11.614	22	8
41	2790033870840122	21974	7	507	-72.67333333333333	-240.68333464825767	-3000.0	11	12.52	23	8
42	2790290293255330	22492	6	507	-72.01333333333334	-172.9192268244576	-3000.0	11	12.166	23	8
43	2790575317064311	22998	6	506	-72.308	-214.42804743083005	-3000.0	14	12.322	23	8
44	2790860369547942	23504	6	506	-71.11999999999999	-211.66815810276682	-3000.0	14	11.824	23	8
45	2791156715459598	24012	7	506	-69.46533333333335	-197.93579973649534	-3000.0	14	12.324	23	8
46	2791467742951672	24519	7	507	-72.74	-206.48641157133466	-3000.0	14	12.434	24	8
47	2791758514787956	25026	7	507	-70.99866666666668	-200.22179881656805	-3000.0	14	13.282	25	8
48	2792076792099576	25533	7	507	-67.55066666666664	-243.44641946088106	-3000.0	11	13.406	26	8
49	2792391713398961	26040	7	507	-66.68933333333334	-233.7061827744905	-3000.0	8	13.476	25	8
50	2792732159342327	26547	7	507	-66.48533333333333	-195.68377646285336	-3000.0	10	14.052	24	8
51	2793052632533482	27062	6	507	-65.69333333333334	-208.05030637738332	-3000.0	10	13.246	24	8
52	2793383450756191	27579	6	506	-66.59733333333334	-187.46179710144926	-3000.0	11	14.204	24	8
53	2793710755153147	28085	6	506	-66.78000000000002	-177.71586824769432	-3000.0	9	14.062	25	8
54	2794106859405599	28605	5	506	-65.36533333333334	-189.18061133069833	-3000.0	13	15.032	23	8
55	2794454356863687	29110	5	505	-67.18666666666667	-185.3049267326733	-3000.0	10	14.848	22	8
56	2794822850013761	29615	5	505	-66.10266666666668	-216.68462838283827	-3000.0	11	15.548	23	8
57	2795139703456134	30120	5	505	-65.292	-196.67062970297027	-3000.0	10	14.032	24	8
58	2795487271633541	30634	5	505	-65.44133333333333	-230.15789306930697	-3000.0	11	13.708	23	8
59	2795812629539381	31147	4	505	-65.25999999999999	-151.6210745874587	-3000.0	12	13.536	23	8
60	2796180112182151	31651	4	504	-63.075999999999986	-194.5153253968254	-3000.0	11	14.794	24	8
61	2796546867475475	32155	4	504	-63.13999999999999	-169.84263756613757	-3000.0	10	14.506	24	9
62	2796888145234155	32659	4	504	-63.84400000000001	-141.36175661375663	-3000.0	11	14.488	24	8
63	2797236012452134	33163	4	504	-63.396	-176.04273544973546	-3000.0	14	14.648	25	8
64	2797552897648529	33667	4	504	-63.767999999999994	-129.4844074074074	-2985.9	12	14.022	24	8
65	2797900471598189	34171	4	504	-63.445333333333316	-166.14128571428571	-3000.0	13	14.31	25	9
66	2798259356904888	34675	4	504	-63.74266666666668	-186.67298148148151	-3000.0	12	14.234	26	8
67	2798634976537041	35179	4	504	-61.91466666666668	-186.4193544973545	-3000.0	10	14.852	27	8
68	2798983606035977	35683	4	504	-62.28133333333333	-145.3424259259259	-3000.0	13	14.574	25	8
69	2799354868190420	36187	4	504	-63.96533333333334	-216.10282275132283	-3000.0	12	14.566	25	8
70	2799724739075155	36691	4	504	-63.462666666666685	-169.71428306878303	-3000.0	13	15.0	25	8
71	2800119241873543	37195	4	504	-63.284000000000006	-190.4066296296296	-3000.0	10	16.166	24	8
72	2800518577617901	37699	4	504	-62.97466666666667	-184.75321693121683	-3000.0	13	15.97	25	8
73	2800927915849088	38203	4	504	-63.03733333333333	-159.94524074074073	-3000.0	10	16.72	25	8
74	2801318852847720	38707	4	504	-61.96800000000001	-169.34105555555558	-3000.0	13	16.14	25	9
75	2801691407472394	39211	4	504	-62.649333333333345	-184.33318518518524	-3000.0	21	16.274	25	8
76	2802092931608741	39715	4	504	-62.66666666666665	-163.1605343915344	-3000.0	13	16.766	25	9
77	2802503950822052	40219	4	504	-62.609333333333346	-198.85585978835985	-3000.0	14	16.866	26	9
78	2802938825725939	40723	4	504	-60.52133333333334	-186.61236243386242	-3000.0	13	17.196	26	9
79	2803377217898539	41227	4	504	-63.096	-182.52825661375655	-3000.0	14	17.106	26	9
80	2803808591905337	41731	4	504	-62.544	-178.80893915343913	-3000.0	10	17.496	26	8
81	2804240031003159	42235	4	504	-61.69600000000001	-195.66701322751322	-3000.0	15	16.854	26	8
82	2804656918300113	42739	4	504	-62.69333333333334	-208.4408439153439	-3000.0	9	17.222	27	8
83	2805105535636992	43243	4	504	-62.92666666666668	-194.49730952380946	-3000.0	15	18.082	28	8
84	2805589041775872	43747	4	504	-63.00533333333331	-117.41226455026455	-3000.0	16	19.222	28	8
85	2805997282229269	44251	4	504	-60.42666666666667	-174.3558862433862	-3000.0	15	16.956	27	8
86	2806425115936469	44755	4	504	-62.728	-188.00426719576717	-3000.0	15	17.354	28	8
87	2806894636772738	45259	4	504	-61.45066666666668	-173.6101931216931	-3000.0	16	18.578	29	8
88	2807332460297545	45763	4	504	-62.11066666666666	-157.92498677248673	-3000.0	13	18.02	29	8
89	2807744013924473	46267	4	504	-62.329333333333345	-183.87735185185187	-3000.0	13	16.992	28	8
90	2808220742603433	46771	4	504	-61.08666666666667	-172.32665608465607	-3000.0	18	18.674	29	8
91	2808689249516231	47275	4	504	-62.04533333333334	-122.02467724867725	-3000.0	17	18.742	29	8
92	2809153772521857	47779	4	504	-62.56533333333333	-137.62378306878304	-3000.0	19	18.568	28	8
93	2809630141926031	48283	4	504	-61.670666666666655	-145.87425132275132	-3000.0	15	18.628	28	8
94	2810114468970213	48791	3	504	-62.12666666666666	-144.59667195767196	-2957.4666666666667	14	19.99	28	9
95	2810673075685758	49294	3	503	-61.79866666666668	-146.65640821736244	-3000.0	13	21.386	29	11
96	2811164654162856	49797	3	503	-62.00933333333333	-226.86201457919154	-3000.0	14	19.55	29	11
97	2811675240519123	50300	3	503	-61.95066666666666	-137.2054685222002	-3000.0	15	20.546	29	10
98	2812212589961283	50803	3	503	-60.91866666666667	-151.2248270377733	-3000.0	15	20.87	30	12
99	2812745783649021	51306	3	503	-61.70666666666668	-162.62750430748846	-3000.0	26	21.004	31	11
100	2813234835872631	51809	3	503	-61.017333333333326	-171.10517428760767	-3000.0	27	20.202	31	10
101	2813791285394830	52312	3	503	-61.78	-145.09801457919153	-3000.0	23	20.78	31	11
102	2814354897651913	52815	3	503	-61.52533333333335	-149.84648376408222	-3000.0	17	21.362	31	12
103	2814898709713060	53318	3	503	-61.23333333333334	-184.6186269052353	-3000.0	18	21.062	31	11
104	2815454559519939	53821	3	503	-60.062666666666665	-201.04302982107356	-3000.0	17	21.358	30	12
105	2816045781686451	54324	3	503	-61.992000000000004	-165.63942743538772	-3000.0	24	22.548	30	12
106	2816640236058378	54827	3	503	-61.79466666666667	-164.95647448641483	-3000.0	17	22.426	31	11
107	2817178443038388	55330	3	503	-60.60933333333332	-183.1672286282306	-3000.0	16	21.084	31	10
108	2817791219859232	55833	3	503	-61.37200000000001	-150.63243207422133	-3000.0	14	22.65	31	13
109	2818378128250759	56336	3	503	-61.321333333333335	-154.33076739562622	-3000.0	19	22.198	31	13
110	2818934378633201	56839	3	503	-60.518666666666675	-191.94576010603055	-3000.0	16	21.602	32	12
111	2819495625886938	57342	3	503	-61.07200000000002	-168.34604373757458	-3000.0	16	21.998	32	12
112	2820053856409618	57845	3	503	-60.705333333333336	-180.58395228628223	-3000.0	15	21.238	33	12
113	2820617312462669	58348	3	503	-60.52266666666667	-165.65777335984095	-3000.0	15	21.58	32	12
114	2821220969290300	58851	3	503	-59.741333333333316	-157.19407289595762	-3000.0	17	22.45	33	11
115	2821843227779263	59354	3	503	-61.33066666666666	-149.301717693837	-3000.0	17	22.748	32	11
116	2822446904567738	59857	3	503	-59.17733333333334	-131.7603313452618	-3000.0	19	22.542	33	12
117	2823079317053367	60360	3	503	-59.888000000000005	-159.9437402253148	-3000.0	20	23.102	34	12
118	2823645866368004	60863	3	503	-60.55066666666667	-155.9158913187541	-3000.0	16	22.194	34	12
119	2824255308519635	61366	3	503	-60.94533333333333	-174.55454208084825	-3000.0	18	22.938	34	13
120	2824913644098069	61869	3	503	-60.44800000000002	-197.67962359178264	-3000.0	19	23.748	34	14
121	2825560281410718	62372	3	503	-59.76666666666666	-173.14828098078195	-3000.0	19	23.478	34	14
122	2826195561256904	62875	3	503	-60.74266666666667	-192.90287077534782	-3000.0	19	23.536	35	13
123	2826819398240122	63378	3	503	-59.869333333333316	-149.91338104705105	-3000.0	19	23.48	34	12
124	2827414839670357	63881	3	503	-60.56133333333333	-164.6847263088137	-3000.0	22	22.976	34	13
125	2828094656705842	64384	3	503	-58.93066666666667	-135.05250099403577	-3000.0	19	24.866	34	12
126	2828740378554900	64887	3	503	-59.61333333333334	-158.7664413518887	-3000.0	19	23.63	32	11
127	2829454642166816	65390	3	503	-59.684	-156.39582770046385	-3000.0	21	25.23	33	15
128	2830180529511509	65893	3	503	-60.13733333333334	-135.5501471172962	-3000.0	23	25.39	33	15
129	2830829245651193	66396	3	503	-60.284	-207.05050497017888	-3000.0	28	23.832	34	14
130	2831514774908372	66899	3	503	-60.689333333333344	-166.74385420808483	-3000.0	21	24.492	35	13
131	2832170626143775	67402	3	503	-60.23733333333334	-179.12924320742206	-3000.0	18	24.014	36	14
132	2832878482350922	67905	3	503	-60.08000000000001	-174.85362491716373	-3000.0	25	24.876	36	14
133	2833580372493716	68408	3	503	-61.032	-140.6872630881378	-3000.0	22	25.37	37	13
134	2834246927588166	68911	3	503	-59.76399999999999	-163.27019218025174	-3000.0	21	24.348	35	12
135	2834987176564907	69414	3	503	-59.88399999999999	-167.0649357190192	-3000.0	26	25.726	35	12
136	2835687698228817	69917	3	503	-57.494666666666674	-182.38526176275676	-3000.0	18	25.028	35	12
137	2836380872549808	70420	3	503	-60.35733333333334	-155.37255135851558	-3000.0	23	24.88	36	12
138	2837077240918357	70923	3	503	-60.40133333333331	-150.57898475811797	-3000.0	18	25.114	37	11
139	2837761635461467	71426	3	503	-60.87200000000001	-179.82664546056984	-3000.0	18	25.012	37	13
140	2838463204515286	71929	3	503	-60.07599999999999	-130.17704174950302	-3000.0	24	25.486	38	13
141	2839184964761414	72432	3	503	-60.258666666666656	-168.37347647448635	-3000.0	21	25.682	39	12
142	2839883755998113	72935	3	503	-60.912	-197.14640954274347	-3000.0	18	24.782	39	11
143	2840571668066435	73438	3	503	-60.201333333333324	-148.74915838303517	-3000.0	21	25.176	39	10
144	2841318656124961	73941	3	503	-60.43333333333334	-182.78657123923125	-3000.0	21	26.168	39	12
145	2842078341227506	74444	3	503	-59.87733333333333	-161.67465076209413	-3000.0	18	26.446	39	11
146	2842805897137316	74947	3	503	-61.178666666666665	-165.80017495029824	-3000.0	20	25.848	39	11
147	2843561356757551	75450	3	503	-60.18	-176.7377680583168	-3000.0	33	26.312	38	17
148	2844275416742181	75953	3	503	-59.67333333333333	-127.6924029158383	-3000.0	22	26.424	39	16
149	2844975415520603	76456	3	503	-59.55733333333332	-140.46781974817762	-3000.0	32	25.678	39	17
150	2845666431981905	76959	3	503	-60.52400000000001	-179.76998807157054	-3000.0	25	25.114	39	16
151	2846339762611561	77462	3	503	-60.192	-314.52010072895973	-3000.0	23	24.524	39	17
152	2846926968006471	77965	3	503	-59.741333333333344	-183.57241882041086	-3000.0	21	22.884	39	16
153	2847601800917946	78468	3	503	-60.17333333333332	-181.45584890656068	-3000.0	18	24.216	40	16
154	2848230201303459	78971	3	503	-60.196000000000005	-198.08174155069574	-3000.0	18	23.864	41	15
155	2848925502837248	79474	3	503	-60.05333333333333	-248.31330417495025	-3000.0	20	24.366	42	16
156	2849520918920331	79977	3	503	-60.39866666666667	-142.24611530815113	-3000.0	41	22.786	42	16
157	2850129105411288	80480	3	503	-60.445333333333345	-159.31650894632207	-3000.0	17	23.768	42	15
158	2850802088808583	80983	3	503	-59.409333333333315	-239.39892644135188	-3000.0	20	24.032	42	15
159	2851496171023815	81486	3	503	-59.608000000000004	-208.34497548045078	-3000.0	20	24.98	43	14
160	2852198576182803	81989	3	503	-59.672	-210.57586481113313	-3000.0	24	24.99	40	15
161	2852933943073176	82492	3	503	-60.54666666666665	-243.29470377733594	-3000.0	31	24.988	41	14
162	2853654030445577	82995	3	503	-60.15600000000001	-171.25067992047718	-3000.0	23	25.41	42	13
163	2854393258972861	83498	3	503	-60.105333333333334	-200.0255931080186	-3000.0	24	25.754	43	12
164	2855066617755656	84001	3	503	-59.95200000000002	-188.2723684559311	-3000.0	24	24.306	43	13
165	2855799352629756	84504	3	503	-60.135999999999996	-173.19597879390327	-3000.0	20	25.576	41	13
166	2856561285395017	85007	3	503	-60.646666666666675	-198.08262955599736	-3000.0	25	26.352	42	12
167	2857326232097474	85510	3	503	-60.236000000000004	-168.8493545394301	-3000.0	18	25.818	42	12
168	2858054072334288	86013	3	503	-59.67466666666666	-185.6452750165672	-3000.0	18	25.88	41	14
169	2858748721263977	86516	3	503	-59.412000000000006	-138.39207952286284	-3000.0	32	25.116	42	15
170	2859418561701052	87019	3	503	-60.17200000000002	-154.8959628893307	-3000.0	22	24.56	42	16
171	2860063743241232	87522	3	503	-59.93866666666665	-151.2532935719019	-3000.0	21	24.46	43	16
172	2860738233362547	88025	3	503	-59.77333333333333	-175.8347461895295	-3000.0	23	24.856	44	15
173	2861421810177102	88528	3	503	-59.45066666666666	-174.9445513585155	-3000.0	20	25.118	44	15
174	2862095660818572	89031	3	503	-58.46	-173.6891106693175	-3000.0	19	24.912	44	15
175	2862823572469360	89534	3	503	-60.19466666666666	-203.8729807819749	-3000.0	19	25.316	44	16
176	2863477295007489	90037	3	503	-60.70666666666666	-167.06432074221343	-3000.0	21	24.368	44	15
177	2864193452571332	90540	3	503	-58.39200000000001	-198.73583300198806	-3000.0	20	25.132	43	14
178	2864914228253983	91043	3	503	-60.06666666666667	-172.69240821736253	-3000.0	21	25.556	43	14
179	2865574054867123	91546	3	503	-60.50266666666666	-135.9470563286945	-3000.0	20	24.254	38	14
180	2866242744231689	92049	3	503	-60.128	-127.5190695825049	-3000.0	23	24.334	37	13
181	2866875096550803	92552	3	503	-60.34400000000001	-169.29536381709744	-3000.0	21	23.466	37	16
182	2867473951543926	93055	3	503	-60.288000000000004	-134.00243074884023	-3000.0	21	22.93	38	15
183	2868116861003324	93558	3	503	-58.60800000000001	-169.29816567263094	-3000.0	16	23.886	38	14
184	2868801583570696	94061	3	503	-59.744	-195.75510934393637	-3000.0	18	24.528	38	14
185	2869446305212068	94564	3	503	-58.94133333333333	-124.13528429423455	-3000.0	22	23.698	39	13
186	2870154000704411	95067	3	503	-59.84	-181.6638860172299	-3000.0	32	24.86	40	15
187	2870765724895873	95570	3	503	-60.17333333333333	-156.19335719019216	-3000.0	14	22.578	39	14
188	2871396871738020	96073	3	503	-59.54133333333332	-170.9720583167661	-3000.0	30	23.768	39	13
189	2872028612881929	96576	3	503	-59.368	-142.4601829025845	-3000.0	20	23.876	39	14
190	2872640342140074	97079	3	503	-59.23466666666667	-154.62708813783962	-3000.0	33	23.282	39	14
191	2873260421170697	97582	3	503	-59.30533333333336	-140.51044665341288	-3000.0	20	23.512	39	14
192	2873894024104392	98085	3	503	-59.857333333333315	-145.65503777335982	-3000.0	19	23.34	40	14
193	2874509598351792	98588	3	503	-58.75866666666667	-109.6306666666667	-3000.0	19	22.752	37	13
194	2875149796123115	99091	3	503	-59.994666666666674	-177.70113452617625	-3000.0	26	23.588	38	12
195	2875770624816358	99594	3	503	-59.15200000000001	-156.36008217362487	-3000.0	23	23.766	36	12
196	2876409059109142	100097	3	503	-58.517333333333326	-113.8081669980119	-3000.0	26	23.92	36	12
197	2877134091092927	100600	3	503	-59.85333333333334	-134.8726308813784	-3000.0	21	25.808	36	15
198	2877797833500302	101103	3	503	-59.32	-189.94647051027172	-3000.0	35	24.502	37	14
199	2878507743627935	101606	3	503	-58.824000000000005	-144.5444850894632	-3000.0	18	25.636	37	13
200	2879113067833336	102109	3	503	-59.909333333333336	-144.3150881378396	-3000.0	23	23.124	38	12
201	2879736234700579	102612	3	503	-59.56266666666668	-156.3516129887343	-3000.0	23	23.274	38	14
202	2880367394607683	103115	3	503	-59.418666666666674	-145.27947779986744	-3000.0	19	23.706	37	13
203	2881033054709591	103618	3	503	-59.82666666666668	-186.1341921802519	-3000.0	21	24.516	38	14
204	2881730096096134	104121	3	503	-59.16533333333333	-158.1846891981445	-3000.0	31	24.6	38	14
205	2882377938315473	104624	3	503	-59.68933333333332	-141.18835520212056	-3000.0	15	23.756	39	13
206	2883059563599098	105127	3	503	-59.25599999999998	-142.9368084824387	-3000.0	15	25.0	40	12
207	2883773075827708	105630	3	503	-59.08133333333334	-181.88780119284291	-3000.0	23	25.652	39	11
208	2884425999631433	106133	3	503	-59.997333333333316	-187.60671438038432	-3000.0	23	24.202	40	12
209	2885169443937381	106636	3	503	-59.222666666666676	-171.9363870112658	-3000.0	22	26.146	40	12
210	2885851923075214	107139	3	503	-59.67333333333333	-156.52534393638174	-3000.0	33	23.922	40	12
211	2886552590727896	107642	3	503	-59.97733333333332	-158.85955467196817	-3000.0	23	25.084	39	12
212	2887178000897679	108145	3	503	-59.25333333333333	-187.66915838303518	-3000.0	19	23.584	40	12
213	2887917705733238	108648	3	503	-58.88799999999999	-172.76752021206087	-3000.0	24	26.138	41	12
214	2888555562071936	109151	3	503	-59.44666666666667	-146.59579589131874	-3000.0	33	23.552	42	12
215	2889341923967624	109654	3	503	-60.110666666666646	-143.12326838966206	-3000.0	20	27.134	42	11
216	2890067122223277	110157	3	503	-59.65199999999999	-138.8670086149768	-3000.0	27	25.68	43	10
217	2890718558077990	110660	3	503	-59.67333333333334	-168.88231676607026	-3000.0	18	24.616	44	9
218	2891439630451992	111163	3	503	-59.41866666666666	-163.08684426772695	-3000.0	39	25.706	41	10
219	2892165457369951	111670	2	503	-59.390666666666675	-107.59794300861496	-3000.0	20	26.064	42	14
220	2893095485818554	112172	2	502	-59.08800000000001	-127.51225498007969	-3000.0	41	30.228	43	15
221	2893997160711494	112674	2	502	-59.91866666666666	-150.29013811420984	-3000.0	42	29.228	44	16
222	2894861530137069	113176	2	502	-59.34	-182.35951660026564	-3000.0	25	29.054	45	17
223	2895793231934837	113678	2	502	-58.963999999999984	-119.38939176626833	-3000.0	37	30.352	44	16
224	2896690370353523	114180	2	502	-59.15866666666666	-205.11681540504648	-3000.0	20	29.574	45	16
225	2897694581102602	114682	2	502	-57.40133333333334	-127.77364409030551	-3000.0	40	32.164	45	15
226	2898746684378204	115184	2	502	-58.94266666666667	-164.76689508632143	-3000.0	20	32.36	46	15
227	2899750099302198	115686	2	502	-59.645333333333326	-149.17619654714474	-3000.0	23	31.21	45	17
228	2900745407346018	116188	2	502	-58.53466666666667	-154.61097742363873	-3000.0	43	32.09	46	16
229	2901764042182829	116690	2	502	-58.89066666666667	-284.92044621513946	-3000.0	28	32.494	46	15
230	2902683839231342	117192	2	502	-59.51866666666667	-130.0697875166003	-3000.0	30	31.084	47	16
231	2903630297198017	117694	2	502	-59.676	-129.5645498007968	-3000.0	43	31.508	48	15
232	2904486008740725	118196	2	502	-59.16133333333333	-169.25994422310757	-3000.0	42	29.616	49	16
233	2905406153774788	118698	2	502	-59.71200000000002	-196.25243824701187	-3000.0	23	31.064	49	16
234	2906448339744446	119200	2	502	-59.84266666666667	-163.93214342629483	-3000.0	44	33.66	50	15
235	2907351167085150	119702	2	502	-59.347999999999985	-174.14844887118193	-3000.0	22	30.454	50	17
236	2908360810204007	120204	2	502	-58.23466666666668	-166.4802656042497	-3000.0	44	33.208	51	17
237	2909303852862760	120706	2	502	-59.53199999999999	-177.33789907038508	-3000.0	31	31.844	52	16
238	2910353500364031	121208	2	502	-58.836000000000006	-118.99846215139436	-3000.0	46	34.142	52	17
239	2911242230305798	121710	2	502	-59.037333333333336	-149.42445152722448	-3000.0	23	30.79	51	16
240	2912096512651967	122212	2	502	-58.764	-220.36915272244363	-3000.0	41	29.682	51	16
241	2913063934737036	122714	2	502	-59.23733333333334	-200.76222841965472	-3000.0	42	31.604	51	15
242	2913954823656177	123216	2	502	-59.165333333333336	-227.82417529880513	-3000.0	36	30.664	50	16
243	2914845755601929	123718	2	502	-59.07333333333335	-239.119984063745	-3000.0	41	30.264	50	16
244	2916082856180789	124220	2	502	-58.48000000000001	-155.45920849933603	-3000.0	41	37.056	51	16
245	2917126096130645	124722	2	502	-58.07066666666667	-120.96073041168658	-3000.0	44	34.132	51	15
246	2918172459042457	125224	2	502	-59.24933333333333	-167.7320743691899	-3000.0	41	33.552	52	15
247	2919114702479150	125726	2	502	-57.96266666666667	-165.397567065073	-3000.0	44	31.48	51	15
248	2919995256066057	126228	2	502	-58.797333333333334	-160.83405046480746	-3000.0	26	30.818	52	14
249	2921042058580537	126730	2	502	-59.21866666666666	-165.766422310757	-3000.0	43	33.986	53	13
250	2922093643544714	127232	2	502	-57.32266666666667	-183.78496945551132	-3000.0	49	33.782	52	14
251	2923178492562188	127734	2	502	-59.22533333333334	-124.56277290836657	-3000.0	40	35.15	51	18
252	2924180792484487	128236	2	502	-58.634666666666675	-142.4087915006641	-3000.0	25	33.254	52	17
253	2925258477461087	128740	1	502	-59.117333333333335	-136.74534661354582	-3000.0	42	35.288	53	18
254	2926325917723026	129241	1	501	-58.27333333333333	-289.37753825682	-3000.0	26	35.038	54	17
255	2927426500120627	129742	1	501	-58.38933333333333	-272.26912308715885	-3000.0	43	35.654	53	16
256	2928548549124250	130243	1	501	-59.15600000000001	-306.17996007984016	-3000.0	44	36.224	54	18
257	2929651647340265	130744	1	501	-59.38133333333333	-305.9687771124415	-3000.0	43	36.288	54	19
258	2930724094125422	131245	1	501	-59.08	-297.5968702594811	-3000.0	45	36.31	53	18
259	2931803697531441	131746	1	501	-59.34533333333334	-322.5531789753823	-3000.0	27	35.81	54	18
260	2932911297812466	132247	1	501	-58.444	-332.0936420492345	-3000.0	25	36.594	54	17
261	2934028394719773	132748	1	501	-60.16666666666667	-285.64136526946106	-3000.0	25	36.854	53	16
262	2935130290685768	133249	1	501	-59.32	-224.22581769793754	-3000.0	46	37.498	53	17
263	2936289444767982	133750	1	501	-58.32666666666666	-258.8352601463739	-3000.0	40	37.596	50	18
264	2937497941104052	134251	1	501	-58.61333333333333	-277.1026240851631	-3000.0	44	38.55	51	17
265	2938666921383795	134752	1	501	-58.54266666666666	-217.81569394544206	-3000.0	27	38.256	51	17
266	2939843277831931	135253	1	501	-59.348	-331.5138150365934	-3000.0	43	37.934	52	21
267	2940987298707207	135754	1	501	-58.74933333333332	-297.9589940119761	-3000.0	27	37.97	52	20
268	2942170376661078	136255	1	501	-58.77199999999999	-244.05260678642694	-3000.0	44	37.978	49	20
269	2943292592969457	136756	1	501	-59.16000000000002	-260.5619214903526	-3000.0	35	36.992	48	21
270	2944406994250766	137257	1	501	-59.21466666666665	-327.1555928143711	-3000.0	21	37.15	48	21
271	2945526274625925	137758	1	501	-59.455999999999996	-276.6578576180972	-3000.0	31	37.434	49	21
272	2946723265197623	138259	1	501	-58.35199999999999	-291.65481570192964	-3000.0	34	38.284	50	20
273	2947932206691559	138760	1	501	-59.05733333333335	-313.746858283433	-3000.0	50	38.692	50	19
274	2949125561599103	139261	1	501	-59.28533333333333	-295.5524604125083	-3000.0	41	38.516	51	18
275	2950361242246901	139762	1	501	-59.110666666666674	-322.2241729873587	-3000.0	47	38.378	51	21
276	2951598509474593	140263	1	501	-57.46666666666667	-287.24807451763144	-3000.0	47	38.676	52	21
277	2952885943701919	140764	1	501	-58.94799999999999	-316.6835129740522	-3000.0	44	39.488	53	20
278	2954143213614893	141265	1	501	-59.210666666666675	-311.8243512974052	-3000.0	46	38.626	53	19
279	2955390050970913	141766	1	501	-58.448	-304.5890698602794	-3000.0	46	39.308	54	19
280	2956619715047613	142267	1	501	-57.737333333333325	-264.4510738522954	-3000.0	39	38.662	54	20
281	2957824804549557	142768	1	501	-58.55466666666666	-364.01492215568845	-3000.0	51	38.11	54	19
282	2959019185457856	143269	1	501	-58.61333333333333	-348.8920958083836	-3000.0	49	37.946	55	19
283	2960258795484636	143770	2	501	-58.957333333333324	-409.9280319361279	-3000.0	39	38.146	54	19
284	2961431857175549	144272	2	502	-58.71866666666666	-150.1689269588313	-3000.0	43	36.752	54	19
285	2962389164735862	144774	2	502	-58.90533333333332	-167.0860504648075	-3000.0	47	33.16	53	20
286	2963308617122256	145276	2	502	-58.48933333333335	-151.79636387782205	-3000.0	27	32.576	53	19
287	2964242133593011	145778	2	502	-58.93600000000001	-162.5642709163347	-3000.0	26	33.316	52	20
288	2965189698731906	146280	2	502	-59.212000000000025	-182.12066932270923	-3000.0	26	33.384	52	19
289	2966129375348747	146782	2	502	-58.58933333333334	-148.72224435590968	-3000.0	29	32.926	53	18
290	2967059866542913	147284	2	502	-58.63733333333334	-159.11197875166005	-3000.0	28	33.2	53	18
291	2967970631225857	147786	2	502	-57.68	-118.16600796812754	-2942.2	23	32.54	53	19
292	2968935868521119	148288	2	502	-59.07333333333333	-139.08730942895085	-3000.0	29	33.884	54	19
293	2969871164604845	148790	2	502	-59.31333333333332	-196.48436653386443	-3000.0	50	32.518	55	20
294	2970772949166079	149292	2	502	-59.47733333333333	-157.212416998672	-3000.0	26	32.446	53	19
295	2971739341993938	149794	2	502	-58.23866666666666	-167.17824169986721	-3000.0	24	34.294	53	20
296	2972701474522136	150296	2	502	-58.44800000000001	-184.90660292164674	-3000.0	26	33.802	52	19
297	2973724679343080	150798	2	502	-58.19066666666667	-182.59953784860554	-3000.0	46	34.842	53	19
298	2974592289366408	151300	2	502	-58.68266666666666	-245.93534130146094	-3000.0	27	32.15	53	18
299	2975677216217601	151802	2	502	-58.337333333333326	-264.15608233731734	-3000.0	29	35.184	53	17
300	2976609831526330	152304	2	502	-57.95466666666666	-238.7461142098275	-3000.0	45	33.29	53	17
301	2977647063697780	152806	2	502	-58.70933333333334	-208.2932616201859	-3000.0	31	34.912	53	20
302	2978602281589127	153308	2	502	-58.69466666666667	-316.75894555112865	-3000.0	22	33.176	52	21
303	2979614664605301	153810	2	502	-57.84400000000002	-220.3539548472775	-3000.0	41	34.778	53	20
304	2980698118952852	154312	2	502	-58.972000000000016	-134.07378220451537	-3000.0	38	36.362	54	20
305	2981746536193730	154814	2	502	-59.31333333333334	-148.69479415670648	-3000.0	32	35.748	54	19
306	2982642475230768	155316	2	502	-58.81066666666668	-146.22001859229746	-3000.0	28	33.256	54	18
307	2983550959587364	155818	2	502	-58.37466666666664	-167.9980398406375	-3000.0	21	32.97	53	17
308	2984411289575231	156320	2	502	-57.256	-142.56031872509956	-3000.0	21	32.234	54	16
309	2985260721537981	156822	2	502	-58.190666666666665	-166.95185922974767	-3000.0	28	32.078	53	15
310	2986099125775965	157324	2	502	-57.9	-208.84726427622846	-3000.0	31	31.38	53	15
311	2986996282246136	157826	2	502	-58.00933333333333	-200.41416998671983	-3000.0	18	32.61	53	16
312	2987820230504537	158328	2	502	-58.48933333333333	-238.42331208499357	-3000.0	27	31.278	52	16
313	2988691270490920	158830	2	502	-56.71200000000001	-277.21933598937585	-3000.0	29	32.592	52	16
314	2989683413839931	159332	2	502	-58.537333333333336	-204.54963081009294	-3000.0	42	34.848	53	15
315	2990688014686290	159834	2	502	-59.316	-181.8575378486057	-3000.0	18	34.238	54	15
316	2991592343731699	160336	2	502	-58.505333333333326	-151.85484462151396	-3000.0	26	32.762	53	16
317	2992484807370260	160838	2	502	-59.10133333333333	-140.5621832669323	-3000.0	43	32.462	53	15
318	2993407752101009	161340	2	502	-59.516000000000005	-145.15133067729087	-3000.0	40	33.732	54	16
319	2994287682444127	161842	2	502	-57.825333333333326	-155.05224701195212	-3000.0	42	32.206	54	17
320	2995174635178761	162344	2	502	-58.881333333333345	-208.69506507304126	-3000.0	23	32.154	54	16
321	2996040447428250	162846	2	502	-58.137333333333345	-295.22403718459486	-3000.0	29	31.992	54	17
322	2997026407800102	163348	2	502	-58.29600000000001	-224.88206905710513	-3000.0	26	34.37	55	16
323	2997853378741438	163850	2	502	-58.91466666666666	-195.75607702523249	-3000.0	27	30.89	56	17
324	2998829184053586	164352	2	502	-57.592000000000006	-176.03205046480744	-3000.0	27	34.688	56	20
325	2999743867264620	164854	2	502	-57.74533333333332	-242.71809561752977	-3000.0	45	32.678	56	19
326	3000707407085643	165356	2	502	-58.721333333333334	-298.7815086321382	-3000.0	25	33.564	53	19
327	3001831685506899	165858	2	502	-57.89466666666668	-224.1833545816732	-3000.0	39	36.814	54	18
328	3002755965417677	166360	2	502	-57.732000000000006	-217.84547675962838	-3000.0	26	32.874	52	17
329	3003715147889313	166862	2	502	-58.236000000000004	-216.69511022576367	-3000.0	27	33.918	53	20
330	3004796541222898	167364	2	502	-58.35200000000002	-207.90572908366528	-3000.0	22	35.986	53	22
331	3005750211897648	167866	2	502	-58.58266666666666	-245.62485790172644	-3000.0	26	33.474	53	21
332	3006920840153711	168368	2	502	-58.83733333333333	-152.88964143426284	-3000.0	51	38.184	53	21
333	3007971054543870	168870	2	502	-58.64933333333333	-182.2701301460823	-3000.0	27	35.2	54	20
334	3009112980272143	169372	2	502	-57.78533333333334	-140.85599203187257	-3000.0	53	37.412	55	21
335	3010118900719205	169874	2	502	-58.82266666666666	-155.34723771580354	-3000.0	41	34.502	56	22
336	3011199011087086	170376	2	502	-58.38399999999999	-177.91854183266932	-3000.0	24	35.874	57	22
337	3012250205515768	170878	2	502	-58.86399999999999	-183.47963612217788	-3000.0	48	35.234	56	21
338	3013337923496420	171380	2	502	-59.062666666666665	-183.87967861885795	-3000.0	47	35.668	56	20
339	3014267454819120	171882	2	502	-58.647999999999996	-246.3851394422311	-3000.0	27	32.75	55	21
340	3015621264948269	172384	2	502	-59.492	-203.7740398406375	-3000.0	28	40.504	56	22
341	3016814488985719	172886	2	502	-58.48666666666667	-187.04033466135454	-3000.0	26	38.39	56	21
342	3017962873446968	173388	2	502	-58.69066666666666	-224.61021513944223	-3000.0	49	36.542	57	20
343	3019291055247804	173890	2	502	-58.136	-116.66568393094292	-3000.0	40	40.954	57	20
344	3020389462316979	174392	2	502	-59.29066666666667	-180.3359415670651	-3000.0	27	35.66	57	19
345	3021542586926333	174894	2	502	-58.096	-148.63151925630805	-3000.0	27	37.226	58	21
346	3022683888706592	175396	2	502	-58.254666666666665	-141.0159176626826	-3000.0	24	37.026	57	20
347	3023877501488497	175898	2	502	-59.62000000000002	-198.05434262948202	-3000.0	26	37.702	58	19
348	3025004234808217	176400	2	502	-59.29466666666667	-174.15327224435592	-3000.0	27	36.28	57	21
349	3026259628462292	176902	2	502	-57.005333333333326	-142.380823373174	-3000.0	54	39.84	58	21
350	3027301212443784	177404	2	502	-58.51999999999999	-231.6750385126162	-3000.0	26	35.038	58	21
351	3028614052085310	177906	2	502	-57.955999999999996	-181.25979814077013	-3000.0	26	40.482	57	21
352	3029716343549363	178408	2	502	-58.40666666666666	-228.87477822045165	-3000.0	48	36.506	57	20
353	3030738957282260	178910	2	502	-59.19066666666666	-216.0291235059762	-3000.0	51	34.406	57	19
354	3032002894418466	179412	2	502	-57.76	-126.82141832669326	-3000.0	54	39.524	57	20
355	3033139531512017	179914	2	502	-58.73733333333332	-130.6646055776893	-3000.0	19	36.84	56	19
356	3034253668507279	180416	2	502	-58.41600000000001	-200.3399814077026	-3000.0	28	35.532	56	19
357	3035579148324231	180918	2	502	-57.45733333333334	-140.87664541832675	-3000.0	52	40.48	57	18
358	3036802520008132	181420	2	502	-58.521333333333324	-239.601256308101	-3000.0	46	38.94	58	18
359	3038150674480620	181922	2	502	-58.16266666666665	-196.7644249667995	-3000.0	34	40.392	59	17
360	3039414220455267	182424	2	502	-58.70666666666668	-127.36619123505976	-3000.0	49	39.088	59	17
361	3040522760967761	182926	2	502	-58.13333333333333	-130.18084462151396	-3000.0	30	36.344	60	18
362	3041573019263385	183428	2	502	-58.574666666666666	-196.15689508632158	-3000.0	25	35.1	60	18
363	3042611902993427	183930	2	502	-58.48266666666668	-177.3135192563081	-3000.0	45	34.456	60	18
364	3043824936197886	184432	2	502	-59.16666666666667	-167.25395219123507	-3000.0	28	38.54	59	17
365	3044939578792141	184934	2	502	-58.68666666666667	-114.40048605577694	-3000.0	25	36.12	59	16
366	3046156219077091	185436	2	502	-58.489333333333335	-192.2383107569722	-3000.0	52	38.136	60	17
367	3047348044075351	185938	2	502	-59.02533333333335	-179.05013280212486	-3000.0	27	37.69	59	17
368	3048627787991862	186440	2	502	-58.76133333333334	-121.84394953519254	-3000.0	56	38.562	60	17
369	3049686068024264	186942	2	502	-58.06	-174.53745816733073	-3000.0	48	35.23	61	19
370	3050625930378531	187444	2	502	-57.906666666666666	-178.9506374501992	-3000.0	23	32.988	60	19
371	3051582728174768	187946	2	502	-58.802666666666674	-278.29513678618844	-3000.0	24	32.568	61	19
372	3052948074096967	188448	2	502	-59.052	-252.67827622841978	-3000.0	27	40.076	61	20
373	3054109924376100	188950	2	502	-58.443999999999996	-189.69734130146088	-3000.0	50	36.924	61	21
374	3055351281275027	189452	2	502	-58.348	-158.69145019920313	-3000.0	31	38.474	61	21
375	3056515127665761	189954	2	502	-59.06133333333333	-166.34653120849936	-3000.0	32	37.086	62	20
376	3057791912474175	190456	2	502	-58.73066666666666	-181.55007968127487	-3000.0	28	39.102	63	21
377	3058952648909128	190958	2	502	-58.75066666666667	-233.76804780876495	-3000.0	27	37.406	63	22
378	3060273353793152	191460	2	502	-58.74799999999999	-128.74203984063746	-3000.0	49	40.59	60	21
379	3061467205319604	191962	2	502	-58.31599999999999	-188.17993891102256	-3000.0	26	37.914	61	20
380	3062652430216458	192464	2	502	-59.16266666666667	-152.26921646746345	-3000.0	50	37.592	61	20
381	3064001811711568	192966	2	502	-58.748000000000005	-198.77147675962811	-3000.0	24	40.842	62	22
382	3065000101517685	193468	2	502	-59.13733333333332	-163.01320849933597	-3000.0	29	34.678	63	23
383	3066241905475644	193970	2	502	-58.976000000000006	-144.80601062416994	-3000.0	27	39.038	64	23
384	3067344731385574	194472	2	502	-58.132000000000005	-282.6580079681275	-3000.0	28	36.802	65	23
385	3068698908374835	194974	2	502	-59.616000000000014	-136.0637184594954	-3000.0	52	40.67	66	23
386	3070021494962574	195476	2	502	-57.622666666666674	-124.2366401062417	-3000.0	31	40.812	65	22
387	3071151784342215	195978	2	502	-58.430666666666674	-249.7898539176628	-3000.0	55	36.812	65	22
388	3072352184289142	196480	2	502	-58.75999999999999	-314.6666746347943	-3000.0	54	37.152	64	21
389	3074035966374169	196982	2	502	-59.25066666666666	-103.6352164674635	-3000.0	31	47.014	65	21
390	3075442417561197	197484	2	502	-57.444	-172.32202124833998	-3000.0	34	41.754	64	20
391	3076734294928282	197986	2	502	-58.33199999999998	-116.00593891102257	-3000.0	24	39.634	65	19
392	3078048050969781	198488	2	502	-58.16800000000001	-178.34007702523238	-3000.0	55	40.678	66	18
393	3079383621698363	198990	2	502	-58.038666666666686	-202.24967330677293	-3000.0	33	39.972	63	17
394	3080906416243086	199492	2	502	-59.00666666666668	-184.3518884462151	-3000.0	56	43.898	64	18
395	3082308197609929	199994	2	502	-58.60533333333333	-214.09317397078354	-3000.0	53	41.304	64	19
396	3083657188882567	200496	2	502	-58.35199999999999	-177.70873041168656	-3000.0	55	40.448	64	22
397	3084885986085127	200998	2	502	-58.592	-199.7599362549801	-3000.0	55	38.988	63	23
398	3086359264176439	201500	2	502	-58.54533333333334	-145.7050278884462	-3000.0	60	42.428	64	22
399	3087724456398835	202002	2	502	-57.997333333333316	-192.46759893758292	-3000.0	26	40.85	64	21
400	3089100753693319	202504	2	502	-58.004000000000005	-139.09418326693228	-3000.0	26	41.096	64	22
401	3090426857618226	203006	2	502	-58.28266666666667	-230.92369189907032	-3000.0	54	39.4	65	21
402	3091893155776942	203508	2	502	-58.62133333333334	-176.46293492695884	-3000.0	52	42.428	66	21
403	3093160702567473	204010	2	502	-58.61466666666667	-178.7301221779549	-3000.0	30	39.806	67	20
404	3094555003206465	204512	2	502	-57.292	-207.83540504648084	-3000.0	30	41.162	68	20
405	3096024590277455	205014	2	502	-58.22933333333334	-167.0827383798141	-3000.0	58	42.29	68	19
406	3097340420838189	205516	2	502	-58.278666666666666	-164.70003452855238	-3000.0	28	39.918	61	21
407	3098812502042133	206018	2	502	-58.81466666666665	-139.2111686586986	-3000.0	55	43.16	60	20
408	3100089982863561	206520	2	502	-58.529333333333334	-161.02300132802122	-3000.0	55	39.298	59	19
409	3101345627662686	207022	2	502	-57.05733333333333	-156.23558300132805	-3000.0	54	39.256	60	18
410	3102649765394072	207524	2	502	-58.01999999999999	-190.38109163346607	-3000.0	55	39.244	59	19
411	3103812616040607	208026	2	502	-58.562666666666665	-251.42601859229748	-3000.0	52	36.942	59	22
412	3105101212585740	208528	2	502	-58.30000000000002	-289.3356228419654	-3000.0	53	38.97	59	21
413	3106466720165205	209030	2	502	-58.36133333333332	-287.8125232403718	-3000.0	54	40.242	58	22
414	3107987526751893	209532	2	502	-58.52000000000001	-234.03369721115527	-3000.0	55	43.754	59	22
415	3109585801078769	210034	2	502	-58.42400000000001	-164.80879150066403	-3000.0	53	45.274	58	21
416	3110841702801089	210536	2	502	-58.007999999999996	-138.4284887118193	-3000.0	36	39.558	58	20
417	3112020220839808	211038	2	502	-58.912000000000006	-151.75122443559096	-3000.0	56	37.462	59	21
418	3113393675362668	211540	2	502	-58.77200000000002	-152.68972377158033	-3000.0	38	41.014	58	22
419	3114821196545398	212042	2	502	-58.19866666666665	-203.38141301460817	-3000.0	58	42.456	59	22
420	3116050599692932	212544	2	502	-57.98666666666666	-175.43811952191228	-3000.0	33	38.8	60	23
421	3117406671493336	213046	2	502	-58.43733333333333	-160.11212217795486	-3000.0	56	41.056	60	23
422	3118701640858683	213548	2	502	-59.174666666666674	-199.5031341301461	-3000.0	56	38.542	60	22
423	3119945391301253	214050	2	502	-57.39333333333333	-247.7032350597611	-3000.0	55	39.136	60	22
424	3121572852211349	214552	2	502	-57.52	-176.904401062417	-3000.0	52	45.388	61	23
425	3123049159571504	215054	2	502	-57.51999999999998	-174.44671447543146	-3000.0	57	43.406	60	23
426	3124539342031291	215556	2	502	-58.44666666666666	-188.98204249667987	-3000.0	51	43.118	60	24
427	3125785656255422	216058	2	502	-58.79466666666668	-137.26394422310747	-3000.0	52	38.904	61	23
428	3127150704031711	216560	2	502	-58.79333333333333	-188.01155644090306	-3000.0	59	41.08	61	24
429	3128384315303093	217062	2	502	-57.448	-174.1314741035857	-3000.0	54	39.136	61	23
430	3129538911905384	217564	2	502	-58.49199999999999	-274.0894342629483	-3000.0	50	36.988	61	24
