alpha = 0.15
gamma = 1.0
lambda = 0.6
epsilon = 0.3
randomSeed = 1616
GREAT!
Xover: 4
---- Evolution parameters ----
Folder name:          NMSarsa_Maze/run_2784148447348976
Random seed:          1616
GREAT activated:      true
Max iterations:       500
Population size:      500
GREAT initialization  true
Speciation threshold: 0.15
Species min size:     15
Tournament size:      3
Crossover rate:       0.2
Mutation rate:        0.8
Crossovers:
	AligningCrossover_v4(0.15)
Mutations:
	AddGeneMutation(maxSize=2147483647, prob=0.33)
	DeleteGeneMutation(minSize=8, prob=0.33)
	ChangeGeneMutation(prob=0.33)
------------------------------

---- Starting evolution ----
IT	Nanotime	#Eval	#Species	PopSize	Best	Avg	Worst	Best GRN Size	Avg GRN size	Max GRN size	Min GRN size
0	2784527973434402	997	1	499	-100.8	-1356.875690046758	-3000.0	8	9.02	12	8
1	2784588304249770	1516	3	501	-87.10799999999999	-432.0066427145707	-3000.0	9	9.198	12	8
2	2784636658187242	2026	3	503	-86.44933333333333	-205.42473956262427	-3000.0	9	9.49	13	8
3	2784688263832392	2541	4	503	-84.2186666666667	-254.1402359178263	-3000.0	9	9.07	13	8
4	2784750098219704	3059	5	504	-82.08	-202.7437328042328	-3000.0	9	8.992	12	8
5	2784829893678270	3575	5	505	-90.89866666666666	-179.77136105610566	-3000.0	10	9.05	12	8
6	2784917733475939	4087	9	505	-84.00399999999999	-191.24295445544556	-3000.0	10	9.21	13	8
7	2785045332465069	4598	9	509	-79.34	-204.01606024885396	-3000.0	11	9.652	14	8
8	2785201563980451	5127	8	509	-80.59466666666667	-162.61237721021612	-3000.0	10	9.474	13	8
9	2785361807747386	5668	6	508	-78.29866666666666	-298.027440944882	-3000.0	10	9.51	14	8
10	2785539346393720	6196	5	506	-71.992	-233.8038313570487	-3000.0	10	9.73	14	8
11	2785719373839862	6722	6	505	-69.83066666666669	-199.7633161716172	-3000.0	10	9.756	14	8
12	2785921044939748	7233	8	506	-70.224	-284.6220922266139	-3000.0	10	9.916	13	8
13	2786139826489106	7762	8	508	-70.82266666666666	-327.0675774278212	-3000.0	10	9.81	14	8
14	2786348859990743	8275	8	508	-69.23333333333333	-198.7874724409449	-3000.0	10	9.752	14	8
15	2786557379763131	8789	8	508	-67.81866666666669	-205.93533595800528	-3000.0	10	9.856	15	8
16	2786773556095068	9311	8	508	-61.39333333333334	-157.38225459317584	-3000.0	12	9.818	14	8
17	2787016100556920	9821	10	508	-59.84	-223.27519160104984	-3000.0	11	10.184	15	8
18	2787257433980825	10340	10	510	-60.69866666666667	-192.282091503268	-3000.0	11	10.134	15	8
19	2787514008596466	10868	9	510	-60.263999999999996	-192.3072183006536	-3000.0	11	10.248	15	8
20	2787757600057570	11377	11	509	-60.262666666666654	-190.07911984282907	-3000.0	12	10.262	16	8
21	2788003247621404	11890	10	511	-58.852	-192.6435329419439	-3000.0	12	10.118	16	8
22	2788239587346395	12415	9	510	-60.55733333333333	-180.70420653594772	-3000.0	10	10.426	17	8
23	2788487429149978	12929	9	509	-60.184000000000005	-178.59457236411265	-3000.0	10	10.48	16	8
24	2788730195346380	13449	9	509	-59.312	-175.6307531106745	-3000.0	12	10.28	16	8
25	2788972714920919	13958	9	509	-59.55066666666667	-191.45729666011786	-3000.0	10	10.23	16	8
26	2789222323911721	14500	8	509	-58.672000000000004	-160.3356987557302	-3000.0	10	10.292	16	8
27	2789448769509666	15022	9	508	-59.57466666666668	-152.76382677165356	-3000.0	10	10.388	16	8
28	2789696119109952	15541	9	509	-60.272000000000006	-203.7871669941061	-3000.0	10	10.336	16	8
29	2789918124111507	16051	10	509	-57.720000000000006	-176.4864361493124	-3000.0	11	10.222	16	8
30	2790118696353033	16575	11	510	-58.55333333333333	-237.1327137254902	-3000.0	10	10.066	15	8
31	2790380181342619	17145	8	511	-58.075999999999986	-220.31921983039794	-3000.0	12	10.54	16	8
32	2790647287618181	17672	8	508	-57.58533333333334	-171.39137007874015	-3000.0	10	10.826	16	8
33	2790915494250256	18191	7	508	-58.45466666666666	-173.45745931758532	-3000.0	11	10.928	16	8
34	2791189050205710	18713	8	507	-57.79866666666667	-165.04281656804733	-3000.0	11	11.172	17	8
35	2791458421402281	19237	8	508	-58.17466666666666	-211.02216535433067	-3000.0	11	10.97	17	8
36	2791708077935960	19759	8	508	-57.89333333333333	-216.9934750656168	-3000.0	11	11.096	18	8
37	2791989110691301	20298	7	508	-57.495999999999995	-179.84239370078737	-3000.0	11	10.904	18	8
38	2792250776175214	20817	7	507	-57.416	-183.81568441814593	-3000.0	11	11.1	17	8
39	2792531988680896	21340	6	507	-57.798666666666676	-153.3681788297173	-3000.0	13	11.326	18	8
40	2792794102384321	21848	8	506	-56.576	-166.5741791831357	-3000.0	12	11.578	19	8
41	2793050022593324	22367	8	508	-57.215999999999994	-200.51038845144356	-3000.0	10	10.784	18	8
42	2793320987866141	22889	9	508	-56.530666666666654	-185.35409186351703	-3000.0	11	10.598	18	8
43	2793561720261159	23416	8	509	-57.97733333333333	-205.36813097576947	-3000.0	10	10.25	17	8
44	2793804128814089	23927	8	508	-56.641333333333314	-159.91736745406823	-3000.0	11	10.622	15	8
45	2794040991447920	24437	8	508	-57.862666666666684	-232.86546719160106	-3000.0	9	10.13	16	8
46	2794294436198726	24950	7	508	-57.263999999999996	-178.7520524934383	-3000.0	13	10.674	17	8
47	2794553033828708	25459	7	507	-57.088	-193.4595976331361	-3000.0	10	10.736	17	8
48	2794795747562632	25975	6	507	-56.47866666666666	-173.89047468770548	-3000.0	9	10.724	17	8
49	2795050674759008	26497	5	506	-57.01333333333333	-157.8734756258235	-3000.0	12	11.044	17	8
50	2795317392397403	27006	5	505	-56.972	-167.48403960396038	-3000.0	11	11.182	17	8
51	2795591820984269	27511	6	505	-56.54000000000002	-205.02482376237626	-3000.0	15	11.76	17	8
52	2795864358470580	28026	6	506	-57.015999999999984	-154.11926482213443	-3000.0	12	11.72	16	8
53	2796122348281300	28532	6	506	-56.98933333333333	-160.26013965744397	-3000.0	14	11.5	17	8
54	2796397594966942	29041	6	506	-57.12533333333333	-156.6613438735178	-3000.0	15	11.364	18	8
55	2796675362134517	29555	6	506	-57.14	-180.007789196311	-3000.0	9	11.754	19	8
56	2796963751942628	30061	7	506	-56.41866666666667	-252.794837944664	-3000.0	15	11.748	19	8
57	2797233660756878	30568	7	507	-56.861333333333334	-224.9073372781065	-3000.0	11	11.178	18	8
58	2797505135780523	31076	7	507	-57.30666666666665	-194.8550111768573	-3000.0	11	11.308	18	8
59	2797777126782742	31583	7	507	-57.033333333333324	-216.9647521367521	-3000.0	14	11.306	18	8
60	2798016576809247	32090	7	507	-57.38399999999999	-286.96349243918473	-3000.0	10	10.35	19	8
61	2798279313255972	32597	7	507	-56.983999999999995	-279.29737541091384	-3000.0	17	10.332	17	8
62	2798553915795880	33104	7	507	-57.35733333333333	-223.1652123602893	-3000.0	8	11.112	18	8
63	2798842313382251	33613	7	507	-57.254666666666665	-208.34212754766605	-3000.0	11	11.442	19	8
64	2799100548592944	34120	7	507	-55.97866666666666	-207.5210466798159	-3000.0	14	11.138	19	8
65	2799365025563841	34627	7	507	-56.86666666666668	-241.24555687047996	-3000.0	11	11.19	19	8
66	2799643170088606	35145	6	507	-54.956	-176.7001130834977	-3000.0	9	11.418	20	8
67	2799924971735663	35651	6	506	-56.288000000000004	-213.90730434782606	-3000.0	9	11.318	19	8
68	2800208149671502	36157	7	506	-56.438666666666656	-191.98733860342557	-3000.0	10	11.75	20	8
69	2800483002137259	36687	5	507	-56.60666666666667	-223.81781722550946	-3000.0	16	10.58	19	8
70	2800777217372382	37192	6	505	-56.42	-225.76182970297035	-3000.0	9	11.114	19	8
71	2801057553754061	37698	6	506	-56.312	-213.71762055335964	-3000.0	11	11.322	20	8
72	2801348580815756	38204	6	506	-56.324000000000005	-267.159839262187	-3000.0	9	11.414	19	8
73	2801638521309802	38722	7	506	-57.058666666666674	-205.02153359683794	-3000.0	10	11.1	20	8
74	2801930398734374	39229	8	507	-56.829333333333345	-208.33011439842213	-3000.0	16	11.432	20	8
75	2802201345381773	39739	8	508	-56.43200000000001	-251.66579002624664	-3000.0	11	10.76	20	8
76	2802465197745671	40250	8	508	-56.29600000000001	-253.24225984251976	-3000.0	8	10.756	20	8
77	2802743217893324	40758	8	508	-56.57733333333334	-265.7803070866142	-3000.0	10	10.578	20	8
78	2803008311532838	41266	8	508	-56.014666666666656	-199.27202887139106	-3000.0	9	11.108	21	8
79	2803302030995605	41774	8	508	-55.922666666666665	-200.27757742782154	-3000.0	9	11.828	19	8
80	2803555690762607	42282	8	508	-55.93066666666666	-281.2286062992126	-3000.0	8	10.16	19	8
81	2803834978409413	42790	8	508	-56.434666666666665	-203.91893963254594	-3000.0	9	11.218	20	8
82	2804127929325051	43314	7	508	-56.85066666666667	-233.44971916010493	-3000.0	9	11.256	21	8
83	2804401118239604	43821	7	507	-55.836000000000006	-220.31592373438522	-3000.0	10	10.966	21	8
84	2804681132719086	44328	7	507	-56.637333333333316	-138.0971124260355	-3000.0	9	11.164	22	8
85	2804969077524065	44835	7	507	-55.89199999999999	-217.0675371466141	-3000.0	9	10.806	22	8
86	2805245339091294	45356	7	507	-56.444	-202.23688888888884	-3000.0	9	11.012	19	8
87	2805535940801432	45863	8	507	-55.648	-199.51048520710057	-3000.0	9	12.224	20	8
88	2805839390588745	46371	8	508	-56.38400000000001	-256.26007874015755	-3000.0	12	11.06	21	8
89	2806135292112532	46879	8	508	-56.876	-220.41173490813648	-3000.0	9	11.178	21	8
90	2806401986850345	47392	8	508	-56.394666666666666	-228.90366929133862	-3000.0	13	10.57	22	8
91	2806682530473483	47903	8	508	-56.058666666666674	-189.51596850393702	-3000.0	8	11.386	20	8
92	2806969387694465	48421	8	508	-56.88800000000001	-224.10340682414696	-3000.0	11	11.132	19	8
93	2807273314832631	48929	8	508	-56.603999999999985	-248.70787401574805	-3000.0	12	11.49	19	8
94	2807562432958835	49439	8	508	-56.46799999999999	-213.0624776902887	-3000.0	12	11.192	20	8
95	2807840659666815	49955	8	508	-56.57866666666667	-230.02458530183728	-3000.0	9	10.922	20	8
96	2808124161277455	50481	7	508	-56.10266666666667	-232.50971916010505	-3000.0	16	11.086	20	8
97	2808410830021859	51033	5	507	-56.395999999999994	-182.23777777777772	-3000.0	10	11.072	21	8
98	2808671952859669	51538	6	505	-56.30533333333333	-204.1439815181518	-3000.0	11	11.376	20	8
99	2808945455833906	52044	7	506	-56.28533333333333	-176.443696969697	-3000.0	10	11.152	20	8
100	2809203792231696	52553	8	507	-56.43333333333333	-261.5412123602892	-3000.0	9	10.732	20	8
101	2809474935066278	53070	8	508	-56.74400000000001	-241.43882939632547	-3000.0	13	10.624	20	8
102	2809746921617214	53578	8	508	-56.66133333333333	-180.69337007874014	-3000.0	8	10.752	20	8
103	2810023341501628	54096	7	508	-57.02266666666667	-206.45340157480314	-3000.0	11	10.928	21	8
104	2810313035673808	54603	7	507	-56.44133333333334	-239.05176331360954	-3000.0	13	11.47	19	8
105	2810591703192879	55110	7	507	-56.144000000000005	-207.46470479947402	-3000.0	11	11.684	18	8
106	2810846266009826	55619	6	507	-55.84400000000001	-222.07231558185404	-3000.0	10	11.018	19	8
107	2811117639314500	56126	8	506	-56.75199999999999	-207.5189090909091	-3000.0	9	11.326	18	8
108	2811385962865716	56651	7	508	-55.01066666666666	-209.67950131233593	-3000.0	9	10.738	19	8
109	2811645997048212	57171	6	507	-56.004000000000005	-170.11920052596975	-3000.0	9	10.77	20	8
110	2811955358737241	57689	6	506	-57.01866666666667	-260.57659815546776	-3000.0	12	12.104	20	8
111	2812234666010330	58203	6	506	-56.30133333333334	-149.97827931488803	-3000.0	14	11.57	19	8
112	2812529967715668	58712	5	506	-56.41466666666667	-196.0423188405797	-3000.0	13	11.658	19	8
113	2812815913674530	59225	5	505	-57.23999999999999	-176.71254389438946	-3000.0	13	11.672	20	8
114	2813081648126576	59730	7	505	-56.20133333333333	-248.74800792079216	-3000.0	12	11.306	20	8
115	2813333867059435	60258	7	507	-56.93466666666667	-201.8211650230112	-3000.0	15	10.286	21	8
116	2813589062282979	60765	8	507	-57.03866666666666	-229.7111663379356	-3000.0	15	10.334	20	8
117	2813859346382817	61280	6	508	-56.648	-202.92393175853022	-3000.0	8	10.752	21	8
118	2814106543527804	61786	6	506	-56.284000000000006	-182.2274334650857	-3000.0	8	10.122	22	8
119	2814352322225857	62292	6	506	-56.97333333333333	-262.9667720685112	-3000.0	12	10.03	21	8
120	2814613706098265	62799	6	506	-56.80399999999998	-251.89800527009223	-3000.0	12	10.48	22	8
121	2814872567555370	63305	7	506	-56.90399999999999	-245.40432411067198	-3000.0	8	10.542	23	8
122	2815133240978383	63812	7	507	-57.12799999999999	-204.40959631821173	-3000.0	9	10.996	24	8
123	2815405107518084	64333	6	507	-55.94533333333333	-211.81516107823796	-3000.0	9	10.434	24	8
124	2815660446247861	64839	6	506	-56.692	-228.9236073781291	-3000.0	9	10.906	24	8
125	2815933110536617	65357	6	506	-56.56000000000001	-204.29158102766806	-3000.0	9	10.388	24	8
126	2816181542592889	65863	6	506	-56.04266666666669	-223.1602424242424	-3000.0	8	10.138	23	8
127	2816452325385803	66369	6	506	-56.43200000000001	-180.1589275362319	-3000.0	12	11.096	24	8
128	2816728740266905	66875	6	506	-56.15200000000001	-188.1169881422925	-3000.0	9	10.534	25	8
129	2817026787230911	67381	6	506	-56.73600000000001	-226.96404479578393	-3000.0	8	11.524	26	8
130	2817311366615554	67887	6	506	-56.54266666666666	-208.5702476943347	-3000.0	9	11.248	26	8
131	2817594861809825	68393	6	506	-56.71199999999999	-212.22730961791828	-3000.0	9	11.07	27	8
132	2817892141080376	68918	6	506	-57.08533333333333	-208.738837944664	-3000.0	9	11.492	26	8
133	2818166085963750	69427	6	506	-56.65333333333333	-231.2569934123847	-3000.0	8	10.828	27	8
134	2818483525330191	69943	6	506	-56.341333333333324	-192.1145981554677	-3000.0	9	12.02	28	8
135	2818790192453029	70458	6	506	-56.34533333333334	-228.26088801054016	-3000.0	8	11.538	28	8
136	2819134916417413	70964	6	506	-56.58	-207.66200263504612	-3000.0	14	12.796	29	8
137	2819433509516956	71470	6	506	-56.28133333333333	-203.30952042160737	-3000.0	8	11.494	28	8
138	2819752972092702	71979	5	506	-56.21999999999999	-202.41837417654804	-3000.0	10	11.756	29	8
139	2820137904113296	72500	5	505	-56.94	-198.34303102310227	-3000.0	8	13.928	30	8
140	2820478323386471	73005	5	505	-56.42666666666668	-172.0884250825082	-3000.0	9	12.826	31	8
141	2820803706896089	73516	5	505	-56.61733333333333	-185.89183366336633	-3000.0	21	12.55	31	8
142	2821138276938489	74024	5	505	-57.03066666666667	-197.29341782178213	-3000.0	9	13.122	32	8
143	2821457196096527	74532	5	505	-56.902666666666676	-184.87747326732674	-3000.0	10	12.302	32	8
144	2821737391525094	75037	5	505	-56.830666666666666	-229.5012462046206	-3000.0	10	11.286	32	8
145	2822028023871591	75542	6	505	-56.54133333333334	-205.20870759075908	-3000.0	9	11.67	32	8
146	2822314952584181	76059	6	506	-56.72266666666668	-192.40823188405795	-3000.0	8	11.034	33	8
147	2822617691505345	76565	6	506	-56.35866666666666	-193.38579183135707	-3000.0	11	11.498	33	8
148	2822919453923944	77074	6	506	-56.39866666666667	-201.81580237154154	-3000.0	10	12.058	26	8
149	2823221412687662	77580	6	506	-56.51066666666666	-174.6182187088274	-3000.0	9	11.626	26	8
150	2823495580048840	78092	5	506	-56.772	-187.1740816864295	-3000.0	12	10.602	26	8
151	2823812398073005	78597	5	505	-56.916000000000004	-193.9004382838284	-3000.0	11	11.75	27	8
152	2824075207337159	79102	5	505	-56.48799999999999	-199.89987326732674	-3000.0	8	10.76	28	8
153	2824387361892252	79609	5	505	-56.60533333333333	-167.34986402640268	-3000.0	21	12.022	29	8
154	2824677534116521	80114	5	505	-56.97599999999999	-182.2251485148515	-3000.0	9	12.254	29	8
155	2825002456553574	80627	6	505	-56.56	-189.10316303630358	-3000.0	11	12.45	28	8
156	2825321746257821	81138	6	506	-55.709333333333326	-192.77619235836627	-3000.0	8	12.774	28	8
157	2825633141516180	81652	6	506	-56.6	-226.94406060606053	-3000.0	13	12.68	30	8
158	2825974438874359	82158	7	506	-55.882666666666665	-184.87420816864295	-3000.0	14	13.352	30	8
159	2826286520464627	82680	8	507	-55.71866666666666	-171.57726495726496	-3000.0	10	11.752	29	8
160	2826624447679647	83188	8	508	-57.19333333333334	-224.4186719160105	-3000.0	11	12.516	30	8
161	2826965576677420	83696	8	508	-56.75466666666665	-186.73000524934386	-3000.0	10	12.714	30	8
162	2827282296539168	84218	8	508	-56.54133333333332	-193.16289238845147	-3000.0	9	11.67	31	8
163	2827600613709636	84732	8	508	-56.178666666666665	-192.87920734908138	-3000.0	10	11.714	31	8
164	2827874685545882	85261	6	508	-56.725333333333346	-167.01602362204724	-3000.0	15	11.532	31	8
165	2828177711234568	85775	5	506	-56.750666666666646	-241.418674571805	-3000.0	13	11.142	31	8
166	2828457857872766	86301	5	505	-57.20133333333333	-197.82835907590768	-3000.0	8	10.5	27	8
167	2828737710683214	86808	5	505	-56.53733333333333	-215.2338613861386	-3000.0	15	11.334	27	8
168	2829020169823643	87319	5	505	-56.73466666666666	-235.0616105610561	-3000.0	9	11.318	28	8
169	2829335285897637	87835	5	505	-57.114666666666665	-255.75803828382837	-3000.0	8	11.302	29	8
170	2829633875526521	88340	5	505	-57.099999999999994	-282.4253095709571	-3000.0	9	10.824	27	8
171	2829920507184700	88845	5	505	-56.72799999999998	-269.4747722772277	-3000.0	11	11.036	27	8
172	2830223837631248	89350	5	505	-56.871999999999986	-255.24114323432343	-3000.0	9	11.268	28	8
173	2830504087901803	89855	5	505	-56.452000000000005	-238.70563432343235	-3000.0	8	10.73	27	8
174	2830818865932783	90360	6	505	-56.28533333333334	-229.6004409240925	-3000.0	10	11.482	27	8
175	2831076275190298	90870	5	506	-56.59866666666667	-247.4614255599473	-3000.0	8	10.186	27	8
176	2831330684676328	91379	5	505	-56.46533333333334	-217.25267326732674	-3000.0	9	9.652	28	8
177	2831586501829886	91896	6	505	-56.17333333333332	-248.50613861386134	-3000.0	9	9.188	28	8
178	2831827551220131	92404	7	506	-56.75333333333334	-253.44049011857712	-3000.0	8	9.664	28	8
179	2832085558762226	92911	7	507	-56.41333333333333	-209.0832294543064	-3000.0	9	10.006	28	8
180	2832337916525730	93419	7	507	-56.41466666666666	-216.86916502301116	-3000.0	8	9.9	27	8
181	2832596814240451	93926	7	507	-56.90266666666666	-189.79015910585142	-3000.0	9	10.03	15	8
182	2832853003155192	94438	7	507	-56.88799999999999	-215.70838921761995	-3000.0	9	9.82	14	8
183	2833116500831694	94945	7	507	-57.04666666666669	-242.52984878369494	-3000.0	9	9.694	14	8
184	2833367369362622	95452	7	507	-56.76133333333333	-238.10317422748187	-3000.0	11	9.66	14	8
185	2833597484548941	95959	7	507	-57.01333333333334	-194.53232610124923	-3000.0	10	9.882	14	8
186	2833836536766597	96466	7	507	-56.57333333333332	-218.25779618671922	-3000.0	10	9.942	15	8
187	2834073859459724	96976	7	507	-56.654666666666664	-206.34271926364232	-3000.0	12	10.04	15	8
188	2834330188164810	97483	7	507	-56.856000000000016	-164.54087310979622	-3000.0	9	10.074	15	8
189	2834601053981060	97990	7	507	-55.44000000000001	-226.00214332675873	-3000.0	8	10.126	15	8
190	2834844981220933	98497	8	507	-56.28933333333333	-225.6252675871137	-3000.0	8	10.288	16	8
191	2835078544925311	99005	8	508	-56.79999999999999	-260.895343832021	-3000.0	11	10.192	17	8
192	2835340150527101	99514	8	508	-56.23199999999999	-240.89253543307086	-3000.0	9	10.462	16	8
193	2835616059577321	100034	7	508	-56.46933333333333	-225.12633070866147	-3000.0	8	10.46	16	8
194	2835856931121680	100549	6	507	-56.50666666666667	-216.91177909270218	-3000.0	11	10.372	16	8
195	2836095971481499	101055	6	506	-56.34	-209.01826350461135	-3000.0	12	9.966	16	8
196	2836360948886155	101568	7	506	-56.62666666666667	-227.04109090909085	-3000.0	9	10.154	16	8
197	2836615968791053	102080	7	507	-56.76000000000001	-236.98416042077577	-3000.0	8	9.992	16	8
198	2836883089736326	102596	7	507	-56.76933333333332	-194.05657593688358	-3000.0	12	10.318	16	8
199	2837147024001806	103103	7	507	-56.42666666666666	-251.14397370151215	-3000.0	8	10.73	17	8
200	2837430468704632	103621	7	507	-56.18	-263.8397238658777	-3000.0	9	10.484	17	8
201	2837720633753257	104133	7	507	-56.29199999999999	-252.20888362919135	-3000.0	10	10.57	18	8
202	2837969771160595	104640	8	507	-57.174666666666674	-248.41055621301777	-3000.0	8	10.25	19	8
203	2838238913217206	105158	8	508	-56.02399999999999	-224.8738398950131	-3000.0	13	10.628	20	8
204	2838497937935214	105685	7	508	-56.60933333333332	-229.79166404199475	-3000.0	11	10.594	20	8
205	2838752489788680	106206	6	507	-56.352	-239.37916370808676	-3000.0	9	10.086	19	8
206	2838999125335867	106712	6	506	-56.84533333333333	-235.8887641633729	-3000.0	11	10.294	19	8
207	2839252349528839	107220	7	506	-56.73866666666665	-259.4267984189724	-3000.0	11	10.216	20	8
208	2839506307091789	107749	7	507	-56.80933333333333	-227.07005128205128	-3000.0	9	10.302	21	8
209	2839755085830629	108267	6	507	-56.48000000000001	-207.78298750821833	-3000.0	9	10.264	21	8
210	2839997981951949	108780	5	506	-56.529333333333334	-232.9637312252964	-3000.0	11	10.308	21	8
211	2840244233580774	109285	5	505	-56.33466666666667	-206.72847524752476	-3000.0	9	9.892	21	8
212	2840482105481567	109804	5	505	-56.593333333333334	-228.76371749174922	-3000.0	10	10.074	17	8
213	2840734889611431	110322	4	505	-56.46133333333332	-205.95246996699672	-3000.0	10	10.274	18	8
214	2840989396217791	110831	4	504	-56.36666666666667	-190.95206084656084	-3000.0	9	10.542	17	8
215	2841250071294545	111344	4	504	-56.07333333333333	-210.14591005291004	-3000.0	9	10.686	18	8
216	2841528260694811	111857	4	504	-56.50666666666666	-245.69855026455022	-3000.0	11	10.52	18	8
217	2841803748636079	112362	4	504	-57.05333333333334	-220.05575661375664	-3000.0	11	10.642	17	8
218	2842046293667911	112870	4	504	-56.903999999999996	-188.8075502645502	-3000.0	11	10.716	17	8
219	2842319117334612	113380	5	504	-56.302666666666674	-192.44969576719583	-3000.0	11	10.622	17	8
220	2842576175135052	113885	6	505	-56.90800000000001	-192.54551815181514	-3000.0	10	10.404	17	8
221	2842835399990353	114391	6	506	-56.462666666666664	-237.60318840579714	-3000.0	11	10.5	18	8
222	2843069912119903	114897	6	506	-55.895999999999994	-224.94401054018448	-3000.0	11	10.598	16	8
223	2843335223689434	115403	6	506	-55.885333333333335	-204.05699077733854	-3000.0	11	10.834	17	8
224	2843596403883500	115911	6	506	-56.57200000000001	-199.2903689064558	-3000.0	9	10.716	17	8
225	2843854345440696	116417	6	506	-56.14266666666667	-179.14982608695652	-3000.0	9	11.174	17	8
226	2844091331853810	116923	6	506	-56.26666666666667	-197.85410276679838	-3000.0	10	10.428	16	8
227	2844342694093387	117429	7	506	-56.34133333333333	-217.67902503293809	-3000.0	11	10.366	16	8
228	2844573694385927	117936	7	507	-56.350666666666676	-197.10777646285342	-3000.0	10	10.106	17	8
229	2844818159131575	118443	7	507	-56.13333333333333	-183.48220381328073	-3000.0	9	10.268	17	8
230	2845078600053630	118958	7	507	-56.936000000000014	-197.10319263642347	-3000.0	13	10.17	17	8
231	2845323786963629	119477	6	507	-55.850666666666676	-219.36787113740962	-3000.0	10	10.268	17	8
232	2845583963106172	119987	6	506	-57.078666666666656	-292.5545955204215	-3000.0	12	10.754	16	8
233	2845836503496428	120493	6	506	-56.187999999999995	-245.19928853754936	-3000.0	12	10.396	17	8
234	2846090784221849	121004	6	506	-56.770666666666685	-215.26588932806322	-3000.0	10	10.406	17	8
235	2846339981285996	121524	5	506	-56.79333333333333	-244.16875098814225	-3000.0	8	10.148	17	8
236	2846608172853867	122043	8	505	-56.17066666666667	-219.45659669967003	-3000.0	9	10.542	17	8
237	2846899031949960	122577	8	508	-56.37200000000003	-189.72317322834644	-3000.0	12	10.642	16	8
238	2847160065663142	123098	7	508	-57.07333333333333	-182.9404251968504	-3000.0	13	10.336	16	8
239	2847414930442176	123626	7	507	-56.836000000000006	-227.63101643655492	-3000.0	8	10.136	16	8
240	2847687459116655	124161	7	507	-55.925333333333334	-216.79803024326102	-3000.0	11	10.48	16	8
241	2847929601744972	124671	7	507	-56.83999999999998	-291.66920184089423	-3000.0	9	9.8	16	8
242	2848180292374032	125185	7	507	-57.275999999999996	-226.71695200525966	-3000.0	11	10.236	17	8
243	2848441660162571	125702	7	507	-56.74666666666666	-187.76754766600922	-3000.0	9	10.354	17	8
244	2848695593689877	126209	7	507	-55.496	-240.6308428665351	-3000.0	9	10.0	16	8
245	2848957881570876	126731	8	507	-56.657333333333334	-238.06591452991452	-3000.0	10	10.044	17	8
246	2849219731840567	127244	8	508	-56.550666666666665	-239.091656167979	-3000.0	11	10.734	17	8
247	2849492167182746	127764	8	508	-56.46133333333334	-289.4052650918635	-3000.0	9	10.418	17	8
248	2849746960281224	128275	8	508	-56.542666666666676	-200.98421784776903	-3000.0	11	10.544	17	8
249	2850006704705639	128796	7	508	-57.023999999999994	-165.18904724409452	-3000.0	17	10.69	18	8
250	2850284304466631	129309	7	507	-56.556	-219.27143984220913	-3000.0	9	11.022	19	8
251	2850545003102128	129821	9	507	-56.72933333333334	-189.11707823800128	-3000.0	9	10.522	19	8
252	2850805309414928	130337	8	509	-56.99199999999999	-197.80863916175502	-3000.0	12	10.778	19	8
253	2851086912732858	130865	7	508	-56.84133333333333	-163.64887664041993	-3000.0	10	10.842	19	8
254	2851378250815824	131374	7	507	-56.032	-192.2060355029586	-3000.0	13	11.642	17	8
255	2851638226249671	131881	8	507	-56.69466666666666	-193.47267587113737	-3000.0	8	11.394	18	8
256	2851900360558373	132390	9	508	-56.23333333333333	-208.15859842519683	-3000.0	11	11.114	18	8
257	2852190112795045	132923	9	509	-56.93866666666667	-183.08784020956125	-3000.0	8	11.606	17	8
258	2852460764446722	133439	8	509	-56.149333333333345	-227.51612835625411	-3000.0	10	11.372	17	8
259	2852746971015257	133953	7	508	-56.428000000000004	-225.79982677165356	-3000.0	10	10.66	17	8
260	2853025248794696	134460	7	507	-55.25866666666667	-215.8505667324129	-3000.0	9	10.478	18	8
261	2853279181951728	134975	7	507	-56.061333333333344	-206.43742011834323	-3000.0	10	10.178	18	8
262	2853542207717521	135498	7	507	-56.434666666666665	-193.57561078238	-3000.0	10	10.9	18	8
263	2853791264029542	136005	8	507	-56.38266666666666	-236.88793162393165	-3000.0	12	10.12	18	8
264	2854034254409439	136513	8	508	-56.554666666666684	-204.6155065616798	-3000.0	10	9.986	18	8
265	2854312057960730	137059	8	508	-56.30933333333331	-211.84217322834644	-3000.0	9	9.628	18	8
266	2854570184895601	137580	9	508	-56.20000000000002	-282.67412598425193	-3000.0	9	9.746	19	8
267	2854817562507339	138101	8	509	-56.47866666666666	-221.16372495088407	-3000.0	8	9.876	18	8
268	2855073820521523	138618	7	508	-56.63999999999999	-225.57291601049874	-3000.0	9	9.93	18	8
269	2855327445984811	139145	6	507	-56.008	-207.31023274161734	-3000.0	9	10.106	19	8
270	2855604774050126	139708	10	506	-56.804	-196.03172859025034	-3000.0	10	9.868	19	8
271	2855862631692616	140235	11	510	-56.644	-181.51577777777777	-3000.0	9	10.302	19	8
272	2856172431466496	140792	11	511	-56.14	-227.5777273320287	-3000.0	10	10.51	19	8
273	2856460185313778	141307	12	511	-56.996	-262.5127671232877	-3000.0	9	10.418	14	8
274	2856730408985729	141839	12	512	-56.468	-224.14925520833333	-3000.0	9	10.306	14	8
275	2857008118914805	142365	11	512	-56.169333333333356	-229.20855989583333	-3000.0	10	10.106	15	8
276	2857279834799191	142888	9	511	-56.391999999999996	-199.83255316373123	-3000.0	10	10.434	16	8
277	2857574851873181	143432	6	509	-55.94399999999999	-199.01224623444662	-3000.0	11	10.402	16	8
278	2857828267131660	143938	7	506	-55.80533333333334	-246.7379472990777	-3000.0	8	10.414	16	8
279	2858074145085040	144454	7	507	-56.096	-211.59576331360952	-3000.0	9	10.084	15	8
280	2858348838547917	144961	8	507	-56.63999999999999	-242.65732544378702	-3000.0	8	10.354	16	8
281	2858660073035132	145481	7	508	-56.48399999999999	-252.22124146981628	-3000.0	8	9.822	15	8
282	2858920926312476	145992	7	507	-55.931999999999995	-205.06570414201187	-3000.0	8	9.708	15	8
283	2859161187081494	146506	7	507	-56.165333333333336	-220.0776541748849	-3000.0	8	9.914	15	8
284	2859438505653069	147028	7	507	-56.62533333333333	-213.6272794214333	-3000.0	9	10.1	15	8
285	2859710573762857	147550	7	507	-55.974666666666664	-195.26810256410258	-3000.0	9	10.056	16	8
286	2859956879614348	148069	6	507	-56.25066666666667	-209.08463905325442	-3000.0	9	10.02	17	8
287	2860209200367036	148591	8	506	-56.470666666666666	-227.5197944664031	-3000.0	8	9.826	16	8
288	2860462308577634	149099	9	508	-56.95066666666665	-233.831842519685	-3000.0	9	9.85	16	8
289	2860733578343964	149624	11	509	-56.27866666666668	-269.4928827766863	-3000.0	8	9.772	18	8
290	2860977229343850	150148	11	511	-56.65199999999998	-197.14747031963466	-3000.0	9	10.202	19	8
291	2861212069862476	150663	12	511	-57.004000000000005	-198.3680182648402	-3000.0	8	9.786	19	8
292	2861465920597515	151193	10	512	-56.78800000000001	-230.88546874999997	-3000.0	10	9.72	20	8
293	2861729723879824	151748	7	510	-56.33066666666669	-251.67855686274507	-3000.0	9	9.682	21	8
294	2861975283938999	152279	8	507	-56.66266666666665	-221.3626324786325	-3000.0	8	9.802	20	8
295	2862231702059138	152804	8	508	-56.864	-199.34701837270345	-3000.0	8	10.202	21	8
296	2862487443559572	153356	7	508	-56.50666666666666	-210.89439632545933	-3000.0	14	10.324	20	8
297	2862739665453335	153876	7	507	-56.85733333333333	-258.9176831032216	-3000.0	9	11.242	21	8
298	2863024020016422	154400	8	507	-55.81200000000002	-213.79199474030244	-3000.0	9	10.976	21	8
299	2863310867058353	154910	8	508	-56.428000000000004	-200.35957742782156	-3000.0	9	11.41	22	8
300	2863557583345307	155439	7	508	-56.65466666666667	-183.52183202099735	-3000.0	11	10.354	21	8
301	2863836988054405	155972	7	507	-56.78666666666666	-189.54231426692968	-3000.0	9	10.668	19	8
302	2864081812238411	156480	7	507	-56.52533333333333	-249.76570940170942	-3000.0	9	10.412	20	8
303	2864343735423849	156987	9	507	-56.522666666666666	-247.91918474687705	-3000.0	8	10.696	19	8
304	2864602392625760	157508	8	509	-55.877333333333326	-218.13579043876885	-3000.0	9	10.542	20	8
305	2864876910166619	158028	8	508	-55.776	-215.37813910761156	-3000.0	9	11.048	18	8
306	2865149328311181	158546	10	508	-55.46666666666667	-237.10770341207348	-3000.0	8	10.35	18	8
307	2865423293750018	159071	8	510	-56.388000000000005	-261.1512	-3000.0	14	10.346	17	8
308	2865682633224650	159608	8	508	-57.04533333333332	-204.65673228346458	-3000.0	9	10.566	16	8
309	2865966873073790	160149	7	508	-56.702666666666666	-232.14843569553804	-3000.0	10	10.518	16	8
310	2866226103093399	160684	7	507	-56.487999999999985	-231.03747797501643	-3000.0	10	10.678	16	8
311	2866502961809358	161205	8	507	-56.03866666666666	-205.05662327416172	-3000.0	10	10.784	16	8
312	2866759482642546	161716	9	508	-56.40266666666666	-212.32425721784773	-3000.0	9	10.856	17	8
313	2867019318643750	162249	8	509	-56.05733333333333	-195.741317616241	-3000.0	10	10.97	17	8
314	2867299444578289	162779	8	508	-56.28533333333335	-205.14484776902881	-3000.0	9	10.8	17	8
315	2867565461585909	163305	9	508	-56.96533333333333	-186.8113359580053	-3000.0	9	10.98	18	8
316	2867845722641734	163828	9	509	-56.33999999999999	-190.36877013752456	-3000.0	10	11.32	18	8
317	2868112762805446	164353	8	509	-56.797333333333334	-243.9034629993451	-3000.0	13	11.274	18	8
318	2868365466814048	164861	8	508	-56.67066666666668	-198.75186089238846	-3000.0	9	11.016	18	8
319	2868637568726247	165370	8	508	-56.044	-222.504343832021	-3000.0	11	10.906	17	8
320	2868883567822339	165880	9	508	-56.20399999999999	-221.7273700787402	-3000.0	9	10.516	18	8
321	2869148533989865	166410	8	509	-55.808	-196.9276516044532	-3000.0	8	10.428	18	8
322	2869414935421097	166924	8	508	-56.95600000000001	-237.19603674540681	-3000.0	11	10.476	19	8
323	2869686373347255	167434	9	508	-56.596	-269.8197847769029	-3000.0	11	10.788	19	8
324	2869955615890896	167956	7	509	-56.64266666666667	-189.16346561886053	-3000.0	14	10.884	20	8
325	2870196989239312	168476	8	507	-56.657333333333334	-230.350358974359	-3000.0	11	10.788	19	8
326	2870441715379978	168997	8	508	-56.29200000000002	-224.10581102362204	-3000.0	10	10.05	18	8
327	2870690660101665	169519	8	508	-55.216000000000015	-191.1431181102362	-3000.0	10	10.612	18	8
328	2870953692707588	170064	7	508	-56.23866666666665	-207.77526509186356	-3000.0	14	10.692	17	8
329	2871210624759997	170573	8	507	-56.609333333333346	-171.7498908612755	-3000.0	12	11.03	18	8
330	2871472352934201	171102	7	508	-56.22000000000002	-210.47215223097112	-3000.0	12	11.42	18	8
331	2871734241734767	171618	7	507	-55.62533333333333	-189.15252596975677	-3000.0	9	11.716	19	8
332	2872015107635261	172142	7	507	-56.79333333333333	-151.87862458908612	-3000.0	10	11.538	19	8
333	2872310933547715	172656	7	507	-57.008	-199.12107823800133	-3000.0	12	11.504	18	8
334	2872592245251003	173183	7	507	-56.69466666666667	-160.00916502301115	-3000.0	9	11.68	19	8
335	2872896322293607	173720	8	507	-56.282666666666685	-193.4613780407627	-3000.0	10	11.534	19	8
336	2873187692091092	174228	9	508	-56.98266666666668	-233.97774278215226	-3000.0	10	11.666	19	8
337	2873471343869079	174753	9	509	-55.85733333333333	-179.14093778650954	-3000.0	10	11.21	20	8
338	2873755953275843	175274	8	509	-56.58400000000002	-173.67170923379174	-3000.0	8	11.47	18	8
339	2874045767635674	175792	8	508	-56.544000000000004	-191.75380839895013	-3000.0	12	12.22	19	8
340	2874339810763926	176328	6	508	-56.893333333333324	-167.75436745406827	-3000.0	13	12.584	20	8
341	2874620489247236	176834	6	506	-56.26266666666666	-140.46983135704872	-3000.0	15	12.954	19	8
342	2874910914917722	177344	6	506	-56.75466666666665	-178.25537549407113	-3000.0	11	13.178	20	8
343	2875220795571288	177851	6	506	-56.798666666666676	-158.6513465085639	-3000.0	15	12.826	21	8
344	2875543815230358	178365	5	506	-56.109333333333325	-168.50098287220027	-3000.0	12	13.16	21	8
345	2875860199323516	178886	5	505	-56.56533333333333	-186.02580066006598	-3000.0	19	13.18	22	8
346	2876189308566607	179403	5	505	-56.78533333333333	-163.27532673267328	-3000.0	15	13.89	23	8
347	2876526553962877	179910	6	505	-56.59466666666667	-176.4523775577558	-3000.0	13	13.846	22	8
348	2876820724011848	180421	6	506	-56.45733333333334	-151.98074044795783	-3000.0	13	13.31	22	8
349	2877172005130735	180934	6	506	-56.356	-163.91745718050066	-3000.0	11	13.606	23	8
350	2877519731454797	181443	6	506	-56.434666666666665	-171.40568642951254	-3000.0	10	14.038	24	8
351	2877856036684121	181951	6	506	-56.713333333333324	-206.85467984189725	-3000.0	11	14.064	25	8
352	2878192582334457	182457	6	506	-55.97999999999998	-195.85849802371547	-3000.0	10	13.822	21	8
353	2878524240221209	182968	7	506	-55.69333333333333	-213.78052173913042	-3000.0	15	13.936	22	8
354	2878829508830969	183479	7	507	-55.66666666666667	-187.8440447074293	-3000.0	17	12.786	22	8
355	2879171110744293	183987	7	507	-56.38666666666666	-138.05050887573967	-3000.0	12	13.868	22	8
356	2879511461805323	184495	7	507	-56.17333333333333	-175.11992636423406	-3000.0	10	14.31	23	8
357	2879824336290848	185002	8	507	-55.76	-177.88903616042077	-3000.0	11	13.19	23	8
358	2880137398077719	185521	6	508	-56.08666666666667	-166.4328582677165	-3000.0	11	13.132	24	8
359	2880449262831592	186027	7	506	-56.29466666666667	-151.23244268774707	-3000.0	8	13.048	24	8
360	2880744126570821	186538	7	507	-56.250666666666675	-170.7588507560815	-3000.0	9	12.792	23	8
361	2881006027198536	187045	7	507	-56.452	-178.90484418145954	-3000.0	19	12.344	23	8
362	2881324041906569	187552	7	507	-56.15599999999999	-199.2120184089415	-3000.0	9	13.322	24	8
363	2881653702239364	188059	7	507	-56.83466666666666	-158.7025667324129	-3000.0	10	13.486	24	8
364	2881925307222850	188566	7	507	-56.554666666666655	-168.35399079552923	-3000.0	13	12.06	21	8
365	2882214647227634	189073	7	507	-56.470666666666666	-209.6631137409599	-3000.0	9	12.048	20	8
366	2882528348315098	189594	6	507	-54.906666666666666	-159.71291781722553	-3000.0	10	13.306	21	8
367	2882848833532889	190105	6	506	-56.49733333333331	-138.7718181818182	-2906.5666666666666	10	13.868	21	8
368	2883205011140259	190630	5	506	-56.37866666666667	-127.89079841897235	-3000.0	17	14.23	22	8
369	2883521024644486	191135	7	505	-56.856	-123.5646495049505	-3000.0	12	14.454	23	8
370	2883830836849144	191653	7	507	-56.374666666666656	-187.15077449046677	-3000.0	16	12.964	21	8
371	2884154026080439	192175	6	507	-56.09733333333334	-163.9047232084155	-3000.0	10	13.556	22	8
372	2884467936253478	192681	6	506	-56.111999999999995	-204.17381027667977	-3000.0	13	14.036	22	8
373	2884782532936921	193187	6	506	-56.636	-179.85400790513833	-3000.0	14	13.422	21	8
374	2885117070208756	193693	6	506	-56.49733333333334	-179.64363109354414	-3000.0	14	13.914	22	8
375	2885438484599171	194199	6	506	-56.509333333333345	-185.78703557312255	-3000.0	14	13.962	22	8
376	2885747105732089	194705	6	506	-56.71999999999999	-159.20298287220027	-3000.0	10	14.312	22	8
377	2886086513525659	195225	6	506	-55.736000000000004	-184.16327272727267	-3000.0	17	14.386	22	8
378	2886406149927511	195731	6	506	-56.32666666666667	-153.50725955204214	-3000.0	13	14.518	22	8
379	2886738961101882	196240	5	506	-55.92266666666666	-192.93546508563892	-3000.0	12	14.288	21	8
380	2887088179417076	196745	5	505	-55.848	-162.2544422442244	-3000.0	12	14.624	22	8
381	2887450254509380	197256	5	505	-56.021333333333324	-156.9654627062706	-3000.0	14	14.808	22	8
382	2887780873702582	197761	5	505	-56.474666666666664	-165.22756699669966	-3000.0	17	14.194	21	8
383	2888097054398910	198267	5	505	-56.20933333333333	-143.36841188118817	-3000.0	14	13.968	22	8
384	2888436610960952	198772	5	505	-56.06133333333333	-168.8569768976898	-3000.0	11	13.962	22	8
385	2888771253274407	199277	7	505	-54.97866666666667	-155.9606679867987	-3000.0	11	13.562	22	8
386	2889086115166675	199787	7	507	-56.42800000000001	-180.60399737015126	-3000.0	17	13.842	22	8
387	2889403328276191	200294	7	507	-55.82533333333334	-168.66564628533862	-3000.0	16	13.578	23	8
388	2889738996957483	200815	6	507	-56.242666666666665	-163.78562524654834	-3000.0	12	13.64	23	8
389	2890054043212265	201323	7	506	-56.30933333333333	-176.47030039525697	-3000.0	11	13.418	23	8
390	2890395445292652	201838	7	507	-56.18666666666667	-191.2341617357002	-3000.0	14	14.046	23	8
391	2890731723142152	202347	7	507	-56.46133333333334	-177.97803813280734	-3000.0	12	13.75	23	8
392	2891061306969934	202854	7	507	-55.362666666666684	-171.62372912557527	-3000.0	10	13.59	24	8
393	2891376967237753	203367	7	507	-56.355999999999995	-224.57598948060476	-3000.0	12	13.58	25	8
394	2891704020709396	203888	6	507	-56.54266666666666	-143.68267981591055	-3000.0	12	13.636	26	8
395	2892022620726693	204394	7	506	-56.06533333333333	-143.23646376811595	-3000.0	13	13.576	24	8
396	2892314441924591	204906	7	507	-56.00666666666666	-148.90798948060484	-3000.0	15	13.606	24	8
397	2892604459673297	205414	7	507	-56.312	-195.6711873767259	-3000.0	13	13.336	25	8
398	2892900230270334	205932	7	507	-55.74266666666667	-184.65030111768573	-3000.0	11	13.606	24	8
399	2893222535191752	206444	7	507	-55.99733333333334	-156.30853122945427	-3000.0	12	13.602	21	8
400	2893517722092697	206963	7	507	-56.264	-149.08422879684423	-3000.0	13	13.242	22	8
401	2893791404295127	207472	7	507	-56.372000000000014	-197.85529257067722	-3000.0	14	12.906	21	8
402	2894088325916520	207992	7	507	-56.358666666666664	-168.37497698882314	-3000.0	13	13.072	21	8
403	2894400783777615	208511	8	507	-56.430666666666674	-176.58135963182113	-3000.0	15	13.306	20	8
404	2894702357662098	209032	7	508	-56.128	-210.2175170603674	-3000.0	13	12.806	21	8
405	2894997655531827	209546	7	507	-55.816	-201.48342669296514	-3000.0	14	12.75	20	8
406	2895296176823077	210063	8	507	-56.56	-190.38542800788952	-3000.0	10	12.772	19	8
407	2895595919822581	210571	9	508	-55.66666666666666	-211.46385301837267	-3000.0	11	12.226	19	8
408	2895871422560920	211081	9	509	-55.290666666666674	-192.00107662082513	-3000.0	14	12.704	20	8
409	2896144532886323	211593	9	509	-56.858666666666664	-162.09023444662736	-3000.0	11	12.028	19	8
410	2896408674051971	212102	9	509	-56.94133333333333	-191.96316175507536	-3000.0	13	12.15	18	8
411	2896688223158134	212616	9	509	-56.01600000000001	-155.45547085789127	-3000.0	10	12.826	17	8
412	2896995737975593	213135	9	509	-55.168	-145.2899253438114	-3000.0	11	13.124	18	8
413	2897294934193053	213658	9	509	-56.474666666666664	-166.9127072691552	-3000.0	14	12.862	18	8
414	2897574999003133	214167	9	509	-55.95733333333334	-155.35012180746563	-3000.0	11	12.84	18	8
415	2897874986222135	214684	10	509	-56.07466666666665	-150.93729666011788	-3000.0	16	12.848	18	8
416	2898172677835413	215212	10	510	-56.437333333333335	-173.16459607843137	-3000.0	11	13.192	20	8
417	2898450221926848	215725	10	510	-56.28666666666666	-208.4039555555555	-3000.0	13	13.166	20	8
418	2898745679941277	216235	10	510	-56.611999999999995	-184.344922875817	-3000.0	14	13.16	20	8
419	2899057253311698	216745	11	510	-56.36266666666666	-158.34757385620912	-3000.0	14	13.346	18	8
420	2899360817771550	217256	11	511	-55.30266666666667	-174.99545988258316	-3000.0	17	13.322	18	8
421	2899685727081024	217781	10	511	-56.06266666666666	-146.0427553816047	-3000.0	13	13.376	18	8
422	2899985699188262	218295	9	510	-56.834666666666664	-203.94580130718958	-3000.0	13	12.87	18	8
423	2900255576574415	218816	9	509	-56.21733333333333	-232.9825514079895	-3000.0	13	12.502	19	8
424	2900550171627683	219325	10	509	-56.68	-155.22447151277015	-3000.0	13	12.954	19	8
425	2900823225032246	219835	10	510	-56.54400000000001	-158.86111372549018	-3000.0	15	13.248	20	8
426	2901109169856252	220368	9	510	-55.597333333333324	-179.88435555555554	-3000.0	9	12.848	20	8
427	2901379941481474	220878	9	509	-55.985333333333344	-169.24010216110014	-3000.0	12	13.286	19	8
428	2901663393489500	221387	9	509	-55.77466666666667	-184.2494328749181	-3000.0	11	13.254	19	8
429	2901947505898224	221896	9	509	-56.23466666666668	-206.0925946299934	-3000.0	12	13.592	20	8
430	2902244357802512	222406	9	509	-56.60533333333333	-139.60601440733464	-3000.0	16	13.932	21	9
431	2902538276064192	222922	9	509	-56.39733333333334	-132.57682776686312	-3000.0	15	13.854	21	8
432	2902830250384132	223431	9	509	-56.03599999999999	-181.34882776686317	-3000.0	11	13.85	22	8
433	2903114571475811	223940	9	509	-56.02133333333333	-143.3787190569745	-3000.0	11	13.746	20	8
434	2903420958652270	224449	9	509	-56.37866666666666	-152.353969875573	-3000.0	16	13.602	20	8
435	2903720985188455	224958	9	509	-56.50266666666667	-190.9157459070072	-3000.0	15	13.82	20	8
436	2904021150722704	225485	9	509	-56.444	-172.2130111329404	-3000.0	10	13.636	20	8
437	2904316040302310	225994	9	509	-56.45866666666668	-181.6664099541585	-3000.0	12	13.482	20	8
438	2904628259250560	226503	9	509	-56.18933333333334	-135.8478402095612	-3000.0	13	14.15	21	8
439	2904924422908060	227012	9	509	-56.008	-138.18881466928616	-3000.0	11	13.784	21	8
440	2905226333787383	227521	9	509	-55.844000000000015	-173.5933333333333	-3000.0	13	13.448	20	8
441	2905524786510261	228030	9	509	-56.15199999999999	-179.269519318926	-3000.0	13	13.684	19	9
442	2905813388217066	228553	8	509	-56.31733333333334	-201.29552848722986	-3000.0	15	13.328	20	8
443	2906097083838887	229061	8	508	-56.43599999999999	-165.47186876640419	-3000.0	15	13.128	21	8
444	2906366314897527	229569	8	508	-56.03200000000001	-184.90487401574805	-3000.0	11	12.832	21	8
445	2906638012678744	230077	8	508	-56.31999999999999	-165.0608031496063	-3000.0	11	13.008	21	8
446	2906881229286381	230585	8	508	-55.622666666666674	-164.34521784776902	-3000.0	11	12.332	21	8
447	2907156882143994	231093	8	508	-56.05466666666666	-148.74564566929135	-3000.0	12	12.912	21	8
448	2907432750765424	231601	8	508	-56.34133333333335	-173.78910761154856	-3000.0	12	13.274	20	8
449	2907711866096668	232109	8	508	-55.93200000000001	-151.02372965879263	-3000.0	13	13.076	20	8
450	2908008402992680	232629	8	508	-56.54800000000001	-210.67577690288712	-3000.0	12	12.984	19	8
451	2908277188476427	233137	8	508	-56.10133333333334	-205.41859055118107	-3000.0	10	13.182	20	8
452	2908554172778621	233645	8	508	-56.68266666666666	-201.49802362204724	-3000.0	10	13.078	20	8
453	2908840205487268	234153	8	508	-55.93333333333331	-179.94634120734906	-3000.0	11	13.296	20	8
454	2909115705914215	234661	8	508	-56.504000000000005	-169.03465879265093	-3000.0	12	13.228	21	8
455	2909413083809666	235169	8	508	-56.12133333333334	-174.1023569553806	-3000.0	12	13.374	21	8
456	2909703485633190	235689	7	508	-55.82666666666667	-158.58497637795276	-3000.0	11	13.402	21	8
457	2910004779932720	236198	7	507	-56.28933333333332	-189.78571992110457	-3000.0	10	13.586	21	8
458	2910278351470044	236705	7	507	-56.632	-171.35950558842865	-3000.0	17	13.296	22	8
459	2910555154220743	237222	7	507	-55.79733333333333	-204.9491124260355	-3000.0	13	13.274	23	8
460	2910851720164947	237729	7	507	-56.18000000000001	-195.30672715318872	-3000.0	10	13.384	23	8
461	2911142536420605	238236	7	507	-55.812	-154.89052465483238	-3000.0	9	13.228	22	8
462	2911425924641848	238746	7	507	-56.216	-169.28879421433277	-3000.0	15	13.664	22	8
463	2911717369667773	239258	7	507	-56.67199999999998	-185.36865483234718	-3000.0	12	14.03	22	8
464	2912018702858536	239776	6	507	-56.410666666666685	-175.09074293228136	-3000.0	10	13.948	23	8
465	2912321200101189	240282	6	506	-56.416000000000004	-190.32353359683796	-3000.0	11	14.126	24	8
466	2912601799549518	240798	6	506	-56.250666666666675	-194.99671409749672	-3000.0	12	13.078	24	8
467	2912911392450215	241304	6	506	-56.221333333333334	-210.33639525691697	-3000.0	11	13.668	24	8
468	2913210597876186	241812	7	506	-56.501333333333335	-164.771791831357	-3000.0	13	13.6	25	8
469	2913476139095753	242319	7	507	-55.46533333333333	-193.66844181459564	-3000.0	11	13.09	25	8
470	2913764753240906	242826	7	507	-55.748000000000005	-190.76115713346485	-3000.0	12	12.504	25	8
471	2914032648394189	243333	7	507	-55.902666666666654	-171.25733333333332	-3000.0	9	12.49	25	8
472	2914310051564709	243847	6	507	-56.16133333333333	-206.4651097961867	-3000.0	13	12.858	24	8
473	2914606099857553	244359	6	506	-56.745333333333335	-194.56291963109354	-3000.0	13	12.96	24	8
474	2914890050270794	244865	6	506	-55.78	-194.08959683794464	-3000.0	9	12.61	25	8
475	2915161635024598	245371	6	506	-56.11066666666666	-168.51363636363635	-3000.0	11	13.102	24	8
476	2915453067365818	245877	6	506	-56.21866666666666	-210.27771541501977	-3000.0	16	13.358	25	8
477	2915737840270598	246383	6	506	-55.92533333333333	-193.1828537549407	-3000.0	12	13.272	26	8
478	2916057310518434	246889	6	506	-55.93999999999999	-152.63541765480898	-3000.0	9	14.11	26	8
479	2916362328348515	247395	6	506	-56.16666666666666	-166.87916205533597	-3000.0	12	13.868	26	8
480	2916660938760662	247901	6	506	-56.25333333333335	-195.9631330698287	-3000.0	15	13.766	26	8
481	2916952560384470	248407	6	506	-56.812	-168.85292490118573	-3000.0	14	13.524	26	8
482	2917289243348499	248913	6	506	-56.36533333333334	-170.93240316205532	-3000.0	13	15.356	27	8
483	2917594729477827	249419	6	506	-55.74533333333333	-208.658303030303	-3000.0	9	14.024	28	8
484	2917939365131024	249925	6	506	-56.19466666666666	-182.61220289855072	-3000.0	11	15.242	28	8
485	2918256962100737	250431	6	506	-56.53466666666666	-185.6429328063241	-3000.0	10	14.744	28	8
486	2918575773577761	250937	6	506	-56.18000000000001	-184.46241370223973	-3000.0	11	14.964	26	8
487	2918892057732916	251443	6	506	-56.181333333333335	-170.01720948616605	-3000.0	15	15.028	26	8
488	2919182226007073	251949	6	506	-56.324	-236.0727931488801	-3000.0	13	13.214	27	8
489	2919457939424390	252455	6	506	-56.321333333333335	-216.05882740447956	-3000.0	13	12.896	28	8
490	2919771687124410	252961	6	506	-56.514666666666656	-196.23820816864296	-3000.0	10	13.48	28	8
491	2920059593311453	253467	6	506	-56.28533333333334	-164.02346245059283	-3000.0	8	13.158	28	8
492	2920353634635762	253973	6	506	-56.54533333333333	-179.46896969696974	-3000.0	12	12.944	26	8
493	2920601625732353	254479	6	506	-56.168	-138.84146245059287	-3000.0	11	12.666	27	8
494	2920875460423952	254985	6	506	-56.93333333333333	-155.30001844532282	-3000.0	9	13.014	28	8
495	2921175937325230	255491	6	506	-56.715999999999994	-177.0301554677207	-3000.0	9	13.49	28	8
496	2921430499722038	255997	6	506	-56.17333333333331	-167.73322266139652	-3000.0	17	12.244	28	8
497	2921703776435939	256503	6	506	-56.279999999999994	-178.72805006587615	-3000.0	9	11.788	29	8
498	2921961793319805	257009	6	506	-55.56666666666667	-221.69171541501976	-3000.0	14	11.792	26	8
499	2922202616789266	257515	6	506	-55.605333333333334	-208.74304084321474	-3000.0	11	11.808	27	8
