alpha = 0.15
gamma = 1.0
lambda = 0.6
epsilon = 0.3
randomSeed = 1414
GREAT!
Xover: 4
---- Evolution parameters ----
Folder name:          NMSarsa_Maze/run_2784148488159915
Random seed:          1414
GREAT activated:      true
Max iterations:       500
Population size:      500
GREAT initialization  true
Speciation threshold: 0.15
Species min size:     15
Tournament size:      3
Crossover rate:       0.2
Mutation rate:        0.8
Crossovers:
	AligningCrossover_v4(0.15)
Mutations:
	AddGeneMutation(maxSize=2147483647, prob=0.33)
	DeleteGeneMutation(minSize=8, prob=0.33)
	ChangeGeneMutation(prob=0.33)
------------------------------

---- Starting evolution ----
IT	Nanotime	#Eval	#Species	PopSize	Best	Avg	Worst	Best GRN Size	Avg GRN size	Max GRN size	Min GRN size
0	2784719171891100	997	1	499	-118.43333333333334	-2738.1625250501015	-3000.0	10	9.808	14	8
1	2785026569462357	1498	6	501	-112.0	-2338.2461503659347	-3000.0	9	10.174	15	8
2	2785249242823883	2004	6	506	-109.7	-1739.4990935441374	-3000.0	10	10.47	16	8
3	2785397766169155	2513	6	506	-98.74000000000002	-1082.2061317523057	-3000.0	9	10.006	15	8
4	2785516843821141	3019	6	506	-100.63333333333334	-905.0750856389991	-3000.0	9	10.65	16	8
5	2785591621753706	3535	7	506	-100.1	-517.9726824769433	-3000.0	8	11.088	16	8
6	2785660084753467	4042	7	507	-101.2	-548.4145877712032	-3000.0	10	10.634	17	8
7	2785728749982348	4556	7	507	-94.65999999999998	-390.2330124917817	-3000.0	13	10.582	17	8
8	2785792505855136	5065	7	507	-93.38399999999997	-396.50147534516765	-3000.0	12	10.522	16	8
9	2785875781906563	5578	7	507	-94.46399999999998	-437.72680604865246	-3000.0	12	10.128	17	8
10	2785960467311804	6102	5	507	-87.09066666666668	-319.20861538461537	-3000.0	9	9.89	17	8
11	2786073978749883	6610	5	505	-84.27733333333333	-305.8779353135314	-3000.0	8	10.128	15	8
12	2786205589173159	7125	6	505	-82.77866666666668	-306.3162825082508	-3000.0	10	10.598	16	8
13	2786337554235103	7638	7	506	-78.36399999999999	-251.04654018445325	-3000.0	11	10.544	17	8
14	2786482425592989	8145	7	507	-82.52666666666666	-240.8859355687048	-3000.0	11	10.306	18	8
15	2786662200685992	8669	7	507	-80.12266666666667	-214.15458251150562	-3000.0	11	10.576	16	8
16	2786860178411542	9196	7	507	-78.10666666666667	-240.65158711374096	-3000.0	12	10.476	17	8
17	2787076032104901	9718	8	507	-77.85466666666666	-196.50068639053248	-3000.0	13	11.0	18	8
18	2787296929767577	10236	8	508	-78.48	-197.34543044619426	-3000.0	13	11.21	19	8
19	2787537635895197	10772	7	508	-77.556	-189.70923622047243	-3000.0	12	10.962	20	8
20	2787785983750473	11308	7	507	-77.62266666666667	-188.47908481262326	-3000.0	13	10.544	20	8
21	2788040715353762	11827	7	507	-78.49466666666666	-138.05646022353713	-3000.0	11	10.86	19	8
22	2788309962129616	12353	5	507	-76.96666666666668	-158.07519526627217	-3000.0	10	11.33	20	8
23	2788577164306112	12862	6	505	-77.72533333333331	-129.61307458745873	-3000.0	13	10.93	20	8
24	2788849825991772	13376	7	506	-75.16533333333335	-141.0824321475626	-3000.0	15	10.396	20	8
25	2789093753535350	13884	7	507	-76.476	-134.50997501643656	-3000.0	14	10.142	21	8
26	2789377539471117	14412	7	507	-75.42533333333334	-132.29272320841554	-2981.5333333333333	11	10.908	21	8
27	2789651563349899	14920	7	507	-73.748	-123.53682051282053	-3000.0	10	10.632	20	8
28	2789937406353590	15439	8	507	-72.49733333333333	-136.94090992767914	-3000.0	10	11.192	20	8
29	2790205989268762	15953	8	508	-71.06933333333335	-112.56215748031495	-2966.8333333333335	10	10.728	21	8
30	2790496245532733	16479	7	508	-70.19466666666666	-118.45965091863515	-3000.0	10	11.212	21	8
31	2790771049468451	16986	8	507	-70.42133333333334	-132.30861538461536	-3000.0	8	10.92	22	8
32	2791064187016993	17494	9	508	-68.19600000000001	-133.61825721784777	-3000.0	9	10.804	23	8
33	2791329517887310	18013	9	509	-71.17866666666667	-165.8925134250164	-3000.0	8	10.694	23	8
34	2791634876665203	18541	8	509	-70.84533333333334	-147.82913948919446	-3000.0	8	10.774	23	8
35	2791914530695930	19051	8	508	-66.40666666666667	-155.4815958005249	-3000.0	10	11.052	23	8
36	2792168995782783	19592	8	508	-64.76533333333333	-141.85361679790026	-3000.0	10	10.158	22	8
37	2792412092713862	20114	7	508	-64.4	-144.78000262467194	-3000.0	11	9.948	19	8
38	2792674598017073	20635	9	507	-63.23333333333332	-179.8280762656147	-3000.0	8	10.44	20	8
39	2792937644432149	21163	9	509	-64.28933333333335	-154.46892730844795	-3000.0	11	10.484	21	8
40	2793210661878303	21700	8	509	-63.048	-146.939132940406	-3000.0	11	10.214	21	8
41	2793485332778457	22240	7	508	-61.87466666666666	-166.83101312335958	-3000.0	10	10.52	22	8
42	2793756704112039	22761	6	507	-62.890666666666675	-143.40402629848785	-3000.0	11	10.58	22	8
43	2794030008261630	23271	6	506	-61.635999999999996	-126.71969696969697	-3000.0	11	10.816	21	8
44	2794309024544305	23790	5	506	-62.32	-123.81151778656128	-3000.0	12	10.802	22	8
45	2794581108223064	24312	4	505	-60.83866666666667	-145.34966864686464	-3000.0	11	10.87	23	8
46	2794859788140871	24837	4	504	-61.717333333333336	-129.4734523809524	-2825.3	11	11.118	16	8
47	2795121265968355	25341	6	504	-61.49733333333331	-152.2175238095238	-3000.0	12	11.13	16	8
48	2795394582875577	25868	5	506	-61.262666666666675	-146.48838471673253	-3000.0	11	11.158	17	8
49	2795685145634766	26391	4	505	-60.081333333333326	-154.1514772277228	-3000.0	11	11.434	18	8
50	2795951216099684	26898	5	504	-60.81866666666666	-161.06659788359786	-3000.0	10	11.51	17	8
51	2796233631942831	27406	6	505	-59.578666666666656	-183.32066798679867	-3000.0	9	11.252	17	8
52	2796473294435677	27926	6	506	-60.09866666666666	-139.21691699604742	-3000.0	12	10.38	17	8
53	2796744545375143	28452	5	506	-60.40133333333333	-167.92748089591566	-3000.0	11	10.354	16	8
54	2796989602625166	28966	5	505	-60.51200000000001	-149.02716831683168	-3000.0	13	10.028	16	8
55	2797240690659003	29487	6	505	-57.79200000000001	-173.72290165016506	-3000.0	11	10.74	17	8
56	2797504397133522	29995	6	506	-57.28933333333333	-140.62888801054018	-3000.0	10	11.11	17	8
57	2797768561922879	30503	6	506	-58.443999999999996	-187.44273517786567	-3000.0	10	10.734	17	8
58	2798029507509133	31011	7	506	-58.51733333333332	-148.24245322793146	-3000.0	12	11.044	18	8
59	2798311469419752	31523	7	507	-58.563999999999986	-186.85012491781723	-3000.0	14	11.482	19	8
60	2798588971403889	32055	6	507	-58.50133333333334	-130.7243708086785	-3000.0	9	11.374	20	8
61	2798864214365599	32561	8	506	-57.817333333333345	-144.41428722002632	-3000.0	10	11.786	19	8
62	2799128078452646	33078	8	508	-57.95066666666668	-141.5122965879265	-2917.733333333333	14	11.538	19	8
63	2799387167663345	33610	6	508	-57.778666666666666	-140.0430183727034	-3000.0	9	11.2	19	8
64	2799651038847800	34117	7	506	-57.97066666666667	-92.89316469038212	-2851.4666666666667	10	11.704	19	8
65	2799916636147490	34629	7	507	-57.88799999999999	-138.7669927679158	-3000.0	9	11.454	20	8
66	2800165529786717	35141	7	507	-57.94133333333334	-137.67360157790924	-3000.0	9	11.496	18	8
67	2800437681817962	35655	8	507	-58.157333333333334	-150.13941617357003	-3000.0	9	11.644	18	8
68	2800684813510357	36174	7	508	-57.400000000000006	-145.62104724409448	-3000.0	9	12.226	18	8
69	2800944541742918	36685	7	507	-57.94266666666667	-124.48705851413547	-3000.0	10	11.966	18	8
70	2801204916830919	37192	8	507	-58.336000000000006	-148.9037317554241	-3000.0	8	11.862	18	8
71	2801472788181787	37715	7	508	-57.902666666666676	-175.11762467191605	-3000.0	11	11.544	18	8
72	2801727027871395	38222	7	507	-58.89466666666665	-157.09664957264957	-3000.0	12	11.816	19	8
73	2801991271884187	38729	7	507	-58.02	-158.6655831689678	-3000.0	13	11.918	19	8
74	2802272136983677	39239	8	507	-58.056000000000004	-178.78742669296517	-3000.0	12	11.692	19	8
75	2802541283305122	39751	8	508	-58.365333333333325	-181.18174278215218	-3000.0	12	10.782	19	8
76	2802795884115297	40259	8	508	-57.98399999999999	-220.6190288713911	-3000.0	10	10.81	18	8
77	2803073490283776	40774	8	508	-57.818666666666665	-226.55765879265087	-3000.0	15	10.616	18	8
78	2803331610526043	41282	8	508	-58.35066666666668	-198.72518372703414	-3000.0	15	10.262	19	8
79	2803575026013355	41813	6	508	-58.41066666666665	-203.57173228346457	-3000.0	8	10.35	18	8
80	2803827133648252	42340	7	506	-58.15866666666667	-273.53772859025037	-3000.0	11	10.65	19	8
81	2804059943654199	42847	8	507	-57.86133333333334	-361.81889809335973	-3000.0	9	9.904	16	8
82	2804336137946005	43380	6	508	-57.934666666666665	-415.82446981627294	-3000.0	9	9.49	16	8
83	2804612205125494	43896	5	506	-57.49333333333333	-1102.0554703557318	-3000.0	12	11.202	16	8
84	2804867262560205	44401	6	505	-58.33466666666667	-462.567207920792	-3000.0	10	11.232	17	8
85	2805114037392416	44913	7	506	-58.26133333333334	-277.0325138339921	-3000.0	9	11.258	18	8
86	2805355013172301	45427	8	507	-58.33733333333335	-275.37883497698886	-3000.0	10	11.32	18	8
87	2805598154786602	45961	6	508	-57.73466666666667	-230.53904724409452	-3000.0	8	11.088	19	8
88	2805872456487670	46484	6	506	-57.50933333333332	-199.21330961791833	-3000.0	9	12.096	19	8
89	2806121549228938	46995	6	506	-58.54933333333332	-278.03748089591573	-3000.0	8	10.504	19	8
90	2806385341181331	47502	6	506	-57.57333333333332	-239.5640974967061	-3000.0	9	10.27	20	8
91	2806648785625427	48011	6	506	-57.79333333333335	-220.34208432147557	-3000.0	12	11.384	21	8
92	2806924931581546	48526	6	506	-58.46666666666666	-257.665559947299	-3000.0	15	10.846	21	8
93	2807211336645729	49043	6	506	-58.241333333333344	-209.70522266139656	-3000.0	15	10.984	19	8
94	2807506983588467	49559	6	506	-58.468	-235.67896969696966	-3000.0	9	11.41	20	8
95	2807788408480515	50069	5	506	-58.35999999999999	-193.8677865612649	-3000.0	9	11.526	21	8
96	2808073939612893	50583	5	505	-57.577333333333335	-200.93962508250823	-3000.0	13	11.184	22	8
97	2808353515466363	51088	6	505	-58.24933333333333	-247.3303577557755	-3000.0	11	11.6	19	8
98	2808632555727305	51608	6	506	-58.19466666666667	-171.4943636363636	-3000.0	13	11.786	19	8
99	2808912959683239	52124	6	506	-57.889333333333305	-215.81350988142296	-3000.0	11	11.482	19	8
100	2809191994584680	52641	5	506	-57.852	-217.13734387351772	-3000.0	9	11.474	20	8
101	2809461296021929	53153	5	505	-58.27066666666666	-211.31274983498346	-3000.0	13	11.53	20	8
102	2809730585112326	53658	6	505	-57.936000000000014	-220.2717465346535	-3000.0	8	11.56	21	8
103	2809992711830919	54177	6	506	-57.396	-217.45052173913038	-3000.0	9	11.262	21	8
104	2810286187482867	54690	6	506	-58.23066666666668	-228.49022134387357	-3000.0	9	11.766	21	8
105	2810559040933538	55196	6	506	-58.104	-230.65853754940707	-3000.0	8	10.812	20	8
106	2810829839116671	55712	6	506	-58.117333333333335	-270.94371277997374	-3000.0	13	10.616	20	8
107	2811072497082294	56221	6	506	-57.94266666666667	-248.11466403162058	-3000.0	8	10.356	21	8
108	2811363039869871	56727	7	506	-57.552000000000014	-258.71843741765485	-3000.0	10	11.116	22	8
109	2811630202219311	57234	7	507	-58.22266666666666	-219.54539381985532	-3000.0	9	11.054	21	8
110	2811901359453161	57743	7	507	-58.18533333333334	-231.50418671926369	-3000.0	9	10.874	20	8
111	2812165497277280	58262	9	507	-57.576	-289.8739092702169	-3000.0	10	10.392	21	8
112	2812439066017660	58786	10	509	-58.152	-291.5102815979044	-3000.0	12	10.172	23	8
113	2812699839951301	59308	9	510	-57.24666666666666	-325.3892339869281	-3000.0	9	10.07	23	8
114	2812958036585343	59817	9	509	-58.08666666666667	-258.77977996070734	-3000.0	9	10.31	24	8
115	2813206835167429	60326	9	509	-58.129333333333335	-267.195892599869	-3000.0	9	9.892	23	8
116	2813446724567516	60835	9	509	-57.31066666666665	-248.23259724950884	-3000.0	8	10.24	23	8
117	2813704014845902	61355	9	509	-58.522666666666666	-236.5158035363458	-3000.0	10	10.894	23	8
118	2813973497170754	61878	8	509	-57.65599999999999	-218.70088015717099	-3000.0	10	10.122	21	8
119	2814248474965840	62401	7	508	-57.86266666666666	-213.37768766404199	-3000.0	10	10.582	19	8
120	2814497266928770	62908	7	507	-57.449333333333335	-195.50652202498367	-3000.0	12	10.936	20	8
121	2814767801959729	63415	7	507	-56.49866666666666	-233.18352925706768	-3000.0	11	11.0	21	8
122	2815045928175485	63922	7	507	-57.83599999999999	-305.04845759368834	-3000.0	11	10.994	21	8
123	2815287059110294	64449	5	507	-57.45066666666666	-246.72717685733065	-3000.0	12	10.046	21	8
124	2815550573311009	64954	5	505	-57.270666666666656	-279.0110125412541	-3000.0	12	10.478	21	8
125	2815832237563518	65459	5	505	-57.11999999999998	-210.2647471947195	-3000.0	12	10.562	21	8
126	2816076315109346	65964	5	505	-56.74	-236.35955379537955	-3000.0	11	10.392	20	8
127	2816332149652838	66469	5	505	-57.65066666666666	-206.79595247524745	-3000.0	12	10.672	21	8
128	2816592601450254	66977	5	505	-57.39999999999999	-191.88652937293725	-3000.0	15	10.54	21	8
129	2816837492884250	67482	5	505	-57.02533333333333	-172.44145742574256	-3000.0	11	10.91	22	8
130	2817108946878348	67987	5	505	-56.55066666666666	-236.13633531353136	-3000.0	11	10.698	18	8
131	2817361351014174	68493	5	505	-56.13600000000001	-236.88204092409245	-3000.0	15	10.264	17	8
132	2817634198006325	68998	5	505	-56.447999999999986	-214.1937504950495	-3000.0	10	10.48	18	8
133	2817895822500812	69512	5	505	-57.07466666666667	-199.0478943894389	-3000.0	14	10.71	18	8
134	2818158563535216	70017	5	505	-56.97199999999999	-170.71922112211226	-3000.0	11	10.972	18	8
135	2818421501872325	70522	5	505	-56.40133333333335	-189.5251485148515	-3000.0	10	11.046	19	8
136	2818676709667282	71027	6	505	-55.976000000000006	-146.85467722772276	-3000.0	16	11.024	18	8
137	2818933717185762	71547	5	506	-58.07866666666667	-184.26583399209488	-3000.0	16	10.976	18	8
138	2819181396583834	72052	5	505	-56.65333333333333	-211.589697689769	-3000.0	16	10.702	18	8
139	2819449746028851	72557	5	505	-56.04799999999998	-238.18321320132011	-3000.0	13	10.564	18	8
140	2819706240822865	73062	5	505	-57.31733333333334	-208.5948118811881	-3000.0	14	10.944	18	8
141	2819975632054154	73584	6	505	-56.76666666666668	-157.08806864686468	-3000.0	11	11.5	18	8
142	2820255153028589	74090	6	506	-56.815999999999995	-294.5683583662713	-3000.0	14	10.956	18	8
143	2820509359020326	74596	6	506	-56.65333333333332	-244.21583399209487	-3000.0	18	11.4	19	8
144	2820778943232467	75102	6	506	-56.73866666666666	-150.32111462450592	-3000.0	11	11.636	19	8
145	2821039610479989	75608	6	506	-56.973333333333336	-185.20291963109358	-3000.0	12	11.256	20	8
146	2821306003655918	76125	5	506	-57.72399999999999	-165.35642951251643	-3000.0	17	11.152	20	8
147	2821569848759260	76643	5	505	-57.076	-173.8556198019802	-3000.0	14	11.212	20	8
148	2821845926175249	77188	6	505	-56.736000000000004	-153.9318204620462	-3000.0	12	11.324	19	8
149	2822091918589649	77700	6	506	-56.45333333333333	-136.52459552042163	-3000.0	10	11.522	20	8
150	2822358928639155	78211	7	506	-56.62533333333333	-180.47145718050066	-3000.0	10	12.042	19	8
151	2822617216839645	78718	8	507	-57.163999999999994	-174.4199763313609	-3000.0	9	11.462	19	8
152	2822872820947086	79230	8	508	-57.28799999999999	-191.26993438320213	-3000.0	12	11.372	20	8
153	2823125302634577	79739	8	508	-56.890666666666654	-169.3794199475066	-3000.0	9	10.93	19	8
154	2823393484113395	80253	8	508	-57.32	-195.10544881889763	-3000.0	13	10.92	19	8
155	2823663270465604	80782	8	508	-57.537333333333336	-198.70798162729656	-3000.0	13	10.536	19	8
156	2823910584031284	81293	9	508	-56.30933333333331	-136.1171994750656	-3000.0	9	11.016	20	8
157	2824171776140846	81809	11	509	-56.54533333333332	-173.5461165684348	-3000.0	10	10.828	20	8
158	2824426481386900	82320	11	511	-56.324000000000005	-246.0280339204175	-3000.0	9	11.02	19	8
159	2824703216806842	82840	10	511	-57.279999999999994	-198.34028962818002	-3000.0	14	10.712	19	8
160	2824968262042454	83352	10	510	-56.56	-230.94570196078433	-3000.0	14	10.95	20	8
161	2825247732427517	83881	9	510	-57.51466666666667	-239.73202091503262	-3000.0	12	10.7	20	8
162	2825526227813079	84396	9	509	-57.31733333333334	-247.72555861165685	-3000.0	13	10.856	20	8
163	2825813873697108	84910	8	509	-57.84400000000001	-232.00280288146695	-3000.0	14	10.878	21	8
164	2826088141290118	85426	9	508	-56.989333333333335	-191.33896325459315	-3000.0	13	11.184	22	8
165	2826342082180946	85940	9	509	-57.028	-211.84172102161102	-3000.0	14	10.706	21	8
166	2826587855353618	86452	8	509	-58.11466666666667	-186.7780039292731	-3000.0	12	10.374	22	8
167	2826854557098953	86965	8	508	-57.55199999999999	-223.5016220472441	-3000.0	11	10.732	22	8
168	2827118059291041	87493	9	508	-56.57466666666665	-216.3825406824147	-3000.0	12	11.034	22	8
169	2827398472492564	88013	8	509	-56.785333333333355	-155.27120890635229	-3000.0	12	11.938	23	8
170	2827686396398727	88531	8	508	-57.25066666666666	-146.50450656167976	-3000.0	14	12.294	21	8
171	2827993629026679	89059	7	508	-56.24400000000001	-179.15824934383207	-3000.0	10	12.684	21	8
172	2828272890857316	89591	7	507	-57.23466666666667	-173.89327547666005	-3000.0	12	11.852	22	8
173	2828561236970481	90107	7	507	-56.22133333333334	-248.33706771860614	-3000.0	11	11.942	22	8
174	2828858821966263	90634	6	507	-56.56	-191.16182248520707	-3000.0	12	12.094	21	8
175	2829155794588353	91140	6	506	-57.10666666666666	-148.9835230566535	-3000.0	15	13.138	22	8
176	2829475947781431	91654	7	506	-56.84800000000001	-154.49322266139657	-3000.0	14	12.87	21	8
177	2829746033372619	92172	8	507	-57.097333333333324	-287.3088468113084	-3000.0	12	11.23	21	8
178	2830026354907274	92687	7	508	-56.259999999999984	-286.0686981627296	-3000.0	10	11.382	22	8
179	2830298480351833	93194	7	507	-57.68533333333334	-224.99255489809335	-3000.0	12	10.778	20	8
180	2830605010886690	93714	6	507	-57.00133333333334	-238.8835345167653	-3000.0	14	11.786	20	8
181	2830874425679873	94232	6	506	-56.88933333333334	-246.3853517786561	-3000.0	10	11.314	20	8
182	2831116557070822	94738	6	506	-56.858666666666686	-236.8863662714097	-3000.0	14	10.76	21	8
183	2831404405369775	95244	6	506	-56.53733333333334	-180.48298023715415	-3000.0	12	11.916	22	8
184	2831684446289139	95750	6	506	-56.71466666666668	-196.21943610013176	-3000.0	11	11.912	22	8
185	2831993102850726	96264	6	506	-56.973333333333336	-181.25381027667981	-3000.0	12	12.456	24	8
186	2832332298704003	96770	6	506	-56.46533333333335	-164.15546245059286	-3000.0	15	14.294	24	8
187	2832636182984097	97276	6	506	-57.936000000000014	-183.11466139657443	-3000.0	17	13.904	24	8
188	2832973858515982	97782	6	506	-56.943999999999996	-197.65659815546772	-3000.0	12	13.962	24	8
189	2833290173011376	98291	6	506	-56.662666666666674	-203.592092226614	-3000.0	12	13.408	24	8
190	2833582872978113	98797	6	506	-56.318666666666665	-206.52729117259545	-3000.0	12	12.898	23	8
191	2833894735897928	99303	6	506	-57.470666666666666	-174.96509354413706	-3000.0	10	13.082	24	8
192	2834207697896592	99809	6	506	-56.466666666666654	-177.26236890645583	-3000.0	11	13.582	24	8
193	2834491652543767	100315	7	506	-57.26	-229.56459025032936	-3000.0	11	12.748	24	8
194	2834780250686718	100842	7	507	-57.53466666666666	-218.05018277449054	-3000.0	14	11.884	25	8
195	2835092174915083	101372	6	507	-57.08933333333334	-175.14707692307692	-3000.0	12	13.69	25	8
196	2835405094686223	101878	7	506	-57.06800000000001	-122.0317417654809	-3000.0	11	14.11	25	8
197	2835692787476551	102385	7	507	-56.55733333333332	-171.64925180802106	-3000.0	10	13.19	25	8
198	2835989875079779	102898	6	507	-56.882666666666665	-175.18876265614728	-3000.0	10	13.036	24	8
199	2836295575524888	103414	5	506	-56.49733333333334	-207.31683794466406	-3000.0	11	12.956	24	8
200	2836587643382786	103919	5	505	-56.890666666666675	-211.20006336633656	-3000.0	12	12.344	24	8
201	2836887349157012	104424	6	505	-56.84800000000001	-227.76205676567653	-3000.0	11	12.746	24	8
202	2837174396154196	104930	6	506	-57.037333333333336	-234.1836996047431	-3000.0	13	11.974	24	8
203	2837470791399671	105436	6	506	-56.510666666666665	-190.60307246376806	-3000.0	10	12.956	25	8
204	2837748380013014	105942	6	506	-56.412	-244.7931409749671	-3000.0	11	11.18	25	8
205	2838058776391812	106474	5	506	-55.58133333333334	-242.86723583662706	-3000.0	11	11.924	24	8
206	2838362545367521	106979	5	505	-57.16933333333333	-192.09194719471938	-3000.0	11	12.586	25	8
207	2838688006830155	107484	5	505	-56.36800000000001	-196.1261755775578	-3000.0	11	13.634	26	8
208	2838944586790859	107989	5	505	-56.7	-236.10622046204628	-3000.0	11	11.078	26	8
209	2839233704886528	108494	5	505	-56.52133333333333	-275.7241188118811	-3000.0	9	11.744	25	8
210	2839555391738465	108999	5	505	-56.70133333333334	-176.7432184818482	-3000.0	10	13.194	25	8
211	2839839930491691	109504	5	505	-57.062666666666665	-223.23602376237625	-3000.0	14	12.404	26	8
212	2840140863242535	110009	5	505	-56.550666666666665	-221.8134917491749	-3000.0	11	12.058	26	8
213	2840445477792271	110514	5	505	-56.28266666666666	-194.99886996699664	-3000.0	10	12.206	25	8
214	2840751603884156	111019	5	505	-56.817333333333345	-191.63804620462048	-3000.0	9	13.04	26	8
215	2841067953863496	111526	5	505	-56.689333333333344	-168.64553927392743	-3000.0	11	13.644	26	8
216	2841381607957001	112031	5	505	-56.51866666666667	-232.92962112211228	-3000.0	15	13.37	26	8
217	2841672562242062	112536	5	505	-56.702666666666666	-223.56884488448847	-3000.0	12	12.176	27	8
218	2841968868783917	113041	5	505	-55.909333333333336	-258.3829386138613	-3000.0	11	11.056	24	8
219	2842263577372083	113546	5	505	-57.00933333333333	-242.1409425742574	-3000.0	12	11.708	24	8
220	2842565987961585	114051	5	505	-57.084	-217.98956567656765	-3000.0	12	12.454	25	8
221	2842855673463664	114556	5	505	-56.71866666666668	-208.08416633663367	-3000.0	13	11.816	26	8
222	2843165308576134	115061	5	505	-56.94799999999999	-242.14947854785478	-3000.0	11	11.702	26	8
223	2843451870611974	115566	5	505	-56.843999999999994	-209.92068646864692	-3000.0	10	11.91	26	8
224	2843746970503534	116071	5	505	-57.18533333333334	-213.70665346534653	-3000.0	12	12.644	27	8
225	2844025901793702	116576	5	505	-57.26666666666665	-232.57939537953803	-3000.0	11	11.73	26	8
226	2844338172741431	117095	4	505	-57.36533333333334	-151.10224158415838	-3000.0	12	12.96	27	8
227	2844661646272597	117599	4	504	-56.152	-161.97642328042332	-3000.0	9	13.612	28	8
228	2844993388553732	118103	4	504	-57.329333333333324	-243.71826455026462	-3000.0	10	13.844	28	8
229	2845307831595701	118607	4	504	-57.07200000000001	-148.71523280423276	-3000.0	10	13.078	28	8
230	2845621529422178	119115	4	504	-56.60000000000001	-219.3014894179894	-3000.0	11	12.754	29	8
231	2845905330510414	119619	4	504	-56.727999999999994	-259.6343835978836	-3000.0	11	12.472	27	8
232	2846193620517655	120123	4	504	-56.31733333333334	-174.83398941798947	-3000.0	11	12.706	27	8
233	2846542644063342	120627	4	504	-56.54533333333333	-147.5024603174603	-3000.0	9	14.926	27	8
234	2846842274789060	121131	4	504	-57.29733333333333	-175.12270370370368	-3000.0	11	12.472	28	8
235	2847145763903105	121635	4	504	-56.74533333333332	-191.75953968253967	-3000.0	11	12.324	28	8
236	2847448072060125	122139	4	504	-56.236000000000004	-231.64234920634917	-3000.0	9	12.378	27	8
237	2847723576483483	122643	4	504	-56.23866666666666	-213.56666931216935	-3000.0	8	11.758	27	8
238	2848008641643577	123147	4	504	-57.69466666666666	-220.6774497354497	-3000.0	10	12.184	28	8
239	2848291729363323	123651	4	504	-56.01866666666665	-194.81615079365082	-3000.0	14	12.634	26	8
240	2848583629618436	124155	4	504	-56.68933333333334	-235.6283253968254	-3000.0	10	11.762	26	8
241	2848868044388893	124659	4	504	-57.10133333333334	-194.3412883597884	-3000.0	11	11.864	26	8
242	2849165638737523	125163	4	504	-56.724	-190.55789153439153	-3000.0	13	12.292	24	8
243	2849454570960925	125667	4	504	-56.772000000000006	-188.14514814814814	-3000.0	10	12.15	24	8
244	2849719278527952	126171	4	504	-57.425333333333334	-201.1080582010582	-3000.0	12	11.196	24	8
245	2849973957146958	126675	4	504	-56.47333333333333	-278.05031481481495	-3000.0	12	10.698	24	8
246	2850233851827897	127179	4	504	-57.04133333333334	-251.24431746031746	-3000.0	11	11.008	23	8
247	2850480969702573	127683	4	504	-55.97866666666666	-210.9113835978836	-3000.0	9	10.768	21	8
248	2850735273509006	128187	4	504	-56.44666666666666	-229.2635978835978	-3000.0	12	11.576	22	8
249	2851027906371900	128691	4	504	-56.28000000000001	-231.36278835978825	-3000.0	15	11.974	22	8
250	2851276923873452	129195	4	504	-56.74533333333333	-209.18703968253965	-3000.0	11	11.584	22	8
251	2851548736440468	129699	4	504	-56.52666666666668	-242.99714814814814	-3000.0	14	12.19	22	8
252	2851827117015771	130203	4	504	-56.916	-224.25706613756614	-3000.0	11	11.042	23	8
253	2852093300379613	130707	4	504	-56.77866666666668	-225.1300582010582	-3000.0	16	11.562	22	8
254	2852366215310074	131211	4	504	-57.041333333333334	-221.7326931216932	-3000.0	12	11.548	23	8
255	2852633793345392	131715	4	504	-57.04	-251.9998730158731	-3000.0	13	11.53	22	8
256	2852900916652837	132219	4	504	-57.53199999999999	-222.69398677248674	-3000.0	16	11.936	23	8
257	2853181163942888	132723	4	504	-57.14	-210.42656084656085	-3000.0	10	12.262	24	8
258	2853456908431226	133227	4	504	-57.42133333333333	-163.5519708994709	-3000.0	12	12.398	23	8
259	2853752180095000	133731	4	504	-56.78533333333334	-158.3785714285714	-3000.0	11	12.42	24	8
260	2854041127577315	134235	4	504	-56.228	-211.90519312169315	-3000.0	11	12.514	24	8
261	2854325184769107	134739	4	504	-56.88133333333335	-147.05142328042325	-3000.0	10	12.648	24	8
262	2854610603060549	135243	4	504	-56.29333333333334	-156.0668068783069	-3000.0	12	12.18	23	8
263	2854889767242408	135747	4	504	-57.326666666666654	-193.55886507936506	-3000.0	16	12.294	23	8
264	2855187989710067	136251	4	504	-56.77466666666667	-209.09321693121697	-3000.0	15	11.952	19	8
265	2855469635908816	136764	3	504	-57.056	-176.99271957671954	-3000.0	11	12.506	19	8
266	2855748141836332	137267	3	503	-55.989333333333335	-167.38936514247845	-3000.0	16	12.48	20	8
267	2856050327855150	137770	3	503	-57.264	-150.09474884029157	-3000.0	19	12.73	20	8
268	2856348917627048	138273	3	503	-56.988	-170.1606043737575	-3000.0	12	12.9	21	8
269	2856632435100943	138776	3	503	-57.756000000000014	-143.02644665341282	-3000.0	12	12.606	21	8
270	2856943441488509	139279	3	503	-57.036000000000016	-188.43569781312127	-3000.0	14	13.292	22	8
271	2857251494131332	139782	3	503	-56.66266666666667	-155.7189131875414	-3000.0	16	13.248	23	8
272	2857556085052566	140285	3	503	-56.46000000000001	-155.30431013916498	-3000.0	17	13.89	23	8
273	2857862644992025	140788	3	503	-56.582666666666675	-188.44845328031803	-3000.0	18	13.306	22	8
274	2858163661407093	141291	3	503	-56.50933333333333	-147.15755069582497	-3000.0	11	13.812	22	8
275	2858448585619666	141794	3	503	-57.337333333333326	-199.01297282968855	-3000.0	12	11.494	23	8
276	2858733106466421	142297	3	503	-56.99599999999999	-290.0883074884028	-3000.0	11	11.32	23	8
277	2859005596389766	142800	3	503	-57.56666666666666	-300.75397481776014	-3000.0	12	10.914	23	8
278	2859291625027824	143303	3	503	-56.32266666666666	-207.95645062955606	-3000.0	14	12.534	24	8
279	2859608558065397	143806	3	503	-57.209333333333326	-181.0120927766734	-3000.0	11	13.374	24	8
280	2859932498722291	144309	3	503	-56.79466666666665	-164.9636235917826	-3000.0	11	13.948	24	8
281	2860262503203052	144812	3	503	-56.79333333333333	-185.7515255135852	-3000.0	14	14.236	25	8
282	2860589422828298	145315	3	503	-55.55733333333333	-137.37207687210073	-3000.0	13	14.506	25	8
283	2860919465758210	145818	3	503	-56.14266666666667	-119.41131610337968	-3000.0	12	14.784	26	8
284	2861262466620239	146321	3	503	-56.42266666666667	-159.4984864148442	-3000.0	12	15.434	26	8
285	2861605946811956	146824	3	503	-57.34266666666665	-173.0456964877402	-3000.0	11	15.142	25	8
286	2861972286952525	147327	3	503	-57.04666666666667	-153.4727846255799	-3000.0	13	15.386	26	8
287	2862319171208147	147830	3	503	-56.84799999999999	-137.82631146454605	-3000.0	13	15.404	25	8
288	2862661320667264	148333	3	503	-57.07599999999999	-143.78826772697147	-3000.0	14	15.53	26	9
289	2863008074923219	148836	3	503	-56.20400000000001	-111.03051822398939	-3000.0	10	15.884	26	8
290	2863381785664887	149339	3	503	-56.50533333333332	-154.86298740888003	-3000.0	13	16.674	24	8
291	2863768628389528	149842	3	503	-57.202666666666666	-146.67113585155735	-3000.0	15	17.162	25	8
292	2864141646887043	150345	3	503	-56.32266666666666	-147.24808217362494	-3000.0	11	16.3	25	8
293	2864516815616618	150848	3	503	-56.50800000000002	-147.64225844930417	-3000.0	11	16.04	23	9
294	2864890693949118	151351	3	503	-57.06533333333335	-137.31258051689863	-3000.0	16	16.59	24	8
295	2865249609764406	151854	3	503	-56.74266666666666	-158.53586746189532	-3000.0	10	15.918	23	8
296	2865607499984378	152357	3	503	-56.55466666666666	-140.56313585155735	-3000.0	13	16.286	23	10
297	2865970580645579	152860	3	503	-57.076	-125.57114115308154	-3000.0	15	16.086	24	9
298	2866341495557704	153363	3	503	-56.858666666666664	-119.50388866799202	-3000.0	10	16.106	24	9
299	2866717775215598	153866	3	503	-56.769333333333336	-170.7572246520876	-3000.0	12	16.262	25	8
300	2867108351695244	154369	3	503	-56.97599999999997	-157.0737892644135	-2999.366666666667	17	16.636	24	9
301	2867462065194533	154872	3	503	-55.84266666666665	-154.46273028495696	-3000.0	14	15.874	23	8
302	2867832556357384	155375	3	503	-56.81999999999999	-163.43737839628898	-3000.0	14	15.654	24	9
303	2868186885496136	155878	3	503	-56.850666666666676	-126.01457388999337	-3000.0	11	15.66	23	8
304	2868546759199951	156381	3	503	-55.229333333333344	-132.8512842942346	-3000.0	9	15.886	23	8
305	2868898292361562	156884	3	503	-57.16133333333333	-126.48402915838302	-3000.0	15	15.91	23	8
306	2869244371877890	157387	3	503	-56.23866666666667	-133.8597375745527	-3000.0	9	15.566	24	8
307	2869588988086815	157890	3	503	-56.45333333333335	-133.51572962226638	-3000.0	10	15.26	25	8
308	2869955218705364	158393	3	503	-56.19866666666667	-153.0775506958251	-3000.0	12	16.022	24	8
309	2870318696998384	158896	3	503	-56.663999999999994	-139.85266534128556	-3000.0	12	15.842	25	8
310	2870686965566237	159399	3	503	-56.238666666666674	-185.10455931080187	-3000.0	13	15.46	25	8
311	2871057890305591	159902	3	503	-57.178666666666665	-162.46943141153093	-3000.0	11	16.248	24	8
312	2871396090887969	160405	3	503	-56.656000000000006	-139.5554062292909	-3000.0	12	15.194	24	8
313	2871731782624140	160908	3	503	-55.86933333333334	-166.37568721007284	-3000.0	18	15.154	25	8
314	2872082647928619	161411	3	503	-55.51066666666665	-157.45359045725647	-3000.0	12	15.214	24	9
315	2872438077543582	161914	3	503	-55.87999999999999	-154.95507223326706	-3000.0	12	15.312	25	9
316	2872790912855567	162417	3	503	-56.59199999999999	-109.18192180251822	-3000.0	12	15.23	24	8
317	2873124810661869	162920	3	503	-55.92533333333335	-131.40478462557985	-3000.0	13	14.582	24	8
318	2873421239467934	163423	3	503	-56.105333333333334	-111.60306163021868	-3000.0	12	14.202	25	8
319	2873771754060780	163926	3	503	-56.10800000000002	-142.78211265738895	-3000.0	16	15.216	25	9
320	2874119885096315	164429	3	503	-56.584	-137.38416169648775	-3000.0	12	15.234	24	9
321	2874455937230093	164932	3	503	-56.14533333333332	-152.88922730284958	-3000.0	13	15.336	24	9
322	2874790694336998	165435	3	503	-56.34266666666665	-166.07065606361832	-3000.0	14	14.91	25	8
323	2875151209041904	165938	3	503	-55.87600000000001	-144.31684029158384	-3000.0	13	16.074	26	8
324	2875490384284075	166441	3	503	-56.922666666666665	-148.00281245858181	-3000.0	15	15.772	26	9
325	2875837908249124	166944	3	503	-56.55866666666667	-158.56504705102714	-3000.0	15	15.47	26	8
326	2876190764165397	167447	3	503	-56.39866666666667	-194.7378422796554	-3000.0	13	15.7	27	8
327	2876504926740399	167950	3	503	-56.36933333333334	-137.71806494367132	-3000.0	16	14.456	27	8
328	2876832186218055	168453	3	503	-56.323999999999984	-147.12453015241883	-3000.0	13	14.426	25	8
329	2877134402390936	168956	3	503	-55.99466666666666	-142.9768959575878	-3000.0	14	14.086	24	8
330	2877491202311083	169459	3	503	-56.55600000000001	-131.380196156395	-3000.0	12	15.514	25	8
331	2877839863324926	169962	3	503	-56.071999999999996	-147.50882968853543	-3000.0	11	15.522	26	9
332	2878178140884387	170465	3	503	-56.34133333333333	-127.63080185553346	-3000.0	13	15.358	25	8
333	2878555789122424	170968	3	503	-56.30666666666665	-141.52846653412848	-3000.0	10	15.202	25	8
334	2878879880142559	171471	3	503	-56.748000000000005	-132.55869052352543	-3000.0	12	14.674	26	8
335	2879188710523100	171974	3	503	-56.26933333333334	-150.32292379058984	-3000.0	10	13.39	26	8
336	2879474582691389	172477	3	503	-56.24666666666665	-157.73687210072896	-3000.0	16	13.004	24	8
337	2879755359355959	172980	3	503	-55.67999999999999	-138.91863750828367	-3000.0	12	12.876	22	8
338	2880064759877488	173483	3	503	-55.289333333333346	-117.04959310801856	-3000.0	13	13.474	23	8
339	2880361207767979	173986	3	503	-55.716	-150.26706163021868	-3000.0	11	14.396	23	8
340	2880699531702669	174489	3	503	-56.368	-181.43097680583165	-3000.0	17	14.574	21	8
341	2881013298574548	174992	3	503	-55.877333333333326	-128.5911915175613	-3000.0	11	14.28	22	8
342	2881352131102999	175495	3	503	-55.13333333333334	-175.36269052352552	-3000.0	13	15.014	23	8
343	2881693677912997	175998	3	503	-55.849333333333334	-168.91689330682573	-3000.0	12	14.99	22	8
344	2882040713879159	176501	3	503	-56.327999999999996	-150.64025712392313	-3000.0	19	14.892	23	8
345	2882375968171479	177004	3	503	-55.98133333333334	-168.92777203445988	-3000.0	13	14.59	23	8
346	2882713884692265	177507	3	503	-55.614666666666665	-122.25772829688532	-3000.0	13	15.06	23	8
347	2883037351485126	178010	3	503	-55.94666666666667	-131.30203313452617	-3000.0	14	14.444	23	8
348	2883365110941112	178513	3	503	-56.48133333333334	-173.68815904572566	-3000.0	19	14.968	24	8
349	2883667477624292	179016	3	503	-54.85333333333334	-149.26432604373758	-3000.0	19	13.958	24	8
350	2883973339472555	179519	3	503	-55.11333333333334	-147.14681776010607	-3000.0	11	13.368	25	8
351	2884273768706388	180022	3	503	-56.050666666666665	-141.3084347249835	-3000.0	19	13.224	24	8
352	2884579203102451	180525	3	503	-55.696000000000005	-141.39782372432072	-3000.0	10	13.114	24	8
353	2884899760080465	181028	3	503	-55.284	-116.31737044400265	-3000.0	16	14.2	24	8
354	2885244076736180	181531	3	503	-56.56	-149.2408402915838	-3000.0	19	15.07	24	8
355	2885567137933361	182034	3	503	-55.8	-119.52734526176279	-3000.0	15	14.228	24	8
356	2885905970588899	182537	3	503	-56.272000000000006	-133.24506030483764	-3000.0	13	14.41	24	8
357	2886237261499925	183043	3	503	-55.035999999999994	-143.28042942345925	-3000.0	16	14.61	24	8
358	2886558619883256	183546	3	503	-55.11200000000001	-155.60449304174952	-3000.0	11	14.686	25	8
359	2886900718562755	184049	3	503	-55.88133333333333	-130.33072498343276	-3000.0	11	14.802	24	8
360	2887227014403262	184552	3	503	-56.13733333333332	-130.46276209410203	-3000.0	12	14.01	24	8
361	2887545985463238	185055	3	503	-55.81999999999999	-114.91036447978793	-3000.0	11	14.424	24	8
362	2887882571375969	185558	3	503	-55.087999999999994	-139.18689463220676	-3000.0	18	15.36	25	8
363	2888172154559554	186061	3	503	-56.229333333333344	-139.25740490390984	-3000.0	11	13.238	25	8
364	2888459852327510	186564	3	503	-55.26533333333334	-183.90814049039096	-3000.0	11	13.17	24	8
365	2888757632026292	187067	3	503	-55.85333333333333	-122.12060172299537	-3000.0	10	13.688	24	8
366	2889053158872056	187570	3	503	-55.949333333333335	-137.49235520212056	-3000.0	17	13.446	24	8
367	2889352238528998	188073	3	503	-55.77466666666666	-110.34889065606366	-3000.0	20	14.02	25	8
368	2889637868031334	188576	3	503	-56.397333333333336	-121.37422133863487	-3000.0	15	14.472	25	8
369	2889972339913135	189079	3	503	-56.11600000000001	-130.09722200132535	-3000.0	16	15.178	25	8
370	2890279841965431	189582	3	503	-56.31999999999999	-156.4679628893307	-3000.0	16	14.392	24	8
371	2890608685496752	190085	3	503	-56.172	-128.9386428098079	-3000.0	11	14.476	24	8
372	2890899137757371	190588	3	503	-55.775999999999996	-136.6368827037773	-3000.0	14	13.432	24	8
373	2891197354841052	191091	3	503	-56.26666666666667	-110.98105500331346	-3000.0	16	14.058	24	8
374	2891521232265803	191594	3	503	-56.377333333333326	-110.03642412193504	-3000.0	20	14.242	23	8
375	2891844716851305	192097	3	503	-55.782666666666685	-108.81758780649434	-3000.0	13	14.196	23	8
376	2892144604942832	192600	3	503	-56.005333333333326	-111.74704042412193	-3000.0	13	13.566	23	8
377	2892426347429331	193103	3	503	-55.94133333333334	-124.53629688535456	-3000.0	15	13.362	23	9
378	2892723774334661	193606	3	503	-55.61333333333333	-112.30288667992048	-3000.0	10	14.044	23	8
379	2893052495095616	194109	3	503	-55.73733333333332	-112.00311464546051	-3000.0	19	14.686	24	8
380	2893391882597168	194612	3	503	-55.79599999999999	-153.62227700463885	-3000.0	12	15.106	25	8
381	2893749111325638	195115	3	503	-55.69466666666667	-130.65169251159705	-3000.0	19	15.914	25	8
382	2894085333622171	195618	3	503	-56.191999999999986	-143.76792312789925	-3000.0	17	15.138	25	8
383	2894389582255963	196121	3	503	-55.400000000000006	-105.56980251822398	-3000.0	10	14.98	25	8
384	2894740406508537	196624	3	503	-56.077333333333314	-123.01032471835656	-3000.0	10	16.02	25	9
385	2895092057221651	197127	3	503	-55.45733333333334	-113.20118754141812	-3000.0	14	15.51	26	8
386	2895467831799717	197630	3	503	-54.962666666666664	-126.87505102717029	-3000.0	18	15.848	27	8
387	2895834521690168	198135	2	503	-56.23866666666667	-130.39918621603712	-3000.0	15	15.614	26	9
388	2896214041877503	198648	2	502	-55.68000000000001	-123.30262416998677	-3000.0	12	16.168	26	8
389	2896540279246564	199150	2	502	-55.71866666666668	-136.10189375830012	-3000.0	13	14.712	25	8
390	2896852791446233	199652	2	502	-55.73866666666667	-120.17653652058435	-3000.0	18	14.868	26	8
391	2897181229222182	200154	2	502	-55.57466666666667	-102.85788579017267	-3000.0	25	15.348	27	8
392	2897486378834677	200656	2	502	-56.41466666666666	-112.75210889774242	-3000.0	14	14.238	27	8
393	2897796856794207	201158	2	502	-55.77866666666668	-122.7340876494023	-3000.0	13	13.864	28	8
394	2898124043148876	201660	2	502	-55.86666666666666	-117.70802921646745	-3000.0	11	14.618	27	8
395	2898458836320296	202162	2	502	-55.802666666666674	-114.12792031872507	-3000.0	13	15.684	27	8
396	2898811493856704	202666	2	502	-55.85066666666667	-144.43924302788838	-3000.0	11	15.678	27	8
397	2899178472236297	203168	2	502	-56.01466666666668	-110.48344488711818	-3000.0	10	15.648	28	8
398	2899562580850764	203670	2	502	-56.06	-127.29359362549792	-3000.0	17	15.584	28	8
399	2899947209985241	204172	2	502	-55.17066666666667	-133.44787250996012	-3000.0	13	16.368	28	8
400	2900311219799095	204674	2	502	-55.772000000000006	-114.52339973439577	-3000.0	11	15.952	29	8
401	2900625974597232	205176	2	502	-55.99600000000001	-115.48734661354582	-3000.0	13	14.518	30	8
402	2900941742033278	205685	2	502	-55.81333333333333	-156.61755378486063	-3000.0	13	14.962	28	8
403	2901274764612913	206187	2	502	-55.87733333333333	-144.3420956175298	-3000.0	14	14.684	29	8
404	2901662867764659	206689	2	502	-54.21333333333334	-112.5620823373174	-3000.0	13	16.902	30	9
405	2902029979082335	207191	2	502	-55.27733333333332	-128.30253386454183	-3000.0	12	16.6	29	9
406	2902410805931966	207693	2	502	-55.70133333333334	-107.60984860557772	-3000.0	14	16.986	30	9
407	2902729852578218	208195	2	502	-56.365333333333325	-127.0244541832669	-3000.0	12	15.368	30	8
408	2903031920039665	208697	2	502	-55.08933333333332	-157.3586241699867	-3000.0	13	14.34	30	8
409	2903386636385096	209199	2	502	-56.15333333333333	-139.94661620185929	-3000.0	16	16.684	31	8
410	2903761139484925	209701	2	502	-55.90800000000001	-109.50765471447544	-3000.0	15	17.228	31	8
411	2904095808940518	210203	2	502	-55.957333333333345	-153.39623904382472	-3000.0	13	15.304	29	8
412	2904413667595196	210705	2	502	-56.25066666666667	-135.61313413014602	-3000.0	12	14.972	29	8
413	2904724765879245	211218	2	502	-56.16	-134.64821513944213	-3000.0	13	15.108	27	9
414	2905046515489931	211720	2	502	-55.66933333333334	-122.82299070385123	-3000.0	15	15.286	27	8
415	2905383673940082	212226	2	502	-56.589333333333336	-147.98873837981407	-3000.0	13	15.684	28	8
416	2905726052493543	212728	2	502	-56.03066666666667	-135.49857104913679	-3000.0	13	15.83	29	9
417	2906081438552254	213230	2	502	-54.98133333333333	-142.4233545816733	-3000.0	10	16.456	29	9
418	2906421619229666	213732	2	502	-56.03466666666666	-135.5973359893759	-3000.0	12	15.866	28	8
419	2906751617490168	214234	2	502	-56.110666666666674	-156.78247277556443	-3000.0	16	16.168	29	8
420	2907077684275853	214736	2	502	-55.39866666666667	-120.6942682602922	-3000.0	20	15.994	28	8
421	2907422030132377	215238	2	502	-56.062666666666665	-113.74713944223117	-3000.0	12	16.134	29	8
422	2907745651894427	215752	2	502	-55.66533333333333	-153.999524568393	-3000.0	14	14.634	29	9
423	2908033506305770	216254	2	502	-56.154666666666664	-111.2987463479416	-3000.0	13	14.046	27	9
424	2908305787380341	216756	2	502	-55.59466666666667	-113.83101726427621	-3000.0	15	13.938	28	8
425	2908606444204664	217258	2	502	-56.26666666666667	-114.91231872509962	-3000.0	13	14.294	27	8
426	2908916254206819	217760	2	502	-55.64666666666667	-114.9157104913679	-3000.0	12	15.134	28	8
427	2909211335362455	218262	2	502	-56.269333333333314	-107.45118725099604	-3000.0	10	14.932	29	8
428	2909495425749397	218764	2	502	-56.00266666666666	-115.646026560425	-3000.0	13	14.252	27	8
429	2909775029228721	219266	2	502	-55.552	-154.21524833997356	-3000.0	11	14.04	27	8
430	2910046062728821	219768	2	502	-55.92	-101.82478884462152	-3000.0	11	14.344	28	8
431	2910334750254898	220270	2	502	-55.83066666666667	-104.94332536520582	-3000.0	15	14.352	27	8
432	2910631796595804	220773	2	502	-55.9	-126.97416733067733	-3000.0	13	14.532	27	8
433	2910917471160956	221275	2	502	-55.53200000000001	-138.9594262948207	-3000.0	12	14.204	28	8
434	2911197137253632	221777	2	502	-55.88933333333332	-120.23022310756973	-3000.0	13	14.19	29	8
435	2911508021275237	222279	2	502	-55.251999999999995	-110.70552722443561	-3000.0	12	15.178	29	9
436	2911826501466335	222781	2	502	-55.55466666666666	-145.49906507304115	-3000.0	13	14.884	30	8
437	2912137963517265	223283	2	502	-54.832	-151.3862443559097	-3000.0	18	14.868	31	8
438	2912424843299000	223785	2	502	-55.47866666666667	-108.6768818061089	-3000.0	9	14.204	29	8
439	2912724295928064	224288	2	502	-55.95866666666666	-135.71272509960156	-3000.0	16	14.458	28	8
440	2913001423012505	224790	2	502	-55.97733333333333	-131.84653386454178	-3000.0	12	13.77	29	9
441	2913267530988302	225292	2	502	-55.78266666666667	-125.28357768924309	-3000.0	13	13.986	27	8
442	2913569503368368	225794	2	502	-55.804	-124.92948207171312	-3000.0	12	14.67	28	8
443	2913879442029306	226296	2	502	-55.544000000000025	-128.60901460823374	-3000.0	16	14.976	28	8
444	2914193975916011	226798	3	502	-55.45199999999999	-124.20311553784859	-3000.0	12	14.896	28	8
445	2914464465197279	227301	3	503	-55.92133333333333	-122.73441749502985	-3000.0	16	13.568	28	8
446	2914753121874033	227804	3	503	-56.05866666666666	-132.27321669980125	-3000.0	11	13.468	29	8
447	2915016157160304	228307	3	503	-55.09466666666666	-107.31387143803845	-3000.0	12	13.394	29	8
448	2915297409142453	228810	3	503	-56.02000000000001	-112.7355334658714	-3000.0	12	13.12	29	8
449	2915559663940616	229313	3	503	-55.385333333333335	-131.4786083499006	-3000.0	11	13.084	28	8
450	2915827751922219	229821	4	503	-55.49733333333333	-127.47972697150432	-3000.0	12	13.522	28	8
451	2916091784518641	230325	5	504	-55.457333333333324	-100.85573015873014	-3000.0	12	12.994	27	8
452	2916346966051771	230830	5	505	-55.73733333333335	-145.48768316831683	-3000.0	12	12.89	27	8
453	2916614861309692	231335	5	505	-55.809333333333335	-132.65880660066006	-3000.0	12	13.156	28	8
454	2916871960882292	231840	5	505	-55.84266666666665	-176.5605095709571	-3000.0	13	12.812	27	8
455	2917127557942220	232345	5	505	-55.130666666666656	-135.4191709570957	-3000.0	10	12.56	28	8
456	2917381261115360	232850	5	505	-55.70400000000001	-146.30621254125415	-3000.0	12	12.582	29	8
457	2917653666212733	233363	4	505	-55.676	-130.68721056105613	-3000.0	10	12.798	29	8
458	2917917524429180	233875	4	504	-55.68266666666666	-138.67941005291007	-3000.0	12	12.744	29	8
459	2918175640809253	234379	5	504	-56.34533333333333	-134.93688095238093	-3000.0	13	12.51	29	8
460	2918452829150369	234888	5	505	-55.41333333333333	-130.40888184818482	-3000.0	9	12.814	30	8
461	2918731493838929	235393	5	505	-55.906666666666666	-142.20249240924088	-3000.0	13	13.632	28	8
462	2919008876157558	235907	5	505	-55.95333333333333	-115.48884488448847	-3000.0	12	13.22	29	8
463	2919274798199632	236412	6	505	-55.64266666666667	-137.2654099009901	-3000.0	13	12.456	28	8
464	2919531800502956	236918	6	506	-55.88000000000001	-158.5238023715415	-3000.0	12	12.528	28	8
465	2919760920297201	237424	6	506	-54.94799999999999	-174.32110144927535	-3000.0	14	11.984	28	8
466	2920008998786030	237931	6	506	-55.88	-119.57860606060606	-3000.0	12	12.12	28	8
467	2920266788442921	238452	6	506	-56.20666666666668	-125.33486693017127	-3000.0	13	12.46	19	8
468	2920510545715677	238958	6	506	-55.782666666666664	-140.18230830039525	-3000.0	9	12.47	19	8
469	2920768977673832	239464	6	506	-55.68266666666668	-131.3722371541502	-3000.0	14	12.594	18	8
470	2921030607650679	239981	6	506	-56.082666666666675	-176.06437681159417	-3000.0	15	12.596	19	8
471	2921297908446498	240487	6	506	-55.50666666666667	-142.93447694334654	-3000.0	15	12.926	20	8
472	2921546200806603	240993	6	506	-55.855999999999995	-148.66454018445324	-3000.0	10	12.86	21	8
473	2921814821000847	241500	6	506	-55.244	-130.11405533596837	-3000.0	15	13.28	21	8
474	2922081496434945	242006	6	506	-55.45866666666666	-150.7277075098814	-3000.0	17	13.228	21	8
475	2922324788342045	242512	6	506	-56.19333333333335	-135.14620816864297	-3000.0	10	12.976	20	8
476	2922579471924075	243018	6	506	-55.581333333333326	-147.51644795783926	-3000.0	11	13.084	19	8
477	2922859153333554	243524	6	506	-55.545333333333346	-125.34519894598154	-3000.0	9	13.638	20	8
478	2923156513396700	244030	6	506	-55.123999999999995	-158.84098287220021	-3000.0	13	14.244	20	8
479	2923434615611787	244536	6	506	-55.78133333333333	-150.76082213438735	-3000.0	13	13.566	20	8
480	2923681405409531	245042	6	506	-55.34266666666667	-125.49793148880102	-3000.0	17	12.72	20	8
481	2923915523220305	245548	7	506	-55.658666666666676	-176.22953096179177	-3000.0	8	11.946	20	8
482	2924149826267629	246055	7	507	-55.57066666666667	-152.48041814595663	-3000.0	9	12.082	21	8
483	2924375405283748	246562	7	507	-55.68533333333334	-154.1818619329389	-3000.0	12	11.95	22	8
484	2924627136904215	247069	7	507	-55.78533333333334	-133.3443418803419	-3000.0	15	12.228	22	8
485	2924855733983386	247576	7	507	-55.43866666666667	-113.99425904010516	-3000.0	9	11.492	23	8
486	2925056330633550	248083	7	507	-55.91466666666667	-159.12839973701514	-3000.0	9	11.31	23	8
487	2925284111544436	248604	6	507	-55.78933333333333	-163.22355555555546	-3000.0	10	12.16	24	8
488	2925513897645555	249110	6	506	-56.19066666666666	-139.74240052700924	-3000.0	8	11.458	23	8
489	2925736730655148	249618	6	506	-56.08133333333333	-147.5536416337286	-2971.0	10	11.2	22	8
490	2925935121987219	250124	6	506	-54.96800000000001	-133.13890118577075	-3000.0	13	11.04	22	8
491	2926124682101815	250630	6	506	-55.88000000000001	-169.72067984189724	-3000.0	10	10.324	22	8
492	2926341710984733	251136	6	506	-56.04533333333333	-159.64042160737816	-3000.0	9	11.422	22	8
493	2926549400848795	251651	6	506	-55.496	-150.48854545454546	-3000.0	11	10.87	21	8
494	2926767010829690	252166	6	506	-56.08533333333333	-122.4572437417655	-3000.0	10	11.852	21	8
495	2926996967591910	252672	6	506	-56.456	-149.80883003952567	-3000.0	20	11.326	21	8
496	2927210508983412	253178	6	506	-55.729333333333344	-159.03164426877473	-3000.0	17	11.606	21	8
497	2927416525200858	253697	5	506	-55.70000000000001	-149.60571277997366	-3000.0	11	11.418	20	8
498	2927638470901285	254202	5	505	-55.83733333333333	-132.9849900990099	-3000.0	12	11.192	19	8
499	2927861880839600	254707	5	505	-55.79866666666668	-170.43569108910887	-3000.0	11	11.256	18	8
