alpha = 0.15
gamma = 1.0
lambda = 0.6
epsilon = 0.3
randomSeed = 444
GREAT!
Xover: 4
---- Evolution parameters ----
Folder name:          NMSarsa_Maze/run_2784148540720638
Random seed:          444
GREAT activated:      true
Max iterations:       500
Population size:      500
GREAT initialization  true
Speciation threshold: 0.15
Species min size:     15
Tournament size:      3
Crossover rate:       0.2
Mutation rate:        0.8
Crossovers:
	AligningCrossover_v4(0.15)
Mutations:
	AddGeneMutation(maxSize=2147483647, prob=0.33)
	DeleteGeneMutation(minSize=8, prob=0.33)
	ChangeGeneMutation(prob=0.33)
------------------------------

---- Starting evolution ----
IT	Nanotime	#Eval	#Species	PopSize	Best	Avg	Worst	Best GRN Size	Avg GRN size	Max GRN size	Min GRN size
0	2784434039965546	997	1	499	-100.6	-282.3467361389448	-3000.0	9	9.268	13	8
1	2784475686485283	1498	1	501	-101.23333333333333	-274.8411576846308	-3000.0	10	9.49	14	8
2	2784520278815278	2002	3	501	-89.81066666666666	-282.6933226879574	-3000.0	8	9.678	15	8
3	2784560707047974	2505	3	503	-91.66266666666665	-232.4412326043737	-3000.0	8	9.616	14	8
4	2784603354269115	3015	3	503	-90.63866666666667	-233.67848906560633	-3000.0	9	9.796	14	8
5	2784648662140779	3518	3	503	-91.25999999999998	-215.08175480450632	-3000.0	9	10.466	15	8
6	2784715234670886	4021	4	503	-88.01333333333332	-235.62023326706426	-3000.0	10	10.116	15	8
7	2784798621628019	4526	5	504	-85.64666666666668	-251.5724153439154	-3000.0	13	10.35	16	8
8	2784933643683157	5031	5	505	-87.52266666666667	-220.54081056105622	-3000.0	14	9.978	16	8
9	2785092427110560	5540	5	505	-85.59066666666669	-225.51161188118817	-2911.8333333333335	9	10.002	16	8
10	2785260590506692	6046	5	505	-85.91466666666668	-217.54358811881184	-3000.0	14	9.8	14	8
11	2785444307075707	6561	4	505	-84.14399999999999	-231.43342046204626	-2916.733333333333	9	9.928	15	8
12	2785682218266737	7078	4	504	-83.30533333333335	-208.28467460317455	-2911.9333333333334	9	10.048	16	8
13	2785919723623722	7582	4	504	-83.73066666666665	-192.18858465608463	-2907.6666666666665	10	10.93	17	8
14	2786151941291914	8095	4	504	-81.50533333333334	-225.08728042328036	-3000.0	9	10.934	17	8
15	2786394448710341	8599	6	504	-81.38266666666665	-215.04400793650785	-2912.2	10	11.032	17	8
16	2786669274640224	9105	6	506	-80.46799999999999	-217.41911198945982	-2908.4	12	11.394	17	8
17	2786928006471380	9611	6	506	-80.21199999999997	-216.48487747035574	-2918.1666666666665	13	11.314	17	8
18	2787168013502457	10117	6	506	-81.98	-197.01460869565216	-3000.0	10	10.974	18	8
19	2787439433505053	10623	7	506	-64.02799999999999	-189.3404005270092	-3000.0	11	11.162	17	8
20	2787716672531872	11130	7	507	-82.37466666666667	-214.73804339250492	-2963.4	10	10.788	17	8
21	2787991573419557	11641	7	507	-82.37199999999999	-176.13977120315582	-3000.0	11	10.738	18	8
22	2788277164274587	12148	8	507	-69.15599999999999	-205.18466798159105	-3000.0	12	11.148	19	8
23	2788548263530742	12661	8	508	-73.64133333333334	-198.71665354330705	-3000.0	11	10.592	19	8
24	2788819911433548	13182	8	508	-68.96266666666665	-187.45519947506565	-3000.0	11	11.058	18	8
25	2789099372990924	13717	7	508	-80.852	-186.9788976377953	-2909.0333333333333	11	11.262	18	8
26	2789391305830027	14228	9	507	-80.96	-194.29565023011176	-3000.0	12	11.396	18	8
27	2789656200063857	14749	9	509	-78.70933333333333	-183.72308055009822	-2918.133333333333	10	11.17	19	8
28	2789914435046739	15267	9	509	-79.75066666666666	-165.67665487884742	-2911.866666666667	9	11.222	18	8
29	2790180722715506	15776	9	509	-79.30533333333331	-186.92121807465617	-3000.0	10	11.904	19	8
30	2790451619674784	16298	9	509	-77.81733333333334	-199.80066535690892	-2914.2	10	11.32	19	8
31	2790728250258222	16829	8	509	-78.232	-215.23779174852658	-3000.0	14	11.408	18	8
32	2791008028364636	17362	8	508	-78.01733333333334	-235.88979790026244	-3000.0	9	11.24	18	8
33	2791300889319593	17881	9	508	-76.17999999999999	-225.13901312335955	-3000.0	10	11.544	18	8
34	2791574729556821	18390	9	509	-75.63733333333333	-192.9205239030779	-3000.0	9	11.322	17	8
35	2791877538617039	18907	8	509	-75.808	-212.56520759659463	-3000.0	9	11.7	17	8
36	2792167079207465	19426	7	508	-72.99999999999999	-175.06588976377955	-3000.0	10	11.112	18	8
37	2792471025716822	19941	7	507	-74.88133333333332	-204.1497514792899	-3000.0	8	11.414	17	8
38	2792764216204239	20449	7	507	-75.35733333333333	-215.18327153188696	-3000.0	10	11.078	18	8
39	2793057622488010	20956	8	507	-76.25866666666667	-189.3597159763313	-3000.0	10	11.26	19	8
40	2793373191329191	21468	8	508	-73.95600000000002	-200.0208608923884	-3000.0	9	11.754	20	8
41	2793699472591500	22006	6	508	-73.32000000000002	-226.02962467191597	-3000.0	9	11.606	19	8
42	2794035707626692	22518	7	506	-71.18666666666667	-234.54040316205533	-3000.0	8	12.38	20	8
43	2794331827752014	23025	7	507	-70.008	-256.32625641025646	-3000.0	8	11.348	19	8
44	2794634009669217	23544	7	507	-70.96933333333334	-199.09514003944776	-3000.0	10	11.768	20	8
45	2794945982327228	24051	8	507	-70.42933333333333	-205.39715450361604	-3000.0	9	11.91	20	8
46	2795252814324693	24562	9	508	-64.90666666666668	-228.35870341207345	-3000.0	11	12.268	20	8
47	2795555193457114	25076	9	509	-68.90533333333333	-239.92372495088404	-3000.0	10	11.326	20	8
48	2795864684875205	25597	8	509	-68.54133333333333	-180.67024492468892	-3000.0	10	11.542	18	8
49	2796169408716524	26111	8	508	-66.82666666666665	-222.20143832021	-3000.0	10	11.556	19	8
50	2796484439505788	26632	8	508	-66.88666666666666	-202.1700551181102	-3000.0	10	11.568	19	8
51	2796812060365789	27158	8	508	-66.62	-239.75055905511812	-3000.0	10	11.836	19	8
52	2797116152695989	27666	8	508	-62.32133333333332	-209.36935170603672	-3000.0	12	11.906	19	8
53	2797452053518401	28180	8	508	-61.294666666666664	-234.56702362204723	-3000.0	12	12.306	20	8
54	2797782360601985	28690	9	508	-64.22933333333333	-225.16925459317585	-3000.0	11	11.794	21	8
55	2798114587770979	29199	9	509	-63.947999999999986	-221.17668369351668	-3000.0	8	12.492	21	8
56	2798433467333173	29719	9	509	-64.39333333333333	-200.61629862475445	-3000.0	8	12.144	21	8
57	2798753005077176	30230	9	509	-63.891999999999996	-208.3819960707269	-3000.0	8	11.486	21	8
58	2799050903708168	30751	8	509	-64.51466666666667	-293.5523824492469	-3000.0	11	11.056	22	8
59	2799374289842289	31272	8	508	-64.928	-330.7833595800525	-3000.0	10	10.762	22	8
60	2799667586441836	31780	8	508	-64.16400000000002	-328.94818897637793	-3000.0	10	11.402	22	8
61	2799951591289054	32288	8	508	-64.14799999999998	-313.0185144356956	-3000.0	9	10.604	21	8
62	2800242118423802	32799	9	508	-63.665333333333336	-262.21559842519684	-3000.0	11	11.142	19	8
63	2800521760703722	33311	9	509	-63.983999999999995	-296.9764217419777	-3000.0	10	10.902	19	8
64	2800810731024441	33822	8	509	-63.090666666666664	-333.03709757694827	-3000.0	10	10.576	18	8
65	2801094108902486	34343	7	508	-62.883999999999986	-216.31708398950136	-3000.0	10	10.496	16	8
66	2801373674173480	34863	7	507	-62.62399999999998	-289.02019723865874	-3000.0	10	10.41	17	8
67	2801665658604519	35381	8	507	-62.18	-311.6133938198554	-3000.0	9	10.56	18	8
68	2801952919597430	35890	9	508	-62.625333333333344	-596.5404225721784	-3000.0	9	9.836	16	8
69	2802222922927825	36404	9	509	-61.08533333333333	-374.82638637851994	-3000.0	8	10.18	16	8
70	2802503048691765	36937	8	509	-62.13733333333334	-358.11540798952177	-3000.0	10	10.004	17	8
71	2802763432094297	37457	7	508	-61.55866666666666	-321.67933858267713	-3000.0	10	9.876	16	8
72	2803036700224088	37964	7	507	-61.35866666666665	-326.26710322156475	-3000.0	9	10.04	16	8
73	2803311894702122	38475	7	507	-59.44533333333333	-297.41717028270875	-3000.0	11	9.954	16	8
74	2803567015017854	38982	7	507	-62.28800000000001	-257.8792610124918	-3000.0	10	9.754	17	8
75	2803815722841647	39489	7	507	-60.06	-321.4726127547666	-3000.0	8	9.942	18	8
76	2804055642578965	40009	6	507	-58.95866666666668	-237.52823142669294	-3000.0	9	9.658	15	8
77	2804314943307910	40515	6	506	-60.78266666666667	-311.37191831357046	-3000.0	9	9.726	16	8
78	2804558603535466	41028	6	506	-61.250666666666675	-312.7975494071146	-3000.0	9	9.652	16	8
79	2804824241653460	41551	6	506	-58.661333333333324	-347.8375757575757	-3000.0	8	9.83	17	8
80	2805069818188549	42062	8	506	-59.13333333333334	-260.2996732542819	-3000.0	8	9.974	15	8
81	2805327198678587	42570	8	508	-56.96400000000001	-286.6207847769029	-3000.0	9	10.086	15	8
82	2805566755806634	43078	9	508	-59.72933333333334	-269.37382939632545	-3000.0	9	9.928	16	8
83	2805832106758111	43593	9	509	-58.88799999999999	-312.18593058284216	-3000.0	10	9.862	17	8
84	2806090430994979	44121	9	509	-58.701333333333324	-295.95978781925345	-3000.0	8	9.886	16	8
85	2806341149936165	44634	9	509	-58.61866666666668	-241.66483824492474	-3000.0	8	9.738	15	8
86	2806601515627873	45159	9	509	-58.54933333333334	-277.57347216764896	-3000.0	8	9.484	14	8
87	2806839338206435	45688	8	509	-59.82533333333334	-273.7718480681074	-3000.0	9	9.682	14	8
88	2807067353936290	46196	9	508	-59.641333333333336	-245.5607375328084	-3000.0	9	9.524	14	8
89	2807304330151443	46722	10	509	-59.62266666666668	-248.04322200392923	-3000.0	8	9.718	15	8
90	2807573973118017	47264	9	510	-58.888000000000005	-302.16233725490196	-3000.0	10	9.702	14	8
91	2807810932071060	47783	9	509	-60.12666666666668	-303.0135009823182	-3000.0	9	9.642	14	8
92	2808067802494425	48320	6	509	-59.37866666666667	-277.40146430910283	-3000.0	9	9.816	14	8
93	2808289263067302	48830	7	506	-59.466666666666654	-254.22612648221346	-3000.0	9	9.796	15	8
94	2808535190345554	49362	7	507	-59.20133333333334	-314.4745562130177	-3000.0	10	9.696	15	8
95	2808784966526559	49886	7	507	-57.98666666666666	-224.45267587113744	-3000.0	8	10.178	15	8
96	2809056689889427	50393	7	507	-58.328	-217.42539907955293	-3000.0	8	9.936	16	8
97	2809317983365605	50910	8	507	-58.322666666666656	-273.47523997370155	-3000.0	8	10.002	15	8
98	2809572047011284	51427	9	508	-59.907999999999994	-301.29130708661415	-3000.0	10	10.072	16	8
99	2809806827445998	51941	9	509	-59.117333333333335	-280.47583497053046	-3000.0	13	10.092	16	8
100	2810050467393795	52454	9	509	-59.22533333333334	-249.34208775376558	-3000.0	8	9.9	16	8
101	2810283635565269	52966	10	509	-58.516000000000005	-312.0491683038637	-3000.0	9	9.984	16	8
102	2810526702516764	53486	10	510	-59.143999999999984	-214.22253856209144	-3000.0	10	9.994	15	8
103	2810784078772289	54009	9	510	-58.797333333333334	-221.31855947712418	-3000.0	8	10.184	16	8
104	2811031272387815	54527	9	509	-57.90133333333334	-240.82431172233134	-3000.0	9	10.008	15	8
105	2811282369294176	55042	9	509	-58.43333333333334	-269.8047884741323	-3000.0	9	9.848	15	8
106	2811544404032340	55563	8	509	-58.86266666666668	-296.5228343156516	-3000.0	9	9.98	14	8
107	2811801043023971	56094	7	508	-58.17333333333333	-296.53861154855645	-3000.0	11	9.992	15	8
108	2812061808272393	56602	7	507	-58.48266666666667	-284.41640499671263	-3000.0	11	10.134	14	8
109	2812307431833713	57146	6	507	-58.69200000000001	-253.68623274161732	-3000.0	10	10.43	14	8
110	2812565735426626	57660	6	506	-58.69600000000001	-242.33039262187089	-3000.0	9	10.182	14	8
111	2812820387611625	58179	7	506	-58.87200000000001	-282.5904216073781	-3000.0	11	10.288	14	8
112	2813083730551833	58691	7	507	-58.40666666666668	-304.1211755424064	-3000.0	9	10.304	15	8
113	2813327944380933	59212	6	507	-59.547999999999995	-256.1786771860618	-3000.0	8	10.504	15	8
114	2813572201275277	59718	6	506	-58.45066666666668	-271.59244268774705	-3000.0	9	10.162	15	8
115	2813822811492981	60237	5	506	-58.852	-293.96318313570487	-3000.0	9	10.586	16	8
116	2814069214402461	60742	6	505	-58.12	-247.35647788778883	-3000.0	13	10.33	16	8
117	2814312054682292	61248	6	506	-58.16933333333333	-321.67683267457176	-3000.0	8	9.966	15	8
118	2814565588553634	61763	7	506	-58.656000000000006	-210.49738076416338	-3000.0	9	9.894	16	8
119	2814817311286599	62270	7	507	-59.25599999999999	-274.11093228139384	-3000.0	8	9.886	16	8
120	2815082284605710	62789	6	507	-58.74133333333332	-284.7093385930309	-3000.0	9	9.924	16	8
121	2815349436280735	63320	7	506	-58.263999999999996	-205.51773913043476	-3000.0	8	10.334	15	8
122	2815603693359269	63828	7	507	-59.058666666666674	-238.42399999999998	-3000.0	11	10.986	16	8
123	2815859041069398	64335	7	507	-58.81466666666666	-245.89027744904666	-3000.0	8	10.54	15	8
124	2816150604118051	64868	6	507	-59.86000000000001	-219.0160210387903	-3000.0	11	11.404	16	8
125	2816425742820662	65390	7	506	-59.41733333333334	-208.65602371541502	-3000.0	11	11.616	16	8
126	2816659715803719	65904	8	507	-57.976000000000006	-204.08947271531886	-3000.0	9	10.566	16	8
127	2816923636973041	66417	8	508	-58.90133333333334	-254.22117060367455	-3000.0	10	10.568	16	8
128	2817176818179451	66939	8	508	-58.054666666666655	-217.13606299212603	-3000.0	8	10.748	16	8
129	2817431104463587	67465	8	508	-58.569333333333326	-237.65632808398948	-3000.0	8	10.716	16	8
130	2817694323576222	67978	7	508	-58.22666666666667	-263.1988241469816	-3000.0	9	10.79	17	8
131	2817947312597648	68490	8	507	-58.637333333333345	-262.0866114398422	-3000.0	9	10.812	16	8
132	2818207998754514	69005	8	508	-57.958666666666666	-298.9348976377953	-3000.0	11	10.53	16	8
133	2818473056880535	69524	8	508	-56.77066666666668	-297.1881023622047	-3000.0	9	10.628	17	8
134	2818740074256110	70040	8	508	-57.01999999999999	-283.7729816272966	-3000.0	9	10.538	16	8
135	2819000567089230	70548	8	508	-57.56933333333333	-236.96555380577425	-3000.0	10	10.656	16	8
136	2819254217476452	71071	8	508	-57.62533333333333	-296.8458608923885	-3000.0	10	10.69	17	8
137	2819511314968509	71584	7	508	-57.395999999999994	-280.20448818897637	-3000.0	10	10.634	18	8
138	2819786328618872	72112	7	507	-57.61866666666667	-299.79299934253777	-3000.0	11	11.076	19	8
139	2820041557524712	72622	7	507	-57.86399999999999	-335.9771282051281	-3000.0	10	11.046	19	8
140	2820298115419237	73129	7	507	-57.625333333333344	-310.68122024983563	-3000.0	9	10.804	18	8
141	2820563144811098	73639	7	507	-57.29733333333334	-352.5230979618672	-3000.0	12	10.986	19	8
142	2820837976201077	74151	7	507	-56.97866666666666	-326.4426640368179	-3000.0	8	11.054	18	8
143	2821094599207499	74672	7	507	-56.59466666666666	-344.32305325443787	-3000.0	11	11.176	16	8
144	2821368671151950	75181	7	507	-57.057333333333325	-314.23637606837605	-3000.0	11	11.35	16	8
145	2821644466867011	75697	6	507	-57.23999999999999	-343.21288888888876	-3000.0	8	11.33	17	8
146	2821910356774783	76210	7	506	-58.21599999999999	-371.42482476943337	-3000.0	12	11.2	17	8
147	2822193621085115	76732	8	507	-57.14266666666666	-373.80170151216305	-3000.0	10	11.244	17	8
148	2822477355886572	77250	7	508	-57.552	-390.493713910761	-3000.0	13	11.624	18	8
149	2822762860303537	77757	7	507	-56.75333333333334	-396.366090729783	-3000.0	14	11.234	17	8
150	2823026326873526	78267	7	507	-56.66799999999999	-363.77535042735036	-3000.0	13	10.818	17	8
151	2823313874629803	78774	8	507	-57.715999999999994	-418.0763997370151	-3000.0	8	11.222	18	8
152	2823611682579551	79300	7	508	-57.50666666666668	-452.5423779527559	-3000.0	9	10.902	17	8
153	2823892962165413	79808	7	507	-56.364000000000004	-400.06847863247873	-3000.0	14	11.064	18	8
154	2824164625066591	80321	8	507	-57.042666666666655	-370.60007889546347	-3000.0	8	10.912	18	8
155	2824439276483613	80829	8	508	-57.568000000000005	-437.860280839895	-3000.0	15	10.774	17	8
156	2824717792453887	81350	7	508	-56.44933333333333	-407.1063202099738	-3000.0	12	11.354	17	8
157	2824991782254023	81864	6	507	-56.73466666666669	-435.42269296515457	-3000.0	11	11.272	17	8
158	2825284115975817	82375	6	506	-56.65866666666667	-377.4979156785244	-3000.0	11	11.288	18	8
159	2825536564238485	82881	6	506	-56.885333333333335	-484.9489064558631	-3000.0	8	10.326	18	8
160	2825796711513093	83387	6	506	-57.28266666666667	-494.32787351778666	-3000.0	13	11.0	17	8
161	2826060716775998	83895	6	506	-56.67466666666666	-438.8932200263504	-3000.0	8	11.168	18	8
162	2826312397299721	84401	6	506	-57.07466666666667	-484.94299868247685	-3000.0	8	10.334	17	8
163	2826574787504596	84907	6	506	-57.328	-487.8816837944664	-3000.0	11	10.974	17	8
164	2826852694667980	85427	5	506	-56.410666666666664	-461.471420289855	-3000.0	8	10.778	18	8
165	2827120107723876	85938	4	505	-57.284	-471.19732541254126	-3000.0	8	10.682	17	8
166	2827404306535847	86442	4	504	-56.23466666666666	-506.2477645502647	-3000.0	8	11.604	18	8
167	2827671918972297	86946	4	504	-56.56000000000001	-485.7185185185186	-3000.0	12	11.346	18	8
168	2827960899216246	87456	4	504	-57.06666666666668	-478.4696613756612	-3000.0	10	11.482	18	8
169	2828255096395468	87960	4	504	-56.78	-558.5270978835978	-3000.0	13	11.582	18	8
170	2828517412172212	88464	4	504	-56.184	-554.6797354497354	-3000.0	9	11.012	19	8
171	2828793066507466	88968	4	504	-56.95866666666666	-480.0057619047618	-3000.0	16	11.496	19	8
172	2829062521515449	89472	4	504	-55.86533333333334	-552.0669735449736	-3000.0	13	11.38	18	8
173	2829321652921064	89976	4	504	-56.78799999999999	-517.8788862433862	-3000.0	12	10.868	17	8
174	2829588296787660	90480	4	504	-57.00800000000001	-505.19783597883594	-3000.0	8	11.22	17	8
175	2829869109546561	90984	4	504	-57.25733333333333	-507.52455555555554	-3000.0	12	11.686	18	8
176	2830144119519277	91488	4	504	-56.38266666666667	-622.2095423280424	-3000.0	13	10.696	17	8
177	2830392059952150	91992	4	504	-56.99866666666665	-545.5667566137566	-3000.0	8	10.604	17	8
178	2830654891820262	92496	4	504	-56.25333333333333	-570.5730502645504	-3000.0	10	11.026	17	8
179	2830908648778752	93000	4	504	-56.656000000000006	-528.9208042328041	-3000.0	14	10.952	17	8
180	2831160784834508	93504	4	504	-56.25866666666667	-545.8626349206347	-3000.0	9	10.546	16	8
181	2831419919432408	94008	4	504	-56.96799999999999	-538.8703333333334	-3000.0	9	10.428	17	8
182	2831694094848206	94512	4	504	-56.49866666666666	-515.0311931216931	-3000.0	12	10.986	17	8
183	2831959264098010	95016	4	504	-56.95866666666665	-572.3654470899472	-3000.0	12	10.796	17	8
184	2832210489292192	95520	4	504	-56.58399999999999	-490.4283994708996	-3000.0	12	10.78	16	8
185	2832469474437765	96032	3	504	-56.576	-496.6104550264549	-3000.0	12	10.866	17	8
186	2832740938724939	96535	3	503	-56.46533333333334	-538.6791968190854	-3000.0	13	11.09	16	8
187	2832989400726387	97038	3	503	-56.53733333333333	-527.6522677269717	-3000.0	8	10.676	17	8
188	2833247172809182	97541	3	503	-55.31333333333331	-575.4660463883366	-3000.0	11	10.762	17	8
189	2833507224876152	98044	3	503	-56.05066666666666	-497.0469609012591	-3000.0	9	10.9	17	8
190	2833769060923137	98547	4	503	-57.13866666666668	-486.69738634857526	-3000.0	8	10.9	18	8
191	2834029212550541	99051	4	504	-56.84399999999999	-538.1443783068783	-3000.0	14	10.76	18	8
192	2834291570751410	99558	3	504	-56.65600000000001	-505.99430158730166	-3000.0	12	10.742	16	8
193	2834562031891373	100061	3	503	-56.44666666666666	-523.670711729622	-3000.0	9	11.13	16	8
194	2834846482252130	100564	3	503	-56.654666666666664	-553.2332193505632	-3000.0	12	11.326	17	8
195	2835128685321513	101067	3	503	-57.070666666666654	-545.7069980119285	-3000.0	12	11.434	17	8
196	2835402142904954	101570	3	503	-56.298666666666676	-409.5092723658052	-3000.0	11	11.642	17	8
197	2835687554386604	102085	3	503	-56.687999999999995	-455.5852829688534	-3000.0	11	11.814	16	8
198	2835992719444187	102588	3	503	-56.23333333333334	-510.3152577866137	-3000.0	13	11.86	17	8
199	2836269940457549	103091	3	503	-56.30533333333334	-544.007552021206	-3000.0	8	11.818	18	8
200	2836564429675730	103594	3	503	-56.73733333333334	-472.0687501656726	-3000.0	10	12.15	19	8
201	2836869605621124	104097	3	503	-56.95866666666668	-536.3907037773362	-3000.0	11	12.194	17	8
202	2837169398635363	104600	3	503	-56.412	-557.2043074884027	-3000.0	13	12.002	17	8
203	2837445677874611	105103	3	503	-56.455999999999996	-558.0036978131212	-3000.0	13	12.064	17	8
204	2837745175163618	105606	3	503	-56.23600000000001	-580.5053518886681	-3000.0	14	12.082	17	8
205	2838027444762637	106109	3	503	-56.56933333333334	-530.036368455931	-3000.0	12	12.098	17	8
206	2838313884456042	106612	3	503	-56.95999999999998	-511.9748919814448	-3000.0	15	12.586	17	8
207	2838620038690159	107115	3	503	-56.496	-584.7167104042412	-3000.0	10	12.69	18	8
208	2838897445315307	107618	3	503	-56.50666666666666	-554.2184042412194	-3000.0	17	12.118	18	8
209	2839187739432005	108121	3	503	-55.95466666666666	-502.2030510271701	-3000.0	14	12.286	19	8
210	2839474704791807	108624	3	503	-56.57866666666668	-557.7976726308814	-3000.0	10	12.342	19	8
211	2839785313956353	109127	3	503	-57.19733333333333	-581.8821285619615	-3000.0	11	12.692	19	8
212	2840075736771323	109630	3	503	-56.01333333333333	-601.6816116633531	-3000.0	16	12.744	19	8
213	2840386604908611	110133	3	503	-56.26133333333333	-505.93470642809814	-3000.0	15	12.918	19	8
214	2840681326555544	110636	3	503	-55.73866666666667	-611.8422557985418	-3000.0	13	12.494	19	8
215	2840986834118543	111139	3	503	-56.474666666666664	-575.1296116633532	-3000.0	13	12.906	18	8
216	2841291836791463	111642	3	503	-56.06266666666666	-621.7222054340621	-3000.0	12	13.198	19	8
217	2841612975012515	112145	3	503	-56.650666666666666	-632.1044665341286	-3000.0	18	13.15	20	8
218	2841924075543588	112648	3	503	-56.012	-572.2827700463882	-3000.0	13	13.308	20	8
219	2842241452273908	113151	3	503	-56.462666666666664	-544.4544996686546	-3000.0	11	13.496	20	8
220	2842554536496424	113654	3	503	-55.824000000000005	-602.9351013916502	-3000.0	14	13.594	21	8
221	2842864843797823	114157	3	503	-56.056000000000004	-617.7024201457918	-3000.0	13	13.834	21	8
222	2843201289661189	114660	3	503	-56.54533333333334	-559.1217601060307	-3000.0	14	13.696	22	8
223	2843521504898438	115163	3	503	-56.40666666666666	-584.0754592445326	-3000.0	13	13.448	20	8
224	2843832826112830	115666	3	503	-56.20666666666666	-595.3262054340624	-3000.0	14	13.414	20	8
225	2844139077577618	116169	3	503	-56.71866666666666	-556.0247501656725	-3000.0	15	13.454	19	8
226	2844450790272364	116672	3	503	-55.54666666666667	-608.8475069582506	-3000.0	15	13.246	19	8
227	2844769438886360	117175	3	503	-56.58000000000001	-571.8633691186216	-3000.0	12	13.104	19	8
228	2845071986495443	117678	3	503	-56.18666666666667	-600.9331027170311	-3000.0	15	12.992	19	8
229	2845370242949817	118181	3	503	-56.87333333333334	-539.6488906560637	-3000.0	15	13.084	19	8
230	2845682654077593	118684	3	503	-56.297333333333334	-557.7229343936384	-3000.0	11	12.914	20	8
231	2845996657033406	119187	3	503	-55.84	-537.8037296222665	-3000.0	13	12.674	20	8
232	2846302443065456	119690	3	503	-56.55200000000001	-540.5180278330022	-3000.0	12	12.924	19	8
233	2846601349163772	120193	3	503	-56.65333333333333	-561.7946719681906	-3000.0	13	12.634	20	8
234	2846907328805570	120696	3	503	-55.59199999999999	-569.8543273691187	-3000.0	12	12.95	19	8
235	2847205918340389	121199	3	503	-56.27866666666666	-477.8419032471837	-3000.0	13	12.616	19	8
236	2847514842868887	121702	3	503	-56.10933333333333	-584.8806838966202	-3000.0	10	12.612	19	8
237	2847836467045136	122205	3	503	-55.457333333333324	-497.2344917163687	-3000.0	13	13.066	18	8
238	2848149582393205	122708	3	503	-56.198666666666675	-555.4197428760766	-3000.0	15	13.102	18	8
239	2848461209388856	123211	3	503	-55.91866666666667	-538.314170974155	-3000.0	13	12.874	19	8
240	2848757021598059	123714	3	503	-56.17466666666666	-550.6926812458584	-3000.0	15	13.01	20	8
241	2849080770504085	124217	3	503	-56.39466666666668	-549.2982451954937	-3000.0	12	13.198	18	8
242	2849396732901700	124720	3	503	-55.648	-597.9370417495031	-3000.0	12	13.164	18	9
243	2849697527598745	125223	3	503	-56.085333333333345	-476.11311862160375	-3000.0	13	12.886	17	8
244	2850015483884037	125726	3	503	-56.19200000000001	-593.6751358515572	-3000.0	13	13.03	17	8
245	2850315846498492	126229	3	503	-56.592	-435.02566467859515	-3000.0	14	13.24	18	8
246	2850621783591007	126732	3	503	-56.28533333333334	-518.1490523525516	-3000.0	12	13.098	18	8
247	2850917519625252	127235	3	503	-57.06266666666666	-488.5920715705766	-3000.0	13	12.58	18	8
248	2851215817018593	127738	3	503	-56.132	-529.2304572564612	-3000.0	13	12.5	19	8
249	2851497691498449	128241	3	503	-55.95066666666666	-492.0247422133865	-3000.0	12	12.582	17	8
250	2851783515721513	128744	3	503	-56.302666666666674	-550.7693280318091	-3000.0	15	12.394	17	8
251	2852091962524468	129247	4	503	-56.4	-601.8978449304178	-3000.0	13	12.394	18	8
252	2852387439527628	129751	4	504	-56.21866666666667	-565.7388095238096	-3000.0	12	12.384	18	8
253	2852690601606619	130255	4	504	-54.90399999999999	-540.8417407407406	-3000.0	15	12.444	17	8
254	2852978665027527	130759	4	504	-56.132000000000005	-455.896201058201	-3000.0	13	11.948	18	8
255	2853249326779131	131263	4	504	-56.43733333333334	-437.7596746031745	-3000.0	16	11.936	17	8
256	2853522096863468	131767	4	504	-56.51866666666667	-547.7057989417991	-3000.0	14	11.814	17	8
257	2853814944220802	132271	4	504	-55.47866666666666	-530.4228650793651	-3000.0	17	12.446	17	8
258	2854102546647455	132775	4	504	-56.17333333333334	-603.4951402116401	-3000.0	13	12.422	18	8
259	2854384313558344	133279	4	504	-56.282666666666664	-496.37973544973545	-3000.0	11	11.872	19	8
260	2854663346787314	133783	4	504	-56.55866666666669	-485.1470502645503	-3000.0	14	11.648	18	8
261	2854941568273019	134287	4	504	-56.45733333333334	-571.4826560846561	-3000.0	14	11.86	19	8
262	2855214922833727	134791	4	504	-57.138666666666666	-482.44625661375676	-3000.0	14	11.63	19	8
263	2855480544942871	135295	4	504	-55.50666666666667	-463.12206349206343	-3000.0	13	11.404	17	8
264	2855744840504067	135799	4	504	-55.84666666666667	-472.31823280423293	-3000.0	10	11.584	18	8
265	2856009013093918	136303	4	504	-56.82133333333334	-466.46055555555563	-3000.0	11	11.494	19	8
266	2856284154479799	136807	4	504	-56.187999999999995	-497.5245767195766	-3000.0	9	11.762	19	8
267	2856571240999703	137311	4	504	-56.10666666666667	-457.57416666666666	-3000.0	12	11.54	20	8
268	2856851673458238	137815	4	504	-56.52133333333334	-586.1505634920635	-3000.0	13	12.142	18	8
269	2857125559613625	138319	4	504	-56.521333333333324	-557.5488465608466	-3000.0	15	11.636	19	8
270	2857429748349605	138823	4	504	-56.16933333333333	-553.6067037037037	-3000.0	17	11.946	19	8
271	2857698813181628	139327	4	504	-56.290666666666674	-452.48995502645516	-3000.0	11	11.286	18	8
272	2857968607743894	139831	4	504	-55.772000000000006	-521.0337777777777	-3000.0	11	11.27	18	8
273	2858294691329575	140335	4	504	-56.688	-573.3173492063491	-3000.0	9	12.086	19	8
274	2858591095878211	140839	4	504	-55.36933333333332	-503.50165873015885	-3000.0	14	11.952	20	8
275	2858892005687317	141343	4	504	-55.71599999999999	-505.3430158730158	-3000.0	14	12.074	20	8
276	2859180788439589	141847	4	504	-55.98	-526.0368624338623	-3000.0	9	12.242	20	8
277	2859473058063476	142351	4	504	-56.11333333333334	-513.914164021164	-3000.0	10	12.46	19	8
278	2859789959732403	142855	4	504	-56.45333333333333	-556.601767195767	-3000.0	15	13.224	20	8
279	2860104406292192	143359	4	504	-55.74799999999999	-600.5173068783067	-3000.0	15	12.93	19	8
280	2860416382068261	143863	4	504	-55.81066666666666	-474.870753968254	-3000.0	10	12.366	19	8
281	2860713609737307	144367	4	504	-56.196000000000005	-508.9939920634921	-3000.0	9	12.038	18	8
282	2861002340163520	144871	4	504	-55.31199999999999	-453.29521957671966	-3000.0	9	11.996	19	8
283	2861296116944597	145375	4	504	-55.83866666666667	-529.5297407407409	-3000.0	10	12.484	20	8
284	2861586841063606	145879	4	504	-56.45866666666666	-549.7462671957672	-3000.0	14	12.57	20	8
285	2861888561469796	146383	4	504	-56.165333333333336	-518.60723015873	-3000.0	12	12.19	19	8
286	2862176963940073	146887	4	504	-56.23066666666666	-509.9234285714286	-3000.0	13	11.668	20	8
287	2862457626348809	147391	4	504	-55.80533333333333	-548.2810317460318	-3000.0	10	12.3	20	8
288	2862729888838855	147895	4	504	-55.345333333333336	-506.54226190476186	-3000.0	15	11.526	21	8
289	2862989960077427	148399	4	504	-55.23333333333333	-488.3717698412698	-3000.0	14	11.18	20	8
290	2863262129087783	148903	4	504	-56.138666666666666	-488.430476190476	-3000.0	16	11.066	18	8
291	2863523156986059	149407	4	504	-56.41466666666666	-607.196044973545	-3000.0	13	11.294	19	8
292	2863809592216378	149911	4	504	-56.49199999999999	-465.0375423280424	-3000.0	18	12.16	20	8
293	2864098466220207	150415	4	504	-55.710666666666675	-478.03095502645493	-3000.0	10	11.524	20	8
294	2864389374646656	150919	4	504	-55.03066666666667	-493.1926851851854	-3000.0	11	11.788	20	8
295	2864685976635934	151423	4	504	-54.804	-519.1545952380952	-3000.0	10	11.342	20	8
296	2864956633744134	151927	4	504	-56.27333333333333	-516.2306507936507	-3000.0	10	11.136	19	8
297	2865225259090819	152431	4	504	-56.16933333333334	-569.6214497354498	-3000.0	12	11.534	20	8
298	2865483761471934	152935	4	504	-55.10533333333332	-617.9026825396825	-3000.0	12	10.626	19	8
299	2865755572357556	153439	4	504	-56.20399999999999	-447.39158201058194	-3000.0	11	10.842	19	8
300	2866031474697200	153943	4	504	-55.11066666666666	-563.4723359788361	-3000.0	14	10.886	19	8
301	2866295663700756	154447	4	504	-56.189333333333316	-417.87516931216913	-3000.0	10	11.346	19	8
302	2866568377289476	154951	4	504	-57.02666666666667	-472.5031798941798	-3000.0	14	11.416	20	8
303	2866838206147190	155455	4	504	-56.01466666666668	-536.6371084656083	-3000.0	13	11.506	20	8
304	2867100859918132	155959	4	504	-56.786666666666676	-451.9437804232804	-3000.0	10	10.85	20	8
305	2867374534657293	156463	4	504	-55.96666666666667	-473.50793121693107	-3000.0	14	11.298	21	8
306	2867672070733983	156967	4	504	-55.57466666666669	-546.9815952380952	-3000.0	18	12.394	21	8
307	2867991078997893	157471	4	504	-55.08	-489.97218783068786	-3000.0	13	12.694	21	8
308	2868312325530695	157975	4	504	-55.395999999999994	-440.33470370370367	-3000.0	16	13.248	22	8
309	2868629485264214	158479	4	504	-55.443999999999996	-447.86755820105816	-3000.0	11	12.886	22	8
310	2868914575888243	158983	4	504	-55.175999999999995	-388.49030158730153	-3000.0	17	12.152	22	8
311	2869186243471182	159487	4	504	-55.41733333333334	-417.4813544973544	-3000.0	9	11.792	22	8
312	2869477350652580	159991	4	504	-55.21866666666667	-391.8963730158731	-3000.0	17	12.226	20	8
313	2869750908442082	160495	4	504	-55.550666666666665	-417.2032248677249	-3000.0	13	11.45	20	8
314	2870011326323187	160999	4	504	-56.01866666666667	-416.39587566137567	-3000.0	16	11.374	20	8
315	2870276434793000	161503	4	504	-54.533333333333346	-439.05929100529113	-3000.0	9	11.066	20	8
316	2870533651374444	162007	4	504	-55.65466666666668	-469.6865767195767	-3000.0	20	11.106	21	8
317	2870801945739459	162511	4	504	-55.77333333333332	-457.88961375661364	-3000.0	20	11.03	21	8
318	2871072647471634	163022	3	504	-56.27066666666668	-451.69869841269843	-3000.0	9	10.742	21	8
319	2871327636110832	163525	3	503	-54.93333333333334	-457.6855506958255	-3000.0	10	11.078	22	8
320	2871623278493547	164041	2	503	-54.93600000000001	-525.2687316103379	-3000.0	12	11.218	22	8
321	2871889990402024	164543	2	502	-55.952	-499.2544409030548	-3000.0	11	10.99	22	8
322	2872178201768499	165045	2	502	-55.95333333333334	-497.3562523240372	-3000.0	15	12.032	22	8
323	2872461368985015	165547	2	502	-55.41466666666667	-405.5389960159364	-3000.0	17	12.064	23	8
324	2872757631740939	166049	2	502	-54.98666666666667	-403.5199601593629	-3000.0	20	11.626	24	8
325	2873047677505653	166551	2	502	-55.96266666666666	-353.5249800796812	-3000.0	9	12.388	24	8
326	2873343219591304	167053	2	502	-55.70666666666667	-507.1411474103584	-3000.0	14	11.308	24	8
327	2873617398970935	167555	2	502	-55.95199999999999	-469.608369189907	-3000.0	13	11.318	25	8
328	2873905509407258	168057	2	502	-54.549333333333344	-361.46494023904376	-3000.0	18	11.716	26	8
329	2874178739023635	168559	2	502	-54.924	-336.3055112881808	-3000.0	10	11.67	24	8
330	2874452902617634	169061	2	502	-55.149333333333324	-407.4705205843291	-3000.0	9	11.698	24	8
331	2874745166819593	169563	2	502	-54.48000000000001	-401.12665869853936	-3000.0	11	12.03	25	8
332	2875059972302295	170065	2	502	-55.51733333333335	-380.53704382470124	-3000.0	17	12.9	23	8
333	2875371939057600	170567	2	502	-53.89866666666667	-368.528427622842	-3000.0	13	12.89	23	8
334	2875671342761753	171069	2	502	-54.91066666666666	-420.8566427622841	-3000.0	11	12.772	23	8
335	2875986632649342	171571	2	502	-54.63600000000001	-494.11180610889727	-3000.0	12	13.092	24	8
336	2876286620062555	172073	2	502	-55.03333333333334	-507.9667915006643	-3000.0	16	12.162	22	8
337	2876568307463048	172575	2	502	-55.464	-382.5304409030545	-3000.0	10	12.11	23	8
338	2876853453061066	173077	2	502	-55.04400000000001	-365.60233200531206	-3000.0	15	12.05	23	8
339	2877137061515959	173579	2	502	-55.39200000000001	-398.75132802124824	-3000.0	9	12.01	20	8
340	2877436918570413	174081	2	502	-54.89199999999999	-435.56184594953527	-3000.0	16	12.106	21	8
341	2877747431217548	174583	2	502	-55.08533333333333	-426.60120318725086	-3000.0	15	12.086	22	8
342	2878078900404790	175085	2	502	-55.035999999999994	-402.8364302788845	-3000.0	11	13.49	20	8
343	2878385543053160	175587	2	502	-55.09600000000001	-437.7215219123508	-3000.0	12	12.57	19	8
344	2878680361383831	176089	2	502	-54.906666666666666	-430.8503798140769	-3000.0	13	11.87	19	8
345	2878984120696861	176591	2	502	-54.31733333333334	-348.48002124834	-3000.0	13	12.008	20	8
346	2879299565912629	177093	2	502	-54.821333333333335	-411.67623638778207	-3000.0	9	12.32	21	8
347	2879587769573040	177595	2	502	-55.15466666666667	-442.053277556441	-3000.0	13	12.248	21	8
348	2879885594721076	178097	2	502	-54.921333333333315	-459.1563930942894	-3000.0	11	12.078	21	8
349	2880192047016704	178599	2	502	-55.14	-429.8780717131472	-3000.0	11	12.07	21	8
350	2880496114109044	179101	2	502	-53.86666666666668	-464.5205391766268	-3000.0	15	11.948	20	8
351	2880788528932778	179603	2	502	-54.46	-523.0865418326692	-3000.0	12	12.064	20	8
352	2881096550168436	180105	2	502	-55.16533333333334	-521.3497928286854	-3000.0	10	12.158	19	8
353	2881416376728501	180607	2	502	-55.06000000000001	-632.9399973439575	-3000.0	17	12.668	19	8
354	2881730329164255	181109	2	502	-54.827999999999996	-706.9272297476759	-3000.0	15	12.58	18	8
355	2882053922847027	181611	2	502	-55.161333333333324	-661.9575458167328	-3000.0	19	12.666	19	8
356	2882358290806001	182113	2	502	-55.67466666666665	-712.6512828685258	-3000.0	10	11.956	19	8
357	2882679225775747	182615	2	502	-54.74133333333332	-666.4072616201862	-3000.0	15	12.27	20	8
358	2882979887893728	183117	2	502	-55.041333333333334	-615.4689216467464	-3000.0	16	12.126	19	8
359	2883291513164135	183619	2	502	-55.12533333333333	-686.9564993359892	-3000.0	11	12.156	19	8
360	2883604546668423	184121	2	502	-55.42666666666666	-643.4404090305445	-3000.0	10	12.15	19	8
361	2883915285654888	184623	2	502	-55.71066666666665	-686.3484887118195	-3000.0	13	12.596	19	8
362	2884244548989507	185125	2	502	-55.152	-818.0317051792828	-3000.0	12	12.802	19	8
363	2884593152643723	185627	2	502	-54.76533333333334	-731.9263479415672	-3000.0	11	12.728	20	8
364	2884915492282611	186129	2	502	-55.18533333333334	-731.584733067729	-3000.0	12	12.706	19	8
365	2885232929261385	186631	2	502	-54.44133333333334	-591.321341301461	-3000.0	14	12.568	19	8
366	2885538399656593	187133	2	502	-55.28266666666667	-676.8517078353256	-3000.0	13	12.2	19	8
367	2885837951877870	187635	2	502	-55.26933333333332	-591.1153386454187	-3000.0	12	12.246	20	8
368	2886157182734946	188137	2	502	-55.20133333333333	-644.1228977423636	-3000.0	16	12.352	19	8
369	2886476312461310	188639	2	502	-54.56533333333335	-604.9392430278886	-3000.0	16	12.466	19	8
370	2886809888672589	189141	2	502	-55.332	-685.1972430278884	-3000.0	12	12.724	19	8
371	2887138104019404	189643	2	502	-54.675999999999995	-594.6927835325364	-3000.0	13	12.72	20	8
372	2887440858255803	190145	2	502	-54.83733333333333	-602.9349641434264	-3000.0	13	12.72	19	8
373	2887775377914684	190647	2	502	-54.968	-806.647683930943	-3000.0	14	12.812	20	8
374	2888085000996963	191149	2	502	-54.748000000000005	-688.8868950863213	-3000.0	11	12.614	19	8
375	2888386180454550	191651	2	502	-54.865333333333325	-742.2628074369192	-3000.0	12	12.436	18	8
376	2888696263233969	192153	2	502	-54.93066666666667	-641.7738087649402	-3000.0	13	12.516	18	8
377	2889005244017372	192655	2	502	-54.942666666666675	-694.3497503320052	-3000.0	13	12.742	19	8
378	2889319900103032	193157	2	502	-55.36933333333334	-664.5891314741039	-3000.0	12	12.754	18	8
379	2889615862386508	193659	2	502	-53.690666666666665	-746.7310305444885	-3000.0	13	12.196	18	8
380	2889933300056560	194161	2	502	-55.41333333333332	-729.5279893758301	-3000.0	13	12.814	19	8
381	2890259428534950	194663	2	502	-55.16666666666665	-675.4746772908366	-3000.0	11	12.904	18	8
382	2890588503976078	195165	2	502	-54.916000000000004	-771.6609561752987	-3000.0	12	12.8	19	8
383	2890901782062895	195667	2	502	-55.30933333333333	-619.8549057104914	-3000.0	15	12.752	18	8
384	2891211659338953	196169	2	502	-54.52000000000001	-709.7424568393094	-3000.0	11	12.662	18	8
385	2891543645080850	196671	2	502	-55.6	-709.8619973439581	-3000.0	10	12.922	19	8
386	2891860461204969	197173	2	502	-55.07333333333333	-632.0218459495354	-3000.0	13	12.278	19	8
387	2892174260570885	197675	2	502	-55.149333333333345	-671.827928286853	-3000.0	13	12.308	20	8
388	2892514385635994	198177	2	502	-55.32266666666666	-834.7967729083667	-3000.0	10	13.282	19	8
389	2892862014398923	198679	2	502	-54.96533333333334	-669.1006905710495	-3000.0	15	13.318	20	8
390	2893203915186369	199181	2	502	-55.20800000000001	-768.5933200531213	-3000.0	14	13.562	19	8
391	2893534000673451	199683	2	502	-54.85200000000002	-763.1642815405046	-3000.0	14	13.218	20	8
392	2893854511568636	200185	2	502	-55.12133333333334	-691.2763771580347	-3000.0	10	13.06	20	8
393	2894182928421333	200687	2	502	-54.82400000000001	-766.549667994688	-3000.0	11	13.018	21	8
394	2894519882610642	201189	2	502	-54.592000000000006	-811.6793944223109	-3000.0	10	13.274	21	8
395	2894842459149759	201691	2	502	-55.211999999999996	-713.6672270916337	-3000.0	16	13.792	21	8
396	2895160038311171	202193	2	502	-55.267999999999994	-675.5359017264274	-3000.0	16	13.486	22	8
397	2895503210334190	202695	2	502	-54.83333333333333	-683.499439575033	-3000.0	13	13.204	22	8
398	2895846563982101	203197	2	502	-55.488	-739.7863027888445	-3000.0	13	13.508	23	8
399	2896171886264636	203699	2	502	-55.21733333333333	-802.8981540504645	-3000.0	11	12.666	18	8
400	2896495293094218	204201	2	502	-55.008	-763.2571314741036	-3000.0	13	12.668	18	8
401	2896800170822236	204703	2	502	-55.38266666666667	-774.007078353254	-3000.0	10	12.334	19	8
402	2897099411684260	205205	2	502	-55.76933333333332	-707.9450969455513	-3000.0	13	12.548	18	8
403	2897421968145499	205707	2	502	-55.056	-699.7095909694556	-3000.0	12	12.684	18	8
404	2897737722316481	206209	2	502	-55.20666666666666	-685.1490810092961	-3000.0	13	12.622	18	8
405	2898018970743201	206711	2	502	-54.29599999999999	-628.708650730412	-3000.0	15	12.708	18	8
406	2898319821278023	207213	2	502	-55.284000000000006	-639.4540478087648	-3000.0	10	12.73	18	8
407	2898634305787793	207715	2	502	-54.901333333333326	-647.4014342629482	-3000.0	12	12.728	18	8
408	2898951372333413	208217	2	502	-55.00933333333333	-616.2553917662683	-3000.0	11	12.862	18	8
409	2899272793807179	208719	2	502	-55.24800000000001	-653.5742124833997	-3000.0	14	12.64	18	8
410	2899611289177838	209221	2	502	-54.955999999999996	-705.9427038512616	-3000.0	13	13.282	18	8
411	2899932625904531	209723	2	502	-54.28266666666667	-722.479758300133	-3000.0	15	12.608	18	8
412	2900233893902950	210225	2	502	-54.79866666666667	-740.5122284196548	-3000.0	9	12.366	18	8
413	2900533760781681	210727	2	502	-55.52666666666667	-637.8398937583001	-3000.0	16	12.526	18	8
414	2900828088118704	211229	2	502	-55.07066666666667	-678.6001035856573	-3000.0	14	12.27	19	8
415	2901140569974177	211731	2	502	-54.334666666666664	-749.1530517928286	-3000.0	14	12.456	19	8
416	2901418577047827	212233	2	502	-54.611999999999995	-688.7635272244361	-3000.0	13	12.412	18	8
417	2901702717891527	212735	2	502	-54.964000000000006	-518.8621248339975	-3000.0	12	12.318	17	8
418	2901985267701233	213237	2	502	-54.70800000000002	-695.1402390438244	-3000.0	13	12.338	18	8
419	2902282114500537	213739	2	502	-55.083999999999996	-773.4641938911022	-3000.0	14	12.462	19	8
420	2902561175026799	214241	2	502	-54.83866666666666	-695.6031792828685	-3000.0	14	12.348	19	8
421	2902840372327303	214743	2	502	-54.51333333333333	-724.4811845949536	-3000.0	8	12.44	20	8
422	2903137160848827	215245	2	502	-55.24133333333333	-707.9706985391766	-3000.0	14	12.694	19	8
423	2903451447100329	215747	2	502	-54.57733333333333	-795.5703452855244	-3000.0	12	12.948	20	8
424	2903772513869304	216249	2	502	-55.36399999999999	-796.3116786188576	-3000.0	13	13.156	21	8
425	2904087961123411	216751	2	502	-54.00266666666667	-762.6392695883137	-3000.0	14	13.192	21	8
426	2904390160303432	217253	2	502	-55.148	-679.6114156706508	-3000.0	13	13.298	20	8
427	2904707781672103	217755	2	502	-55.59866666666666	-808.8878432934928	-3000.0	12	13.586	20	8
428	2905014902774259	218257	2	502	-55.618666666666684	-732.9246162018592	-3000.0	14	13.124	19	8
429	2905324880632845	218759	2	502	-54.977333333333334	-711.2409853917661	-3000.0	10	13.392	20	8
430	2905642268082834	219261	2	502	-55.44533333333334	-752.745752988048	-3000.0	16	13.452	20	8
431	2905944133857996	219763	2	502	-54.154666666666664	-653.2103346613548	-3000.0	13	13.298	20	8
432	2906253884615727	220265	2	502	-54.843999999999994	-760.4210836653389	-3000.0	12	13.098	20	8
433	2906556457196600	220767	2	502	-54.55733333333333	-699.9707808764939	-3000.0	12	12.986	19	8
434	2906843535638136	221269	2	502	-55.22666666666666	-557.7943612217796	-3000.0	13	12.936	18	8
435	2907150102201363	221771	2	502	-54.88133333333333	-657.519994687915	-3000.0	13	13.292	18	8
436	2907455506142679	222273	2	502	-55.51733333333335	-714.4339468791502	-3000.0	13	13.142	19	8
437	2907748896923364	222775	2	502	-54.76533333333334	-596.3981593625499	-3000.0	12	13.05	17	8
438	2908044077258208	223277	2	502	-54.59600000000001	-666.6110464807438	-3000.0	14	12.782	18	8
439	2908316116056795	223779	2	502	-55.18133333333332	-706.4788260292166	-3000.0	11	12.734	17	8
440	2908613555445719	224281	2	502	-55.063999999999986	-675.7434714475434	-3000.0	12	12.52	18	8
441	2908920408622584	224783	2	502	-54.968	-724.0699442231077	-3000.0	12	12.53	18	8
442	2909218963535297	225285	2	502	-55.02000000000001	-665.3823081009295	-3000.0	11	12.658	18	8
443	2909504004879537	225787	2	502	-54.97466666666667	-728.1509057104915	-3000.0	11	12.158	18	8
444	2909784008698391	226289	2	502	-54.877333333333326	-755.9649003984066	-3000.0	11	12.242	18	8
445	2910057467332282	226791	2	502	-54.32266666666666	-695.9680424966798	-3000.0	13	11.934	19	8
446	2910337806701133	227293	2	502	-54.684000000000005	-682.2340557768925	-3000.0	13	12.49	18	8
447	2910619587927868	227795	2	502	-55.163999999999994	-697.4180159362551	-3000.0	12	12.434	17	8
448	2910896436608930	228297	2	502	-55.52666666666668	-705.334539176627	-3000.0	11	12.188	17	8
449	2911186353907603	228799	2	502	-55.071999999999996	-637.1581407702522	-3000.0	10	12.084	17	8
450	2911448158467171	229301	2	502	-54.21200000000001	-624.7365099601591	-3000.0	10	11.758	17	8
451	2911727809210658	229803	2	502	-54.61466666666665	-712.7307994687919	-3000.0	15	11.96	18	8
452	2912019468349915	230305	2	502	-54.985333333333344	-726.3773014608232	-3000.0	11	12.192	19	8
453	2912303213250429	230807	2	502	-54.462666666666664	-694.699498007968	-3000.0	15	12.244	17	8
454	2912588288357349	231309	2	502	-55.156000000000006	-670.5446215139443	-3000.0	15	12.534	18	8
455	2912891245068378	231811	2	502	-55.15333333333333	-738.2691235059763	-3000.0	14	12.678	17	8
456	2913185597439216	232313	2	502	-55.132	-678.0102974767598	-3000.0	14	12.672	17	8
457	2913481513704492	232815	2	502	-54.65466666666668	-694.226733067729	-3000.0	16	12.968	17	8
458	2913775037789740	233317	2	502	-55.669333333333334	-667.619877822045	-3000.0	13	12.706	18	8
459	2914073247964605	233819	2	502	-55.21066666666667	-760.3322868525898	-3000.0	9	12.74	18	8
460	2914361494116809	234321	2	502	-54.16666666666667	-690.1128419654716	-3000.0	13	12.708	18	8
461	2914639025160333	234823	2	502	-54.36133333333332	-704.2128100929611	-3000.0	13	12.164	18	8
462	2914915812518637	235325	2	502	-54.19466666666666	-706.1328472775572	-3000.0	10	12.026	19	8
463	2915184032840584	235827	2	502	-54.81333333333332	-727.4459548472776	-3000.0	14	11.552	17	8
464	2915430937198513	236329	2	502	-54.61066666666667	-736.098347941567	-3000.0	13	11.298	17	8
465	2915703260622785	236831	2	502	-55.14266666666666	-722.6483505976092	-3000.0	12	11.364	17	8
466	2915966584915424	237333	2	502	-55.008	-652.8778645418324	-3000.0	12	11.21	17	8
467	2916219901261076	237835	2	502	-54.93333333333333	-611.6725498007966	-3000.0	8	11.484	18	8
468	2916491133351176	238337	2	502	-54.79866666666665	-629.8975059760954	-3000.0	10	11.462	17	8
469	2916764546636002	238839	2	502	-55.24933333333333	-729.0137078353254	-3000.0	11	11.524	17	8
470	2917018681483863	239341	2	502	-54.68133333333334	-629.0023266932271	-3000.0	11	11.428	17	8
471	2917278031384236	239843	2	502	-54.91866666666665	-667.9547861885791	-3000.0	9	11.466	18	8
472	2917536257469853	240345	2	502	-55.01066666666667	-740.7219203187257	-3000.0	11	11.494	18	8
473	2917820117749094	240847	2	502	-55.356	-664.7795139442231	-3000.0	10	12.458	19	8
474	2918092785151259	241349	2	502	-55.14533333333332	-697.0018061088977	-3000.0	14	12.274	19	8
475	2918369334233800	241851	2	502	-53.828	-643.9464780876494	-3000.0	13	12.17	20	8
476	2918642159859981	242353	2	502	-55.53466666666667	-666.8329428950861	-3000.0	13	12.266	17	8
477	2918916858945809	242855	2	502	-55.409333333333315	-679.842448871182	-3000.0	11	12.146	17	8
478	2919183557530989	243357	2	502	-55.46799999999999	-625.3302257636124	-3000.0	12	12.048	18	8
479	2919457855728568	243859	2	502	-55.23866666666667	-719.1255856573704	-3000.0	10	11.88	18	8
480	2919720937481482	244361	2	502	-55.30666666666667	-601.2849986719788	-3000.0	13	11.832	17	8
481	2920011003412421	244863	2	502	-54.832000000000015	-733.5103851261622	-3000.0	14	11.976	16	8
482	2920263511937993	245365	2	502	-55.134666666666675	-623.1351739707835	-3000.0	14	11.456	17	8
483	2920523368741065	245867	2	502	-55.168	-549.1701142098275	-3000.0	11	11.568	17	8
484	2920792266817029	246369	2	502	-55.083999999999996	-679.9155458167335	-3000.0	12	11.714	17	8
485	2921050613015977	246871	2	502	-55.01733333333333	-637.3992749003984	-3000.0	9	11.494	18	8
486	2921296171994239	247373	2	502	-53.609333333333325	-578.4835431606904	-3000.0	9	11.01	18	8
487	2921555355927138	247875	2	502	-55.22666666666667	-588.1510571049139	-3000.0	12	11.55	16	8
488	2921799265277755	248377	2	502	-55.682666666666655	-615.1345657370516	-3000.0	12	11.106	16	8
489	2922063209146017	248879	2	502	-54.98533333333334	-601.5284648074372	-3000.0	10	11.542	17	8
490	2922313464004412	249381	2	502	-55.08533333333334	-633.6035564409029	-3000.0	10	11.006	17	8
491	2922562091388586	249883	2	502	-55.88266666666667	-704.0874847277557	-3000.0	10	11.19	16	8
492	2922818362990990	250385	2	502	-54.85866666666668	-681.6570544488717	-3000.0	11	11.328	16	8
493	2923067751317874	250887	2	502	-54.483999999999995	-669.1101646746348	-3000.0	12	11.42	16	8
494	2923308842979532	251389	2	502	-55.030666666666654	-656.6885418326693	-3000.0	13	11.438	17	8
495	2923566322039186	251891	2	502	-55.357333333333344	-732.4892775564409	-3000.0	12	11.726	17	8
496	2923822200944376	252393	2	502	-55.09733333333334	-586.5932430278889	-3000.0	11	11.774	16	8
497	2924079062410061	252895	2	502	-54.647999999999996	-630.4036494023907	-3000.0	12	11.822	17	8
498	2924334230461089	253397	2	502	-55.22533333333332	-573.2445922974767	-3000.0	12	11.532	17	8
499	2924581683675977	253899	2	502	-55.004	-601.9856733067728	-3000.0	12	11.486	16	8
