alpha = 0.15
gamma = 1.0
lambda = 0.6
epsilon = 0.3
randomSeed = 1010
GREAT!
Xover: 4
---- Evolution parameters ----
Folder name:          NMSarsa_Maze/run_2784148462044844
Random seed:          1010
GREAT activated:      true
Max iterations:       500
Population size:      500
GREAT initialization  true
Speciation threshold: 0.15
Species min size:     15
Tournament size:      3
Crossover rate:       0.2
Mutation rate:        0.8
Crossovers:
	AligningCrossover_v4(0.15)
Mutations:
	AddGeneMutation(maxSize=2147483647, prob=0.33)
	DeleteGeneMutation(minSize=8, prob=0.33)
	ChangeGeneMutation(prob=0.33)
------------------------------

---- Starting evolution ----
IT	Nanotime	#Eval	#Species	PopSize	Best	Avg	Worst	Best GRN Size	Avg GRN size	Max GRN size	Min GRN size
0	2784444184817387	997	1	499	-100.16666666666667	-608.9374001336013	-3000.0	12	9.384	14	8
1	2784493646124169	1498	1	501	-100.2	-332.82130405854946	-3000.0	10	10.062	14	8
2	2784534445873908	1999	1	501	-98.07066666666668	-213.28352095808404	-3000.0	10	10.514	15	8
3	2784580636269954	2500	3	501	-98.98	-229.98697005988046	-3000.0	10	10.578	15	8
4	2784639448905412	3035	3	503	-95.18400000000001	-266.01407024519557	-3000.0	9	9.872	15	8
5	2784708794925667	3541	3	503	-94.80000000000004	-222.87849436713057	-3000.0	9	9.616	15	8
6	2784791663787374	4050	4	503	-94.78266666666663	-201.31416037110668	-3000.0	9	10.074	16	8
7	2784900031582132	4562	4	504	-90.94933333333333	-236.41847883597882	-3000.0	8	10.264	16	8
8	2784984851589708	5066	4	504	-92.49866666666668	-195.767791005291	-3000.0	9	10.262	15	8
9	2785097330314496	5587	7	504	-91.16266666666667	-200.21920370370373	-3000.0	10	10.248	16	8
10	2785216500281013	6115	7	507	-92.56266666666666	-165.33409072978307	-3000.0	10	10.26	17	8
11	2785360392884871	6634	7	507	-89.62266666666666	-202.9453333333333	-3000.0	9	10.724	15	8
12	2785522102726438	7152	8	507	-88.896	-225.86867061143977	-3000.0	8	10.362	16	8
13	2785697745185151	7682	7	508	-89.74533333333335	-253.76600262467193	-3000.0	11	10.606	15	8
14	2785877459048465	8189	8	507	-90.07733333333334	-299.4423800131492	-3000.0	8	10.282	15	8
15	2786042188995353	8715	10	508	-84.32933333333332	-200.39469028871392	-3000.0	10	10.29	16	8
16	2786226014380551	9234	10	510	-81.45066666666666	-196.10384313725493	-3000.0	12	10.506	16	8
17	2786427638621179	9760	11	510	-80.94	-224.4498745098039	-3000.0	8	10.146	16	8
18	2786673854463436	10303	9	511	-80.27866666666667	-202.19056229615128	-3000.0	9	10.34	15	8
19	2786876120525326	10824	8	509	-80.49333333333334	-194.2913451211526	-3000.0	11	10.34	15	8
20	2787108594121480	11335	9	508	-78.4106666666667	-215.31462467191605	-3000.0	10	10.184	14	8
21	2787324209693474	11849	8	509	-79.48933333333335	-160.28439030779305	-3000.0	11	10.412	15	8
22	2787553188939039	12373	8	508	-80.756	-213.65207874015746	-3000.0	9	10.276	15	8
23	2787765087827165	12886	8	508	-79.90266666666666	-202.23569028871393	-3000.0	10	10.55	15	8
24	2787980472358268	13394	8	508	-78.648	-201.24180314960628	-3000.0	9	10.424	16	8
25	2788241376899447	13948	7	508	-77.06933333333333	-218.1968346456693	-3000.0	9	10.47	17	8
26	2788486596584828	14469	8	507	-76.12666666666668	-176.94816568047338	-3000.0	8	10.286	18	8
27	2788716551166604	14983	7	508	-73.31066666666666	-211.49940944881894	-3000.0	9	10.548	16	8
28	2788932392392781	15498	7	507	-73.22666666666665	-231.60964365548975	-3000.0	9	10.166	17	8
29	2789163592591225	16028	7	507	-72.33199999999998	-307.41693359631824	-3000.0	8	10.044	17	8
30	2789429015846148	16544	8	507	-65.64000000000001	-412.0548980933597	-3000.0	8	9.668	16	8
31	2789666954116358	17065	8	508	-64.28266666666669	-361.16965091863517	-3000.0	8	9.974	16	8
32	2789896838810316	17583	8	508	-64.94933333333333	-326.6196167979002	-3000.0	9	9.992	17	8
33	2790121270883286	18096	9	508	-64.97600000000001	-317.9074593175853	-3000.0	9	9.93	17	8
34	2790363283017995	18618	8	509	-64.38533333333334	-323.9304230517355	-3000.0	8	10.248	18	8
35	2790604308062096	19150	9	508	-62.95333333333332	-396.87428083989505	-3000.0	8	9.84	18	8
36	2790840345281247	19678	7	509	-63.03333333333333	-379.049102815979	-3000.0	8	9.554	18	8
37	2791095992596870	20238	8	507	-63.417333333333346	-548.780946745562	-3000.0	9	9.498	15	8
38	2791329505799923	20759	8	508	-63.79866666666667	-570.2167664041996	-3000.0	9	9.554	15	8
39	2791565840566300	21276	9	508	-64.11866666666667	-371.7838923884514	-3000.0	8	9.332	16	8
40	2791787225137414	21789	9	509	-62.93600000000001	-460.15254747871643	-3000.0	8	9.422	16	8
41	2792022867929397	22302	9	509	-64.08	-432.72890635232477	-3000.0	10	9.77	16	8
42	2792275432266297	22828	7	509	-63.36399999999999	-384.04679240340533	-3000.0	10	10.04	17	8
43	2792504437409046	23336	7	507	-63.36799999999998	-590.4842366863905	-3000.0	8	10.048	16	8
44	2792764360600693	23873	8	507	-62.74933333333333	-479.1805759368837	-3000.0	8	10.306	15	8
45	2793017226435859	24381	11	508	-61.25333333333333	-507.70720734908133	-3000.0	12	9.878	15	8
46	2793272935669059	24909	10	511	-62.77333333333331	-503.7906536203522	-3000.0	8	9.894	17	8
47	2793523101862190	25421	10	510	-60.77066666666668	-492.63005490196076	-3000.0	9	10.05	17	8
48	2793778517541875	25933	10	510	-61.707999999999984	-630.3701019607845	-3000.0	8	10.198	18	8
49	2794021499518831	26459	9	510	-61.229333333333344	-596.3878588235293	-3000.0	9	10.106	19	8
50	2794279650572416	26989	9	509	-59.80266666666667	-614.019502292076	-3000.0	9	10.158	21	8
51	2794557940956005	27521	11	509	-60.165333333333336	-694.2527701375245	-3000.0	8	10.076	20	8
52	2794800060113512	28067	11	511	-58.237333333333325	-573.667663405088	-3000.0	8	10.222	19	8
53	2795055289556894	28580	11	511	-59.916	-633.8647932159165	-3000.0	9	10.114	18	8
54	2795319995051381	29111	9	511	-59.14933333333332	-692.2935525114156	-3000.0	8	9.69	17	8
55	2795570549451139	29623	10	509	-58.297333333333306	-583.1190150622135	-3000.0	9	9.656	16	8
56	2795822116258854	30137	10	510	-60.26800000000002	-725.3073490196078	-3000.0	9	9.916	16	8
57	2796073080762960	30647	11	510	-59.370666666666665	-604.7888496732025	-3000.0	10	9.558	16	8
58	2796319463448961	31181	9	511	-59.25200000000001	-645.6287671232876	-3000.0	11	9.79	16	8
59	2796578332658737	31709	7	509	-59.97600000000001	-668.6572206941714	-3000.0	9	9.804	17	8
60	2796848150270272	32216	8	507	-60.11066666666667	-650.547076923077	-3000.0	10	9.744	16	8
61	2797102167298101	32746	9	508	-57.810666666666656	-638.7581968503937	-3000.0	15	9.956	16	8
62	2797352739072387	33276	8	509	-58.83200000000001	-681.7826771447282	-3000.0	10	9.646	16	8
63	2797613870926935	33784	9	508	-59.137333333333316	-759.9127506561678	-3000.0	12	9.828	16	8
64	2797875749539352	34317	7	509	-58.81466666666666	-807.987489194499	-3000.0	10	10.026	17	8
65	2798139770109288	34835	6	507	-58.192	-776.022590401052	-3000.0	10	10.138	16	8
66	2798393612870988	35341	6	506	-59.71466666666667	-719.6466824769433	-3000.0	11	10.148	17	8
67	2798659627062156	35854	6	506	-57.93066666666667	-715.7986455862979	-3000.0	11	9.948	18	8
68	2798919222340956	36365	6	506	-57.90400000000002	-757.1756706192358	-3000.0	10	10.044	19	8
69	2799189209390825	36871	6	506	-57.652	-713.0881660079051	-3000.0	11	10.272	18	8
70	2799471663049550	37392	6	506	-57.974666666666664	-820.7028063241106	-3000.0	15	10.086	17	8
71	2799730190631217	37898	6	506	-58.13066666666668	-808.4736021080369	-3000.0	12	10.216	18	8
72	2799975168727372	38428	7	506	-58.36399999999999	-746.3913544137023	-3000.0	10	9.97	17	8
73	2800258945502650	38953	7	507	-58.06666666666665	-706.228715318869	-3000.0	10	9.968	18	8
74	2800524367091567	39472	7	507	-59.11599999999999	-824.5297041420117	-3000.0	12	9.76	17	8
75	2800766141195745	39993	7	507	-58.52400000000001	-700.1967389875082	-3000.0	11	9.936	17	8
76	2801022722304074	40500	7	507	-57.941333333333326	-737.442419460881	-3000.0	12	9.894	15	8
77	2801292584436838	41019	9	507	-58.45466666666666	-756.0661722550955	-3000.0	8	10.128	15	8
78	2801532365155217	41528	9	509	-58.29466666666665	-569.5375219384415	-3000.0	12	10.248	14	8
79	2801799890821257	42044	8	509	-58.441333333333326	-694.1478480681075	-3000.0	10	10.026	14	8
80	2802050629468374	42552	8	508	-57.81999999999999	-668.371377952756	-3000.0	11	10.016	14	8
81	2802296147062593	43060	8	508	-57.837333333333326	-696.0777637795275	-3000.0	10	9.984	15	8
82	2802547557000868	43568	8	508	-57.96000000000001	-739.902692913386	-3000.0	10	9.778	15	8
83	2802791863474604	44083	8	508	-58.134666666666654	-724.2829973753281	-3000.0	8	10.028	15	8
84	2803050001551862	44605	7	508	-57.81466666666666	-651.7691443569552	-3000.0	11	10.116	15	8
85	2803291169483817	45123	6	507	-58.46799999999999	-816.2594240631164	-3000.0	10	10.262	16	8
86	2803544573303778	45629	6	506	-58.724	-711.6872674571806	-3000.0	12	10.068	16	8
87	2803789949130863	46136	6	506	-57.906666666666666	-715.1144031620554	-3000.0	10	10.02	17	8
88	2804026535933550	46648	6	506	-57.577333333333335	-690.9289407114625	-3000.0	8	10.134	18	8
89	2804300409609382	47157	6	506	-57.632	-799.9269090909089	-3000.0	11	10.486	18	8
90	2804574349269176	47663	6	506	-57.452	-706.3219051383398	-3000.0	9	9.86	18	8
91	2804831143906445	48190	6	506	-57.757333333333335	-690.4123847167327	-3000.0	10	9.542	18	8
92	2805067860319022	48699	6	506	-57.63066666666668	-558.3324137022398	-3000.0	8	9.504	19	8
93	2805309157218394	49205	6	506	-57.61333333333332	-712.9301317523056	-3000.0	10	9.79	19	8
94	2805566541984552	49711	6	506	-57.897333333333336	-666.9337575757573	-3000.0	8	9.714	17	8
95	2805829481604119	50217	6	506	-58.05333333333333	-717.3003610013176	-3000.0	9	9.878	16	8
96	2806052030040877	50723	6	506	-57.81999999999999	-542.9989881422925	-3000.0	9	9.952	14	8
97	2806269680233180	51229	6	506	-58.362666666666655	-589.4966640316205	-3000.0	11	10.036	14	8
98	2806510249421043	51735	6	506	-57.97866666666666	-565.1442450592886	-3000.0	8	9.99	14	8
99	2806756285204234	52255	6	506	-58.23333333333334	-582.774258234519	-3000.0	11	9.978	14	8
100	2806998407337621	52761	6	506	-57.84133333333333	-591.7190961791831	-3000.0	9	9.728	14	8
101	2807236167798994	53290	7	506	-57.81466666666665	-518.441744400527	-3000.0	13	9.848	14	8
102	2807484459907117	53797	7	507	-57.01333333333332	-515.3869875082183	-3000.0	12	9.826	14	8
103	2807726629358821	54304	7	507	-57.08666666666668	-628.1524391847469	-3000.0	11	10.106	15	8
104	2807965184603845	54811	7	507	-58.34800000000001	-528.6589612097304	-3000.0	11	10.156	14	8
105	2808219783352545	55318	7	507	-57.72933333333335	-623.3001157133465	-3000.0	12	10.098	14	8
106	2808472984418630	55832	6	507	-57.20133333333333	-551.9524312952005	-3000.0	11	10.02	14	8
107	2808724755927149	56338	7	506	-57.792	-670.8376864295127	-3000.0	9	10.01	14	8
108	2808981455465888	56845	7	507	-57.513333333333314	-598.8390006574621	-3000.0	10	10.108	15	8
109	2809231275065589	57367	6	507	-57.62	-677.9633136094675	-3000.0	10	10.424	16	8
110	2809464214129001	57873	6	506	-58.30799999999999	-558.2887615283266	-3000.0	9	10.326	16	8
111	2809703214074544	58388	6	506	-57.49999999999998	-692.5504110671936	-3000.0	10	10.162	17	8
112	2809951518781616	58902	8	506	-56.692	-590.6215494071146	-3000.0	9	9.894	14	8
113	2810205038568952	59415	8	508	-57.858666666666664	-644.1002808398949	-3000.0	9	9.956	14	8
114	2810440421635562	59925	8	508	-57.321333333333335	-572.3046377952757	-3000.0	8	9.814	15	8
115	2810671813274768	60441	7	508	-57.41866666666667	-698.8088845144357	-3000.0	8	9.598	15	8
116	2810901583331822	60948	7	507	-57.611999999999995	-695.6773570019724	-3000.0	9	9.624	14	8
117	2811132646599161	61455	7	507	-57.011999999999986	-734.7799316239315	-3000.0	9	9.734	14	8
118	2811370803630800	61962	7	507	-58.550666666666686	-686.9998711374095	-3000.0	8	9.806	15	8
119	2811616711626114	62469	7	507	-58.908	-652.3542195923733	-3000.0	9	9.832	16	8
120	2811855175427491	62976	7	507	-58.081333333333326	-685.5504773175544	-3000.0	11	9.672	16	8
121	2812092702754585	63497	6	507	-58.42133333333332	-726.8466456278763	-3000.0	9	9.724	17	8
122	2812339587785861	64003	6	506	-57.80133333333333	-611.2700474308301	-3000.0	10	9.46	18	8
123	2812576294636483	64509	6	506	-57.916	-680.6768142292486	-3000.0	10	9.726	13	8
124	2812813778478797	65015	6	506	-57.647999999999996	-629.1328590250331	-3000.0	8	9.866	14	8
125	2813067245799030	65521	6	506	-58.148	-665.1908484848486	-3000.0	9	9.876	15	8
126	2813309649590958	66028	7	506	-57.969333333333346	-696.6090013175232	-3000.0	13	10.232	16	8
127	2813564891518296	66558	6	507	-58.51333333333334	-551.0741669953978	-3000.0	9	10.03	14	8
128	2813824372814041	67076	5	506	-57.35066666666667	-720.9890171277998	-3000.0	11	10.172	15	8
129	2814079254896659	67581	5	505	-57.78666666666667	-561.9878442244225	-3000.0	10	10.006	15	8
130	2814338221254329	68086	5	505	-57.74133333333335	-716.5331353135315	-3000.0	9	10.084	15	8
131	2814582708364393	68591	5	505	-57.66933333333334	-649.7033372937293	-3000.0	10	10.07	16	8
132	2814842713242572	69103	5	505	-56.845333333333336	-600.6806547854787	-3000.0	10	10.204	15	8
133	2815102559243393	69608	5	505	-57.744	-701.4161557755775	-3000.0	10	10.43	16	8
134	2815356523996167	70113	6	505	-58.19466666666666	-719.1271366336631	-3000.0	10	10.558	16	8
135	2815630311223071	70627	6	506	-58.47333333333336	-804.3892648221344	-3000.0	9	10.588	16	8
136	2815899286218737	71133	6	506	-57.58133333333333	-741.3389064558629	-3000.0	10	10.216	16	8
137	2816156262043809	71659	5	506	-56.535999999999994	-635.4242924901185	-3000.0	9	9.974	14	8
138	2816416218591466	72164	5	505	-57.99733333333334	-798.5866297029701	-3000.0	10	9.85	15	8
139	2816665948745231	72669	5	505	-58.115999999999985	-800.9885412541255	-3000.0	8	9.858	14	8
140	2816912098021517	73174	5	505	-57.957333333333324	-697.5032580858084	-3000.0	9	9.728	15	8
141	2817174388863271	73679	5	505	-57.18266666666668	-805.8255656765676	-3000.0	8	9.882	14	8
142	2817420106661665	74184	5	505	-57.37866666666667	-906.8022468646866	-3000.0	12	9.928	13	8
143	2817675259395075	74689	5	505	-57.96533333333333	-736.485581518152	-3000.0	9	9.914	14	8
144	2817923352560321	75194	5	505	-57.99866666666668	-784.6954719471946	-3000.0	8	9.906	14	8
145	2818191013009249	75699	5	505	-58.03466666666666	-809.6727551155116	-3000.0	9	9.878	15	8
146	2818471388963802	76204	5	505	-59.24266666666666	-1523.9909570957095	-3000.0	10	9.604	14	8
147	2818729442995366	76709	5	505	-56.670666666666676	-1151.0570349834984	-3000.0	10	9.726	14	8
148	2818997493326868	77225	5	505	-57.13199999999998	-874.8235405940593	-3000.0	10	9.688	14	8
149	2819233873024528	77730	5	505	-58.62933333333335	-853.499287128713	-3000.0	9	9.78	14	8
150	2819484873506472	78235	5	505	-58.02266666666667	-947.9190785478548	-3000.0	9	9.868	14	8
151	2819731077393055	78740	5	505	-58.22933333333334	-863.8509755775577	-3000.0	9	9.974	14	8
152	2819976910573122	79245	5	505	-58.61599999999999	-682.5452066006602	-3000.0	9	10.298	15	8
153	2820226907861380	79750	5	505	-57.21466666666668	-694.1981069306933	-3000.0	9	9.894	15	8
154	2820469800335773	80255	5	505	-57.98933333333334	-742.5278653465347	-3000.0	10	9.676	14	8
155	2820701356361330	80760	5	505	-57.817333333333345	-654.1881689768975	-3000.0	9	9.576	14	8
156	2820940448730473	81265	5	505	-55.365333333333325	-755.1662178217822	-3000.0	9	9.778	15	8
157	2821182448932165	81774	4	505	-57.697333333333326	-657.702986138614	-3000.0	10	9.572	15	8
158	2821425387595390	82278	4	504	-57.48666666666666	-650.5889206349207	-3000.0	9	9.612	15	8
159	2821665124968973	82783	4	504	-58.08533333333335	-660.5675343915345	-3000.0	9	9.64	13	8
160	2821893755516418	83287	4	504	-57.86533333333334	-699.7779999999999	-3000.0	9	9.608	14	8
161	2822137690572711	83791	5	504	-58.352000000000004	-753.5677433862436	-3000.0	10	9.73	14	8
162	2822402128191446	84325	6	505	-57.49333333333332	-750.8438759075909	-3000.0	11	9.464	14	8
163	2822630180598908	84831	6	506	-58.38	-595.770303030303	-3000.0	10	9.456	13	8
164	2822894594129938	85337	6	506	-59.090666666666664	-724.6653992094862	-3000.0	10	9.46	14	8
165	2823128132573858	85843	6	506	-58.42266666666666	-732.110766798419	-3000.0	9	9.782	14	8
166	2823388843735687	86349	6	506	-58.28799999999999	-694.7572569169962	-3000.0	9	9.718	13	8
167	2823644112287214	86861	6	506	-58.16400000000001	-709.1926877470356	-3000.0	11	9.908	14	8
168	2823907384234039	87367	6	506	-58.846666666666664	-577.2761897233202	-3000.0	9	10.024	15	8
169	2824166057821698	87873	6	506	-58.596000000000004	-672.1659789196311	-3000.0	9	9.988	15	8
170	2824426801068890	88379	6	506	-57.42533333333335	-591.865955204216	-3000.0	8	9.918	16	8
171	2824678112952120	88886	6	506	-57.68933333333334	-694.8285612648222	-3000.0	9	9.69	14	8
172	2824933465258907	89392	6	506	-57.336000000000006	-796.3088642951253	-3000.0	9	9.786	14	8
173	2825187596988501	89898	6	506	-57.01066666666667	-662.2028722002638	-3000.0	8	9.886	14	8
174	2825438498244418	90407	6	506	-56.28933333333333	-739.59134914361	-3000.0	8	9.882	14	8
175	2825669568022443	90913	6	506	-56.95733333333334	-617.2459657444003	-3000.0	9	9.634	14	8
176	2825908510240042	91419	6	506	-56.262666666666675	-606.9432727272726	-3000.0	8	9.774	15	8
177	2826151776779507	91925	6	506	-56.501333333333335	-730.79828458498	-3000.0	8	10.236	16	8
178	2826407113105701	92431	6	506	-55.94533333333333	-817.8162397891962	-3000.0	14	10.17	17	8
179	2826653985426975	92937	6	506	-55.852	-745.1572753623187	-3000.0	9	10.218	15	8
180	2826900481126545	93443	6	506	-55.49066666666667	-613.7822108036889	-3000.0	10	10.498	16	8
181	2827158762499260	93949	6	506	-55.957333333333324	-770.3316732542821	-3000.0	9	9.888	16	8
182	2827395820620087	94455	6	506	-55.56399999999999	-725.6646640316204	-3000.0	14	9.792	17	8
183	2827640793447249	94961	6	506	-56.35333333333334	-632.6062028985507	-3000.0	9	9.882	15	8
184	2827905109666787	95468	5	506	-56.21466666666667	-670.9798498023713	-3000.0	9	9.966	16	8
185	2828156699309289	95973	5	505	-55.172	-609.0476118811881	-3000.0	14	9.832	15	8
186	2828410237677637	96478	5	505	-55.61066666666667	-736.0761610561058	-3000.0	12	9.7	16	8
187	2828657918682907	96983	5	505	-55.696000000000005	-638.0245544554456	-3000.0	11	10.056	16	8
188	2828909750102849	97488	5	505	-55.93600000000001	-655.1304396039603	-3000.0	8	9.838	16	8
189	2829150189405839	97993	5	505	-56.01866666666666	-710.1875854785478	-3000.0	8	9.724	17	8
190	2829388018288078	98508	4	505	-55.518666666666675	-560.4124910891088	-3000.0	10	9.62	16	8
191	2829616417353729	99019	5	504	-56.24533333333333	-692.2736137566138	-3000.0	9	9.816	14	8
192	2829875406198052	99540	6	505	-56.408	-775.4564752475245	-3000.0	10	9.752	14	8
193	2830131294404009	100047	6	506	-55.25866666666667	-747.2003056653492	-3000.0	9	9.682	14	8
194	2830399011692295	100559	7	506	-56.40533333333333	-659.9211119894597	-3000.0	10	9.908	14	8
195	2830632051099097	101071	8	507	-56.32533333333334	-631.3556476002628	-3000.0	8	9.872	14	8
196	2830876779792617	101579	8	508	-55.75199999999999	-609.9401181102362	-3000.0	8	10.016	15	8
197	2831126116789387	102092	8	508	-56.58266666666666	-745.8002965879265	-3000.0	11	9.972	16	8
198	2831383255461407	102611	6	508	-56.48533333333333	-776.8383307086614	-3000.0	9	9.978	14	8
199	2831644415166804	103134	6	506	-55.90933333333332	-721.8482845849802	-3000.0	9	9.836	14	8
200	2831888047815403	103640	6	506	-56.56266666666666	-698.2247035573123	-3000.0	9	9.63	14	8
201	2832150273222513	104146	6	506	-56.537333333333336	-979.189067193676	-3000.0	9	9.612	14	8
202	2832409539239684	104652	6	506	-56.47600000000001	-911.2834492753624	-3000.0	9	9.488	13	8
203	2832649445285490	105158	7	506	-57.46533333333333	-917.3955942028986	-3000.0	8	9.292	14	8
204	2832895765329473	105677	6	507	-57.42933333333332	-860.9424299802761	-3000.0	10	9.47	13	8
205	2833157603282351	106189	7	506	-55.611999999999995	-911.7310408432146	-3000.0	8	9.42	14	8
206	2833405675741205	106696	7	507	-57.12533333333333	-695.1797001972388	-3000.0	8	9.366	14	8
207	2833644613503395	107213	6	507	-56.18666666666665	-816.8864457593689	-3000.0	8	9.294	13	8
208	2833874258408885	107719	6	506	-55.81733333333334	-719.4925085638998	-3000.0	8	9.296	14	8
209	2834098111559727	108225	6	506	-56.21733333333333	-573.6456548089592	-3000.0	8	9.272	13	8
210	2834330372969849	108731	6	506	-57.04133333333331	-597.7226508563899	-3000.0	9	9.296	13	8
211	2834567704968854	109237	6	506	-55.60666666666666	-729.8023899868246	-3000.0	9	9.5	14	8
212	2834783055890023	109743	6	506	-56.36266666666666	-765.7313728590251	-3000.0	9	9.426	14	8
213	2835005494872904	110249	6	506	-55.68666666666665	-685.4894308300396	-3000.0	9	9.586	15	8
214	2835246501092255	110755	6	506	-55.96933333333332	-727.0944295125164	-3000.0	9	9.62	14	8
215	2835481991612347	111261	6	506	-56.348	-619.2500395256916	-3000.0	9	9.634	14	8
216	2835720782759513	111767	6	506	-54.690666666666665	-580.0853359683794	-3000.0	9	9.706	14	8
217	2835953007837844	112273	6	506	-55.87866666666667	-513.6870645586297	-3000.0	9	9.69	15	8
218	2836179009703194	112779	6	506	-56.41999999999999	-618.157971014493	-3000.0	9	9.642	14	8
219	2836424552810467	113296	5	506	-55.45333333333334	-628.1685428194993	-3000.0	10	9.812	14	8
220	2836662361508048	113801	5	505	-55.93866666666667	-657.6306217821783	-3000.0	9	9.822	15	8
221	2836916916800616	114306	5	505	-56.215999999999994	-636.7232475247524	-3000.0	10	9.738	15	8
222	2837151965525240	114811	5	505	-56.54533333333333	-658.405013861386	-3000.0	10	10.002	14	8
223	2837402271228161	115316	5	505	-55.84533333333333	-607.9157623762377	-3000.0	8	9.794	14	8
224	2837657076211680	115821	5	505	-55.99733333333333	-632.0161848184819	-3000.0	9	9.962	15	8
225	2837919137051629	116326	5	505	-56.11600000000001	-663.2940831683168	-3000.0	8	9.98	14	8
226	2838166710591268	116831	5	505	-56.10000000000001	-584.2022389438943	-3000.0	8	10.128	14	8
227	2838414745124743	117336	5	505	-55.705333333333336	-690.9181491749175	-3000.0	10	10.152	15	8
228	2838661554280345	117841	5	505	-56.06666666666667	-654.5286943894391	-3000.0	8	10.032	14	8
229	2838889370912084	118346	5	505	-56.104	-577.3657900990099	-3000.0	11	9.962	14	8
230	2839126583485469	118851	5	505	-55.934666666666665	-703.7688422442244	-3000.0	10	9.956	14	8
231	2839349718546609	119356	5	505	-56.47466666666667	-447.7598442244224	-3000.0	10	9.84	14	8
232	2839586235812152	119861	5	505	-54.99733333333334	-532.6608765676569	-3000.0	8	9.856	14	8
233	2839816747761608	120366	5	505	-56.22399999999999	-657.5327630363035	-3000.0	9	9.862	14	8
234	2840057730945354	120871	5	505	-55.57066666666667	-659.9995617161715	-3000.0	9	9.958	14	8
235	2840288471915024	121376	5	505	-56.42533333333333	-561.4590864686469	-3000.0	9	9.864	15	8
236	2840521938942919	121881	5	505	-56.67333333333333	-421.2457900990098	-3000.0	8	9.832	16	8
237	2840774523527135	122386	5	505	-56.317333333333345	-552.2148409240925	-3000.0	14	10.126	15	8
238	2841013624583713	122891	5	505	-56.37466666666667	-589.2558178217823	-3000.0	14	9.992	15	8
239	2841263878187437	123396	5	505	-56.14933333333333	-534.4201768976898	-3000.0	10	10.08	16	8
240	2841497505984922	123901	5	505	-55.850666666666676	-541.1688897689774	-3000.0	11	10.304	16	8
241	2841718219965921	124406	5	505	-55.941333333333326	-467.78189570957096	-3000.0	8	9.662	15	8
242	2841945421063853	124911	5	505	-56.136	-460.56920924092395	-3000.0	8	10.004	16	8
243	2842166616894765	125416	5	505	-55.50266666666666	-394.43808580858087	-3000.0	8	9.89	17	8
244	2842386609724143	125921	5	505	-55.65866666666666	-386.3990574257425	-3000.0	10	9.896	15	8
245	2842619798832722	126426	5	505	-55.964	-445.3465240924092	-3000.0	9	10.114	16	8
246	2842861413053341	126931	5	505	-55.308	-424.1895471947195	-3000.0	8	9.924	15	8
247	2843088267285374	127436	5	505	-55.653333333333336	-337.4768844884489	-3000.0	10	10.012	16	8
248	2843313450025184	127941	5	505	-56.08666666666667	-335.79996567656764	-3000.0	13	10.078	16	8
249	2843540114059130	128446	5	505	-56.15600000000001	-352.32409504950493	-3000.0	8	9.82	15	8
250	2843774580047138	128951	5	505	-55.46133333333333	-438.4145399339935	-3000.0	10	9.896	15	8
251	2844010670908472	129456	5	505	-55.96933333333333	-443.6277808580858	-3000.0	8	9.906	15	8
252	2844246756951753	129961	5	505	-54.93733333333332	-504.3241531353136	-3000.0	11	9.932	14	8
253	2844477757908980	130466	5	505	-56.33333333333334	-377.0334785478548	-3000.0	9	9.662	14	8
254	2844713875701402	130971	5	505	-54.53866666666667	-426.3888554455445	-3000.0	9	9.676	15	8
255	2844945972928264	131476	5	505	-55.736000000000004	-443.7386851485149	-3000.0	10	9.56	16	8
256	2845160260628079	131981	5	505	-55.556000000000004	-435.05451089108897	-3000.0	9	9.432	15	8
257	2845380191070147	132486	5	505	-54.268	-458.0158257425742	-3000.0	9	9.564	16	8
258	2845591381060141	132991	5	505	-54.849333333333334	-457.75011221122105	-3000.0	9	9.358	13	8
259	2845807642201943	133496	5	505	-54.656000000000006	-468.7505082508252	-3000.0	8	9.362	14	8
260	2846012878713496	134001	5	505	-54.86933333333334	-318.86869702970307	-3000.0	10	9.44	14	8
261	2846226387061829	134506	5	505	-55.989333333333335	-361.68265610561065	-3000.0	8	9.31	13	8
262	2846440823833938	135011	5	505	-55.86133333333334	-364.19218745874593	-3000.0	9	9.334	13	8
263	2846680280201734	135523	4	505	-55.68	-532.9147141914192	-3000.0	11	9.402	13	8
264	2846890267663699	136027	4	504	-53.75999999999999	-358.61547619047633	-3000.0	12	9.612	13	8
265	2847120569273508	136531	4	504	-56.058666666666674	-340.990582010582	-3000.0	9	9.894	13	8
266	2847323439049737	137035	5	504	-54.95733333333334	-318.03477777777783	-3000.0	12	9.86	14	8
267	2847539615707165	137548	5	505	-56.13199999999999	-395.82691749174916	-3000.0	9	9.466	14	8
268	2847760984422376	138060	5	505	-55.84666666666667	-421.20271947194726	-3000.0	9	9.398	13	8
269	2847973173238276	138565	6	505	-55.628	-447.3085676567658	-3000.0	9	9.202	14	8
270	2848195520141946	139071	6	506	-55.84666666666667	-388.9149249011858	-3000.0	8	9.3	14	8
271	2848414755643216	139584	5	506	-56.60933333333333	-438.04696442687754	-3000.0	8	9.254	13	8
272	2848639298384872	140089	5	505	-56.028	-470.2818006600659	-3000.0	9	9.198	13	8
273	2848870867754111	140594	5	505	-56.929333333333346	-523.9431551155116	-3000.0	11	9.35	13	8
274	2849088434841724	141099	5	505	-56.622666666666674	-486.3773518151813	-3000.0	8	9.426	13	8
275	2849319787928651	141604	5	505	-55.69866666666666	-439.1014864686469	-3000.0	9	9.314	13	8
276	2849549105742819	142109	5	505	-55.154666666666664	-351.0463419141915	-3000.0	9	9.294	13	8
277	2849789338563047	142614	5	505	-56.15066666666666	-509.83900198019813	-3000.0	9	9.428	13	8
278	2850010023476073	143122	6	505	-54.66266666666667	-406.09766864686463	-3000.0	8	9.362	13	8
279	2850200604676027	143634	5	506	-56.425333333333334	-327.17057707509883	-3000.0	8	9.548	14	8
280	2850410175849523	144139	5	505	-55.78266666666667	-394.6799920792079	-3000.0	8	9.524	14	8
281	2850629668178956	144644	5	505	-55.69999999999999	-382.7788778877888	-3000.0	9	9.482	14	8
282	2850851331030771	145149	5	505	-54.70799999999999	-351.15531617161724	-3000.0	9	9.394	15	8
283	2851050974392936	145654	5	505	-54.59066666666665	-376.69964884488434	-3000.0	9	9.386	15	8
284	2851275956476713	146176	5	505	-56.187999999999995	-461.16313663366344	-3000.0	9	9.296	15	8
285	2851473248681568	146681	7	505	-56.012	-314.05422310231023	-3000.0	8	9.238	15	8
286	2851688932901001	147198	6	507	-55.34666666666667	-407.75977909270216	-3000.0	8	9.258	13	8
287	2851901181625630	147712	6	506	-55.508	-362.1889907773387	-3000.0	8	9.648	12	8
288	2852106114748626	148218	6	506	-56.058666666666674	-324.40172332015817	-3000.0	8	9.818	13	8
289	2852313132502798	148724	6	506	-55.495999999999995	-328.15903820816857	-3000.0	9	9.56	13	8
290	2852539271786695	149232	6	506	-55.98666666666667	-334.66531225296444	-3000.0	8	9.558	14	8
291	2852772186921407	149746	6	506	-56.19866666666667	-330.621976284585	-3000.0	14	9.508	14	8
292	2852989488253181	150252	6	506	-55.76933333333332	-314.41625823451915	-3000.0	10	9.604	15	8
293	2853202145533126	150758	7	506	-56.19333333333332	-313.12725955204223	-3000.0	9	9.608	15	8
294	2853404809246743	151265	7	507	-55.63333333333333	-367.65946614069696	-3000.0	9	9.496	16	8
295	2853622640675169	151772	7	507	-56.13866666666666	-360.3085128205128	-3000.0	9	9.476	14	8
296	2853839748830872	152279	7	507	-55.53866666666667	-328.91790664036813	-3000.0	10	9.66	15	8
297	2854072069252371	152798	6	507	-55.3	-415.498030243261	-3000.0	8	9.756	15	8
298	2854300330665052	153319	6	506	-55.67599999999999	-377.1908695652173	-3000.0	11	9.62	15	8
299	2854518358645995	153837	5	506	-56.04266666666666	-329.5157364953886	-3000.0	13	9.836	15	8
300	2854734466686809	154342	5	505	-55.552	-270.74486600660066	-3000.0	10	9.72	15	8
301	2854947686189078	154847	5	505	-55.529333333333334	-299.83023366336636	-3000.0	10	9.788	15	8
302	2855163829920293	155359	5	505	-55.02533333333332	-307.7740884488449	-3000.0	9	9.72	15	8
303	2855371032748432	155864	5	505	-55.364	-280.94063894389444	-3000.0	9	9.77	15	8
304	2855606597789588	156369	5	505	-54.90133333333333	-244.09193399339935	-3000.0	10	9.724	15	8
305	2855817943623921	156874	5	505	-54.68133333333334	-253.86215181518153	-3000.0	14	9.68	16	8
306	2856039693507612	157379	5	505	-55.605333333333355	-268.2391207920792	-3000.0	9	9.55	17	8
307	2856252739882807	157884	5	505	-55.64933333333333	-252.70390495049506	-3000.0	12	9.52	15	8
308	2856469191842246	158391	5	505	-56.217333333333336	-298.9902363036304	-3000.0	10	9.782	14	8
309	2856690845454722	158896	5	505	-55.867999999999995	-311.4633161716172	-3000.0	10	9.482	15	8
310	2856903659646739	159405	5	505	-55.07866666666667	-266.9114270627062	-3000.0	8	9.552	15	8
311	2857143560715198	159910	5	505	-55.39333333333333	-289.17903894389434	-3000.0	10	9.724	14	8
312	2857374088323646	160416	5	505	-55.83066666666667	-280.4788963696369	-3000.0	10	9.794	15	8
313	2857609148927781	160924	5	505	-55.957333333333324	-298.19965412541256	-3000.0	11	9.954	14	8
314	2857831643898382	161429	5	505	-54.25333333333333	-324.0294811881189	-3000.0	9	10.01	14	8
315	2858056977932587	161935	5	505	-55.51066666666667	-305.02852013201317	-3000.0	9	9.846	15	8
316	2858282457466025	162440	5	505	-55.04933333333334	-352.57420198019804	-3000.0	8	9.642	14	8
317	2858512928636547	162948	4	505	-54.852000000000004	-492.05056105610544	-3000.0	9	9.792	14	8
318	2858735725533825	163456	4	504	-55.93066666666667	-246.2905052910053	-3000.0	8	9.698	14	8
319	2858944459867848	163960	4	504	-54.88666666666666	-346.1954391534392	-3000.0	8	9.71	15	8
320	2859147894666447	164465	4	504	-55.69466666666667	-364.9263121693121	-3000.0	10	9.582	16	8
321	2859348967231738	164969	4	504	-55.67466666666666	-384.79467460317454	-3000.0	9	9.508	15	8
322	2859582041357277	165473	4	504	-55.215999999999994	-437.2132804232804	-3000.0	9	9.478	14	8
323	2859795841162395	165977	4	504	-54.174666666666674	-438.59429100529104	-3000.0	9	9.512	13	8
324	2860028715909723	166481	4	504	-56.31999999999999	-448.31556349206363	-3000.0	9	9.294	13	8
325	2860245014539237	166985	4	504	-55.570666666666675	-478.5368174603175	-3000.0	10	9.322	13	8
326	2860477059885127	167489	4	504	-54.94266666666665	-408.9988095238095	-3000.0	9	9.33	14	8
327	2860680434574243	167993	4	504	-53.92266666666667	-372.18006878306886	-3000.0	8	9.504	14	8
328	2860885280195754	168497	4	504	-54.48266666666667	-314.4140634920634	-3000.0	10	9.326	13	8
329	2861091841260167	169002	4	504	-55.51333333333334	-295.79393386243396	-3000.0	10	9.368	13	8
330	2861285139806228	169506	4	504	-54.72533333333334	-367.2194365079366	-3000.0	10	9.424	14	8
331	2861503357021749	170010	4	504	-55.448	-402.33231746031737	-3000.0	10	9.33	15	8
332	2861700174845879	170514	4	504	-55.06933333333334	-323.1829523809524	-3000.0	10	9.35	14	8
333	2861906971915094	171030	3	504	-54.96666666666667	-333.6722962962964	-3000.0	9	9.426	15	8
334	2862119981506542	171536	3	503	-54.66400000000001	-354.74042677269716	-3000.0	10	9.566	13	8
335	2862330504481692	172039	3	503	-55.224	-370.1889039098741	-3000.0	9	9.488	13	8
336	2862531908473963	172542	3	503	-55.16000000000001	-304.30927501656726	-3000.0	8	9.32	14	8
337	2862745890961450	173047	3	503	-55.164000000000016	-390.6727183565275	-3000.0	9	9.432	15	8
338	2862958020283613	173550	3	503	-55.36266666666668	-350.1585182239895	-3000.0	9	9.456	14	8
339	2863174342189381	174056	3	503	-55.376	-368.2929383697813	-3000.0	9	9.462	14	8
340	2863386152746145	174559	3	503	-55.91866666666667	-387.05790324718356	-3000.0	9	9.496	13	8
341	2863590013354209	175079	3	503	-55.142666666666656	-353.8998170974155	-3000.0	10	9.444	13	8
342	2863801001477355	175596	3	503	-55.824000000000005	-323.3756235917827	-3000.0	11	9.34	14	8
343	2863999550019880	176099	3	503	-55.047999999999995	-410.4020649436713	-3000.0	9	9.386	14	8
344	2864234559268436	176602	3	503	-54.96000000000001	-451.50960901259117	-3000.0	9	9.456	15	8
345	2864453774701921	177105	3	503	-55.84533333333333	-449.3528641484426	-3000.0	8	9.568	16	8
346	2864661647528712	177608	3	503	-55.444	-399.40803445990736	-3000.0	8	9.52	14	8
347	2864888554069954	178111	3	503	-54.812	-406.1548336646785	-3000.0	12	9.454	14	8
348	2865095665923853	178614	3	503	-55.56266666666667	-340.41238170974157	-3000.0	10	9.336	14	8
349	2865314040295772	179126	3	503	-54.688	-458.7667461895294	-3000.0	10	9.472	15	8
350	2865542994215589	179629	3	503	-54.922666666666665	-406.06459907223325	-3000.0	9	9.568	15	8
351	2865760382686340	180132	3	503	-55.148	-423.3550563286944	-3000.0	8	9.55	14	8
352	2865986793995193	180635	3	503	-55.22666666666667	-445.2922995361168	-3000.0	10	9.586	14	8
353	2866213352657815	181147	3	503	-55.15866666666667	-463.26117958913187	-3000.0	8	9.516	14	8
354	2866420131598929	181650	3	503	-55.12933333333334	-552.8701471172963	-3000.0	10	9.532	13	8
355	2866623575637834	182153	3	503	-54.65333333333335	-478.6682597746852	-3000.0	8	9.492	14	8
356	2866853138579232	182656	3	503	-54.60133333333334	-471.3532432074221	-3000.0	10	9.536	15	8
357	2867082135559761	183159	3	503	-55.29066666666666	-447.5954300861497	-3000.0	8	9.522	14	8
358	2867310438995898	183681	4	503	-55.45466666666666	-408.5047422133864	-3000.0	10	9.488	15	8
359	2867514546064277	184192	4	504	-54.55466666666664	-317.98553703703715	-3000.0	10	9.422	13	8
360	2867743072129298	184696	4	504	-55.078666666666685	-456.719357142857	-3000.0	8	9.416	13	8
361	2867978598399624	185202	4	504	-55.74133333333333	-551.2069867724869	-3000.0	10	9.4	13	8
362	2868197107604868	185727	4	504	-54.99066666666667	-471.25383597883615	-3000.0	9	9.32	13	8
363	2868405132692396	186235	5	504	-55.69466666666667	-502.0986772486773	-3000.0	9	9.368	13	8
364	2868637296958030	186740	5	505	-55.757333333333335	-493.41376897689764	-3000.0	9	9.452	13	8
365	2868864357041904	187252	6	505	-55.275999999999996	-497.28835643564355	-3000.0	9	9.388	13	8
366	2869077823576336	187764	5	506	-55.63066666666668	-487.5085243741766	-3000.0	9	9.448	13	8
367	2869316390654356	188286	7	505	-55.244	-597.5593003300328	-3000.0	8	9.592	14	8
368	2869553226402011	188799	7	507	-55.47733333333333	-521.3878500986193	-3000.0	9	9.464	15	8
369	2869782717063070	189314	9	507	-54.24933333333332	-507.6090124917817	-3000.0	8	9.518	13	8
370	2870010436208157	189825	9	509	-54.604	-530.086407334643	-3000.0	9	9.564	14	8
371	2870253380391956	190347	8	509	-55.144000000000005	-491.50726391617553	-3000.0	9	9.752	14	8
372	2870494256361376	190855	9	508	-55.49066666666667	-545.2426482939633	-3000.0	9	9.82	14	8
373	2870729097039728	191378	9	509	-55.21466666666665	-495.4740667976425	-3000.0	9	9.764	13	8
374	2870976803115111	191914	8	509	-54.736000000000004	-569.8553425016371	-3000.0	8	9.816	13	8
375	2871193803674538	192439	8	508	-54.925333333333334	-492.65108136482945	-3000.0	9	9.776	14	8
376	2871425414294467	192951	8	508	-54.988	-628.3731522309711	-3000.0	9	9.606	15	8
377	2871652431168021	193463	9	508	-55.14266666666667	-496.2728713910761	-3000.0	10	9.492	15	8
378	2871886418255269	193975	9	509	-54.888000000000005	-668.1894590700721	-3000.0	9	9.568	15	8
379	2872114507449585	194497	8	509	-54.98266666666667	-572.3090163719712	-3000.0	9	9.23	14	8
380	2872338159868565	195019	7	508	-54.71466666666666	-645.6509186351706	-3000.0	9	9.45	15	8
381	2872561369001318	195531	6	507	-54.614666666666665	-591.2852807363577	-3000.0	9	9.512	13	8
382	2872801578499116	196041	6	506	-54.50266666666666	-607.8032200263506	-3000.0	9	9.484	13	8
383	2873018341248177	196547	7	506	-54.905333333333346	-602.3719947299077	-3000.0	8	9.42	13	8
384	2873236884247857	197062	6	507	-54.67866666666668	-614.6023510848128	-3000.0	8	9.382	13	8
385	2873462303167888	197572	6	506	-54.76533333333334	-648.8163320158103	-3000.0	11	9.312	12	8
386	2873699136172374	198086	7	506	-54.832	-660.7584295125166	-3000.0	9	9.356	13	8
387	2873927511223820	198593	7	507	-54.84933333333333	-750.8213911900066	-3000.0	8	9.254	12	8
388	2874168052237684	199119	6	507	-54.727999999999994	-733.6646811308348	-3000.0	9	9.514	12	8
389	2874404956824982	199634	6	506	-54.751999999999995	-732.3813649538866	-3000.0	9	9.506	13	8
390	2874627694322081	200158	6	506	-55.31733333333334	-610.9294361001317	-3000.0	9	9.564	13	8
391	2874840231006290	200664	6	506	-54.769333333333336	-625.257884057971	-3000.0	9	9.574	13	8
392	2875061547314182	201177	7	506	-55.27466666666667	-562.5829433465085	-3000.0	12	9.344	14	8
393	2875292113840108	201684	7	507	-55.66133333333333	-749.2706114398421	-3000.0	11	9.664	14	8
394	2875510771484743	202192	8	507	-54.64666666666667	-711.6606048652202	-3000.0	9	9.572	13	8
395	2875755771625287	202700	8	508	-55.489333333333335	-733.7807112860892	-3000.0	10	9.754	14	8
396	2876010051961204	203220	7	508	-55.110666666666646	-731.1899291338582	-3000.0	9	9.696	13	8
397	2876261552087418	203740	7	507	-54.48133333333333	-807.1511952662721	-3000.0	9	9.798	14	8
398	2876495856859528	204258	7	507	-55.69733333333333	-823.8352373438526	-3000.0	8	9.878	15	8
399	2876747037253000	204765	7	507	-55.121333333333325	-751.8494621959238	-3000.0	12	9.906	15	8
400	2876984960817146	205272	8	507	-54.544	-659.2490887573964	-3000.0	14	9.796	15	8
401	2877236785875657	205789	8	508	-53.65866666666666	-645.1001364829397	-3000.0	9	9.718	14	8
402	2877472045101202	206305	7	508	-55.24266666666667	-675.2235695538059	-3000.0	11	9.526	15	8
403	2877694790859298	206812	7	507	-54.97466666666665	-625.8100670611441	-3000.0	12	9.714	15	8
404	2877919009895430	207319	7	507	-55.49866666666666	-724.8839921104536	-3000.0	9	9.72	15	8
405	2878156716596148	207826	7	507	-55.05333333333333	-743.4118842866536	-3000.0	9	9.59	16	8
406	2878385271547151	208333	7	507	-54.856	-760.1642235371469	-3000.0	9	9.532	15	8
407	2878619096807451	208840	8	507	-55.118666666666655	-713.9408178829719	-3000.0	10	9.71	15	8
408	2878855649354659	209372	7	508	-54.976000000000006	-667.5899895013123	-3000.0	11	9.584	14	8
409	2879079788598672	209879	7	507	-55.18933333333334	-775.5992163050626	-3000.0	9	9.612	14	8
410	2879321812312015	210386	7	507	-55.46533333333334	-864.60380539119	-3000.0	10	9.606	13	8
411	2879534840026012	210893	7	507	-55.37200000000001	-718.3940828402366	-3000.0	10	9.488	13	8
412	2879765385849635	211420	6	507	-55.857333333333344	-777.4303616042081	-3000.0	8	9.274	13	8
413	2879990609080590	211926	6	506	-55.63599999999999	-644.5161396574439	-3000.0	9	9.332	13	8
414	2880210815202329	212435	6	506	-55.43600000000001	-680.3828590250328	-3000.0	9	9.496	14	8
415	2880430424838682	212941	6	506	-55.389333333333326	-700.7251805006587	-3000.0	8	9.408	14	8
416	2880665998652318	213448	6	506	-54.988	-786.5202028985507	-3000.0	9	9.424	14	8
417	2880898232307241	213955	6	506	-55.62133333333334	-659.9017760210805	-3000.0	8	9.528	14	8
418	2881140770209258	214472	6	506	-55.29866666666667	-672.5071910408434	-3000.0	10	9.918	15	8
419	2881378220195536	214978	6	506	-55.377333333333326	-735.082974967062	-3000.0	9	9.75	16	8
420	2881636053205686	215495	6	506	-55.090666666666664	-712.2545375494069	-3000.0	9	9.798	14	8
421	2881878869642005	216029	7	506	-54.68266666666668	-722.7948353096178	-3000.0	9	9.768	14	8
422	2882116895197499	216536	7	507	-55.244	-631.4545930309007	-3000.0	8	9.74	15	8
423	2882338665205441	217053	7	507	-54.42400000000001	-589.9783905325445	-3000.0	9	9.722	13	8
424	2882564783018865	217574	8	507	-55.11600000000001	-636.4966969099277	-3000.0	8	9.678	13	8
425	2882811776277767	218096	8	508	-55.09066666666668	-649.3066272965881	-3000.0	9	9.924	14	8
426	2883064411205338	218615	8	508	-55.248000000000005	-682.5565118110238	-3000.0	9	9.828	15	8
427	2883308246645732	219127	9	508	-54.608000000000004	-764.5187217847769	-3000.0	10	9.7	16	8
428	2883558262795514	219654	10	509	-55.46133333333334	-700.7435520628684	-3000.0	8	9.72	17	8
429	2883797625132531	220175	11	510	-55.78666666666667	-681.2614013071895	-3000.0	8	9.892	16	8
430	2884032929068930	220689	12	511	-54.99066666666668	-703.6767619047619	-3000.0	9	9.776	15	8
431	2884309990886227	221215	11	512	-55.236000000000004	-680.6429244791666	-3000.0	9	9.86	14	8
432	2884557286736881	221742	10	511	-53.84266666666667	-677.8610593607307	-3000.0	9	10.002	14	8
433	2884814488234555	222258	10	510	-54.57200000000001	-615.9291529411765	-3000.0	10	9.78	15	8
434	2885069425954925	222776	9	510	-54.99333333333333	-624.7057882352942	-3000.0	10	9.776	14	8
435	2885298608526445	223300	9	509	-54.803999999999995	-690.6309207596593	-3000.0	9	9.836	15	8
436	2885522593741315	223812	9	509	-55.335999999999984	-698.5956987557304	-3000.0	9	9.694	14	8
437	2885760965271586	224321	9	509	-55.57866666666667	-745.5853621480026	-3000.0	9	9.704	15	8
438	2885989488332323	224830	9	509	-54.750666666666675	-576.5488434839555	-3000.0	9	9.612	14	8
439	2886229106987612	225350	10	509	-53.88799999999999	-702.900039292731	-3000.0	10	9.74	14	8
440	2886482846347473	225868	11	510	-55.30533333333332	-729.8758980392155	-3000.0	8	9.706	14	8
441	2886742592179576	226404	9	511	-55.174666666666674	-747.0246236138291	-3000.0	9	9.706	13	8
442	2887002559784081	226950	10	509	-55.12533333333333	-645.3446024885395	-3000.0	9	9.698	14	8
443	2887240768308254	227495	10	510	-54.312	-618.8092156862745	-3000.0	8	9.65	15	8
444	2887480695575794	228049	9	510	-55.15466666666667	-602.5346300653594	-3000.0	9	9.634	15	8
445	2887737416341067	228589	10	509	-55.52800000000001	-628.2919397511461	-3000.0	8	9.552	14	8
446	2887999059533753	229109	10	510	-55.23333333333333	-692.2018509803921	-3000.0	9	9.606	15	8
447	2888250284264820	229651	9	510	-54.966666666666654	-809.3280209150328	-3000.0	10	9.796	15	8
448	2888506532458701	230176	11	509	-54.45333333333333	-617.7806444007858	-3000.0	11	9.836	14	8
449	2888755825166167	230724	9	511	-55.52266666666667	-663.9163861709068	-3000.0	10	9.926	14	8
450	2888985159160442	231253	9	509	-54.03466666666666	-649.5087963326783	-3000.0	8	9.838	14	8
451	2889240686966553	231792	9	509	-55.45333333333333	-621.3139096267191	-3000.0	9	9.736	15	8
452	2889487453580799	232324	11	509	-54.84133333333334	-674.0175900458415	-3000.0	9	9.722	14	8
453	2889722266009945	232852	12	511	-55.32	-662.5279712981082	-3000.0	11	9.64	15	8
454	2889976084477061	233398	11	512	-54.71466666666667	-811.0451145833333	-3000.0	9	9.468	13	8
455	2890199119164755	233929	11	511	-55.57200000000001	-646.2914416177431	-3000.0	9	9.482	13	8
456	2890408088027006	234449	11	511	-54.87733333333332	-614.7875851272016	-3000.0	10	9.488	14	8
457	2890629249731754	234970	11	511	-54.044000000000004	-665.8771846053489	-3000.0	8	9.542	13	8
458	2890865106624436	235492	10	511	-54.51599999999999	-685.3085766470972	-3000.0	8	9.588	14	8
459	2891085893142780	236024	10	510	-54.59866666666667	-644.5529647058825	-3000.0	8	9.494	14	8
460	2891314730344915	236564	10	510	-54.72266666666666	-728.2476156862745	-3000.0	9	9.466	13	8
461	2891552831138942	237074	9	510	-54.15866666666667	-762.8724313725489	-3000.0	12	9.494	13	8
462	2891802452981947	237598	9	509	-54.74400000000001	-836.238231827112	-3000.0	9	9.598	14	8
463	2892038360216944	238124	9	509	-53.409333333333336	-698.118480681074	-3000.0	9	9.606	14	8
464	2892290823212960	238647	10	509	-54.511999999999986	-667.4651237721022	-3000.0	8	9.61	13	8
465	2892518170659349	239182	11	510	-54.46533333333333	-613.074300653595	-3000.0	9	9.48	13	8
466	2892758152337823	239730	13	511	-55.00266666666666	-780.2803809523812	-3000.0	8	9.39	13	8
467	2892996222271782	240258	14	513	-55.224000000000004	-772.0222482131255	-3000.0	8	9.436	14	8
468	2893225979583175	240780	13	514	-54.76666666666669	-710.9811880674447	-3000.0	8	9.35	14	8
469	2893440321970003	241304	11	513	-54.232	-673.9938895386615	-3000.0	8	9.4	13	8
470	2893663521753002	241816	12	511	-54.65733333333335	-762.1070319634701	-3000.0	11	9.552	14	8
471	2893900965873715	242350	11	512	-54.68666666666665	-764.6243020833335	-3000.0	8	9.944	14	8
472	2894138128321114	242884	10	511	-55.348	-712.1928714938028	-3000.0	10	9.736	15	8
473	2894375208774161	243400	9	510	-54.608000000000004	-636.7165464052288	-3000.0	11	9.62	13	8
474	2894616273493335	243917	10	509	-53.989333333333335	-762.5747871643746	-3000.0	9	9.652	13	8
475	2894870413323595	244439	10	510	-55.38133333333333	-705.1973411764706	-3000.0	9	9.71	13	8
476	2895109788187167	244984	7	510	-54.632	-678.5683006535949	-3000.0	10	9.954	14	8
477	2895352138155638	245497	7	507	-55.27333333333332	-662.9615279421433	-3000.0	8	9.748	14	8
478	2895592222504455	246004	8	507	-54.466666666666676	-658.8482261669955	-3000.0	10	9.792	14	8
479	2895834627327690	246533	7	508	-55.002666666666656	-687.9743569553806	-3000.0	10	9.552	13	8
480	2896061966458136	247042	7	507	-55.18399999999999	-740.739137409599	-3000.0	10	9.416	13	8
481	2896295147201700	247566	6	507	-54.23333333333333	-689.251731755424	-3000.0	10	9.432	14	8
482	2896503484771520	248073	6	506	-54.684000000000005	-690.8815968379447	-3000.0	9	9.346	13	8
483	2896736070409383	248579	6	506	-54.492	-650.361259552042	-3000.0	8	9.414	14	8
484	2896944776740795	249094	7	506	-55.25466666666667	-709.0396548089592	-3000.0	8	9.394	13	8
485	2897175610634494	249601	9	507	-54.92799999999999	-861.6939013806706	-3000.0	10	9.702	13	8
486	2897442405300765	250110	9	509	-55.070666666666654	-868.0532337917482	-3000.0	12	9.87	14	8
487	2897676544323290	250629	8	509	-55.129333333333335	-665.2861060903733	-3000.0	10	9.92	13	8
488	2897906066470957	251142	7	508	-55.188	-660.6717086614175	-3000.0	9	9.752	14	8
489	2898128525524446	251662	7	507	-53.56133333333333	-663.7681814595661	-3000.0	8	9.578	14	8
490	2898379660091382	252187	7	507	-54.70533333333333	-631.8559474030243	-3000.0	11	9.848	15	8
491	2898610870358583	252694	7	507	-53.992	-748.2789401709401	-3000.0	9	9.818	14	8
492	2898855939296386	253212	8	507	-54.96133333333332	-720.5539250493098	-3000.0	9	9.722	15	8
493	2899112722935226	253745	6	508	-54.88666666666666	-560.6854356955381	-3000.0	10	10.13	14	8
494	2899349811917621	254256	6	506	-54.62133333333333	-698.3817918313567	-3000.0	9	10.03	15	8
495	2899606701927914	254782	8	506	-55.590666666666664	-728.1100210803689	-3000.0	9	10.16	16	8
496	2899841147252794	255302	6	508	-54.434666666666665	-660.1863280839895	-3000.0	8	10.066	16	8
497	2900086109664743	255823	8	506	-55.17333333333334	-699.7763162055335	-3000.0	9	9.906	16	8
498	2900330769755979	256354	8	508	-54.924000000000014	-729.0572125984252	-3000.0	9	9.758	15	8
499	2900571588146372	256876	8	508	-54.992000000000004	-671.1888687664042	-3000.0	11	10.208	16	8
