alpha = 0.15
gamma = 1.0
lambda = 0.6
epsilon = 0.3
randomSeed = 888
GREAT!
Xover: 4
---- Evolution parameters ----
Folder name:          NMSarsa_ActorCriticPendulum/run_3036074588970873
Random seed:          888
GREAT activated:      true
Max iterations:       500
Population size:      500
GREAT initialization  true
Speciation threshold: 0.15
Species min size:     15
Tournament size:      3
Crossover rate:       0.2
Mutation rate:        0.8
Crossovers:
	AligningCrossover_v4(0.15)
Mutations:
	AddGeneMutation(maxSize=2147483647, prob=0.33)
	DeleteGeneMutation(minSize=8, prob=0.33)
	ChangeGeneMutation(prob=0.33)
------------------------------

---- Starting evolution ----
IT	Nanotime	#Eval	#Species	PopSize	Best	Avg	Worst	Best GRN Size	Avg GRN size	Max GRN size	Min GRN size
0	3037356140737792	997	1	499	333.9025316280942	-701.1087242663217	-918.751934004588	11	9.276	13	8
1	3037997833852680	1506	2	501	331.7557495111983	-561.51653342994	-919.9727537791744	11	9.35	13	8
2	3038968816980575	2010	4	502	340.50398967493	-398.4414000719313	-919.5031686520617	8	9.536	14	8
3	3040346657473252	2547	3	523	337.0681000159242	-156.43910880076453	-942.3508769008349	8	10.534	15	8
4	3042377904327917	3071	3	503	344.66498544837737	-15.956428851884263	-961.2601491871147	9	10.368	16	8
5	3044941579402853	3774	3	695	348.82035292408943	-133.8819141915831	-924.6071208142041	9	12.91	12	8
6	3046659633642162	4282	3	503	345.27706826522916	-224.1220159037494	-921.1426946100042	9	9.388	13	8
7	3048355628049229	4790	4	503	348.8806481017128	-203.33569766417884	-921.3040049062314	9	9.296	14	8
8	3051565468513830	5435	4	642	361.04750258018476	-96.67030789875542	-949.2234091282614	10	11.764	14	8
9	3055193867878355	6269	4	810	360.48649437727124	-142.3968059406123	-919.9359703190045	11	15.19	15	8
10	3057391324734052	6818	4	545	356.827091834744	-195.26124460672509	-917.4096592762102	11	9.898	13	8
11	3059579567343605	7328	4	504	367.8672062043555	-153.2016135446994	-917.8392692482466	10	9.14	13	8
12	3061595732428193	7871	3	504	377.17425650548796	-127.39574011810195	-945.9180928205108	9	9.04	13	8
13	3064180885466667	8378	4	503	377.0080747464323	-16.41866402290461	-919.244074370641	9	9.192	14	8
14	3072129070494308	9260	6	882	384.64070165243584	-40.1237642191403	-961.5227436335811	8	17.09	15	8
