alpha = 0.15
gamma = 1.0
lambda = 0.6
epsilon = 0.3
randomSeed = 222
GREAT!
Xover: 4
---- Evolution parameters ----
Folder name:          NMSarsa_PuddleWorld/run_3027640977765609
Random seed:          222
GREAT activated:      true
Max iterations:       500
Population size:      500
GREAT initialization  true
Speciation threshold: 0.15
Species min size:     15
Tournament size:      3
Crossover rate:       0.2
Mutation rate:        0.8
Crossovers:
	AligningCrossover_v4(0.15)
Mutations:
	AddGeneMutation(maxSize=2147483647, prob=0.33)
	DeleteGeneMutation(minSize=8, prob=0.33)
	ChangeGeneMutation(prob=0.33)
------------------------------

---- Starting evolution ----
IT	Nanotime	#Eval	#Species	PopSize	Best	Avg	Worst	Best GRN Size	Avg GRN size	Max GRN size	Min GRN size
0	3042774956610031	997	1	499	424.88499999999743	353.61377555110096	-50.100000000000406	9	8.932	13	8
1	3055054862100509	1498	1	501	544.5429999999959	359.66010778442904	-50.100000000000406	9	9.172	13	8
2	3067570324864014	1999	3	501	594.1139999999955	363.90914970059697	-50.100000000000406	9	9.346	14	8
3	3080297290613594	2505	3	503	595.4929999999954	365.1908409542725	-50.100000000000406	9	9.716	15	8
4	3092874833630706	3008	3	503	637.596999999995	381.2700516898588	-50.100000000000406	10	9.576	14	8
