alpha = 0.15
gamma = 1.0
lambda = 0.6
epsilon = 0.3
randomSeed = 1616
GREAT!
Xover: 4
---- Evolution parameters ----
Folder name:          NMSarsa_ActorCriticPendulum/run_3036074542040242
Random seed:          1616
GREAT activated:      true
Max iterations:       500
Population size:      500
GREAT initialization  true
Speciation threshold: 0.15
Species min size:     15
Tournament size:      3
Crossover rate:       0.2
Mutation rate:        0.8
Crossovers:
	AligningCrossover_v4(0.15)
Mutations:
	AddGeneMutation(maxSize=2147483647, prob=0.33)
	DeleteGeneMutation(minSize=8, prob=0.33)
	ChangeGeneMutation(prob=0.33)
------------------------------

---- Starting evolution ----
IT	Nanotime	#Eval	#Species	PopSize	Best	Avg	Worst	Best GRN Size	Avg GRN size	Max GRN size	Min GRN size
0	3037279025474306	997	1	499	299.73044545127516	-343.64989337006233	-950.6363359353795	13	9.164	13	8
1	3038122412071274	1498	2	501	313.4579884329235	-24.636056443842428	-913.3161230300938	11	9.902	14	8
2	3039319997558139	2042	4	544	346.2367900435191	-8.936376672668112	-960.5143979989364	9	9.346	11	8
3	3046731937593648	2702	5	657	345.8753626080568	168.74656772456626	-942.1501375689513	8	11.236	11	8
4	3053770907688334	3212	5	505	348.5905004043697	221.35913342892	-914.642223724124	8	8.896	11	8
5	3060380826665268	3728	5	505	362.01931779790425	228.94518862257155	-918.3264870469775	9	9.116	12	8
6	3067585560395205	4240	7	505	373.68336222350194	233.27068955443772	-933.4812857782248	10	9.298	13	8
7	3074731991020118	4760	6	507	376.7726301689041	245.47982063418885	-912.1171846152528	10	9.632	14	8
8	3084009697930791	5269	7	506	375.79645922299113	271.7207342318296	-964.7063664344146	11	9.858	15	8
9	3093428495165488	5784	9	506	378.54768320046446	273.36424511497063	-923.4522322542557	11	9.91	14	8
