alpha = 0.15
gamma = 1.0
lambda = 0.6
epsilon = 0.3
randomSeed = 333
GREAT!
Xover: 4
---- Evolution parameters ----
Folder name:          NMSarsa_PuddleWorld/run_3027640946618012
Random seed:          333
GREAT activated:      true
Max iterations:       500
Population size:      500
GREAT initialization  true
Speciation threshold: 0.15
Species min size:     15
Tournament size:      3
Crossover rate:       0.2
Mutation rate:        0.8
Crossovers:
	AligningCrossover_v4(0.15)
Mutations:
	AddGeneMutation(maxSize=2147483647, prob=0.33)
	DeleteGeneMutation(minSize=8, prob=0.33)
	ChangeGeneMutation(prob=0.33)
------------------------------

---- Starting evolution ----
IT	Nanotime	#Eval	#Species	PopSize	Best	Avg	Worst	Best GRN Size	Avg GRN size	Max GRN size	Min GRN size
0	3039689219739893	997	1	499	637.233999999995	406.82188376753265	-50.100000000000406	10	9.742	15	8
1	3050037096796094	1498	3	501	623.4379999999951	465.11962874251145	-50.100000000000406	12	10.224	15	8
2	3060647509529765	2011	3	503	635.0539999999949	490.27350894631826	-50.100000000000406	10	11.124	16	8
3	3070919509413301	2516	3	503	644.5709999999948	495.76881510934027	-50.100000000000406	8	10.956	17	8
4	3081740784958869	3019	3	503	638.0689999999948	505.6654811133163	-50.100000000000406	13	11.368	18	8
5	3092341858180050	3522	3	503	662.0839999999946	506.27566998011554	-50.100000000000406	13	11.356	19	8
