alpha = 0.15
gamma = 1.0
lambda = 0.6
epsilon = 0.3
randomSeed = 999
GREAT!
Xover: 4
---- Evolution parameters ----
Folder name:          NMSarsa_PuddleWorld/run_3027640991969757
Random seed:          999
GREAT activated:      true
Max iterations:       500
Population size:      500
GREAT initialization  true
Speciation threshold: 0.15
Species min size:     15
Tournament size:      3
Crossover rate:       0.2
Mutation rate:        0.8
Crossovers:
	AligningCrossover_v4(0.15)
Mutations:
	AddGeneMutation(maxSize=2147483647, prob=0.33)
	DeleteGeneMutation(minSize=8, prob=0.33)
	ChangeGeneMutation(prob=0.33)
------------------------------

---- Starting evolution ----
IT	Nanotime	#Eval	#Species	PopSize	Best	Avg	Worst	Best GRN Size	Avg GRN size	Max GRN size	Min GRN size
0	3039279939458488	997	1	499	567.3109999999956	289.65209619238357	-50.100000000000406	12	9.248	13	8
1	3050030763831407	1505	3	501	591.2189999999954	342.20532135728394	-50.100000000000406	10	9.618	14	8
2	3062060463273506	2010	4	503	593.4559999999954	381.58335188866573	-50.100000000000406	9	9.438	14	8
3	3075080376837557	2524	5	504	596.4759999999955	426.99483531745784	-50.100000000000406	8	9.898	15	8
4	3089162425208310	3048	6	505	628.714999999995	459.0110693069278	-50.100000000000406	9	9.982	16	8
5	3102407488185633	3560	6	506	653.1029999999946	478.212774703554	-50.100000000000406	10	9.888	17	8
6	3116558137570312	4084	7	506	628.618999999995	498.2123418972297	-50.100000000000406	11	10.338	17	8
7	3130643133607002	4618	8	507	625.0059999999951	487.24090729782677	-50.100000000000406	13	10.128	16	8
8	3144730749624685	5151	8	508	648.4109999999952	503.5747696850358	-50.100000000000406	11	10.184	16	8
9	3158202365126333	5659	9	508	656.6789999999947	502.47051574802776	-50.100000000000406	8	10.132	16	8
10	3172942895641569	6203	9	509	643.692999999995	508.3563536345739	-50.100000000000406	10	10.292	17	8
11	3187318570708433	6734	8	509	660.6089999999946	528.9337721021573	-50.100000000000406	8	10.118	16	8
12	3200965759130385	7247	9	508	662.6609999999945	515.9119271653506	-50.100000000000406	11	10.244	16	8
13	3214997034263386	7779	9	509	653.7539999999949	518.4472966601141	-50.100000000000406	11	10.266	16	8
14	3228865438419625	8295	10	509	645.6669999999949	534.792326129662	-50.100000000000406	10	10.394	17	8
15	3243062771036168	8826	11	510	659.9529999999946	530.4271156862707	-50.100000000000406	9	10.408	18	8
16	3257363638952227	9350	11	511	663.9359999999947	529.7393502935381	-50.100000000000406	11	10.682	19	8
17	3271422725746114	9870	12	511	638.6439999999949	528.2937886497027	-50.100000000000406	9	10.86	20	8
