alpha = 0.15
gamma = 1.0
lambda = 0.6
epsilon = 0.3
randomSeed = 222
GREAT!
Xover: 4
---- Evolution parameters ----
Folder name:          NMSarsa_PuddleWorld/run_3027640977765609
Random seed:          222
GREAT activated:      true
Max iterations:       500
Population size:      500
GREAT initialization  true
Speciation threshold: 0.15
Species min size:     15
Tournament size:      3
Crossover rate:       0.2
Mutation rate:        0.8
Crossovers:
	AligningCrossover_v4(0.15)
Mutations:
	AddGeneMutation(maxSize=2147483647, prob=0.33)
	DeleteGeneMutation(minSize=8, prob=0.33)
	ChangeGeneMutation(prob=0.33)
------------------------------

---- Starting evolution ----
IT	Nanotime	#Eval	#Species	PopSize	Best	Avg	Worst	Best GRN Size	Avg GRN size	Max GRN size	Min GRN size
0	3042774956610031	997	1	499	424.88499999999743	353.61377555110096	-50.100000000000406	9	8.932	13	8
1	3055054862100509	1498	1	501	544.5429999999959	359.66010778442904	-50.100000000000406	9	9.172	13	8
2	3067570324864014	1999	3	501	594.1139999999955	363.90914970059697	-50.100000000000406	9	9.346	14	8
3	3080297290613594	2505	3	503	595.4929999999954	365.1908409542725	-50.100000000000406	9	9.716	15	8
4	3092874833630706	3008	3	503	637.596999999995	381.2700516898588	-50.100000000000406	10	9.576	14	8
5	3106055117426605	3537	3	503	627.604999999995	387.7635785288249	-50.100000000000406	9	9.94	14	8
6	3119150016007216	4053	3	503	644.5499999999952	415.10148707753217	-50.100000000000406	9	9.83	14	8
7	3132801151231466	4579	5	503	657.9509999999947	451.14154075546423	-50.100000000000406	9	9.686	14	8
8	3146358202716783	5094	6	505	644.2649999999951	465.526324752472	-50.100000000000406	9	10.248	15	8
9	3160037507975679	5612	6	506	639.733999999995	493.0461442687712	-50.100000000000406	9	10.238	14	8
10	3173701790230310	6119	6	506	658.0489999999947	520.0130237154112	-50.100000000000406	11	10.116	15	8
11	3186807097677930	6625	6	506	662.1289999999949	512.7912371541463	-50.100000000000406	9	9.94	15	8
12	3199945267252210	7132	6	506	661.697999999995	520.9964090909053	-50.100000000000406	10	9.864	16	8
13	3212968860285520	7638	7	506	658.5989999999947	505.14548023715037	-50.100000000000406	8	10.038	16	8
14	3226505878259413	8149	7	507	682.7899999999946	520.165106508872	-50.100000000000406	10	10.276	15	8
15	3239942768480230	8659	7	507	663.3179999999948	518.323100591712	-50.100000000000406	14	10.288	16	8
16	3253802761208816	9181	8	507	695.7709999999945	523.594751479286	-50.100000000000406	11	10.402	17	8
17	3267198701304095	9689	9	508	667.2229999999948	523.3164547244055	-50.100000000000406	11	10.342	17	8
