alpha = 0.15
gamma = 1.0
lambda = 0.6
epsilon = 0.3
randomSeed = 555
GREAT!
Xover: 4
---- Evolution parameters ----
Folder name:          NMSarsa_PuddleWorld/run_3027640992819527
Random seed:          555
GREAT activated:      true
Max iterations:       500
Population size:      500
GREAT initialization  true
Speciation threshold: 0.15
Species min size:     15
Tournament size:      3
Crossover rate:       0.2
Mutation rate:        0.8
Crossovers:
	AligningCrossover_v4(0.15)
Mutations:
	AddGeneMutation(maxSize=2147483647, prob=0.33)
	DeleteGeneMutation(minSize=8, prob=0.33)
	ChangeGeneMutation(prob=0.33)
------------------------------

---- Starting evolution ----
IT	Nanotime	#Eval	#Species	PopSize	Best	Avg	Worst	Best GRN Size	Avg GRN size	Max GRN size	Min GRN size
0	3043017755580810	997	1	499	635.0669999999948	433.758246492983	-50.100000000000406	11	9.266	13	8
1	3055672786123991	1509	4	501	663.0189999999945	460.48046706586507	-50.100000000000406	10	9.68	13	8
2	3068730482218571	2013	4	504	651.7039999999947	479.3494126984092	-50.100000000000406	11	10.014	14	8
3	3082294463902004	2533	4	504	650.3359999999947	496.7044940476154	-50.100000000000406	11	10.354	15	8
4	3095089374496121	3037	6	504	653.2469999999946	499.7806527777742	-50.100000000000406	11	10.742	15	8
5	3107922095546755	3545	6	506	647.8519999999947	503.5476976284547	-50.100000000000406	8	10.736	15	8
6	3121028868073274	4061	7	506	656.5239999999945	498.4012075098779	-50.100000000000406	11	11.0	16	8
7	3134642272369740	4593	8	507	652.0849999999948	506.25979881656434	-50.100000000000406	8	11.306	16	8
8	3148162387472673	5126	8	508	659.6839999999944	498.4983937007838	-50.100000000000406	12	11.964	17	8
9	3161851962942820	5648	8	508	669.1349999999948	523.3804429133819	-50.100000000000406	13	12.37	18	8
10	3175311979119449	6156	8	508	661.0159999999948	520.6776043307048	-50.100000000000406	10	12.482	19	8
11	3188930915949976	6664	8	508	655.9109999999948	521.2022598425158	-50.100000000000406	12	12.694	19	8
12	3202338325860728	7172	8	508	668.4519999999948	517.3725944881852	-50.100000000000406	17	12.16	19	8
13	3215672408593544	7680	8	508	682.3279999999946	526.266435039366	-50.100000000000406	11	12.238	19	8
14	3229442312552402	8199	8	508	653.9129999999949	511.2303543307049	-50.100000000000406	17	12.042	20	8
15	3243051351803095	8723	7	508	660.3209999999943	511.6063720472402	-50.100000000000406	14	12.716	21	8
16	3257245738844634	9241	7	507	657.4139999999949	529.5653510848088	-50.100000000000406	16	13.108	20	8
17	3271325990022685	9757	7	507	658.6279999999948	523.1095187376687	-50.100000000000406	20	13.23	20	8
