alpha = 0.15
gamma = 1.0
lambda = 0.6
epsilon = 0.3
randomSeed = 888
GREAT!
Xover: 4
---- Evolution parameters ----
Folder name:          NMSarsa_PuddleWorld/run_3027640995217760
Random seed:          888
GREAT activated:      true
Max iterations:       500
Population size:      500
GREAT initialization  true
Speciation threshold: 0.15
Species min size:     15
Tournament size:      3
Crossover rate:       0.2
Mutation rate:        0.8
Crossovers:
	AligningCrossover_v4(0.15)
Mutations:
	AddGeneMutation(maxSize=2147483647, prob=0.33)
	DeleteGeneMutation(minSize=8, prob=0.33)
	ChangeGeneMutation(prob=0.33)
------------------------------

---- Starting evolution ----
IT	Nanotime	#Eval	#Species	PopSize	Best	Avg	Worst	Best GRN Size	Avg GRN size	Max GRN size	Min GRN size
0	3033685680927855	997	1	499	598.5549999999953	41.42674148296512	-50.100000000000406	11	9.316	13	8
1	3039153052894915	1516	2	501	609.3449999999953	150.37552295409066	-50.100000000000406	10	9.524	14	8
2	3049024860013605	2028	4	502	667.5879999999945	361.01291035856303	-50.100000000000406	15	10.314	15	8
3	3060221266511942	2532	5	504	648.025999999995	412.38961706348897	-50.100000000000406	12	10.492	16	8
4	3071874128258652	3039	5	505	647.8429999999948	431.1646673267294	-50.100000000000406	10	11.114	17	8
5	3084831939027780	3568	4	505	653.6779999999948	465.29111881187777	-50.100000000000406	17	11.464	18	8
6	3097587715275289	4077	4	504	665.5909999999947	477.9855099206313	-50.100000000000406	17	11.658	18	8
7	3110254521079828	4587	4	504	650.1329999999947	481.46049404761544	-50.100000000000406	13	11.99	18	8
8	3123277403726755	5108	4	504	659.3159999999947	486.4097539682505	-50.100000000000406	15	11.22	19	8
9	3135316109934525	5613	5	504	676.4659999999946	460.63932341269503	-50.100000000000406	13	11.082	19	8
10	3148483309414763	6138	5	505	645.9529999999947	495.59646930692696	-50.100000000000406	15	11.26	19	8
11	3161145253835157	6643	7	505	654.4129999999947	491.7938752475211	-50.100000000000406	10	11.05	20	8
12	3174724045228323	7186	7	507	664.5359999999945	493.8034220907261	-50.100000000000406	9	11.15	20	8
13	3188021939648360	7709	8	507	661.3569999999947	495.3151104536452	-50.100000000000406	11	11.394	21	8
14	3201401214359177	8220	8	508	672.5919999999946	507.18484251968135	-50.100000000000406	11	11.916	21	8
15	3214769896746729	8735	9	508	651.2579999999949	513.2260551181063	-50.100000000000406	14	11.816	21	8
16	3228932705968420	9276	7	509	659.5079999999948	520.6546404715089	-50.100000000000406	12	11.978	21	8
17	3242149125889917	9797	8	507	683.5709999999947	491.20679881656434	-50.100000000000406	14	12.286	22	8
18	3256279482061041	10322	8	508	661.4459999999948	511.4649311023583	-50.100000000000406	8	12.738	23	8
19	3270220956933391	10835	8	508	662.6529999999947	532.2686259842478	-50.100000000000406	8	12.584	24	8
