alpha = 0.15
gamma = 1.0
lambda = 0.6
epsilon = 0.3
randomSeed = 1616
GREAT!
Xover: 4
---- Evolution parameters ----
Folder name:          NMSarsa_PuddleWorld/run_3027640986015128
Random seed:          1616
GREAT activated:      true
Max iterations:       500
Population size:      500
GREAT initialization  true
Speciation threshold: 0.15
Species min size:     15
Tournament size:      3
Crossover rate:       0.2
Mutation rate:        0.8
Crossovers:
	AligningCrossover_v4(0.15)
Mutations:
	AddGeneMutation(maxSize=2147483647, prob=0.33)
	DeleteGeneMutation(minSize=8, prob=0.33)
	ChangeGeneMutation(prob=0.33)
------------------------------

---- Starting evolution ----
IT	Nanotime	#Eval	#Species	PopSize	Best	Avg	Worst	Best GRN Size	Avg GRN size	Max GRN size	Min GRN size
0	3032792810748324	997	1	499	545.6169999999959	-4.756134268537556	-50.100000000000406	9	9.22	14	8
1	3036028856242702	1511	4	501	612.7369999999952	77.40597005987948	-50.100000000000406	11	9.51	14	8
2	3046466442947605	2081	4	564	602.3709999999951	329.911203900707	-50.100000000000406	8	10.176	14	8
3	3056901511558885	2611	4	504	625.6609999999949	332.85046230158525	-50.100000000000406	8	9.908	14	8
4	3068046344215916	3116	4	504	624.526999999995	389.8992142857121	-50.100000000000406	8	9.802	14	8
5	3080015174036955	3620	5	504	628.9599999999951	423.31734722221927	-50.100000000000406	9	10.07	15	8
6	3093070612154950	4142	3	505	644.9349999999948	480.15923762375917	-50.100000000000406	11	10.63	15	8
7	3106424081248987	4651	3	503	651.8149999999946	512.8988707753443	-50.100000000000406	8	10.316	15	8
8	3119757759931844	5154	3	503	660.3899999999944	529.3156600397576	-50.100000000000406	9	9.98	15	8
9	3133490177874232	5657	3	503	670.6819999999946	545.0393479125208	-50.100000000000406	9	10.364	16	8
10	3146694076830653	6160	3	503	654.1959999999947	545.4711689860793	-50.100000000000406	8	10.222	15	8
11	3159801886753710	6663	4	503	681.4529999999945	543.229216699797	-50.100000000000406	9	9.816	15	8
12	3173747496302258	7187	4	504	648.5869999999946	559.1248055555512	-50.100000000000406	9	9.896	14	8
13	3187214913322170	7694	5	504	671.9909999999945	553.1772658730117	-50.100000000000406	10	10.078	15	8
14	3201000576205535	8202	5	505	653.1709999999947	570.2742039603916	-50.100000000000406	8	9.874	15	8
15	3214954836718880	8715	5	505	665.7109999999943	565.0972198019759	-50.100000000000406	13	10.154	15	8
16	3228827067562038	9225	6	505	672.8519999999947	570.3822217821738	-50.100000000000406	9	10.034	14	8
17	3242333711608206	9731	6	506	671.8039999999944	566.351656126478	-50.100000000000406	10	9.962	15	8
18	3256191988217914	10239	6	506	664.7049999999946	571.3785276679798	-50.100000000000406	9	9.894	16	8
19	3270241761982073	10747	6	506	651.5229999999948	571.9002648221299	-50.100000000000406	9	10.082	17	8
