alpha = 0.15
gamma = 1.0
lambda = 0.6
epsilon = 0.3
randomSeed = 111
GREAT!
Xover: 4
---- Evolution parameters ----
Folder name:          NMSarsa_PuddleWorld/run_3027640958458471
Random seed:          111
GREAT activated:      true
Max iterations:       500
Population size:      500
GREAT initialization  true
Speciation threshold: 0.15
Species min size:     15
Tournament size:      3
Crossover rate:       0.2
Mutation rate:        0.8
Crossovers:
	AligningCrossover_v4(0.15)
Mutations:
	AddGeneMutation(maxSize=2147483647, prob=0.33)
	DeleteGeneMutation(minSize=8, prob=0.33)
	ChangeGeneMutation(prob=0.33)
------------------------------

---- Starting evolution ----
IT	Nanotime	#Eval	#Species	PopSize	Best	Avg	Worst	Best GRN Size	Avg GRN size	Max GRN size	Min GRN size
0	3040367426885290	997	1	499	613.0679999999951	453.4147875751468	-50.100000000000406	11	9.184	13	8
1	3050748884846163	1498	1	501	645.0089999999949	479.8935069860238	-50.100000000000406	12	9.656	14	8
2	3061149657742563	1999	2	501	638.578999999995	499.2959820359241	-50.100000000000406	10	10.158	14	8
3	3071666258835322	2501	2	502	658.5899999999946	501.5709023904343	-50.100000000000406	9	10.112	15	8
4	3082558339540289	3009	2	502	657.7799999999947	517.5555498007927	-50.100000000000406	12	9.856	15	8
5	3093411875399537	3511	2	502	656.9229999999949	525.4346155378443	-50.100000000000406	9	9.914	15	8
6	3104391657041600	4022	2	502	658.8169999999948	528.4418884462108	-50.100000000000406	11	10.634	16	8
7	3115673844008850	4529	2	502	670.8509999999945	544.4304561752944	-50.100000000000406	12	10.974	16	8
8	3126509284033317	5031	2	502	681.8159999999943	530.4373525896378	-50.100000000000406	13	10.93	17	8
9	3137362207036725	5533	2	502	658.2309999999945	529.3898824701154	-50.100000000000406	9	10.802	17	8
10	3148625557370893	6043	4	502	667.3279999999947	542.0781832669279	-50.100000000000406	12	11.384	17	8
11	3160319272742058	6568	4	504	674.3469999999942	548.5581448412656	-50.100000000000406	10	11.038	17	8
12	3171588704764759	7072	4	504	672.1649999999946	553.2224900793607	-50.100000000000406	10	11.006	18	8
13	3182729606300044	7589	4	504	678.8249999999945	538.646093253964	-50.100000000000406	12	11.738	19	8
14	3194341554292483	8111	3	504	687.0149999999944	556.3160337301545	-50.100000000000406	12	11.902	20	8
15	3205760976765607	8614	4	503	676.8449999999946	562.7576401590414	-50.100000000000406	12	12.134	20	8
16	3217212319593559	9118	4	504	679.4459999999946	560.0369999999958	-50.100000000000406	15	12.376	20	8
17	3229159233104601	9635	3	504	677.1449999999945	568.5780119047572	-50.100000000000406	14	12.64	20	8
18	3241382433475632	10154	3	503	684.1069999999946	573.0279960238523	-50.100000000000406	13	13.054	21	8
19	3253235048419079	10657	4	503	677.1459999999945	575.504409542739	-50.100000000000406	14	13.004	22	8
20	3264836133907866	11175	3	504	678.6369999999946	566.1099920634874	-50.100000000000406	14	12.394	19	8
