alpha = 0.15
gamma = 1.0
lambda = 0.6
epsilon = 0.3
randomSeed = 444
GREAT!
Xover: 4
---- Evolution parameters ----
Folder name:          NMSarsa_PuddleWorld/run_3027640977454125
Random seed:          444
GREAT activated:      true
Max iterations:       500
Population size:      500
GREAT initialization  true
Speciation threshold: 0.15
Species min size:     15
Tournament size:      3
Crossover rate:       0.2
Mutation rate:        0.8
Crossovers:
	AligningCrossover_v4(0.15)
Mutations:
	AddGeneMutation(maxSize=2147483647, prob=0.33)
	DeleteGeneMutation(minSize=8, prob=0.33)
	ChangeGeneMutation(prob=0.33)
------------------------------

---- Starting evolution ----
IT	Nanotime	#Eval	#Species	PopSize	Best	Avg	Worst	Best GRN Size	Avg GRN size	Max GRN size	Min GRN size
0	3044304393721512	997	1	499	593.2739999999953	416.29719238476673	-50.100000000000406	12	10.91	17	8
1	3057707062178825	1498	2	501	626.2439999999949	432.33901796406883	33.39999999999996	12	11.52	17	8
2	3070878730447182	2000	3	502	599.8829999999953	425.6315099601564	90.25000000000021	12	10.51	16	8
3	3083795442166170	2509	3	503	608.0919999999951	424.63194831013664	-50.100000000000406	11	9.832	16	8
4	3096652680087788	3012	4	503	625.2419999999948	444.9397693836946	-49.75000000000041	14	9.792	15	8
5	3109546670285029	3516	4	504	638.1979999999947	467.45976984126656	105.6000000000001	11	9.764	15	8
6	3122200457864212	4020	6	504	618.0229999999952	466.6299226190443	-50.100000000000406	10	10.168	16	8
7	3134663468242914	4542	6	506	616.835999999995	466.41830830039197	-50.100000000000406	9	9.756	15	8
8	3147712173574670	5048	6	506	623.0879999999947	495.54446047430474	13.67499999999942	9	9.964	15	8
9	3160712880395727	5562	5	506	632.2109999999948	497.36342885375143	-50.100000000000406	13	10.166	16	8
10	3174008684916049	6067	5	505	623.321999999995	509.99077821781816	-40.2750000000004	15	10.524	16	8
11	3187273010958800	6577	5	505	636.3849999999946	514.5887742574218	-50.100000000000406	15	10.736	16	8
12	3200701374302500	7086	5	505	637.5219999999947	520.9365900990063	-48.70000000000041	16	10.976	17	8
13	3214028218089648	7598	6	505	631.2229999999948	517.3907564356398	-50.100000000000406	12	11.236	17	8
14	3227592236462143	8116	5	506	637.5249999999946	519.9090494071108	123.0749999999999	12	11.132	17	8
15	3241279070314572	8621	5	505	631.2389999999948	530.3006475247486	-50.100000000000406	15	11.378	18	8
16	3254640104058289	9126	6	505	639.9509999999948	527.44878613861	-50.100000000000406	13	11.856	18	8
17	3268066812506448	9632	6	506	639.6859999999947	530.9251857707471	151.9249999999993	13	11.992	19	8
