alpha = 0.15
gamma = 1.0
lambda = 0.6
epsilon = 0.3
randomSeed = 1414
GREAT!
Xover: 4
---- Evolution parameters ----
Folder name:          NMSarsa_MountainCar/run_898018548859462
Random seed:          1414
GREAT activated:      true
Max iterations:       150
Population size:      500
GREAT initialization  true
Speciation threshold: 0.15
Species min size:     15
Tournament size:      3
Crossover rate:       0.2
Mutation rate:        0.8
Crossovers:
	AligningCrossover_v4(0.15)
Mutations:
	AddGeneMutation(maxSize=2147483647, prob=0.33)
	DeleteGeneMutation(minSize=8, prob=0.33)
	ChangeGeneMutation(prob=0.33)
------------------------------

---- Starting evolution ----
IT	Nanotime	#Eval	#Species	Species size	PopSize	Best	Avg	Worst	Best GRN Size	Avg GRN size	Max GRN size	Min GRN size	Species avgdist2rep
0	898799573298034	997	1	(473:499[0.15],)	499	-149.9	-636.4163527054108	-5001.0	10	9.842	14	8	(0.07056850036901227,)
1	898912498735458	1506	3	(473:436[0.16],474:29[0.15],475:36[0.15],)	501	-148.49	-560.5916966067865	-5001.0	12	10.016	15	8	(0.07511243413491493,0.08754661271384077,0.06702547465969985,)
2	899163780236200	2011	4	(473:235[0.15],474:95[0.16],475:149[0.16],479:24[0.15],)	503	-139.37	-1364.7444731610335	-5001.0	8	9.158	16	8	(0.055116647668702334,0.0451969388545003,0.07807962289788149,0.07673034992321529,)
3	899560490768705	2518	4	(473:156[0.13999999999999999],474:108[0.17],475:22[0.15],479:218[0.16],)	504	-139.37	-2185.146349206349	-5001.0	8	9.206	17	8	(0.06546788287814281,0.06489235820641158,0.10041899069914365,0.0363590731364532,)
4	899978397695762	3018	4	(473:72[0.12999999999999998],474:168[0.18000000000000002],475:47[0.16],479:217[0.15],)	504	-137.44	-2228.3306746031753	-5001.0	10	9.408	18	8	(0.07727251381595837,0.06469352887191333,0.0749153842279262,0.034944154856591664,)
5	900344377624817	3525	4	(473:66[0.13999999999999999],474:125[0.17],475:123[0.17],479:190[0.13999999999999999],)	504	-137.44	-1877.5197619047615	-5001.0	10	9.654	17	8	(0.09249512455204408,0.08526449956670593,0.08314561849491356,0.06614337645712919,)
6	900584472247274	4025	4	(473:135[0.15],474:94[0.16],475:174[0.18000000000000002],479:101[0.12999999999999998],)	504	-137.44	-1228.5854166666668	-5001.0	10	9.716	17	8	(0.08008256844887145,0.08537750970281857,0.0739866295693211,0.07490303957831392,)
7	900795808291204	4530	5	(473:147[0.13999999999999999],474:71[0.17],475:164[0.17],479:83[0.13999999999999999],483:39[0.15],)	504	-137.44	-1089.9420039682536	-5001.0	10	9.566	16	8	(0.0696779180700807,0.06333313649662106,0.07327345982479963,0.08847430431801206,0.0865658412845047,)
8	900973597335975	5049	6	(473:96[0.12999999999999998],474:63[0.18000000000000002],475:65[0.16],479:129[0.15],483:93[0.16],486:59[0.15],)	505	-137.06	-952.3143564356437	-5001.0	9	9.298	15	8	(0.0871790070834688,0.0729613720834275,0.07686523026834682,0.07090069805270063,0.06283689535914821,0.10001046567027264,)
9	901088995789928	5549	6	(473:119[0.11999999999999998],474:20[0.19000000000000003],475:209[0.17],479:111[0.13999999999999999],483:15[0.15],486:32[0.16],)	506	-137.06	-595.731976284585	-5001.0	9	9.434	14	8	(0.07607319685557738,0.07320138108868064,0.06596052282374426,0.06702691845217647,0.07268968064974222,0.06804685804283372,)
10	901241884728094	6049	6	(473:51[0.10999999999999999],474:139[0.20000000000000004],475:122[0.16],479:20[0.12999999999999998],483:74[0.16],486:100[0.17],)	506	-137.06	-814.6945256916996	-5001.0	9	9.59	14	8	(0.06564155319456222,0.07748206528972496,0.07405799085661145,0.0629419871327521,0.07798158048937551,0.06508893074952693,)
11	901389924919669	6564	6	(473:37[0.11999999999999998],474:55[0.19000000000000003],475:233[0.15],479:28[0.13999999999999999],483:134[0.17],488:19[0.15],)	506	-131.99	-765.815256916996	-5001.0	11	9.562	14	8	(0.07575001729991676,0.0485466674354731,0.07687571676284577,0.09076619373232994,0.042866503391273326,0.1137827748230701,)
12	901521243140615	7081	5	(474:131[0.20000000000000004],479:134[0.15],483:148[0.16],488:65[0.16],493:28[0.15],)	506	-131.99	-635.2751383399209	-5001.0	11	9.524	14	8	(0.10299911199362556,0.07549363762105987,0.05839041524605193,0.08637476290416345,0.1125365787697754,)
13	901647892859578	7592	7	(474:47[0.19000000000000003],479:75[0.13999999999999999],483:123[0.15],488:100[0.17],493:59[0.16],494:66[0.15],496:35[0.15],)	505	-131.99	-643.021405940594	-5001.0	11	9.612	14	8	(0.09927188515578177,0.0723749568552765,0.0901126328510083,0.10361484272587466,0.06051783943398961,0.09188515662705554,0.08169629714053846,)
14	901749115434272	8100	7	(474:31[0.20000000000000004],479:59[0.12999999999999998],483:52[0.13999999999999999],488:44[0.16],493:101[0.17],494:137[0.16],496:83[0.16],)	507	-131.99	-488.907731755424	-5001.0	11	9.696	15	8	(0.08504469929299242,0.06075471725771983,0.07947180670635534,0.06097568611103665,0.054748988039339495,0.06464664215819645,0.06565250703899633,)
15	901847899900035	8604	6	(474:56[0.21000000000000005],479:92[0.13999999999999999],483:25[0.15],493:49[0.16],494:222[0.15],496:63[0.15],)	507	-131.99	-471.6159566074951	-5001.0	11	10.018	15	8	(0.09665175451884386,0.06169325261838081,0.09151621705174894,0.10307682924844297,0.09271709182502792,0.09430588574283526,)
16	901927782643555	9115	6	(474:148[0.22000000000000006],479:67[0.12999999999999998],483:21[0.16],493:55[0.17],494:54[0.13999999999999999],496:161[0.16],)	506	-131.99	-386.90108695652174	-5001.0	11	9.59	15	8	(0.09085757901189015,0.0589121275626352,0.07194750914142549,0.0876761271339553,0.08149762299840943,0.07639793719019435,)
17	902022392284173	9643	5	(474:70[0.21000000000000005],479:64[0.13999999999999999],483:62[0.17],493:186[0.18000000000000002],496:124[0.15],)	506	-131.99	-445.929743083004	-5001.0	11	9.742	16	8	(0.07734644732358013,0.09344154998971298,0.07640809480889253,0.0838304423191361,0.09240950062864117,)
18	902125140329503	10147	5	(474:221[0.22000000000000006],479:71[0.15],483:51[0.18000000000000002],493:82[0.17],496:80[0.13999999999999999],)	505	-131.99	-501.9030693069307	-5001.0	11	9.758	17	8	(0.08739896028276799,0.052024998742061374,0.10838929021783246,0.0894483001822562,0.0784187630686789,)
19	902223713955489	10654	5	(474:206[0.21000000000000005],479:85[0.16],483:82[0.19000000000000003],493:61[0.18000000000000002],496:71[0.15],)	505	-131.48	-467.167306930693	-5001.0	10	9.884	16	8	(0.09448622321719358,0.06936615234641874,0.0813707137360053,0.0734514405437985,0.07590642263935442,)
20	902310240164124	11171	5	(474:105[0.20000000000000004],479:98[0.17],483:78[0.20000000000000004],493:170[0.19000000000000003],496:54[0.16],)	505	-131.48	-390.2633267326733	-5001.0	10	10.04	16	8	(0.10589317360813429,0.06577376968727082,0.08485799972179835,0.08253702490675478,0.07755971979235105,)
21	902422942932709	11681	6	(474:87[0.19000000000000003],479:131[0.18000000000000002],483:93[0.21000000000000005],493:32[0.18000000000000002],496:131[0.17],507:31[0.15],)	505	-131.48	-514.9434653465346	-5001.0	10	10.052	16	8	(0.10307136712660302,0.0816536065286241,0.10137915053489795,0.08692204005655203,0.08324761159338613,0.09624526504664367,)
22	902500626190655	12181	6	(474:112[0.18000000000000002],479:65[0.17],483:48[0.20000000000000004],493:107[0.19000000000000003],496:87[0.16],507:87[0.16],)	506	-131.48	-370.16920948616604	-5001.0	10	10.088	16	8	(0.10423752296206582,0.08796762164467344,0.06509233358937032,0.10023029380559666,0.07728994464433178,0.06193497163023394,)
23	902568478364605	12690	6	(474:83[0.17],479:107[0.18000000000000002],483:134[0.21000000000000005],493:84[0.18000000000000002],496:46[0.15],507:52[0.15],)	506	-131.18	-309.7683992094862	-5001.0	8	9.806	17	8	(0.08656491451465775,0.0735420551826401,0.05488677875544095,0.09449418933523897,0.0872272600497299,0.06686439440056892,)
24	902655415018501	13212	8	(474:58[0.16],479:97[0.17],493:81[0.17],496:27[0.16],507:111[0.16],511:58[0.15],513:25[0.15],514:49[0.15],)	506	-127.92	-351.62691699604744	-5001.0	11	10.048	17	8	(0.09879046349015319,0.09499170324744419,0.1044644925767605,0.12920673127873886,0.07896679476775419,0.09346905810813663,0.11794277769486981,0.08283931594465005,)
25	902751835601604	13714	8	(474:100[0.17],479:22[0.16],493:100[0.16],496:61[0.17],507:90[0.15],511:88[0.16],514:26[0.16],515:21[0.15],)	508	-127.92	-404.1873228346457	-5001.0	11	10.526	17	8	(0.07614053442037011,0.096567486198553,0.08141680542757754,0.0679817513908651,0.07148111839917122,0.06932713753326519,0.08629804580639681,0.09348631224534576,)
26	902847269010043	14225	8	(474:133[0.16],479:100[0.17],493:38[0.15],496:33[0.18000000000000002],507:79[0.13999999999999999],511:45[0.15],514:29[0.17],515:51[0.16],)	508	-127.92	-361.2213188976379	-5001.0	11	10.588	17	8	(0.07835768870048808,0.06655489693841465,0.0837404305104595,0.07733999201653045,0.07389614556650644,0.09531741255444318,0.07117442988984447,0.03929645712233891,)
27	902924926004557	14750	7	(474:56[0.15],479:25[0.16],493:70[0.16],496:154[0.19000000000000003],507:61[0.12999999999999998],511:65[0.16],515:77[0.17],)	508	-127.92	-320.18005905511814	-5001.0	11	10.768	17	8	(0.09130052901591576,0.09468167113666608,0.07795557616085888,0.07244586370552618,0.08285952562155088,0.0720375393566506,0.06448003179150197,)
28	903016916952160	15265	7	(474:32[0.16],479:90[0.17],493:47[0.17],496:70[0.18000000000000002],507:123[0.13999999999999999],511:123[0.17],515:22[0.16],)	507	-127.92	-343.5523471400394	-5001.0	11	11.188	17	8	(0.09038987502215869,0.0923553975013566,0.09385997823930951,0.08731778984723415,0.08205935407431085,0.08050095659497371,0.10741252379752607,)
29	903106265863217	15788	7	(474:132[0.17],493:76[0.18000000000000002],496:121[0.19000000000000003],507:30[0.12999999999999998],511:19[0.16],515:97[0.17],522:32[0.15],)	507	-127.92	-344.3900394477317	-5001.0	11	11.624	18	8	(0.08896434337727954,0.09660069948118327,0.08832177486921394,0.08393694505325483,0.12697611511845788,0.09325088308602986,0.09205191003908732,)
30	903184340065766	16290	7	(474:51[0.16],493:91[0.17],496:44[0.18000000000000002],507:137[0.13999999999999999],511:77[0.17],515:81[0.16],522:26[0.16],)	507	-127.92	-303.6792504930967	-5001.0	11	11.338	17	8	(0.08599108087053586,0.08456436026176074,0.08267760970211965,0.08902167129478862,0.07515525302988912,0.075363766191751,0.04729034008093934,)
31	903267410834622	16798	9	(474:91[0.17],496:56[0.19000000000000003],507:28[0.12999999999999998],511:29[0.16],515:122[0.15],522:124[0.17],527:25[0.15],528:16[0.15],529:16[0.15],)	507	-127.92	-348.35591715976324	-5001.0	11	10.688	17	8	(0.1051008381118307,0.09185488237996084,0.05993298572014611,0.08999423268381114,0.07251857590277566,0.053675220183318564,0.10744322114162594,0.0775846803275586,0.07643157545768103,)
32	903343910416960	17305	9	(474:30[0.16],496:83[0.18000000000000002],507:64[0.13999999999999999],511:29[0.17],515:36[0.13999999999999999],522:70[0.16],527:30[0.16],528:58[0.16],529:109[0.16],)	509	-127.92	-325.4923772102161	-5001.0	11	11.016	17	8	(0.09795870242543628,0.0676853677676669,0.0645456128504229,0.09796710548005819,0.09222770463639397,0.06079242704457084,0.07719834537619642,0.05571946076172575,0.053348594320805076,)
33	903422011761765	17832	9	(474:66[0.17],496:72[0.17],507:35[0.12999999999999998],511:42[0.18000000000000002],515:16[0.15],522:165[0.15],527:31[0.17],528:23[0.15],529:59[0.15],)	509	-127.92	-295.75721021611	-5001.0	11	11.028	18	8	(0.10611298134762254,0.09041217353638847,0.07532243499910062,0.06024022410378155,0.09658368310726756,0.07754443736007861,0.036428174926492585,0.04405134882713682,0.05956087635159401,)
34	903499101028998	18340	10	(474:84[0.16],496:54[0.16],507:43[0.13999999999999999],511:19[0.19000000000000003],515:66[0.16],522:43[0.13999999999999999],527:71[0.18000000000000002],528:64[0.16],529:41[0.13999999999999999],535:24[0.15],)	509	-127.92	-304.706090373281	-4975.81	11	11.304	19	8	(0.10985649410369219,0.08793882875020424,0.08745961381425352,0.08947622495078293,0.09208379937363007,0.06553998011571065,0.06856616431807737,0.04623130512955179,0.07310229659205433,0.08003042983842251,)
35	903584810444532	18849	10	(496:58[0.15],507:43[0.15],511:74[0.20000000000000004],515:61[0.15],522:84[0.15],527:40[0.17],528:24[0.15],529:41[0.15],535:39[0.16],537:46[0.15],)	510	-127.92	-314.15729411764704	-5001.0	11	11.348	19	8	(0.0864334484095317,0.06000501288975713,0.05476783747305023,0.05778345801461596,0.07200319000066274,0.07857662445258923,0.08253073141760066,0.08894695587193262,0.0743382761306144,0.059450470536565894,)
36	903671696082419	19370	9	(507:46[0.16],511:46[0.19000000000000003],515:62[0.13999999999999999],522:33[0.13999999999999999],527:48[0.18000000000000002],528:99[0.16],529:65[0.16],535:61[0.17],537:50[0.16],)	510	-127.92	-318.5929803921569	-5001.0	11	12.044	20	8	(0.06336688877911119,0.08248475744537621,0.057255878520974295,0.05897211475322229,0.07243255096626901,0.058644699896420585,0.05605428078536647,0.06404914066112694,0.03822821239617134,)
37	903742778603611	19884	9	(507:62[0.17],511:75[0.20000000000000004],515:28[0.12999999999999998],522:84[0.15],527:49[0.19000000000000003],528:75[0.15],535:47[0.16],537:38[0.17],543:51[0.15],)	509	-127.59	-246.73304518664042	-5001.0	12	12.062	20	8	(0.06646187359834775,0.08840331328256151,0.08591363384709598,0.06341548342219401,0.1032302719143588,0.07218191210788104,0.0706378280700755,0.054465332322791625,0.07601720674899841,)
38	903837893256130	20384	10	(507:31[0.16],511:49[0.19000000000000003],515:16[0.13999999999999999],522:94[0.13999999999999999],527:40[0.20000000000000004],528:43[0.13999999999999999],535:112[0.17],537:36[0.18000000000000002],543:62[0.16],544:26[0.15],)	509	-127.59	-320.2383693516699	-5001.0	12	12.898	21	8	(0.07785580348049058,0.08976804461788522,0.06261297948446616,0.05410503023124829,0.06311226180723005,0.08841415499595426,0.059768228824888546,0.04434352143601583,0.057904379042330666,0.08675674833774116,)
39	903936912867816	20904	8	(507:61[0.17],515:78[0.15],522:50[0.12999999999999998],527:85[0.21000000000000005],528:71[0.15],537:41[0.19000000000000003],543:33[0.15],544:91[0.16],)	510	-127.59	-314.6879803921569	-5001.0	12	12.928	22	8	(0.059028198331777006,0.06522049362959703,0.05726169737323314,0.0732830263845701,0.0775720455873656,0.09471450416586996,0.09636403484242949,0.04346843249005047,)
40	904038252373823	21404	9	(507:90[0.18000000000000002],515:82[0.13999999999999999],522:41[0.13999999999999999],527:23[0.20000000000000004],528:47[0.13999999999999999],537:58[0.20000000000000004],543:55[0.16],544:61[0.15],545:51[0.15],)	508	-126.8	-306.85466535433073	-4962.33	13	13.248	23	8	(0.06362172160726295,0.06095169374488829,0.07811870738911054,0.09047160350600943,0.09136395826807267,0.04876430695958481,0.05448498220596282,0.057653688486194704,0.07593812255297751,)
41	904134324540674	21918	8	(507:79[0.17],515:81[0.12999999999999998],522:86[0.15],537:34[0.19000000000000003],543:33[0.15],544:80[0.13999999999999999],545:94[0.16],546:22[0.15],)	509	-126.8	-307.98585461689584	-5001.0	13	12.926	23	8	(0.06746260689916618,0.08640903778314121,0.09922122631395963,0.08142164452339395,0.07865789678115724,0.05553574985640275,0.06281308236456214,0.06173173045013822,)
42	904233573666918	22439	7	(507:85[0.16],515:75[0.11999999999999998],537:31[0.20000000000000004],543:39[0.16],544:65[0.12999999999999998],545:80[0.15],546:133[0.16],)	508	-126.8	-326.5220866141732	-5001.0	13	12.39	23	8	(0.05992853695571546,0.062497291782984826,0.13325673492769216,0.06333972370606714,0.0667501349934635,0.11329226299879527,0.08467091376272838,)
43	904363068806673	22947	7	(507:51[0.15],515:67[0.10999999999999999],537:66[0.21000000000000005],543:94[0.17],544:50[0.13999999999999999],545:93[0.13999999999999999],546:86[0.15],)	507	-126.8	-391.9831558185404	-5001.0	13	12.97	24	8	(0.04217235386189591,0.09388583051242,0.10744611436971412,0.08293331529175248,0.08410566767916315,0.07379247294702726,0.06166416163542391,)
44	904489269383920	23460	8	(507:140[0.16],515:52[0.11999999999999998],543:21[0.16],544:110[0.15],545:54[0.12999999999999998],546:36[0.13999999999999999],551:35[0.15],552:59[0.15],)	507	-126.8	-369.7176331360946	-5001.0	13	13.362	25	8	(0.07921399898702988,0.06144039249334243,0.10808039469346112,0.07969011542958893,0.06969599188013542,0.0985377634033132,0.06489891593810612,0.07769661978086723,)
45	904619260261489	23965	10	(507:23[0.15],515:83[0.12999999999999998],543:36[0.17],544:64[0.13999999999999999],545:38[0.13999999999999999],546:58[0.15],551:112[0.16],552:50[0.16],553:26[0.15],554:18[0.15],)	508	-126.8	-429.67618110236225	-5001.0	13	12.64	24	8	(0.06546873747318563,0.05863335710189682,0.10113181942333777,0.056790956171960526,0.0754198253838896,0.06600229875786663,0.10346967186345786,0.07513436000863258,0.060085543345740206,0.05894233907015679,)
46	904728686269393	24480	10	(507:52[0.16],515:92[0.11999999999999998],543:41[0.18000000000000002],544:24[0.12999999999999998],545:85[0.15],546:71[0.13999999999999999],551:53[0.15],552:24[0.15],553:42[0.16],558:26[0.15],)	510	-126.8	-326.14833333333326	-5001.0	13	13.238	25	8	(0.05636925781731195,0.0880868128332802,0.07999759369925734,0.051777271881208065,0.06773849213842942,0.04933991320391005,0.0820821874399094,0.06749779272266064,0.07346655075177574,0.06376674748168791,)
47	904837487596210	24982	10	(507:33[0.15],515:71[0.10999999999999999],543:25[0.19000000000000003],544:60[0.13999999999999999],545:79[0.13999999999999999],546:37[0.12999999999999998],551:53[0.13999999999999999],552:40[0.16],553:64[0.17],558:48[0.16],)	510	-126.8	-309.44858823529404	-5001.0	13	13.348	25	8	(0.0477295142861797,0.0779523580894781,0.11767757256387541,0.04792656947666337,0.06820999154109685,0.05567703257003357,0.08117526410236796,0.06092451977133706,0.0835479745470322,0.07966715113384938,)
48	904958932074224	25496	10	(515:77[0.09999999999999999],544:68[0.12999999999999998],545:41[0.12999999999999998],546:55[0.13999999999999999],551:31[0.12999999999999998],552:56[0.17],553:47[0.16],558:61[0.17],560:50[0.15],562:24[0.15],)	510	-126.8	-338.00250980392155	-5001.0	13	13.656	25	8	(0.05575197790043671,0.06238528645821586,0.09296897827840629,0.07381087552935471,0.05683216466766194,0.07672299643611821,0.07254692332366659,0.07004493726828964,0.09016400894386747,0.05494735551848944,)
49	905085717642429	26004	10	(515:33[0.09],544:59[0.11999999999999998],545:87[0.13999999999999999],546:57[0.12999999999999998],551:83[0.13999999999999999],552:27[0.16],553:39[0.17],558:65[0.16],560:27[0.13999999999999999],562:33[0.16],)	510	-126.8	-351.4797254901961	-5001.0	13	13.778	26	8	(0.05259676983786857,0.06155286204156197,0.07999888880951929,0.06239348780960411,0.06023269904163609,0.073590719073986,0.06332456004494502,0.08023248775975177,0.058999176725276686,0.08750462417953818,)
50	905213519904100	26522	11	(515:28[0.09999999999999999],544:75[0.10999999999999999],545:20[0.12999999999999998],546:77[0.11999999999999998],551:53[0.12999999999999998],552:60[0.17],553:101[0.18000000000000002],558:39[0.15],560:17[0.15],562:24[0.17],567:16[0.15],)	510	-126.8	-325.17272549019606	-5001.0	13	13.832	26	8	(0.042137101467184725,0.05760827094462442,0.08161067523689006,0.0847304702440762,0.036698468140988955,0.07593244343477219,0.09354135358928553,0.07420682905326263,0.05472714597468525,0.07520284668516224,0.07221839540450226,)
51	905350005748397	27022	12	(515:28[0.10999999999999999],544:42[0.09999999999999999],545:24[0.13999999999999999],546:26[0.10999999999999999],551:98[0.11999999999999998],552:59[0.16],553:51[0.17],558:42[0.16],560:26[0.16],562:41[0.18000000000000002],567:28[0.16],568:46[0.15],)	511	-126.8	-335.803542074364	-5001.0	13	14.418	27	8	(0.060601846456013665,0.06264180192747786,0.09292986882845261,0.0646212526772125,0.04476724726528311,0.07061348343887931,0.1372803396381864,0.06459148122369866,0.07116811348056597,0.09029297536582251,0.0618011344307105,0.07609827783808822,)
52	905506260080095	27544	12	(515:61[0.11999999999999998],544:44[0.09],545:41[0.15],546:96[0.11999999999999998],551:78[0.10999999999999999],552:21[0.15],553:33[0.16],558:26[0.15],560:41[0.17],562:25[0.17],567:27[0.17],570:19[0.15],)	512	-126.8	-406.71140625000004	-5001.0	13	14.348	25	8	(0.06606452992097359,0.050501920309222605,0.08151143055664753,0.07054866401086707,0.04620550859118384,0.0807237348940452,0.05553366673242357,0.07306620726549025,0.06286700547147134,0.0753369840140038,0.05234732824450431,0.07765019476535193,)
53	905621887382501	28070	10	(515:56[0.10999999999999999],545:61[0.13999999999999999],551:40[0.09999999999999999],552:25[0.16],553:32[0.17],558:48[0.16],560:48[0.16],562:41[0.18000000000000002],567:42[0.18000000000000002],570:119[0.16],)	512	-125.97	-320.87480468750005	-5001.0	13	13.45	26	8	(0.06296832877518371,0.07846892237327178,0.06161973906945373,0.08657027482991865,0.060877303623356895,0.07139654636328856,0.10161977449688321,0.0867432227302323,0.050412492299355974,0.0677641486368449,)
54	905770255274179	28583	10	(515:55[0.09999999999999999],545:24[0.12999999999999998],551:92[0.10999999999999999],552:22[0.17],553:40[0.18000000000000002],558:80[0.17],560:46[0.17],562:29[0.19000000000000003],567:56[0.19000000000000003],570:66[0.15],)	510	-125.97	-381.27264705882357	-5001.0	13	15.346	27	8	(0.06310334464308377,0.07912676090507245,0.0510173114868552,0.08737138162316055,0.06980657392516279,0.05872815272181586,0.06438835499020545,0.07550659770358242,0.045391963980585655,0.05563394354124757,)
55	905903755993824	29097	9	(515:56[0.09],545:68[0.13999999999999999],551:44[0.09999999999999999],552:86[0.18000000000000002],553:29[0.19000000000000003],558:37[0.16],560:64[0.18000000000000002],567:75[0.18000000000000002],570:51[0.13999999999999999],)	510	-125.97	-360.87670588235295	-4964.56	13	13.744	27	8	(0.06110413408239142,0.07866686310003156,0.03872691757830365,0.09950111397621692,0.0738139021626847,0.07711472698266343,0.07786403404780273,0.03693525382815823,0.06878167113159613,)
56	906039718666716	29612	9	(515:30[0.08],545:48[0.12999999999999998],551:87[0.10999999999999999],552:37[0.17],553:48[0.20000000000000004],558:46[0.17],560:39[0.17],567:100[0.17],570:74[0.15],)	509	-125.97	-346.8727897838899	-4965.29	13	14.576	25	8	(0.05127620349228881,0.07708888583686326,0.06914381652706138,0.09182716047537812,0.06270382809912949,0.05500378916423274,0.0927681385594037,0.07453927542876744,0.07276711386493208,)
57	906178298702740	30112	9	(515:48[0.09],545:56[0.13999999999999999],551:57[0.09999999999999999],552:51[0.18000000000000002],553:53[0.21000000000000005],558:88[0.18000000000000002],560:62[0.18000000000000002],567:52[0.16],570:42[0.13999999999999999],)	509	-125.97	-340.4017485265225	-5001.0	13	14.388	25	8	(0.0474554440489706,0.08121539980883408,0.03817742740841087,0.0920124894563985,0.06958605151189197,0.06851501599586375,0.08908748905161869,0.03810133389020389,0.0947145137334388,)
58	906295675352223	30622	9	(515:93[0.09999999999999999],545:15[0.12999999999999998],551:94[0.09],552:83[0.19000000000000003],553:43[0.22000000000000006],558:40[0.17],560:34[0.17],567:58[0.17],570:49[0.15],)	509	-125.97	-293.90438113948915	-5001.0	13	15.06	26	8	(0.04162357137605945,0.08490587938048995,0.05874078277912311,0.09874002333674198,0.058756238933821064,0.04565530395512109,0.0709629593949333,0.041938176975661434,0.09371703238129864,)
59	906413043803340	31122	9	(515:75[0.09],545:36[0.13999999999999999],551:47[0.08],552:83[0.18000000000000002],553:38[0.23000000000000007],558:55[0.18000000000000002],560:33[0.18000000000000002],567:112[0.16],570:30[0.16],)	509	-125.97	-315.4527701375246	-5001.0	13	14.528	26	8	(0.05281614525674272,0.06709193673740599,0.06476398749420653,0.0833546140206356,0.050702387380618844,0.04085350218823263,0.08930974932724406,0.04605960287619646,0.0783689906777453,)
60	906538711647276	31642	8	(515:45[0.08],551:101[0.09],552:68[0.17],553:63[0.24000000000000007],558:68[0.17],560:29[0.19000000000000003],567:51[0.15],570:84[0.17],)	509	-125.97	-309.01984282907665	-5001.0	13	14.792	26	8	(0.05629899266243639,0.06855865917482665,0.10127896690632357,0.06683825047995062,0.056199796917883155,0.10331933906212605,0.059577455842367094,0.07186264214542872,)
61	906685777169097	32143	8	(515:87[0.09],551:61[0.08],553:50[0.23000000000000007],558:53[0.16],560:67[0.20000000000000004],567:78[0.16],570:97[0.16],585:15[0.15],)	508	-125.97	-341.0633661417323	-4957.73	13	14.842	27	8	(0.05166348740761443,0.033286553806620316,0.0830249159725957,0.06230009193552716,0.07668912380772726,0.04365306913604912,0.09546690027485365,0.1037233617894757,)
62	906875136968446	32650	8	(515:61[0.08],551:121[0.09],553:41[0.24000000000000007],558:45[0.17],560:30[0.19000000000000003],567:67[0.15],570:32[0.15],585:111[0.16],)	508	-125.97	-385.0880905511812	-4973.11	13	15.592	27	8	(0.05258876024911207,0.04201840155954953,0.07691603184279648,0.03731554032654598,0.09068391483793632,0.038907218047984186,0.11203292957361666,0.10044118905190971,)
63	907055110738903	33150	8	(515:115[0.09],551:104[0.08],553:59[0.25000000000000006],558:32[0.18000000000000002],560:57[0.20000000000000004],567:54[0.13999999999999999],570:27[0.16],585:60[0.15],)	508	-125.03	-394.09631889763773	-5001.0	15	15.772	28	8	(0.05331921919286862,0.04630705321442801,0.06650115025347227,0.08630187065583544,0.07377800299512027,0.06096728559719253,0.08076466192705238,0.06277681306505364,)
64	907215899822689	33653	8	(515:81[0.08],551:94[0.07],553:75[0.26000000000000006],558:45[0.19000000000000003],560:64[0.21000000000000005],567:49[0.15],570:18[0.17],585:82[0.16],)	508	-125.03	-366.5074015748031	-5001.0	15	15.772	28	8	(0.03864798862783939,0.04753096518968902,0.06949904301275013,0.06333850437807491,0.06503329804602265,0.07315889013259332,0.11450280190900505,0.07423114494176491,)
65	907397591150842	34156	8	(515:66[0.07],551:86[0.060000000000000005],553:68[0.25000000000000006],558:55[0.20000000000000004],560:74[0.20000000000000004],567:85[0.16],570:27[0.18000000000000002],585:47[0.15],)	508	-125.03	-409.6224606299213	-5001.0	15	16.31	28	8	(0.04655096319474161,0.038466083178381655,0.07649413889047647,0.07155226310011624,0.07500440489678221,0.0969630953740167,0.07268265217271225,0.06844631513940974,)
66	907555693891604	34656	8	(515:70[0.060000000000000005],551:57[0.05],553:53[0.24000000000000005],558:64[0.21000000000000005],560:94[0.19000000000000003],567:60[0.15],570:34[0.19000000000000003],585:76[0.16],)	508	-125.03	-381.45023622047245	-5001.0	15	15.796	26	8	(0.0375673198152733,0.035371507909730704,0.08637265957746133,0.07607146294302097,0.06687692254673402,0.0717390664623455,0.11283581452969273,0.05635228349548269,)
67	907707663073735	35169	7	(515:54[0.05],551:58[0.060000000000000005],553:65[0.25000000000000006],558:64[0.20000000000000004],560:64[0.18000000000000002],567:116[0.16],585:87[0.15],)	508	-125.03	-342.79992125984256	-5001.0	15	16.68	27	8	(0.03291671012342052,0.043049940756087715,0.06782734313491946,0.08393159461820808,0.06700278844505919,0.08977574716166109,0.1000856003079777,)
68	907891307460547	35689	7	(515:87[0.060000000000000005],551:72[0.07],553:82[0.26000000000000006],558:80[0.21000000000000005],560:108[0.19000000000000003],585:41[0.13999999999999999],591:37[0.15],)	507	-125.03	-375.18455621301774	-5001.0	15	16.486	27	8	(0.03667759612858577,0.03680399477512755,0.0823386754216436,0.06613900007678879,0.09944337815521055,0.09393674472546712,0.052374162476342676,)
69	908099997426639	36189	7	(515:59[0.05],551:69[0.060000000000000005],553:67[0.25000000000000006],558:66[0.20000000000000004],560:143[0.18000000000000002],585:57[0.15],591:46[0.16],)	507	-125.03	-448.69579881656796	-5001.0	15	16.944	27	8	(0.03579209409169803,0.03207418927567286,0.08203780544134426,0.06750274609902593,0.0867160387244116,0.08346828409813552,0.0473325974631245,)
70	908227222275377	36691	7	(515:51[0.060000000000000005],551:64[0.07],553:121[0.26000000000000006],558:78[0.21000000000000005],560:73[0.17],585:65[0.16],591:55[0.17],)	507	-125.03	-279.99786982248526	-5001.0	15	16.046	28	8	(0.02977157515687122,0.04609523686174027,0.07127942398270319,0.07944416197985947,0.08325672695007762,0.0747298031480296,0.05983197308568961,)
71	908407710893326	37202	7	(515:137[0.07],551:62[0.08],553:58[0.25000000000000006],558:91[0.20000000000000004],560:59[0.16],585:75[0.17],591:25[0.18000000000000002],)	507	-125.03	-389.5338264299803	-5001.0	15	16.442	29	8	(0.04531856229103183,0.05262843057373299,0.07180548023291068,0.07649520224381555,0.10081117646105278,0.07659748797965946,0.037823876535919926,)
72	908588242215959	37707	7	(515:142[0.060000000000000005],551:59[0.09],553:103[0.26000000000000006],558:62[0.19000000000000003],560:44[0.17],585:32[0.16],591:65[0.19000000000000003],)	507	-125.03	-403.78571992110454	-5001.0	15	16.3	27	8	(0.03793910080424991,0.05805728355544984,0.07258827721022024,0.08628359037242973,0.05571091867817568,0.10468588644356146,0.06837121630997939,)
73	908739381805734	38212	7	(515:56[0.05],551:75[0.09999999999999999],553:66[0.25000000000000006],558:78[0.20000000000000004],560:123[0.18000000000000002],585:46[0.17],591:63[0.20000000000000004],)	507	-125.03	-350.33360946745563	-5001.0	15	16.416	27	8	(0.0230043254507307,0.0517135785907238,0.07641222753732001,0.08696496499749479,0.083644640043468,0.06098517119819764,0.052893269030618174,)
74	908907954141516	38712	7	(515:117[0.060000000000000005],551:24[0.09],553:94[0.26000000000000006],558:61[0.19000000000000003],560:90[0.17],585:30[0.18000000000000002],591:91[0.21000000000000005],)	507	-125.03	-375.4845759368836	-5001.0	15	16.536	28	8	(0.03538359183566781,0.05694939016674666,0.09561590973408278,0.05587749520684699,0.0751944091613801,0.11179069689445574,0.06246168711865898,)
75	909102953897514	39212	7	(515:27[0.05],551:181[0.09999999999999999],553:38[0.25000000000000006],558:56[0.20000000000000004],560:92[0.16],585:68[0.19000000000000003],591:45[0.20000000000000004],)	507	-125.03	-409.8275542406312	-5001.0	15	17.482	27	8	(0.03166864319607627,0.05176740798706504,0.07710631279404108,0.06168912287246782,0.08152609842930049,0.05283451703754771,0.06729420366004446,)
76	909277748289561	39712	7	(515:122[0.060000000000000005],551:18[0.09],553:70[0.26000000000000006],558:81[0.21000000000000005],560:51[0.15],585:110[0.20000000000000004],591:55[0.21000000000000005],)	507	-125.03	-366.8131360946746	-4994.11	15	16.522	27	8	(0.03673055057214592,0.0779690633175397,0.08006257097431409,0.08608427035448898,0.09917642093355857,0.06864923413734725,0.06567949054744891,)
77	909499063716188	40212	7	(515:30[0.05],551:140[0.09999999999999999],553:86[0.2700000000000001],558:19[0.20000000000000004],560:76[0.16],585:80[0.19000000000000003],591:76[0.22000000000000006],)	507	-125.03	-445.1438856015779	-5001.0	15	18.086	28	8	(0.030207118141237575,0.031854062163179604,0.0778295108907454,0.08392506293409274,0.0831312314564297,0.07334389324889273,0.06969248022996474,)
78	909731438175918	40712	7	(515:46[0.060000000000000005],551:76[0.09],553:73[0.26000000000000006],558:110[0.21000000000000005],560:39[0.15],585:101[0.18000000000000002],591:62[0.21000000000000005],)	507	-125.03	-452.0139250493097	-5001.0	15	17.966	29	8	(0.036670239895524405,0.037719252939733904,0.09025014432132031,0.062382955560368894,0.04992767939433618,0.053628627261937775,0.0787766124304966,)
79	909888367796471	41212	7	(515:123[0.07],551:84[0.08],553:90[0.25000000000000006],558:62[0.20000000000000004],560:93[0.16],585:18[0.17],591:37[0.22000000000000006],)	507	-125.03	-321.34416173570025	-4972.59	15	17.576	28	8	(0.034806831393686094,0.0509043309715282,0.080337464312326,0.09141854063451406,0.0368299841640939,0.06959164910910398,0.12665238471021367,)
80	910052374269814	41723	6	(551:67[0.07],553:50[0.24000000000000005],558:193[0.21000000000000005],560:85[0.15],585:30[0.18000000000000002],591:82[0.23000000000000007],)	507	-125.03	-321.9476528599606	-5001.0	15	17.43	26	8	(0.03901292219142282,0.08104151873691473,0.06397733722458192,0.09539221111788679,0.035499535350969544,0.06679269050765543,)
81	910246317582077	42223	6	(551:90[0.08],553:97[0.25000000000000006],558:106[0.20000000000000004],560:79[0.13999999999999999],585:67[0.19000000000000003],591:67[0.24000000000000007],)	506	-125.03	-388.6733201581028	-4961.41	15	17.01	26	9	(0.04260324320396322,0.06581523666201612,0.0575361981265343,0.026899881717540458,0.06952278361715468,0.05532243000604443,)
82	910420113721468	42723	6	(551:98[0.07],553:66[0.24000000000000005],558:120[0.19000000000000003],560:55[0.15],585:99[0.20000000000000004],591:68[0.25000000000000006],)	506	-125.03	-371.0326482213439	-5001.0	15	17.48	26	8	(0.05656940046996781,0.06466523150472753,0.05573165805506427,0.03492459791246046,0.0761081596004248,0.05587289348160495,)
83	910605441855742	43223	6	(551:57[0.060000000000000005],553:107[0.25000000000000006],558:107[0.18000000000000002],560:83[0.16],585:79[0.19000000000000003],591:73[0.26000000000000006],)	506	-125.03	-407.9368181818182	-5001.0	15	16.874	26	8	(0.04608220432381635,0.062121370327257126,0.06927089972574667,0.042700157260648484,0.04202055035464513,0.04745831378768561,)
84	910781809904443	43723	6	(551:111[0.07],553:82[0.24000000000000005],558:96[0.17],560:78[0.15],585:93[0.20000000000000004],591:46[0.2700000000000001],)	506	-125.03	-357.45096837944664	-5001.0	15	17.758	27	9	(0.03789368710012439,0.05297473961224882,0.06466880738000472,0.05340850428381026,0.07510037836205774,0.049605266298386484,)
85	910976242957180	44223	6	(551:103[0.060000000000000005],553:78[0.25000000000000006],558:85[0.16],560:83[0.16],585:103[0.19000000000000003],591:54[0.2800000000000001],)	506	-125.03	-407.64537549407123	-5001.0	15	17.236	27	10	(0.04136733299582361,0.06309814243912644,0.06791128115651016,0.07124349029331524,0.07353415353043774,0.07378798499238418,)
86	911146276380345	44723	6	(551:90[0.05],553:72[0.26000000000000006],558:83[0.15],560:134[0.15],585:52[0.18000000000000002],591:75[0.2900000000000001],)	506	-125.03	-345.5158498023715	-5001.0	15	17.006	28	10	(0.03923917101609823,0.06621909806247638,0.08390324900732055,0.058039574452230014,0.07708639785890231,0.045071758952489556,)
87	911329996501610	45223	6	(551:47[0.04],553:54[0.2700000000000001],558:175[0.13999999999999999],560:94[0.13999999999999999],585:91[0.19000000000000003],591:45[0.3000000000000001],)	506	-125.03	-347.90583003952577	-5001.0	15	18.068	27	9	(0.032257251744691746,0.1215006616094924,0.06531836538090433,0.05957274924021465,0.04905420111380372,0.11512155625988317,)
88	911502812010583	45723	6	(551:92[0.05],553:42[0.2800000000000001],558:164[0.12999999999999998],560:57[0.12999999999999998],585:89[0.18000000000000002],591:62[0.3100000000000001],)	506	-125.03	-354.2451185770751	-5001.0	15	17.608	27	8	(0.04168843047939636,0.09328176719672482,0.0826851218090464,0.079248584292161,0.07977635378598963,0.062202994660625795,)
89	911637552662752	46223	6	(551:37[0.04],553:118[0.2900000000000001],558:103[0.11999999999999998],560:120[0.13999999999999999],585:61[0.17],591:67[0.3200000000000001],)	506	-125.03	-314.6218181818182	-5001.0	15	16.538	27	8	(0.025812148666352435,0.07338795809018968,0.058154521537937064,0.08630269639163016,0.09374278338792673,0.07215717683667602,)
90	911771321882198	46723	6	(551:118[0.05],553:80[0.2800000000000001],558:77[0.10999999999999999],560:39[0.12999999999999998],585:117[0.18000000000000002],591:75[0.3300000000000001],)	506	-125.03	-296.9924901185771	-5001.0	15	16.78	27	8	(0.0310896923672425,0.06363215602020601,0.06813376909198167,0.08886392143963938,0.060659808930681236,0.06798408350740039,)
91	911944830478719	47223	6	(551:27[0.04],553:146[0.2900000000000001],558:109[0.11999999999999998],560:73[0.13999999999999999],585:105[0.17],591:46[0.34000000000000014],)	506	-125.03	-370.3658893280632	-5001.0	15	17.172	27	8	(0.026520816068642095,0.08814003158087098,0.08667286254446102,0.07973115016099318,0.06193485985261926,0.06528936216507895,)
92	912079577272789	47723	6	(551:94[0.05],553:57[0.2800000000000001],558:109[0.10999999999999999],560:98[0.15],585:43[0.16],591:105[0.35000000000000014],)	506	-125.03	-311.4846245059289	-5001.0	15	16.462	27	8	(0.03425740721299486,0.08405554012903708,0.07613049215334448,0.08061275921932937,0.10136430485924897,0.07905293731787587,)
93	912219792910603	48223	6	(551:35[0.04],553:86[0.2900000000000001],558:57[0.09999999999999999],560:117[0.13999999999999999],585:122[0.17],591:89[0.34000000000000014],)	506	-125.03	-314.6149209486166	-5001.0	15	16.128	26	8	(0.030556079329690598,0.10674556244311376,0.07155105305344732,0.09119276505867993,0.06816793340332802,0.09670440884559084,)
94	912377612522509	48723	6	(551:109[0.05],553:87[0.2800000000000001],558:106[0.10999999999999999],560:47[0.12999999999999998],585:71[0.16],591:86[0.3300000000000001],)	506	-125.03	-352.9224308300395	-5001.0	15	17.01	26	8	(0.026441178090761772,0.1025698847845661,0.07293529159948833,0.08373412245446825,0.07082818264279984,0.12861694833792883,)
95	912533220319692	49223	6	(551:39[0.04],553:109[0.2700000000000001],558:50[0.09999999999999999],560:89[0.13999999999999999],585:94[0.17],591:125[0.3200000000000001],)	506	-125.03	-375.01553359683805	-5001.0	15	15.954	27	8	(0.03181364585837427,0.08167265727237143,0.06430557399532143,0.09707350857021953,0.07491062355401748,0.10378895199454113,)
96	912683633974819	49723	6	(551:92[0.05],553:41[0.26000000000000006],558:119[0.10999999999999999],560:105[0.12999999999999998],585:67[0.16],591:82[0.3100000000000001],)	506	-125.03	-346.229466403162	-4965.44	15	16.45	28	8	(0.03720004422024652,0.09073246469200118,0.072983546740024,0.07922236319905168,0.058307723893263205,0.12460834592810036,)
97	912851515854045	50223	6	(551:17[0.04],553:100[0.2700000000000001],558:121[0.09999999999999999],560:43[0.11999999999999998],585:154[0.17],591:71[0.3200000000000001],)	506	-125.03	-400.3428260869565	-5001.0	15	15.854	27	8	(0.03387096554824257,0.10005264535391058,0.0710852832561872,0.06760658511672774,0.07309722993785542,0.12374079395948905,)
98	912976731262752	50723	6	(551:95[0.05],553:57[0.26000000000000006],558:61[0.09],560:153[0.12999999999999998],585:50[0.16],591:90[0.3300000000000001],)	506	-125.03	-307.6220158102766	-5001.0	15	15.994	28	8	(0.03769133526834258,0.10412547391561054,0.0508630549588819,0.06750987961290672,0.1063226639773157,0.11940122835818674,)
99	913120685189088	51223	6	(551:23[0.04],553:37[0.2700000000000001],558:133[0.09999999999999999],560:125[0.11999999999999998],585:156[0.17],591:32[0.3200000000000001],)	506	-125.03	-349.2869565217392	-5001.0	15	16.082	29	8	(0.03061088002762445,0.10152569954453067,0.03295257163461846,0.07112256270944367,0.09676403690431652,0.1786578387078423,)
100	913273474438069	51723	6	(551:49[0.05],553:64[0.2800000000000001],558:92[0.09],560:113[0.10999999999999999],585:105[0.16],591:83[0.3300000000000001],)	506	-125.03	-375.2184980237154	-5001.0	15	15.882	28	8	(0.033777266777432494,0.08010688573330535,0.029416314342055397,0.07117168445660682,0.12056367174452969,0.16863674909710066,)
101	913434060210275	52223	6	(551:73[0.060000000000000005],553:82[0.2900000000000001],558:111[0.08],560:87[0.09999999999999999],585:80[0.15],591:73[0.3200000000000001],)	506	-125.03	-358.9306916996047	-5001.0	15	16.532	29	8	(0.03332905817715602,0.14078222164965995,0.03684471910238793,0.06338390095816908,0.0890838213679373,0.12173943765774153,)
102	913607443120472	52723	6	(551:170[0.07],553:96[0.3000000000000001],558:22[0.07],560:55[0.09],585:71[0.16],591:92[0.3300000000000001],)	506	-125.03	-357.3140513833992	-5001.0	15	16.868	25	8	(0.03981405676005369,0.09639151059616419,0.051303061867825,0.06586117694139285,0.11311133156703085,0.14705640188427474,)
103	913765253805864	53223	6	(551:55[0.060000000000000005],553:85[0.2900000000000001],558:158[0.08],560:65[0.09999999999999999],585:110[0.17],591:33[0.3200000000000001],)	506	-125.03	-342.7639130434783	-5001.0	15	17.484	26	8	(0.04632541120652076,0.13877779796383644,0.04622528309039298,0.06276502748980668,0.13239646945025163,0.08646387314869133,)
104	913947859320200	53723	6	(551:53[0.07],553:72[0.2800000000000001],558:104[0.07],560:87[0.10999999999999999],585:140[0.16],591:50[0.3300000000000001],)	506	-125.03	-396.5145059288536	-5001.0	15	16.664	27	8	(0.03856634194530602,0.16121625203759063,0.040734614793561344,0.0610083164043903,0.11678123218819521,0.12591733677216,)
105	914099770300378	54223	6	(551:82[0.08],553:114[0.2900000000000001],558:51[0.060000000000000005],560:54[0.09999999999999999],585:102[0.15],591:103[0.34000000000000014],)	506	-125.03	-349.0662648221344	-5001.0	15	16.476	27	8	(0.05969743255699062,0.14354868770022752,0.04675269653983728,0.058265920223595544,0.11824768926981268,0.14933923127856671,)
106	914291574626863	54731	6	(551:76[0.09],553:66[0.2800000000000001],558:104[0.07],560:101[0.10999999999999999],585:37[0.13999999999999999],591:122[0.3300000000000001],)	506	-125.03	-410.78656126482207	-5001.0	15	16.768	27	8	(0.037848735143622886,0.14835601095064663,0.048293313808454946,0.07845977346916491,0.10589890011114345,0.11621853808177765,)
107	914446557612368	55231	6	(551:88[0.09999999999999999],553:157[0.2900000000000001],558:74[0.060000000000000005],560:34[0.09999999999999999],585:56[0.15],591:97[0.3200000000000001],)	506	-125.03	-328.32098814229244	-5001.0	15	17.312	28	8	(0.05815000688034449,0.12261539703139959,0.04369148619699457,0.07343037864507389,0.06517793100034677,0.14907381911464465,)
108	914652562013113	55731	6	(551:61[0.09],553:136[0.2800000000000001],558:112[0.07],560:65[0.10999999999999999],585:76[0.16],591:56[0.3100000000000001],)	506	-125.03	-417.0827667984189	-5001.0	15	17.598	28	8	(0.066393137940999,0.10619796832597021,0.046870917971799576,0.07092249043086664,0.10429074219708082,0.08984528559154455,)
109	914794926902056	56231	6	(551:127[0.09999999999999999],553:67[0.2700000000000001],558:44[0.060000000000000005],560:93[0.11999999999999998],585:100[0.17],591:75[0.3200000000000001],)	506	-125.03	-310.7632411067193	-5001.0	15	17.096	28	8	(0.06481552195479995,0.11472182836724289,0.047529940115646416,0.06764801421379521,0.09374074249427158,0.12881071359867222,)
110	914990515782074	56731	6	(551:40[0.09],553:141[0.2800000000000001],558:95[0.07],560:88[0.10999999999999999],585:65[0.16],591:77[0.3300000000000001],)	506	-125.03	-422.90897233201594	-5001.0	15	17.276	28	8	(0.05507502661364564,0.08483906743965203,0.04732467644969464,0.06598804087540273,0.12327306483002216,0.10000972271228625,)
111	915138584085380	57231	6	(551:118[0.09999999999999999],553:71[0.2700000000000001],558:76[0.060000000000000005],560:50[0.09999999999999999],585:101[0.17],591:90[0.34000000000000014],)	506	-125.03	-317.2677272727272	-5001.0	15	18.064	28	9	(0.06902902900387235,0.07841194254582395,0.03955764994358686,0.07264278378553744,0.1103235550842326,0.09929924747527659,)
112	915290826629558	57731	6	(551:30[0.09],553:71[0.2800000000000001],558:94[0.07],560:125[0.10999999999999999],585:124[0.16],591:62[0.3300000000000001],)	506	-125.03	-320.4467984189724	-5001.0	15	17.342	28	8	(0.05495635039024837,0.0693125126535366,0.04214135617307317,0.05775104469514851,0.0757110954403173,0.09598960058286603,)
113	915476336777988	58231	6	(551:65[0.09999999999999999],553:79[0.2900000000000001],558:81[0.060000000000000005],560:105[0.09999999999999999],585:99[0.15],591:77[0.34000000000000014],)	506	-125.03	-348.38695652173914	-4959.82	15	17.828	29	8	(0.05489778703018682,0.04712740397786105,0.034044481993042046,0.06489520683987801,0.07671037003643523,0.10244182267631449,)
114	915677744684199	58731	6	(551:75[0.10999999999999999],553:111[0.3000000000000001],558:190[0.07],560:29[0.09],585:47[0.13999999999999999],591:54[0.35000000000000014],)	506	-125.03	-358.67557312252956	-5001.0	15	18.934	29	9	(0.06282902407974236,0.06861513623620592,0.039863476375081,0.054259141265429904,0.07720576729312714,0.09134136982830006,)
115	915865067096842	59244	5	(551:136[0.11999999999999998],553:126[0.2900000000000001],560:112[0.09999999999999999],585:86[0.15],591:46[0.36000000000000015],)	506	-125.03	-357.0567588932806	-5001.0	15	17.576	28	8	(0.07610450602774987,0.101822349255029,0.04996615668046903,0.06607304158229321,0.09645942206746044,)
116	916096505803281	59755	4	(551:141[0.10999999999999999],560:68[0.09],585:90[0.16],591:206[0.37000000000000016],)	505	-125.03	-404.12495049504946	-5001.0	15	18.186	29	9	(0.06590753390018013,0.049307130199368755,0.055218568598392644,0.09962502298191367,)
117	916272581076718	60255	4	(551:194[0.09999999999999999],560:118[0.09999999999999999],585:89[0.17],591:103[0.36000000000000015],)	504	-125.03	-349.769503968254	-5001.0	15	18.016	29	8	(0.06428419525489651,0.06282125479666363,0.07120437236439474,0.11324366091116041,)
118	916418954010834	60755	4	(551:117[0.09],560:98[0.10999999999999999],585:148[0.18000000000000002],591:141[0.37000000000000016],)	504	-125.03	-301.6705753968255	-5001.0	15	17.926	29	8	(0.05135639438089335,0.06367272322076985,0.05012772257794884,0.08691101499870257,)
119	916538899073117	61255	4	(551:125[0.09999999999999999],560:180[0.11999999999999998],585:116[0.17],591:83[0.36000000000000015],)	504	-125.03	-282.39180555555555	-4969.22	15	16.676	29	9	(0.06921016749378894,0.06873783825044058,0.09594504986634851,0.09115517623840862,)
120	916706119531337	61755	4	(551:48[0.09],560:188[0.10999999999999999],585:195[0.18000000000000002],591:73[0.37000000000000016],)	504	-125.03	-380.2125396825398	-5001.0	15	16.55	30	8	(0.06962174125873892,0.06814079294451086,0.07658675669226234,0.128470489963731,)
121	916840044081798	62255	4	(551:78[0.09999999999999999],560:98[0.09999999999999999],585:102[0.17],591:226[0.38000000000000017],)	504	-125.03	-287.8894246031745	-5001.0	15	16.674	27	8	(0.07333115473716044,0.07227302677055733,0.10023132781359968,0.12355641317513823,)
122	916988436803211	62755	4	(551:162[0.10999999999999999],560:115[0.10999999999999999],585:173[0.18000000000000002],591:54[0.37000000000000016],)	504	-125.03	-311.0324603174603	-5001.0	15	17.82	27	8	(0.059719501793520494,0.07464335717970084,0.11650933462443094,0.10849996320462643,)
123	917132949635297	63255	4	(551:124[0.09999999999999999],560:116[0.11999999999999998],585:85[0.17],591:179[0.38000000000000017],)	504	-125.03	-309.6646825396826	-4962.68	15	16.764	26	8	(0.07725234926109985,0.06926006852569833,0.08023436099293654,0.1087311878295252,)
124	917291739219419	63755	4	(551:160[0.10999999999999999],560:161[0.12999999999999998],585:105[0.18000000000000002],591:78[0.37000000000000016],)	504	-125.03	-372.7539087301586	-5001.0	15	16.794	26	8	(0.06847925353189128,0.06923377509143398,0.10449538746971807,0.07644406164656306,)
125	917419013971632	64255	4	(551:84[0.09999999999999999],560:133[0.11999999999999998],585:67[0.19000000000000003],591:220[0.38000000000000017],)	504	-125.03	-311.64404761904774	-5001.0	15	15.984	26	8	(0.05422483119938428,0.09251975551518084,0.12796896652680728,0.15178532595260735,)
126	917575549838596	64755	4	(551:103[0.10999999999999999],560:37[0.10999999999999999],585:95[0.20000000000000004],591:269[0.37000000000000016],)	504	-125.03	-348.60240079365076	-5001.0	15	16.566	27	8	(0.059518956936571686,0.08328695478206166,0.13804313643749963,0.1400330602767581,)
127	917779817692506	65255	4	(551:135[0.11999999999999998],560:133[0.11999999999999998],585:87[0.21000000000000005],591:149[0.36000000000000015],)	504	-125.03	-381.11835317460316	-5001.0	15	17.8	28	9	(0.06243067001843575,0.09119973257404129,0.062030042420823245,0.14758758116094253,)
128	917952805310458	65755	4	(551:169[0.10999999999999999],560:74[0.10999999999999999],585:124[0.22000000000000006],591:137[0.35000000000000014],)	504	-125.03	-343.1511706349206	-4964.7	15	18.146	28	9	(0.050646567315951116,0.09077008308677503,0.0677132060261453,0.13561384517704383,)
129	918198594792474	66255	4	(551:128[0.09999999999999999],560:166[0.11999999999999998],585:92[0.23000000000000007],591:118[0.34000000000000014],)	504	-125.03	-458.71759920634923	-5001.0	15	18.55	28	8	(0.06389459189271028,0.0858862254637552,0.07237612530299095,0.10935151045598683,)
130	918347071766195	66755	4	(551:112[0.09],560:51[0.10999999999999999],585:101[0.24000000000000007],591:240[0.35000000000000014],)	504	-125.03	-252.09003968253964	-5001.0	15	18.888	29	8	(0.05426129624142071,0.08444226121259457,0.10060628695513373,0.12334540428961108,)
131	918535018830795	67255	4	(551:164[0.09999999999999999],560:132[0.11999999999999998],585:86[0.25000000000000006],591:122[0.34000000000000014],)	504	-125.03	-361.44978174603176	-5001.0	15	18.314	29	8	(0.05126174200578506,0.04728613925721935,0.08754300035380733,0.09704325036681526,)
132	918702297528815	67755	4	(551:94[0.09],560:95[0.10999999999999999],585:136[0.26000000000000006],591:179[0.35000000000000014],)	504	-125.03	-346.4062103174604	-5001.0	15	17.71	27	9	(0.04171644830115455,0.05774309870277926,0.08119895168958402,0.0906778597757703,)
133	918852731855528	68255	4	(551:105[0.09999999999999999],560:71[0.11999999999999998],585:230[0.25000000000000006],591:98[0.34000000000000014],)	504	-125.03	-347.6250396825396	-5001.0	15	17.556	27	9	(0.04244612518997871,0.0668789040693592,0.11157226361880695,0.08041919720854916,)
134	919029591252341	68755	4	(551:94[0.10999999999999999],560:98[0.12999999999999998],585:91[0.24000000000000005],591:221[0.35000000000000014],)	504	-125.03	-424.205753968254	-5001.0	15	16.39	26	8	(0.07937075372967825,0.054255682917801154,0.10346331484949285,0.08360148871452744,)
135	919158269143884	69255	4	(551:95[0.11999999999999998],560:147[0.13999999999999999],585:114[0.25000000000000006],591:148[0.34000000000000014],)	504	-125.03	-262.83567460317465	-5001.0	15	17.246	26	8	(0.09780059559178156,0.05892624743631012,0.10294300798099015,0.07150118600102044,)
136	919315275010479	69755	4	(551:131[0.12999999999999998],560:99[0.12999999999999998],585:183[0.26000000000000006],591:91[0.3300000000000001],)	504	-125.03	-322.56486111111116	-5001.0	15	17.86	27	8	(0.06468999934965952,0.06440375072919191,0.0713979851877735,0.10145484685351387,)
137	919514608030869	70255	4	(551:158[0.11999999999999998],560:103[0.13999999999999999],585:139[0.25000000000000006],591:104[0.34000000000000014],)	504	-125.03	-402.57724206349206	-5001.0	15	17.472	26	8	(0.06078343016039356,0.058732429780390054,0.07768534013001965,0.1016466461766709,)
138	919662247128981	70755	4	(551:169[0.10999999999999999],560:104[0.15],585:83[0.24000000000000005],591:148[0.35000000000000014],)	504	-125.03	-282.79410714285723	-4961.25	15	17.06	27	8	(0.061968494941124976,0.1051868618738423,0.07178408027397572,0.07795381165207013,)
139	919806000514443	71263	3	(551:142[0.09999999999999999],560:143[0.16],591:219[0.34000000000000014],)	504	-125.03	-302.70392857142855	-4966.42	15	17.332	26	8	(0.06824557537566663,0.0780623251129902,0.10214917467225218,)
140	919980654283021	71763	3	(551:183[0.10999999999999999],560:253[0.17],591:67[0.3300000000000001],)	503	-125.03	-347.96803180914526	-5001.0	15	17.576	27	8	(0.06447285801099885,0.11044178971143413,0.10793471107983024,)
141	920106594077504	72263	3	(551:135[0.09999999999999999],560:208[0.16],591:160[0.34000000000000014],)	503	-125.03	-260.87200795228625	-5001.0	15	17.544	25	8	(0.07687513444086828,0.10935018945941169,0.13822159306761325,)
142	920271386636354	72763	3	(551:212[0.10999999999999999],560:195[0.15],591:96[0.35000000000000014],)	503	-125.03	-345.9808349900597	-5001.0	15	18.006	26	8	(0.08424392193368634,0.08728581793021177,0.13656552637210548,)
143	920462131085309	73263	3	(551:193[0.09999999999999999],560:146[0.13999999999999999],591:164[0.36000000000000015],)	503	-125.03	-365.2730815109345	-5001.0	15	17.41	26	8	(0.05980696890725421,0.09959336248407862,0.10375668243044806,)
144	920614648099520	73763	3	(551:186[0.09],560:216[0.15],591:101[0.37000000000000016],)	503	-125.03	-303.5900397614315	-5001.0	15	18.122	25	8	(0.04950454063727748,0.10798348334146947,0.08816448096283375,)
145	920779863713698	74263	3	(551:169[0.08],560:123[0.13999999999999999],591:211[0.38000000000000017],)	503	-125.03	-325.1684294234593	-4961.39	15	17.884	25	8	(0.048721676117369085,0.11244472124163735,0.11620008258079327,)
146	920954721576871	74763	3	(551:220[0.07],560:119[0.15],591:164[0.37000000000000016],)	503	-125.03	-331.49015904572576	-5001.0	15	18.468	25	8	(0.04492736554434808,0.105260856910234,0.14213073281172495,)
147	921125535615348	75263	3	(551:115[0.060000000000000005],560:93[0.16],591:295[0.38000000000000017],)	503	-125.03	-328.39017892644137	-5001.0	15	18.442	26	8	(0.04444604745873381,0.10856159456921337,0.12447337445067168,)
148	921298001859066	75770	3	(551:169[0.07],560:167[0.17],591:167[0.37000000000000016],)	503	-125.03	-307.2239761431412	-5001.0	15	18.792	26	8	(0.04836059244516374,0.13224905314544766,0.12218565968776154,)
149	921488443414695	76270	3	(551:144[0.060000000000000005],560:208[0.16],591:151[0.36000000000000015],)	503	-125.03	-363.24518886679914	-5001.0	15	19.2	26	8	(0.04420792960115849,0.12170669195916278,0.08680395758323592,)
