alpha = 0.15
gamma = 1.0
lambda = 0.6
epsilon = 0.3
randomSeed = 222
GREAT!
Xover: 4
---- Evolution parameters ----
Folder name:          NMSarsa_Maze-ActorCriticPendulum/run_769851943476400
Random seed:          222
GREAT activated:      true
Max iterations:       150
Population size:      500
GREAT initialization  true
Speciation threshold: 0.15
Species min size:     15
Tournament size:      3
Crossover rate:       0.2
Mutation rate:        0.8
Crossovers:
	AligningCrossover_v4(0.15)
Mutations:
	AddGeneMutation(maxSize=2147483647, prob=0.33)
	DeleteGeneMutation(minSize=8, prob=0.33)
	ChangeGeneMutation(prob=0.33)
------------------------------

---- Starting evolution ----
IT	Nanotime	#Eval	#Species	Species size	PopSize	Best	Avg	Worst	Best GRN Size	Avg GRN size	Max GRN size	Min GRN size	Species avgdist2rep
0	773546528303486	997	1	(470:499[0.15],)	499	2339.561732789495	-4434.190889721806	-14692.165639958906	8	10.096	15	8	(0.10197420911740275,)
1	775552954440564	1497	4	(470:358[0.16],471:60[0.15],472:18[0.15],473:65[0.15],)	501	2339.561732789495	-1439.4062011211793	-14689.40026839883	8	10.714	16	8	(0.07904007777908785,0.08212502122365302,0.05547378853309545,0.0649847677259678,)
2	777376655288797	2029	5	(470:227[0.15],471:21[0.16],472:154[0.16],473:96[0.16],474:37[0.15],)	535	2476.5726580509327	-1017.373272293587	-14694.224412666317	9	9.956	16	8	(0.07208671888082092,0.10253497933158409,0.09763230137801875,0.07098407731221458,0.07010897249849032,)
3	779711746205350	2751	6	(470:90[0.13999999999999999],471:41[0.17],472:275[0.15],473:271[0.17],474:29[0.16],475:19[0.15],)	725	2497.8122026041087	-430.4521193868593	-14690.536051812953	8	13.126	14	8	(0.06590215797230148,0.06453371365672184,0.06994097203163441,0.05304575411256929,0.09156906528707928,0.0831450344951488,)
4	784102007348155	4066	5	(470:492[0.12999999999999998],471:259[0.18000000000000002],473:232[0.16],474:92[0.17],475:227[0.16],)	1302	2473.1164581733465	-44.155115759106984	-14692.291679027376	10	25.362	15	8	(0.06134568727349212,0.07016423007776385,0.05923406099932351,0.06850741061254773,0.05807412068931359,)
5	808697098494484	12028	12	(470:489[0.11999999999999998],471:548[0.17],473:3652[0.15],474:15[0.18000000000000002],475:1159[0.15],479:45[0.15],480:234[0.15],481:25[0.15],482:815[0.15],483:904[0.15],484:56[0.15],485:22[0.15],)	7964	2460.0867406469633	-156.96149498933258	-14797.459021991195	9	141.87	12	8	(0.05600763940963524,0.06286915083177148,0.061179334064052134,0.11093418684821194,0.0606096424417257,0.08484461413374791,0.08673416727036508,0.08803463757893662,0.07289863231508643,0.08190293603341156,0.08230516555348497,0.08677126901725905,)
6	810464737316380	12637	11	(470:69[0.10999999999999999],471:20[0.16],474:51[0.19000000000000003],475:35[0.13999999999999999],479:53[0.13999999999999999],480:203[0.13999999999999999],481:50[0.16],482:24[0.13999999999999999],483:29[0.13999999999999999],484:40[0.13999999999999999],485:36[0.16],)	610	2460.0867406469633	-1635.4998637522885	-14692.65244237012	9	10.514	11	8	(0.06225410609959284,0.062194565034779214,0.03494464033356408,0.09056137426346438,0.06050089274534312,0.05733767720642943,0.03681957880722145,0.08032104568778027,0.06963964437593055,0.07382198045627121,0.09235642681187238,)
7	812413898626361	13321	8	(470:51[0.09999999999999999],471:53[0.17],475:79[0.15],479:243[0.12999999999999998],480:74[0.12999999999999998],482:26[0.15],484:104[0.15],485:46[0.17],)	676	2411.750650093454	-1873.0866954506225	-14692.909910679045	8	11.886	12	8	(0.05104214540535527,0.05135531696826763,0.07722245144786773,0.0519462137151105,0.05339801554177648,0.05318850555190862,0.08167046548931706,0.07451560630044753,)
8	813861415528041	13833	8	(470:25[0.10999999999999999],471:91[0.18000000000000002],475:40[0.13999999999999999],479:199[0.11999999999999998],480:44[0.11999999999999998],482:53[0.16],484:28[0.13999999999999999],488:28[0.15],)	508	2384.7610385146595	-1223.876314096382	-14686.72030988619	9	9.106	12	8	(0.06773066320307852,0.0652330171746824,0.07592427009654988,0.0561768840864737,0.05520309466547355,0.06155400425859248,0.09714002787936955,0.06959022130123074,)
9	815643207870442	14438	6	(470:128[0.11999999999999998],471:199[0.17],475:32[0.15],479:50[0.10999999999999999],488:178[0.16],489:20[0.15],)	607	2401.927246644371	-1356.0791931862254	-14696.823830102676	8	11.258	13	8	(0.05638920253681977,0.07301807669439103,0.10451372487221317,0.0569687498919469,0.05776927957488362,0.10010674676248099,)
10	817034778367862	14952	7	(470:42[0.10999999999999999],471:50[0.16],475:21[0.16],479:100[0.11999999999999998],488:70[0.15],489:201[0.16],490:22[0.15],)	506	2401.927246644371	-1662.267111402723	-14695.253305208786	8	9.286	13	8	(0.06846436614160534,0.10315697526149636,0.04687101274888986,0.054547972608768126,0.06775879867626342,0.049908176764829,0.10497797090150143,)
11	818554243586993	15477	7	(470:33[0.11999999999999998],471:22[0.17],475:100[0.17],479:148[0.10999999999999999],488:108[0.16],489:70[0.15],492:25[0.15],)	506	2401.927246644371	-1455.327090191277	-14691.00876985312	8	9.666	13	8	(0.08180339308163624,0.028581444597069596,0.02985325402863423,0.05243824797600817,0.06847095026921654,0.07818198163951469,0.0658596490880652,)
12	820259827072121	16070	6	(470:133[0.12999999999999998],475:21[0.16],479:114[0.09999999999999999],488:39[0.15],489:243[0.16],492:31[0.16],)	581	2519.559245914493	-1218.5961841574533	-14692.762960813401	9	11.22	14	8	(0.06635545321917043,0.03261382165774877,0.06241144916540518,0.10035004534799195,0.07195066236451282,0.057522888620661725,)
13	821834491866242	16606	8	(470:111[0.11999999999999998],475:84[0.17],479:48[0.09],488:98[0.16],489:119[0.15],492:27[0.17],497:19[0.15],498:35[0.15],)	541	2556.0971976550813	-687.511790328539	-14691.918072347822	9	10.448	13	8	(0.07876780206442689,0.03427282186347039,0.04886851100981964,0.07948760730192135,0.06697921536538591,0.08111016625350818,0.06520684143973876,0.06837077407935042,)
14	825044459247077	17726	8	(470:80[0.10999999999999999],479:528[0.09999999999999999],489:99[0.13999999999999999],492:85[0.18000000000000002],497:110[0.16],498:79[0.16],499:89[0.15],501:26[0.15],)	1096	2542.267131090394	-1642.17166391391	-14694.32728017462	9	20.658	13	8	(0.06543490469126587,0.05521092534547363,0.07263235095967205,0.07908005464700256,0.05600453173113454,0.07368743121131187,0.06509951090426223,0.08613656845557098,)
15	827244361486626	18374	6	(479:181[0.09],489:141[0.12999999999999998],497:27[0.15],499:122[0.13999999999999999],504:76[0.15],505:80[0.15],)	627	2345.8500605464856	-6896.383624892716	-14692.35325654297	13	11.234	14	8	(0.07145841314609225,0.0790973358602632,0.07543156007278788,0.057983734714026895,0.07808610965294936,0.09113534975358951,)
16	828868560827810	18888	5	(479:103[0.08],489:69[0.11999999999999998],499:55[0.12999999999999998],504:185[0.16],505:94[0.16],)	506	2297.3931286240468	-5131.749095157709	-14702.170811360338	9	9.228	13	8	(0.052846469029118416,0.06531868704359242,0.04625941363356571,0.051476233209064776,0.04989968608548073,)
17	830363014839813	19405	5	(479:38[0.07],489:60[0.12999999999999998],499:87[0.13999999999999999],504:281[0.15],505:39[0.17],)	505	2297.3931286240468	-2330.2798259597967	-14690.40775345168	9	9.612	14	8	(0.04738943486488282,0.06630719921743064,0.08823215872834737,0.07944820290865243,0.0847585128006299,)
18	831818685380586	19928	5	(479:158[0.08],489:114[0.13999999999999999],499:72[0.15],504:60[0.13999999999999999],505:101[0.18000000000000002],)	505	2322.0874022602366	-1018.6763763427319	-14689.39087622642	9	9.898	13	8	(0.05639796647281648,0.0803492339584382,0.0715698753721362,0.08273200894585199,0.09328588816880641,)
19	833310418230367	20485	6	(489:100[0.12999999999999998],499:216[0.16],504:24[0.15],505:116[0.17],515:64[0.15],516:17[0.15],)	537	2322.0874022602366	-642.9552895622616	-14690.535314356974	9	10.454	15	8	(0.09034811545830083,0.06094743016681927,0.10078001511040323,0.05846181402058191,0.09101525566529159,0.10422132209917208,)
20	835309905493622	21130	7	(489:67[0.11999999999999998],499:146[0.15],504:60[0.16],505:89[0.16],515:172[0.16],516:94[0.16],520:16[0.15],)	644	2322.0874022602366	-2112.797202641245	-14695.50871199368	9	12.904	16	8	(0.09978233908429561,0.0720352396536516,0.060952464541211636,0.060572727631832975,0.08793331688274564,0.06849348924835456,0.047308725958445756,)
21	837856011289063	21704	6	(489:49[0.12999999999999998],499:45[0.13999999999999999],504:17[0.17],515:20[0.15],516:421[0.15],520:25[0.16],)	577	2322.0874022602366	-10339.91553711283	-14694.162216238561	9	10.99	16	8	(0.0856603202919588,0.09124102686623294,0.06078479582656632,0.1007593979753664,0.05890396494004441,0.09849928175724675,)
22	839617630043260	22216	6	(489:72[0.13999999999999999],504:36[0.18000000000000002],515:23[0.16],516:83[0.13999999999999999],520:248[0.17],523:44[0.15],)	506	2322.0874022602366	-5729.594058954746	-14696.255237356712	9	9.504	12	8	(0.03530109126982137,0.0820449069528566,0.06968420043123831,0.06844423422562203,0.053726293324070896,0.05993379631393085,)
23	841247794924920	22716	6	(489:38[0.15],504:32[0.19000000000000003],515:39[0.17],516:78[0.12999999999999998],520:193[0.16],523:126[0.16],)	506	2330.0699734273435	-6147.489120012677	-14704.060230409425	10	9.156	13	8	(0.046403781488567636,0.0626893478862981,0.08697586505855519,0.06631778505224113,0.06917146218980405,0.05695742468163496,)
24	842951138448914	23217	7	(489:70[0.16],504:33[0.20000000000000004],515:40[0.18000000000000002],516:170[0.13999999999999999],520:114[0.15],523:40[0.15],524:39[0.15],)	506	2355.4623179306936	-6696.376694954179	-14698.459732454256	10	9.27	14	8	(0.05716473668406157,0.06269714002912807,0.03889059721926129,0.0569405839854746,0.0737797328206776,0.06711808434969692,0.09602046148752977,)
25	844894599787777	23781	4	(489:238[0.17],520:158[0.13999999999999999],523:32[0.16],524:103[0.16],)	531	2301.0756922526434	-6614.422846121106	-14693.108011225564	8	9.902	14	8	(0.07516077419340028,0.08205077015791687,0.07239877373049584,0.08574244024903864,)
26	846460212005788	24303	6	(489:38[0.16],520:219[0.12999999999999998],523:85[0.17],524:106[0.17],527:27[0.15],530:29[0.15],)	504	2301.0756922526434	-3191.5029266371353	-14695.918847306406	8	9.694	15	8	(0.06963658486080948,0.08908046828270116,0.08087740376488355,0.07796766768982749,0.0708405338369403,0.08402715149699913,)
27	847854592489260	24824	7	(489:24[0.17],520:156[0.11999999999999998],523:23[0.16],524:135[0.16],527:78[0.16],530:47[0.16],532:43[0.15],)	506	2301.0756922526434	-1431.8085489711852	-14694.07540161323	8	9.44	16	8	(0.1118328069343044,0.0855119811334,0.10703499818148564,0.08522527080496557,0.07408506948722808,0.08066832504992139,0.08666148610034098,)
28	849158424366216	25362	6	(489:247[0.18000000000000002],520:105[0.10999999999999999],523:33[0.17],524:67[0.15],530:40[0.17],535:37[0.15],)	529	2301.0756922526434	-470.3269013145681	-14695.974592277995	8	9.592	15	8	(0.06730009469765286,0.08060640279753371,0.1083644327783351,0.09804715110823865,0.09861744746912178,0.05390277734461537,)
29	850649269541290	26001	5	(489:58[0.17],520:29[0.09999999999999999],523:21[0.18000000000000002],524:113[0.16],535:414[0.16],)	635	2584.9118333758884	-670.1948266054981	-14691.522074905208	9	11.3	15	8	(0.07562687736966842,0.07209955520864167,0.09350139897988066,0.06960819257651886,0.059464759268780254,)
30	851997081090478	26563	6	(489:101[0.18000000000000002],520:167[0.10999999999999999],523:195[0.19000000000000003],524:34[0.15],535:24[0.15],537:42[0.15],)	563	2584.9118333758884	-471.58292206164793	-14691.601808872027	9	10.232	15	8	(0.11301891784687264,0.08448392216632482,0.09589938772169374,0.10237138683599636,0.0986874147898582,0.08267004348052445,)
31	854046278495486	27387	6	(489:62[0.17],520:156[0.09999999999999999],523:108[0.18000000000000002],524:45[0.16],537:395[0.16],538:43[0.15],)	809	2584.9118333758884	-1409.6373228801108	-14694.754679892812	9	14.482	12	8	(0.07753544924380984,0.06201007117529878,0.09617589948111739,0.09128102934588593,0.07350076315291026,0.06684616448989304,)
32	855395686905100	27910	4	(489:111[0.18000000000000002],523:203[0.17],537:106[0.15],538:86[0.16],)	506	2584.9118333758884	-1232.890939183684	-14717.150188455511	9	9.36	13	8	(0.08351800831555682,0.07557944318028026,0.053685992034019574,0.06815512657194156,)
33	856731297741663	28414	7	(489:71[0.19000000000000003],523:26[0.16],537:224[0.16],538:88[0.17],540:56[0.15],541:23[0.15],543:16[0.15],)	504	2608.023654316477	-1110.7113445853577	-14690.920946554832	9	9.428	13	8	(0.09758304327967512,0.08987891959408817,0.07745883958266915,0.07706718631190318,0.10137314923525029,0.07866992527087376,0.08428261412129945,)
34	858280586034600	28968	5	(489:26[0.18000000000000002],523:105[0.17],537:196[0.15],540:79[0.16],543:130[0.16],)	536	2359.1730251166227	-1682.3349403871475	-14690.671637960255	8	10.06	13	8	(0.08640342381462306,0.08388876798728641,0.0694638038779473,0.08158188872569352,0.07302744695991996,)
35	859765541466418	29480	4	(489:154[0.19000000000000003],523:97[0.16],540:170[0.17],543:84[0.15],)	505	2359.1730251166227	-1163.8828691855585	-14692.797285673021	8	9.758	14	8	(0.05207892285840105,0.06416740255859862,0.06771690532031173,0.06916789495029449,)
36	861380252696948	30010	4	(489:115[0.18000000000000002],523:38[0.17],540:179[0.16],543:190[0.16],)	522	2670.448389621201	-1356.098951200054	-14697.639081361744	8	9.984	14	8	(0.06316150875742935,0.10417532270358114,0.06808339035927347,0.038896777068437485,)
37	862943342898519	30513	5	(489:88[0.19000000000000003],523:119[0.18000000000000002],540:116[0.15],543:139[0.15],548:42[0.15],)	504	2670.448389621201	-1266.5477013637703	-14694.437676692894	8	9.664	14	8	(0.0884333579091048,0.07935683909562162,0.08717289468569123,0.0974644823719571,0.09267846361044149,)
38	864436338842231	31014	5	(489:37[0.20000000000000004],523:109[0.17],540:143[0.13999999999999999],543:33[0.13999999999999999],548:183[0.16],)	505	2670.448389621201	-761.9676082292599	-14693.643269785272	8	9.59	15	8	(0.09076374640009037,0.07936729720387506,0.05572960657077226,0.08889713534575405,0.07092749882923978,)
39	865910039969339	31514	5	(489:125[0.21000000000000005],523:107[0.16],540:42[0.12999999999999998],543:29[0.15],548:202[0.15],)	505	2670.448389621201	-810.3961672291324	-14742.853862669517	8	9.662	13	8	(0.08247770695951036,0.07130629577184605,0.08003932896176605,0.08713697095433486,0.08246069313893004,)
40	867490109522389	32017	6	(489:35[0.20000000000000004],523:58[0.15],540:118[0.13999999999999999],543:19[0.16],548:223[0.13999999999999999],552:52[0.15],)	505	2882.209302615053	-1046.953920052401	-14696.386772247559	9	9.798	14	8	(0.07185643762305151,0.09219750796799085,0.06571643656422607,0.07256123991130396,0.07163427881981453,0.08832649381577637,)
41	869582102655697	32591	6	(489:27[0.21000000000000005],523:23[0.16],540:109[0.12999999999999998],543:30[0.17],548:76[0.12999999999999998],552:312[0.16],)	577	2882.209302615053	-975.2971927341997	-14690.885707027777	9	12.02	15	8	(0.11725556634730955,0.08294153481471374,0.0666930594550689,0.13290087907152928,0.06702859167160423,0.07563464490673755,)
42	871555326105992	33128	7	(489:50[0.22000000000000006],523:136[0.17],540:36[0.11999999999999998],548:32[0.13999999999999999],552:212[0.15],554:24[0.15],555:38[0.15],)	528	2433.457690320964	-4900.749775247652	-14699.984767626916	13	9.532	14	8	(0.10174305149308997,0.05816941028117041,0.07025340539559478,0.09203037392359743,0.057556201781019216,0.055833868422608214,0.08683513229595452,)
43	873745452567378	33632	7	(489:37[0.23000000000000007],523:69[0.16],540:41[0.12999999999999998],548:21[0.15],552:74[0.13999999999999999],554:110[0.16],555:158[0.16],)	510	2496.349807442644	-9137.675815934477	-14698.859453305002	11	9.358	15	8	(0.07314019096272802,0.051993797736651005,0.062179845646194006,0.08510057299353271,0.0702469419341659,0.03083706633291551,0.051930738302742085,)
44	875854673361188	34149	6	(489:102[0.24000000000000007],523:45[0.17],548:22[0.16],552:54[0.12999999999999998],554:124[0.15],555:160[0.15],)	507	2496.349807442644	-7259.014088607645	-14696.31626252154	11	9.548	16	8	(0.07465385705896177,0.06095436394879839,0.08865572810944888,0.06276481143350589,0.04085946747869476,0.07076528643663448,)
45	877897428285777	34666	6	(489:55[0.23000000000000007],523:50[0.18000000000000002],548:88[0.17],552:69[0.13999999999999999],554:54[0.13999999999999999],555:190[0.13999999999999999],)	506	2496.349807442644	-5882.40383516597	-14696.237604078357	11	9.74	15	8	(0.10814875588131466,0.07759323443946432,0.10223834229037297,0.045510485940155485,0.10590620173801837,0.07969782406567817,)
46	879736059792260	35179	5	(489:72[0.24000000000000007],523:62[0.19000000000000003],552:124[0.15],554:163[0.15],555:85[0.12999999999999998],)	506	2496.349807442644	-3132.7447310711004	-14784.635140916182	11	9.862	16	8	(0.1246173393758305,0.09181678840964001,0.05639350145627668,0.08379079533389316,0.07792218514229747,)
47	881514914929154	35681	5	(489:87[0.25000000000000006],523:29[0.20000000000000004],552:59[0.13999999999999999],554:190[0.13999999999999999],555:140[0.13999999999999999],)	505	2496.349807442644	-3266.955085000298	-14696.611720261619	11	9.594	16	8	(0.113866622372748,0.0946202414382988,0.06515422557625324,0.07673694557017914,0.08022807860326041,)
48	883488921725116	36229	6	(489:67[0.26000000000000006],523:32[0.21000000000000005],552:145[0.15],554:19[0.12999999999999998],555:270[0.12999999999999998],562:19[0.15],)	552	2518.827692276687	-3946.2078726191626	-14688.32681881971	11	10.398	13	8	(0.1093886950502016,0.0811782277500449,0.09218247987809187,0.09561938181001939,0.05635072397775254,0.06581167757029213,)
49	885219055371095	36747	6	(489:70[0.2700000000000001],523:71[0.22000000000000006],552:76[0.13999999999999999],554:103[0.13999999999999999],555:174[0.11999999999999998],562:26[0.16],)	520	2452.178744759416	-1528.540328021932	-14695.045311256883	9	9.936	14	8	(0.10079130426728672,0.13281677293780342,0.08209460524297192,0.0877429349693676,0.06464387313745397,0.06431432202349918,)
50	886675809530542	37253	6	(489:232[0.2800000000000001],523:19[0.23000000000000007],552:55[0.15],554:54[0.12999999999999998],555:127[0.10999999999999999],562:19[0.17],)	506	2452.178744759416	-317.6510724985636	-14693.12796255573	9	9.5	14	8	(0.0793265264172323,0.08517778165788406,0.05345716938481163,0.07630524981703747,0.0776810669443635,0.08705720002615909,)
51	901572429558009	41157	6	(489:215[0.2700000000000001],523:90[0.24000000000000007],552:829[0.16],554:365[0.13999999999999999],555:118[0.09999999999999999],562:2291[0.18000000000000002],)	3908	2476.7898530328375	-124.17490907821615	-14698.595197018987	9	84.026	15	8	(0.10267331621014042,0.06841889030734315,0.05870325186180518,0.09282973070126763,0.09345668794854586,0.04960093630499,)
52	904232724091959	42015	4	(489:148[0.26000000000000006],523:230[0.23000000000000007],552:310[0.15],555:170[0.09],)	858	2479.7578942027226	1047.7646878208632	-14694.527954150228	9	15.446	12	8	(0.05685507766137221,0.0634695606785468,0.05802814524750894,0.05317502313469466,)
53	905791739293616	42515	4	(489:159[0.25000000000000006],523:61[0.22000000000000006],552:223[0.13999999999999999],555:61[0.08],)	504	2479.7578942027226	1119.22611357801	-14671.763229577911	9	9.21	12	8	(0.05459117145642925,0.04010991406418317,0.05584027626477674,0.048668597062851246,)
54	907381928896884	43039	3	(489:54[0.24000000000000005],523:202[0.23000000000000007],552:248[0.12999999999999998],)	504	2504.9919832418686	951.4452440222015	-14687.577761583554	9	9.092	12	8	(0.08396264601348717,0.06881123169298822,0.046051543056464375,)
55	908912673542664	43539	3	(489:158[0.25000000000000006],523:100[0.22000000000000006],552:245[0.11999999999999998],)	503	2522.0568435834243	1110.0208603449116	-14692.254772140766	13	9.262	13	8	(0.05450696076735084,0.06010823588877947,0.06838338389106924,)
56	910457364999350	44039	3	(489:350[0.26000000000000006],523:79[0.23000000000000007],552:74[0.10999999999999999],)	503	2522.0568435834243	1019.7859611388344	-14694.340255851468	13	9.17	13	8	(0.06738558023932821,0.054724197018294125,0.050529812104816725,)
57	911986249294059	44539	3	(489:302[0.25000000000000006],523:71[0.24000000000000007],552:130[0.11999999999999998],)	503	2522.0568435834243	1005.391971702574	-14688.473705702225	13	9.128	13	8	(0.0740594420790917,0.0711571823182064,0.060171464706243835,)
58	913472436259203	45039	3	(489:132[0.24000000000000005],523:152[0.25000000000000006],552:219[0.12999999999999998],)	503	2522.0568435834243	1041.225546168289	-14693.48396257783	13	9.022	13	8	(0.0800319090479103,0.08583513809879462,0.07088651814552958,)
59	914984202142559	45539	3	(489:103[0.25000000000000006],523:96[0.26000000000000006],552:304[0.11999999999999998],)	503	2539.4097042375543	1462.349336715142	-14685.534334011809	10	9.316	14	8	(0.09819551166269355,0.06758127018150203,0.055914217427528445,)
60	916559581726200	46039	3	(489:253[0.26000000000000006],523:67[0.2700000000000001],552:183[0.10999999999999999],)	503	2539.4097042375543	1295.4906138627	-14690.478673092552	10	9.54	13	8	(0.09599458385595441,0.08517632410049515,0.07502046732272491,)
61	918115782992205	46539	3	(489:126[0.25000000000000006],523:189[0.2800000000000001],552:188[0.09999999999999999],)	503	2539.4097042375543	836.9975088150745	-14687.90419811864	10	9.352	14	8	(0.11425330493085396,0.06495535088023233,0.05290544530162018,)
62	919640382187787	47039	3	(489:194[0.26000000000000006],523:120[0.2700000000000001],552:189[0.09],)	503	2539.4097042375543	935.6320625637985	-14688.249882136035	10	9.172	13	8	(0.09638127484971731,0.08115595471866018,0.050633361231862725,)
63	921165347936244	47539	3	(489:402[0.25000000000000006],523:52[0.2800000000000001],552:49[0.08],)	503	2539.4097042375543	1042.9305996082655	-14690.309267303626	10	9.234	13	8	(0.09078762754410284,0.0958453682390142,0.054960903689046936,)
64	922657159952266	48039	3	(489:104[0.24000000000000005],523:230[0.2900000000000001],552:169[0.09],)	503	2539.4097042375543	1445.9249767118174	-14687.961131892025	10	9.23	14	8	(0.08501749853940017,0.10139267968028852,0.056798864234603556,)
65	924219258109489	48547	3	(489:146[0.25000000000000006],523:161[0.2800000000000001],552:196[0.08],)	503	2479.4773328363954	980.6854112957416	-14692.946336282788	8	9.258	14	8	(0.13474164897075946,0.0849351469689066,0.04795338453726154,)
66	925753527475700	49047	3	(489:104[0.26000000000000006],523:294[0.2900000000000001],552:105[0.07],)	503	2504.806138294125	1205.9393883862672	-14693.328133962807	9	9.368	14	8	(0.12321140388269344,0.10949440200683684,0.05631263756679532,)
67	927317100435164	49547	3	(489:152[0.2700000000000001],523:130[0.2800000000000001],552:221[0.08],)	503	2504.806138294125	1086.5907849376229	-14693.333180578771	9	9.406	15	8	(0.10645503882570126,0.08873855977390105,0.052203057624065435,)
68	928898142762359	50047	3	(489:125[0.2800000000000001],523:310[0.2900000000000001],552:68[0.07],)	503	2504.806138294125	1231.5148338404003	-14781.611796475176	9	9.562	15	8	(0.1081088460472298,0.10503935780174618,0.052471279379975706,)
69	930425621498130	50547	3	(489:47[0.2900000000000001],523:190[0.2800000000000001],552:266[0.08],)	503	2504.806138294125	1135.8096560027286	-14797.512791835989	9	9.292	14	8	(0.11076487817800706,0.12616880909079448,0.05204652283248904,)
70	932010907200017	51047	3	(489:228[0.3000000000000001],523:239[0.2700000000000001],552:36[0.07],)	503	2504.806138294125	1098.12820669646	-14691.080601007048	9	9.562	14	8	(0.0892335502705986,0.10089599596207441,0.05598912449658368,)
71	933545298249936	51547	3	(489:255[0.2900000000000001],523:66[0.26000000000000006],552:182[0.08],)	503	2504.806138294125	1350.878792689406	-14686.082492641304	9	9.438	14	8	(0.11049254274657166,0.10507135874507276,0.04790889915602027,)
72	935084213082985	52047	3	(489:41[0.2800000000000001],523:440[0.2700000000000001],552:22[0.07],)	503	2504.806138294125	1294.204728621202	-14688.80156137095	9	9.462	14	8	(0.09938353221440184,0.0987482288454482,0.05390616470845621,)
73	936610666659193	52547	3	(489:224[0.2900000000000001],523:213[0.26000000000000006],552:66[0.08],)	503	2504.806138294125	1207.6041675704078	-14692.947190628121	9	9.246	15	8	(0.09396826853226188,0.13007291085500114,0.05343142482835622,)
74	938107953004232	53047	3	(489:277[0.2800000000000001],523:127[0.25000000000000006],552:99[0.09],)	503	2504.806138294125	1354.3333759312063	-14691.30913987945	9	9.164	15	8	(0.07964950774053954,0.0790472947371524,0.050606156412211764,)
75	939629881603852	53554	2	(523:277[0.26000000000000006],552:226[0.09999999999999999],)	503	2504.806138294125	1327.8402938643706	-14643.307398559664	9	9.23	15	8	(0.11238047781772792,0.06078189036542542,)
76	941129913965985	54054	3	(523:71[0.25000000000000006],552:384[0.10999999999999999],567:47[0.15],)	502	2504.806138294125	1201.8540304961039	-14689.702953981541	9	9.258	16	8	(0.17432271030819946,0.07103986307927297,0.0917772268028511,)
77	942692700125686	54554	4	(523:185[0.26000000000000006],552:154[0.09999999999999999],567:128[0.16],568:36[0.15],)	503	2504.806138294125	1060.250042946017	-14692.232534185237	9	9.546	17	8	(0.14826745808084454,0.07960619019446685,0.10049727059366578,0.06490799289867345,)
78	944280543148659	55059	5	(523:72[0.25000000000000006],552:37[0.09],567:214[0.15],568:86[0.16],569:95[0.15],)	504	2504.806138294125	993.2337707870296	-14690.173491144278	9	9.528	17	8	(0.14735439871826786,0.0623946059860124,0.08872261799927678,0.06862399244706242,0.10716553167196555,)
79	945829784173446	55561	6	(523:131[0.26000000000000006],552:109[0.09999999999999999],567:68[0.13999999999999999],568:47[0.17],569:135[0.16],571:15[0.15],)	505	2504.806138294125	1371.8779038069015	-14689.055594563826	9	9.472	16	8	(0.11732552214023843,0.06784965413155787,0.10127106317492253,0.10451939468181974,0.10739896074953663,0.12122967585162944,)
80	947408612059964	56061	6	(523:155[0.25000000000000006],552:56[0.09],567:98[0.15],568:97[0.18000000000000002],569:58[0.15],571:42[0.16],)	506	2504.806138294125	1224.0400197409874	-14690.502202185082	9	9.714	17	8	(0.08689730499667973,0.073741911335917,0.10149486430952964,0.07407905138242599,0.09682876685769798,0.09837361672487158,)
81	949100990094760	56576	6	(523:122[0.24000000000000005],552:34[0.09999999999999999],568:59[0.17],569:60[0.16],571:195[0.17],574:36[0.15],)	506	2504.806138294125	948.4164395054415	-14691.057620955475	9	10.014	17	8	(0.09829521290237479,0.08405616426458705,0.09823129934880442,0.11712273410657999,0.08974780192644913,0.08337487234781829,)
