alpha = 0.15
gamma = 1.0
lambda = 0.6
epsilon = 0.3
randomSeed = 555
GREAT!
Xover: 4
---- Evolution parameters ----
Folder name:          NMSarsa_Maze/run_558046909558604
Random seed:          555
GREAT activated:      true
Max iterations:       150
Population size:      500
GREAT initialization  true
Speciation threshold: 0.15
Species min size:     15
Tournament size:      3
Crossover rate:       0.2
Mutation rate:        0.8
Crossovers:
	AligningCrossover_v4(0.15)
Mutations:
	AddGeneMutation(maxSize=2147483647, prob=0.33)
	DeleteGeneMutation(minSize=8, prob=0.33)
	ChangeGeneMutation(prob=0.33)
------------------------------

---- Starting evolution ----
IT	Nanotime	#Eval	#Species	Species size	PopSize	Best	Avg	Worst	Best GRN Size	Avg GRN size	Max GRN size	Min GRN size	Species avgdist2rep
0	559536095154266	997	1	(456:499[0.15],)	499	-44.41	-4639.266813627253	-10000.0	9	9.298	13	8	(0.08603261567624754,)
1	559743607357760	1503	1	(456:501[0.16],)	501	-39.35	-1277.491896207585	-10000.0	10	9.854	14	8	(0.05054733341218226,)
2	559855061607808	2003	2	(456:413[0.15],458:88[0.15],)	501	-39.35	-661.6473852295409	-10000.0	10	10.128	14	8	(0.05281893214348887,0.05368815933681886,)
3	559955528268754	2515	2	(456:198[0.13999999999999999],458:304[0.16],)	502	-39.35	-598.6471115537848	-10000.0	10	9.784	15	8	(0.04975234194035413,0.049443139983516196,)
4	560068214733863	3015	3	(456:203[0.15],458:277[0.15],460:22[0.15],)	502	-39.35	-626.8979083665338	-10000.0	10	10.3	15	8	(0.06871645015626454,0.05904571700020861,0.05612833286617025,)
5	560141414244306	3516	3	(456:281[0.13999999999999999],458:84[0.13999999999999999],460:138[0.16],)	503	-37.21	-417.2297614314114	-10000.0	11	10.158	16	8	(0.04147340163145238,0.04470950505762647,0.048652231055512966,)
6	560228819093441	4016	3	(456:54[0.12999999999999998],458:422[0.15],460:27[0.17],)	503	-37.21	-500.97055666004013	-10000.0	11	9.97	15	8	(0.06302832684472885,0.036724741409440424,0.05041476339667414,)
7	560315610855152	4516	3	(456:231[0.13999999999999999],458:239[0.13999999999999999],460:33[0.18000000000000002],)	503	-36.04	-417.3757057654075	-10000.0	10	11.504	16	8	(0.06703722016998759,0.040320561414568794,0.05233385826548996,)
8	560405505471777	5026	3	(456:124[0.12999999999999998],458:316[0.12999999999999998],460:63[0.19000000000000003],)	503	-36.04	-423.4510337972165	-10000.0	10	11.394	16	8	(0.05540770070142319,0.054695605071592185,0.05019194682978469,)
9	560504728416947	5532	3	(456:284[0.13999999999999999],458:144[0.11999999999999998],460:75[0.20000000000000004],)	503	-36.04	-465.3384691848908	-10000.0	10	11.236	17	8	(0.051621380876056805,0.07167786970134421,0.08789890354102778,)
10	560616136235307	6032	3	(456:85[0.12999999999999998],458:303[0.12999999999999998],460:115[0.21000000000000005],)	503	-36.04	-616.1560039761429	-9983.14	10	10.144	17	8	(0.05617814231723479,0.07248471916234664,0.07734627623415753,)
11	560721662808889	6532	3	(456:205[0.13999999999999999],458:34[0.11999999999999998],460:264[0.22000000000000006],)	503	-36.04	-541.7914512922464	-10000.0	10	10.46	17	8	(0.06495977176953235,0.0857583613349188,0.07588920636779722,)
12	560812058569162	7032	4	(456:118[0.12999999999999998],458:194[0.12999999999999998],460:146[0.21000000000000005],464:45[0.15],)	503	-36.04	-519.9440556660039	-10000.0	10	10.316	17	8	(0.07772928912498257,0.07067071882179449,0.08838184025192576,0.10146175729727032,)
13	560940977492786	7535	4	(456:143[0.13999999999999999],458:145[0.11999999999999998],460:109[0.20000000000000004],464:107[0.16],)	504	-36.04	-641.9511904761904	-9993.85	10	10.504	17	8	(0.09546725873187333,0.07831161712799485,0.11165926461950629,0.057430003578923874,)
14	561039163882413	8035	5	(456:206[0.12999999999999998],458:32[0.10999999999999999],460:113[0.21000000000000005],464:125[0.17],466:28[0.15],)	504	-35.96	-492.55452380952363	-10000.0	10	11.074	18	8	(0.07899013050370342,0.06614829392730734,0.07988957769295252,0.04940544320322537,0.07216120396995959,)
15	561132703586605	8552	5	(456:112[0.11999999999999998],458:125[0.11999999999999998],460:66[0.20000000000000004],464:22[0.16],466:180[0.16],)	505	-35.3	-601.8626930693067	-10000.0	10	10.106	18	8	(0.08455293690341736,0.07634675167847511,0.09016790140651623,0.07098944523226834,0.05198006659203195,)
16	561255851277919	9052	5	(456:67[0.10999999999999999],458:23[0.10999999999999999],460:162[0.21000000000000005],464:22[0.17],466:231[0.15],)	505	-35.3	-639.8020396039605	-10000.0	10	10.292	17	8	(0.06333266350331428,0.07698769748826922,0.08453556030715641,0.05436814747162238,0.06475175530848935,)
17	561363235079611	9556	6	(456:145[0.11999999999999998],458:37[0.11999999999999998],460:120[0.20000000000000004],464:132[0.18000000000000002],466:51[0.13999999999999999],472:20[0.15],)	505	-35.3	-613.0324356435642	-9968.88	10	10.594	17	8	(0.08062698338245622,0.06618914499988654,0.08125838810954417,0.07976832602827975,0.06788761834120012,0.05939445940755418,)
18	561429529167956	10064	7	(456:37[0.10999999999999999],458:62[0.12999999999999998],460:62[0.19000000000000003],464:29[0.17],466:104[0.15],472:186[0.16],474:26[0.15],)	506	-35.3	-409.103438735178	-9901.7	10	9.914	17	8	(0.08429773202282242,0.05306631472155899,0.08169899981808132,0.07057462817594246,0.08418845457905715,0.06717088679750871,0.042637096201344336,)
19	561517082659114	10584	5	(456:133[0.11999999999999998],458:36[0.13999999999999999],460:98[0.20000000000000004],466:163[0.13999999999999999],472:77[0.15],)	507	-35.3	-518.7504536489153	-9985.33	10	10.168	18	8	(0.073657214389975,0.07465560819501293,0.06577464646574499,0.07140518475102356,0.045713729424590434,)
20	561608420059063	11086	5	(456:58[0.10999999999999999],458:134[0.15],460:143[0.21000000000000005],466:122[0.12999999999999998],472:48[0.16],)	505	-35.28	-539.6316237623762	-10000.0	10	10.198	16	8	(0.08153760346361408,0.08101025524446887,0.08365126406838301,0.07757853282833922,0.04890874713542443,)
21	561680258682572	11594	6	(456:194[0.11999999999999998],458:137[0.13999999999999999],460:71[0.20000000000000004],466:55[0.11999999999999998],472:27[0.17],478:21[0.15],)	505	-35.28	-402.88746534653467	-10000.0	10	10.234	17	8	(0.0766877959682817,0.0885215853744925,0.06914438877803292,0.06266566872488044,0.06649508235738318,0.021653058176848244,)
22	561770477793257	12094	6	(456:39[0.10999999999999999],458:53[0.12999999999999998],460:35[0.21000000000000005],466:79[0.12999999999999998],472:184[0.18000000000000002],478:116[0.16],)	506	-35.28	-563.2432411067194	-10000.0	10	9.596	15	8	(0.08109427487074845,0.08294246452706232,0.09304528672886204,0.06725087264947621,0.09007815801739154,0.05203929306772683,)
23	561865303100519	12594	6	(456:74[0.11999999999999998],458:169[0.13999999999999999],460:40[0.22000000000000006],466:77[0.13999999999999999],472:92[0.17],478:54[0.15],)	506	-34.01	-574.50814229249	-9958.37	9	10.116	16	8	(0.08243334255362805,0.0694418566702106,0.0734079576197766,0.0807185694712218,0.07653588100728495,0.05237919203297811,)
24	561991235510197	13105	5	(456:44[0.12999999999999998],460:110[0.23000000000000007],466:105[0.15],472:57[0.16],478:190[0.16],)	506	-34.01	-656.7393478260867	-10000.0	9	10.44	17	8	(0.06306091349862275,0.08287367441416936,0.0992447027876092,0.08987409455371939,0.07427599010493781,)
25	562102390856507	13623	5	(456:133[0.13999999999999999],460:59[0.22000000000000006],466:115[0.13999999999999999],472:45[0.17],478:153[0.15],)	505	-34.01	-568.2443168316832	-10000.0	9	10.354	17	8	(0.08927541239000873,0.09505088713416439,0.08961533474345278,0.08906115678280749,0.07655286639996875,)
26	562226986799520	14138	5	(456:70[0.12999999999999998],466:168[0.12999999999999998],472:127[0.18000000000000002],478:85[0.13999999999999999],483:55[0.15],)	505	-34.01	-739.9438415841586	-9921.32	9	10.11	18	8	(0.08888670700635275,0.09165627317887266,0.09075382131898607,0.09246578066017773,0.10920194962687836,)
27	562325192894687	14643	7	(456:55[0.13999999999999999],466:92[0.11999999999999998],472:52[0.17],478:102[0.15],483:117[0.16],485:66[0.15],487:21[0.15],)	505	-34.01	-540.0137227722773	-9975.76	9	10.314	16	8	(0.0905076603411727,0.08154707532470984,0.04769264340771994,0.08331500267978008,0.08159299951031941,0.10485452596771334,0.0617014017269638,)
28	562470026353133	15178	7	(456:90[0.15],466:59[0.10999999999999999],472:35[0.18000000000000002],478:36[0.13999999999999999],483:114[0.15],485:99[0.16],487:74[0.16],)	507	-33.99	-637.1238658777119	-10000.0	14	10.942	16	8	(0.08081141472605355,0.07817833843042289,0.04849547980752781,0.08099042307452606,0.07848980035975678,0.09300864528788676,0.07624306448513128,)
29	562570885643659	15692	6	(456:59[0.13999999999999999],466:66[0.11999999999999998],472:103[0.19000000000000003],483:124[0.13999999999999999],485:97[0.15],487:58[0.15],)	507	-33.99	-526.3816370808677	-10000.0	14	10.61	17	8	(0.09858495857393995,0.06445182936295492,0.06694386926574121,0.06088485223811493,0.0888882465741273,0.07592396246554999,)
30	562695475262282	16214	6	(456:40[0.15],466:148[0.12999999999999998],472:125[0.18000000000000002],485:64[0.13999999999999999],487:113[0.16],497:16[0.15],)	506	-33.99	-589.7470750988143	-10000.0	14	10.51	16	8	(0.09802677459127476,0.07911009609413061,0.09196367324648444,0.099932835008771,0.05977770712383243,0.07312437112505171,)
31	562832435910469	16722	7	(456:144[0.16],466:61[0.11999999999999998],472:53[0.17],485:71[0.15],487:125[0.15],497:34[0.16],499:18[0.15],)	506	-33.99	-758.7404347826086	-10000.0	14	10.804	16	8	(0.09585972008536983,0.07482709670535583,0.10194312483117958,0.1126880348831921,0.05220251329540954,0.07496882366702107,0.10021612073122443,)
32	562942959318094	17240	7	(456:42[0.15],466:69[0.12999999999999998],472:121[0.18000000000000002],485:29[0.13999999999999999],487:82[0.13999999999999999],497:94[0.17],499:70[0.16],)	507	-33.99	-616.0025838264299	-10000.0	14	10.346	16	8	(0.07704915728605664,0.08215031678648606,0.050772304180564255,0.08805200170124676,0.05125107450826146,0.07336932939858763,0.08765939490064734,)
33	563087715329842	17785	5	(456:72[0.16],466:28[0.13999999999999999],472:103[0.17],487:189[0.12999999999999998],497:115[0.16],)	507	-34.13	-694.865976331361	-10000.0	9	10.366	16	8	(0.09936118199944025,0.10797096111709238,0.07209990546814916,0.08141637644346396,0.06741822829226704,)
34	563171643343702	18302	7	(456:70[0.17],466:116[0.15],472:71[0.16],487:83[0.11999999999999998],497:112[0.15],506:27[0.15],508:26[0.15],)	505	-34.13	-462.4414257425742	-10000.0	9	10.41	16	8	(0.09324988918648985,0.06940014385284675,0.09917666584425854,0.08848029596117586,0.07581677602668506,0.08617795598019551,0.044481978319945555,)
35	563298718573951	18834	7	(456:44[0.18000000000000002],466:73[0.13999999999999999],472:72[0.15],487:142[0.10999999999999999],506:92[0.16],508:31[0.16],512:53[0.15],)	507	-34.13	-609.6514003944774	-10000.0	9	10.982	17	8	(0.1175735187155516,0.07181743725533954,0.0906360637715658,0.0723955231598249,0.07182137893578798,0.072335426679088,0.06796360529208373,)
36	563392009687802	19367	8	(456:160[0.19000000000000003],466:113[0.12999999999999998],472:35[0.13999999999999999],487:49[0.09999999999999999],508:83[0.17],512:21[0.16],518:20[0.15],520:26[0.15],)	507	-34.13	-455.02082840236693	-9953.59	9	11.048	17	8	(0.06836248207206327,0.09296276995055071,0.08863080009931557,0.07145040232942469,0.07125215303440371,0.08422879092290088,0.08385923913345084,0.09198802991118518,)
37	563548135799177	19886	9	(456:105[0.18000000000000002],466:38[0.11999999999999998],472:17[0.15],487:36[0.10999999999999999],508:101[0.16],512:61[0.17],518:49[0.16],520:56[0.16],523:45[0.15],)	508	-34.13	-775.257972440945	-10000.0	9	10.732	18	8	(0.06508251668282183,0.08908718658497447,0.08398074431808661,0.06997899453246738,0.0756536774297869,0.050190155927561236,0.09373547712399634,0.05806003918765718,0.07513213832436146,)
38	563673010325534	20406	9	(456:41[0.17],466:22[0.12999999999999998],472:40[0.16],487:51[0.11999999999999998],508:55[0.15],512:77[0.16],518:117[0.17],520:29[0.15],523:77[0.16],)	509	-33.26	-627.4888408644401	-10000.0	9	10.514	18	8	(0.05608971204625484,0.061309676408992105,0.09908229719850146,0.058953341242663125,0.08867610330921206,0.06656277518260811,0.06783643087746818,0.06786322592859556,0.07078173824739563,)
39	563771059963668	20921	8	(456:89[0.18000000000000002],466:32[0.13999999999999999],472:60[0.17],487:67[0.12999999999999998],508:78[0.13999999999999999],518:45[0.16],520:70[0.16],523:68[0.15],)	509	-33.26	-552.432554027505	-10000.0	9	10.71	18	8	(0.07717428279087657,0.04814875451303751,0.089507436744287,0.0595009000233749,0.0792622985476774,0.09412451682584638,0.06567656774683306,0.07451584380262224,)
40	563930169361978	21451	9	(456:35[0.17],466:44[0.15],472:62[0.18000000000000002],487:100[0.11999999999999998],508:42[0.12999999999999998],520:83[0.15],523:27[0.13999999999999999],530:85[0.15],532:30[0.15],)	508	-33.26	-769.2288188976377	-10000.0	9	10.438	18	8	(0.07964989803190911,0.05079172417728108,0.07518934986099547,0.062438336959828034,0.06082216564025683,0.06876460875986293,0.04661025040190672,0.07633873320577306,0.10457145571240001,)
41	564065163589632	21956	8	(456:54[0.18000000000000002],466:40[0.16],472:64[0.17],508:74[0.13999999999999999],520:46[0.13999999999999999],523:126[0.15],530:59[0.13999999999999999],532:46[0.16],)	509	-33.26	-681.9466601178783	-10000.0	9	11.236	19	8	(0.052099114954372965,0.07396713853087163,0.09591499072111823,0.0690835870746129,0.07370148658179981,0.10158013901264504,0.06467865924120794,0.07392037406601806,)
42	564174925896988	22489	6	(456:135[0.19000000000000003],508:34[0.12999999999999998],520:53[0.15],523:87[0.13999999999999999],530:35[0.15],532:164[0.17],)	508	-32.37	-595.5242716535435	-10000.0	9	10.468	18	8	(0.08136950096559864,0.07099733093502793,0.07691328052140159,0.06527204808043467,0.09218520859637755,0.059776108831200554,)
43	564304657233918	23005	7	(456:47[0.18000000000000002],508:152[0.13999999999999999],520:69[0.16],523:107[0.12999999999999998],530:51[0.16],532:59[0.16],538:21[0.15],)	506	-32.37	-722.6854545454545	-10000.0	9	10.654	18	8	(0.08655699285945426,0.08637185883409826,0.08167007336215404,0.0660159354185096,0.07335698064059949,0.07513909561188362,0.07907460665971822,)
44	564447295580433	23543	6	(456:82[0.19000000000000003],508:53[0.12999999999999998],520:44[0.17],523:51[0.11999999999999998],530:153[0.17],532:124[0.17],)	507	-32.37	-726.7329585798817	-9999.77	9	10.022	18	8	(0.07702719194938845,0.08275675195732268,0.06882506874240674,0.07352619829020006,0.08296824745068603,0.08754589566255924,)
45	564549579359112	24057	6	(456:39[0.20000000000000004],508:54[0.13999999999999999],520:132[0.18000000000000002],523:198[0.12999999999999998],530:19[0.16],532:64[0.16],)	506	-32.37	-587.7410869565217	-10000.0	9	10.152	15	8	(0.08255927067813107,0.07355675652037201,0.07032810131124764,0.07449997381372783,0.09810114779655488,0.06801785202088376,)
46	564645795562340	24563	6	(456:100[0.21000000000000005],508:63[0.15],520:76[0.17],523:42[0.11999999999999998],530:92[0.17],532:133[0.17],)	506	-32.37	-625.8298023715415	-10000.0	9	9.696	16	8	(0.10425793274119417,0.08738058177412553,0.06886566407153986,0.08580460045702389,0.06456755890893198,0.075216397005372,)
47	564780389906829	25074	8	(456:113[0.20000000000000004],508:62[0.16],520:49[0.18000000000000002],523:90[0.12999999999999998],530:69[0.16],532:83[0.16],550:16[0.15],553:24[0.15],)	506	-32.37	-851.8291304347827	-10000.0	9	9.66	14	8	(0.11314349879613263,0.09438290298717573,0.07841630478524338,0.0758607948050748,0.09857451630892389,0.06905555667949576,0.09335797777903336,0.08802467942194732,)
48	564900062103180	25602	8	(456:34[0.19000000000000003],508:86[0.15],520:64[0.19000000000000003],523:65[0.11999999999999998],532:31[0.15],550:62[0.16],553:144[0.16],555:22[0.15],)	508	-32.37	-715.6516732283463	-10000.0	9	9.9	14	8	(0.10642423580968953,0.04968165127983751,0.07706406223967292,0.0663972047475615,0.07932599119584585,0.11031822412909982,0.10839181720324835,0.08785027946920658,)
49	565012490038520	26113	8	(456:42[0.20000000000000004],508:49[0.13999999999999999],520:80[0.18000000000000002],523:27[0.10999999999999999],532:33[0.16],550:43[0.15],553:41[0.15],555:193[0.16],)	508	-32.37	-653.7417519685038	-10000.0	9	10.208	15	8	(0.08413338798876298,0.08234570126220417,0.07859206810936127,0.065426072095569,0.0686706192258821,0.052658321384439793,0.10353822721183827,0.051993208864477065,)
50	565134161597590	26614	8	(456:60[0.21000000000000005],508:73[0.15],520:79[0.17],523:51[0.11999999999999998],532:58[0.17],550:39[0.16],553:63[0.16],555:85[0.15],)	508	-32.37	-706.5659645669291	-9989.12	9	9.996	15	8	(0.07636581295784116,0.0766786107815749,0.07509872882147835,0.07582282652729883,0.07688630985491204,0.06250986464731856,0.05641663889719122,0.07677914496326647,)
51	565231244845662	27114	9	(456:54[0.22000000000000006],508:86[0.13999999999999999],520:91[0.16],523:47[0.12999999999999998],532:19[0.18000000000000002],550:86[0.17],553:58[0.15],555:43[0.13999999999999999],559:24[0.15],)	508	-32.37	-577.5477362204723	-10000.0	9	9.938	14	8	(0.060284858182136795,0.08623844496908174,0.09644749922636689,0.08204024436009531,0.1259461536855106,0.07224861063987333,0.06671505543592095,0.07551454520786455,0.06110199923179815,)
52	565340726613466	27633	7	(456:126[0.23000000000000007],520:106[0.15],523:77[0.13999999999999999],532:72[0.19000000000000003],550:26[0.16],553:57[0.13999999999999999],559:45[0.16],)	509	-31.63	-666.2981335952849	-10000.0	9	9.922	14	8	(0.0744909193655856,0.09525247954842778,0.06834847965701228,0.062301244247617044,0.09174352723428734,0.07785978673471661,0.07408661969080389,)
53	565461854787839	28134	8	(456:73[0.22000000000000006],520:26[0.13999999999999999],523:101[0.12999999999999998],532:74[0.18000000000000002],550:90[0.17],553:21[0.15],559:103[0.17],561:19[0.15],)	507	-31.63	-715.9500197238658	-10000.0	9	10.032	14	8	(0.10639010085211402,0.060455786762214095,0.09476872957673543,0.10023592640708988,0.10487722710154422,0.07133051542118386,0.12062019185795864,0.11008771201988084,)
54	565572783614723	28653	7	(520:49[0.15],523:67[0.11999999999999998],532:82[0.17],550:88[0.16],553:32[0.16],559:51[0.16],561:139[0.16],)	508	-31.63	-627.7179724409451	-10000.0	9	10.252	15	8	(0.08109394358560056,0.045206955512860914,0.07590142227056769,0.08309175228992881,0.04497311947480008,0.05766042579556471,0.0589699915765979,)
55	565725383946830	29187	6	(520:111[0.16],523:136[0.12999999999999998],532:37[0.16],550:74[0.15],559:30[0.17],561:119[0.15],)	507	-32.13	-799.3853648915187	-10000.0	13	10.21	15	8	(0.07368855323589223,0.06014435310531563,0.06647855832237988,0.07520820416650122,0.09137766872012712,0.06700643029962457,)
56	565864324351482	29692	6	(520:85[0.15],523:57[0.11999999999999998],532:22[0.17],550:117[0.16],559:116[0.18000000000000002],561:109[0.13999999999999999],)	506	-31.56	-765.7112450592886	-10000.0	9	10.08	15	8	(0.06399201069792798,0.06372062725904926,0.0775196474557389,0.07645140772483366,0.0708700097127066,0.06566145837459805,)
57	566002646536438	30219	8	(520:62[0.13999999999999999],523:111[0.12999999999999998],532:75[0.18000000000000002],550:65[0.15],559:61[0.17],561:68[0.12999999999999998],574:23[0.15],575:41[0.15],)	506	-31.56	-665.0234980237153	-10000.0	9	10.244	16	8	(0.06467694989069595,0.07286557342214844,0.07269331664072011,0.0912821035489091,0.0679733808401997,0.09418703666317417,0.07346240980483593,0.06723809572723424,)
58	566076300504384	30726	7	(520:31[0.12999999999999998],523:32[0.11999999999999998],532:100[0.17],550:68[0.13999999999999999],559:123[0.18000000000000002],561:80[0.11999999999999998],575:74[0.16],)	508	-31.56	-451.3763976377952	-10000.0	9	10.238	15	8	(0.07304826533014684,0.06356874428433718,0.06842248782815162,0.06351665901564921,0.06370340383911098,0.06892032861444233,0.08186690373881518,)
59	566182881776478	31261	6	(520:115[0.13999999999999999],523:64[0.12999999999999998],550:98[0.15],559:114[0.17],561:85[0.10999999999999999],579:31[0.15],)	507	-31.73	-579.9532149901379	-10000.0	8	10.246	14	8	(0.056591120870644974,0.07088842327761063,0.08891073573337874,0.06453234274290469,0.06665136374963547,0.06216516111637344,)
60	566325134028593	31797	6	(520:58[0.12999999999999998],523:61[0.13999999999999999],550:52[0.13999999999999999],559:92[0.16],561:68[0.09999999999999999],579:175[0.16],)	506	-31.48	-808.959347826087	-10000.0	9	9.966	14	8	(0.07618919515460713,0.07960034571578552,0.06722239118028037,0.08696822292270306,0.057654240181361616,0.059062902811842566,)
61	566449067891767	32313	8	(520:25[0.13999999999999999],523:54[0.15],550:94[0.15],559:55[0.15],561:58[0.10999999999999999],579:162[0.15],590:26[0.15],591:32[0.15],)	506	-31.48	-660.2574110671937	-10000.0	9	10.224	15	8	(0.09914538308109712,0.08045615009877054,0.08368172639784875,0.08202965025413286,0.0663124762100385,0.06503778051869326,0.07182024090345768,0.09068171165414307,)
62	566592161967552	32827	8	(520:49[0.15],523:95[0.16],550:73[0.13999999999999999],559:30[0.16],561:76[0.11999999999999998],579:50[0.13999999999999999],590:75[0.16],591:60[0.16],)	508	-30.6	-723.0473818897639	-10000.0	12	10.69	16	8	(0.05367956369683927,0.059344265283143946,0.05758532331301922,0.0996908157597116,0.07336351107837681,0.06723314064968924,0.06170817606271391,0.06040517918578978,)
63	566759386493961	33351	8	(520:38[0.16],523:84[0.15],550:75[0.12999999999999998],559:88[0.17],561:45[0.10999999999999999],579:49[0.15],591:75[0.17],600:54[0.15],)	508	-30.6	-839.7628543307086	-10000.0	12	10.516	15	8	(0.07267145552764939,0.07195342848290306,0.07488081712377505,0.08102185083791001,0.05760022979375302,0.08357545990008762,0.0698782987044555,0.08968564306830584,)
64	566884348038977	33879	8	(520:38[0.17],523:30[0.13999999999999999],550:138[0.11999999999999998],561:33[0.11999999999999998],579:92[0.16],591:130[0.16],600:26[0.16],603:21[0.15],)	508	-30.6	-623.35718503937	-10000.0	12	10.53	16	8	(0.1073859069910333,0.06505290033238549,0.05016052407085847,0.05634685231362082,0.08843820600821176,0.06470351535233422,0.07719847997446644,0.09698408240715822,)
65	567000517231580	34379	9	(520:81[0.18000000000000002],523:77[0.15],550:31[0.10999999999999999],561:27[0.12999999999999998],579:38[0.15],591:141[0.15],600:21[0.17],603:67[0.16],607:25[0.15],)	508	-30.6	-669.825472440945	-9990.64	12	10.608	16	8	(0.07644470901078425,0.08603047965336319,0.06236832274785472,0.05961322806951292,0.09193767521659792,0.0749423918198463,0.08808537577029564,0.06588623429972217,0.07737014419352416,)
66	567116247692714	34883	9	(520:37[0.17],523:35[0.13999999999999999],550:62[0.11999999999999998],561:82[0.13999999999999999],579:95[0.16],591:41[0.13999999999999999],600:76[0.18000000000000002],603:56[0.15],607:25[0.16],)	509	-30.6	-734.7864833005893	-10000.0	12	10.042	16	8	(0.08017079283790816,0.07267218150932436,0.07068912731389577,0.06701320452372486,0.09643575022843807,0.09369718854221415,0.07651166588196574,0.07697292329054921,0.07377102657542456,)
67	567277194444774	35389	9	(520:43[0.18000000000000002],523:71[0.15],550:18[0.10999999999999999],561:59[0.12999999999999998],579:41[0.15],591:95[0.15],600:41[0.17],603:54[0.13999999999999999],607:87[0.17],)	509	-30.6	-809.1150098231827	-9982.54	12	10.378	16	8	(0.07060194940094439,0.06914099669387644,0.0728806868105259,0.0756787846485928,0.08728548076346408,0.0844297652832538,0.08285906172033858,0.07864129446932631,0.05606346641174643,)
68	567393489433480	35894	10	(520:48[0.19000000000000003],523:56[0.13999999999999999],550:78[0.11999999999999998],561:64[0.11999999999999998],579:41[0.16],591:46[0.13999999999999999],600:21[0.18000000000000002],603:45[0.15],607:85[0.16],614:25[0.15],)	509	-30.6	-654.2695088408645	-10000.0	12	10.212	16	8	(0.07703832660715416,0.05273691433409259,0.07575497031593437,0.050018269694371675,0.07606894029643102,0.07240478128337388,0.10578534600621092,0.08746751407822229,0.08599769928639363,0.08124559679834242,)
69	567535094293087	36419	9	(520:95[0.20000000000000004],523:48[0.12999999999999998],550:81[0.10999999999999999],561:31[0.10999999999999999],579:67[0.17],591:17[0.15],603:25[0.16],614:124[0.16],615:22[0.15],)	510	-30.6	-823.695588235294	-10000.0	12	10.576	16	8	(0.08034489008908505,0.05612324825252421,0.06863052107483712,0.0760395165724832,0.08301860459559415,0.07043651437779704,0.09150194749701443,0.060586159808233085,0.09404830882497098,)
70	567657373581589	36955	9	(520:77[0.19000000000000003],550:58[0.09999999999999999],561:100[0.11999999999999998],579:20[0.16],591:39[0.16],614:88[0.15],615:34[0.16],616:23[0.15],617:70[0.15],)	509	-30.36	-581.3277013752454	-10000.0	8	10.008	17	8	(0.05906267170293867,0.06710113206469279,0.06267794757301778,0.09099189789328321,0.07082102335157191,0.0704461596423121,0.0877970053509043,0.061702458530611404,0.08475698004284324,)
71	567785979745428	37464	8	(520:37[0.18000000000000002],550:18[0.09],561:72[0.10999999999999999],579:86[0.17],591:105[0.17],614:50[0.13999999999999999],616:40[0.16],617:101[0.13999999999999999],)	509	-30.36	-806.3357760314342	-10000.0	8	10.006	18	8	(0.07992866448740314,0.0596921037401017,0.058130141792958355,0.043743847648471966,0.073673994114015,0.08666475241878537,0.10496485987899021,0.04732486174750091,)
72	567907648068221	37983	8	(520:38[0.19000000000000003],550:135[0.09999999999999999],561:41[0.09999999999999999],579:61[0.16],591:27[0.16],614:53[0.15],616:43[0.17],617:110[0.12999999999999998],)	508	-30.36	-642.2197440944883	-10000.0	8	10.082	18	8	(0.08832819038822305,0.059842441288410396,0.04985865960068444,0.04719692428335772,0.0966621130389994,0.0724532252714474,0.0581899349146815,0.06925248504640373,)
73	568050574384169	38484	8	(520:77[0.20000000000000004],550:16[0.09],561:70[0.10999999999999999],579:49[0.17],591:48[0.17],614:108[0.16],616:79[0.18000000000000002],617:61[0.11999999999999998],)	508	-30.36	-809.5793307086615	-10000.0	8	10.47	19	8	(0.06327550410312946,0.06176555532329178,0.06615346918301815,0.08636259117983254,0.07413770933816051,0.10085416160287801,0.0704615717562645,0.07129535235297357,)
74	568184353961844	38986	8	(520:36[0.19000000000000003],550:100[0.09999999999999999],561:41[0.09999999999999999],579:28[0.18000000000000002],591:67[0.18000000000000002],614:25[0.15],616:16[0.17],617:195[0.12999999999999998],)	508	-30.36	-773.7691338582677	-10000.0	8	10.12	17	8	(0.12556983352182724,0.05690168980171364,0.04428485792844336,0.08559202515880407,0.09845256916320541,0.06758380203257448,0.08280655619543101,0.07503063433201655,)
75	568345739522039	39494	8	(520:106[0.20000000000000004],550:64[0.09],561:71[0.10999999999999999],579:84[0.19000000000000003],591:54[0.17],614:51[0.16],616:51[0.18000000000000002],617:27[0.11999999999999998],)	508	-30.36	-773.9964173228346	-10000.0	8	10.522	16	8	(0.06651678762012045,0.0625749723155359,0.045759356110851204,0.06897871645500812,0.11787353382884182,0.11495507063505281,0.056504762587305774,0.08141941694112981,)
76	568510816627800	40014	8	(520:104[0.19000000000000003],550:35[0.08],561:31[0.09999999999999999],579:29[0.18000000000000002],591:78[0.18000000000000002],614:29[0.17],616:128[0.19000000000000003],617:74[0.12999999999999998],)	508	-30.07	-768.2755708661418	-10000.0	10	11.0	16	8	(0.09178515116705922,0.04677830507230969,0.06363341373346663,0.13279607939976265,0.0743451050420151,0.08057408890556773,0.06214971641487211,0.06279939949179743,)
77	568628630423540	40527	6	(520:155[0.18000000000000002],550:23[0.09],561:58[0.10999999999999999],591:67[0.17],614:125[0.18000000000000002],616:80[0.18000000000000002],)	508	-30.07	-589.3582283464565	-10000.0	10	10.714	16	8	(0.11417097215209411,0.06876530830799538,0.037482162270162496,0.0927674746607079,0.06141741315769274,0.07353367887500532,)
78	568746383903823	41028	8	(520:133[0.17],550:34[0.09999999999999999],561:73[0.11999999999999998],591:30[0.18000000000000002],614:68[0.17],616:108[0.19000000000000003],632:29[0.15],633:31[0.15],)	506	-30.07	-597.065652173913	-10000.0	10	10.934	16	8	(0.06766245129936717,0.07527556230772448,0.054960673976711,0.08969534452645302,0.10631871807821117,0.07025697376614007,0.097065102071866,0.08360106054182735,)
79	568896185057640	41562	8	(520:27[0.16],561:99[0.10999999999999999],591:89[0.19000000000000003],614:49[0.16],616:59[0.18000000000000002],632:85[0.16],633:73[0.16],637:27[0.15],)	508	-30.07	-770.8014173228346	-10000.0	10	10.88	15	8	(0.103406996676268,0.07079687845890303,0.09459839620644163,0.0932957965154498,0.07968278211081253,0.06993309947910419,0.06860987718785927,0.09365787015312793,)
80	569054920911220	42064	8	(520:67[0.17],561:73[0.09999999999999999],591:49[0.18000000000000002],614:121[0.17],616:59[0.19000000000000003],632:50[0.15],633:37[0.15],637:52[0.16],)	508	-30.07	-885.0888779527562	-10000.0	10	11.184	16	8	(0.09060629930172558,0.06442715387704553,0.0796628756104146,0.0794798059839703,0.06899967349754817,0.06329431622750682,0.0703875249312605,0.09225555352242609,)
81	569177206050210	42564	8	(520:70[0.16],561:64[0.09],591:117[0.19000000000000003],614:77[0.16],616:22[0.20000000000000004],632:78[0.16],633:47[0.16],637:33[0.17],)	508	-30.07	-675.3340157480316	-10000.0	10	10.842	16	8	(0.07527766410617716,0.05840450951636591,0.0968941115145992,0.056172782065975556,0.09506553883821893,0.06310811036424165,0.10580689660829103,0.07909522670216068,)
82	569310972885620	43096	6	(520:73[0.15],561:101[0.08],591:69[0.18000000000000002],614:90[0.15],632:116[0.15],633:59[0.17],)	508	-30.07	-631.5655314960629	-10000.0	10	11.038	17	8	(0.058298260223166164,0.03738730369170605,0.08262226251107847,0.1054284355855292,0.07614729850310291,0.07074795737554264,)
83	569463867097282	43610	6	(520:88[0.16],561:36[0.07],591:40[0.19000000000000003],614:118[0.13999999999999999],632:62[0.13999999999999999],633:162[0.18000000000000002],)	506	-30.07	-682.3221541501977	-9948.35	10	10.802	18	8	(0.09462072963800926,0.04105281035909592,0.09084545916690258,0.07852653064835237,0.08134209870715015,0.06305616392088244,)
84	569574175450932	44110	7	(520:58[0.15],561:50[0.08],591:89[0.20000000000000004],614:70[0.12999999999999998],632:66[0.15],633:152[0.17],644:21[0.15],)	506	-30.07	-586.5824703557314	-10000.0	10	10.884	18	8	(0.057516422038471036,0.0563317742316469,0.056237824997806864,0.07484578594777998,0.10293970539342047,0.09097202906536893,0.0975949471121861,)
85	569704535579729	44610	7	(520:98[0.16],561:63[0.09],591:34[0.19000000000000003],614:44[0.13999999999999999],632:32[0.16],633:117[0.16],644:119[0.16],)	507	-30.07	-720.9732544378699	-9980.72	10	10.92	19	8	(0.06627590394362005,0.050136477883883424,0.08600700118924544,0.08541201836332608,0.10322520824674494,0.06952910779889299,0.06672303303006472,)
86	569860858445735	45115	7	(520:76[0.15],561:79[0.09999999999999999],591:60[0.20000000000000004],614:34[0.15],632:63[0.17],633:103[0.15],644:92[0.15],)	507	-30.07	-768.2773570019724	-10000.0	10	11.202	20	8	(0.08473682336869359,0.06151194663848008,0.07703904852907142,0.08840401674081771,0.08867966081132157,0.06960704527909684,0.08544197369379507,)
87	570010301143207	45623	8	(520:29[0.13999999999999999],561:82[0.09],591:47[0.21000000000000005],614:67[0.16],632:86[0.18000000000000002],633:61[0.13999999999999999],644:87[0.13999999999999999],648:48[0.15],)	507	-30.07	-745.352899408284	-9989.1	10	11.066	20	8	(0.08641026877641966,0.05526015065310171,0.08339463657808206,0.07628021927989596,0.07699585438362373,0.07422817244187564,0.06107533751881409,0.060159589003006726,)
88	570172719424928	46136	7	(520:56[0.15],561:71[0.08],591:117[0.22000000000000006],614:62[0.15],633:93[0.15],644:21[0.12999999999999998],648:88[0.16],)	508	-30.07	-821.4107283464566	-10000.0	10	10.824	20	8	(0.08387888306118918,0.05735011949604086,0.07130121680717416,0.07754325652330843,0.07164683150756732,0.08401713063426577,0.07253894217173086,)
89	570296590983815	46648	6	(561:26[0.07],591:155[0.21000000000000005],614:114[0.16],633:40[0.13999999999999999],644:16[0.13999999999999999],648:156[0.15],)	507	-30.07	-622.7692899408285	-10000.0	10	11.228	20	8	(0.046484756032934824,0.08738501565437407,0.08003331026382883,0.0810636489122734,0.07323279462838843,0.08586640838806368,)
90	570429073868048	47162	6	(561:62[0.08],591:90[0.20000000000000004],614:86[0.15],633:69[0.15],644:58[0.15],648:141[0.13999999999999999],)	506	-30.07	-578.9961462450594	-9982.75	10	11.418	18	8	(0.0623668135516253,0.09302594942834289,0.09761380744321291,0.08915071641703438,0.04809376930645926,0.09292010319688365,)
91	570565475735588	47689	7	(561:80[0.09],591:85[0.19000000000000003],614:47[0.13999999999999999],633:119[0.16],644:55[0.16],648:61[0.12999999999999998],655:59[0.15],)	506	-30.07	-629.5167391304346	-10000.0	10	11.078	17	8	(0.054808738818646216,0.08750196349994477,0.06775170860621108,0.08399477015367578,0.04318632764375275,0.08385494318117587,0.06030544789556967,)
92	570749470486245	48197	7	(561:90[0.08],591:69[0.18000000000000002],614:76[0.15],633:82[0.15],644:83[0.17],648:46[0.13999999999999999],655:61[0.16],)	507	-30.07	-903.3349704142012	-10000.0	10	10.96	18	8	(0.05275395847994449,0.10923733532335558,0.10429199515416586,0.08292644370892598,0.07781932952694658,0.08830774188117635,0.09418363211945918,)
93	570908797007285	48702	7	(561:39[0.07],591:49[0.19000000000000003],614:147[0.13999999999999999],633:70[0.13999999999999999],644:70[0.16],648:110[0.15],655:22[0.17],)	507	-30.07	-748.8064891518737	-10000.0	10	10.976	19	8	(0.04764131510438316,0.08508442515047465,0.09479113139933595,0.06729018101732673,0.08182126811830466,0.09726095813956859,0.07846125328859814,)
94	571050104165808	49202	7	(561:52[0.08],591:96[0.20000000000000004],614:60[0.12999999999999998],633:125[0.15],644:73[0.17],648:49[0.13999999999999999],655:52[0.18000000000000002],)	507	-30.07	-724.7697435897436	-10000.0	10	10.832	16	8	(0.05097511836289586,0.09072975213178604,0.07943162095206975,0.07088157148685498,0.0982146815800211,0.08424327543637039,0.05921674858013181,)
95	571176600669290	49735	8	(561:51[0.09],591:30[0.19000000000000003],614:50[0.13999999999999999],633:119[0.13999999999999999],644:47[0.16],648:86[0.15],655:101[0.19000000000000003],668:23[0.15],)	507	-30.07	-635.4799408284023	-9927.26	10	10.888	16	8	(0.055693597063186,0.13824884592459027,0.10871929084654745,0.05858868083027026,0.07456493614500592,0.08457460787789507,0.07401747072123739,0.06797594258002113,)
96	571283195431554	50264	8	(561:24[0.09999999999999999],591:42[0.20000000000000004],614:32[0.15],633:74[0.12999999999999998],644:93[0.17],648:74[0.13999999999999999],655:102[0.18000000000000002],668:67[0.16],)	508	-30.07	-506.22744094488183	-9998.13	10	10.478	17	8	(0.07068229967521032,0.07866683967072016,0.08008903491195343,0.07018925346772174,0.04612892007449759,0.10348027729285596,0.08681564759054827,0.09250613751304129,)
97	571417085897014	50774	7	(561:77[0.10999999999999999],591:127[0.21000000000000005],614:24[0.16],644:96[0.16],648:37[0.12999999999999998],655:93[0.17],668:54[0.15],)	508	-30.07	-678.4923031496062	-10000.0	10	10.684	18	8	(0.0773111191529207,0.11535916664392032,0.10651811616408179,0.06236574817457954,0.08246682735971649,0.09224561130253854,0.07383577372177609,)
98	571532413783503	51277	10	(561:76[0.09999999999999999],591:41[0.20000000000000004],614:25[0.17],644:79[0.15],648:100[0.13999999999999999],655:24[0.16],668:33[0.16],675:80[0.15],676:31[0.15],677:18[0.15],)	507	-30.07	-628.7322879684416	-10000.0	10	10.784	19	8	(0.05939824548016386,0.12352166217540966,0.08168528148204597,0.056825157814246234,0.07324866486708953,0.10727706300517216,0.05133052076484655,0.0727844836975389,0.07047041910633935,0.06286984627016726,)
99	571681748308499	51792	9	(561:42[0.09],591:46[0.21000000000000005],614:20[0.18000000000000002],644:60[0.13999999999999999],648:83[0.12999999999999998],655:51[0.17],668:62[0.17],676:22[0.16],677:124[0.16],)	510	-30.07	-729.1043333333331	-10000.0	10	11.268	17	8	(0.051236066370055365,0.09271470009896755,0.09850010757997997,0.05713783771005776,0.07767421339558955,0.07243150944526884,0.06250138178141942,0.11013468708891434,0.0576472685682388,)
100	571806445787016	52292	9	(561:44[0.09999999999999999],591:64[0.22000000000000006],614:53[0.19000000000000003],644:41[0.12999999999999998],648:33[0.11999999999999998],655:104[0.18000000000000002],668:86[0.16],676:59[0.17],677:25[0.15],)	509	-30.07	-728.7991355599214	-10000.0	10	10.71	17	8	(0.0682553108674624,0.08784674029879956,0.1052365022940525,0.05607784500595288,0.06958275145588742,0.08194069674509079,0.0605575891354055,0.06479441885739208,0.07866447546534851,)
101	571922711264337	52814	8	(591:60[0.21000000000000005],614:67[0.20000000000000004],644:46[0.13999999999999999],648:62[0.12999999999999998],655:62[0.17],668:55[0.15],676:111[0.16],677:46[0.16],)	509	-30.07	-669.1018467583497	-9963.04	10	10.544	18	8	(0.11325959205902225,0.0950991205814199,0.06886428051957043,0.08793468118789358,0.10362848995837647,0.06669382274895617,0.10528528260396294,0.07215605228125337,)
102	572084831136426	53327	7	(591:184[0.22000000000000006],644:59[0.15],648:56[0.11999999999999998],655:31[0.16],668:44[0.16],676:107[0.15],677:27[0.17],)	508	-30.07	-839.2995669291341	-10000.0	10	10.704	17	8	(0.07545605107450658,0.05585156187438699,0.06286360324500383,0.09674843130434418,0.09500716504839707,0.08527098034867565,0.09375682754747071,)
103	572180267443043	53827	8	(591:54[0.21000000000000005],644:75[0.16],648:102[0.12999999999999998],655:51[0.17],668:62[0.17],676:79[0.13999999999999999],677:68[0.18000000000000002],683:16[0.15],)	507	-30.07	-505.6012623274162	-10000.0	10	10.986	17	8	(0.08086944100290153,0.05516129311902926,0.06898433807151949,0.07863076136226298,0.10464834414737768,0.09196558002896695,0.0803862619695621,0.07804578861349348,)
104	572336179007959	54341	8	(591:25[0.22000000000000006],644:83[0.15],648:82[0.11999999999999998],655:73[0.18000000000000002],668:62[0.16],676:70[0.12999999999999998],677:33[0.17],683:80[0.16],)	508	-29.97	-843.6244881889763	-10000.0	9	10.528	16	8	(0.117381356376897,0.05897889875134763,0.07742896122117496,0.06952229038345159,0.06652200044448245,0.09877742239641583,0.08465680381106815,0.08891176477910075,)
105	572500383835571	54850	8	(591:70[0.23000000000000007],644:74[0.13999999999999999],648:69[0.10999999999999999],655:76[0.17],668:45[0.15],676:95[0.11999999999999998],677:35[0.18000000000000002],683:44[0.15],)	508	-29.97	-850.9188582677165	-10000.0	9	10.464	17	8	(0.11796090678704499,0.06552449738253109,0.0595202231582842,0.07041539470338365,0.0717990694142306,0.07879130401000153,0.07294972080127977,0.0973162942155063,)
106	572614038983550	55352	10	(591:21[0.22000000000000006],644:60[0.12999999999999998],648:37[0.09999999999999999],655:74[0.16],668:80[0.16],676:67[0.10999999999999999],677:40[0.19000000000000003],683:50[0.16],687:43[0.15],688:36[0.15],)	508	-29.97	-626.6111417322835	-10000.0	9	10.596	18	8	(0.1245159583586624,0.07761903394716513,0.05566890276085535,0.10986613506360028,0.062449926964368664,0.07945298182444102,0.0869704368284494,0.06348346568182407,0.07044499967999883,0.06699523397006185,)
107	572722069321508	55863	9	(591:52[0.23000000000000007],648:34[0.10999999999999999],655:83[0.15],668:62[0.15],676:52[0.09999999999999999],677:54[0.20000000000000004],683:70[0.15],687:33[0.16],688:70[0.16],)	510	-29.97	-586.6927058823529	-10000.0	9	10.26	18	8	(0.11871387486784744,0.051922896333879254,0.09474941105444312,0.09865597633503895,0.06538297357714838,0.08495663233697179,0.06416352801665759,0.07133935711558452,0.09452935072113455,)
108	572855878443050	56363	9	(591:55[0.24000000000000007],648:38[0.11999999999999998],655:80[0.13999999999999999],668:23[0.13999999999999999],676:29[0.10999999999999999],677:24[0.21000000000000005],683:28[0.13999999999999999],687:101[0.17],688:131[0.15],)	509	-29.97	-865.9130058939097	-9997.18	9	10.422	19	8	(0.08159676217570153,0.051141369494395794,0.06887124007324139,0.08587792277246446,0.08514830715564638,0.12019325045924421,0.1034290205831655,0.09087321410646124,0.051284281508822305,)
109	572982660897000	56873	9	(591:137[0.23000000000000007],648:58[0.12999999999999998],655:56[0.12999999999999998],668:36[0.15],676:38[0.11999999999999998],677:38[0.22000000000000006],683:25[0.15],687:80[0.16],688:41[0.13999999999999999],)	509	-29.97	-706.2837917485266	-10000.0	9	10.314	19	8	(0.10332377388320316,0.08502362686191166,0.07269814987102874,0.11141283192860259,0.08791968646029094,0.09062970764324542,0.09465045379520612,0.10442387242367017,0.08315850937409278,)
110	573113390284769	57383	8	(591:102[0.22000000000000006],648:29[0.11999999999999998],655:83[0.11999999999999998],668:71[0.16],676:91[0.12999999999999998],677:84[0.23000000000000007],687:17[0.15],688:32[0.15],)	509	-29.97	-744.9684282907664	-10000.0	9	10.506	19	8	(0.13722609119773918,0.06926284559635659,0.06015672726630628,0.06618532549417372,0.0661270917776861,0.05689217364171791,0.10764552892258704,0.08905949344496296,)
111	573245594571298	57900	9	(591:53[0.21000000000000005],648:90[0.12999999999999998],655:25[0.10999999999999999],668:30[0.15],676:23[0.11999999999999998],677:137[0.22000000000000006],687:17[0.16],688:85[0.16],695:48[0.15],)	508	-29.97	-665.4437992125984	-9941.54	9	10.324	18	8	(0.14944516860186566,0.10318372281017896,0.09004495673712527,0.10082631832667843,0.09743224864634702,0.12545199000858032,0.09198115156494317,0.09748365470093752,0.10550815017266695,)
112	573343877924377	58408	9	(591:33[0.22000000000000006],648:42[0.11999999999999998],655:95[0.11999999999999998],668:74[0.16],677:25[0.21000000000000005],687:105[0.17],688:49[0.15],695:37[0.16],698:49[0.15],)	509	-29.97	-623.2938899803536	-10000.0	9	9.828	19	8	(0.12402695607210092,0.08552714007506644,0.07924814672653373,0.06478074698657806,0.11177263297177253,0.07518921175265873,0.09520666931961128,0.09259887658482116,0.08478013135862224,)
113	573472164914925	58926	9	(591:40[0.23000000000000007],648:107[0.12999999999999998],655:44[0.10999999999999999],668:91[0.15],677:28[0.22000000000000006],687:49[0.16],688:49[0.16],695:31[0.17],698:70[0.16],)	509	-29.97	-767.3243418467584	-9979.88	9	9.89	20	8	(0.13524701028340141,0.08188749975789866,0.06146249553701711,0.05836583482074967,0.15436606351556303,0.11107755066879549,0.07535555391018435,0.0918917236924227,0.07362433024367745,)
114	573611175611845	59436	9	(591:35[0.24000000000000007],648:46[0.11999999999999998],655:30[0.11999999999999998],668:78[0.13999999999999999],687:65[0.17],688:64[0.17],695:79[0.18000000000000002],698:76[0.15],703:36[0.15],)	509	-29.97	-837.4083889980355	-10000.0	9	9.952	18	8	(0.07029296512959286,0.07186256012520502,0.06670817765615815,0.059240074542458526,0.08935915908380994,0.06294583804445182,0.1010862967651863,0.07435573521553977,0.10253096296238155,)
115	573775360347286	59989	10	(591:59[0.25000000000000006],648:36[0.12999999999999998],655:87[0.12999999999999998],668:25[0.12999999999999998],687:23[0.16],688:70[0.16],695:45[0.17],698:70[0.13999999999999999],703:64[0.16],710:30[0.15],)	509	-29.97	-910.1779174852652	-10000.0	9	9.806	14	8	(0.12242031465739243,0.09211635949569918,0.08952421151327268,0.055626747261176765,0.09192929600374491,0.08276792891921492,0.12563223425992667,0.07646839075903636,0.07287381127942427,0.10804564169815213,)
116	573874824958805	60506	10	(591:61[0.24000000000000005],648:57[0.13999999999999999],655:58[0.11999999999999998],668:40[0.13999999999999999],688:64[0.15],695:35[0.18000000000000002],698:33[0.12999999999999998],703:113[0.15],710:29[0.16],716:20[0.15],)	510	-29.97	-608.836294117647	-10000.0	9	9.908	14	8	(0.14338610411478958,0.09519122348803115,0.06349145420280787,0.05483332118734796,0.09180797445570309,0.11576927737924572,0.0792184548046472,0.10624766391127842,0.0653031447814552,0.09038179698218456,)
117	574010440564156	61042	11	(591:35[0.23000000000000004],648:26[0.12999999999999998],668:75[0.15],688:26[0.13999999999999999],695:45[0.19000000000000003],698:68[0.13999999999999999],703:45[0.13999999999999999],710:77[0.17],716:74[0.16],718:19[0.15],720:20[0.15],)	510	-29.97	-819.0351960784312	-10000.0	9	10.312	14	8	(0.11111933096454019,0.07812661711058853,0.06653116373317006,0.07720594023903865,0.0940042466488212,0.08053841735198482,0.05607370319422987,0.09286946990858766,0.09141189340169549,0.08803772536211756,0.07420606979609917,)
118	574139033886196	61559	11	(591:27[0.24000000000000005],648:85[0.13999999999999999],668:30[0.13999999999999999],688:46[0.15],695:45[0.18000000000000002],698:22[0.12999999999999998],703:65[0.12999999999999998],710:85[0.16],716:20[0.15],718:32[0.16],720:54[0.16],)	511	-30.24	-738.0051859099805	-10000.0	9	10.18	15	8	(0.1192913033351177,0.06547359202349913,0.09449923728654763,0.06561080125999562,0.10184811207752374,0.08706399033828761,0.07146051334933493,0.07125264766651804,0.055338024901239714,0.10540583441539877,0.04604624651331458,)
119	574266788290281	62124	8	(591:50[0.25000000000000006],668:77[0.15],688:28[0.13999999999999999],703:88[0.11999999999999998],710:39[0.15],716:92[0.16],720:113[0.15],731:24[0.15],)	511	-30.24	-628.9754598825832	-10000.0	9	10.264	15	8	(0.10899331508381055,0.07395447874241023,0.056861395501715706,0.06012416044438413,0.08865297854157628,0.061832520464567484,0.063577102668547,0.07185028107868063,)
120	574424774869040	62648	7	(591:82[0.26000000000000006],668:76[0.13999999999999999],688:54[0.15],703:46[0.10999999999999999],716:123[0.15],720:66[0.13999999999999999],731:61[0.16],)	508	-30.24	-884.6498031496063	-10000.0	9	10.502	15	8	(0.08577564950709951,0.0888870107673233,0.055934305625520875,0.08112390510027478,0.07330535919840847,0.056842348238122266,0.0948615632265555,)
121	574547687055980	63163	9	(591:91[0.25000000000000006],668:115[0.12999999999999998],688:64[0.16],703:59[0.11999999999999998],716:49[0.13999999999999999],720:17[0.15],731:57[0.17],738:33[0.15],739:22[0.15],)	507	-30.24	-735.5169428007891	-10000.0	9	10.304	16	8	(0.11767142645580086,0.0776844634165847,0.08164208475461783,0.06684092094705496,0.047150555950872725,0.08082164753617252,0.08975798952046928,0.0766657476410352,0.08338196184742779,)
122	574672114332229	63700	10	(591:70[0.24000000000000005],668:85[0.11999999999999998],688:32[0.15],703:26[0.10999999999999999],716:72[0.15],731:61[0.16],738:34[0.16],739:58[0.16],741:49[0.15],744:22[0.15],)	509	-30.24	-671.5103143418468	-10000.0	9	10.312	16	8	(0.10396179285108807,0.07502702892648895,0.09917465503019686,0.06369154210093461,0.07673046625543661,0.10281706788509108,0.07293130031274984,0.0746675475146838,0.1086794715907148,0.07945630125150235,)
123	574803795084576	64209	11	(668:31[0.10999999999999999],688:57[0.16],703:25[0.11999999999999998],716:57[0.13999999999999999],731:48[0.15],738:26[0.17],739:55[0.15],741:39[0.16],744:121[0.16],746:22[0.15],748:29[0.15],)	510	-30.24	-799.0315098039216	-10000.0	9	10.226	17	8	(0.07565537890819299,0.09346108593207719,0.043432988044215005,0.06923300170910499,0.08343074718490612,0.08328430657414049,0.07904685895845762,0.04922610894713597,0.0645066267085768,0.10929788848141193,0.053737541997783175,)
124	574930781358417	64745	10	(688:60[0.15],703:31[0.12999999999999998],716:73[0.12999999999999998],731:74[0.13999999999999999],738:21[0.18000000000000002],739:28[0.13999999999999999],741:98[0.17],744:21[0.15],746:23[0.16],748:82[0.16],)	511	-30.24	-605.3517025440314	-10000.0	9	10.28	17	8	(0.09438116218872135,0.050230609049730146,0.07082521268286483,0.06729581443387887,0.1017545237648018,0.09342852621887916,0.06841893800921324,0.07759436018632901,0.06741190184004438,0.06503439793511248,)
125	575070691505721	65283	10	(688:72[0.13999999999999999],703:33[0.13999999999999999],716:58[0.11999999999999998],731:35[0.12999999999999998],738:98[0.19000000000000003],739:29[0.15],741:39[0.16],746:44[0.17],748:48[0.15],763:54[0.15],)	510	-30.24	-682.4825686274512	-10000.0	9	10.442	17	8	(0.08322169404153343,0.06844937408524109,0.07488470220129083,0.08860942536549084,0.06501287472084281,0.06054659892403805,0.0635397710613052,0.08659189812534118,0.0743446251968897,0.07451010996239658,)
126	575199248567491	65801	10	(688:36[0.12999999999999998],703:58[0.15],716:47[0.10999999999999999],731:41[0.13999999999999999],738:70[0.18000000000000002],739:35[0.16],741:71[0.17],746:41[0.18000000000000002],748:77[0.16],766:34[0.15],)	510	-30.24	-705.1833333333332	-10000.0	9	10.462	18	8	(0.07378136653283326,0.07602468753825574,0.07354454089436273,0.08426937432649331,0.04909842298209756,0.05638472243597189,0.04862611161578695,0.10875180208476348,0.08722239746172732,0.07216040466122724,)
127	575351295179941	66313	10	(703:38[0.13999999999999999],716:34[0.11999999999999998],731:33[0.15],738:41[0.17],739:96[0.17],741:80[0.16],746:59[0.19000000000000003],748:49[0.15],766:36[0.16],771:44[0.15],)	510	-30.24	-834.4340000000001	-10000.0	9	10.546	17	8	(0.06693134685974562,0.0780984705993864,0.0794234517533344,0.06302260221625564,0.030612647549699574,0.06950890783800548,0.061951037983175784,0.05786363835066978,0.09658986245359634,0.0620550749243357,)
128	575475398460918	66814	10	(703:93[0.15],716:32[0.12999999999999998],731:23[0.16],738:29[0.18000000000000002],739:31[0.16],741:58[0.15],746:78[0.18000000000000002],748:53[0.16],766:73[0.17],771:40[0.16],)	510	-30.24	-725.6378431372549	-10000.0	9	10.202	17	8	(0.07180034617315778,0.07953310481305707,0.10977755193246115,0.06318408004893744,0.045100100482421926,0.06826644551394039,0.0634536645883285,0.06936563058986943,0.07581267681930337,0.06201297382798043,)
129	575647670904420	67363	9	(716:113[0.13999999999999999],739:31[0.17],741:31[0.13999999999999999],746:60[0.17],748:56[0.15],766:93[0.16],771:47[0.17],773:53[0.15],774:26[0.15],)	510	-30.24	-828.0023529411765	-10000.0	9	10.412	18	8	(0.07358139973817888,0.08580786859531501,0.07850978104872791,0.07076468207978699,0.07353114709792909,0.0702414569471665,0.0733292674546905,0.07811900032049245,0.04718501375732494,)
130	575805651360614	67911	6	(739:150[0.18000000000000002],741:72[0.15],748:133[0.13999999999999999],766:34[0.15],771:86[0.18000000000000002],774:34[0.16],)	509	-30.24	-750.0775442043222	-10000.0	9	10.812	18	8	(0.08887582327465503,0.06320767998100855,0.08087998738687684,0.06239336470988815,0.05279479106066458,0.04148780906593407,)
131	575934687479346	68442	7	(739:85[0.17],741:66[0.16],748:77[0.12999999999999998],766:67[0.16],771:63[0.17],774:129[0.17],781:19[0.15],)	506	-30.24	-806.7489328063242	-10000.0	9	10.324	17	8	(0.09594338954632788,0.07280666321488138,0.07359198943861896,0.04465146709596916,0.06484747859031292,0.050534449824738085,0.11482813943557459,)
132	576102507801155	68958	7	(739:96[0.16],741:94[0.17],748:87[0.11999999999999998],766:73[0.17],771:55[0.18000000000000002],774:76[0.16],788:26[0.15],)	507	-30.24	-878.0596646942801	-10000.0	9	10.436	16	8	(0.09209853514934953,0.0963528052176473,0.09143323279148986,0.0812992517108568,0.07840121955438566,0.052459911106797874,0.08756232178676868,)
133	576205252040011	69482	7	(739:42[0.15],741:88[0.16],748:40[0.10999999999999999],766:40[0.16],771:87[0.19000000000000003],774:82[0.15],788:128[0.16],)	507	-30.24	-571.9268047337279	-10000.0	9	10.714	17	8	(0.050224612698015904,0.08717411122961494,0.07294478060904178,0.05560345446841405,0.061756414362301074,0.05915114734359287,0.08197689983092561,)
134	576326685827334	70018	6	(739:135[0.16],771:86[0.18000000000000002],774:37[0.13999999999999999],788:63[0.15],794:153[0.15],796:33[0.15],)	507	-30.44	-678.0205522682445	-10000.0	12	10.648	18	8	(0.06990567590538649,0.06208689718065201,0.08031657993740676,0.07677644307267503,0.0888407493302061,0.08314534762864259,)
135	576462794595269	70523	10	(739:61[0.15],771:73[0.17],774:33[0.15],788:32[0.16],794:74[0.13999999999999999],796:119[0.16],799:15[0.15],800:57[0.15],801:18[0.15],802:24[0.15],)	506	-30.44	-784.0821541501978	-10000.0	12	10.46	17	8	(0.07100840684064431,0.05051233582740752,0.08116614729737419,0.08827180216977794,0.08566515370634012,0.05030407002349154,0.06947265563113432,0.07636954896143243,0.09456708322230545,0.08019252376755515,)
136	576596895015020	71036	10	(771:33[0.16],774:28[0.16],788:25[0.17],794:75[0.12999999999999998],796:74[0.15],799:108[0.16],800:53[0.13999999999999999],801:52[0.16],802:46[0.16],803:16[0.15],)	510	-30.5	-858.9707647058824	-10000.0	10	10.002	15	8	(0.05895129062982194,0.07453808383462235,0.083325383338341,0.05740196478697917,0.061626496163311846,0.057733173820886344,0.06824312870662332,0.044140399823502235,0.07218679501633471,0.06665525667847327,)
137	576710781576143	71568	8	(771:45[0.17],788:124[0.18000000000000002],796:18[0.13999999999999999],799:79[0.15],800:49[0.12999999999999998],801:85[0.15],802:60[0.17],803:50[0.16],)	510	-30.37	-543.5388235294116	-10000.0	10	10.288	15	8	(0.07320981250650432,0.07379431707292877,0.07253202322816367,0.060352728611071646,0.05007302303911642,0.053115511441934535,0.09776378753312646,0.04409262589506456,)
138	576856892678666	72097	8	(771:84[0.18000000000000002],796:41[0.15],799:130[0.13999999999999999],800:66[0.13999999999999999],801:20[0.13999999999999999],802:51[0.18000000000000002],803:69[0.17],808:47[0.15],)	508	-30.37	-805.5723031496063	-10000.0	10	10.328	16	8	(0.039281772002868864,0.06817625142874643,0.06923031137665514,0.07784054561431408,0.08490674003130512,0.09472005437430271,0.04450756900551644,0.08124313050747116,)
139	577014063696324	72624	7	(771:78[0.17],796:67[0.16],799:48[0.12999999999999998],800:59[0.12999999999999998],801:62[0.15],803:104[0.16],808:90[0.16],)	508	-30.37	-818.1353149606299	-9994.58	10	10.524	16	8	(0.05600699959107999,0.06452473248117893,0.05774884295644637,0.061383365707083345,0.06718757088891199,0.0695297553580245,0.0540806696297826,)
140	577168541179620	73129	8	(771:27[0.16],796:158[0.17],799:41[0.13999999999999999],800:34[0.13999999999999999],801:47[0.16],803:76[0.15],808:108[0.15],814:16[0.15],)	507	-30.37	-866.4520512820511	-10000.0	10	10.228	15	8	(0.049102531184751025,0.09003130058142109,0.07268726329558267,0.05620800370891134,0.05708801761359283,0.07299958176035758,0.08142050667441242,0.10348503221774834,)
141	577309320561393	73656	9	(771:39[0.17],796:48[0.16],799:56[0.15],800:58[0.15],801:89[0.17],803:37[0.13999999999999999],808:34[0.13999999999999999],814:111[0.16],822:36[0.15],)	508	-30.37	-762.2049409448819	-10000.0	10	10.188	15	8	(0.03844114636364617,0.05834955290053218,0.07944041168136591,0.06646911190571374,0.08002242470829794,0.08299183855736604,0.0843788343910102,0.07402853992143915,0.09491079317508228,)
142	577417171659008	74160	9	(771:60[0.18000000000000002],796:56[0.17],799:53[0.13999999999999999],800:17[0.13999999999999999],801:46[0.16],803:43[0.15],808:95[0.15],814:61[0.15],822:78[0.16],)	509	-30.21	-604.930275049116	-9969.79	13	10.32	15	8	(0.05437993432900483,0.041536422538361595,0.07704474795524396,0.044472982526847504,0.06611747927721981,0.06563055806461812,0.06644312713193488,0.07727309047854472,0.051322104311146324,)
143	577550691858599	74679	9	(771:71[0.17],796:123[0.16],799:22[0.15],800:128[0.15],801:36[0.17],803:29[0.16],808:26[0.13999999999999999],822:27[0.15],828:47[0.15],)	509	-30.21	-746.1340667976424	-10000.0	13	10.23	15	8	(0.045194945304610545,0.08099990968256078,0.09323320236390331,0.03837968152412281,0.07903288303146555,0.08005832072249747,0.08558595515649553,0.07254927525272764,0.06766854539641907,)
144	577683593157461	75188	9	(771:54[0.16],799:93[0.16],800:47[0.13999999999999999],801:38[0.18000000000000002],803:47[0.17],808:85[0.15],822:66[0.16],828:57[0.16],831:22[0.15],)	509	-29.41	-675.9013555992141	-10000.0	10	10.518	16	8	(0.060601878235959375,0.07041381808047904,0.05705953259564149,0.07669225158516531,0.06328737379347049,0.051069881096499736,0.03774017201736695,0.06513446683694929,0.07829277220847554,)
145	577823547232830	75709	7	(771:21[0.17],799:95[0.15],800:117[0.15],803:43[0.18000000000000002],808:156[0.13999999999999999],822:52[0.15],831:25[0.16],)	509	-29.41	-739.5279764243617	-10000.0	10	10.372	14	8	(0.06153558689123827,0.08551797819494977,0.07430479588273656,0.07307114699712962,0.06342743476531297,0.061693217544408076,0.04436820069042527,)
146	577964503463124	76228	7	(771:112[0.18000000000000002],799:49[0.13999999999999999],800:55[0.13999999999999999],803:68[0.19000000000000003],822:44[0.16],831:155[0.17],834:24[0.15],)	507	-29.41	-780.3253057199213	-10000.0	10	9.892	15	8	(0.06695107802029045,0.05543252241280338,0.0738821768186086,0.07795424676776118,0.07291601151773532,0.052703979848069855,0.08823969001149097,)
147	578076773948694	76728	7	(771:48[0.17],799:91[0.15],800:23[0.15],803:101[0.20000000000000004],822:75[0.17],831:76[0.16],834:93[0.16],)	507	-29.41	-650.4164299802761	-10000.0	10	10.548	15	8	(0.060344055562140946,0.04893321380121535,0.04094035678061263,0.0714275149707084,0.06554854298119933,0.07108387922835144,0.0851560525735708,)
148	578228119942399	77230	7	(771:75[0.18000000000000002],799:64[0.13999999999999999],800:85[0.16],803:47[0.19000000000000003],822:67[0.16],831:79[0.15],834:90[0.15],)	507	-29.41	-859.4180276134123	-10000.0	10	10.344	16	8	(0.04405805201977107,0.054247739845632956,0.052357223591151456,0.05828454937928905,0.08081184334886328,0.05607511126973675,0.09178246799369248,)
149	578378675890722	77744	8	(771:87[0.17],799:65[0.15],800:80[0.15],803:41[0.20000000000000004],822:37[0.17],831:70[0.13999999999999999],834:111[0.13999999999999999],838:16[0.15],)	507	-29.41	-783.7004733727811	-10000.0	10	10.51	16	8	(0.057639715939889945,0.0571390173210989,0.048691755471533274,0.08182229843429187,0.09719654529911,0.05933924162376062,0.08314274374460542,0.09565122659336454,)
