alpha = 0.15
gamma = 1.0
lambda = 0.6
epsilon = 0.3
randomSeed = 888
GREAT!
Xover: 4
---- Evolution parameters ----
Folder name:          NMSarsa_Maze/run_697295059911578
Random seed:          888
GREAT activated:      true
Max iterations:       150
Population size:      500
GREAT initialization  true
Speciation threshold: 0.15
Species min size:     15
Tournament size:      3
Crossover rate:       0.2
Mutation rate:        0.8
Crossovers:
	AligningCrossover_v4(0.15)
Mutations:
	AddGeneMutation(maxSize=2147483647, prob=0.33)
	DeleteGeneMutation(minSize=8, prob=0.33)
	ChangeGeneMutation(prob=0.33)
------------------------------

---- Starting evolution ----
IT	Nanotime	#Eval	#Species	Species size	PopSize	Best	Avg	Worst	Best GRN Size	Avg GRN size	Max GRN size	Min GRN size	Species avgdist2rep
0	698228599958937	997	1	(471:499[0.15],)	499	-52.54	-878.5143086172341	-10000.0	10	9.726	14	8	(0.10332650359013355,)
1	698290905088832	1519	2	(471:415[0.16],472:86[0.15],)	501	-50.2	-356.14956087824334	-10000.0	12	10.096	15	8	(0.09394049567400371,0.08258193253053212,)
2	698362769825502	2027	2	(471:96[0.15],472:406[0.16],)	502	-50.2	-455.84970119521904	-9911.22	12	9.902	15	8	(0.04263999756261675,0.05938988383280111,)
3	698458715412324	2527	2	(471:157[0.16],472:345[0.15],)	502	-49.27	-561.4444422310756	-9996.18	12	10.438	16	8	(0.05897913737027029,0.06716270675303167,)
4	698539452833321	3035	2	(471:143[0.17],472:359[0.13999999999999999],)	502	-48.59	-491.6848406374504	-10000.0	11	10.094	16	8	(0.06430245966756386,0.06338364836709078,)
5	698608580853678	3540	2	(471:368[0.18000000000000002],472:134[0.12999999999999998],)	502	-43.1	-401.0787649402391	-9978.39	12	9.964	17	8	(0.08666892696054082,0.06706074403306041,)
6	698689230766932	4051	4	(471:144[0.17],472:290[0.13999999999999999],480:38[0.15],481:30[0.15],)	502	-43.08	-431.43464143426314	-10000.0	12	10.3	18	8	(0.06857677975611962,0.07257148051317691,0.0859087019676775,0.07822997298219765,)
7	698764363103614	4561	4	(471:58[0.16],472:94[0.12999999999999998],480:41[0.16],481:311[0.16],)	504	-40.52	-388.1735317460318	-10000.0	12	10.724	18	8	(0.05663561415504081,0.06080766872443954,0.06361059241907213,0.06399749068447708,)
8	698829638580878	5070	4	(471:100[0.17],472:109[0.13999999999999999],480:166[0.17],481:129[0.15],)	504	-40.52	-401.62255952380957	-9972.85	12	10.016	18	8	(0.067910300224184,0.06367492094119202,0.06895176425915346,0.08408918179983427,)
9	698906600972385	5570	4	(471:25[0.18000000000000002],472:130[0.15],480:94[0.16],481:255[0.13999999999999999],)	504	-40.52	-489.09676587301607	-10000.0	12	9.856	19	8	(0.07285904662401278,0.057674551625069265,0.09461178430474343,0.07427437498864732,)
10	698974079754755	6078	4	(471:91[0.19000000000000003],472:97[0.13999999999999999],480:148[0.17],481:168[0.12999999999999998],)	504	-38.71	-376.0326785714285	-10000.0	9	10.088	17	8	(0.08395540868382148,0.07034819255619758,0.05770330886502247,0.06726568643134237,)
11	699051924726332	6580	6	(471:33[0.20000000000000004],472:58[0.15],480:223[0.16],481:97[0.11999999999999998],488:78[0.15],489:15[0.15],)	504	-38.71	-415.17079365079366	-10000.0	9	10.37	17	8	(0.1325090961319851,0.10009061618446143,0.07070911201090661,0.08731219754880104,0.10646592121421768,0.1063723061543504,)
12	699121250368560	7083	5	(471:76[0.21000000000000005],472:207[0.16],480:110[0.15],481:23[0.10999999999999999],488:90[0.16],)	506	-38.71	-386.7956916996048	-9988.94	9	10.15	17	8	(0.06947668261207336,0.07584869940410896,0.058592000144513275,0.06776519332635257,0.06102654441262813,)
13	699188229964333	7583	5	(471:141[0.22000000000000006],472:134[0.15],480:189[0.13999999999999999],481:19[0.11999999999999998],488:22[0.17],)	505	-38.71	-329.37013861386134	-10000.0	9	10.778	17	8	(0.08046884811492977,0.0939928474680304,0.058313532015098916,0.07507081382399317,0.12332637949582857,)
14	699270522558727	8085	6	(471:48[0.21000000000000005],472:236[0.13999999999999999],480:21[0.12999999999999998],481:48[0.12999999999999998],488:16[0.18000000000000002],492:136[0.15],)	505	-38.24	-426.8152079207921	-9996.44	12	10.406	16	8	(0.0767565742006285,0.07258972074326607,0.09757991304964325,0.06195359330871408,0.08440595610887436,0.0776095852623785,)
15	699331524045335	8585	6	(471:49[0.22000000000000006],472:30[0.12999999999999998],480:178[0.13999999999999999],481:16[0.13999999999999999],488:66[0.19000000000000003],492:167[0.13999999999999999],)	506	-36.18	-281.43201581027665	-10000.0	13	11.666	16	8	(0.09913813626356564,0.09359567709045162,0.08136470247609076,0.07476522948131566,0.08979661127958082,0.06266941437700678,)
16	699395329063026	9102	6	(471:20[0.23000000000000007],472:141[0.13999999999999999],480:114[0.12999999999999998],481:33[0.15],492:170[0.12999999999999998],494:28[0.15],)	506	-36.18	-311.9775889328062	-9997.75	13	11.158	16	8	(0.14316540762670157,0.09585659773893329,0.04558843427213435,0.09482843157602991,0.0627056483912671,0.09297261116835034,)
17	699470463574158	9605	7	(471:51[0.24000000000000007],472:61[0.12999999999999998],480:98[0.11999999999999998],481:63[0.16],492:179[0.11999999999999998],494:35[0.16],497:19[0.15],)	506	-35.2	-376.29802371541496	-9977.88	10	10.858	15	8	(0.07595889641164609,0.09119537035857737,0.07011151867353618,0.08740300040013538,0.05475449981621987,0.06793260732140786,0.09494312525516128,)
18	699538040210948	10125	6	(471:89[0.25000000000000006],472:74[0.13999999999999999],481:44[0.17],492:116[0.10999999999999999],494:109[0.17],497:75[0.16],)	507	-34.16	-378.0986982248521	-10000.0	9	10.652	16	8	(0.0723226533579281,0.07020869705644238,0.10451032820985227,0.06149030987064559,0.06546210811985366,0.06330106601590636,)
19	699598245619299	10625	7	(471:41[0.24000000000000005],472:17[0.15],481:25[0.18000000000000002],492:88[0.09999999999999999],494:170[0.16],497:146[0.17],500:19[0.15],)	506	-34.16	-327.5691501976285	-10000.0	9	10.596	17	8	(0.0627545908788647,0.09617016196980464,0.10617932961866934,0.06615718195029657,0.08307546241325678,0.05699096389531242,0.0537131338384378,)
20	699656647218686	11147	6	(471:55[0.25000000000000006],472:77[0.16],481:101[0.19000000000000003],492:176[0.09],497:64[0.16],500:34[0.16],)	507	-34.85	-320.55431952662724	-9974.29	12	10.996	16	8	(0.09668148138558261,0.087200616469925,0.12255289817865657,0.045640143457020346,0.07089253062506284,0.048220790202309766,)
21	699758263454763	11668	4	(471:48[0.26000000000000006],481:141[0.18000000000000002],497:36[0.17],500:281[0.17],)	506	-34.85	-469.0324110671938	-10000.0	12	11.726	16	8	(0.06088177995258753,0.08257012845172296,0.040154226820129126,0.05964502319524245,)
22	699830005865805	12168	5	(471:102[0.2700000000000001],481:50[0.17],497:104[0.18000000000000002],500:193[0.16],502:55[0.15],)	504	-34.85	-399.87255952380946	-9964.17	12	11.072	17	8	(0.10924801762639585,0.09471516892212828,0.05484458040584435,0.094478835134394,0.09537529893124479,)
23	699898025918255	12668	5	(471:65[0.26000000000000006],481:101[0.18000000000000002],497:177[0.17],500:90[0.15],502:72[0.16],)	505	-34.85	-434.40437623762386	-10000.0	12	10.292	16	8	(0.07899360292205022,0.08308688284263682,0.06217676664396905,0.05188212535160794,0.06227200784499855,)
24	699959192363779	13180	5	(471:58[0.2700000000000001],481:125[0.17],497:157[0.16],500:147[0.16],503:18[0.15],)	505	-34.85	-278.33423762376236	-10000.0	12	10.908	17	8	(0.12741172869197065,0.06578276260712645,0.07036136349909225,0.04995692118498978,0.12290683625337466,)
25	700017855249969	13692	4	(481:92[0.16],497:125[0.15],500:233[0.15],503:55[0.16],)	505	-34.15	-266.1878613861386	-10000.0	12	11.656	17	8	(0.06546369429718188,0.0531302776459675,0.06124277675628382,0.072096498558613,)
26	700114494669783	14200	7	(481:113[0.17],497:114[0.13999999999999999],500:139[0.13999999999999999],503:68[0.17],504:20[0.15],506:24[0.15],507:26[0.15],)	504	-33.72	-529.7236507936507	-10000.0	11	10.93	18	8	(0.06564796338184713,0.06434585775566831,0.0572871307242627,0.08582401774484918,0.10231684738331345,0.07974525011581253,0.09952109708474571,)
27	700170810886224	14713	7	(481:55[0.16],497:45[0.12999999999999998],500:80[0.12999999999999998],503:55[0.18000000000000002],506:75[0.16],507:170[0.16],509:27[0.15],)	507	-35.27	-324.0552268244576	-10000.0	9	10.624	19	8	(0.10249784963777507,0.07143486364171986,0.05247708833417715,0.08249194514740145,0.0991850936775069,0.043067853861775265,0.08134466608745897,)
28	700226919559752	15213	7	(481:119[0.17],497:92[0.13999999999999999],500:39[0.11999999999999998],503:24[0.19000000000000003],506:67[0.15],507:74[0.15],509:92[0.16],)	507	-34.16	-317.9544773175542	-10000.0	10	10.236	19	8	(0.06890767072624049,0.07121042611711152,0.06244211758961633,0.054480175314385815,0.07313279000278934,0.0660752176338008,0.08110771671114286,)
29	700298575409187	15714	7	(481:118[0.16],497:19[0.12999999999999998],500:57[0.12999999999999998],503:40[0.20000000000000004],506:40[0.16],507:106[0.13999999999999999],509:127[0.15],)	507	-34.16	-433.2341617357001	-9994.41	10	10.338	18	8	(0.04664043968613948,0.05465384931805403,0.04901746303761902,0.05303795542212336,0.07619396272174417,0.07644520909662995,0.05483250912323277,)
30	700380877293361	16227	7	(481:60[0.15],497:84[0.13999999999999999],500:39[0.13999999999999999],503:54[0.21000000000000005],506:37[0.17],507:61[0.12999999999999998],509:172[0.13999999999999999],)	507	-34.16	-542.9158185404339	-10000.0	10	9.634	17	8	(0.06032947210365252,0.07510131905692499,0.045864732982820594,0.06900649480776626,0.08193572636302479,0.06615655214807761,0.05665795335555862,)
31	700452853311474	16756	5	(481:69[0.16],497:114[0.12999999999999998],500:85[0.15],507:138[0.13999999999999999],509:101[0.12999999999999998],)	507	-31.69	-386.9944378698225	-10000.0	9	10.22	17	8	(0.05632579539881732,0.0410859867027711,0.04310902384129388,0.06972915408579938,0.07840588692706356,)
32	700510222084057	17277	7	(481:86[0.17],497:75[0.11999999999999998],500:57[0.16],507:98[0.12999999999999998],509:24[0.11999999999999998],517:136[0.15],522:29[0.15],)	505	-31.69	-330.2379603960397	-10000.0	9	10.488	18	8	(0.058027266461852196,0.06708203322562681,0.04825537765588738,0.07441234465588122,0.07708991820238478,0.05701927843207736,0.040368282273118436,)
33	700590448514092	17803	9	(481:79[0.16],497:53[0.10999999999999999],500:31[0.17],509:27[0.12999999999999998],517:18[0.13999999999999999],522:104[0.16],523:120[0.15],524:37[0.15],525:38[0.15],)	507	-31.12	-407.94992110453654	-10000.0	8	10.412	18	8	(0.04626315019329428,0.06095734796331343,0.05470654153355447,0.08095707876049955,0.09998752843769448,0.07634265149406713,0.06886219890267227,0.06868399200589191,0.08342600846296488,)
34	700650383983847	18305	8	(481:40[0.15],497:66[0.11999999999999998],500:40[0.18000000000000002],509:166[0.13999999999999999],522:35[0.15],523:28[0.13999999999999999],524:69[0.16],525:65[0.16],)	509	-31.04	-402.3070530451867	-10000.0	14	9.958	19	8	(0.036396267346518595,0.06313256155698756,0.06703874147093147,0.04080250224186388,0.07112218234930118,0.06205730051876768,0.06181610586224932,0.07283551341667503,)
35	700721252803050	18832	6	(497:70[0.10999999999999999],500:63[0.19000000000000003],509:73[0.12999999999999998],522:45[0.16],523:218[0.15],524:39[0.15],)	508	-31.12	-373.3686417322835	-10000.0	8	10.028	17	8	(0.04995571791518172,0.052716380558093814,0.05041451944036679,0.0821277171741524,0.0498011670657278,0.06622221082659913,)
36	700784109205977	19349	5	(497:138[0.11999999999999998],500:143[0.20000000000000004],509:77[0.13999999999999999],522:48[0.17],523:100[0.13999999999999999],)	506	-31.12	-308.4322134387351	-10000.0	8	10.984	18	8	(0.0641905317522036,0.07810762979699584,0.05648932036593167,0.061291845743353994,0.05234337519044399,)
37	700847445793276	19851	5	(497:18[0.10999999999999999],500:129[0.19000000000000003],509:134[0.15],522:73[0.18000000000000002],523:151[0.12999999999999998],)	505	-31.12	-400.3547722772278	-10000.0	8	10.49	17	8	(0.07237697558622504,0.05966589590400436,0.06514956618206862,0.055066767624843874,0.08039948161084028,)
38	700911117240146	20354	5	(497:154[0.11999999999999998],500:33[0.18000000000000002],509:107[0.13999999999999999],522:180[0.19000000000000003],523:31[0.11999999999999998],)	505	-29.9	-396.26938613861375	-10000.0	9	9.742	16	8	(0.06515917074537385,0.039091158114066216,0.06675860764502563,0.044469932285337035,0.07957746652322195,)
39	701019154205654	20860	6	(497:134[0.10999999999999999],500:125[0.19000000000000003],509:27[0.12999999999999998],522:77[0.18000000000000002],523:127[0.12999999999999998],533:15[0.15],)	505	-29.9	-550.4037425742574	-9995.85	9	10.66	17	8	(0.06002670398618169,0.07371643873837133,0.07657488643629487,0.05415247115235926,0.07175979134235132,0.06358405190496981,)
40	701097866292596	21366	6	(497:66[0.09999999999999999],500:103[0.18000000000000002],509:59[0.13999999999999999],522:79[0.19000000000000003],523:162[0.11999999999999998],533:37[0.16],)	506	-29.9	-411.7552964426877	-10000.0	9	10.628	17	8	(0.051753698124744715,0.041830816867307316,0.05924939946516569,0.0618564953012267,0.04360832951861434,0.030698996237983587,)
41	701171312254117	21866	6	(497:37[0.10999999999999999],500:104[0.17],509:73[0.15],522:146[0.20000000000000004],523:62[0.10999999999999999],533:84[0.17],)	506	-29.9	-412.56814229249005	-10000.0	9	10.96	17	8	(0.04840746784166956,0.03322785007542269,0.05170629585486318,0.04502743332969385,0.049463939466240385,0.06247124227500873,)
42	701237232163988	22366	6	(497:83[0.11999999999999998],500:35[0.16],509:119[0.16],522:83[0.19000000000000003],523:98[0.11999999999999998],533:88[0.16],)	506	-29.9	-355.2107509881423	-10000.0	9	10.596	17	8	(0.05863035656984695,0.038031355512392714,0.05599278665059346,0.05628268081814785,0.05432321317713333,0.06296681604826873,)
43	701307332818148	22876	6	(497:72[0.10999999999999999],500:82[0.17],509:49[0.15],522:155[0.18000000000000002],523:94[0.10999999999999999],533:54[0.15],)	506	-29.9	-367.66438735177866	-9993.48	9	11.014	18	8	(0.049377853284617204,0.048105988686598655,0.059437090305000856,0.040870867481748764,0.06818732786399119,0.058491409987452475,)
44	701379948255894	23389	7	(497:212[0.11999999999999998],500:42[0.18000000000000002],509:19[0.16],522:82[0.17],523:28[0.09999999999999999],533:82[0.16],537:41[0.15],)	506	-29.9	-355.0159486166007	-10000.0	9	11.164	17	8	(0.06408977144160799,0.05039609205679702,0.10006809562763251,0.08855447039812753,0.06614723679707389,0.08243941668559875,0.05996279877074332,)
45	701429991857126	23895	6	(497:144[0.10999999999999999],500:76[0.19000000000000003],509:51[0.17],523:93[0.10999999999999999],533:29[0.15],537:114[0.16],)	507	-29.9	-260.6386982248521	-10000.0	9	11.592	16	8	(0.057331175364066164,0.06101101204836913,0.057479826021916175,0.06738058925322375,0.05817419918790099,0.06405700039857441,)
46	701502757759863	24418	6	(497:104[0.09999999999999999],500:120[0.20000000000000004],509:70[0.18000000000000002],533:64[0.16],537:128[0.15],540:20[0.15],)	506	-29.9	-273.3484584980237	-9979.48	9	11.106	16	8	(0.061023979298381874,0.06649132517988703,0.0464512392108297,0.05824758807149012,0.07884218233763786,0.07789290082749256,)
47	701610354311069	24918	6	(497:53[0.09],500:121[0.19000000000000003],509:175[0.19000000000000003],533:37[0.17],537:104[0.13999999999999999],540:16[0.16],)	506	-29.9	-524.2767786561265	-10000.0	9	11.098	17	8	(0.04048475647556123,0.03785913809481315,0.07102188958968303,0.08540431898242568,0.07364398859804201,0.058434060743580075,)
48	701689234943152	25433	6	(497:115[0.09999999999999999],500:188[0.18000000000000002],533:31[0.18000000000000002],537:88[0.12999999999999998],540:54[0.17],541:30[0.15],)	506	-29.9	-354.3058300395257	-10000.0	9	11.834	17	8	(0.041113502359868145,0.04646678941040924,0.0807868496909343,0.08985922186548147,0.09842750586660916,0.07089552730231227,)
49	701758198808722	25944	5	(497:57[0.09],500:77[0.17],533:35[0.19000000000000003],540:176[0.18000000000000002],541:161[0.16],)	506	-29.9	-297.7010474308301	-10000.0	9	11.338	18	8	(0.03750328377271919,0.039491114875594535,0.079247901914593,0.1063122628010293,0.05942254918718255,)
50	701868599755658	26465	4	(497:104[0.09999999999999999],500:289[0.18000000000000002],533:56[0.20000000000000004],541:56[0.15],)	505	-29.9	-484.40388118811916	-10000.0	9	12.388	17	8	(0.04295557545224309,0.05365525756504417,0.09078445964314606,0.07233375910583695,)
51	701958763619199	26966	4	(497:192[0.10999999999999999],500:110[0.17],533:32[0.21000000000000005],541:170[0.16],)	504	-29.9	-381.5450198412697	-9998.32	9	12.19	18	8	(0.049135886023538224,0.05136260788818425,0.08612014038976493,0.06942317798695027,)
52	702032179959522	27466	4	(497:198[0.09999999999999999],500:37[0.18000000000000002],533:123[0.22000000000000006],541:146[0.15],)	504	-29.9	-332.87065476190463	-9958.37	9	11.976	18	8	(0.06875861977482867,0.07060726123995276,0.10682133287988357,0.08117021346810487,)
53	702125447175402	27967	3	(500:306[0.19000000000000003],533:117[0.23000000000000007],541:81[0.13999999999999999],)	504	-29.9	-418.91192460317455	-9982.78	9	11.93	19	8	(0.05593560349262736,0.08303933624809674,0.0812130184395036,)
54	702220228618775	28468	3	(500:243[0.18000000000000002],533:67[0.24000000000000007],541:193[0.15],)	503	-29.9	-469.1783499005966	-10000.0	9	12.112	19	8	(0.08275679572381456,0.09329545113126747,0.06985818718969336,)
55	702295818650310	28975	3	(500:185[0.17],533:78[0.25000000000000006],541:240[0.13999999999999999],)	503	-30.41	-314.4935188866799	-10000.0	13	12.532	19	8	(0.08029356160767463,0.12751448453214706,0.08286714947495775,)
56	702395327319796	29475	3	(500:228[0.16],533:119[0.26000000000000006],541:156[0.12999999999999998],)	503	-30.32	-435.54495029821084	-10000.0	14	12.674	19	8	(0.05914879203361647,0.09644686643120227,0.07290528552401201,)
57	702492605301916	29975	3	(500:89[0.15],533:271[0.2700000000000001],541:143[0.13999999999999999],)	503	-30.32	-443.413697813121	-10000.0	14	12.266	19	8	(0.05788195783637733,0.1148851935673608,0.08404224533349731,)
58	702574161276473	30475	3	(500:223[0.16],533:117[0.26000000000000006],541:163[0.15],)	503	-30.26	-362.2474950298209	-10000.0	17	12.938	19	8	(0.08433350524747643,0.13202168292160804,0.10297854466093556,)
59	702644044116575	30979	7	(500:106[0.15],533:40[0.2700000000000001],541:187[0.16],548:83[0.15],549:28[0.15],550:36[0.15],552:23[0.15],)	503	-30.26	-300.3368588469185	-10000.0	17	12.566	19	8	(0.09732692225822982,0.1714194167062272,0.0879502668457244,0.09721415292280539,0.08314984050045267,0.10156254963905548,0.07510934036823196,)
60	702744239792085	31479	8	(500:52[0.13999999999999999],533:141[0.2800000000000001],541:25[0.15],548:50[0.13999999999999999],549:87[0.16],550:51[0.16],552:41[0.16],553:60[0.15],)	507	-29.87	-444.69942800788954	-10000.0	11	12.804	20	8	(0.08518413422487067,0.06919919352833374,0.09896625473139332,0.05568245142511762,0.10936418625888829,0.09820022794630262,0.07880131580460091,0.06519466924169531,)
61	702803288705514	31980	9	(500:30[0.15],533:67[0.2700000000000001],541:141[0.16],548:37[0.15],549:60[0.15],550:42[0.17],552:43[0.17],553:63[0.16],554:25[0.15],)	508	-29.87	-321.77529527559057	-10000.0	11	11.654	19	8	(0.06568141107619313,0.072965769633688,0.06434459937316758,0.06545246605952415,0.07166551707766257,0.06851715707251903,0.08844776362072142,0.08368318471389057,0.06965866504589567,)
62	702880272566251	32500	9	(533:85[0.26000000000000006],541:77[0.15],548:62[0.16],549:32[0.13999999999999999],550:52[0.18000000000000002],553:21[0.15],554:101[0.16],556:57[0.15],558:22[0.15],)	509	-29.87	-378.2053831041258	-10000.0	11	11.226	20	8	(0.06603751514856618,0.10854754905413616,0.04292211312888443,0.09820119293131177,0.09239503698004867,0.09633452267584393,0.08262356522494865,0.08198950537907158,0.08705263131754609,)
63	702973618324257	33019	7	(541:46[0.13999999999999999],548:136[0.15],549:105[0.15],550:31[0.19000000000000003],553:127[0.16],556:37[0.13999999999999999],558:27[0.16],)	509	-29.87	-452.6968958742633	-10000.0	11	11.778	21	8	(0.06227796071580456,0.0912791196921751,0.08002705054118373,0.08672798470162642,0.06312540833107369,0.0673059081262206,0.05649825633059485,)
64	703042207125650	33533	8	(541:28[0.15],548:64[0.13999999999999999],549:47[0.13999999999999999],550:52[0.20000000000000004],553:132[0.15],556:55[0.15],558:99[0.17],560:30[0.15],)	507	-29.87	-386.6489546351084	-10000.0	11	11.154	21	8	(0.0960174327430107,0.07968213941520969,0.06628665971103431,0.08252806949177034,0.07827188689146378,0.08179469724582365,0.05587829939358805,0.08268825464915454,)
65	703107174383745	34051	8	(548:56[0.12999999999999998],549:61[0.15],550:42[0.21000000000000005],553:59[0.13999999999999999],556:59[0.16],558:122[0.16],560:89[0.16],563:20[0.15],)	508	-29.87	-350.43874015748025	-10000.0	11	11.52	22	8	(0.06927619489207014,0.061431647661174725,0.050092783417961806,0.07406497793367907,0.0959026435777668,0.06972866629369322,0.06839175903513167,0.06744879615573746,)
66	703188701587493	34564	7	(549:94[0.16],550:20[0.22000000000000006],553:175[0.15],556:48[0.17],558:33[0.15],560:50[0.15],563:88[0.16],)	508	-29.77	-492.03470472440944	-10000.0	9	10.564	19	8	(0.0884120223757367,0.06290191533325071,0.08451078363677487,0.0997506495307106,0.07694577779283414,0.08721587973511752,0.07017536827837742,)
67	703279837979719	35099	5	(549:80[0.15],553:143[0.13999999999999999],556:66[0.18000000000000002],558:68[0.16],563:150[0.15],)	507	-29.77	-544.351124260355	-10000.0	9	9.778	19	8	(0.07185607444727057,0.07581117650342739,0.06122804544725261,0.08079346323212239,0.05178325018758491,)
68	703362478953542	35603	5	(549:33[0.16],553:18[0.12999999999999998],556:176[0.19000000000000003],558:71[0.17],563:207[0.13999999999999999],)	505	-29.77	-594.7951089108911	-10000.0	9	9.408	18	8	(0.0858013213253458,0.09151225788119924,0.08751428347999081,0.08164598004289365,0.06337629619760952,)
69	703470576552993	36121	6	(549:60[0.17],553:48[0.13999999999999999],556:99[0.18000000000000002],558:166[0.18000000000000002],563:73[0.12999999999999998],570:59[0.15],)	505	-29.77	-651.2810495049505	-10000.0	9	9.924	18	8	(0.08361129059744041,0.08866511644821473,0.06021614619771297,0.08206479306378577,0.06744899815894889,0.07050301461307751,)
70	703534999049966	36636	7	(549:90[0.18000000000000002],553:160[0.15],556:78[0.17],558:38[0.17],563:90[0.13999999999999999],570:32[0.16],572:18[0.15],)	506	-29.77	-348.3469169960474	-10000.0	9	10.522	19	8	(0.06374850356755449,0.07624225918882169,0.06494421721333414,0.07779936487432595,0.06685086031534099,0.08648835768921806,0.07639274016293503,)
71	703603967684821	37151	7	(549:58[0.17],553:50[0.13999999999999999],556:64[0.16],558:62[0.18000000000000002],563:104[0.12999999999999998],570:26[0.17],572:143[0.16],)	507	-29.77	-407.55932938856006	-10000.0	9	10.49	20	8	(0.08989051908476012,0.05877567838764537,0.0742902611293561,0.05748590145310005,0.0710240724912581,0.09132037762235123,0.09226641030977026,)
72	703690217529121	37663	6	(549:60[0.18000000000000002],553:124[0.15],556:160[0.17],558:79[0.19000000000000003],563:62[0.11999999999999998],570:22[0.18000000000000002],)	507	-29.77	-552.4045956607494	-10000.0	9	10.004	15	8	(0.09505970013866379,0.07944663173669146,0.09849048173357781,0.06514050251313247,0.06148347308023012,0.07300516294685998,)
73	703768553490381	38163	6	(549:18[0.19000000000000003],553:52[0.13999999999999999],556:64[0.16],558:75[0.20000000000000004],563:196[0.12999999999999998],570:101[0.19000000000000003],)	506	-29.77	-453.8087549407115	-10000.0	9	10.11	16	8	(0.13645876625461972,0.0676627886060307,0.09175955984707154,0.05882883985157576,0.07359005298394913,0.08440170850576367,)
74	703843709512911	38676	6	(549:29[0.20000000000000004],553:18[0.15],556:87[0.17],558:165[0.21000000000000005],563:121[0.11999999999999998],579:86[0.15],)	506	-29.33	-473.0717193675889	-10000.0	13	9.956	15	8	(0.1475115334905002,0.1125594099060663,0.09371408191062826,0.0807982948326112,0.0865016703646248,0.08501143319481202,)
75	703937813788170	39189	6	(549:49[0.21000000000000005],553:122[0.16],556:118[0.16],558:73[0.20000000000000004],563:102[0.10999999999999999],579:42[0.13999999999999999],)	506	-29.33	-528.9844268774705	-10000.0	13	10.078	15	8	(0.12172921742572954,0.07963147679989743,0.09429769385233369,0.08918670811366605,0.07679865629543296,0.06690616525402675,)
76	704038123889973	39691	6	(549:44[0.22000000000000006],553:128[0.15],556:33[0.15],558:31[0.21000000000000005],563:109[0.09999999999999999],579:161[0.15],)	506	-29.33	-629.0684189723321	-9980.76	13	10.228	15	8	(0.11634049385031352,0.07512494226447124,0.09918159156347349,0.1392912703309189,0.07759816447432763,0.07299896910126372,)
77	704101338649232	40191	8	(549:123[0.23000000000000007],553:42[0.13999999999999999],556:48[0.16],558:143[0.22000000000000006],563:53[0.09],579:55[0.13999999999999999],585:20[0.15],586:22[0.15],)	506	-29.33	-396.99496047430824	-10000.0	13	10.212	16	8	(0.10466187494895876,0.1054539709836744,0.11180055142973379,0.09362626171426272,0.07615617599688007,0.06293887321446322,0.07871079845256877,0.07606873035902513,)
78	704199816242392	40719	8	(549:49[0.22000000000000006],553:28[0.15],556:112[0.17],558:44[0.21000000000000005],563:98[0.09999999999999999],579:119[0.15],585:33[0.16],587:25[0.15],)	508	-29.77	-545.3712401574803	-10000.0	9	10.218	15	8	(0.10324228146008435,0.10066780731902392,0.09233745054017535,0.1201671435151508,0.05482587948849843,0.05731705381041405,0.06593891815654973,0.07552460023648182,)
79	704269637952923	41224	8	(549:53[0.23000000000000007],553:65[0.16],556:61[0.16],558:68[0.22000000000000006],563:29[0.09],579:81[0.13999999999999999],585:47[0.17],587:104[0.16],)	508	-29.77	-429.71204724409444	-10000.0	9	10.3	15	8	(0.0663195495729932,0.073648378137216,0.08147521920980616,0.08208856229877812,0.05941451725583988,0.08488523331347937,0.09781009404193493,0.06985112047091493,)
80	704347553406245	41724	9	(549:57[0.24000000000000007],553:37[0.15],556:41[0.17],558:26[0.21000000000000005],563:109[0.09999999999999999],579:87[0.12999999999999998],585:36[0.18000000000000002],587:81[0.15],591:34[0.15],)	508	-29.77	-478.1456299212598	-10000.0	9	10.12	14	8	(0.10546488248160765,0.06341157744167514,0.08493820939310044,0.10575213954320559,0.05612297056005202,0.07066334057354141,0.07958066669213058,0.08541240175584866,0.09707890536248875,)
81	704420312443889	42227	9	(549:50[0.23000000000000007],553:89[0.16],556:55[0.18000000000000002],558:55[0.22000000000000006],563:65[0.09],579:99[0.11999999999999998],585:16[0.19000000000000003],587:48[0.13999999999999999],591:32[0.16],)	509	-29.29	-429.0479960707268	-9948.15	11	10.56	15	8	(0.06279892755910649,0.06005049588314659,0.08350779030328898,0.07115100987395304,0.05029845033599979,0.0637625014093276,0.06664053060028481,0.08361903965570001,0.07697416953559282,)
82	704481155411125	42741	8	(549:35[0.24000000000000007],553:53[0.15],556:65[0.17],558:120[0.21000000000000005],563:41[0.08],579:47[0.10999999999999999],587:61[0.15],591:87[0.17],)	509	-29.29	-361.75404715127695	-10000.0	11	10.592	15	8	(0.06812567509401446,0.07575411300905868,0.09922486288466134,0.06604232617849555,0.06341015399810726,0.07116550025699084,0.0994229503113565,0.07611063349397813,)
83	704544229988241	43244	8	(549:38[0.25000000000000006],553:20[0.16],556:136[0.16],558:62[0.20000000000000004],563:92[0.09],579:51[0.11999999999999998],587:61[0.16],591:48[0.16],)	508	-29.29	-359.9237401574803	-10000.0	11	10.85	16	8	(0.10344539893670492,0.11128098768330255,0.08970561595525257,0.06478683669636191,0.05529256336529636,0.08424932598913913,0.07420022075567428,0.07552722328429788,)
84	704640101732117	43744	8	(549:75[0.26000000000000006],553:42[0.17],556:23[0.15],558:154[0.19000000000000003],563:54[0.08],579:68[0.12999999999999998],587:71[0.17],591:21[0.17],)	508	-29.29	-543.7295866141732	-10000.0	11	10.702	15	8	(0.10756609361924399,0.08128640379588645,0.10752413750581198,0.09242416707035063,0.07323847683202742,0.08304840247222033,0.10890394745900793,0.09574965329859603,)
85	704713929677042	44249	8	(549:74[0.25000000000000006],553:68[0.18000000000000002],556:51[0.16],558:69[0.18000000000000002],563:49[0.09],579:84[0.11999999999999998],587:87[0.16],591:26[0.18000000000000002],)	508	-29.29	-426.14200787401575	-10000.0	11	10.95	16	8	(0.08989673067932293,0.1073579183104636,0.0892951268238072,0.08035082414170645,0.05729316827740876,0.0810944437499421,0.07138571138298504,0.07171266815525532,)
86	704776551394753	44752	8	(549:158[0.24000000000000005],553:25[0.17],556:56[0.17],558:91[0.17],563:35[0.09999999999999999],579:54[0.10999999999999999],587:25[0.15],591:64[0.19000000000000003],)	508	-29.29	-319.78098425196845	-10000.0	11	11.12	16	8	(0.07112159728520678,0.09339447722690145,0.07882302684980946,0.08525163675412173,0.07568240458217756,0.08699722388984156,0.06847487212501506,0.07080002299848538,)
87	704867029397710	45262	8	(549:28[0.23000000000000004],553:17[0.18000000000000002],556:151[0.18000000000000002],558:72[0.16],563:43[0.10999999999999999],579:27[0.11999999999999998],591:143[0.18000000000000002],597:27[0.15],)	508	-29.29	-558.4954921259842	-10000.0	11	10.276	17	8	(0.1299374154068794,0.04578165442999539,0.10059745532437007,0.08022361477038137,0.08253983583688229,0.07383574369292971,0.09425802122127355,0.09297381931293727,)
88	704945565937039	45772	8	(549:46[0.24000000000000005],556:22[0.17],558:248[0.15],563:60[0.11999999999999998],579:39[0.12999999999999998],591:52[0.17],597:17[0.16],598:24[0.15],)	508	-29.29	-556.2079724409449	-10000.0	11	9.672	16	8	(0.06871697848196552,0.08981424131235372,0.05686262676978055,0.08663980166764687,0.08187706868024316,0.06791717598724224,0.07489379650423367,0.06785736252958796,)
89	705052877926056	46273	8	(549:90[0.25000000000000006],556:138[0.18000000000000002],558:101[0.13999999999999999],563:49[0.12999999999999998],579:19[0.13999999999999999],591:39[0.18000000000000002],597:53[0.17],598:19[0.16],)	508	-29.29	-611.6036023622048	-9995.67	11	10.388	17	8	(0.06289997804555097,0.07902146532378586,0.07309295452827413,0.09926167483816273,0.08411295339188238,0.05488811323905762,0.09382570586470557,0.11810998222100393,)
90	705125091536912	46796	8	(549:81[0.24000000000000005],556:62[0.17],563:70[0.13999999999999999],579:33[0.15],591:131[0.19000000000000003],597:84[0.18000000000000002],598:22[0.17],601:25[0.15],)	508	-29.29	-433.1717519685039	-10000.0	11	10.098	16	8	(0.06651195425325765,0.09434426628986999,0.07043354545262702,0.09082419993715592,0.05634184512979715,0.07443313449007737,0.08006231261540334,0.11376198656854443,)
91	705199767049302	47312	6	(549:52[0.23000000000000004],556:20[0.16],563:101[0.12999999999999998],579:211[0.16],591:98[0.18000000000000002],601:26[0.16],)	508	-29.29	-393.9926181102363	-10000.0	11	10.312	16	8	(0.060956766895065344,0.08208732349345743,0.0807041187108052,0.0977801045692458,0.09365964270711204,0.07959479852204517,)
92	705276078451020	47820	8	(549:46[0.24000000000000005],556:88[0.17],563:64[0.11999999999999998],579:34[0.15],591:58[0.17],601:56[0.17],603:145[0.15],604:15[0.15],)	506	-29.29	-382.4774308300395	-10000.0	11	11.024	16	8	(0.0591563086378018,0.07317995078816375,0.060991020718157055,0.09405661146148926,0.08091189070796458,0.11505665067944056,0.08248077122282833,0.07303357302287533,)
93	705346334092127	48320	8	(549:113[0.25000000000000006],556:134[0.16],563:38[0.10999999999999999],579:76[0.16],591:65[0.18000000000000002],601:18[0.18000000000000002],603:49[0.13999999999999999],604:15[0.16],)	508	-29.29	-401.99822834645687	-10000.0	11	10.71	17	8	(0.0840015487271111,0.0926862547676025,0.10047956779601579,0.08566029921487456,0.07070353557047436,0.07805054186032119,0.04423458858022709,0.07238573976505923,)
94	705417915335523	48827	7	(549:146[0.24000000000000005],556:53[0.15],579:46[0.15],591:129[0.17],601:28[0.19000000000000003],603:48[0.15],604:58[0.17],)	508	-29.29	-375.64354330708665	-10000.0	11	11.106	17	8	(0.1088359880951389,0.07755987101448077,0.10699722575424164,0.08478259152635367,0.07910273888241448,0.05022891993597498,0.07503405678700581,)
95	705495226969306	49341	8	(549:79[0.23000000000000004],579:27[0.16],591:66[0.16],601:22[0.20000000000000004],603:142[0.16],604:97[0.18000000000000002],608:58[0.15],609:16[0.15],)	507	-29.29	-417.5936883629191	-10000.0	11	11.334	17	8	(0.09333226916968396,0.08943941863628949,0.07584667998545871,0.07114894723083978,0.04495217572470899,0.08020615721754255,0.06788144276790595,0.06662735387330004,)
96	705584009487662	49853	7	(549:46[0.22000000000000003],591:46[0.15],601:39[0.21000000000000005],603:18[0.15],604:22[0.17],608:79[0.16],609:258[0.16],)	508	-29.29	-458.79035433070857	-10000.0	11	11.392	17	8	(0.09553457172352416,0.06602216953809179,0.09255558347970147,0.0466097141011754,0.09902004039347516,0.05081352200951336,0.03510931277525875,)
97	705662735601867	50381	5	(549:38[0.23000000000000004],601:100[0.22000000000000006],604:151[0.18000000000000002],608:126[0.15],609:92[0.15],)	507	-29.29	-413.85238658777126	-10000.0	11	10.994	15	8	(0.11101549328728484,0.10632972878472659,0.08570354851338062,0.10657523075182564,0.06844162054881862,)
98	705770612594646	50881	5	(549:178[0.24000000000000005],601:92[0.21000000000000005],604:97[0.17],608:33[0.13999999999999999],609:105[0.16],)	505	-29.29	-559.0960792079208	-10000.0	11	11.008	15	8	(0.09536460020628262,0.054106291956309414,0.07990886347878139,0.07525927830606366,0.07875340506022005,)
99	705845967103300	51384	5	(549:151[0.23000000000000004],601:100[0.22000000000000006],604:30[0.18000000000000002],608:100[0.15],609:124[0.15],)	505	-29.29	-404.89110891089115	-10000.0	11	11.256	16	8	(0.09320478438771777,0.04561101123584766,0.04769015363129704,0.1051982730412418,0.07521534333830837,)
100	705943822283730	51884	5	(549:92[0.22000000000000003],601:131[0.21000000000000005],604:95[0.19000000000000003],608:150[0.13999999999999999],609:37[0.13999999999999999],)	505	-29.29	-502.886217821782	-10000.0	11	11.374	17	8	(0.06549152871103817,0.05713967834345966,0.0684785999266147,0.07684354816860883,0.08897817379215525,)
101	706018325993976	52391	5	(549:107[0.23000000000000004],601:79[0.20000000000000004],604:100[0.20000000000000004],608:53[0.12999999999999998],609:166[0.15],)	505	-29.29	-356.1799207920793	-10000.0	11	11.774	18	8	(0.07087616834177722,0.07098590084845499,0.08073218980321409,0.07581844586460974,0.08575411169117189,)
102	706124798062779	52894	6	(549:132[0.22000000000000003],601:59[0.21000000000000005],604:55[0.19000000000000003],608:94[0.13999999999999999],609:139[0.13999999999999999],614:26[0.15],)	505	-29.15	-491.83724752475246	-10000.0	10	11.784	18	8	(0.09066611000331473,0.09497138075208587,0.07189089891048124,0.08873639953185652,0.08171730188406329,0.09426914746080392,)
103	706194786554344	53394	6	(549:102[0.21000000000000002],601:142[0.22000000000000006],604:22[0.20000000000000004],608:74[0.12999999999999998],609:90[0.12999999999999998],614:76[0.16],)	506	-29.15	-368.0615019762846	-10000.0	10	11.476	18	8	(0.09809163900125889,0.08192353284052513,0.09739708852536812,0.08400873562138095,0.09699829515045343,0.0834730413513785,)
104	706271031805484	53894	6	(549:105[0.2],601:115[0.21000000000000005],604:104[0.21000000000000005],608:88[0.13999999999999999],609:37[0.11999999999999998],614:57[0.17],)	506	-29.15	-388.0830039525692	-10000.0	10	11.334	16	8	(0.09385750032511964,0.06941201228560764,0.07979393332908156,0.08312311467015515,0.07555159726554064,0.051397584292609516,)
105	706342045205674	54417	4	(549:38[0.19],601:189[0.20000000000000004],608:83[0.12999999999999998],614:196[0.18000000000000002],)	506	-29.15	-343.8437549407115	-10000.0	10	11.53	17	8	(0.07533546756262738,0.07972384152550556,0.07209542474308936,0.08505836302609268,)
106	706411326985411	54930	5	(549:48[0.2],601:121[0.19000000000000003],608:99[0.13999999999999999],614:178[0.17],616:58[0.15],)	504	-29.15	-342.216884920635	-10000.0	10	11.884	16	8	(0.11437044999279873,0.08786689963841117,0.0930158601099746,0.08931604560966264,0.07763360681666878,)
107	706494379375893	55430	5	(549:265[0.21000000000000002],601:29[0.18000000000000002],608:129[0.15],614:61[0.16],616:21[0.16],)	505	-29.15	-472.0551089108911	-10000.0	10	10.884	16	8	(0.06465365932652198,0.061375036015197726,0.0840015246320549,0.07768938058249063,0.09972849717710867,)
108	706564495834357	55930	5	(549:99[0.2],601:30[0.19000000000000003],608:100[0.13999999999999999],614:112[0.17],616:164[0.17],)	505	-29.15	-370.6314257425743	-9991.94	10	11.482	17	8	(0.06715507994222072,0.10948262084444682,0.07660041026177997,0.08104133341484912,0.05774176366354191,)
109	706657721933680	56442	4	(549:179[0.21000000000000002],601:83[0.20000000000000004],608:128[0.12999999999999998],614:115[0.16],)	505	-29.15	-439.80792079207913	-9985.47	10	11.51	18	8	(0.07634178187195224,0.045440079340428575,0.060475622388545376,0.07855317054219638,)
110	706772159844641	56953	4	(549:48[0.2],601:107[0.21000000000000005],608:223[0.11999999999999998],614:126[0.17],)	504	-29.15	-515.3033928571429	-10000.0	10	12.208	17	8	(0.11123131780090174,0.08061374152783833,0.07828219520834946,0.06519999319292082,)
111	706859223940360	57453	4	(549:201[0.21000000000000002],601:171[0.22000000000000006],608:76[0.10999999999999999],614:56[0.16],)	504	-29.15	-458.5525396825396	-10000.0	10	11.956	18	8	(0.10836821696401562,0.15595955436963915,0.06453029174892119,0.09817128772345586,)
112	706950146949448	57954	4	(549:136[0.2],601:215[0.21000000000000005],608:71[0.11999999999999998],614:82[0.17],)	504	-29.15	-427.0074603174602	-10000.0	10	12.07	18	8	(0.07147284527521973,0.060973299206654064,0.06460154919305762,0.07031931847992301,)
113	707072747112174	58454	4	(549:131[0.19],601:139[0.20000000000000004],608:96[0.12999999999999998],614:138[0.18000000000000002],)	504	-29.15	-560.609126984127	-10000.0	10	12.036	17	8	(0.09091374241417893,0.07164628747319364,0.099463330252896,0.11049974683317651,)
114	707175280473069	58962	6	(549:32[0.18],601:215[0.19000000000000003],608:40[0.13999999999999999],614:134[0.17],620:57[0.15],621:26[0.15],)	504	-29.15	-405.3334325396825	-10000.0	10	12.338	18	8	(0.11250339719077242,0.08950095587428977,0.12007720638892516,0.13020822526037967,0.10303813140664682,0.1065040179295827,)
115	707286724650528	59462	7	(549:201[0.19],601:19[0.18000000000000002],608:99[0.15],614:51[0.16],620:83[0.16],621:21[0.16],623:32[0.15],)	506	-29.15	-541.764743083004	-10000.0	10	11.672	18	8	(0.05837319113412736,0.06362430318958863,0.04061321808737948,0.06291334706644866,0.08006446612638672,0.07261121842875529,0.12037011559335639,)
116	707385313956949	59965	6	(549:43[0.18],601:89[0.19000000000000003],608:18[0.13999999999999999],614:103[0.17],621:92[0.17],623:162[0.16],)	507	-29.15	-451.5764497041419	-9985.21	10	12.094	18	8	(0.05389614284638488,0.06207780931814875,0.08104956266174927,0.06888967895549865,0.10047221720733822,0.06793317508154069,)
117	707481068176030	60471	7	(549:146[0.19],601:61[0.18000000000000002],608:123[0.15],614:60[0.16],621:15[0.16],623:72[0.15],624:29[0.15],)	506	-29.15	-445.1148221343872	-10000.0	10	11.668	17	8	(0.06806321804182032,0.06791396998813028,0.052088776876820266,0.09160936614936994,0.05027019105224427,0.0731906383898151,0.08182191531275325,)
118	707547530692924	60974	7	(549:63[0.18],601:22[0.19000000000000003],608:194[0.13999999999999999],614:28[0.17],621:115[0.17],623:49[0.13999999999999999],624:36[0.16],)	507	-29.15	-319.3133530571992	-9999.08	10	11.474	17	8	(0.0765655417840503,0.050132639150881,0.06805836174893444,0.06284996993697496,0.0398991954008637,0.07453339608640028,0.07768234704289016,)
119	707648843326254	61488	7	(549:105[0.19],601:39[0.20000000000000004],608:77[0.12999999999999998],614:37[0.18000000000000002],621:92[0.16],623:110[0.15],624:47[0.17],)	507	-29.15	-409.2898422090731	-10000.0	10	12.056	17	8	(0.07849605421752208,0.09981686345491235,0.07232603858387888,0.10118967553861231,0.05359019807631394,0.09718694842347751,0.09865334166141433,)
120	707718484431483	61988	7	(549:49[0.18],601:65[0.21000000000000005],608:36[0.11999999999999998],614:103[0.19000000000000003],621:72[0.15],623:91[0.13999999999999999],624:91[0.18000000000000002],)	507	-29.15	-308.7431558185405	-10000.0	10	11.96	18	8	(0.07341247586876572,0.05832019619040283,0.08948130719808942,0.10139003725396613,0.09262218470199717,0.07097634654253897,0.06834415235774113,)
121	707780657808366	62489	7	(549:81[0.19],601:152[0.22000000000000006],608:62[0.12999999999999998],614:69[0.18000000000000002],621:74[0.13999999999999999],623:34[0.12999999999999998],624:35[0.17],)	507	-29.15	-335.2905522682446	-10000.0	10	11.446	19	8	(0.0945399484541146,0.07775798782217777,0.05966766516091425,0.10496356375352472,0.08579873961776674,0.07928055376776763,0.0672919711133834,)
122	707867052471357	63001	6	(549:76[0.18],601:223[0.21000000000000005],614:78[0.19000000000000003],621:23[0.12999999999999998],623:16[0.13999999999999999],624:91[0.18000000000000002],)	507	-29.15	-538.419644970414	-9991.3	10	10.44	19	8	(0.10105462224480177,0.08622305841452872,0.08949327027726882,0.09759050417076158,0.09113530256743839,0.07284501652610949,)
123	707945561950207	63509	6	(549:121[0.19],601:44[0.20000000000000004],614:48[0.20000000000000004],621:117[0.13999999999999999],623:18[0.15],624:158[0.17],)	506	-29.15	-454.37381422924886	-10000.0	10	10.566	19	8	(0.09081539900101662,0.09861438477665413,0.10386665111430264,0.06034455439416069,0.06238456445796286,0.055962204988449525,)
124	708063382415482	64018	6	(601:160[0.21000000000000005],614:68[0.21000000000000005],621:48[0.12999999999999998],623:38[0.16],624:99[0.16],633:93[0.15],)	506	-29.15	-607.9766205533597	-10000.0	10	11.828	20	8	(0.07366759382213993,0.09708602553066596,0.05369326269187145,0.10577384498196014,0.05104139533509062,0.10536341514936629,)
125	708153689087092	64518	6	(601:50[0.20000000000000004],614:104[0.22000000000000006],621:111[0.13999999999999999],623:108[0.17],624:94[0.15],633:39[0.13999999999999999],)	506	-29.15	-430.6580830039526	-10000.0	10	12.352	21	8	(0.07527910137365618,0.09544966721023139,0.05048064963114368,0.07941484403037266,0.05616301709539146,0.040771194266258894,)
126	708224984422000	65023	5	(614:82[0.21000000000000005],621:82[0.12999999999999998],623:125[0.16],624:160[0.13999999999999999],633:57[0.15],)	506	-28.79	-378.53003952569173	-10000.0	12	12.212	21	8	(0.07464336080206373,0.07812059829795899,0.08354122610134425,0.06277399748777752,0.10370840171509083,)
127	708302867736253	65526	6	(614:96[0.22000000000000006],621:94[0.13999999999999999],623:41[0.15],624:55[0.12999999999999998],633:203[0.16],634:16[0.15],)	505	-28.79	-397.36544554455435	-10000.0	12	11.776	21	8	(0.07741388285721826,0.07102446599139474,0.08374462849005451,0.07719413425339765,0.05199109033372612,0.08115303208076645,)
128	708381429699626	66028	6	(614:97[0.21000000000000005],621:108[0.12999999999999998],623:59[0.16],624:146[0.13999999999999999],633:77[0.15],634:19[0.16],)	506	-28.79	-408.68019762845853	-10000.0	12	11.238	20	8	(0.08586785034303793,0.07512561901354718,0.09892653536802243,0.07225254193603578,0.06366617088848357,0.06894530697137426,)
129	708485918335801	66560	6	(614:144[0.20000000000000004],621:114[0.11999999999999998],623:110[0.17],624:68[0.12999999999999998],633:41[0.16],639:29[0.15],)	506	-29.77	-419.44152173913045	-10000.0	14	11.726	21	8	(0.08524091423386781,0.07390374351816445,0.096478598929317,0.06349967705234534,0.07320296869249401,0.061810105446209136,)
130	708606300950724	67073	6	(614:114[0.19000000000000003],621:39[0.10999999999999999],623:110[0.16],624:18[0.13999999999999999],633:117[0.17],639:108[0.16],)	506	-29.77	-565.8546047430831	-10000.0	14	11.802	18	8	(0.09036362978417992,0.06658464095643767,0.087264139463181,0.08098926287541375,0.08739511383182648,0.0697992182554731,)
131	708665070732230	67573	6	(614:85[0.18000000000000002],621:50[0.11999999999999998],623:128[0.15],624:78[0.15],633:59[0.16],639:106[0.15],)	506	-29.77	-310.9907707509882	-10000.0	14	11.472	18	8	(0.10259791730515302,0.08346219429979966,0.08393885270010344,0.05962884441165466,0.09444396347157795,0.08852356880168812,)
132	708748856969160	68077	7	(614:17[0.17],621:50[0.12999999999999998],623:138[0.13999999999999999],624:162[0.16],633:68[0.17],639:46[0.13999999999999999],644:25[0.15],)	506	-29.59	-430.6249802371542	-10000.0	12	11.236	17	8	(0.11336233840738194,0.09790001913051784,0.06553907941730637,0.04984919838080314,0.09302670282432646,0.07268632867688153,0.07146735473841553,)
133	708802604300061	68582	7	(614:112[0.18000000000000002],621:132[0.13999999999999999],623:70[0.12999999999999998],624:27[0.15],633:75[0.18000000000000002],639:73[0.15],644:18[0.16],)	507	-29.59	-241.75380670611437	-10000.0	12	11.566	18	8	(0.031800254511775664,0.07216802390747605,0.07902573172649284,0.08476295275006214,0.07545794838872373,0.07346077849044405,0.06785820526436417,)
134	708894762363536	69083	7	(614:31[0.17],621:205[0.12999999999999998],623:103[0.13999999999999999],624:16[0.16],633:17[0.17],639:64[0.13999999999999999],644:71[0.17],)	507	-29.59	-435.1866074950689	-10000.0	12	11.41	17	8	(0.07033975741097526,0.06753714434761579,0.0895735718802664,0.044484103228145014,0.0820779291172059,0.055040872974091826,0.07658091667820875,)
135	708969191567429	69585	7	(621:85[0.11999999999999998],623:16[0.12999999999999998],624:130[0.17],633:92[0.18000000000000002],639:129[0.15],644:39[0.16],647:16[0.15],)	507	-29.59	-436.03493096646935	-10000.0	12	10.804	18	8	(0.07434507895682525,0.0765162638781734,0.05212694315357934,0.05556332475174653,0.052012567559315305,0.06414811343636131,0.08325447162319437,)
136	709059227544054	70113	5	(621:54[0.10999999999999999],623:147[0.13999999999999999],624:94[0.16],633:133[0.17],639:79[0.13999999999999999],)	507	-29.59	-402.80161735700193	-10000.0	12	10.742	17	8	(0.08184063086097014,0.07540357366074969,0.055956065393687006,0.06082159441204008,0.058983605560190965,)
137	709115148775105	70642	5	(621:100[0.11999999999999998],623:53[0.12999999999999998],624:110[0.17],633:120[0.16],639:122[0.15],)	505	-29.59	-259.57443564356436	-9987.81	12	10.838	18	8	(0.09623854684889938,0.08412212444332258,0.055331556817792525,0.07117055018299859,0.06907833314843563,)
138	709197424767408	71175	4	(623:144[0.13999999999999999],624:188[0.16],633:132[0.15],639:41[0.13999999999999999],)	505	-29.84	-447.17138613861397	-10000.0	11	10.622	15	8	(0.08286039463191322,0.0656627508517723,0.05782606313723513,0.08255407079441578,)
139	709272927698073	71684	5	(623:174[0.12999999999999998],624:90[0.15],633:126[0.13999999999999999],639:85[0.15],658:29[0.15],)	504	-29.58	-383.2895833333334	-10000.0	11	11.038	16	8	(0.07533287524808727,0.06677404597512827,0.05998886104086302,0.0742038666884258,0.0810024118787211,)
140	709320295102039	72187	6	(623:82[0.11999999999999998],624:103[0.16],633:98[0.12999999999999998],639:85[0.16],658:81[0.16],661:56[0.15],)	505	-29.58	-233.81281188118805	-9967.19	11	11.51	17	8	(0.07805844542140841,0.0591942372515241,0.05630604148161541,0.0738590659284667,0.06837653142964033,0.07649932290220145,)
141	709421903133532	72691	6	(623:26[0.12999999999999998],624:121[0.15],633:25[0.11999999999999998],639:150[0.15],658:16[0.17],661:168[0.16],)	506	-29.58	-494.23407114624496	-10000.0	11	11.348	17	8	(0.1112823478218029,0.06333580386566375,0.09291347406765006,0.07296397288453442,0.06194826326744492,0.08269701740624674,)
142	709507978868087	73194	7	(623:38[0.13999999999999999],624:48[0.13999999999999999],633:118[0.12999999999999998],639:65[0.13999999999999999],658:96[0.18000000000000002],661:101[0.15],664:40[0.15],)	506	-29.58	-408.3542490118577	-10000.0	11	11.598	17	8	(0.06162079863358471,0.09432678084684465,0.08272093188311849,0.09469960302105025,0.07338938249949589,0.09685347824927623,0.08758967826674997,)
143	709583528387814	73704	8	(623:25[0.15],624:38[0.15],633:51[0.11999999999999998],639:16[0.15],658:100[0.17],661:94[0.13999999999999999],664:140[0.16],666:43[0.15],)	507	-29.58	-317.5747928994083	-10000.0	11	11.55	17	8	(0.09947474593863154,0.06221336465526833,0.0776647421825406,0.09063511515111493,0.0697083192853992,0.09404929186811634,0.07100129374944648,0.07422412760632899,)
144	709650814784994	74216	9	(623:85[0.16],624:160[0.16],633:43[0.12999999999999998],639:23[0.16],658:55[0.16],661:81[0.12999999999999998],666:19[0.16],669:20[0.15],670:22[0.15],)	508	-29.0	-302.67496062992126	-10000.0	10	10.844	17	8	(0.08148140818891446,0.0826023918303298,0.06193815269854436,0.11418307822833577,0.05996436098380756,0.09880542221583613,0.08882746126904567,0.11740658649575482,0.08182599082516893,)
145	709707000475446	74735	8	(623:43[0.15],624:45[0.15],633:65[0.13999999999999999],658:62[0.15],661:48[0.11999999999999998],669:53[0.16],670:137[0.16],672:56[0.15],)	509	-29.0	-312.1661886051081	-9997.84	10	10.274	17	8	(0.10020043529852372,0.06184793043258686,0.07216339276637718,0.07757622063723593,0.059279000480709824,0.04241472320438614,0.05247349052811701,0.08996170433792908,)
146	709786080716944	75266	7	(623:42[0.16],624:75[0.16],633:71[0.12999999999999998],658:107[0.13999999999999999],661:142[0.12999999999999998],670:33[0.15],675:38[0.15],)	508	-29.0	-455.6463188976378	-10000.0	10	10.724	18	8	(0.0718373960318702,0.05299223877410965,0.05693650736080538,0.06923129400103577,0.044045507150613034,0.06481474581175849,0.09239644837877704,)
147	709844076072964	75796	5	(623:38[0.17],624:78[0.15],661:105[0.11999999999999998],670:230[0.16],675:56[0.16],)	507	-29.77	-398.1259368836291	-10000.0	13	9.928	18	8	(0.09707131873525045,0.05896417005449578,0.04770274985218179,0.051332041337918334,0.05731403603424089,)
148	709910085427314	76300	7	(623:34[0.18000000000000002],624:59[0.16],661:85[0.10999999999999999],670:110[0.15],675:113[0.17],678:80[0.15],679:24[0.15],)	505	-29.77	-383.56714851485145	-9960.05	13	10.46	19	8	(0.09549775007773759,0.0996959001634734,0.06094290459252155,0.05854827820771515,0.053993351829960484,0.09075661828456909,0.06848398082719581,)
149	709973116340735	76800	8	(623:15[0.19000000000000003],624:108[0.17],661:27[0.09999999999999999],670:39[0.13999999999999999],675:36[0.16],678:38[0.13999999999999999],679:224[0.16],681:20[0.15],)	507	-29.77	-402.80325443786995	-9922.03	13	10.174	17	8	(0.11890026237555591,0.05585594498627929,0.03695025025385679,0.06834584656542306,0.0934010939612451,0.043987175784212774,0.04632767449136841,0.06674809250056273,)
