alpha = 0.15
gamma = 1.0
lambda = 0.6
epsilon = 0.3
randomSeed = 111
GREAT!
Xover: 4
---- Evolution parameters ----
Folder name:          NMSarsa_MountainCar-PuddleWorld/run_351999855812567
Random seed:          111
GREAT activated:      true
Max iterations:       150
Population size:      500
GREAT initialization  true
Speciation threshold: 0.15
Species min size:     15
Tournament size:      3
Crossover rate:       0.2
Mutation rate:        0.8
Crossovers:
	AligningCrossover_v4(0.15)
Mutations:
	AddGeneMutation(maxSize=2147483647, prob=0.33)
	DeleteGeneMutation(minSize=8, prob=0.33)
	ChangeGeneMutation(prob=0.33)
------------------------------

---- Starting evolution ----
IT	Nanotime	#Eval	#Species	Species size	PopSize	Best	Avg	Worst	Best GRN Size	Avg GRN size	Max GRN size	Min GRN size	Species avgdist2rep
0	354289869548399	997	1	(471:499[0.15],)	499	-980.0399999999879	-4206.669218436878	-5101.0999999999985	14	10.706	16	8	(0.07682343714800664,)
1	355705015888006	1497	1	(471:501[0.16],)	501	-722.2700000000051	-4103.887664670663	-5101.0999999999985	8	11.14	16	8	(0.06628553915028673,)
2	357123537067749	1997	1	(471:501[0.15],)	501	-248.26999999999566	-4017.330239520966	-5101.0999999999985	12	11.216	16	8	(0.06375546327400962,)
3	358605287090392	2510	1	(471:501[0.13999999999999999],)	501	-248.26999999999566	-3890.2848303393266	-5101.0999999999985	12	11.552	17	8	(0.052573116269296186,)
4	360045899927834	3011	2	(471:278[0.12999999999999998],474:223[0.15],)	501	283.8299999999883	-3756.6151097804395	-5101.0999999999985	12	11.61	17	8	(0.061332629861922706,0.07291915671431147,)
5	361549050267679	3529	2	(471:229[0.11999999999999998],474:273[0.16],)	502	493.250000000015	-3732.3328087649406	-5101.0999999999985	10	11.896	17	8	(0.06086536174112646,0.06006621832480632,)
6	362993964911953	4029	3	(471:234[0.12999999999999998],474:252[0.15],480:16[0.15],)	502	1186.4500000000157	-3553.412231075696	-5101.0999999999985	13	11.932	18	8	(0.05802694673271667,0.057647577189086176,0.0730963819975032,)
7	364519095248985	4535	3	(471:262[0.11999999999999998],474:52[0.13999999999999999],480:189[0.16],)	503	1186.4500000000157	-3441.70568588469	-5101.0999999999985	13	12.438	18	8	(0.058656413693381114,0.059488027783402515,0.046242332998748505,)
8	365936030007042	5049	3	(471:169[0.10999999999999999],474:131[0.15],480:203[0.15],)	503	1020.1300000000197	-3058.71819085487	-5101.0999999999985	12	12.016	17	8	(0.06204250295137417,0.036315680486754466,0.04666780741368187,)
9	367370241916461	5572	3	(471:164[0.09999999999999999],474:129[0.16],480:210[0.13999999999999999],)	503	1031.3000000000193	-2922.857952286281	-5101.0999999999985	12	12.27	18	8	(0.06488356858639643,0.06588714481512956,0.06812137235258268,)
10	368736781588520	6074	6	(471:100[0.10999999999999999],474:90[0.17],480:223[0.12999999999999998],487:42[0.15],488:24[0.15],490:24[0.15],)	503	1055.5900000000197	-2715.575387673956	-5101.0999999999985	13	12.49	18	8	(0.08161645166625853,0.08219616806021754,0.06410947568657606,0.0983073931623228,0.06471892312757137,0.060541674372344485,)
11	369908011938559	6581	6	(471:35[0.09999999999999999],474:206[0.16],480:82[0.11999999999999998],487:22[0.16],488:39[0.16],490:122[0.16],)	506	1167.190000000019	-2239.0907707509878	-5101.0999999999985	9	12.04	18	8	(0.05905183763305743,0.05540068439907025,0.05301986898387618,0.0659795470511768,0.05240772183372982,0.05055528380851912,)
12	371188292841994	7081	6	(471:64[0.10999999999999999],474:131[0.15],480:97[0.12999999999999998],487:60[0.17],488:41[0.17],490:113[0.15],)	506	1167.190000000019	-2345.6813636363618	-5101.0999999999985	9	12.796	19	8	(0.054011024728819725,0.06823067830855975,0.05387729228286355,0.048409388315996345,0.03097628473065451,0.042972141991259476,)
13	372476746980398	7581	6	(471:125[0.11999999999999998],474:17[0.13999999999999999],480:95[0.11999999999999998],487:46[0.18000000000000002],488:128[0.18000000000000002],490:95[0.13999999999999999],)	506	1203.6500000000178	-2359.284683794464	-5101.0999999999985	14	13.046	19	8	(0.04773274792989115,0.05560638726198407,0.06237556922304281,0.07551747708598523,0.036166714295050105,0.06140578368257707,)
14	373813415829443	8081	6	(471:32[0.10999999999999999],474:46[0.15],480:86[0.10999999999999999],487:158[0.19000000000000003],488:142[0.17],490:42[0.12999999999999998],)	506	1203.6500000000178	-2713.4269169960457	-5101.0999999999985	14	12.66	20	8	(0.07603083259342464,0.05462974681447618,0.07958703938792504,0.07437136906040817,0.05147497960106625,0.08092561405561376,)
15	375123579880092	8585	6	(471:118[0.11999999999999998],474:90[0.16],480:94[0.09999999999999999],487:60[0.18000000000000002],488:126[0.16],490:18[0.13999999999999999],)	506	1203.6500000000178	-2586.6990909090905	-5101.0999999999985	14	12.734	21	8	(0.07571121905639035,0.08165090194007055,0.051970426053243694,0.08567040142512869,0.04184757034766874,0.05668102291573069,)
16	376578740033948	9088	6	(471:205[0.10999999999999999],474:28[0.15],480:24[0.09],487:43[0.19000000000000003],488:116[0.15],490:90[0.15],)	506	1203.6500000000178	-2989.343162055337	-5101.0999999999985	14	13.158	22	8	(0.05137900591119842,0.07457056782826761,0.054889177608183716,0.06467824608585954,0.07333871262929258,0.031939271997650745,)
17	377930914817188	9588	6	(471:148[0.09999999999999999],474:34[0.16],480:65[0.09999999999999999],487:89[0.20000000000000004],488:86[0.13999999999999999],490:84[0.13999999999999999],)	506	1203.6500000000178	-2900.568577075101	-5101.0999999999985	14	12.66	23	8	(0.06518362844778357,0.09155594643307881,0.04196248892107536,0.08232552397495235,0.07677456086912228,0.06743732055957875,)
18	379193801388269	10092	7	(471:50[0.09],474:33[0.17],480:115[0.10999999999999999],487:41[0.19000000000000003],488:107[0.12999999999999998],490:119[0.12999999999999998],494:41[0.15],)	506	1203.6500000000178	-2778.710118577076	-5101.0999999999985	14	12.262	20	8	(0.0585503765832568,0.05907790192857393,0.039895064103874056,0.09233511263975373,0.0752629420586864,0.047631907856932734,0.08079251524254914,)
19	380518575049599	10595	7	(471:125[0.09999999999999999],474:27[0.18000000000000002],480:105[0.09999999999999999],487:50[0.20000000000000004],488:53[0.11999999999999998],490:79[0.11999999999999998],494:70[0.16],)	509	1157.9800000000196	-2715.9432986247552	-5101.0999999999985	10	12.66	21	8	(0.06604072948354538,0.11901730618907214,0.04401762731909794,0.0827975665770154,0.042229138981633434,0.05723441808224958,0.0458315846908649,)
20	381821517745612	11105	6	(471:48[0.09],474:81[0.19000000000000003],480:85[0.09],488:84[0.12999999999999998],490:164[0.10999999999999999],494:45[0.17],)	507	1157.9800000000196	-2618.958126232742	-5101.0999999999985	10	12.522	21	8	(0.05817936984286349,0.06672084059668512,0.03947800611037204,0.05667824951277937,0.055420732891887196,0.05618704004300011,)
21	383197882224027	11613	6	(471:79[0.09999999999999999],480:136[0.08],488:164[0.11999999999999998],490:43[0.09999999999999999],494:38[0.18000000000000002],497:46[0.15],)	506	1005.390000000019	-2789.2372332015816	-5101.0999999999985	12	12.972	22	8	(0.06298203992626017,0.044560254456406996,0.06650354258463011,0.06752655624145838,0.09743130377608715,0.0626430459291172,)
22	384645865878078	12113	8	(471:65[0.10999999999999999],480:50[0.07],488:47[0.10999999999999999],490:204[0.10999999999999999],494:53[0.19000000000000003],497:55[0.16],498:17[0.15],499:15[0.15],)	506	1038.5700000000188	-2854.8465019762857	-5101.0999999999985	11	13.408	23	9	(0.06446187326517556,0.05023413651634298,0.07531105618459118,0.06876127880862884,0.08430377541680874,0.08145930685563152,0.07303172913566564,0.07923320050113901,)
23	385993516179329	12621	8	(471:81[0.09999999999999999],480:129[0.08],488:62[0.11999999999999998],490:72[0.09999999999999999],494:58[0.20000000000000004],497:28[0.17],498:15[0.16],499:70[0.16],)	515	1030.8700000000172	-2650.763650485439	-5101.0999999999985	12	13.186	22	8	(0.0578231143781001,0.05719611485813598,0.05977956060332433,0.0619737982470872,0.03992831690625777,0.12246867661764124,0.06200926170679767,0.05829177258351709,)
24	387403611751981	13137	7	(471:106[0.09],480:39[0.07],490:43[0.09],494:107[0.21000000000000005],497:85[0.18000000000000002],498:71[0.17],499:57[0.15],)	508	1030.910000000017	-2826.846830708663	-5101.0999999999985	13	13.166	23	8	(0.05970296251810117,0.0481536159573536,0.07272524960534735,0.07753379938148286,0.1039793103929148,0.031044595163415605,0.08236256831967075,)
25	388940117216784	13667	6	(471:88[0.08],490:105[0.09999999999999999],494:58[0.20000000000000004],497:141[0.17],498:67[0.16],499:48[0.16],)	507	1341.5300000000211	-2820.865818540435	-5101.0999999999985	15	13.784	22	9	(0.059475537667443464,0.06553344730407099,0.057489982272739076,0.08012479591381429,0.06823112347727919,0.09163306329644812,)
26	390422961712285	14178	5	(490:35[0.09],494:172[0.21000000000000005],497:104[0.16],498:60[0.17],499:135[0.17],)	506	1341.5300000000211	-2681.625691699606	-5101.0999999999985	15	13.846	23	8	(0.03599926949492247,0.06828507613885183,0.07037266688898992,0.0694144649018788,0.08260390117941933,)
27	391928302081006	14678	5	(490:144[0.09999999999999999],494:127[0.20000000000000004],497:90[0.15],498:52[0.18000000000000002],499:92[0.16],)	505	1341.5300000000211	-2830.9463980198025	-5101.0999999999985	15	13.864	23	8	(0.0308185893472009,0.08188990179619894,0.08140973222986515,0.10317525258980789,0.048854589525078256,)
28	393556883985581	15178	5	(490:126[0.09],494:61[0.19000000000000003],497:84[0.16],498:43[0.19000000000000003],499:191[0.17],)	505	1341.5300000000211	-2968.109544554457	-5101.0999999999985	15	14.278	22	9	(0.034146989424996804,0.08465380844650112,0.0861986700850027,0.08003796316380676,0.07813278335298275,)
29	395018173906025	15678	5	(490:139[0.08],494:82[0.20000000000000004],497:114[0.17],498:103[0.20000000000000004],499:67[0.16],)	505	1341.5300000000211	-2640.721831683169	-5101.0999999999985	15	13.852	22	8	(0.06291692610994822,0.10285949413919161,0.09743013420874028,0.10381404591007842,0.09637351753954077,)
30	396360165943053	16178	5	(490:102[0.07],494:151[0.21000000000000005],497:104[0.16],498:108[0.19000000000000003],499:40[0.17],)	505	1341.5300000000211	-2149.440722772277	-5101.0999999999985	15	14.138	19	8	(0.043113940234092055,0.0968232780149494,0.08787938498960345,0.11222895935177514,0.11744544578342506,)
31	397722280265428	16678	6	(490:34[0.060000000000000005],494:191[0.20000000000000004],497:188[0.15],498:24[0.18000000000000002],499:47[0.18000000000000002],504:21[0.15],)	505	1587.8400000000233	-2179.3091089108902	-5101.0999999999985	16	14.418	19	8	(0.05228599935560102,0.08551363209669507,0.08703021511712658,0.09901246669234925,0.09749274192436312,0.07287298668587769,)
32	399213761764103	17212	4	(490:96[0.07],494:140[0.19000000000000003],497:151[0.13999999999999999],499:149[0.19000000000000003],)	536	1587.8400000000233	-2168.4711007462697	-5101.0999999999985	16	15.55	19	8	(0.029848479093420408,0.06765486188243182,0.0921379416206705,0.07214192036275728,)
33	400563638182097	17712	4	(490:147[0.08],494:172[0.18000000000000002],497:40[0.12999999999999998],499:145[0.18000000000000002],)	504	1700.160000000027	-1891.8296825396824	-5101.0999999999985	16	15.04	20	9	(0.06571812563820942,0.07116600776675881,0.08085184556399992,0.0943017003503564,)
34	401830769339271	18220	4	(490:67[0.07],494:89[0.17],497:40[0.13999999999999999],499:308[0.17],)	504	1700.160000000027	-1752.912043650793	-5101.0999999999985	16	14.806	21	9	(0.061113660781433224,0.04395464083372336,0.04518850537711462,0.0877434008964786,)
35	403230273735283	18720	4	(490:178[0.08],494:82[0.18000000000000002],497:163[0.15],499:81[0.16],)	504	1700.160000000027	-1787.1483968253965	-5101.0999999999985	16	15.2	22	8	(0.045671543912267874,0.09937858567262005,0.11068167114071772,0.08884430640959469,)
36	404617650763312	19220	4	(490:139[0.07],494:189[0.19000000000000003],497:118[0.13999999999999999],499:58[0.17],)	504	1700.160000000027	-1546.4267202380936	-5101.0999999999985	16	15.658	22	8	(0.03401283854436335,0.06890913703240034,0.05081962975755508,0.05653803142693521,)
37	406253502994393	19720	4	(490:83[0.060000000000000005],494:160[0.18000000000000002],497:81[0.15],499:180[0.18000000000000002],)	504	1700.160000000027	-2303.1337103174606	-5101.0999999999985	16	15.888	23	9	(0.05177823563720939,0.07525409120852072,0.06237879560975867,0.04037061248426668,)
38	407887877499006	20220	4	(490:181[0.07],494:82[0.17],497:53[0.16],499:188[0.17],)	504	1700.160000000027	-2217.379920634921	-5101.0999999999985	16	15.988	24	9	(0.03376738900114743,0.0810627607385971,0.0653907731868942,0.05072725942501265,)
39	409472518010046	20720	4	(490:56[0.060000000000000005],494:197[0.18000000000000002],497:108[0.17],499:143[0.16],)	504	1700.160000000027	-1996.743194444444	-5101.0999999999985	16	16.21	24	10	(0.03623995007448517,0.08298691351487744,0.04168359173782266,0.03697740350986738,)
40	410900482674705	21220	4	(490:88[0.07],494:213[0.17],497:75[0.18000000000000002],499:128[0.15],)	504	1700.160000000027	-1632.2524801587292	-5101.0999999999985	16	16.164	24	10	(0.04452411595979735,0.03844566442488522,0.044937102750155784,0.048247326577422256,)
41	412459480965390	21731	3	(490:260[0.08],494:197[0.16],499:47[0.13999999999999999],)	504	1700.160000000027	-1866.4632738095236	-5101.0999999999985	16	16.6	23	9	(0.05318384937737575,0.05309052653009323,0.07257712738462702,)
42	413861342493882	22231	3	(490:191[0.07],494:201[0.15],499:111[0.15],)	503	1700.160000000027	-1158.2169980119259	-5101.0999999999985	16	17.762	24	9	(0.05248665499757982,0.052499659587901704,0.06736840764608594,)
43	415081853727378	22750	3	(490:112[0.060000000000000005],494:211[0.13999999999999999],499:198[0.16],)	521	1457.3300000000213	-408.661976967367	-5101.0999999999985	21	19.534	25	11	(0.03484759795417828,0.03820457075089521,0.06396972487394458,)
44	416736086739249	23321	2	(490:389[0.07],494:179[0.12999999999999998],)	568	2032.3600000000342	-2015.2401566901403	-5101.0999999999985	17	17.738	21	10	(0.04073780774788031,0.05367035755116377,)
45	417902833104125	23821	2	(490:293[0.060000000000000005],494:209[0.13999999999999999],)	502	2032.3600000000342	-918.137912350595	-5101.0999999999985	17	16.554	22	11	(0.0425417011289509,0.05395585825143769,)
46	418851290406602	24321	2	(490:208[0.05],494:294[0.15],)	502	2385.3600000000333	-294.08197211155107	-5101.0999999999985	13	16.786	22	10	(0.02469803629579877,0.032998564131232005,)
47	419745120295367	24821	2	(490:318[0.060000000000000005],494:184[0.13999999999999999],)	502	3097.970000000041	-268.2422908366503	-5101.0999999999985	19	16.312	23	9	(0.04382867137385559,0.057252566366141996,)
48	420533564449025	25321	3	(490:191[0.05],494:267[0.15],506:44[0.15],)	502	3097.970000000041	-91.9210358565697	-5101.0999999999985	19	15.192	23	8	(0.033953691924730404,0.04988106357487028,0.05808385146015431,)
49	421814930670538	26173	2	(494:461[0.13999999999999999],506:393[0.16],)	854	1275.3600000000213	-526.9438969555002	-5101.0999999999985	19	23.592	23	9	(0.05590101168138723,0.030028033609412943,)
50	422521269778492	26673	2	(494:274[0.12999999999999998],506:228[0.15],)	502	1279.6200000000206	-278.8599980079651	-5101.0999999999985	17	13.864	24	8	(0.04534535525187024,0.04216193033366395,)
51	423219868328259	27173	2	(494:56[0.11999999999999998],506:446[0.16],)	502	1327.0100000000216	-744.7128585657346	-5101.0999999999985	16	12.43	23	9	(0.061903800891510215,0.03556038794029454,)
52	424094032753949	27844	1	(506:664[0.15],)	664	1894.7600000000266	-552.9518930722861	-5101.0999999999985	10	16.124	16	8	(0.027413285895097436,)
53	424726155822775	28344	3	(506:366[0.13999999999999999],507:81[0.15],508:54[0.15],)	501	1894.7600000000266	-379.3795209580812	-5101.0999999999985	10	12.342	17	9	(0.08282647528931794,0.0916276939721228,0.07539392737502053,)
54	425373238418402	28849	3	(506:409[0.12999999999999998],507:74[0.16],508:24[0.16],)	507	1894.7600000000266	-290.08396449703866	-5101.0999999999985	10	12.728	17	8	(0.02850030033746253,0.02880111223938456,0.0346295361151323,)
55	426024763448674	29349	3	(506:80[0.11999999999999998],507:157[0.17],508:266[0.17],)	503	1894.7600000000266	-75.46192842941902	-5101.0999999999985	10	13.564	17	9	(0.04991371019890155,0.042796893897465126,0.03407642126980006,)
56	426902319448313	30007	3	(506:69[0.12999999999999998],507:245[0.18000000000000002],508:346[0.16],)	660	1894.7600000000266	-596.465575757573	-5101.0999999999985	10	15.748	15	8	(0.04321869382412665,0.05512115247495806,0.05235396488242825,)
57	427528836257975	30507	3	(506:76[0.13999999999999999],507:214[0.17],508:213[0.15],)	503	1894.7600000000266	-445.1924254473134	-5101.0999999999985	10	11.914	16	8	(0.04152678077732761,0.06649104367686369,0.05867486253461743,)
58	428151641882926	31007	5	(506:92[0.15],507:40[0.16],508:333[0.13999999999999999],509:21[0.15],510:17[0.15],)	503	1894.7600000000266	-339.052405566596	-5101.0999999999985	10	12.212	16	8	(0.05379151216377216,0.05334826293890512,0.06737598937409778,0.06897562052698918,0.06611431487183418,)
59	428774588186980	31507	5	(506:23[0.16],507:241[0.17],508:40[0.12999999999999998],509:106[0.16],510:94[0.16],)	504	2708.680000000038	-717.1927380952347	-5101.0999999999985	11	11.172	17	8	(0.08595920952626156,0.047228059680464674,0.07632269670547749,0.058092797165602394,0.04087139165677215,)
60	429358840868695	32029	4	(506:63[0.17],507:259[0.16],509:118[0.15],510:85[0.17],)	525	2708.680000000038	-346.3045333333293	-5101.0999999999985	11	11.686	17	8	(0.04219899990294575,0.03284839210998235,0.04273462903085533,0.016931947265040954,)
61	430041625461079	32591	3	(507:144[0.15],509:378[0.16],510:41[0.18000000000000002],)	563	2708.680000000038	-385.90128952042056	-5101.0999999999985	11	12.944	15	8	(0.04125325682717647,0.03235135610144409,0.040240228454140305,)
62	430812773160818	33234	3	(507:313[0.16],509:61[0.15],510:271[0.19000000000000003],)	645	2708.680000000038	-304.33314728681654	-5101.0999999999985	11	15.04	16	8	(0.040956220665204,0.07836059255274877,0.0644281770116204,)
63	431449409343859	33734	3	(507:146[0.15],509:300[0.16],510:57[0.18000000000000002],)	503	2708.680000000038	-85.16120675943836	-5101.0999999999985	11	12.862	17	8	(0.05779407569901304,0.051666331904413255,0.058538272963767894,)
64	432340608841955	34477	3	(507:674[0.16],509:22[0.15],510:49[0.19000000000000003],)	745	2588.7800000000384	-220.26554362415715	-5101.0999999999985	15	17.982	17	8	(0.05017044816129373,0.08182943106494661,0.06261541981028287,)
65	433009114231383	34977	3	(507:205[0.15],509:115[0.16],510:183[0.20000000000000004],)	503	2588.7800000000384	-396.0231510934372	-5101.0999999999985	15	12.742	16	8	(0.07981350003849516,0.06353432454324957,0.07406544197706193,)
66	434040478068886	35676	3	(507:126[0.13999999999999999],509:53[0.17],510:522[0.19000000000000003],)	701	2782.9300000000358	-399.41391155491806	-5101.0999999999985	14	18.656	17	8	(0.0740898047985822,0.07260532718848546,0.03796986905694325,)
67	434689121833850	36176	4	(507:268[0.15],509:204[0.18000000000000002],510:15[0.18000000000000002],511:16[0.15],)	503	2846.500000000038	-143.88314512921968	-5101.0999999999985	15	13.212	18	8	(0.08205847785759944,0.04269054359836263,0.08291747305253691,0.06587027657956757,)
68	435820926694030	37081	3	(507:239[0.13999999999999999],509:317[0.17],511:350[0.16],)	906	2846.500000000038	-46.12134437085945	-5101.0999999999985	15	24.512	19	8	(0.09188062840728489,0.06342280446994138,0.08967779330341033,)
69	439720245504292	40379	3	(507:1709[0.12999999999999998],509:23[0.16],511:1567[0.15],)	3299	1286.4900000000198	-177.2538123673843	-5101.0999999999985	14	83.342	16	8	(0.05814028033998715,0.06692282796587476,0.03971124754080329,)
70	443480091423633	44638	2	(509:3306[0.17],511:947[0.13999999999999999],)	4253	1280.5400000000202	200.15815236303797	-5101.0999999999985	13	98.992	14	9	(0.05590276085986858,0.08023241417950329,)
71	443997033035543	45138	2	(509:67[0.16],511:435[0.12999999999999998],)	502	1280.5400000000202	-63.09165737051653	-5101.0999999999985	13	12.064	15	8	(0.06436579742220586,0.028590109741426294,)
72	444519216518511	45638	2	(509:139[0.17],511:363[0.11999999999999998],)	502	1283.0100000000189	16.107189243029385	-5101.0999999999985	10	12.286	16	8	(0.05076966194909056,0.04320586908207844,)
73	445461421224659	46586	2	(509:772[0.18000000000000002],511:177[0.10999999999999999],)	949	1278.3800000000203	169.39207376185482	-5101.0999999999985	12	23.886	16	9	(0.046478862238552535,0.06270869592017635,)
74	446039402451655	47086	3	(509:160[0.17],511:316[0.11999999999999998],512:26[0.15],)	502	1285.6800000000208	53.61496215139642	-5101.0999999999985	14	13.196	17	8	(0.09110880576978497,0.061239172797136546,0.09298777528528333,)
75	447237707994841	48088	2	(511:34[0.10999999999999999],512:969[0.16],)	1003	1288.3600000000215	-57.54968394815108	-5101.0999999999985	14	27.024	17	8	(0.08652356692809071,0.033680371091626825,)
76	447774932714056	48706	1	(511:612[0.11999999999999998],)	612	1320.2000000000216	455.10492973856515	-5101.0999999999985	13	14.898	14	10	(0.05360524253065142,)
77	448275482928671	49206	1	(511:501[0.10999999999999999],)	501	1325.100000000022	181.70233532934517	-5101.0999999999985	12	12.292	15	9	(0.033209320806925784,)
78	448758083045056	49706	2	(511:468[0.09999999999999999],513:33[0.15],)	501	1325.100000000022	278.0361616766503	-5101.0999999999985	12	12.42	16	9	(0.040337225482477944,0.05805950886318103,)
79	449216679566120	50209	2	(511:231[0.09],513:271[0.16],)	502	1327.6500000000221	356.60952988048206	-5101.0999999999985	11	12.218	16	8	(0.04242335721013115,0.04500023558918512,)
80	449686836580359	50709	2	(511:259[0.09999999999999999],513:243[0.15],)	502	1327.6500000000221	391.1664342629534	-5101.0999999999985	11	12.336	17	9	(0.04813441358636881,0.0752867558690263,)
81	450257847974188	51209	2	(511:174[0.09],513:328[0.16],)	502	1329.7700000000216	-44.32925896413887	-5101.0999999999985	14	12.328	17	8	(0.047718020745137264,0.062382267872641256,)
82	450773732058784	51710	2	(511:344[0.09999999999999999],513:158[0.15],)	502	1329.7700000000216	274.65775298805306	-5101.0999999999985	14	12.612	18	8	(0.047018335329611124,0.05634245146026632,)
83	451340197541676	52218	2	(511:326[0.09],513:176[0.16],)	502	1331.4700000000216	292.8501792828756	-5101.0999999999985	11	13.066	18	8	(0.049932120551832535,0.06303769147183744,)
84	451907889384206	52731	2	(511:374[0.08],513:128[0.17],)	502	1331.4700000000216	346.85517928287663	-5101.0999999999985	11	13.332	19	9	(0.0464792910437147,0.0900206266904642,)
85	452495769669897	53231	2	(511:305[0.07],513:197[0.18000000000000002],)	502	1350.9400000000219	249.94954183267677	-5101.0999999999985	12	13.384	20	8	(0.045671465097528376,0.09908023727165341,)
86	453087924514057	53745	2	(511:174[0.060000000000000005],513:328[0.19000000000000003],)	502	1350.9400000000219	330.7638625498082	-5101.0999999999985	12	13.446	19	8	(0.05168591056243577,0.10625868253295805,)
87	453707332160518	54245	3	(511:306[0.07],513:165[0.18000000000000002],520:31[0.15],)	502	1350.9400000000219	161.95250996016614	-5101.0999999999985	12	13.62	19	8	(0.04421659731763048,0.08769605329593659,0.11016968104700507,)
88	455093365316749	55425	2	(513:729[0.19000000000000003],520:425[0.16],)	1154	1339.3600000000213	171.88924350087393	-5101.0999999999985	14	29.696	17	8	(0.10316421971635133,0.09730703544455215,)
89	456464502847812	56535	2	(513:362[0.18000000000000002],520:745[0.15],)	1107	1344.6800000000217	349.3802935862769	-5101.0999999999985	14	31.252	18	8	(0.05566963231083825,0.06143905653923908,)
90	457098252400853	57040	2	(513:386[0.17],520:116[0.13999999999999999],)	502	1344.6800000000217	264.925762948216	-5101.0999999999985	14	14.09	18	9	(0.03120441122814109,0.02458689259692731,)
91	457714660740993	57541	2	(513:36[0.16],520:466[0.15],)	502	1344.6800000000217	394.44910956176017	-5101.0999999999985	14	14.474	19	9	(0.031007071493932187,0.029498770362424955,)
92	458324834511197	58042	2	(513:124[0.17],520:378[0.13999999999999999],)	502	1344.6800000000217	539.5565139442311	-5101.0999999999985	14	14.844	19	10	(0.03385595925414371,0.034657018784262875,)
93	459087660797548	58552	1	(520:502[0.12999999999999998],)	502	1344.6800000000217	118.14852589642163	-5101.0999999999985	14	15.37	20	10	(0.04058690315045512,)
94	459762353381784	59052	1	(520:501[0.11999999999999998],)	501	1344.6800000000217	419.54254890220227	-5101.0999999999985	14	15.384	20	10	(0.0405222105549651,)
95	460543588869211	59572	1	(520:501[0.10999999999999999],)	501	1344.6800000000217	190.35357285429893	-5101.0999999999985	14	15.62	22	10	(0.04878423356605813,)
96	461298360254654	60079	2	(520:484[0.09999999999999999],529:17[0.15],)	501	1344.6800000000217	287.2158123752574	-5101.0999999999985	14	15.766	23	9	(0.05163228179498383,0.05730822051147134,)
97	464654534788641	62979	2	(520:28[0.09],529:2873[0.16],)	2901	1346.2100000000219	217.54339227853234	-5101.0999999999985	14	76.278	17	8	(0.06863611534769719,0.040560573743129186,)
98	485756159754119	81445	3	(520:348[0.09999999999999999],529:18076[0.15],531:43[0.15],)	18467	2321.4000000000337	303.2693723940131	-5101.0999999999985	14	488.066	18	9	(0.05837864141108724,0.05357744321492165,0.07007698213228003,)
99	486711448741337	82278	4	(520:358[0.09],529:420[0.13999999999999999],531:19[0.16],532:38[0.15],)	835	2877.9900000000403	294.458153293421	-5101.0999999999985	13	21.864	18	8	(0.05068946885100113,0.0539320043966948,0.03512861984860645,0.06391030969460716,)
100	488578963642669	83480	2	(529:35[0.12999999999999998],532:1166[0.16],)	1201	1972.100000000031	-814.1275903413745	-5101.0999999999985	12	28.6	15	10	(0.09350736071132731,0.0403607471422266,)
101	489481551361449	83980	2	(529:304[0.13999999999999999],532:198[0.15],)	502	1972.100000000031	-903.6097868525885	-5101.0999999999985	12	13.244	16	9	(0.04484056234619684,0.028125769171355827,)
102	490476061323469	84520	1	(529:533[0.12999999999999998],)	533	1340.0600000000222	-801.8187054408994	-5101.0999999999985	13	15.152	17	11	(0.08365341115711934,)
103	491171310009596	85020	2	(529:420[0.11999999999999998],533:81[0.15],)	501	1350.8200000000215	20.561684630743144	-5101.0999999999985	15	14.152	17	10	(0.053207701285333,0.06450506892764649,)
104	491874591322346	85595	2	(529:255[0.10999999999999999],533:321[0.16],)	576	1333.250000000022	94.18147916667283	-5101.0999999999985	11	14.662	16	9	(0.04500628132099848,0.05160498945634885,)
105	492356229529471	86095	3	(529:309[0.09999999999999999],533:137[0.15],534:56[0.15],)	502	2114.090000000039	429.18397211156014	-5101.0999999999985	10	12.086	16	8	(0.03806988043722741,0.03366053543711362,0.046445204317154994,)
106	492934166566106	86595	3	(529:291[0.09],533:77[0.16],534:135[0.16],)	503	2114.090000000039	118.39908548708489	-5101.0999999999985	10	12.182	17	8	(0.04425801920052793,0.045673496326251166,0.032818936849765945,)
107	493847614102267	87455	3	(529:197[0.08],533:263[0.17],534:402[0.17],)	862	2169.06000000003	190.05477726218874	-5101.0999999999985	8	19.896	18	8	(0.059366752222026954,0.05715395935189905,0.05037870681501047,)
108	494393338532119	87955	3	(529:139[0.07],533:199[0.16],534:165[0.16],)	503	2169.06000000003	288.56976143141975	-5101.0999999999985	8	12.168	19	8	(0.05372520154126883,0.07543790316666901,0.055093143468045454,)
109	494900997120463	88455	3	(529:94[0.08],533:196[0.15],534:213[0.17],)	503	2169.06000000003	306.44873161034565	-5101.0999999999985	8	11.628	18	8	(0.052087680188501816,0.049988830683196546,0.0507180434594802,)
110	495450268056208	88966	3	(529:178[0.09],533:162[0.13999999999999999],534:163[0.16],)	503	2229.680000000034	26.286825049708106	-5101.0999999999985	8	11.388	17	8	(0.059597297138018444,0.06684439236224128,0.053557433490299004,)
111	497744009224898	91033	3	(529:958[0.08],533:1069[0.15],534:41[0.17],)	2068	3030.6000000000445	353.13173597679616	-5101.0999999999985	13	52.97	18	8	(0.05178992343609131,0.06408381203326084,0.08425544946183823,)
112	498294061594702	91533	3	(529:170[0.07],533:148[0.13999999999999999],534:185[0.18000000000000002],)	503	3030.6000000000445	362.3366003976224	-5101.0999999999985	13	12.758	18	8	(0.04673266174186391,0.0583023873442442,0.0701777324890227,)
113	498851908720311	92033	3	(529:246[0.060000000000000005],533:95[0.15],534:162[0.17],)	503	3030.6000000000445	367.4740159045819	-5101.0999999999985	13	12.718	18	8	(0.03658207069510197,0.06983810900669676,0.06333758237286957,)
114	499392194513376	92533	3	(529:115[0.05],533:135[0.16],534:253[0.18000000000000002],)	503	3030.6000000000445	432.6998409542823	-5101.0999999999985	13	12.952	18	9	(0.0355966782654959,0.06058345811802355,0.062128514347508934,)
115	499928486834986	93033	3	(529:254[0.060000000000000005],533:86[0.17],534:163[0.17],)	503	3030.6000000000445	330.17055666004717	-5101.0999999999985	13	12.506	19	8	(0.044096384513573075,0.07284164453794989,0.06497798547890041,)
116	500454457296882	93533	3	(529:53[0.05],533:260[0.18000000000000002],534:190[0.18000000000000002],)	503	3030.6000000000445	412.5456600397692	-5101.0999999999985	13	12.51	20	8	(0.04371517030770179,0.05898921582744135,0.06565246027631289,)
117	500918878353990	94037	2	(529:285[0.060000000000000005],533:218[0.17],)	503	3030.6000000000445	633.1947117296312	-5101.0999999999985	13	12.09	17	8	(0.042715740789179495,0.061265382410140665,)
118	501438381820925	94537	2	(529:102[0.05],533:400[0.18000000000000002],)	502	3030.6000000000445	350.5798964143511	-5101.0999999999985	13	12.018	17	8	(0.03370703857288428,0.04399811061828741,)
119	501912548029285	95037	2	(529:204[0.060000000000000005],533:298[0.17],)	502	3030.6000000000445	461.07655378486805	-5101.0999999999985	13	11.752	17	8	(0.04367209405995685,0.05973604926417795,)
120	502421680739848	95537	2	(529:347[0.07],533:155[0.16],)	502	3030.6000000000445	317.0093904382549	-5101.0999999999985	13	11.91	16	8	(0.03690898214981791,0.05303479747365896,)
121	502945564126377	96037	2	(529:192[0.060000000000000005],533:310[0.17],)	502	3030.6000000000445	321.0994681274981	-5101.0999999999985	13	11.99	17	9	(0.04303394707335786,0.06322235819013956,)
122	503423560322171	96537	2	(529:329[0.07],533:173[0.16],)	502	3030.6000000000445	476.3522529880556	-5101.0999999999985	13	11.734	16	8	(0.04651041957089628,0.05727579794786769,)
123	503909830421403	97037	2	(529:79[0.060000000000000005],533:423[0.17],)	502	3030.6000000000445	364.9211772908437	-5101.0999999999985	13	11.768	16	8	(0.046357932124354115,0.051193056908395033,)
124	504505740034139	97537	2	(529:300[0.07],533:202[0.16],)	502	3030.6000000000445	289.01560557769875	-5101.0999999999985	13	12.928	17	8	(0.051747480993562585,0.05803790678263148,)
125	505095363729033	98037	2	(529:15[0.060000000000000005],533:487[0.17],)	502	3030.6000000000445	276.58344621514624	-5101.0999999999985	13	13.07	18	8	(0.04225582668805382,0.049049653798313254,)
126	505644507504752	98537	2	(529:383[0.07],533:119[0.16],)	502	3030.6000000000445	257.12168525897033	-5101.0999999999985	13	12.056	18	9	(0.04073893706341163,0.05882163618287719,)
127	506121679082394	99040	2	(529:242[0.060000000000000005],533:260[0.17],)	502	1966.2600000000346	597.4403984063821	-5101.0999999999985	11	12.368	19	8	(0.04425807156440533,0.08542799584819002,)
128	506639086358067	99540	3	(529:370[0.07],533:115[0.16],537:17[0.15],)	502	1966.2600000000346	415.5565537848687	-5101.0999999999985	11	12.47	20	8	(0.05166157495637916,0.1021255789767313,0.05291932888711406,)
129	507813298455664	100317	4	(529:149[0.060000000000000005],533:489[0.17],537:87[0.16],538:53[0.15],)	778	1517.4300000000273	-1345.0169691516662	-5101.0999999999985	9	14.982	12	8	(0.045626593560376454,0.0763107634975593,0.030783254450211732,0.07641024997859522,)
130	508838802588911	100837	4	(529:71[0.05],533:104[0.16],537:122[0.17],538:226[0.16],)	523	1517.4300000000273	-2140.822217973229	-5101.0999999999985	9	9.946	13	8	(0.04247898482400506,0.05641706934850096,0.04147093978953111,0.049240043953645216,)
131	509552154004048	101337	4	(529:193[0.060000000000000005],533:76[0.17],537:70[0.18000000000000002],538:165[0.15],)	504	2571.770000000037	-878.3415277777729	-5101.0999999999985	13	10.158	14	8	(0.04123933039477522,0.08451496604826837,0.0380550470977035,0.04703085724040886,)
132	510369187347838	101859	3	(533:53[0.18000000000000002],537:26[0.19000000000000003],538:437[0.13999999999999999],)	516	2571.770000000037	-1146.4841007751886	-5101.0999999999985	13	10.53	14	8	(0.0753758283438271,0.09452584387807922,0.07251463510202544,)
133	511176201845780	102359	3	(533:102[0.19000000000000003],537:279[0.20000000000000004],538:122[0.12999999999999998],)	503	2750.530000000037	-1475.9397256461214	-5101.0999999999985	11	9.464	13	8	(0.07417937897543245,0.08521532097110708,0.09303920932131274,)
134	511908394608587	102869	5	(533:293[0.20000000000000004],537:55[0.19000000000000003],538:62[0.13999999999999999],539:59[0.15],541:34[0.15],)	503	1694.4400000000257	-1186.5076163021843	-5101.0999999999985	13	9.19	14	8	(0.07874937706648044,0.08899478058800563,0.07979302003167738,0.07504387874977972,0.09741155387871255,)
135	512460215189899	103496	5	(533:209[0.19000000000000003],537:168[0.20000000000000004],538:182[0.15],539:32[0.16],541:39[0.16],)	630	1276.27000000002	-24.413111111108304	-5101.0999999999985	9	11.334	13	8	(0.050277363756153236,0.05404870036736694,0.0565331749803604,0.08239094016421915,0.08076874397007308,)
136	513205708920877	104277	7	(533:26[0.18000000000000002],537:135[0.19000000000000003],538:40[0.13999999999999999],539:26[0.17],541:459[0.17],542:59[0.15],543:39[0.15],)	784	1407.4000000000228	-172.97491071427987	-5101.0999999999985	10	14.342	13	8	(0.07961169824275618,0.0593729225190175,0.10019463726559082,0.07739637972162498,0.07451803573347826,0.09294218501192003,0.08113399918703466,)
137	514376192288759	104823	3	(533:142[0.19000000000000003],537:93[0.18000000000000002],543:298[0.16],)	533	1270.7200000000203	-3575.3354033771097	-5101.0999999999985	8	9.288	11	8	(0.05809196581094591,0.09844639852399313,0.04476064009479847,)
138	515437412843199	105328	3	(533:195[0.20000000000000004],537:83[0.19000000000000003],543:229[0.15],)	507	1270.7200000000203	-3328.3419723865813	-5101.0999999999985	8	9.038	12	8	(0.07030682707720635,0.06637098902851733,0.08880625710126258,)
139	516158963691910	105828	4	(533:183[0.19000000000000003],537:133[0.20000000000000004],543:104[0.13999999999999999],544:83[0.15],)	503	1390.3600000000213	-1590.2851292246485	-5101.0999999999985	9	9.176	13	8	(0.08929706733222191,0.07655770058379016,0.09715993255196881,0.09588960600061402,)
140	516690164193165	106341	4	(533:97[0.18000000000000002],537:57[0.19000000000000003],543:174[0.15],544:176[0.16],)	504	1425.080000000019	-526.5045119047589	-5101.0999999999985	11	9.378	13	8	(0.0825459293006872,0.08972579720913886,0.09615289493993165,0.0745272337044972,)
141	517129759157496	106854	5	(533:149[0.19000000000000003],543:243[0.13999999999999999],544:47[0.15],546:21[0.15],547:54[0.15],)	514	1425.080000000019	-125.62126459143644	-5101.0999999999985	11	9.386	13	8	(0.07092904380096127,0.07016745549230667,0.06264145558563763,0.0932802466229009,0.0694235884252057,)
142	517978840750603	107815	8	(533:38[0.18000000000000002],543:190[0.12999999999999998],544:17[0.16],546:404[0.16],547:69[0.16],548:21[0.15],550:190[0.15],551:26[0.15],)	955	2023.8100000000334	-211.4840282722486	-5101.0999999999985	8	17.134	14	8	(0.0948861337343,0.08944171160523827,0.04927940960754078,0.06584723622627037,0.09895086073693286,0.08866369170099093,0.08188327309309967,0.07447418877573075,)
143	518625218437824	108457	8	(533:37[0.19000000000000003],543:18[0.11999999999999998],544:15[0.17],546:128[0.15],547:249[0.15],548:149[0.16],550:24[0.13999999999999999],551:28[0.16],)	648	1425.080000000019	-404.5193472222201	-5101.0999999999985	11	12.22	15	8	(0.08003952693389735,0.05378683057025929,0.06255162108920016,0.04152554350162054,0.06425961564859461,0.07846200311230506,0.05499756654978411,0.058216969506444234,)
144	519372069721199	109169	8	(533:222[0.20000000000000004],543:20[0.12999999999999998],544:32[0.18000000000000002],546:77[0.13999999999999999],547:58[0.13999999999999999],548:58[0.15],550:114[0.15],551:134[0.17],)	715	1425.080000000019	-321.4826013985984	-5101.0999999999985	11	14.23	16	8	(0.07835318793380493,0.07576055135148581,0.060336258656443986,0.06726810200187995,0.0455526498538603,0.06483905813247208,0.049160239521465046,0.059855543454943184,)
145	519894445493855	109672	8	(533:68[0.19000000000000003],543:42[0.13999999999999999],544:35[0.19000000000000003],546:48[0.12999999999999998],547:128[0.15],548:80[0.16],550:49[0.13999999999999999],551:58[0.16],)	508	1425.080000000019	-324.1789566929091	-5101.0999999999985	11	9.796	16	8	(0.07952409436086821,0.08748479989231579,0.07746396213091121,0.08993475986829935,0.056609737470952354,0.08041516828172017,0.08238114416140131,0.06848221525485873,)
146	520446435877925	110201	7	(533:168[0.18000000000000002],543:106[0.15],544:58[0.20000000000000004],547:24[0.13999999999999999],548:50[0.15],550:51[0.15],551:66[0.17],)	523	1307.4000000000215	-308.63499617590367	-5101.0999999999985	9	10.224	15	8	(0.08669567047719669,0.05856917649780999,0.06835560736388363,0.05726717985054656,0.08295455733892444,0.0761459982553341,0.059483572018674234,)
147	520918281610888	110704	7	(533:53[0.17],543:102[0.13999999999999999],544:128[0.21000000000000005],547:66[0.15],548:102[0.16],550:43[0.16],551:15[0.18000000000000002],)	509	2637.660000000036	-181.81540275048675	-5101.0999999999985	10	9.396	14	8	(0.09987230735040391,0.07432784894517884,0.08055916029189047,0.08920385052569865,0.06758863193861213,0.10933828980113995,0.10305864891315489,)
148	521667062360654	111500	7	(533:28[0.18000000000000002],543:196[0.12999999999999998],547:187[0.16],548:79[0.15],550:111[0.17],551:171[0.19000000000000003],555:18[0.15],)	790	1640.770000000019	-285.11292531645233	-5101.0999999999985	9	14.54	13	8	(0.08454947910790782,0.08220106228694675,0.07728767947651033,0.10759909056874066,0.07850595072466911,0.08272306693966078,0.08403359555748263,)
149	522218300119867	112100	9	(533:36[0.19000000000000003],543:203[0.11999999999999998],547:35[0.15],548:41[0.13999999999999999],550:65[0.16],551:109[0.18000000000000002],555:35[0.16],556:34[0.15],557:29[0.15],)	587	1640.770000000019	-183.67007836456227	-5101.0999999999985	9	10.81	13	8	(0.08516760553051722,0.0727433159709,0.0934033018529782,0.07168861014419596,0.05717096218428684,0.07969627707689672,0.09477854481047647,0.07378862178140999,0.09222913050311513,)
