alpha = 0.15
gamma = 1.0
lambda = 0.6
epsilon = 0.3
randomSeed = 1313
GREAT!
Xover: 4
---- Evolution parameters ----
Folder name:          NMSarsa_MountainCar/run_849561007732671
Random seed:          1313
GREAT activated:      true
Max iterations:       150
Population size:      500
GREAT initialization  true
Speciation threshold: 0.15
Species min size:     15
Tournament size:      3
Crossover rate:       0.2
Mutation rate:        0.8
Crossovers:
	AligningCrossover_v4(0.15)
Mutations:
	AddGeneMutation(maxSize=2147483647, prob=0.33)
	DeleteGeneMutation(minSize=8, prob=0.33)
	ChangeGeneMutation(prob=0.33)
------------------------------

---- Starting evolution ----
IT	Nanotime	#Eval	#Species	Species size	PopSize	Best	Avg	Worst	Best GRN Size	Avg GRN size	Max GRN size	Min GRN size	Species avgdist2rep
0	850878784120340	997	1	(472:499[0.15],)	499	-171.6	-3562.723647294591	-5001.0	9	9.146	13	8	(0.07364055460022279,)
1	851616096277354	1513	3	(472:440[0.16],473:31[0.15],475:30[0.15],)	501	-171.6	-3632.817664670664	-5001.0	9	9.442	13	8	(0.07305928345051556,0.10251735105033688,0.0770590993315916,)
2	852318159027043	2021	4	(472:210[0.15],473:66[0.16],475:197[0.16],478:30[0.15],)	503	-157.27	-3515.3314711729618	-5001.0	10	9.4	13	8	(0.0772784101541416,0.0935531360425368,0.05702413935457522,0.07089310946911609,)
3	853013976790808	2521	6	(472:113[0.13999999999999999],473:158[0.17],475:118[0.15],478:20[0.16],480:46[0.15],481:49[0.15],)	504	-155.02	-3489.2280555555553	-5001.0	9	9.52	13	8	(0.08592149253955471,0.05403677353943747,0.07580426839315305,0.036517697746186954,0.09148284148530614,0.09186666722348864,)
4	853717444833831	3021	7	(472:17[0.12999999999999998],473:106[0.16],475:117[0.13999999999999999],478:94[0.17],480:38[0.16],481:101[0.16],482:33[0.15],)	506	-154.37	-3463.426699604744	-5001.0	9	9.646	14	8	(0.09566845040862273,0.06358083030142145,0.06621477453839433,0.05093071468871378,0.07272326773581912,0.07708385786260341,0.08319446084474931,)
5	854378623899894	3535	8	(472:55[0.13999999999999999],473:108[0.15],475:78[0.12999999999999998],478:49[0.16],480:28[0.17],481:83[0.15],483:62[0.15],484:44[0.15],)	507	-150.08	-3055.0929980276132	-5001.0	10	9.934	15	8	(0.05613852493227933,0.09293187279562244,0.06603969610491683,0.0681285104326999,0.07829385390936201,0.0579065056555315,0.08304886823418975,0.056189960860923024,)
6	855084467311761	4035	9	(472:47[0.15],473:68[0.13999999999999999],475:109[0.11999999999999998],478:79[0.17],480:20[0.18000000000000002],481:29[0.13999999999999999],483:77[0.13999999999999999],484:61[0.16],486:18[0.15],)	508	-148.53	-3202.8302952755903	-5001.0	10	10.168	16	8	(0.09079910676762017,0.08789679328505809,0.07264507424837847,0.08434231138649849,0.09769172258698244,0.08146510104848928,0.07337620347679746,0.07000591777418297,0.02896116109006734,)
7	855803714811729	4550	9	(473:53[0.12999999999999998],475:59[0.10999999999999999],478:36[0.16],480:24[0.19000000000000003],481:102[0.15],483:38[0.12999999999999998],484:62[0.15],486:114[0.16],487:21[0.15],)	509	-148.53	-3162.4002357563845	-5001.0	10	10.232	17	8	(0.07896383890105897,0.06706546827901332,0.04515318527598425,0.05117576429568349,0.07186483275352074,0.07942010769089793,0.08379693346532863,0.054985356437904455,0.07223320959991264,)
8	856493857796423	5052	10	(473:46[0.13999999999999999],475:24[0.09999999999999999],478:100[0.17],480:90[0.20000000000000004],481:43[0.13999999999999999],483:22[0.13999999999999999],484:22[0.13999999999999999],486:65[0.15],487:80[0.16],489:17[0.15],)	509	-136.31	-3027.984086444008	-5001.0	10	10.424	17	8	(0.07145085992278703,0.07819627545380893,0.1087684303403313,0.0804409702637891,0.08567999138390009,0.06678787431883902,0.07612319980452087,0.06777191644700284,0.06188752616189217,0.0701350614279396,)
9	857146075021643	5554	10	(473:41[0.15],475:62[0.10999999999999999],478:29[0.16],480:38[0.19000000000000003],481:18[0.15],483:74[0.15],484:74[0.15],486:61[0.13999999999999999],487:74[0.15],489:39[0.16],)	510	-136.31	-2950.650411764706	-5001.0	10	10.262	17	8	(0.0844791887668353,0.061236537908666296,0.07407578218250238,0.08408405166231082,0.0893024076960922,0.0668471945850454,0.061654118668944935,0.07116746121977029,0.06772095295221842,0.05564892547599769,)
10	857737268581976	6062	9	(473:74[0.16],475:38[0.09999999999999999],478:32[0.17],480:80[0.20000000000000004],483:74[0.13999999999999999],484:35[0.13999999999999999],486:63[0.12999999999999998],487:42[0.13999999999999999],489:72[0.17],)	510	-136.31	-2582.0950588235296	-5001.0	10	10.51	18	8	(0.09094717285791402,0.06943003497697042,0.08794476325583363,0.07695176325867396,0.09512782177655459,0.07479188658616871,0.09180278834702724,0.06286757987993845,0.08188422937452433,)
11	858223358746461	6588	8	(475:97[0.10999999999999999],478:49[0.18000000000000002],480:92[0.19000000000000003],483:30[0.12999999999999998],484:68[0.15],486:30[0.11999999999999998],487:80[0.15],489:63[0.16],)	509	-136.31	-2036.5858939096267	-5001.0	10	10.376	18	8	(0.07688857276401291,0.07568193059056484,0.09879463997644183,0.1045930239968267,0.07427875630848313,0.08048004737110453,0.08576481073628431,0.09767300025668338,)
12	858696982413963	7114	8	(475:33[0.09999999999999999],478:51[0.19000000000000003],480:80[0.18000000000000002],484:159[0.13999999999999999],486:32[0.12999999999999998],487:66[0.13999999999999999],489:56[0.15],496:31[0.15],)	508	-136.31	-1967.6614173228345	-5001.0	10	10.466	16	8	(0.060452769098979474,0.10832319850330357,0.08143462890152586,0.07383339086509262,0.10334121948346957,0.08478889600052428,0.09609531531725646,0.10142397022781167,)
13	859143936736066	7632	9	(475:34[0.10999999999999999],478:80[0.20000000000000004],480:42[0.17],484:22[0.12999999999999998],486:141[0.13999999999999999],487:51[0.12999999999999998],489:79[0.16],496:40[0.16],501:19[0.15],)	508	-136.31	-1834.2410433070868	-5001.0	10	10.708	16	8	(0.08888771157490645,0.05549564063875356,0.10515257802067872,0.0791724766600177,0.07196079802985691,0.07888787981923602,0.07303573111739711,0.07295501162148808,0.08041991443013438,)
14	859655119868721	8146	8	(475:24[0.11999999999999998],478:49[0.19000000000000003],484:58[0.13999999999999999],486:45[0.12999999999999998],487:80[0.13999999999999999],489:43[0.15],496:158[0.17],501:52[0.16],)	509	-133.52	-2061.0400196463656	-5001.0	9	10.93	15	8	(0.09508680211559191,0.05571423444531887,0.05841532927900587,0.06756885811555717,0.060413352721447086,0.0617366272608116,0.08209116497472813,0.06826365275662395,)
15	860107052547680	8653	7	(475:47[0.12999999999999998],478:57[0.20000000000000004],484:114[0.15],486:51[0.13999999999999999],487:27[0.12999999999999998],496:144[0.16],501:68[0.17],)	508	-133.52	-1683.594468503937	-5001.0	9	11.304	16	8	(0.07898708185637257,0.08914828977825771,0.04981213584228658,0.04453311864440723,0.05722467417664006,0.09679249769482179,0.07097402904365972,)
16	860563554048429	9154	7	(475:121[0.13999999999999999],478:65[0.21000000000000005],484:41[0.13999999999999999],486:127[0.15],487:57[0.13999999999999999],496:54[0.15],501:42[0.18000000000000002],)	507	-133.52	-1665.2466666666662	-5001.0	9	11.644	16	8	(0.0934452768303735,0.048994144765785404,0.06309705137447084,0.048372076261656356,0.05657687749567279,0.0848280422456366,0.07362147686934953,)
17	861010842076026	9654	7	(475:25[0.12999999999999998],478:78[0.22000000000000006],484:46[0.15],486:169[0.13999999999999999],487:33[0.15],496:104[0.16],501:52[0.19000000000000003],)	507	-133.52	-1606.9407100591714	-5001.0	9	11.83	16	8	(0.06123499542833647,0.060950521405854344,0.05479952732751589,0.04896901977601925,0.12681911296148085,0.06992605613336635,0.09903418041897183,)
18	861508449176396	10164	7	(475:86[0.13999999999999999],478:77[0.21000000000000005],484:54[0.16],486:140[0.12999999999999998],487:56[0.16],496:65[0.15],501:29[0.20000000000000004],)	507	-133.38	-1732.01875739645	-5001.0	12	11.56	17	8	(0.09680451818541357,0.13681517801622017,0.07040898115756859,0.0982795184560521,0.06346770305455468,0.08231668823107766,0.0921123314498996,)
19	862005527886066	10672	7	(475:58[0.12999999999999998],478:92[0.20000000000000004],484:53[0.17],486:177[0.11999999999999998],487:54[0.17],496:36[0.16],501:37[0.21000000000000005],)	507	-131.45	-1677.4477120315582	-5001.0	13	11.846	17	8	(0.0935941110839844,0.0907807660471148,0.10653381528624443,0.05560473552147131,0.054266558973110245,0.07803664218430245,0.0927682289940561,)
20	862474993152639	11180	7	(475:32[0.13999999999999999],478:30[0.19000000000000003],484:42[0.18000000000000002],486:165[0.10999999999999999],487:58[0.18000000000000002],496:39[0.17],501:141[0.22000000000000006],)	507	-130.79	-1583.3041025641023	-5001.0	12	12.0	18	8	(0.09598456193003728,0.10665542995146016,0.0687864466913917,0.06989758384546636,0.08156399794746057,0.07385337397743082,0.1164230072506383,)
21	862934692725381	11680	7	(475:56[0.15],478:109[0.20000000000000004],484:40[0.19000000000000003],486:177[0.09999999999999999],487:41[0.19000000000000003],496:37[0.18000000000000002],501:47[0.21000000000000005],)	507	-130.79	-1571.5331952662718	-5001.0	12	11.976	18	8	(0.06571011800867742,0.06502108684826075,0.052885533528634475,0.06203405620429439,0.07692268025123367,0.043458171203300554,0.058246920232559354,)
22	863336163718438	12199	5	(475:46[0.16],478:214[0.19000000000000003],484:54[0.20000000000000004],487:83[0.20000000000000004],501:110[0.22000000000000006],)	507	-130.79	-1323.1321893491124	-5001.0	12	11.726	18	8	(0.10418432630849529,0.12277121370171244,0.03853424052802788,0.05926343745349373,0.11516478507295257,)
23	863600157607785	12702	6	(475:122[0.17],478:156[0.18000000000000002],484:50[0.21000000000000005],487:58[0.21000000000000005],501:93[0.21000000000000005],510:26[0.15],)	505	-128.34	-1049.4323960396039	-5001.0	9	11.352	18	8	(0.11595908658957431,0.10477089805004332,0.042055589132999574,0.05042393864366128,0.08031256833265439,0.06464557828568461,)
24	863885864139066	13215	5	(475:58[0.16],484:97[0.22000000000000006],487:51[0.22000000000000006],501:102[0.20000000000000004],510:198[0.16],)	506	-127.23	-1199.1168972332018	-5001.0	8	10.702	17	8	(0.1034136509638524,0.052150730733549644,0.06835228911294153,0.09974426533864655,0.05895888232151856,)
25	864123623759367	13728	5	(475:120[0.17],487:139[0.23000000000000007],501:92[0.19000000000000003],510:123[0.15],511:31[0.15],)	505	-127.23	-1001.6375049504949	-5001.0	8	10.408	18	8	(0.07028212945305813,0.07363284749299644,0.12261106095066504,0.08041572263272725,0.10566979014920326,)
26	864347201169212	14231	5	(475:60[0.16],487:74[0.22000000000000006],501:110[0.20000000000000004],510:168[0.13999999999999999],511:93[0.16],)	505	-127.23	-925.426257425743	-5001.0	8	10.718	17	8	(0.07438926915521324,0.05203947073221722,0.1294809374483773,0.05829674680197467,0.09454811276357558,)
27	864591757779856	14731	6	(475:64[0.17],487:187[0.23000000000000007],501:45[0.19000000000000003],510:31[0.12999999999999998],511:128[0.17],513:50[0.15],)	505	-127.23	-1032.0583762376236	-5001.0	8	10.456	18	8	(0.08727969229015908,0.06620744539485242,0.0901719799836559,0.09342063952092862,0.075663677658568,0.07925252888900002,)
28	864809879841942	15231	6	(475:27[0.18000000000000002],487:123[0.22000000000000006],501:77[0.20000000000000004],510:130[0.13999999999999999],511:85[0.16],513:64[0.16],)	506	-127.23	-919.0203952569171	-5001.0	8	10.594	19	8	(0.08448252192549717,0.07353176116602791,0.1174295653977497,0.0820230827433894,0.08995576782087164,0.07768880214949657,)
29	865028617143226	15731	7	(475:57[0.19000000000000003],487:198[0.21000000000000005],501:27[0.21000000000000005],510:79[0.12999999999999998],511:28[0.15],513:71[0.17],514:46[0.15],)	506	-127.23	-912.1316798418973	-5001.0	8	10.862	18	8	(0.0855745141263448,0.10163194523872562,0.07703238778418138,0.07988894044023492,0.05715765109399456,0.0635683418656783,0.08557678224141829,)
30	865227335637191	16231	7	(475:117[0.20000000000000004],487:57[0.20000000000000004],501:34[0.22000000000000006],510:22[0.11999999999999998],511:191[0.16],513:48[0.16],514:38[0.16],)	507	-127.23	-825.345641025641	-5001.0	8	10.948	19	8	(0.09443415665809482,0.09673549326503077,0.03926109618635453,0.07759722109100571,0.07100728242937099,0.05380498957225699,0.07487463465905068,)
31	865415025471254	16731	7	(475:67[0.19000000000000003],487:68[0.21000000000000005],501:85[0.23000000000000007],510:119[0.12999999999999998],511:22[0.15],513:35[0.17],514:111[0.17],)	507	-127.23	-776.074043392505	-5001.0	8	11.162	20	8	(0.08263464485903353,0.11309183357478775,0.06299206359997839,0.08056643626657722,0.042407955283887765,0.08628233680701941,0.06181727404216897,)
32	865624377975733	17237	7	(475:88[0.20000000000000004],487:25[0.22000000000000006],501:59[0.22000000000000006],510:95[0.11999999999999998],511:54[0.16],513:105[0.18000000000000002],514:81[0.16],)	507	-127.23	-746.1211242603551	-5001.0	8	11.544	20	8	(0.07898814935955037,0.06839355538929254,0.06306185779730532,0.07467354862198755,0.06675657047869908,0.0482682145953946,0.04510079752801719,)
33	865843826819736	17737	7	(475:70[0.19000000000000003],487:72[0.23000000000000007],501:101[0.23000000000000007],510:37[0.10999999999999999],511:76[0.17],513:64[0.17],514:87[0.15],)	507	-127.23	-819.6431360946746	-5001.0	8	11.786	20	8	(0.08163033926493214,0.1066961667921077,0.11432015825469972,0.06562757170591182,0.08623894894153102,0.06851529363603935,0.04687945700357314,)
34	866095481842865	18237	7	(475:105[0.20000000000000004],487:66[0.22000000000000006],501:62[0.22000000000000006],510:73[0.11999999999999998],511:90[0.16],513:65[0.18000000000000002],514:46[0.13999999999999999],)	507	-127.23	-930.0579881656801	-5001.0	8	11.522	20	8	(0.08759165871857579,0.10511270184918331,0.13393540449018834,0.06437209517209065,0.08639915364120514,0.05506233748136448,0.044642403362350404,)
35	866338683763888	18756	5	(475:211[0.19000000000000003],487:92[0.23000000000000007],501:54[0.23000000000000007],511:106[0.15],514:44[0.15],)	507	-127.23	-862.6750493096647	-5001.0	8	11.814	20	8	(0.08051897585396935,0.09080348940737155,0.06446221184512337,0.10037003039790111,0.0747410928339693,)
36	866597752925998	19258	6	(475:140[0.18000000000000002],487:93[0.24000000000000007],501:91[0.24000000000000007],511:36[0.13999999999999999],514:96[0.16],517:49[0.15],)	505	-127.23	-915.5262772277231	-5001.0	8	11.79	20	8	(0.08893969659880835,0.09804804812085667,0.06814837885430525,0.09697153022692016,0.05330221093865154,0.08985696801662212,)
37	866802607892775	19758	6	(475:64[0.17],487:74[0.23000000000000007],501:191[0.23000000000000007],511:87[0.15],514:66[0.15],517:24[0.16],)	506	-127.23	-733.9082015810279	-5001.0	8	12.09	20	8	(0.08617041187184628,0.09879166012181352,0.10603698822503298,0.07280677917996932,0.07007446254646985,0.08166739713733205,)
38	867037419722130	20258	6	(475:80[0.18000000000000002],487:61[0.24000000000000007],501:81[0.22000000000000006],511:98[0.13999999999999999],514:85[0.16],517:101[0.17],)	506	-127.23	-836.2279249011859	-5001.0	8	12.406	21	8	(0.06126268322879138,0.07987539953703653,0.10445248853116751,0.06900547487933395,0.0483226047144061,0.06633396282612136,)
39	867259154299466	20758	6	(475:38[0.19000000000000003],487:58[0.25000000000000006],501:123[0.23000000000000007],511:58[0.12999999999999998],514:74[0.15],517:155[0.16],)	506	-127.17	-771.4604545454546	-5001.0	11	12.256	22	8	(0.05492092891749205,0.07490266437851857,0.09943741738683896,0.08027263565614226,0.049810598406581114,0.06977087856073262,)
40	867480057882020	21258	6	(475:74[0.20000000000000004],487:128[0.26000000000000006],501:57[0.22000000000000006],511:56[0.13999999999999999],514:78[0.16],517:113[0.15],)	506	-127.17	-798.3128656126482	-5001.0	11	11.966	23	8	(0.07185850889075143,0.0898934885787644,0.10876216367441291,0.059711558309835204,0.03918475903168851,0.052036629981816074,)
41	867694930023064	21758	6	(475:77[0.21000000000000005],487:119[0.25000000000000006],501:93[0.23000000000000007],511:74[0.15],514:63[0.17],517:80[0.13999999999999999],)	506	-127.17	-764.4784584980238	-5001.0	11	11.906	22	8	(0.07395356919090301,0.09854649420936892,0.09759714516251113,0.0672017865111277,0.04928018774264726,0.06553707287516657,)
42	867928759314841	22260	6	(475:94[0.22000000000000006],487:84[0.24000000000000005],501:87[0.22000000000000006],511:74[0.16],514:102[0.18000000000000002],517:65[0.15],)	506	-126.38	-810.9223320158102	-5001.0	11	12.716	22	8	(0.0707026664715872,0.11371715500344924,0.11802473395836782,0.09116366538268375,0.03762990895629783,0.08821497628866595,)
43	868189709958477	22760	6	(475:74[0.21000000000000005],487:127[0.23000000000000004],501:59[0.21000000000000005],511:87[0.17],514:47[0.17],517:112[0.16],)	506	-126.38	-918.939347826087	-5001.0	11	12.27	23	8	(0.07226548939626037,0.09998859453852364,0.13159662402475952,0.07055090297638246,0.028797351488448805,0.058763186030092986,)
44	868429634209814	23260	6	(475:63[0.22000000000000006],487:76[0.22000000000000003],501:118[0.22000000000000006],511:50[0.16],514:59[0.18000000000000002],517:140[0.15],)	506	-126.38	-725.5111660079052	-5001.0	11	12.638	23	8	(0.05486986226174948,0.09569569068078876,0.08561415705224433,0.07368534014928288,0.028287714194007253,0.07028575446947365,)
45	868641322865828	23760	6	(475:121[0.23000000000000007],487:123[0.23000000000000004],501:37[0.21000000000000005],511:53[0.17],514:132[0.19000000000000003],517:40[0.13999999999999999],)	506	-126.38	-612.5177075098815	-5001.0	11	13.876	24	8	(0.09005435029016119,0.12635250980029367,0.12374297075485531,0.08560334791751083,0.027012550102998537,0.07862044286629086,)
46	868905028880428	24274	5	(475:163[0.22000000000000006],487:70[0.22000000000000003],501:138[0.22000000000000006],511:65[0.18000000000000002],514:70[0.18000000000000002],)	506	-126.38	-766.0312252964427	-5001.0	11	12.774	24	8	(0.06024560224051578,0.07984883544345549,0.08294556399339309,0.06847506079790376,0.06155827460215205,)
47	869130218503107	24774	5	(475:102[0.21000000000000005],487:71[0.23000000000000004],501:117[0.21000000000000005],511:104[0.19000000000000003],514:111[0.19000000000000003],)	505	-126.38	-666.6977227722773	-5001.0	11	13.78	25	8	(0.06874195200713931,0.08100214350957773,0.06515925697680301,0.08361897151241646,0.02794631756450003,)
48	869402582494242	25274	5	(475:154[0.20000000000000004],487:102[0.24000000000000005],501:145[0.20000000000000004],511:24[0.18000000000000002],514:80[0.18000000000000002],)	505	-126.28	-890.671108910891	-5001.0	12	12.868	26	8	(0.08656623471650667,0.08862611287739322,0.06996153120946125,0.09807116438232412,0.029011036228685616,)
49	869681028064881	25774	5	(475:109[0.19000000000000003],487:37[0.23000000000000004],501:208[0.19000000000000003],511:72[0.19000000000000003],514:79[0.19000000000000003],)	505	-126.28	-874.6445742574259	-5001.0	12	12.93	26	8	(0.07974079453813372,0.08244752190204115,0.07627184457293201,0.0787927884381939,0.0373465118674742,)
50	869956920083766	26274	5	(475:117[0.18000000000000002],487:141[0.24000000000000005],501:56[0.18000000000000002],511:113[0.20000000000000004],514:78[0.20000000000000004],)	505	-126.28	-867.4717227722772	-5001.0	12	13.18	27	8	(0.08260797506817157,0.11234605863263099,0.10148015167509009,0.09391342986189698,0.04400203573485201,)
51	870260709256020	26778	5	(475:166[0.17],487:27[0.23000000000000004],501:197[0.19000000000000003],511:33[0.19000000000000003],514:82[0.21000000000000005],)	505	-126.28	-978.4856633663367	-5001.0	12	13.124	26	8	(0.09671788195142557,0.08616849167782113,0.0872513245852839,0.07687133099594257,0.05633149891797838,)
52	870488146680457	27278	5	(475:166[0.16],487:78[0.24000000000000005],501:120[0.18000000000000002],511:65[0.20000000000000004],514:76[0.22000000000000006],)	505	-126.28	-709.672396039604	-5001.0	12	13.654	27	8	(0.11174115447816114,0.062345762837795124,0.08641514243547001,0.1053092016678861,0.07860965392382462,)
53	870778929610641	27778	5	(475:102[0.15],487:180[0.25000000000000006],501:52[0.17],511:88[0.21000000000000005],514:83[0.23000000000000007],)	505	-126.28	-888.0165742574258	-5001.0	12	13.278	25	8	(0.08276827402630597,0.06144467614834418,0.0778215065004097,0.08574816192844267,0.0559897374685344,)
54	871019482348817	28278	5	(475:108[0.13999999999999999],487:178[0.24000000000000005],501:113[0.18000000000000002],511:21[0.22000000000000006],514:85[0.24000000000000007],)	505	-126.28	-701.9134059405941	-5001.0	12	13.792	25	8	(0.06528869439175426,0.09204658038530765,0.06199212472943659,0.06852684706165736,0.06046588844573731,)
55	871264250067004	28778	5	(475:196[0.12999999999999998],487:116[0.23000000000000004],501:45[0.17],511:66[0.23000000000000007],514:82[0.25000000000000006],)	505	-126.28	-785.0413465346535	-5001.0	12	13.666	26	8	(0.08341301308786289,0.08456816382454567,0.08790639476184554,0.07024400425228718,0.05312223370595573,)
56	871540970475138	29278	5	(475:95[0.11999999999999998],487:75[0.22000000000000003],501:58[0.18000000000000002],511:193[0.24000000000000007],514:84[0.26000000000000006],)	505	-126.28	-879.3979405940595	-5001.0	12	13.026	27	8	(0.07729443238226122,0.094119195669942,0.1243113649230502,0.0913463026706106,0.07583331168910153,)
57	871784316090263	29778	5	(475:98[0.12999999999999998],487:181[0.23000000000000004],501:88[0.19000000000000003],511:97[0.23000000000000007],514:41[0.2700000000000001],)	505	-126.28	-756.3153267326733	-5001.0	12	12.882	26	8	(0.070720613035241,0.10920332138748683,0.10572508978007655,0.08203095912158347,0.06710788627532054,)
58	872067197219140	30278	5	(475:51[0.13999999999999999],487:51[0.22000000000000003],501:143[0.20000000000000004],511:115[0.24000000000000007],514:145[0.2800000000000001],)	505	-126.28	-816.3202178217823	-5001.0	12	14.716	26	8	(0.08912804928764057,0.10409978273933483,0.06707823931752203,0.08546149889650514,0.05117372158301547,)
59	872304924941629	30778	5	(475:53[0.15],487:160[0.23000000000000004],501:172[0.19000000000000003],511:46[0.23000000000000007],514:74[0.2700000000000001],)	505	-126.28	-732.1683168316832	-5001.0	12	13.414	26	8	(0.11853003020923529,0.09537714949166179,0.1031974754408409,0.08879301320824648,0.08452156221434494,)
60	872544098293018	31278	5	(475:54[0.16],487:123[0.22000000000000003],501:176[0.18000000000000002],511:70[0.24000000000000007],514:82[0.2800000000000001],)	505	-126.28	-733.9928910891088	-5001.0	12	13.504	26	8	(0.1119815292772358,0.10581869695269874,0.06403864008651544,0.08055065606753599,0.11866914557984794,)
61	872833326672258	31778	5	(475:121[0.17],487:128[0.21000000000000002],501:112[0.17],511:87[0.25000000000000006],514:57[0.2900000000000001],)	505	-126.28	-804.5716633663368	-5001.0	12	13.888	26	8	(0.10086128747930129,0.09508414812420035,0.08994686925986214,0.08383265748021412,0.10042802500104055,)
62	873161530975199	32278	5	(475:110[0.16],487:120[0.2],501:83[0.16],511:78[0.26000000000000006],514:114[0.3000000000000001],)	505	-126.28	-884.5118019801979	-5001.0	12	13.79	27	8	(0.08855572132566539,0.07551675781940664,0.06760965223444809,0.10058960569166808,0.08210048506700383,)
63	873538365419664	32778	5	(475:111[0.15],487:54[0.19],501:120[0.17],511:121[0.2700000000000001],514:99[0.2900000000000001],)	505	-126.28	-1042.1015841584158	-5001.0	12	13.774	27	8	(0.09002301581789081,0.12809546562309107,0.08302833366565737,0.08225757274665335,0.06879005391214446,)
64	873851864116092	33278	5	(475:63[0.13999999999999999],487:148[0.2],501:159[0.16],511:34[0.26000000000000006],514:101[0.3000000000000001],)	505	-126.28	-847.0611683168318	-5001.0	12	13.798	26	8	(0.07525812601879439,0.1017404017252856,0.0979716631226144,0.12444838349473114,0.09317135204176032,)
65	874189865701203	33778	5	(475:101[0.15],487:48[0.19],501:111[0.15],511:151[0.2700000000000001],514:94[0.2900000000000001],)	505	-126.28	-939.6351881188119	-5001.0	12	13.85	27	8	(0.07103726877622059,0.07614679004488349,0.08960564884527177,0.08302122854488049,0.07332801716424076,)
66	874518670371433	34278	5	(475:85[0.13999999999999999],487:142[0.2],501:71[0.13999999999999999],511:68[0.26000000000000006],514:139[0.3000000000000001],)	505	-126.28	-886.1634653465345	-5001.0	12	14.19	28	8	(0.0575019678758093,0.09913607892501473,0.09322680000450326,0.07163973238293879,0.07970379929124796,)
67	874784652439784	34779	4	(475:154[0.15],487:88[0.19],511:132[0.2700000000000001],514:131[0.2900000000000001],)	505	-126.28	-703.8127326732672	-5001.0	12	14.684	29	8	(0.07456003007838535,0.10448598416771615,0.07567542440108994,0.08511268006919805,)
68	875077666555264	35279	4	(475:116[0.13999999999999999],487:149[0.2],511:152[0.26000000000000006],514:87[0.2800000000000001],)	504	-126.28	-825.8722222222219	-5001.0	12	13.68	29	8	(0.07333719161678597,0.09751495155718924,0.13934134751666236,0.09217103929850722,)
69	875418068108026	35779	4	(475:131[0.15],487:167[0.19],511:63[0.25000000000000006],514:143[0.2900000000000001],)	504	-126.28	-959.1293849206353	-5001.0	12	13.894	30	8	(0.1068027704300623,0.09549319535672865,0.11013491796277676,0.08885101160820265,)
70	875687990673634	36279	4	(475:106[0.13999999999999999],487:105[0.18],511:121[0.26000000000000006],514:172[0.2800000000000001],)	504	-126.28	-685.6612103174605	-5001.0	12	13.852	30	8	(0.060383830412782266,0.111596147250144,0.07892876093019727,0.08068278542133316,)
71	876075203028899	36779	4	(475:199[0.15],487:84[0.19],511:129[0.2700000000000001],514:92[0.2700000000000001],)	504	-126.28	-922.2972023809527	-5001.0	12	15.096	29	8	(0.1211023480496286,0.10692386404180987,0.09305215183653859,0.11733371366855344,)
72	876341804194465	37279	4	(475:153[0.13999999999999999],487:207[0.2],511:40[0.26000000000000006],514:104[0.2800000000000001],)	504	-126.28	-778.9287103174604	-5001.0	12	13.68	30	8	(0.07248248827721238,0.10283540275651934,0.11731875311246984,0.12044121780951583,)
73	876632010668114	37779	4	(475:66[0.12999999999999998],487:110[0.19],511:161[0.2700000000000001],514:167[0.2900000000000001],)	504	-126.28	-899.0869246031748	-5001.0	12	13.02	30	8	(0.08401963440464066,0.10806215213100215,0.11708878801998189,0.09972186627005131,)
74	876950529200125	38280	4	(475:134[0.13999999999999999],487:147[0.2],511:59[0.26000000000000006],514:164[0.2800000000000001],)	504	-126.28	-801.115376984127	-5001.0	12	14.282	31	8	(0.07687015331955768,0.12582644796310355,0.1351776772633193,0.08564952619313924,)
75	877313078790221	38780	4	(475:139[0.12999999999999998],487:26[0.19],511:188[0.2700000000000001],514:151[0.2700000000000001],)	504	-126.28	-870.203849206349	-5001.0	12	14.85	30	8	(0.08431996659394285,0.12628501023042593,0.12929621437239538,0.13190235703154726,)
76	877604147505886	39280	4	(475:82[0.11999999999999998],487:111[0.2],511:155[0.26000000000000006],514:156[0.26000000000000006],)	504	-126.28	-736.6473611111111	-5001.0	12	14.432	29	8	(0.04761361822227828,0.11239266715245294,0.10606783987592093,0.11729145035852269,)
77	877857672579612	39780	4	(475:148[0.12999999999999998],487:127[0.21000000000000002],511:104[0.25000000000000006],514:125[0.25000000000000006],)	504	-126.28	-588.6186507936507	-5001.0	12	15.82	29	8	(0.09663055432957565,0.0994933863751048,0.08516392589502476,0.09646750052801176,)
78	878133119540928	40280	4	(475:123[0.11999999999999998],487:83[0.2],511:187[0.26000000000000006],514:111[0.24000000000000005],)	504	-126.28	-731.8372023809524	-5001.0	12	14.764	30	8	(0.046806056663252424,0.10083040862695106,0.10882561929074883,0.10068929118422869,)
79	878397243413327	40780	4	(475:126[0.12999999999999998],487:215[0.21000000000000002],511:57[0.25000000000000006],514:106[0.25000000000000006],)	504	-126.28	-770.9446825396826	-5001.0	12	14.264	30	8	(0.07319783161150943,0.10338500685136226,0.11072831265399143,0.0864604393256381,)
80	878621795739480	41280	4	(475:76[0.11999999999999998],487:118[0.2],511:191[0.26000000000000006],514:119[0.26000000000000006],)	504	-126.28	-627.2543253968255	-5001.0	12	13.7	30	8	(0.07051157701380925,0.11138013465982971,0.09755409091948565,0.110668505169259,)
81	878898365594205	41780	4	(475:148[0.12999999999999998],487:107[0.21000000000000002],511:126[0.25000000000000006],514:123[0.2700000000000001],)	504	-126.28	-645.9775793650791	-5001.0	12	15.194	31	8	(0.054919606764854745,0.11854895363931285,0.10002192878667103,0.08349439223357835,)
82	879216013182307	42280	4	(475:114[0.11999999999999998],487:141[0.22000000000000003],511:108[0.24000000000000005],514:141[0.2800000000000001],)	504	-126.28	-760.4525198412697	-5001.0	12	14.822	32	8	(0.10221343519951472,0.11061375311345462,0.1018644033900527,0.1609082256014632,)
83	879551018921929	42785	4	(475:119[0.12999999999999998],487:94[0.21000000000000002],511:147[0.25000000000000006],514:144[0.2700000000000001],)	504	-126.28	-750.2453373015873	-5001.0	12	14.972	29	8	(0.057942928516435135,0.11989479513305053,0.12430813894325929,0.13045872022302568,)
84	879841336794178	43285	4	(475:152[0.13999999999999999],487:68[0.22000000000000003],511:143[0.24000000000000005],514:141[0.26000000000000006],)	504	-126.28	-680.6828571428571	-5001.0	12	15.636	30	8	(0.05847145160097408,0.12381548789565222,0.12204905929322517,0.09910173756043573,)
85	880117474741640	43790	4	(475:132[0.12999999999999998],487:66[0.23000000000000004],511:149[0.23000000000000004],514:157[0.25000000000000006],)	504	-126.28	-711.0998611111112	-5001.0	12	15.484	30	8	(0.044256879726322924,0.11460758630221589,0.15061219220664537,0.11351509523478023,)
86	880397470827371	44317	4	(475:90[0.11999999999999998],487:116[0.24000000000000005],511:144[0.22000000000000003],514:154[0.24000000000000005],)	504	-125.67	-822.3753769841271	-5001.0	12	14.288	31	8	(0.042358955356221556,0.1424975099202367,0.14964493906564133,0.13332182147681762,)
87	880683937959196	44831	6	(475:65[0.12999999999999998],487:135[0.25000000000000006],511:80[0.21000000000000002],514:144[0.23000000000000004],529:55[0.15],530:25[0.15],)	504	-125.67	-826.5325396825397	-5001.0	12	13.544	30	8	(0.04785195577137875,0.12706112868702918,0.13805103448582895,0.09784965713047082,0.08326807340933584,0.09569304013128199,)
88	881025817058106	45335	7	(475:78[0.13999999999999999],487:91[0.24000000000000005],511:26[0.22000000000000003],514:171[0.22000000000000003],529:52[0.16],530:70[0.16],533:18[0.15],)	506	-125.67	-803.6155928853755	-5001.0	12	14.592	31	8	(0.04410550467432601,0.12258135817582516,0.08595646956402561,0.09927008568620908,0.09266257776660243,0.09356080143012499,0.12004108674357644,)
89	881275326129786	45840	7	(475:65[0.12999999999999998],487:63[0.23000000000000004],511:113[0.23000000000000004],514:45[0.21000000000000002],529:51[0.17],530:59[0.17],533:111[0.16],)	507	-125.67	-723.1334516765286	-5001.0	12	13.442	31	8	(0.042532422630408066,0.11039354513073421,0.1164717954218144,0.09762753130921069,0.059724748373456454,0.09856573935610909,0.1091742807454547,)
90	881543601338708	46340	7	(475:58[0.13999999999999999],487:67[0.24000000000000005],511:103[0.22000000000000003],514:45[0.22000000000000003],529:74[0.18000000000000002],530:88[0.18000000000000002],533:72[0.15],)	507	-125.67	-758.0248520710059	-5001.0	12	13.648	31	8	(0.04613153115443146,0.0874464445483138,0.11167502617654351,0.0917028306950113,0.05789561807304394,0.08635921848484357,0.05292023016893526,)
91	881804138775962	46844	7	(475:91[0.15],487:83[0.25000000000000006],511:104[0.21000000000000002],514:29[0.23000000000000004],529:46[0.17],530:106[0.17],533:48[0.13999999999999999],)	507	-125.67	-718.2403155818539	-5001.0	12	14.404	32	8	(0.0766497296204743,0.09519378666948283,0.09889983146617423,0.08874123786615648,0.09689883493407964,0.08097434444979282,0.0710248207598579,)
92	882048239151008	47344	7	(475:58[0.13999999999999999],487:85[0.24000000000000005],511:99[0.2],514:73[0.24000000000000005],529:39[0.18000000000000002],530:66[0.16],533:87[0.15],)	507	-125.67	-731.8525641025641	-5001.0	12	13.798	32	8	(0.04736404085907798,0.09906962303283254,0.08210370518805005,0.06313094741058183,0.08396905413520464,0.08350375870861525,0.05334213594756528,)
93	882299046573153	47846	7	(475:50[0.15],487:24[0.23000000000000004],511:56[0.19],514:117[0.23000000000000004],529:101[0.19000000000000003],530:92[0.17],533:67[0.13999999999999999],)	507	-125.67	-672.207731755424	-5001.0	12	13.926	32	8	(0.06762067046750114,0.14382296396870373,0.13768153304393463,0.09421246169386999,0.07660382457622962,0.09198964453933685,0.09420766244825865,)
94	882568360601208	48367	7	(475:98[0.16],487:58[0.24000000000000005],511:37[0.2],514:157[0.22000000000000003],529:32[0.18000000000000002],530:65[0.16],533:60[0.15],)	507	-125.67	-665.7153846153846	-5001.0	12	14.94	32	8	(0.056230737213246444,0.05313736808154713,0.08817685249596256,0.10295412569130821,0.08052158650093419,0.08112343852320825,0.07631367693131409,)
95	882891619468341	48867	7	(475:53[0.15],487:37[0.25000000000000006],511:75[0.21000000000000002],514:113[0.21000000000000002],529:50[0.19000000000000003],530:81[0.17],533:98[0.16],)	507	-125.67	-865.1996844181459	-5001.0	12	13.734	32	8	(0.05527353407639601,0.12038127698383172,0.06452897953127916,0.10589532570498127,0.08876322399857184,0.11619603703181197,0.08529979898526191,)
96	883131307210546	49367	7	(475:75[0.16],487:150[0.26000000000000006],511:48[0.2],514:64[0.2],529:27[0.20000000000000004],530:98[0.16],533:45[0.15],)	507	-125.67	-638.8061341222881	-5001.0	12	14.036	32	8	(0.05997211056890536,0.09984844298724513,0.0648511711074328,0.10868843528497425,0.07908359331108532,0.08140642133039874,0.08601321652749212,)
97	883396100632868	49867	7	(475:61[0.15],487:89[0.25000000000000006],511:68[0.21000000000000002],514:93[0.21000000000000002],529:78[0.21000000000000005],530:95[0.15],533:23[0.16],)	507	-125.67	-722.5311834319526	-5001.0	12	13.778	32	8	(0.06478719986317978,0.11327327402811836,0.0796976210185044,0.10351491052326676,0.07388973856091646,0.07609685434654306,0.10296675127776032,)
98	883652789408218	50369	7	(475:98[0.16],487:68[0.24000000000000005],511:96[0.22000000000000003],514:47[0.2],529:51[0.20000000000000004],530:77[0.13999999999999999],533:70[0.17],)	507	-125.67	-636.9230177514794	-5001.0	12	14.442	33	8	(0.0800595802039375,0.11808039136310867,0.09255605374574243,0.12605939712622008,0.058888372987991926,0.06799440315219424,0.07320787179161005,)
99	883886486728298	50869	7	(475:64[0.15],487:107[0.25000000000000006],511:108[0.21000000000000002],514:59[0.21000000000000002],529:56[0.21000000000000005],530:83[0.12999999999999998],533:30[0.18000000000000002],)	507	-125.67	-649.6414990138067	-5001.0	12	13.37	30	8	(0.06560958222851578,0.10576389349809329,0.10603834153536142,0.10039062024138222,0.08002174793654056,0.06489418299441103,0.1043849171251479,)
100	884111823016316	51369	7	(475:89[0.16],487:101[0.24000000000000005],511:55[0.2],514:49[0.22000000000000003],529:138[0.22000000000000006],530:20[0.11999999999999998],533:55[0.19000000000000003],)	507	-125.67	-558.075956607495	-5001.0	12	13.952	31	8	(0.06590193734285285,0.10826933853836194,0.08557630913665595,0.06842966551505066,0.0882397097465842,0.08039136911516856,0.09185667044091687,)
101	884375883700762	51872	7	(475:97[0.15],487:48[0.23000000000000004],511:66[0.21000000000000002],514:145[0.23000000000000004],529:40[0.21000000000000005],530:58[0.12999999999999998],533:53[0.20000000000000004],)	507	-125.67	-654.0151084812625	-5001.0	12	14.354	31	8	(0.07030672754764222,0.11417485296050324,0.11153211010082792,0.0854536487386607,0.12947585003330858,0.08840266416780516,0.09586781233539754,)
102	884672635575926	52372	7	(475:69[0.13999999999999999],487:65[0.24000000000000005],511:27[0.22000000000000003],514:79[0.22000000000000003],529:209[0.22000000000000006],530:24[0.13999999999999999],533:34[0.21000000000000005],)	507	-125.67	-851.0215187376725	-5001.0	12	13.496	32	8	(0.0775941080381094,0.13075492574137515,0.11285762741668064,0.12552107770306778,0.09377471306594348,0.0857442704222947,0.09503163653739277,)
103	884967428637763	52872	7	(475:78[0.15],487:58[0.25000000000000006],511:120[0.23000000000000004],514:63[0.21000000000000002],529:58[0.21000000000000005],530:63[0.15],533:67[0.22000000000000006],)	507	-125.67	-722.2738856015778	-5001.0	12	13.666	31	8	(0.06399520274238218,0.10240805079405275,0.08315439340384434,0.1070742570968158,0.08519698744749275,0.08473268584048786,0.08794959360112653,)
104	885192307143993	53372	7	(475:90[0.13999999999999999],487:68[0.26000000000000006],511:75[0.22000000000000003],514:37[0.22000000000000003],529:43[0.22000000000000006],530:93[0.16],533:101[0.23000000000000007],)	507	-125.67	-599.8320512820512	-5001.0	12	13.82	32	8	(0.07213872480436329,0.09653567677748652,0.07856042317378818,0.1074893089261161,0.11945186090449221,0.09896384775744643,0.1044918375281473,)
105	885406152036660	53872	7	(475:62[0.12999999999999998],487:73[0.2700000000000001],511:95[0.21000000000000002],514:34[0.23000000000000004],529:118[0.23000000000000007],530:25[0.15],533:100[0.22000000000000006],)	507	-125.67	-576.4199013806707	-5001.0	12	13.646	32	8	(0.056495258596996924,0.1000168401837304,0.08909429548184708,0.09051057330497699,0.09752043172504536,0.09090536888429865,0.0926671936415279,)
106	885653487369767	54372	7	(475:85[0.13999999999999999],487:102[0.26000000000000006],511:45[0.2],514:81[0.24000000000000005],529:66[0.22000000000000006],530:94[0.16],533:34[0.21000000000000005],)	507	-125.67	-645.6242406311637	-5001.0	12	14.258	33	8	(0.0568830726682909,0.12302449768533226,0.12062055996545153,0.09598255312118156,0.09017286954241352,0.09039899702097647,0.08031165895621668,)
107	885880870317737	54876	6	(475:65[0.12999999999999998],511:61[0.21000000000000002],514:104[0.23000000000000004],529:67[0.23000000000000007],530:114[0.15],533:96[0.22000000000000006],)	507	-125.67	-633.1965877712031	-5001.0	12	13.828	33	8	(0.06846756343473247,0.1058160592052622,0.08482906212284559,0.08997523140028957,0.08465483045496439,0.10222427844765354,)
108	886183208272934	55376	7	(475:63[0.13999999999999999],511:56[0.22000000000000003],514:116[0.22000000000000003],529:86[0.24000000000000007],530:85[0.13999999999999999],533:85[0.21000000000000005],542:15[0.15],)	506	-125.67	-702.7996837944664	-5001.0	12	13.91	34	8	(0.06556374713759053,0.09890609741231715,0.093503076946948,0.13289540676484896,0.09246710054608902,0.11013677596917457,0.10289801968556868,)
109	886445327112820	55876	7	(475:76[0.15],511:68[0.23000000000000004],514:49[0.21000000000000002],529:44[0.23000000000000007],530:67[0.12999999999999998],533:50[0.20000000000000004],542:153[0.16],)	507	-125.67	-651.2840433925052	-5001.0	12	13.904	34	8	(0.06336596744672325,0.10068047195965109,0.10778107066401212,0.1394250456468004,0.09113913991477453,0.11197971423301264,0.07807821353747976,)
110	886692414298012	56383	7	(475:76[0.13999999999999999],511:124[0.24000000000000005],514:69[0.22000000000000003],529:18[0.24000000000000007],530:112[0.13999999999999999],533:37[0.21000000000000005],542:71[0.15],)	507	-125.67	-718.9081459566075	-5001.0	12	14.132	34	8	(0.06465581773359567,0.11340790734243687,0.135209635784056,0.12778632894574538,0.08713997621452334,0.10511032829445253,0.09799517170740896,)
111	887032037235092	56883	9	(475:44[0.12999999999999998],511:43[0.23000000000000004],514:92[0.23000000000000004],529:42[0.25000000000000006],530:80[0.12999999999999998],533:71[0.22000000000000006],542:47[0.13999999999999999],544:59[0.15],545:29[0.15],)	507	-125.67	-1046.4689349112423	-5001.0	12	13.442	34	8	(0.06092523682981313,0.1380675378285155,0.13748255334141765,0.16083608539522704,0.09697208428266568,0.0888154289997039,0.08729501034008331,0.10142205960402742,0.13114399146563743,)
112	887335697669831	57383	9	(475:47[0.13999999999999999],511:50[0.24000000000000005],514:40[0.22000000000000003],529:27[0.26000000000000006],530:28[0.11999999999999998],533:60[0.21000000000000005],542:67[0.15],544:18[0.13999999999999999],545:172[0.16],)	509	-125.67	-890.7246561886051	-5001.0	12	13.184	34	8	(0.05748269728738265,0.14702717699404144,0.12496861504606296,0.1770266163570819,0.0769659144487937,0.1169754594432968,0.1114949118249676,0.09164662439694454,0.061088032065830536,)
113	887560164009257	57883	10	(475:51[0.15],511:17[0.25000000000000006],514:44[0.23000000000000004],529:23[0.2700000000000001],530:88[0.12999999999999998],533:82[0.20000000000000004],542:27[0.13999999999999999],544:83[0.15],545:76[0.15],546:18[0.15],)	509	-125.67	-662.0856581532418	-5001.0	12	12.962	33	8	(0.07251874993357406,0.15668359307988375,0.10530258228518448,0.1204037331465303,0.08337932231540111,0.13176054613072677,0.04911913924102478,0.08607371393378953,0.08743053473150458,0.06921011959842263,)
114	887787233899654	58383	10	(475:56[0.13999999999999999],511:30[0.26000000000000006],514:67[0.24000000000000005],529:45[0.2800000000000001],530:70[0.11999999999999998],533:29[0.19000000000000003],542:72[0.15],544:63[0.13999999999999999],545:53[0.13999999999999999],546:25[0.16],)	510	-125.67	-587.0831176470589	-5001.0	12	13.148	34	8	(0.0578512881672578,0.09866101581167304,0.1052604033583104,0.08177512487748752,0.08393023711596552,0.1386412448253214,0.0916771862147609,0.06709641751631619,0.0850429956087085,0.0890859764029096,)
115	888077250375071	58900	9	(475:78[0.12999999999999998],511:36[0.2700000000000001],514:40[0.23000000000000004],529:61[0.2900000000000001],530:72[0.10999999999999999],533:54[0.20000000000000004],542:38[0.13999999999999999],544:50[0.12999999999999998],546:81[0.17],)	510	-125.67	-742.261725490196	-5001.0	12	13.78	34	8	(0.05519098127708265,0.09783209585366785,0.14700271787090421,0.0903199361022711,0.05932095118744236,0.11166571131068143,0.06502318144568214,0.08135634248763951,0.07699491386813967,)
116	888359625574596	59420	8	(475:63[0.11999999999999998],514:39[0.24000000000000005],529:50[0.2800000000000001],530:61[0.09999999999999999],533:69[0.21000000000000005],542:73[0.15],544:61[0.13999999999999999],546:93[0.16],)	509	-125.67	-689.0577799607072	-5001.0	12	13.534	34	8	(0.0342373678138607,0.14364420801949018,0.08518196291259748,0.08423227820237772,0.15632876509184887,0.09112526036797342,0.08840535848768523,0.0859283076508496,)
117	888646039149339	59931	7	(475:76[0.10999999999999999],514:85[0.25000000000000006],529:60[0.2900000000000001],530:102[0.10999999999999999],533:47[0.20000000000000004],544:84[0.15],546:54[0.15],)	508	-125.67	-743.462716535433	-5001.0	12	14.152	35	8	(0.04738457864479992,0.1579075264399085,0.10405271732841877,0.06956318236799404,0.1371897383232706,0.08390350840471732,0.07437087748277904,)
118	888942128906616	60441	7	(475:63[0.09999999999999999],514:82[0.24000000000000005],529:68[0.3000000000000001],530:72[0.09999999999999999],533:36[0.21000000000000005],544:102[0.13999999999999999],546:84[0.16],)	507	-125.67	-801.3872978303748	-5001.0	12	13.848	36	8	(0.06475498159789393,0.13954055639590215,0.18429634600431313,0.0688829611585106,0.057461246158759804,0.08792619035449052,0.105080502383098,)
119	889175990278733	60949	7	(475:70[0.10999999999999999],514:55[0.23000000000000004],529:141[0.3100000000000001],530:71[0.09],533:105[0.22000000000000006],544:36[0.12999999999999998],546:29[0.15],)	507	-125.67	-613.7642603550297	-5001.0	12	14.024	34	8	(0.02994200257175745,0.1382142059884278,0.1808637634745161,0.06005572345910351,0.06963600085409455,0.09802743544816414,0.0704996260805023,)
120	889395792315447	61449	7	(475:74[0.11999999999999998],514:71[0.24000000000000005],529:95[0.3000000000000001],530:79[0.08],533:64[0.21000000000000005],544:71[0.13999999999999999],546:53[0.16],)	507	-125.67	-672.1270019723866	-5001.0	12	14.154	34	8	(0.02903898490511699,0.13786184109096808,0.12525556058697315,0.051585867856261916,0.103066164523492,0.08362551006332303,0.0993643697166068,)
121	889642663584988	61949	7	(475:30[0.10999999999999999],514:75[0.23000000000000004],529:85[0.2900000000000001],530:63[0.07],533:47[0.22000000000000006],544:93[0.12999999999999998],546:114[0.17],)	507	-125.67	-772.160631163708	-5001.0	12	13.226	34	8	(0.026677458248396367,0.1289350159404673,0.16562378281606147,0.049950930006545,0.11760157366989568,0.08290851321184074,0.11841208231211361,)
122	889844037157772	62449	7	(475:63[0.11999999999999998],514:130[0.22000000000000003],529:75[0.2800000000000001],530:44[0.08],533:27[0.23000000000000007],544:54[0.11999999999999998],546:114[0.16],)	507	-125.67	-547.946134122288	-5001.0	12	14.362	31	8	(0.04048778367386024,0.12411601445929797,0.11324221802935366,0.04843988527147034,0.11645603110599517,0.0890171231702858,0.08159608037324508,)
123	890088235809186	62949	7	(475:56[0.12999999999999998],514:37[0.21000000000000002],529:79[0.2700000000000001],530:127[0.09],533:77[0.24000000000000007],544:76[0.12999999999999998],546:55[0.15],)	507	-125.67	-649.260788954635	-5001.0	12	13.46	31	8	(0.039443785507011116,0.08979506745887726,0.11549404931350811,0.048152360470064166,0.11539513378788524,0.08524796072934206,0.08765515253817335,)
124	890413976654129	63449	8	(475:75[0.13999999999999999],514:125[0.22000000000000003],529:61[0.26000000000000006],530:29[0.08],533:33[0.23000000000000007],544:94[0.11999999999999998],546:68[0.16],555:22[0.15],)	507	-125.67	-751.0187573964498	-5001.0	12	14.46	32	8	(0.030585945266923216,0.12016235273179622,0.09688807239817959,0.058542711315606406,0.09512937783117,0.08961051578427265,0.08607752467885141,0.08755159897477144,)
125	890662060162666	63962	9	(475:85[0.12999999999999998],514:19[0.21000000000000002],529:53[0.2700000000000001],530:29[0.09],533:59[0.24000000000000007],544:45[0.10999999999999999],546:54[0.15],555:119[0.16],556:45[0.15],)	508	-125.67	-608.0280708661417	-5001.0	12	14.296	32	8	(0.029706311329011605,0.07408996816379916,0.10230997554622123,0.04459067425566469,0.10082038238305474,0.0855202218183145,0.10469084047060047,0.05226258641289958,0.06905835107464264,)
126	890953520162071	64476	9	(475:90[0.11999999999999998],514:52[0.22000000000000003],529:75[0.2800000000000001],530:57[0.09999999999999999],533:29[0.23000000000000007],544:72[0.11999999999999998],546:38[0.16],555:67[0.15],556:29[0.16],)	509	-125.67	-619.100982318271	-5001.0	12	14.768	32	8	(0.02378820736132568,0.12661026819469334,0.09405660631568429,0.0857597079281618,0.08786017904854243,0.06864635687426289,0.10943035869943686,0.10895661506554094,0.05941511832620918,)
127	891218249911799	64976	9	(475:81[0.10999999999999999],514:34[0.23000000000000004],529:89[0.2700000000000001],530:15[0.09],533:41[0.24000000000000007],544:66[0.10999999999999999],546:33[0.17],555:90[0.13999999999999999],556:60[0.17],)	509	-125.67	-677.1175638506876	-5001.0	12	14.454	32	8	(0.03141413055636336,0.15597887073947359,0.14869199539473063,0.038894592129491166,0.09922684947617463,0.09215005594555786,0.09900408666525938,0.08961519204502252,0.10158860299348782,)
128	891499783760150	65501	7	(475:51[0.09999999999999999],514:30[0.24000000000000005],529:82[0.26000000000000006],533:93[0.25000000000000006],544:47[0.09999999999999999],546:114[0.18000000000000002],555:92[0.12999999999999998],)	509	-125.67	-793.4360117878192	-5001.0	12	14.338	33	8	(0.031701002276251306,0.15258668170014728,0.10971925125612926,0.07682538100319558,0.06388771501336757,0.08194413945811681,0.07252087151328941,)
129	891774967668745	66004	8	(475:51[0.10999999999999999],514:66[0.25000000000000006],529:99[0.25000000000000006],533:90[0.24000000000000005],544:72[0.10999999999999999],546:68[0.17],555:36[0.11999999999999998],560:25[0.15],)	507	-125.67	-735.1237080867851	-5001.0	12	14.048	33	8	(0.03656774204638217,0.10358851809553468,0.1127050482815839,0.12758942303139012,0.06974779400333131,0.0815323285203619,0.08345778398594524,0.05976065960422944,)
130	892067753723626	66504	9	(475:59[0.11999999999999998],514:75[0.24000000000000005],529:39[0.24000000000000005],533:19[0.23000000000000004],544:66[0.09999999999999999],546:45[0.16],555:88[0.12999999999999998],560:94[0.16],563:23[0.15],)	508	-125.67	-685.5827559055119	-5001.0	12	13.826	33	8	(0.030205642560327053,0.0784484239675089,0.09359794892597459,0.13167782678570625,0.07505936702727134,0.08106659854586847,0.06249375592872046,0.10097172073579012,0.10035603158555183,)
131	892332505698529	67018	9	(475:72[0.10999999999999999],514:124[0.23000000000000004],529:24[0.25000000000000006],533:81[0.24000000000000005],544:43[0.09],546:59[0.17],555:56[0.11999999999999998],560:28[0.15],564:22[0.15],)	509	-125.67	-617.3081335952849	-5001.0	12	14.608	33	8	(0.034366631053198475,0.10738436061049764,0.1334725228105277,0.0993587771080897,0.06095938309372788,0.0945268039003494,0.06700045623767956,0.053579707123233906,0.08065767182866221,)
132	892555214190278	67526	9	(475:64[0.09999999999999999],514:68[0.22000000000000003],529:89[0.26000000000000006],533:69[0.23000000000000004],544:25[0.09999999999999999],546:63[0.16],555:79[0.10999999999999999],564:33[0.16],565:19[0.15],)	509	-125.67	-553.4028094302555	-5001.0	12	13.66	34	8	(0.035272029095218184,0.11358801594943774,0.0975551332503431,0.09527914620032793,0.07930684759130316,0.12162115319121171,0.07117480951058601,0.07002227485730446,0.06927554090138267,)
133	892838615526273	68026	9	(475:72[0.09],514:67[0.21000000000000002],529:27[0.25000000000000006],533:37[0.22000000000000003],544:107[0.10999999999999999],546:36[0.15],555:80[0.09999999999999999],564:19[0.17],565:64[0.16],)	509	-125.67	-615.249862475442	-5001.0	12	14.042	33	8	(0.04433529495157729,0.13636012264994088,0.16154668926254914,0.06412057133855967,0.08598027685647512,0.07703988330638877,0.04481657320814272,0.08084002830788338,0.07082515839912444,)
134	893106707751792	68526	9	(475:84[0.08],514:44[0.2],529:138[0.26000000000000006],533:39[0.23000000000000004],544:42[0.09999999999999999],546:51[0.16],555:16[0.09],564:73[0.18000000000000002],565:22[0.15],)	509	-125.67	-580.4462868369352	-5001.0	12	13.992	34	8	(0.04151818626725168,0.11796718515824806,0.12429714093331147,0.08411818398899083,0.07070870924016044,0.08429754611563699,0.07901750567990795,0.09257673733001691,0.07607973381557663,)
135	893406829079307	69026	9	(475:86[0.07],514:36[0.21000000000000002],529:58[0.25000000000000006],533:38[0.24000000000000005],544:51[0.10999999999999999],546:67[0.17],555:91[0.09999999999999999],564:39[0.17],565:43[0.16],)	509	-125.67	-782.9276817288803	-5001.0	12	14.136	34	8	(0.04380943839650546,0.10262257672088164,0.12410559231107052,0.05656881327530606,0.07721996209041715,0.07735426666302321,0.06557232538885527,0.07049670295161603,0.06382358645278878,)
136	893629439228177	69530	9	(475:23[0.060000000000000005],514:108[0.22000000000000003],529:37[0.24000000000000005],533:54[0.25000000000000006],544:60[0.11999999999999998],546:134[0.16],555:47[0.09],564:19[0.18000000000000002],565:27[0.17],)	509	-125.67	-598.7516502946955	-5001.0	12	13.162	32	8	(0.03777809565954305,0.10396721920125593,0.1204637583331132,0.11846010007318229,0.07395527551044839,0.08551205400618718,0.06773672021954025,0.11524157206697927,0.07600668145556415,)
137	893949780336289	70040	8	(514:27[0.21000000000000002],529:120[0.25000000000000006],533:44[0.26000000000000006],544:70[0.10999999999999999],546:56[0.15],555:85[0.09999999999999999],564:54[0.19000000000000003],565:53[0.18000000000000002],)	509	-125.67	-799.5896660117879	-5001.0	12	12.67	33	8	(0.11224404666181233,0.11512931241708238,0.07489441884427696,0.07357660155076505,0.07539474554269178,0.05693968948388799,0.10445065872165958,0.08644344011461817,)
138	894361122819661	70554	8	(514:145[0.22000000000000003],529:43[0.24000000000000005],533:126[0.2700000000000001],544:45[0.09999999999999999],546:39[0.16],555:30[0.09],564:41[0.20000000000000004],565:39[0.19000000000000003],)	508	-125.67	-745.7144094488187	-5001.0	12	14.886	33	8	(0.14901784728739736,0.08546090864442625,0.18327637690032733,0.0686906070497918,0.08896667333219825,0.07618907292624613,0.10841109385749312,0.10860904807379554,)
139	894828535044902	71086	8	(514:25[0.21000000000000002],529:68[0.25000000000000006],533:129[0.26000000000000006],544:45[0.10999999999999999],546:118[0.17],555:42[0.09999999999999999],564:32[0.21000000000000005],565:49[0.20000000000000004],)	508	-125.67	-780.2010039370078	-5001.0	12	16.656	33	8	(0.11961226433368703,0.07932770855092894,0.11076940574316775,0.08388047012680017,0.08578522802274471,0.06729920567644995,0.10926460391430304,0.08516840613302273,)
140	895157632926811	71586	8	(514:135[0.22000000000000003],529:48[0.24000000000000005],533:96[0.25000000000000006],544:40[0.11999999999999998],546:98[0.16],555:18[0.10999999999999999],564:24[0.22000000000000006],565:49[0.21000000000000005],)	508	-125.67	-697.6432086614174	-5001.0	12	15.572	34	8	(0.1091685336791034,0.12803153164269768,0.03219762514867483,0.10563945505133683,0.06987377351716771,0.07482217916666442,0.07787913261427251,0.08734218908348895,)
141	895560403972877	72108	7	(514:84[0.21000000000000002],529:68[0.25000000000000006],533:93[0.24000000000000005],546:62[0.15],555:84[0.11999999999999998],564:88[0.23000000000000007],565:29[0.22000000000000006],)	508	-125.67	-717.7773622047243	-5001.0	12	15.85	34	8	(0.08969466687781753,0.0744401683904358,0.02563325395831645,0.08956418116532724,0.06067484879516746,0.0660045386431239,0.09713988903249662,)
142	895836088468519	72626	7	(514:69[0.2],529:77[0.26000000000000006],533:117[0.23000000000000004],546:86[0.16],555:61[0.10999999999999999],564:53[0.22000000000000006],565:44[0.23000000000000007],)	507	-125.67	-585.0662327416172	-5001.0	12	16.41	35	8	(0.11427061348434539,0.09013367753510972,0.05182057567919321,0.10727354364511141,0.06450899531164976,0.060507917949100154,0.11069568176984661,)
143	896079320842946	73126	7	(514:70[0.21000000000000002],529:25[0.25000000000000006],533:62[0.22000000000000003],546:88[0.15],555:102[0.11999999999999998],564:72[0.23000000000000007],565:88[0.24000000000000007],)	507	-125.67	-601.879191321499	-5001.0	12	14.258	33	8	(0.12027860546085797,0.09523370460656101,0.03961183393957065,0.10513523363205159,0.06743262069506806,0.09356553278479113,0.10992534557876749,)
144	896393777904897	73630	8	(514:91[0.22000000000000003],529:34[0.26000000000000006],533:88[0.23000000000000004],546:139[0.13999999999999999],555:16[0.10999999999999999],564:78[0.22000000000000006],565:41[0.23000000000000007],577:20[0.15],)	507	-125.67	-729.0547928994083	-5001.0	12	15.064	34	8	(0.11635779580378293,0.11207449374911868,0.05739012248402064,0.08934925763923454,0.07480109551858478,0.09810695349457722,0.12954839461242246,0.08845573155365631,)
145	896702730435749	74151	7	(514:88[0.21000000000000002],529:122[0.2700000000000001],533:50[0.22000000000000003],546:54[0.12999999999999998],555:72[0.11999999999999998],564:81[0.21000000000000005],565:41[0.24000000000000007],)	508	-125.67	-677.1644881889764	-5001.0	12	13.926	33	8	(0.11575074401640216,0.10194291336862335,0.04016745961760714,0.07042998024278367,0.07231836690860674,0.11887100948744816,0.09510727622832339,)
146	897040816479494	74659	7	(514:74[0.2],529:44[0.26000000000000006],533:127[0.23000000000000004],546:65[0.13999999999999999],555:36[0.10999999999999999],564:30[0.20000000000000004],565:131[0.25000000000000006],)	507	-125.67	-717.9896449704142	-5001.0	12	16.398	34	8	(0.11193510959200874,0.14012874068560957,0.04231142657831976,0.07063858385074728,0.04363593996959424,0.12245195927152128,0.08450810070497408,)
147	897377664935972	75159	7	(514:73[0.19],529:41[0.2700000000000001],533:60[0.22000000000000003],546:79[0.15],555:147[0.11999999999999998],564:49[0.21000000000000005],565:58[0.24000000000000005],)	507	-125.67	-776.2850098619328	-5001.0	12	14.612	33	8	(0.10267016296800151,0.12630149073617986,0.02826013216298645,0.0661851300110744,0.07550329351067564,0.1165490619693136,0.07728336870699268,)
148	897735780733093	75663	7	(514:35[0.18],529:65[0.2800000000000001],533:127[0.23000000000000004],546:92[0.13999999999999999],555:52[0.10999999999999999],564:65[0.22000000000000006],565:71[0.25000000000000006],)	507	-125.67	-719.8539842209071	-5001.0	12	15.144	33	8	(0.08713587433434383,0.07349182401332605,0.08900771648887155,0.08061315575741347,0.0628981132732918,0.1218150951666545,0.10102178320869111,)
149	898018263453424	76163	7	(514:53[0.19],529:83[0.2900000000000001],533:57[0.22000000000000003],546:118[0.12999999999999998],555:71[0.11999999999999998],564:34[0.23000000000000007],565:91[0.24000000000000005],)	507	-125.67	-645.0831163708089	-5001.0	12	14.138	33	8	(0.1071929301014972,0.13980007405824976,0.06447324088172043,0.06088004948470621,0.07600778542398438,0.1313467021647961,0.1002913911304162,)
