alpha = 0.15
gamma = 1.0
lambda = 0.6
epsilon = 0.3
randomSeed = 999
GREAT!
Xover: 4
---- Evolution parameters ----
Folder name:          NMSarsa_Maze/run_709973287535118
Random seed:          999
GREAT activated:      true
Max iterations:       150
Population size:      500
GREAT initialization  true
Speciation threshold: 0.15
Species min size:     15
Tournament size:      3
Crossover rate:       0.2
Mutation rate:        0.8
Crossovers:
	AligningCrossover_v4(0.15)
Mutations:
	AddGeneMutation(maxSize=2147483647, prob=0.33)
	DeleteGeneMutation(minSize=8, prob=0.33)
	ChangeGeneMutation(prob=0.33)
------------------------------

---- Starting evolution ----
IT	Nanotime	#Eval	#Species	Species size	PopSize	Best	Avg	Worst	Best GRN Size	Avg GRN size	Max GRN size	Min GRN size	Species avgdist2rep
0	710903457932092	997	1	(474:499[0.15],)	499	-53.68	-599.6177154308621	-10000.0	10	9.494	14	8	(0.09220169087498109,)
1	710968778506117	1505	2	(474:467[0.16],475:34[0.15],)	501	-51.4	-419.9680239520958	-10000.0	10	9.502	15	8	(0.07196201104313661,0.07917730885870808,)
2	711017529733027	2005	4	(474:121[0.15],475:219[0.16],478:94[0.15],479:68[0.15],)	502	-51.4	-342.47482071713137	-10000.0	10	9.472	14	8	(0.0688994345382354,0.0804322096728318,0.09089123572978952,0.07192846496059947,)
3	711078437650818	2525	4	(474:41[0.16],475:78[0.15],478:184[0.16],479:201[0.16],)	504	-51.4	-445.5531746031747	-10000.0	10	9.432	14	8	(0.07912831585187574,0.07823976507637122,0.049142984309296305,0.04611958284988013,)
4	711153479915266	3032	4	(474:112[0.17],475:35[0.16],478:220[0.15],479:137[0.15],)	504	-50.45	-508.60976190476197	-10000.0	9	9.492	15	8	(0.07578834752787343,0.04388310154372781,0.06547121671889712,0.04925666151043,)
5	711229204876514	3545	5	(474:87[0.18000000000000002],475:17[0.17],478:304[0.13999999999999999],479:75[0.13999999999999999],485:21[0.15],)	504	-50.45	-528.9186904761905	-10000.0	9	9.472	16	8	(0.07567524252516587,0.1162931736340214,0.06609901458691265,0.060572306080951106,0.06688039649231683,)
6	711301190290065	4045	5	(474:15[0.19000000000000003],475:28[0.18000000000000002],478:61[0.12999999999999998],479:180[0.15],485:221[0.16],)	505	-48.65	-544.3394059405942	-10000.0	8	9.014	13	8	(0.07762538156456172,0.07845197169281133,0.0731360308235288,0.061789428090879985,0.05313298722752188,)
7	711379281848845	4556	6	(475:100[0.19000000000000003],478:204[0.13999999999999999],479:81[0.13999999999999999],485:44[0.15],487:22[0.15],488:54[0.15],)	505	-48.65	-514.0580990099011	-10000.0	8	9.348	14	8	(0.10354534527923397,0.07768922079327611,0.06835337127684941,0.0786375731530363,0.0884868596569342,0.08627350343810401,)
8	711442135258368	5061	7	(475:74[0.18000000000000002],478:103[0.12999999999999998],479:74[0.15],485:94[0.16],487:46[0.16],488:88[0.16],490:27[0.15],)	506	-48.65	-401.8739130434783	-10000.0	8	9.668	15	8	(0.04136339921933938,0.06833327842705071,0.05785625869616143,0.06871355440422774,0.0955011041187988,0.03925941636653378,0.10077737265809521,)
9	711506285406191	5574	6	(475:44[0.17],478:81[0.11999999999999998],485:77[0.15],487:54[0.17],488:58[0.15],490:193[0.16],)	507	-48.5	-428.53591715976336	-10000.0	9	9.436	15	8	(0.05053745029524743,0.0754882321626121,0.06427307150675425,0.06618870326226713,0.03964670456725208,0.033924446524853547,)
10	711580787851401	6087	6	(475:180[0.18000000000000002],478:43[0.12999999999999998],485:110[0.16],487:76[0.18000000000000002],490:73[0.15],493:24[0.15],)	506	-48.5	-478.8019565217392	-10000.0	9	9.604	15	8	(0.051250463636527535,0.08674097824551306,0.06742297461826453,0.09672798035516332,0.06942297773799541,0.09029628654204258,)
11	711626257067194	6591	7	(475:48[0.17],478:36[0.13999999999999999],485:215[0.15],487:17[0.19000000000000003],490:116[0.16],493:44[0.16],495:30[0.15],)	506	-48.5	-286.0258300395258	-10000.0	9	9.434	15	8	(0.061748897449579926,0.11079400520686762,0.07865085031578446,0.09947599968264081,0.07685612968012885,0.0695884943092988,0.0856652240935908,)
12	711673278162123	7104	7	(475:23[0.18000000000000002],478:81[0.15],485:75[0.13999999999999999],487:21[0.20000000000000004],490:106[0.15],493:73[0.17],495:128[0.16],)	507	-48.5	-314.63984220907304	-10000.0	9	9.432	13	8	(0.07241383627076824,0.08590004072653298,0.09041055825771957,0.08097432276312506,0.07982852954916046,0.06386985735900638,0.0774430978254514,)
13	711733879648507	7615	6	(475:23[0.19000000000000003],478:122[0.13999999999999999],485:177[0.12999999999999998],487:24[0.21000000000000005],490:108[0.13999999999999999],493:53[0.16],)	507	-46.57	-394.23031558185414	-10000.0	11	9.682	13	8	(0.0671974255079668,0.06033631354965147,0.06869994027719376,0.08846536017178723,0.05644543370552001,0.05764371549948865,)
14	711788699653523	8129	7	(475:147[0.20000000000000004],485:61[0.11999999999999998],487:116[0.22000000000000006],490:59[0.12999999999999998],493:73[0.17],499:31[0.15],500:19[0.15],)	506	-46.57	-282.0210276679843	-10000.0	11	9.694	14	8	(0.05753386361621433,0.09504571958602402,0.09253949875970566,0.09650185128269041,0.08990086130644508,0.07642409343858998,0.050726375706376226,)
15	711856357561825	8629	7	(475:39[0.19000000000000003],485:53[0.12999999999999998],487:24[0.21000000000000005],490:113[0.13999999999999999],493:64[0.16],499:181[0.16],500:33[0.16],)	507	-46.57	-419.4318737672584	-10000.0	11	9.702	13	8	(0.1068872785358798,0.06856814150423458,0.1034726656753739,0.0970293735282476,0.08782092327719013,0.0506479644674145,0.07621649426344547,)
16	711924704972807	9137	7	(475:19[0.20000000000000004],485:182[0.13999999999999999],487:30[0.22000000000000006],490:97[0.12999999999999998],493:22[0.17],499:80[0.15],500:77[0.17],)	507	-46.57	-403.6936489151873	-10000.0	11	9.77	14	8	(0.11484404011950637,0.07463209611764789,0.08190338255106103,0.07170863611849775,0.07318443228787545,0.056693791002943125,0.05611612086955633,)
17	711991458396945	9651	7	(475:35[0.21000000000000005],485:75[0.12999999999999998],487:73[0.23000000000000007],490:114[0.11999999999999998],499:90[0.13999999999999999],500:89[0.16],502:31[0.15],)	507	-46.2	-428.34242603550297	-10000.0	12	9.972	15	8	(0.11279271162332022,0.0937020928424154,0.11791407989195454,0.0800305034547609,0.08137148395587587,0.0875329620200528,0.09615846094421301,)
18	712039228296104	10163	7	(475:174[0.22000000000000006],485:22[0.11999999999999998],487:112[0.22000000000000006],490:53[0.10999999999999999],499:19[0.12999999999999998],500:81[0.15],502:46[0.16],)	507	-46.2	-276.84035502958585	-10000.0	12	9.726	14	8	(0.04631782817140258,0.045521918609064335,0.10862965516952647,0.05734598779049784,0.09011772046159339,0.08276050965157178,0.05067657082667253,)
19	712112859924438	10675	6	(475:54[0.21000000000000005],485:116[0.12999999999999998],487:86[0.21000000000000005],490:81[0.11999999999999998],500:22[0.13999999999999999],502:148[0.17],)	507	-46.2	-413.61329388560154	-9999.57	12	10.754	14	8	(0.07913926717365785,0.08664905155323237,0.09852247158889184,0.07168280008713437,0.08073183155045856,0.1062928140460971,)
20	712202847432248	11208	5	(475:183[0.22000000000000006],487:42[0.20000000000000004],490:170[0.12999999999999998],500:75[0.15],507:36[0.15],)	506	-45.84	-449.71007905138333	-10000.0	11	10.762	15	8	(0.09853378371248225,0.0826578353630529,0.06649867872701842,0.08815942385418717,0.04214556402822745,)
21	712256603043300	11711	6	(475:48[0.21000000000000005],487:124[0.21000000000000005],490:145[0.11999999999999998],500:16[0.16],507:152[0.16],509:20[0.15],)	505	-45.84	-293.6414653465347	-10000.0	11	10.686	16	8	(0.10764165543214604,0.078733875220447,0.07292760494774576,0.059098869228139644,0.04817560037070113,0.06510913229526447,)
22	712326925057836	12230	6	(475:95[0.22000000000000006],487:73[0.20000000000000004],490:80[0.10999999999999999],507:142[0.15],509:34[0.16],511:82[0.15],)	506	-45.4	-335.90284584980236	-10000.0	14	10.84	16	8	(0.07227461221047139,0.10850446760072144,0.0838584427079209,0.054423516418175104,0.09971234442917917,0.0814464920906731,)
23	712399004266190	12742	6	(475:39[0.21000000000000005],487:100[0.21000000000000005],490:231[0.11999999999999998],507:32[0.13999999999999999],509:81[0.17],511:23[0.16],)	506	-45.12	-295.2925296442688	-10000.0	15	11.314	16	8	(0.07384104109596708,0.07545027693244664,0.051455305402082215,0.07138531724295727,0.061807638636324234,0.04857757319547295,)
24	712491845957143	13242	7	(475:18[0.22000000000000006],487:25[0.20000000000000004],490:86[0.10999999999999999],507:128[0.15],509:119[0.18000000000000002],511:113[0.17],513:17[0.15],)	506	-44.24	-456.43881422924903	-9967.14	14	11.582	16	8	(0.11426666535073962,0.07505118965898566,0.04300132262932865,0.09013172588917358,0.07095240048504246,0.04324870339020005,0.06821096336261778,)
25	712576833997662	13758	5	(475:212[0.23000000000000007],487:47[0.21000000000000005],490:60[0.09999999999999999],509:47[0.17],511:141[0.16],)	507	-44.24	-353.9534122287969	-10000.0	14	11.652	17	8	(0.07981789168542851,0.0953096040878381,0.06447716843103359,0.09173207293228755,0.06296638064760904,)
26	712665481946631	14258	5	(475:79[0.22000000000000006],487:67[0.22000000000000006],490:143[0.10999999999999999],509:134[0.18000000000000002],511:82[0.15],)	505	-44.24	-355.20601980198023	-10000.0	14	11.86	17	8	(0.0979163641859879,0.09220769216020581,0.06326982746952835,0.06597778844680734,0.07106642758552859,)
27	712744285544834	14758	5	(475:92[0.23000000000000007],487:69[0.23000000000000007],490:118[0.09999999999999999],509:99[0.17],511:127[0.16],)	505	-44.24	-367.16554455445544	-10000.0	14	11.972	18	8	(0.0867594224037209,0.12060484926334906,0.05419860226428082,0.07114390159052551,0.057454614684058575,)
28	712818340761348	15272	5	(475:108[0.24000000000000007],487:106[0.24000000000000007],490:133[0.09],511:104[0.15],514:54[0.15],)	505	-43.5	-296.8686534653465	-10000.0	15	12.092	19	8	(0.11616723799808389,0.10105368245400138,0.06025514781188487,0.06967211574229576,0.09073284451475916,)
29	712910224902170	15777	5	(475:91[0.23000000000000007],487:37[0.23000000000000007],511:286[0.13999999999999999],514:69[0.16],515:22[0.15],)	505	-43.5	-342.7199207920791	-10000.0	15	12.59	20	8	(0.11027300217413198,0.09024449608585523,0.07682726058389688,0.09236607558850657,0.11111864103780235,)
30	713014306123816	16277	5	(475:37[0.24000000000000007],487:25[0.24000000000000007],511:137[0.12999999999999998],514:22[0.17],515:284[0.16],)	505	-43.5	-399.93926732673265	-10000.0	15	12.196	20	8	(0.08787748181029481,0.11619039296137852,0.06519617829038521,0.08709417402869647,0.07002068655559875,)
31	713094259162699	16777	6	(475:18[0.25000000000000006],487:46[0.25000000000000006],511:225[0.11999999999999998],514:42[0.18000000000000002],515:145[0.15],517:29[0.15],)	505	-43.5	-308.4426336633663	-9989.42	15	12.582	17	8	(0.07998820645720067,0.09603379917791609,0.06785970682537969,0.09544495013678521,0.06479011036559142,0.09212080529000963,)
32	713174996619185	17277	6	(475:209[0.26000000000000006],487:27[0.26000000000000006],511:68[0.10999999999999999],514:50[0.19000000000000003],515:119[0.13999999999999999],517:33[0.16],)	506	-43.5	-382.97640316205536	-10000.0	15	11.564	18	8	(0.0866844323491844,0.11039166283585909,0.06694457389855234,0.0870834041499514,0.06294410255515744,0.083008455517801,)
33	713246589715925	17777	6	(475:142[0.25000000000000006],487:28[0.2700000000000001],511:130[0.11999999999999998],514:64[0.20000000000000004],515:117[0.12999999999999998],517:25[0.17],)	506	-43.5	-308.232885375494	-10000.0	15	12.128	18	8	(0.08782775476052272,0.06144910143483021,0.07165949908114037,0.09936298245668464,0.06682745140763244,0.09800625679892812,)
34	713313414768162	18278	6	(475:131[0.24000000000000005],487:33[0.2800000000000001],511:125[0.10999999999999999],514:60[0.21000000000000005],515:126[0.11999999999999998],517:31[0.18000000000000002],)	506	-43.5	-306.8260671936759	-9973.56	15	12.274	19	8	(0.11612432887694718,0.19570349991855476,0.08485682870621254,0.10750926780630811,0.06656949748831241,0.11459006661435947,)
35	713411628681514	18778	6	(475:153[0.23000000000000004],487:34[0.2900000000000001],511:85[0.09999999999999999],514:181[0.22000000000000006],515:26[0.10999999999999999],517:27[0.19000000000000003],)	506	-43.5	-404.2129644268774	-10000.0	15	12.218	19	8	(0.12948628062422163,0.1777735947963978,0.06853852437131663,0.12499533251983043,0.09575143453969094,0.08374122453750765,)
36	713525560757677	19278	6	(475:140[0.22000000000000003],487:18[0.3000000000000001],511:93[0.09],514:157[0.21000000000000005],515:32[0.11999999999999998],517:66[0.20000000000000004],)	506	-43.5	-461.4154150197628	-10000.0	15	12.518	18	8	(0.10815831456524584,0.19143706824592793,0.05572896195938213,0.09275188481455011,0.055167104478871375,0.10995234033114909,)
37	713642623482618	19778	6	(475:104[0.21000000000000002],487:65[0.3100000000000001],511:52[0.08],514:139[0.20000000000000004],515:72[0.12999999999999998],517:74[0.21000000000000005],)	506	-43.5	-450.556185770751	-10000.0	15	12.916	18	8	(0.06627631926799685,0.09654735695862349,0.059818340579886435,0.08181685914524447,0.05918604507377886,0.05469678525647433,)
38	713783695975761	20279	6	(475:104[0.2],487:117[0.3200000000000001],511:79[0.09],514:45[0.19000000000000003],515:49[0.13999999999999999],517:112[0.22000000000000006],)	506	-43.5	-518.509328063241	-10000.0	15	13.366	18	8	(0.08510042464515113,0.0856147257125757,0.056127928730026144,0.09938839957338909,0.06860699030629872,0.08596210674344384,)
39	713875724047023	20779	6	(475:69[0.19],487:103[0.3100000000000001],511:49[0.09999999999999999],514:129[0.20000000000000004],515:38[0.15],517:118[0.21000000000000005],)	506	-43.5	-356.19219367588937	-9975.13	15	13.246	19	8	(0.07147599038802789,0.08081350509738866,0.06767219205626246,0.10159031522447418,0.10594821532321842,0.09681168555763892,)
40	714022907016702	21279	6	(475:22[0.2],487:181[0.3000000000000001],511:88[0.10999999999999999],514:77[0.19000000000000003],515:47[0.16],517:91[0.20000000000000004],)	506	-43.5	-545.9478853754943	-10000.0	15	13.32	19	8	(0.1056929714113408,0.09990354744707218,0.07548480571628062,0.1129354112206349,0.04809514245027135,0.08748996554228355,)
41	714113948125620	21779	6	(475:180[0.21000000000000002],487:72[0.2900000000000001],511:52[0.09999999999999999],514:93[0.20000000000000004],515:38[0.17],517:71[0.19000000000000003],)	506	-43.5	-305.78332015810287	-9947.2	15	13.446	18	8	(0.07704590447659425,0.08266038591611666,0.054371024503969786,0.1119236343649406,0.04724194561162581,0.10101707822230828,)
42	714201666911661	22279	6	(475:161[0.2],487:32[0.3000000000000001],511:62[0.10999999999999999],514:141[0.19000000000000003],515:28[0.18000000000000002],517:82[0.20000000000000004],)	506	-43.5	-306.25671936758886	-10000.0	15	13.518	18	8	(0.0763589025415951,0.07797714435459233,0.08936647752574804,0.08406025445720548,0.07019413321909206,0.07851302880836096,)
43	714314614214285	22779	6	(475:121[0.19],487:95[0.3100000000000001],511:88[0.11999999999999998],514:57[0.18000000000000002],515:98[0.19000000000000003],517:47[0.21000000000000005],)	506	-43.5	-403.07359683794476	-10000.0	15	13.696	19	8	(0.0898262601741967,0.09168596705919352,0.07324017608751172,0.07923794171041931,0.06803696983914594,0.04770520974535181,)
44	714397896486167	23279	7	(475:117[0.18],487:85[0.3000000000000001],511:63[0.10999999999999999],514:131[0.19000000000000003],515:77[0.18000000000000002],517:15[0.22000000000000006],520:18[0.15],)	506	-42.8	-321.4845454545455	-10000.0	16	13.34	19	8	(0.08869526354272356,0.10632809117959229,0.08294277145243244,0.10656314618437636,0.06761531685337643,0.11019334501348199,0.11176077198618269,)
45	714488507219199	23779	7	(475:53[0.16999999999999998],487:28[0.2900000000000001],511:70[0.11999999999999998],514:174[0.18000000000000002],515:81[0.17],517:63[0.23000000000000007],520:38[0.16],)	507	-42.8	-380.51078895463513	-9966.19	16	12.46	18	8	(0.06843573478401481,0.04744848839538239,0.082360974151325,0.0706186531698804,0.08937797554430645,0.07475328235957754,0.09103941259390755,)
46	714592502359396	24292	6	(475:91[0.18],487:124[0.3000000000000001],511:117[0.12999999999999998],514:32[0.17],515:38[0.16],517:105[0.24000000000000007],)	507	-42.8	-356.3948520710059	-9963.18	16	13.528	19	8	(0.07669076194974794,0.0754272914859793,0.0852614071264959,0.08323261539698436,0.08601877589054885,0.07025325126631665,)
47	714733866613900	24792	6	(475:54[0.16999999999999998],487:114[0.2900000000000001],511:64[0.11999999999999998],514:97[0.18000000000000002],515:37[0.17],517:140[0.23000000000000007],)	506	-42.8	-510.95616600790504	-10000.0	16	12.978	19	8	(0.09211491867626985,0.08348330791706737,0.07816063682670232,0.05177097702748627,0.062478122330556454,0.07510671435857201,)
48	714829507726729	25292	6	(475:73[0.18],487:136[0.2800000000000001],511:89[0.12999999999999998],514:52[0.17],515:75[0.18000000000000002],517:81[0.22000000000000006],)	506	-42.8	-373.0317786561265	-10000.0	16	13.388	20	8	(0.08470184769389755,0.09372349001303952,0.08723096195958698,0.06381115579548655,0.07622944980047776,0.07673458248295878,)
49	714998040722902	25792	6	(475:122[0.19],487:46[0.2700000000000001],511:92[0.11999999999999998],514:36[0.18000000000000002],515:148[0.19000000000000003],517:62[0.23000000000000007],)	506	-41.4	-546.5764822134386	-10000.0	11	13.452	19	8	(0.08715186752009098,0.07824596379688231,0.08816046091897696,0.0778514653602642,0.06854305617645894,0.08168173543940153,)
50	715166129256948	26292	6	(475:175[0.18],487:125[0.2800000000000001],511:27[0.10999999999999999],514:18[0.19000000000000003],515:84[0.18000000000000002],517:77[0.24000000000000007],)	506	-41.4	-511.37535573122517	-10000.0	11	14.048	20	8	(0.09700713788362952,0.09547961610337206,0.06858382633853563,0.08959017417668542,0.0637923863406818,0.08696600357517048,)
51	715329591686190	26792	6	(475:104[0.16999999999999998],487:60[0.2700000000000001],511:161[0.11999999999999998],514:67[0.20000000000000004],515:51[0.17],517:63[0.25000000000000006],)	506	-41.4	-525.5485177865612	-10000.0	11	14.47	21	9	(0.07255837144209405,0.08647354946069831,0.08407654788131148,0.07592854382596603,0.07781573846210633,0.07701030834131611,)
52	715472651037282	27292	6	(475:137[0.15999999999999998],487:109[0.2800000000000001],511:50[0.10999999999999999],514:170[0.21000000000000005],515:21[0.18000000000000002],517:19[0.26000000000000006],)	506	-41.4	-405.6313043478261	-10000.0	11	14.322	21	9	(0.07290610473314284,0.07445315480128051,0.07953520142524814,0.07309138573307809,0.08082112334361904,0.09839975647741388,)
53	715645855526242	27792	6	(475:127[0.14999999999999997],487:48[0.2700000000000001],511:190[0.11999999999999998],514:35[0.20000000000000004],515:52[0.19000000000000003],517:54[0.2700000000000001],)	506	-41.4	-506.2058300395256	-10000.0	11	15.188	21	8	(0.08522428042920027,0.06438119373691155,0.08023246501752078,0.09798867134884551,0.09120664450696157,0.08877336263272088,)
54	715767268052363	28306	5	(475:148[0.13999999999999996],487:50[0.2800000000000001],511:105[0.10999999999999999],514:139[0.21000000000000005],517:64[0.2800000000000001],)	506	-41.4	-330.3115415019763	-10000.0	11	15.092	20	8	(0.07445070297667623,0.0788947597759997,0.08570371282805367,0.08942444953223373,0.08043343757465263,)
55	715941891884899	28806	5	(475:141[0.12999999999999995],487:91[0.2900000000000001],511:162[0.09999999999999999],514:27[0.20000000000000004],517:84[0.2900000000000001],)	505	-41.4	-481.5557029702971	-10000.0	11	15.782	21	8	(0.0878687881390954,0.06322613517830811,0.05729241815218114,0.11841420731054653,0.09713830772376598,)
56	716149257009342	29318	4	(475:155[0.11999999999999995],487:57[0.3000000000000001],511:157[0.09],514:136[0.21000000000000005],)	505	-41.4	-546.2340396039604	-10000.0	11	15.696	21	9	(0.07806024286957693,0.05825308870546221,0.05958122609318811,0.12162648752464428,)
57	716295431541875	29818	4	(475:98[0.10999999999999996],487:188[0.3100000000000001],511:144[0.08],514:74[0.20000000000000004],)	504	-41.4	-396.4022619047619	-10000.0	11	15.722	22	9	(0.07217756988126177,0.09246987926206293,0.059502456852465385,0.09132865909812245,)
58	716450275834842	30318	4	(475:145[0.11999999999999995],487:98[0.3000000000000001],511:149[0.07],514:112[0.21000000000000005],)	504	-41.4	-379.6127976190476	-10000.0	11	16.138	22	8	(0.06881101284170205,0.10459606538794512,0.05132765383580394,0.0984871168425312,)
59	716649447910134	30818	4	(475:122[0.10999999999999996],487:72[0.3100000000000001],511:144[0.060000000000000005],514:166[0.22000000000000006],)	504	-41.4	-489.6806349206352	-10000.0	11	16.144	22	8	(0.05977902984714232,0.1596725924406546,0.04382144416811554,0.1687643074966659,)
60	716810048208543	31318	4	(475:56[0.11999999999999995],487:88[0.3200000000000001],511:30[0.05],514:330[0.21000000000000005],)	504	-41.4	-368.8973015873015	-10000.0	11	16.452	22	8	(0.0888424767206492,0.09618330090459608,0.04156341362862442,0.08036617693135356,)
61	717012224872511	31818	4	(475:55[0.12999999999999995],487:77[0.3300000000000001],511:202[0.060000000000000005],514:170[0.20000000000000004],)	504	-41.4	-542.3169444444442	-10000.0	11	16.086	22	9	(0.08676538150151857,0.06709229086498149,0.04190910555899778,0.08894133803736916,)
62	717204715121209	32318	4	(475:36[0.13999999999999996],487:156[0.34000000000000014],511:26[0.05],514:286[0.19000000000000003],)	504	-41.4	-540.4314087301588	-10000.0	11	15.646	23	8	(0.08477982014520664,0.07843499172898588,0.039065412541264305,0.07345443009231942,)
63	717335586919039	32832	3	(487:225[0.3300000000000001],511:162[0.060000000000000005],514:117[0.18000000000000002],)	504	-41.4	-364.85565476190476	-10000.0	11	15.344	24	9	(0.06855249969316177,0.04560399531614884,0.07596725602347676,)
64	717492092196139	33332	3	(487:215[0.3200000000000001],511:122[0.07],514:166[0.19000000000000003],)	503	-41.4	-380.73622266401594	-10000.0	11	15.758	25	10	(0.08387118261512845,0.05902426617011209,0.10461167786530795,)
65	717714378591408	33832	3	(487:102[0.3100000000000001],511:99[0.08],514:302[0.18000000000000002],)	503	-41.4	-524.7496421471175	-10000.0	11	16.276	26	10	(0.05535585061168432,0.05499917804237765,0.07421140404367024,)
66	717849194800653	34332	3	(487:149[0.3200000000000001],511:240[0.09],514:114[0.17],)	503	-41.4	-363.1481510934393	-9961.11	11	15.808	24	10	(0.07342352340791083,0.06957670747307218,0.08599296115506114,)
67	718028134577164	34832	3	(487:82[0.3300000000000001],511:117[0.08],514:304[0.18000000000000002],)	503	-41.4	-461.72322067594416	-10000.0	11	15.79	24	10	(0.09734492032841811,0.0674972808632338,0.07861567851144534,)
68	718188923741574	35332	3	(487:110[0.34000000000000014],511:170[0.09],514:223[0.17],)	503	-40.75	-425.9679324055665	-9998.02	16	16.214	23	10	(0.08063146904054949,0.05776786732784458,0.07343726168404294,)
69	718386449473382	35832	3	(487:58[0.35000000000000014],511:111[0.08],514:334[0.16],)	503	-40.75	-569.8767793240553	-10000.0	16	15.822	24	10	(0.11080005695373248,0.06078058759594343,0.1005878245483862,)
70	718544719622371	36332	3	(487:187[0.36000000000000015],511:148[0.09],514:168[0.15],)	503	-40.75	-395.74737574552694	-10000.0	16	16.112	25	9	(0.09241855527198636,0.06441116898150692,0.06524614931628339,)
71	718731181808841	36832	3	(487:112[0.35000000000000014],511:152[0.09999999999999999],514:239[0.13999999999999999],)	503	-40.75	-466.3243538767395	-10000.0	16	16.112	25	8	(0.06255024921333723,0.07171105947159688,0.08180619669388242,)
72	718959289165785	37332	3	(487:184[0.36000000000000015],511:255[0.10999999999999999],514:64[0.12999999999999998],)	503	-40.75	-580.7933399602385	-10000.0	16	16.538	24	8	(0.08055785822486089,0.07841866745401897,0.09128930017273067,)
73	719130517766228	37832	3	(487:210[0.35000000000000014],511:92[0.09999999999999999],514:201[0.13999999999999999],)	503	-40.75	-445.1877932405566	-10000.0	16	16.71	25	8	(0.06529774202899645,0.06903393636737137,0.07790475010848244,)
74	719309352517983	38332	3	(487:173[0.34000000000000014],511:161[0.10999999999999999],514:169[0.12999999999999998],)	503	-40.75	-458.31477137176944	-10000.0	16	16.848	26	8	(0.08159818973689777,0.08255022998497555,0.07991972853945634,)
75	719494992898991	38832	3	(487:79[0.3300000000000001],511:267[0.11999999999999998],514:157[0.11999999999999998],)	503	-40.75	-450.18493041749497	-10000.0	16	17.222	27	10	(0.09888544770506334,0.07881590971764582,0.08558805319075855,)
76	719684501470810	39332	3	(487:225[0.34000000000000014],511:89[0.10999999999999999],514:189[0.12999999999999998],)	503	-40.75	-472.56892644135206	-10000.0	16	16.386	25	10	(0.08621136607213356,0.0890579336976324,0.09255742005750416,)
77	719911172232457	39832	3	(487:164[0.3300000000000001],511:80[0.11999999999999998],514:259[0.11999999999999998],)	503	-40.75	-546.5939165009938	-10000.0	16	16.966	25	10	(0.10027215862695266,0.07037530988581626,0.0939065683428579,)
78	720147923032091	40332	3	(487:209[0.34000000000000014],511:162[0.12999999999999998],514:132[0.10999999999999999],)	503	-40.75	-561.1796819085487	-10000.0	16	16.758	26	9	(0.1320096714036964,0.07595355269974621,0.08487232854470633,)
79	720340008072259	40832	3	(487:67[0.3300000000000001],511:168[0.13999999999999999],514:268[0.11999999999999998],)	503	-40.75	-461.6251491053677	-10000.0	16	17.332	26	8	(0.0907974202275895,0.08910546067529819,0.07385926041514548,)
80	720555682725864	41332	3	(487:144[0.34000000000000014],511:192[0.12999999999999998],514:167[0.10999999999999999],)	503	-40.75	-473.77139165009925	-10000.0	16	17.366	27	10	(0.08818102360654971,0.08235094144095158,0.06449833078796634,)
81	720770155944912	41832	3	(487:212[0.35000000000000014],511:119[0.11999999999999998],514:172[0.09999999999999999],)	503	-40.17	-384.1529025844931	-10000.0	16	18.01	27	10	(0.09313206572101178,0.0804996395414023,0.06957960526743599,)
82	721053212651587	42332	3	(487:170[0.34000000000000014],511:129[0.12999999999999998],514:204[0.09],)	503	-40.17	-479.9276143141155	-10000.0	16	18.808	27	11	(0.09693581405531473,0.08079993036314467,0.06908408482910136,)
83	721315842136071	42832	3	(487:157[0.3300000000000001],511:75[0.13999999999999999],514:271[0.08],)	503	-40.17	-494.2036381709744	-10000.0	16	19.262	28	11	(0.0979562157194352,0.10176339098068016,0.05426959470643133,)
84	721577285959268	43332	3	(487:201[0.34000000000000014],511:255[0.15],514:47[0.07],)	503	-40.17	-562.2836381709743	-10000.0	16	18.326	27	11	(0.08673827065841262,0.08834895028763555,0.05809157010297769,)
85	721887374151236	43832	3	(487:126[0.3300000000000001],511:199[0.13999999999999999],514:178[0.08],)	503	-40.17	-555.336560636183	-10000.0	16	19.338	28	12	(0.1042346300715076,0.08830545368308863,0.053420941438397845,)
86	722249697067141	44332	3	(487:156[0.34000000000000014],511:184[0.12999999999999998],514:163[0.07],)	503	-40.17	-623.8780715705768	-10000.0	16	19.682	28	11	(0.10125514033699079,0.08354912082176694,0.042503305058452324,)
87	722619252676633	44832	3	(487:183[0.35000000000000014],511:133[0.11999999999999998],514:187[0.08],)	503	-40.17	-672.4335586481114	-10000.0	16	19.636	28	11	(0.0926517341548724,0.06479923301262863,0.06396775957563622,)
88	723012298212322	45332	3	(487:327[0.34000000000000014],511:125[0.12999999999999998],514:51[0.07],)	503	-40.17	-761.2734990059646	-10000.0	16	19.45	29	11	(0.08214903615995361,0.0780139775577756,0.05955639651122005,)
89	723390231692714	45832	3	(487:167[0.3300000000000001],511:95[0.13999999999999999],514:241[0.08],)	503	-40.17	-697.1735188866799	-10000.0	16	19.306	29	10	(0.0906550762070491,0.07013125841326023,0.058621595574628274,)
90	723649908986863	46332	3	(487:35[0.3200000000000001],511:449[0.15],514:19[0.07],)	503	-40.17	-492.95548707753505	-10000.0	16	19.222	29	11	(0.1529418314777968,0.09310900725119986,0.04784959755663378,)
91	723848358760037	46832	3	(487:171[0.3300000000000001],511:268[0.13999999999999999],514:64[0.08],)	503	-40.17	-382.48226640159055	-10000.0	15	18.72	30	11	(0.13993882605690258,0.1079189332706799,0.062493906263616235,)
92	724199083844714	47332	3	(487:75[0.3200000000000001],511:328[0.12999999999999998],514:100[0.09],)	503	-40.17	-656.2884493041747	-10000.0	15	19.076	27	10	(0.1329218143118426,0.08960690775530557,0.06720649292173203,)
93	724515928560342	47832	3	(487:191[0.3300000000000001],511:273[0.11999999999999998],514:39[0.09999999999999999],)	503	-40.17	-581.5831809145127	-10000.0	15	18.558	28	10	(0.13110960902424876,0.09334855114539799,0.05486634738547,)
94	724776668933717	48332	3	(487:123[0.3200000000000001],511:130[0.10999999999999999],514:250[0.10999999999999999],)	503	-38.97	-609.8427435387674	-10000.0	19	17.888	27	10	(0.11086092749712362,0.04940712581690608,0.04612064938103557,)
95	725115405229076	48832	3	(487:146[0.3300000000000001],511:217[0.11999999999999998],514:140[0.09999999999999999],)	503	-38.97	-645.0544333996025	-10000.0	19	18.36	27	10	(0.09659603281738614,0.07496186269388798,0.04429320693581918,)
96	725372021882694	49332	3	(487:216[0.34000000000000014],511:157[0.10999999999999999],514:130[0.10999999999999999],)	503	-38.97	-549.8781312127237	-10000.0	19	17.942	27	11	(0.09677666833322858,0.0637533784147158,0.05181043955172025,)
97	725741720392723	49832	3	(487:154[0.3300000000000001],511:95[0.11999999999999998],514:254[0.11999999999999998],)	503	-38.97	-724.9862624254474	-10000.0	19	18.122	27	11	(0.1265048505730128,0.09426375698986351,0.06713276844089086,)
98	726071804549540	50332	3	(487:351[0.34000000000000014],511:76[0.12999999999999998],514:76[0.10999999999999999],)	503	-38.97	-671.2743538767396	-10000.0	19	18.404	28	10	(0.09492852163361581,0.09984442191452345,0.0577686943104833,)
99	726373746628508	50832	3	(487:89[0.3300000000000001],511:299[0.13999999999999999],514:115[0.11999999999999998],)	503	-38.97	-681.0321669980121	-10000.0	19	18.562	27	10	(0.0924967580540405,0.08800649257666393,0.06117960609528834,)
100	726641581019599	51332	3	(487:214[0.34000000000000014],511:202[0.12999999999999998],514:87[0.12999999999999998],)	503	-38.97	-552.377296222664	-10000.0	19	18.198	28	11	(0.10128862320072961,0.0954782263895355,0.0749130360486636,)
101	726963146297312	51832	3	(487:297[0.3300000000000001],511:81[0.11999999999999998],514:125[0.13999999999999999],)	503	-38.97	-721.7764413518884	-10000.0	19	17.556	27	10	(0.09679231924055563,0.07613922924286094,0.07035389893784073,)
102	727070760483660	52332	3	(487:125[0.3200000000000001],511:219[0.12999999999999998],514:159[0.15],)	503	-38.97	-313.95860834990066	-10000.0	19	16.866	26	11	(0.09288346733929836,0.08742594044200776,0.07355454143565245,)
103	727234687047293	52832	3	(487:130[0.3300000000000001],511:172[0.11999999999999998],514:201[0.16],)	503	-38.97	-432.166819085487	-10000.0	19	16.798	25	10	(0.1472850489548458,0.0906748677906182,0.12061190754356282,)
104	727418301811942	53332	3	(487:246[0.34000000000000014],511:106[0.10999999999999999],514:151[0.15],)	503	-38.97	-456.27528827037776	-9962.42	19	16.766	23	9	(0.1342691080033359,0.08421150209156379,0.1136194183854928,)
105	727574141219603	53846	2	(511:309[0.11999999999999998],514:194[0.16],)	503	-38.97	-371.37095427435406	-10000.0	19	17.018	24	10	(0.08433040016037775,0.09651970424670607,)
106	727728924807728	54346	3	(511:211[0.10999999999999999],514:241[0.17],522:50[0.15],)	502	-38.97	-342.32203187251014	-10000.0	19	17.056	24	10	(0.07291141440588952,0.08793509458391166,0.07812172433384702,)
107	727959805605599	54859	4	(511:181[0.09999999999999999],514:184[0.16],522:96[0.16],524:42[0.15],)	503	-38.97	-525.1856461232603	-10000.0	19	17.32	24	10	(0.08064340936088983,0.0950536808848486,0.10163514732625756,0.061879780603113235,)
108	728101250106469	55359	4	(511:117[0.09],514:62[0.15],522:245[0.17],524:80[0.16],)	504	-38.97	-341.6732142857145	-10000.0	19	17.898	24	12	(0.058277697378456825,0.08585076692215302,0.0729943525812821,0.09322375424299226,)
109	728325232332475	55859	4	(511:145[0.09999999999999999],514:50[0.16],522:103[0.16],524:206[0.17],)	504	-38.97	-439.6477579365078	-10000.0	19	18.24	24	12	(0.07843651626724991,0.09663218521909851,0.0978859690805863,0.0942846488647322,)
110	728538537652060	56367	4	(511:175[0.09],514:104[0.17],522:87[0.17],524:138[0.16],)	504	-38.97	-461.77248015873	-10000.0	19	18.542	25	11	(0.06664208870364978,0.08191707484153508,0.0656998584980879,0.09433135000389462,)
111	728690596109102	56867	4	(511:81[0.08],514:114[0.18000000000000002],522:174[0.18000000000000002],524:135[0.15],)	504	-38.97	-343.43130952380955	-10000.0	19	18.1	26	11	(0.051131341858902744,0.08017890398734248,0.08245306145818639,0.09074214379895586,)
112	728856190926365	57367	4	(511:170[0.09],514:77[0.19000000000000003],522:222[0.17],524:35[0.13999999999999999],)	504	-38.97	-282.57704365079366	-10000.0	19	18.434	27	12	(0.05772960776208417,0.08759086313608222,0.07776772993630487,0.10338258385457752,)
113	729042844844408	57867	4	(511:76[0.08],514:87[0.20000000000000004],522:227[0.16],524:114[0.15],)	504	-38.97	-417.7632341269841	-10000.0	19	18.67	25	11	(0.06715108381954725,0.09068304069603118,0.08703414506308628,0.10801877045418175,)
114	729284431647137	58367	4	(511:95[0.09],514:72[0.21000000000000005],522:217[0.15],524:120[0.16],)	504	-38.97	-433.2497817460319	-10000.0	19	19.172	26	11	(0.04502678966438515,0.07279309828916615,0.07951819491336604,0.09745000100131815,)
115	729598360622384	58867	4	(511:190[0.09999999999999999],514:132[0.22000000000000006],522:123[0.13999999999999999],524:59[0.17],)	504	-38.97	-601.4330753968254	-10000.0	19	19.402	26	12	(0.07615589570061677,0.08399852970980345,0.09069256859554294,0.09799644231149728,)
116	729817570817954	59367	5	(511:123[0.09],514:106[0.21000000000000005],522:213[0.15],524:16[0.18000000000000002],526:46[0.15],)	504	-38.97	-414.35912698412676	-10000.0	19	19.382	27	12	(0.055905742816568516,0.0935293876815513,0.09312649807394141,0.11316810813247613,0.115479073244048,)
117	730096363424119	59867	5	(511:81[0.08],514:106[0.20000000000000004],522:145[0.13999999999999999],524:77[0.19000000000000003],526:96[0.16],)	505	-38.97	-501.23922772277217	-10000.0	19	19.454	26	11	(0.06247375366178957,0.07410125227804691,0.07745616303437981,0.09225125245265284,0.08458101060341987,)
118	730319364860797	60374	4	(511:65[0.09],514:176[0.19000000000000003],522:176[0.12999999999999998],526:88[0.17],)	505	-38.97	-450.12520792079204	-10000.0	19	19.506	27	11	(0.045179139122117656,0.07428487583113313,0.06488792761184685,0.06097170083719174,)
119	730617572590373	60874	4	(511:146[0.09999999999999999],514:215[0.18000000000000002],522:25[0.11999999999999998],526:118[0.18000000000000002],)	504	-38.97	-592.0222619047616	-10000.0	19	19.17	26	12	(0.045130849158578526,0.08580463860658705,0.08470339283310208,0.09465854259140766,)
120	730937001725317	61374	4	(511:76[0.09],514:182[0.17],522:155[0.12999999999999998],526:91[0.19000000000000003],)	504	-38.97	-735.9865873015875	-10000.0	19	18.27	27	12	(0.044467506090254086,0.07524893538874344,0.08995163806392023,0.10931095342025557,)
121	731186476752693	61882	4	(511:47[0.09999999999999999],514:206[0.16],522:47[0.11999999999999998],526:204[0.20000000000000004],)	504	-38.97	-598.3535515873018	-10000.0	19	17.792	27	11	(0.04861789392515167,0.05490850273747889,0.07852027403913632,0.07810701903631734,)
122	731497895577132	62382	4	(511:31[0.10999999999999999],514:244[0.15],522:128[0.12999999999999998],526:101[0.19000000000000003],)	504	-38.97	-682.8962896825399	-10000.0	19	17.702	28	12	(0.06404306607475348,0.07925426702254416,0.07822032070626621,0.05862815723862358,)
123	731837156779065	62882	4	(511:114[0.11999999999999998],514:165[0.13999999999999999],522:118[0.11999999999999998],526:107[0.20000000000000004],)	504	-38.97	-703.498115079365	-10000.0	19	18.524	29	11	(0.05965196522390891,0.06626900662344666,0.08071145037647981,0.07299279809529301,)
124	732051324480605	63382	4	(511:123[0.12999999999999998],514:165[0.12999999999999998],522:115[0.12999999999999998],526:101[0.21000000000000005],)	504	-38.97	-512.0351190476191	-10000.0	19	18.426	29	11	(0.06436296017981682,0.062112236270486676,0.08307963837865925,0.06832125048224151,)
125	732301767439038	63882	4	(511:91[0.13999999999999999],514:180[0.11999999999999998],522:55[0.13999999999999999],526:178[0.22000000000000006],)	504	-38.91	-559.4915079365078	-10000.0	29	17.426	29	12	(0.09082781751173846,0.08854539675020862,0.09889529317457879,0.08526166516247065,)
126	732578495878780	64382	4	(511:54[0.15],514:272[0.10999999999999999],522:114[0.15],526:64[0.21000000000000005],)	504	-38.28	-631.6342261904763	-10000.0	30	17.554	30	12	(0.08586335967674996,0.055318242295817,0.07984430897462655,0.0813512508030174,)
127	732761837191245	64882	4	(511:207[0.16],514:56[0.09999999999999999],522:66[0.16],526:175[0.22000000000000006],)	504	-38.28	-402.8225793650794	-9948.03	30	18.4	30	11	(0.05852098634007746,0.07115621739665608,0.10376383527272516,0.07864383563304937,)
128	733072200693985	65382	4	(511:94[0.15],514:159[0.10999999999999999],522:66[0.17],526:185[0.21000000000000005],)	504	-37.77	-742.7115277777773	-10000.0	28	17.808	31	10	(0.07461059080093692,0.09454784618628778,0.10716701727678976,0.09782418960145146,)
129	733329150508775	65882	4	(511:146[0.16],514:228[0.09999999999999999],522:41[0.18000000000000002],526:89[0.20000000000000004],)	504	-37.77	-648.5957738095242	-10000.0	31	17.342	31	10	(0.08691587016088685,0.07127474008856098,0.08000298107175509,0.09617852124958208,)
130	733585970905303	66382	4	(511:136[0.15],514:157[0.09],522:149[0.19000000000000003],526:62[0.21000000000000005],)	504	-37.77	-532.6738888888888	-10000.0	31	17.308	32	10	(0.0828832008202304,0.056288306931437604,0.08232665604980588,0.08534984101117372,)
131	733897054758958	66882	4	(511:121[0.13999999999999999],514:67[0.08],522:165[0.18000000000000002],526:151[0.22000000000000006],)	504	-37.77	-775.2878769841269	-10000.0	31	18.336	32	10	(0.08957779534654754,0.058140712779846886,0.08283813698790127,0.07963153104386232,)
132	734231909647794	67382	4	(511:75[0.15],514:179[0.09],522:160[0.17],526:90[0.21000000000000005],)	504	-37.77	-906.0920039682538	-10000.0	31	16.864	31	9	(0.08148141098892613,0.05890771333075715,0.06264721739423054,0.09390164070436256,)
133	734534645875425	67882	4	(511:242[0.16],514:125[0.08],522:74[0.16],526:63[0.22000000000000006],)	504	-36.47	-773.4053174603174	-10000.0	29	17.038	32	8	(0.09913841926966005,0.05698315817158427,0.08476779985522429,0.06402847407212486,)
134	734832540500816	68382	4	(511:176[0.15],514:41[0.07],522:37[0.17],526:250[0.23000000000000007],)	504	-36.47	-1011.195615079365	-10000.0	29	15.442	29	8	(0.08282070942023112,0.05713427628896174,0.0821955215221172,0.03574554795309454,)
135	735141667839303	68882	4	(511:69[0.13999999999999999],514:91[0.08],522:115[0.18000000000000002],526:229[0.22000000000000006],)	504	-36.47	-1012.6776587301588	-10000.0	29	15.914	30	8	(0.08740185947882637,0.05668003158299548,0.09214950152633454,0.04570907097323153,)
136	735527635375580	69382	4	(511:88[0.15],514:72[0.09],522:74[0.19000000000000003],526:270[0.21000000000000005],)	504	-36.47	-1127.7614880952378	-10000.0	29	15.388	30	9	(0.08271970588665437,0.06717621524575346,0.1080110309423556,0.04562462694563874,)
137	735784731155467	69882	4	(511:120[0.16],514:89[0.09999999999999999],522:60[0.20000000000000004],526:235[0.20000000000000004],)	504	-36.47	-772.9030158730159	-10000.0	29	15.55	30	8	(0.08765163559134205,0.06213192295602917,0.07992229343180826,0.04039197338006121,)
138	736125484679452	70382	4	(511:123[0.17],514:51[0.10999999999999999],522:122[0.21000000000000005],526:208[0.19000000000000003],)	504	-36.47	-1037.2736706349208	-10000.0	29	15.522	30	9	(0.0775622609371999,0.05900392556118584,0.08213580482761287,0.042755439673548494,)
139	736386289951113	70882	4	(511:91[0.18000000000000002],514:149[0.11999999999999998],522:58[0.22000000000000006],526:206[0.18000000000000002],)	504	-36.47	-711.0082539682542	-10000.0	29	15.838	31	10	(0.08048048877951174,0.06382028504379623,0.09248916333667295,0.052885177709416024,)
140	736713033474940	71382	4	(511:57[0.19000000000000003],514:100[0.10999999999999999],522:121[0.23000000000000007],526:226[0.17],)	504	-36.47	-781.4587698412698	-10000.0	29	16.04	31	10	(0.11304151040024198,0.07695843877823776,0.10102830976304746,0.09391148501733007,)
141	737078979381878	71882	4	(511:218[0.20000000000000004],514:104[0.11999999999999998],522:143[0.24000000000000007],526:39[0.16],)	504	-36.47	-873.7641468253967	-10000.0	29	16.45	32	10	(0.07579186646924095,0.07995226962295258,0.08603218707741239,0.07741223659015828,)
142	737555069953166	72382	4	(511:32[0.19000000000000003],514:205[0.12999999999999998],522:184[0.23000000000000007],526:83[0.17],)	504	-36.47	-992.3797619047618	-10000.0	29	17.314	32	10	(0.07974740720883564,0.08681012809978979,0.07894956506698303,0.05011630645527883,)
143	737891361559156	72882	4	(511:211[0.20000000000000004],514:93[0.11999999999999998],522:72[0.22000000000000006],526:128[0.18000000000000002],)	504	-36.47	-810.2178373015871	-10000.0	29	18.712	32	11	(0.07025321667987715,0.0650730387698546,0.07440283331518159,0.03675835004682843,)
144	738159561599310	73382	4	(511:101[0.19000000000000003],514:202[0.12999999999999998],522:132[0.23000000000000007],526:69[0.17],)	504	-36.47	-683.9985912698413	-10000.0	29	17.454	32	10	(0.07293843488505353,0.060421067869725176,0.0748996487322136,0.03139456984388847,)
145	738408628907897	73882	4	(511:156[0.20000000000000004],514:98[0.11999999999999998],522:186[0.22000000000000006],526:64[0.18000000000000002],)	504	-35.72	-730.9927777777777	-10000.0	27	17.472	32	10	(0.07534029058470935,0.06235910509435852,0.0769702434424797,0.05613633696200971,)
146	738747334676299	74382	4	(511:51[0.19000000000000003],514:277[0.12999999999999998],522:131[0.21000000000000005],526:45[0.19000000000000003],)	504	-35.72	-816.0787896825397	-10000.0	27	17.124	32	10	(0.09364051687902862,0.06286466103956477,0.0924746003449249,0.05188162052699641,)
147	739244815654282	74882	4	(511:181[0.20000000000000004],514:194[0.11999999999999998],522:51[0.20000000000000004],526:78[0.20000000000000004],)	504	-35.72	-954.0453571428571	-10000.0	27	19.46	33	10	(0.10098291872576468,0.0730012499501145,0.09152622166414953,0.0917872674753485,)
148	739737491255886	75382	4	(511:204[0.19000000000000003],514:104[0.10999999999999999],522:147[0.21000000000000005],526:49[0.21000000000000005],)	504	-35.28	-943.3641865079363	-10000.0	30	19.21	32	11	(0.07723006564086782,0.0849643604478238,0.08907159122894652,0.0689176187061487,)
149	740337118892679	75882	4	(511:136[0.18000000000000002],514:189[0.11999999999999998],522:30[0.20000000000000004],526:149[0.22000000000000006],)	504	-35.28	-1249.7454563492065	-10000.0	30	19.192	33	10	(0.10013657522529817,0.07169970961851174,0.12643804343832155,0.09672191270000823,)
