alpha = 0.15
gamma = 1.0
lambda = 0.6
epsilon = 0.3
randomSeed = 1111
GREAT!
Xover: 4
---- Evolution parameters ----
Folder name:          NMSarsa_Maze/run_773495747581566
Random seed:          1111
GREAT activated:      true
Max iterations:       150
Population size:      500
GREAT initialization  true
Speciation threshold: 0.15
Species min size:     15
Tournament size:      3
Crossover rate:       0.2
Mutation rate:        0.8
Crossovers:
	AligningCrossover_v4(0.15)
Mutations:
	AddGeneMutation(maxSize=2147483647, prob=0.33)
	DeleteGeneMutation(minSize=8, prob=0.33)
	ChangeGeneMutation(prob=0.33)
------------------------------

---- Starting evolution ----
IT	Nanotime	#Eval	#Species	Species size	PopSize	Best	Avg	Worst	Best GRN Size	Avg GRN size	Max GRN size	Min GRN size	Species avgdist2rep
0	774901497741969	997	1	(475:499[0.15],)	499	-55.78	-4037.839338677356	-10000.0	8	9.186	14	8	(0.08709610244621033,)
1	775187634341071	1501	3	(475:262[0.16],476:106[0.15],477:133[0.15],)	501	-47.14	-1846.787864271457	-10000.0	10	9.268	15	8	(0.06889581826964332,0.05523151937949613,0.07920062047533663,)
2	775413062777093	2040	3	(475:249[0.15],476:122[0.16],477:132[0.16],)	503	-47.14	-1283.9918290258452	-10000.0	10	9.61	14	8	(0.07800964765508468,0.09993565930337182,0.07505233636147787,)
3	775579719798784	2576	3	(475:96[0.13999999999999999],476:111[0.17],477:296[0.17],)	503	-47.14	-949.5064015904576	-10000.0	10	9.932	14	8	(0.08157424358308965,0.08508043847048924,0.07204780346129866,)
4	775725410986111	3076	3	(475:227[0.15],476:259[0.18000000000000002],477:17[0.16],)	503	-46.09	-833.7106163021868	-10000.0	9	10.152	14	8	(0.07364029787873749,0.07520034995238631,0.09266279024410168,)
5	775879319245637	3595	3	(475:71[0.13999999999999999],476:395[0.17],477:37[0.17],)	503	-46.09	-1055.1264413518886	-9997.9	9	9.374	14	8	(0.06018689223002626,0.07804399787882449,0.11212765709369894,)
6	776101166590335	4107	6	(475:85[0.15],476:217[0.16],477:108[0.18000000000000002],492:38[0.15],493:30[0.15],494:25[0.15],)	503	-46.09	-1491.2459244532802	-10000.0	9	9.452	14	8	(0.08049647758489771,0.08324899651527068,0.07087651085838188,0.08655401471934634,0.08485616696740209,0.08198994605818057,)
7	776340012133000	4622	9	(475:53[0.13999999999999999],476:38[0.15],477:27[0.17],492:47[0.16],493:70[0.16],494:138[0.16],495:38[0.15],496:18[0.15],498:77[0.15],)	506	-44.99	-1641.0822529644272	-10000.0	10	9.48	14	8	(0.08429571655412076,0.08487063815463583,0.08721162590650458,0.0982039222954278,0.0847663732117715,0.06518887373238683,0.08611987621663786,0.10668338126811225,0.05956600049712593,)
8	776582695772989	5125	8	(475:46[0.15],476:55[0.16],477:57[0.18000000000000002],492:46[0.17],493:77[0.15],494:76[0.15],496:33[0.16],498:119[0.13999999999999999],)	509	-44.99	-1647.5660510805499	-10000.0	10	9.518	14	8	(0.07092863803410514,0.08758301013315815,0.08915076464520429,0.0824453177482255,0.04883708464051872,0.06601984519843906,0.07900973145326323,0.043858648124345964,)
9	776827460211793	5654	6	(475:65[0.16],476:62[0.17],477:88[0.19000000000000003],492:101[0.18000000000000002],493:77[0.13999999999999999],498:115[0.12999999999999998],)	508	-44.64	-1567.5562795275591	-10000.0	9	9.638	15	8	(0.08306750260121484,0.08193542618233904,0.10187139665717383,0.07976118463427473,0.07401072188453091,0.06922403348939381,)
10	777066280467976	6155	7	(475:64[0.17],476:69[0.18000000000000002],477:64[0.18000000000000002],492:73[0.17],493:108[0.15],498:103[0.11999999999999998],501:25[0.15],)	506	-44.64	-1518.2158102766796	-10000.0	9	9.584	16	8	(0.08709421657583752,0.10712477042805249,0.06350102069469273,0.08966696138149394,0.05136025422905174,0.07232489820170927,0.04837492907337224,)
11	777311177152177	6688	7	(476:50[0.19000000000000003],477:72[0.19000000000000003],492:84[0.16],493:92[0.13999999999999999],498:69[0.10999999999999999],504:112[0.15],505:28[0.15],)	507	-44.64	-1483.081183431953	-10000.0	9	9.862	15	8	(0.09571610697198515,0.0558160423482447,0.0830004705674943,0.0691246294659481,0.0679236559177139,0.07751891290921899,0.06549217369568203,)
12	777520546636970	7198	8	(476:53[0.20000000000000004],477:30[0.18000000000000002],492:59[0.15],493:103[0.12999999999999998],498:55[0.11999999999999998],504:72[0.13999999999999999],505:119[0.16],508:16[0.15],)	507	-44.57	-1233.8538856015778	-10000.0	11	9.9	17	8	(0.08387413105513879,0.061318572646289836,0.09298655059103296,0.06381038580720853,0.06574091208124026,0.06636879565213814,0.06407362980940681,0.10174425966812012,)
13	777752535479385	7710	10	(476:16[0.21000000000000005],477:49[0.19000000000000003],492:81[0.16],493:115[0.11999999999999998],498:17[0.12999999999999998],504:52[0.12999999999999998],505:54[0.15],508:64[0.16],512:37[0.15],513:23[0.15],)	508	-44.57	-1387.492893700787	-10000.0	11	10.222	18	8	(0.06991910981781356,0.047972609109088245,0.1023150499046926,0.07565734954189386,0.06779035201899412,0.07391321639744905,0.07488737312907758,0.09053600672260176,0.07810301603595682,0.06186042726045628,)
14	777984939185237	8233	10	(476:37[0.22000000000000006],477:30[0.20000000000000004],492:53[0.15],493:61[0.10999999999999999],504:26[0.11999999999999998],505:121[0.13999999999999999],508:26[0.15],512:56[0.16],513:75[0.16],516:25[0.15],)	510	-44.1	-1278.905176470588	-10000.0	8	10.432	20	8	(0.08826984729136078,0.09366790453694661,0.10693493295022329,0.06336457139247718,0.06636852350454533,0.08043447444915934,0.09983983175850697,0.07505630519543569,0.07808353847860189,0.0646155602073079,)
15	778248586590156	8736	10	(476:41[0.23000000000000007],477:28[0.21000000000000005],492:50[0.13999999999999999],493:46[0.09999999999999999],504:34[0.12999999999999998],505:66[0.12999999999999998],508:46[0.16],512:91[0.15],513:17[0.15],516:91[0.16],)	510	-44.1	-1519.5879411764708	-10000.0	8	10.502	20	8	(0.08294053295856763,0.11467988492391988,0.06258074243216301,0.07418109909417998,0.06879155956273994,0.07881460287648653,0.04088952564598849,0.06717216885654582,0.1176839053744906,0.06157873204428706,)
16	778482577189486	9279	9	(476:57[0.24000000000000007],477:22[0.22000000000000006],492:35[0.12999999999999998],493:102[0.10999999999999999],504:19[0.13999999999999999],505:86[0.11999999999999998],508:62[0.17],513:20[0.16],516:107[0.15],)	510	-44.1	-1232.5648627450983	-10000.0	8	10.364	18	8	(0.07685612918125488,0.11671033767781949,0.08294928360919754,0.052654638947747814,0.09015972099049618,0.06641942827712903,0.04529996700921415,0.12171726740901156,0.07208858291514082,)
17	778692060413376	9791	8	(476:97[0.23000000000000007],477:31[0.23000000000000007],492:70[0.13999999999999999],493:40[0.09999999999999999],505:39[0.10999999999999999],508:52[0.16],513:77[0.17],516:103[0.13999999999999999],)	509	-44.1	-1068.3214734774067	-10000.0	8	10.898	16	8	(0.07878825279022862,0.08625705028549156,0.07013419762730859,0.06337888960902718,0.08107745839241948,0.045109027204584255,0.11192820168532756,0.05438530122906131,)
18	778957840324343	10308	9	(476:117[0.22000000000000006],477:55[0.24000000000000007],492:70[0.12999999999999998],493:20[0.10999999999999999],505:53[0.11999999999999998],508:21[0.17],513:18[0.16],516:90[0.12999999999999998],523:64[0.15],)	508	-43.41	-1332.3725590551182	-10000.0	12	11.046	16	8	(0.08646270996459425,0.10788488030580227,0.06876883763899046,0.0856130905415947,0.08624728019696326,0.06923568131872779,0.11350706132160954,0.06121431502348641,0.09872303471392316,)
19	779168299373800	10822	8	(476:108[0.21000000000000005],492:49[0.11999999999999998],493:142[0.11999999999999998],505:17[0.12999999999999998],508:47[0.18000000000000002],513:16[0.17],516:93[0.11999999999999998],523:37[0.13999999999999999],)	509	-43.41	-1107.913025540275	-10000.0	12	10.798	16	8	(0.07432978338475377,0.06365377864919414,0.05486084139272316,0.07670358808013399,0.06467545320295665,0.080052752757718,0.05520210804091575,0.04913366669506914,)
20	779410929041393	11345	7	(476:89[0.20000000000000004],492:103[0.12999999999999998],505:89[0.13999999999999999],508:63[0.19000000000000003],513:23[0.18000000000000002],523:31[0.15],527:110[0.15],)	508	-42.4	-1383.521535433071	-10000.0	9	10.688	16	8	(0.12745320688688266,0.07926105382853052,0.0862915809494666,0.11827663470589471,0.07654828643440446,0.07608529330736066,0.0942092991636636,)
21	779669913597934	11845	7	(476:21[0.19000000000000003],492:169[0.11999999999999998],505:56[0.12999999999999998],508:106[0.20000000000000004],513:34[0.19000000000000003],523:33[0.16],527:88[0.13999999999999999],)	507	-42.4	-1351.4968836291916	-10000.0	9	10.824	16	8	(0.09716661148495936,0.06372180519149047,0.08569148876327992,0.07136703771665723,0.0857343172379478,0.0909915502918327,0.07855922953811806,)
22	779930780366703	12352	7	(476:51[0.20000000000000004],492:72[0.10999999999999999],505:64[0.13999999999999999],508:110[0.19000000000000003],513:38[0.20000000000000004],523:45[0.17],527:127[0.12999999999999998],)	507	-42.4	-1245.4547928994082	-10000.0	9	11.564	17	8	(0.07587460304441355,0.054319493129927926,0.08206116669543756,0.055721299204348936,0.11095311908143059,0.07117148733398827,0.0548615068085528,)
23	780092039510679	12854	6	(476:101[0.21000000000000005],492:86[0.09999999999999999],508:114[0.18000000000000002],513:71[0.21000000000000005],523:22[0.18000000000000002],527:113[0.11999999999999998],)	507	-42.4	-748.0784418145957	-10000.0	9	11.468	18	8	(0.08058699419252549,0.06411362351990907,0.07052561281539736,0.0615153069256181,0.051873310253214046,0.06557397026539173,)
24	780343394201126	13374	6	(476:43[0.20000000000000004],492:70[0.09],508:35[0.17],513:33[0.22000000000000006],523:85[0.19000000000000003],527:240[0.10999999999999999],)	506	-40.86	-1234.1053952569166	-10000.0	8	11.262	17	8	(0.10208648170450225,0.06018631838854314,0.07394854053354907,0.04856624329084835,0.07277009569218464,0.07118634796114164,)
25	780560327637804	13895	5	(476:121[0.21000000000000005],492:112[0.09999999999999999],508:94[0.18000000000000002],523:66[0.18000000000000002],527:113[0.09999999999999999],)	506	-40.86	-1005.8122924901185	-10000.0	8	11.678	18	8	(0.09787902837593235,0.08014318589541432,0.09672991890663234,0.07591726409118864,0.06302454339875606,)
26	780767521539508	14395	5	(476:79[0.20000000000000004],492:97[0.09],508:184[0.19000000000000003],523:55[0.19000000000000003],527:90[0.09],)	505	-40.12	-1018.1831287128713	-10000.0	11	11.546	18	8	(0.10267996184698468,0.05958578500269005,0.08969488192415494,0.07615913608716007,0.057168391087526575,)
27	781011311499356	14895	6	(476:47[0.21000000000000005],492:161[0.09999999999999999],508:105[0.18000000000000002],523:25[0.20000000000000004],527:151[0.09999999999999999],533:16[0.15],)	505	-40.12	-1075.6644950495051	-10000.0	11	12.112	19	8	(0.11820206079270906,0.07795682036161825,0.09843210427369742,0.10639752611327527,0.07400065203583484,0.11585746876594545,)
28	781338596704017	15412	6	(476:44[0.22000000000000006],492:41[0.09],508:72[0.17],523:124[0.21000000000000005],527:30[0.09],533:195[0.16],)	506	-40.12	-1278.2149011857712	-10000.0	11	12.724	19	8	(0.07530638155677132,0.06593252192011678,0.07803263132375624,0.08194974400702344,0.06279092156066254,0.06554960150845464,)
29	781584835460308	15912	6	(476:110[0.23000000000000007],492:45[0.09999999999999999],508:22[0.18000000000000002],523:79[0.20000000000000004],527:182[0.09999999999999999],533:68[0.15],)	506	-39.4	-954.7359288537551	-10000.0	14	12.996	19	8	(0.08647382457391962,0.07253504647271335,0.09937500092471083,0.08939177314800736,0.0614431490714947,0.08095831709973815,)
30	781898665413316	16412	6	(476:19[0.22000000000000006],492:130[0.10999999999999999],508:71[0.19000000000000003],523:18[0.21000000000000005],527:123[0.09],533:145[0.16],)	506	-37.82	-1237.0334782608695	-10000.0	14	13.036	18	8	(0.1232712839089511,0.07196762843632587,0.08528542939633867,0.0830867194835415,0.0691719472272307,0.09086306549345909,)
31	782195001162765	16912	6	(476:134[0.23000000000000007],492:36[0.09999999999999999],508:55[0.20000000000000004],523:140[0.22000000000000006],527:53[0.08],533:88[0.15],)	506	-37.82	-1219.7869169960475	-10000.0	14	12.846	18	8	(0.08481483578594447,0.07711613285352961,0.09038604959523931,0.09331084943089499,0.06314408857183829,0.06709784164714468,)
32	782514801180391	17426	5	(492:73[0.10999999999999999],508:90[0.21000000000000005],523:176[0.21000000000000005],527:38[0.09],533:129[0.13999999999999999],)	506	-37.76	-1022.9226877470356	-10000.0	13	13.354	19	8	(0.06706383222903271,0.07092646329666678,0.07289188720156914,0.06695334717200657,0.0668965850798074,)
33	782763843438624	17949	5	(492:149[0.11999999999999998],508:40[0.22000000000000006],523:43[0.20000000000000004],533:212[0.12999999999999998],537:61[0.15],)	505	-37.05	-901.0964752475252	-10000.0	13	13.484	20	8	(0.07455303814457624,0.060193246251033075,0.09505792007901033,0.07702596800939034,0.08105388673887887,)
34	783005631398150	18455	4	(508:43[0.23000000000000007],523:81[0.21000000000000005],533:129[0.11999999999999998],537:252[0.16],)	505	-36.33	-951.4491683168316	-10000.0	14	13.194	19	8	(0.10677341716147319,0.06759919303378228,0.07414802750244597,0.07566182911443169,)
35	783326973664962	18955	4	(508:198[0.24000000000000007],523:83[0.22000000000000006],533:135[0.10999999999999999],537:88[0.15],)	504	-36.33	-1178.1180158730158	-10000.0	14	13.428	20	8	(0.10377330698731325,0.062288199770699035,0.07591186142791959,0.07561196071702657,)
36	783599604511037	19455	4	(508:233[0.23000000000000007],523:130[0.23000000000000007],533:62[0.09999999999999999],537:79[0.16],)	504	-36.33	-918.1855555555554	-10000.0	14	13.922	21	8	(0.07513066176213289,0.07199755252387612,0.055811898389772775,0.0830686923599802,)
37	783977528303428	19955	4	(508:200[0.22000000000000006],523:139[0.22000000000000006],533:97[0.10999999999999999],537:68[0.17],)	504	-36.33	-1240.5602777777783	-10000.0	14	14.322	20	8	(0.07228412744366065,0.0988717964350739,0.07564205002926126,0.053616072512602385,)
38	784390488462552	20455	4	(508:116[0.21000000000000005],523:104[0.21000000000000005],533:118[0.11999999999999998],537:166[0.18000000000000002],)	504	-36.13	-1332.4973412698412	-10000.0	19	14.446	20	9	(0.09629565593982176,0.09038413249397309,0.09139882251169858,0.06811587636674424,)
39	784749379680081	20955	4	(508:268[0.22000000000000006],523:42[0.22000000000000006],533:112[0.12999999999999998],537:82[0.17],)	504	-34.51	-1132.4800793650797	-10000.0	17	14.78	20	9	(0.0695248793427798,0.09011978779296854,0.05325799702458289,0.072441853560731,)
40	785120080122375	21455	4	(508:96[0.21000000000000005],523:34[0.23000000000000007],533:324[0.13999999999999999],537:50[0.18000000000000002],)	504	-34.42	-1072.4262896825398	-10000.0	20	14.916	21	9	(0.08074542192832464,0.06183334983390818,0.06778982917366438,0.06371338237671245,)
41	785450537368252	21955	4	(508:48[0.22000000000000006],523:201[0.24000000000000007],533:203[0.12999999999999998],537:52[0.19000000000000003],)	504	-34.42	-986.941785714286	-10000.0	20	14.788	21	9	(0.09603023718269138,0.09798572528171685,0.07366582407999804,0.048698228113186345,)
42	785638058574578	22455	4	(508:63[0.23000000000000007],523:204[0.23000000000000007],533:125[0.11999999999999998],537:112[0.20000000000000004],)	504	-33.6	-626.2626785714288	-10000.0	15	13.962	22	8	(0.07041277810686739,0.0903487700422726,0.05306331483151868,0.04929887231600344,)
43	785907133730817	22955	4	(508:92[0.24000000000000007],523:104[0.22000000000000006],533:193[0.10999999999999999],537:115[0.21000000000000005],)	504	-33.6	-819.4379365079365	-10000.0	17	14.276	22	8	(0.08994947153850506,0.07106161576925193,0.07958468669009526,0.06702936354589366,)
44	786227789085800	23455	4	(508:162[0.25000000000000006],523:85[0.23000000000000007],533:155[0.09999999999999999],537:102[0.22000000000000006],)	504	-33.6	-1004.0644246031745	-10000.0	17	14.698	23	8	(0.06691280672798242,0.07262384403008887,0.06382670750564624,0.07710920641697767,)
45	786564803610695	23955	4	(508:222[0.24000000000000005],523:194[0.24000000000000007],533:56[0.09],537:32[0.23000000000000007],)	504	-32.96	-973.8085714285716	-10000.0	11	15.01	24	8	(0.07640211800857971,0.08442535043723397,0.05743178257865853,0.08689327794780541,)
46	786953288052800	24455	4	(508:147[0.23000000000000004],523:35[0.23000000000000007],533:96[0.09999999999999999],537:226[0.24000000000000007],)	504	-32.96	-1093.893353174603	-10000.0	11	16.172	24	9	(0.07236813012763638,0.09966393942122037,0.0708402528293931,0.05841983774511403,)
47	787298395411784	24955	4	(508:199[0.22000000000000003],523:107[0.24000000000000007],533:93[0.10999999999999999],537:105[0.23000000000000007],)	504	-32.96	-1146.0424603174604	-10000.0	11	14.384	21	8	(0.07790252821859929,0.0423669521669845,0.08015682360058382,0.10141242155096666,)
48	787615028682741	25455	4	(508:172[0.21000000000000002],523:103[0.25000000000000006],533:82[0.11999999999999998],537:147[0.24000000000000007],)	504	-31.7	-841.075853174603	-10000.0	15	15.184	22	8	(0.08214660378233872,0.06398066248897268,0.052470185205576905,0.056196972339158796,)
49	787954207594961	25955	4	(508:168[0.2],523:46[0.26000000000000006],533:110[0.12999999999999998],537:180[0.23000000000000007],)	504	-31.7	-903.6467261904761	-10000.0	15	16.02	23	8	(0.09530332759362051,0.03996585423740998,0.08448393841661817,0.09101288178228499,)
50	788239798020834	26455	4	(508:207[0.19],523:118[0.2700000000000001],533:91[0.13999999999999999],537:88[0.22000000000000006],)	504	-31.7	-906.105238095238	-10000.0	15	15.028	24	8	(0.10038419915108583,0.04971400028846953,0.05651904662298205,0.0449467565080829,)
51	788504578993164	26955	4	(508:145[0.18],523:103[0.2800000000000001],533:86[0.15],537:170[0.23000000000000007],)	504	-31.7	-731.9676785714285	-10000.0	15	15.32	24	8	(0.11610881927006331,0.05462449369687596,0.07472093452419633,0.09204500072806711,)
52	788891084887835	27455	4	(508:66[0.16999999999999998],523:148[0.2900000000000001],533:124[0.16],537:166[0.22000000000000006],)	504	-31.27	-1032.4925992063495	-10000.0	15	15.694	25	8	(0.08270201272676114,0.09973028355413807,0.11966592256753068,0.05645406227916549,)
53	789156380077613	27955	4	(508:51[0.18],523:151[0.2800000000000001],533:88[0.17],537:214[0.21000000000000005],)	504	-31.27	-607.1395238095239	-10000.0	15	16.676	24	8	(0.0923486690802288,0.06449260820948562,0.06503691646948483,0.04986149273270569,)
54	789296990537018	28455	4	(508:39[0.19],523:145[0.2700000000000001],533:141[0.18000000000000002],537:179[0.20000000000000004],)	504	-29.99	-351.6136111111111	-9932.1	19	17.234	24	9	(0.09134309568504229,0.0819398310269895,0.08914262987427683,0.054599704934674344,)
55	789518737782622	28955	4	(508:51[0.2],523:114[0.26000000000000006],533:164[0.17],537:175[0.19000000000000003],)	504	-29.99	-508.034523809524	-10000.0	19	16.954	25	9	(0.09866309359381464,0.07570854725644525,0.07095549716428035,0.06936163168873387,)
56	789694382856548	29455	4	(508:24[0.21000000000000002],523:137[0.2700000000000001],533:187[0.16],537:156[0.18000000000000002],)	504	-29.99	-407.536507936508	-9976.94	19	17.216	26	9	(0.07067091794523507,0.06498495814279867,0.07326561721309126,0.05709950561013015,)
57	789880168668792	29955	4	(508:20[0.22000000000000003],523:129[0.26000000000000006],533:160[0.15],537:195[0.17],)	504	-29.99	-394.95499999999987	-10000.0	19	17.788	26	9	(0.07590937251667793,0.07212260084071752,0.08267094176378505,0.06185518319759363,)
58	790014175612942	30455	4	(508:107[0.23000000000000004],523:18[0.25000000000000006],533:278[0.13999999999999999],537:101[0.16],)	504	-29.99	-348.65750000000014	-10000.0	19	16.59	27	9	(0.04172786793015123,0.0799240605842706,0.06112080684284374,0.065519621444341,)
59	790158658019469	30955	4	(508:227[0.24000000000000005],523:18[0.26000000000000006],533:76[0.12999999999999998],537:183[0.17],)	504	-29.99	-377.8613888888889	-10000.0	19	16.176	28	9	(0.04060605865849479,0.056415327569893106,0.0785764113897085,0.0460345816186022,)
60	790333469780855	31455	4	(508:159[0.23000000000000004],523:175[0.2700000000000001],533:39[0.13999999999999999],537:131[0.16],)	504	-29.98	-436.05902777777777	-9986.58	20	16.746	28	10	(0.07216784056021565,0.04322888057817624,0.06351891989176292,0.09654134625738026,)
61	790678539742909	31955	4	(508:150[0.22000000000000003],523:175[0.26000000000000006],533:24[0.15],537:155[0.15],)	504	-29.98	-715.7296825396824	-10000.0	20	17.218	26	9	(0.058259920987021645,0.05325280976473883,0.037898611994594406,0.06468564419799919,)
62	790990318921109	32455	4	(508:145[0.21000000000000002],523:31[0.25000000000000006],533:290[0.16],537:38[0.13999999999999999],)	504	-29.98	-654.1262698412698	-10000.0	20	19.08	26	9	(0.061109052608653416,0.04926068512512222,0.056516648423994544,0.04407631256753551,)
63	791206047219653	32955	4	(508:83[0.2],523:60[0.26000000000000006],533:88[0.15],537:273[0.15],)	504	-29.98	-572.7932341269839	-10000.0	20	17.656	24	11	(0.047673699774813845,0.06945079465979005,0.04196439804523881,0.0379440703688789,)
64	791464895865036	33455	4	(508:70[0.21000000000000002],523:73[0.2700000000000001],533:226[0.16],537:135[0.13999999999999999],)	504	-29.98	-525.0276587301588	-10000.0	20	18.582	25	10	(0.09832658114590323,0.05772619358478644,0.06447335020007504,0.052556501550329114,)
65	791824352357229	33955	4	(508:190[0.22000000000000003],523:119[0.2800000000000001],533:83[0.15],537:112[0.12999999999999998],)	504	-29.98	-696.2925000000001	-10000.0	20	18.906	25	10	(0.03912099180764822,0.044974766260892404,0.04965577108154265,0.03426301729129021,)
66	792089647589944	34463	3	(508:144[0.21000000000000002],523:56[0.2900000000000001],537:304[0.13999999999999999],)	504	-29.98	-476.2089484126985	-10000.0	20	19.528	26	9	(0.03935170788623615,0.07688770393482162,0.06486709221324555,)
67	792304019907080	34963	3	(508:215[0.22000000000000003],523:121[0.3000000000000001],537:167[0.12999999999999998],)	503	-29.98	-384.40278330019885	-10000.0	20	19.686	25	13	(0.07538901761249711,0.060767667869375035,0.08538853186793985,)
68	792651864105738	35463	3	(508:279[0.21000000000000002],523:40[0.3100000000000001],537:184[0.11999999999999998],)	503	-29.98	-641.9576341948307	-10000.0	20	19.67	25	12	(0.0677205589420605,0.056503386933155056,0.044932877337771765,)
69	792882436311141	35963	3	(508:183[0.2],523:104[0.3200000000000001],537:216[0.10999999999999999],)	503	-29.62	-451.3236182902585	-10000.0	22	18.458	26	12	(0.05036931833673466,0.05626023128960312,0.057322384542329234,)
70	793294655922829	36463	3	(508:242[0.19],523:91[0.3300000000000001],537:170[0.09999999999999999],)	503	-29.62	-787.9624254473163	-10000.0	22	18.992	26	12	(0.06948449016813107,0.05069934725629864,0.056007133602280906,)
71	793568253447007	36963	3	(508:89[0.18],523:239[0.34000000000000014],537:175[0.09],)	503	-29.62	-508.33351888668	-10000.0	22	18.626	27	13	(0.08119974854075156,0.05347589672656983,0.06683817905164999,)
72	794001696784808	37463	3	(508:367[0.19],523:118[0.3300000000000001],537:18[0.08],)	503	-29.62	-782.5352485089467	-10000.0	22	19.796	28	12	(0.07540148178444596,0.07545400652988192,0.06509144420700536,)
73	794422372541795	37963	3	(508:148[0.18],523:162[0.34000000000000014],537:193[0.09],)	503	-29.62	-769.005546719682	-10000.0	22	19.376	28	14	(0.08709767548449739,0.11000684329675767,0.03709789541609634,)
74	794934011057079	38463	3	(508:247[0.19],523:33[0.35000000000000014],537:223[0.08],)	503	-29.62	-836.4403976143144	-10000.0	22	20.324	27	13	(0.0671672853772157,0.08536764353726507,0.04043705090150143,)
75	795166562328956	38963	3	(508:228[0.18],523:141[0.36000000000000015],537:134[0.07],)	503	-29.62	-384.67634194831015	-10000.0	22	20.97	28	13	(0.05784509326117615,0.09314664021415368,0.049435349979956245,)
76	795505712862216	39463	3	(508:179[0.16999999999999998],523:175[0.37000000000000016],537:149[0.08],)	503	-29.62	-568.9494831013918	-10000.0	22	21.074	29	12	(0.07924673772259187,0.05785677810961632,0.058942420115987854,)
77	795714936858667	39963	3	(508:228[0.15999999999999998],523:104[0.36000000000000015],537:171[0.09],)	503	-29.62	-316.7574353876739	-9902.68	22	21.618	30	15	(0.06103158804106095,0.09724006458763156,0.04235041306672547,)
78	795954012384471	40463	3	(508:296[0.14999999999999997],523:37[0.37000000000000016],537:170[0.08],)	503	-28.85	-336.61709741550703	-10000.0	23	21.7	31	14	(0.07398343686600968,0.06927022308107705,0.058332072683552,)
79	796225834085104	40963	3	(508:293[0.13999999999999996],523:93[0.38000000000000017],537:117[0.07],)	503	-28.85	-424.7999403578529	-10000.0	23	21.696	31	13	(0.08064608707575502,0.11490710122979284,0.05909346632834048,)
80	796516126924279	41463	3	(508:60[0.12999999999999995],523:243[0.3900000000000002],537:200[0.08],)	503	-28.85	-461.44403578528835	-9956.87	23	21.242	32	14	(0.08406593680996705,0.07031722541547988,0.04538897368695128,)
81	796748732173751	41963	3	(508:206[0.13999999999999996],523:104[0.38000000000000017],537:193[0.07],)	503	-28.85	-351.1137574552683	-9977.33	23	21.81	33	13	(0.05761979733330509,0.06104935194249921,0.03926016062628111,)
82	797057098184222	42463	3	(508:338[0.12999999999999995],523:81[0.3900000000000002],537:84[0.060000000000000005],)	503	-28.85	-430.5153479125248	-9995.1	23	23.31	33	13	(0.0506273438113042,0.10261664803078135,0.050956134656250256,)
83	797412271967740	42963	3	(508:207[0.11999999999999995],523:161[0.4000000000000002],537:135[0.07],)	503	-28.85	-469.9650298210737	-10000.0	23	22.688	33	14	(0.04739563323611001,0.07947050870010282,0.04041246491029857,)
84	797798967690387	43463	3	(508:223[0.10999999999999996],523:170[0.4100000000000002],537:110[0.08],)	503	-28.85	-534.8942147117297	-10000.0	23	23.192	33	15	(0.03916895355258498,0.04272003469455639,0.045721567582103696,)
85	798107205822389	43963	3	(508:120[0.09999999999999996],523:159[0.4000000000000002],537:224[0.09],)	503	-28.85	-478.28248508946314	-10000.0	23	21.788	33	14	(0.035898186897770766,0.051572034075801174,0.05114908801303532,)
86	798359482910947	44463	3	(508:176[0.10999999999999996],523:153[0.4100000000000002],537:174[0.08],)	503	-28.85	-367.15554671968187	-10000.0	23	22.774	31	14	(0.03515945480042613,0.05846038108759364,0.04759874995114373,)
87	798793934308768	44963	3	(508:152[0.09999999999999996],523:128[0.4200000000000002],537:223[0.07],)	503	-28.85	-685.9883499005964	-10000.0	23	22.37	31	13	(0.03190472197515505,0.060712328400990404,0.042289530784069655,)
88	799193144466264	45463	3	(508:146[0.10999999999999996],523:134[0.4300000000000002],537:223[0.060000000000000005],)	503	-28.85	-633.6887077534794	-10000.0	23	22.228	31	13	(0.04704339077292634,0.06097149895473737,0.04441039581370814,)
89	799603134096545	45963	3	(508:259[0.11999999999999995],523:165[0.4400000000000002],537:79[0.05],)	503	-28.85	-632.7207952286284	-10000.0	23	22.114	32	14	(0.06373120873434446,0.06441376057399462,0.03792822644154262,)
90	799942444827697	46463	3	(508:227[0.10999999999999996],523:129[0.45000000000000023],537:147[0.060000000000000005],)	503	-28.85	-603.1151093439364	-10000.0	23	21.192	32	13	(0.05807687639136852,0.08338742815750726,0.03864908833172999,)
91	800234326205451	46963	3	(508:36[0.09999999999999996],523:160[0.46000000000000024],537:307[0.07],)	503	-28.85	-452.44544731610335	-9958.04	23	20.362	33	12	(0.05988309747356838,0.09679244074044344,0.032016078229938044,)
92	800472716424352	47463	3	(508:337[0.10999999999999996],523:52[0.47000000000000025],537:114[0.060000000000000005],)	503	-28.85	-430.0882107355868	-10000.0	23	20.798	30	11	(0.0827098344701143,0.08607172949818181,0.04074071933174149,)
93	800876611803512	47963	3	(508:18[0.09999999999999996],523:198[0.48000000000000026],537:287[0.07],)	503	-28.85	-594.5904373757451	-10000.0	23	21.514	31	13	(0.06988962473067933,0.10072053595000385,0.04520536541135675,)
94	801236798864175	48463	3	(508:234[0.10999999999999996],523:138[0.47000000000000025],537:131[0.060000000000000005],)	503	-28.85	-607.0407157057651	-9950.53	23	21.31	32	13	(0.046046853775480956,0.08467624662766438,0.03850489969243322,)
95	801499771023991	48963	3	(508:129[0.09999999999999996],523:118[0.48000000000000026],537:256[0.07],)	503	-28.85	-465.7674155069586	-10000.0	23	21.402	31	12	(0.0645327606589186,0.06995701133932211,0.031924765653535296,)
96	802093298083061	49463	3	(508:167[0.10999999999999996],523:104[0.49000000000000027],537:232[0.060000000000000005],)	503	-28.85	-796.6980516898606	-10000.0	23	21.72	32	11	(0.06505099591634494,0.10928926613212858,0.03081956245685593,)
97	802946360539475	49963	3	(508:283[0.09999999999999996],523:112[0.5],537:108[0.05],)	503	-28.85	-1080.6095626242543	-10000.0	23	23.514	33	15	(0.05075795430941645,0.13864332617705846,0.032879555819208206,)
98	803540523932248	50463	3	(508:204[0.08999999999999997],523:148[0.5],537:151[0.060000000000000005],)	503	-28.85	-787.9592445328029	-10000.0	23	23.616	33	15	(0.03523441390671415,0.10652803631875014,0.031028890489613666,)
99	804070708029487	50963	3	(508:224[0.07999999999999997],523:109[0.5],537:170[0.07],)	503	-28.85	-682.0740357852884	-10000.0	23	23.922	33	14	(0.04599860348384201,0.10241133435012803,0.03740186351205599,)
100	804603800720814	51463	3	(508:118[0.06999999999999998],523:270[0.5],537:115[0.060000000000000005],)	503	-28.85	-711.2179920477141	-9990.12	23	23.284	33	13	(0.03722258613397146,0.07956239433426049,0.03375620600699388,)
101	804968731672530	51963	3	(508:179[0.07999999999999997],523:270[0.49],537:54[0.07],)	503	-28.85	-472.5577137176941	-10000.0	23	24.564	32	12	(0.028309744855265453,0.15142156790278902,0.03462947173149884,)
102	805335505441671	52463	3	(508:120[0.06999999999999998],523:178[0.48],537:205[0.08],)	503	-28.85	-560.730079522863	-10000.0	23	22.532	33	11	(0.037765516441315046,0.06628177844057022,0.034566458350095926,)
103	805738829943721	52963	3	(508:121[0.07999999999999997],523:187[0.47],537:195[0.07],)	503	-28.85	-539.2441351888668	-10000.0	23	22.854	33	12	(0.034876606763272415,0.06128019502257399,0.024498184013220254,)
104	806029495948303	53463	3	(508:195[0.08999999999999997],523:184[0.45999999999999996],537:124[0.060000000000000005],)	503	-28.85	-386.87196819085494	-9988.35	23	24.52	34	12	(0.03934881291691336,0.06691424750725698,0.036486684504459944,)
105	806369190218607	53963	3	(508:116[0.07999999999999997],523:156[0.44999999999999996],537:231[0.07],)	503	-28.85	-523.9647514910538	-10000.0	23	22.614	33	15	(0.04159153533120655,0.09113185381279044,0.038628753009713815,)
106	806795575011353	54463	3	(508:139[0.08999999999999997],523:123[0.45999999999999996],537:241[0.060000000000000005],)	503	-28.85	-559.4290457256462	-9951.95	23	22.892	33	14	(0.041381477442515434,0.07373499241379454,0.030674382084085478,)
107	807150702355497	54963	3	(508:237[0.09999999999999996],523:159[0.47],537:107[0.05],)	503	-28.85	-493.81174950298225	-10000.0	23	24.524	34	14	(0.04077081043064865,0.14310634844952141,0.042229706138458424,)
108	807639116771909	55463	3	(508:115[0.08999999999999997],523:158[0.48],537:230[0.060000000000000005],)	503	-28.85	-732.6533598409545	-10000.0	23	22.668	34	13	(0.052801149849552975,0.07811174353980527,0.029542730807217105,)
109	807974958661760	55963	3	(508:124[0.09999999999999996],523:244[0.49],537:135[0.05],)	503	-28.85	-462.3099801192845	-10000.0	23	24.02	34	16	(0.03496250172725337,0.07160034692514952,0.03134867106241801,)
110	808313401585326	56463	3	(508:242[0.10999999999999996],523:151[0.48],537:110[0.060000000000000005],)	503	-28.85	-421.6311928429422	-9955.22	23	25.034	35	15	(0.04029021110017867,0.07314870956099535,0.04162351697857021,)
111	808727863088932	56963	3	(508:157[0.09999999999999996],523:106[0.49],537:240[0.07],)	503	-28.72	-598.721371769384	-10000.0	25	23.292	35	15	(0.03930575429740147,0.07845306793601896,0.028655933565471095,)
112	809202483877572	57463	3	(508:106[0.10999999999999996],523:229[0.5],537:168[0.060000000000000005],)	503	-28.72	-613.824731610338	-9989.22	25	23.87	36	14	(0.05209142187783967,0.08332787574853974,0.038370825741724554,)
113	809535830048000	57963	3	(508:245[0.11999999999999995],523:94[0.49],537:164[0.05],)	503	-28.72	-389.454870775348	-10000.0	25	24.524	37	15	(0.06276050167222041,0.09444248900744605,0.031128217484921727,)
114	809927350878496	58463	3	(508:185[0.10999999999999996],523:153[0.5],537:165[0.060000000000000005],)	503	-28.72	-513.1411332007953	-10000.0	25	24.78	38	14	(0.05185181955416732,0.06398491296421158,0.03243642248392243,)
115	810395467058107	58963	3	(508:109[0.09999999999999996],523:156[0.5],537:238[0.07],)	503	-28.72	-745.0370377733601	-10000.0	25	23.382	35	14	(0.04691632693846468,0.09128523295615945,0.03445045588484575,)
116	810913469753933	59463	3	(508:131[0.10999999999999996],523:83[0.5],537:289[0.060000000000000005],)	503	-28.72	-808.7190854870777	-10000.0	25	22.516	36	13	(0.05495088931172592,0.06620304424251966,0.02613188435646726,)
117	811185798233281	59963	3	(508:129[0.11999999999999995],523:177[0.5],537:197[0.05],)	503	-28.72	-440.0499204771373	-10000.0	25	22.93	36	14	(0.05476249163989289,0.08909694533209664,0.029978453707332195,)
118	811482167474512	60463	3	(508:195[0.12999999999999995],523:169[0.49],537:139[0.04],)	503	-28.72	-491.39717693837	-10000.0	25	22.562	35	13	(0.08560478800570838,0.1122199175986092,0.03148492710165487,)
119	811909553498449	60963	3	(508:77[0.11999999999999995],523:216[0.48],537:210[0.05],)	503	-28.72	-712.1281510934393	-10000.0	25	21.246	34	12	(0.07672386129412948,0.08753200627799494,0.030061931492933392,)
120	812607197835992	61463	3	(508:358[0.12999999999999995],523:127[0.47],537:18[0.04],)	503	-28.72	-946.0047713717694	-10000.0	25	23.144	35	12	(0.07964833765818491,0.10208119378143879,0.032947381634514626,)
121	812928923737128	61963	3	(508:154[0.11999999999999995],523:212[0.48],537:137[0.05],)	503	-28.72	-616.117713717694	-10000.0	25	20.912	35	14	(0.06401068428187688,0.0841499519617242,0.029477482821383186,)
122	813258002920615	62463	3	(508:118[0.12999999999999995],523:275[0.47],537:110[0.060000000000000005],)	503	-28.72	-574.7809542743538	-10000.0	25	20.564	34	13	(0.06240309440052325,0.04062944313408976,0.026512289538494754,)
123	813415759692205	62963	3	(508:169[0.13999999999999996],523:171[0.45999999999999996],537:163[0.07],)	503	-28.72	-284.51588469184884	-10000.0	25	20.932	35	15	(0.10816281740824521,0.04304979894314738,0.031628830339024847,)
124	813600055982792	63463	3	(508:68[0.12999999999999995],523:97[0.44999999999999996],537:338[0.08],)	503	-28.72	-378.3515904572564	-9961.18	25	19.982	35	14	(0.05794409479410429,0.05291129207930422,0.034731714316896485,)
125	813866046309872	63963	3	(508:34[0.13999999999999996],523:111[0.45999999999999996],537:358[0.07],)	503	-28.72	-535.7318687872765	-9946.93	25	19.854	34	14	(0.07829902968882224,0.07452827338443706,0.050731887802149454,)
126	814169542611288	64463	3	(508:48[0.14999999999999997],523:127[0.47],537:328[0.060000000000000005],)	503	-28.72	-552.4690854870777	-10000.0	25	20.096	30	13	(0.07414406290348323,0.08622742450273996,0.04395702866607156,)
127	814543048559318	64963	3	(508:90[0.15999999999999998],523:337[0.48],537:76[0.05],)	503	-28.72	-657.0097813121272	-10000.0	25	20.51	31	14	(0.08323479271989163,0.07194839776440815,0.040169695305850794,)
128	814842370507391	65463	3	(508:190[0.16999999999999998],523:92[0.47],537:221[0.060000000000000005],)	503	-28.72	-487.2568389662028	-10000.0	25	21.774	32	13	(0.08583983137964617,0.0895420672511048,0.038994113165190664,)
129	815123388909051	65963	3	(508:133[0.15999999999999998],523:270[0.48],537:100[0.05],)	503	-28.72	-593.4487673956264	-9984.86	25	20.77	32	12	(0.06732528324137592,0.08652021640935029,0.027870015136653895,)
130	815500687547521	66463	3	(508:56[0.16999999999999998],523:203[0.47],537:244[0.060000000000000005],)	503	-28.72	-670.4937574552681	-10000.0	25	20.024	33	12	(0.0638534094133981,0.068767346693888,0.03628217126592007,)
131	815803882074606	66963	3	(508:176[0.18],523:194[0.45999999999999996],537:133[0.05],)	503	-28.72	-555.8457852882702	-10000.0	25	21.47	34	13	(0.07512448032097602,0.0620725444667905,0.030840933327202294,)
132	816134117566966	67463	3	(508:90[0.16999999999999998],523:243[0.44999999999999996],537:170[0.060000000000000005],)	503	-28.72	-617.5286481113319	-10000.0	25	20.412	32	14	(0.06892873996018278,0.0761055204577702,0.03965343982082857,)
133	816437297261770	67963	3	(508:79[0.18],523:254[0.43999999999999995],537:170[0.05],)	503	-28.72	-490.0849304174951	-10000.0	25	20.558	32	15	(0.068947961835507,0.08543568966752292,0.03576622417124414,)
134	816761518802541	68463	3	(508:183[0.19],523:243[0.42999999999999994],537:77[0.04],)	503	-28.72	-544.8529423459242	-10000.0	25	21.81	32	14	(0.06680613411045506,0.0656248045176942,0.028458281669661127,)
135	817156446365123	68963	3	(508:92[0.18],523:214[0.41999999999999993],537:197[0.05],)	503	-28.72	-676.7272564612326	-10000.0	25	20.562	32	14	(0.07037127672191627,0.05585243467600677,0.033629526675279006,)
136	817499804755118	69463	3	(508:147[0.19],523:316[0.4099999999999999],537:40[0.04],)	503	-28.72	-621.6150894632206	-10000.0	25	21.044	32	14	(0.09545522248661463,0.0706685411787944,0.03265976222585472,)
137	817848679148688	69963	3	(508:122[0.2],523:142[0.3999999999999999],537:239[0.05],)	503	-28.72	-600.7791650099404	-9966.87	25	20.824	31	14	(0.09675433038789613,0.05977812838644728,0.031432848619361436,)
138	818249871984934	70463	3	(508:98[0.21000000000000002],523:349[0.4099999999999999],537:56[0.04],)	503	-28.72	-710.2271570576546	-10000.0	25	20.79	31	14	(0.09726814631372617,0.07573000410232832,0.03193926050656813,)
139	818605777900475	70963	3	(508:121[0.22000000000000003],523:200[0.3999999999999999],537:182[0.05],)	503	-28.72	-614.2030019880716	-10000.0	25	21.266	31	15	(0.07685524205405554,0.04721983424573338,0.033493485136277805,)
140	818847740622346	71463	3	(508:103[0.23000000000000004],523:292[0.3899999999999999],537:108[0.04],)	503	-28.72	-390.10246520874745	-9942.35	25	20.876	32	15	(0.08160009117786053,0.0695873612145723,0.030501901172563413,)
141	819041571451823	71963	3	(508:94[0.24000000000000005],523:204[0.3799999999999999],537:205[0.05],)	503	-28.72	-328.1056858846919	-9954.64	25	21.026	32	16	(0.08398464076182642,0.07068336388263474,0.03178088762119003,)
142	819463105051396	72463	3	(508:173[0.25000000000000006],523:228[0.3699999999999999],537:102[0.04],)	503	-28.72	-716.6955666003977	-10000.0	25	21.41	31	15	(0.10261236154112544,0.05867508978156718,0.024244573141246433,)
143	819787262101562	72963	3	(508:99[0.24000000000000005],523:272[0.3599999999999999],537:132[0.05],)	503	-28.72	-552.31324055666	-10000.0	25	20.46	31	14	(0.11016472745085489,0.07162240074324135,0.0364631820773666,)
144	820187722130525	73463	3	(508:122[0.25000000000000006],523:239[0.34999999999999987],537:142[0.060000000000000005],)	503	-28.72	-684.0583300198812	-10000.0	25	20.602	30	15	(0.12427724782441103,0.055355544692564304,0.03932324245943178,)
145	820448831384490	73963	3	(508:205[0.26000000000000006],523:139[0.33999999999999986],537:159[0.07],)	503	-28.72	-407.11292246520867	-10000.0	25	21.242	30	14	(0.08381229515870453,0.0647907042138706,0.04769325464025441,)
146	820723688449155	74463	3	(508:146[0.25000000000000006],523:145[0.34999999999999987],537:212[0.08],)	503	-28.72	-475.26781312127247	-9914.72	25	20.684	28	14	(0.09846607434604873,0.06490312749247211,0.04191964368156991,)
147	820979658755373	74963	3	(508:141[0.26000000000000006],523:195[0.3599999999999999],537:167[0.07],)	503	-28.72	-443.9160238568589	-10000.0	25	20.422	29	13	(0.09183207298611033,0.07531165774729623,0.04501324122065134,)
148	821301742397104	75463	3	(508:186[0.2700000000000001],523:120[0.34999999999999987],537:197[0.060000000000000005],)	503	-28.72	-566.4796421471171	-9903.46	25	21.302	29	14	(0.08019880252134111,0.0765200300175502,0.035495501088566396,)
149	821643657910095	75963	3	(508:55[0.26000000000000006],523:261[0.3599999999999999],537:187[0.05],)	503	-28.72	-719.099125248509	-9988.8	25	19.844	28	13	(0.09421199105550566,0.09022559267183373,0.03549143418559622,)
