alpha = 0.15
gamma = 1.0
lambda = 0.6
epsilon = 0.3
randomSeed = 777
GREAT!
Xover: 4
---- Evolution parameters ----
Folder name:          NMSarsa_Maze/run_635702615437884
Random seed:          777
GREAT activated:      true
Max iterations:       150
Population size:      500
GREAT initialization  true
Speciation threshold: 0.15
Species min size:     15
Tournament size:      3
Crossover rate:       0.2
Mutation rate:        0.8
Crossovers:
	AligningCrossover_v4(0.15)
Mutations:
	AddGeneMutation(maxSize=2147483647, prob=0.33)
	DeleteGeneMutation(minSize=8, prob=0.33)
	ChangeGeneMutation(prob=0.33)
------------------------------

---- Starting evolution ----
IT	Nanotime	#Eval	#Species	Species size	PopSize	Best	Avg	Worst	Best GRN Size	Avg GRN size	Max GRN size	Min GRN size	Species avgdist2rep
0	637088642032609	997	1	(466:499[0.15],)	499	-60.55	-4055.2914028056093	-10000.0	8	9.07	13	8	(0.09733032023868037,)
1	637322870436562	1498	4	(466:365[0.16],467:89[0.15],468:30[0.15],469:17[0.15],)	501	-59.14	-1537.600419161676	-10000.0	8	9.42	13	8	(0.08875031870485772,0.08488042463060803,0.09113323498075573,0.0725058076652423,)
2	637466882180313	1998	4	(466:244[0.15],467:35[0.16],468:103[0.16],469:122[0.16],)	504	-54.85	-934.3734920634919	-9979.37	8	9.484	13	8	(0.0627968732966655,0.0496910629532863,0.051070597170411916,0.04742343712706009,)
3	637573007722859	2505	5	(466:174[0.13999999999999999],467:122[0.17],468:104[0.17],469:85[0.17],471:19[0.15],)	504	-51.88	-684.5542261904762	-9983.41	9	9.46	14	8	(0.08234205224453436,0.08074379571285331,0.08433597900688629,0.09783236990138355,0.09918390576970652,)
4	637687679281933	3011	7	(466:128[0.12999999999999998],467:88[0.16],468:96[0.16],469:32[0.18000000000000002],471:116[0.16],475:28[0.15],478:17[0.15],)	505	-48.36	-692.1510495049508	-10000.0	9	9.746	14	8	(0.07536521517397138,0.0824613516035187,0.08123445361707439,0.09012705650229172,0.09460535576040516,0.10031562110323597,0.08771568960276244,)
5	637802511898984	3541	8	(466:36[0.11999999999999998],468:81[0.15],469:112[0.19000000000000003],471:100[0.15],475:55[0.16],478:73[0.16],480:18[0.15],482:32[0.15],)	507	-48.36	-657.9637475345168	-10000.0	9	9.804	15	8	(0.09043782449173579,0.07626372448131565,0.04598028552844705,0.07757997912656686,0.053556515990028565,0.07766301155994138,0.10097912229131059,0.08877025581905178,)
6	637918333105868	4059	8	(466:45[0.12999999999999998],468:51[0.13999999999999999],469:41[0.18000000000000002],471:105[0.13999999999999999],475:18[0.17],478:151[0.15],480:58[0.16],482:39[0.16],)	508	-48.36	-648.3267519685039	-10000.0	9	10.116	16	8	(0.09273450112731876,0.07120578014927392,0.06416808201914732,0.06825669591704266,0.05125272009779015,0.056082693877148024,0.07865375666728087,0.07742504267853721,)
7	638032310243875	4561	7	(468:35[0.15],469:104[0.19000000000000003],471:121[0.12999999999999998],475:108[0.18000000000000002],478:44[0.13999999999999999],480:38[0.17],482:58[0.17],)	508	-48.36	-678.0374015748034	-10000.0	9	10.198	14	8	(0.07271705720524334,0.050783786359119794,0.07374476170418166,0.05733937057109678,0.06997478271656901,0.07649209685390841,0.05283272246643221,)
8	638137472217974	5088	6	(468:104[0.16],471:52[0.11999999999999998],475:81[0.17],478:123[0.15],480:113[0.18000000000000002],482:34[0.18000000000000002],)	507	-48.36	-649.656942800789	-10000.0	9	10.412	15	8	(0.0947609787212651,0.06721090419995966,0.06796213716520424,0.06737588116351437,0.05743293712785823,0.0612372102565212,)
9	638271687190048	5588	6	(468:47[0.15],471:30[0.12999999999999998],475:48[0.18000000000000002],478:42[0.13999999999999999],480:291[0.17],482:48[0.19000000000000003],)	506	-45.25	-890.627648221344	-10000.0	12	9.904	15	8	(0.06612394543422158,0.09259177831747482,0.07883622842496804,0.09538757167788339,0.045607860517541746,0.05072506168369304,)
10	638396162595089	6094	7	(468:19[0.16],471:93[0.13999999999999999],478:136[0.15],480:155[0.16],482:59[0.20000000000000004],490:28[0.15],491:16[0.15],)	506	-43.84	-766.3439525691704	-10000.0	11	10.372	16	8	(0.10823405562640472,0.09415006118243312,0.08584890309506552,0.060787694419282674,0.07813388181497839,0.08599605515606315,0.09218991541626284,)
11	638519411066012	6608	7	(468:42[0.17],471:21[0.12999999999999998],478:79[0.13999999999999999],480:171[0.15],482:46[0.21000000000000005],490:58[0.16],491:90[0.16],)	507	-43.84	-688.07708086785	-10000.0	11	10.452	16	8	(0.06513480988464372,0.10062490221188612,0.056833589853257364,0.04454584481260271,0.09345365465155346,0.05979271666527521,0.04301597746856522,)
12	638622341570948	7118	7	(471:48[0.13999999999999999],478:42[0.12999999999999998],480:112[0.13999999999999999],482:134[0.22000000000000006],490:126[0.17],491:23[0.15],494:22[0.15],)	507	-43.84	-589.1944378698225	-10000.0	11	10.456	15	8	(0.0792926600250917,0.0520867989242353,0.0405457871201965,0.04746507780753245,0.08470577335286715,0.0834080911565984,0.05854840729264074,)
13	638745737492149	7637	6	(471:121[0.15],478:57[0.13999999999999999],480:136[0.12999999999999998],482:86[0.21000000000000005],490:80[0.16],495:27[0.15],)	507	-43.39	-548.5839447731755	-10000.0	11	11.25	16	8	(0.09267800794839513,0.09070713152532173,0.05167474287122961,0.09084391497735436,0.06766948777056563,0.08651456370804861,)
14	638894164488045	8137	6	(471:159[0.13999999999999999],478:57[0.15],480:121[0.11999999999999998],482:15[0.20000000000000004],490:78[0.17],495:76[0.16],)	506	-43.01	-653.8413438735179	-10000.0	11	11.724	17	8	(0.06240493595907219,0.045326759412100334,0.05714621848629859,0.04488510110166231,0.08122265492267908,0.06010928037816651,)
15	639015564874937	8642	7	(471:116[0.12999999999999998],478:118[0.16],480:43[0.10999999999999999],482:98[0.21000000000000005],490:22[0.18000000000000002],495:33[0.17],497:76[0.15],)	506	-43.01	-611.9690909090909	-10000.0	11	10.966	17	8	(0.08873241177051987,0.043794200437857284,0.07219090403332226,0.046367592658682184,0.09313700889173498,0.08704402520169524,0.07013385705199782,)
16	639177841320379	9150	5	(478:27[0.15],482:98[0.20000000000000004],490:17[0.19000000000000003],495:176[0.18000000000000002],497:189[0.13999999999999999],)	507	-43.01	-732.7640433925047	-10000.0	11	11.736	17	8	(0.05191059671843006,0.03169573261975302,0.08338716964158736,0.077579135826162,0.04277181587438781,)
17	639335900511506	9650	6	(478:84[0.16],482:143[0.21000000000000005],490:51[0.20000000000000004],495:28[0.17],497:144[0.12999999999999998],500:55[0.15],)	505	-41.8	-736.5606732673267	-10000.0	13	10.902	17	8	(0.04917233851238642,0.043910731822867706,0.09973903886154319,0.10427858906904157,0.04750558710269745,0.08999929035054681,)
18	639461602128458	10153	5	(482:70[0.20000000000000004],490:36[0.21000000000000005],495:64[0.18000000000000002],497:187[0.11999999999999998],500:149[0.16],)	506	-41.8	-607.6219169960474	-10000.0	13	11.986	17	8	(0.05694055152283575,0.07707007252969686,0.07451996118737045,0.04762977342819881,0.07754818393644969,)
19	639627129515733	10668	5	(482:109[0.21000000000000005],490:52[0.22000000000000006],495:72[0.19000000000000003],497:189[0.10999999999999999],500:83[0.15],)	505	-41.8	-738.955782178218	-10000.0	13	11.984	18	8	(0.06621013786126284,0.12631432423006433,0.081525277496927,0.049544640953229906,0.07383055029125862,)
20	639844477814984	11169	5	(482:82[0.20000000000000004],490:20[0.23000000000000007],495:71[0.20000000000000004],497:228[0.09999999999999999],500:104[0.16],)	505	-40.9	-951.5716633663365	-10000.0	10	12.362	18	8	(0.06379295765641514,0.07392284544986918,0.08370458924705383,0.05191288202986166,0.06929256962480754,)
21	640060828120459	11669	5	(482:73[0.21000000000000005],490:15[0.24000000000000007],495:70[0.21000000000000005],497:212[0.09],500:135[0.15],)	505	-40.9	-828.2070099009903	-10000.0	10	12.856	19	8	(0.10963427100811682,0.05195497378810308,0.11350578102580929,0.05540761936639619,0.0771103879785742,)
22	640280221251885	12185	3	(482:204[0.22000000000000006],495:203[0.22000000000000006],500:98[0.13999999999999999],)	505	-39.1	-937.8777029702972	-10000.0	12	13.124	19	8	(0.11873075609008521,0.12098327019519048,0.07277081457174697,)
23	640562718278307	12699	3	(482:149[0.21000000000000005],495:173[0.21000000000000005],500:181[0.15],)	503	-39.1	-1226.266799204772	-10000.0	12	13.14	20	8	(0.07137317439296857,0.10589848161679692,0.10717910611791101,)
24	640855273423780	13211	3	(482:369[0.22000000000000006],495:86[0.20000000000000004],500:48[0.13999999999999999],)	503	-39.1	-1215.1851689860837	-10000.0	12	12.376	22	8	(0.08852161528160847,0.09932649393642311,0.10398701244236791,)
25	641099485933148	13711	3	(482:249[0.21000000000000005],495:105[0.21000000000000005],500:149[0.15],)	503	-39.1	-1037.1927435387674	-10000.0	12	13.284	23	8	(0.10949975388794866,0.10257248369169071,0.10363059319364991,)
26	641304406591305	14211	3	(482:377[0.20000000000000004],495:79[0.22000000000000006],500:47[0.16],)	503	-37.45	-783.2158846918487	-10000.0	13	13.354	23	8	(0.11225645451033012,0.06181929802938333,0.0769301887745671,)
27	641529596346621	14711	3	(482:144[0.19000000000000003],495:183[0.23000000000000007],500:176[0.17],)	503	-35.5	-708.2399403578529	-10000.0	11	14.774	24	8	(0.08796370785246711,0.07129495421458638,0.07726106912106083,)
28	641836082712121	15211	3	(482:192[0.20000000000000004],495:223[0.22000000000000006],500:88[0.16],)	503	-35.5	-1023.8859244532799	-10000.0	11	14.512	25	8	(0.08526561125819054,0.05715249373455651,0.09289199392132735,)
29	642121708931505	15711	3	(482:171[0.19000000000000003],495:220[0.21000000000000005],500:112[0.17],)	503	-35.5	-966.7018687872763	-10000.0	11	14.968	24	9	(0.11262452656339197,0.07984020444019088,0.1160679844649949,)
30	642377847386872	16211	3	(482:249[0.18000000000000002],495:145[0.20000000000000004],500:109[0.18000000000000002],)	503	-32.81	-830.670477137177	-10000.0	10	14.702	24	9	(0.08097044413934405,0.08068238722910848,0.08013732351778059,)
31	642684496952852	16711	3	(482:256[0.17],495:132[0.21000000000000005],500:115[0.19000000000000003],)	503	-32.81	-984.3949701789268	-10000.0	10	14.86	23	9	(0.07618123894454387,0.077335208454692,0.08379955897710818,)
32	642985988998233	17211	3	(482:186[0.16],495:173[0.22000000000000006],500:144[0.20000000000000004],)	503	-32.81	-998.4697017892644	-10000.0	10	15.334	23	9	(0.09070962086302746,0.05391677626169339,0.11314903524629755,)
33	643319849221725	17711	4	(482:264[0.15],495:116[0.21000000000000005],500:99[0.21000000000000005],507:24[0.15],)	503	-32.81	-1053.7066799204777	-10000.0	10	14.856	22	9	(0.06439747427480066,0.07453008559394864,0.08252612450989912,0.10018929548732529,)
34	643660603147035	18211	4	(482:253[0.13999999999999999],495:108[0.22000000000000006],500:107[0.22000000000000006],507:36[0.16],)	504	-32.81	-1140.4187698412695	-10000.0	10	14.618	23	9	(0.08216824439426794,0.07766633286853067,0.1039868724893342,0.08421581725937496,)
35	643960873060633	18711	4	(482:52[0.12999999999999998],495:148[0.23000000000000007],500:180[0.23000000000000007],507:124[0.17],)	504	-32.81	-913.2872817460317	-10000.0	10	15.886	24	9	(0.07130482118378229,0.08904946949811003,0.048244524847736406,0.042456462777551614,)
36	644316964631086	19211	4	(482:140[0.13999999999999999],495:99[0.22000000000000006],500:154[0.22000000000000006],507:111[0.18000000000000002],)	504	-32.81	-1101.1348412698412	-10000.0	10	15.672	24	9	(0.06388672170416212,0.07166316703008443,0.06717034054743823,0.07876597506521837,)
37	644718934512120	19711	4	(482:93[0.12999999999999998],495:129[0.23000000000000007],500:224[0.21000000000000005],507:58[0.19000000000000003],)	504	-31.95	-1148.6003174603177	-10000.0	12	15.66	25	9	(0.0690387603232723,0.06537912438015056,0.07313818040339824,0.06350223452718098,)
38	645070393600258	20211	4	(482:161[0.13999999999999999],495:100[0.22000000000000006],500:143[0.20000000000000004],507:100[0.20000000000000004],)	504	-31.95	-1011.5899404761902	-10000.0	12	16.292	25	9	(0.07077681419074007,0.05972130011360184,0.05686177081300186,0.0638565176712124,)
39	645427591402455	20711	4	(482:193[0.12999999999999998],495:128[0.23000000000000007],500:161[0.19000000000000003],507:22[0.21000000000000005],)	504	-31.95	-993.7277976190478	-10000.0	12	16.004	26	9	(0.07587940252188875,0.07931404783064647,0.07135265454407033,0.03399530660770891,)
40	645846232426845	21221	3	(482:202[0.11999999999999998],495:160[0.22000000000000006],500:142[0.18000000000000002],)	504	-31.95	-1232.6083333333336	-10000.0	12	16.14	27	9	(0.06322283453906154,0.06440340596655755,0.058100827657676976,)
41	646219339998944	21721	5	(482:122[0.10999999999999999],495:134[0.23000000000000007],500:125[0.19000000000000003],508:89[0.15],509:33[0.15],)	503	-31.95	-1080.907892644135	-10000.0	12	15.666	26	9	(0.07887918071491373,0.10822620581175159,0.1425844971128925,0.1270772860424149,0.07303019015256859,)
42	646640517843107	22221	5	(482:173[0.09999999999999999],495:72[0.22000000000000006],500:60[0.18000000000000002],508:143[0.16],509:57[0.16],)	505	-31.95	-1179.033148514852	-10000.0	12	15.574	23	9	(0.06673891248907232,0.07885019126610318,0.052891295730031186,0.056245896476667744,0.0517682110235929,)
43	647010333189535	22722	5	(482:90[0.09],495:55[0.23000000000000007],500:157[0.19000000000000003],508:161[0.15],509:42[0.17],)	505	-31.95	-1109.44998019802	-10000.0	12	14.94	23	9	(0.05620015986568734,0.09779439824515988,0.05395169144554148,0.06552811939815775,0.051678756696396204,)
44	647426568964472	23222	5	(482:82[0.09999999999999999],495:78[0.24000000000000007],500:50[0.18000000000000002],508:144[0.13999999999999999],509:151[0.18000000000000002],)	505	-31.95	-1208.0011485148511	-10000.0	12	15.632	23	9	(0.07788299424535351,0.08119219848245203,0.0583549264332954,0.06664665981219856,0.05790831561896079,)
45	647759303793172	23722	5	(482:32[0.10999999999999999],495:115[0.25000000000000006],500:23[0.19000000000000003],508:116[0.12999999999999998],509:219[0.17],)	505	-31.95	-864.9723564356434	-10000.0	12	16.238	24	9	(0.05408370995977241,0.07913862116814006,0.05007296336284978,0.06266860001618567,0.07585739094321463,)
46	648118272156861	24222	5	(482:148[0.11999999999999998],495:68[0.24000000000000005],500:179[0.20000000000000004],508:30[0.11999999999999998],509:80[0.16],)	505	-31.95	-1065.4845742574262	-10000.0	12	15.086	24	8	(0.06452912171328765,0.0746891027346948,0.04286633994417182,0.06718407810180506,0.0825417119748149,)
47	648425949066040	24722	5	(482:84[0.10999999999999999],495:73[0.25000000000000006],500:168[0.19000000000000003],508:35[0.12999999999999998],509:145[0.17],)	505	-31.95	-1001.2962376237623	-10000.0	12	15.61	25	8	(0.06900850098842179,0.05501079766128894,0.05241334764830738,0.06839621259978482,0.07327586698450224,)
48	648982372855236	25222	5	(482:181[0.11999999999999998],495:24[0.26000000000000006],500:190[0.18000000000000002],508:52[0.13999999999999999],509:58[0.16],)	505	-31.95	-1739.0387326732675	-10000.0	12	15.01	25	8	(0.06670589543762992,0.07816698870976399,0.05328695583385392,0.10052294705382002,0.09078638468928962,)
49	649273116511227	25722	5	(482:84[0.10999999999999999],495:94[0.2700000000000001],500:46[0.17],508:188[0.15],509:93[0.17],)	505	-31.95	-877.2953069306928	-10000.0	12	15.076	26	8	(0.06337236440888708,0.10934405546290514,0.040230198102008695,0.08073390986800066,0.10881154564834097,)
50	649576148647317	26222	5	(482:154[0.11999999999999998],495:105[0.2800000000000001],500:19[0.18000000000000002],508:81[0.13999999999999999],509:146[0.18000000000000002],)	505	-31.95	-1085.4681980198018	-10000.0	12	15.04	25	9	(0.06158329527772919,0.06871451659517305,0.0769276982188862,0.07722885840079477,0.10395288708240556,)
51	650053479942074	26722	5	(482:89[0.10999999999999999],495:151[0.2700000000000001],500:69[0.19000000000000003],508:55[0.15],509:141[0.17],)	505	-31.95	-1444.9127128712869	-10000.0	12	15.828	26	9	(0.06271971549887195,0.07498610731134905,0.0840520653045545,0.07934654980124388,0.11291793351863472,)
52	650414633822541	27222	5	(482:56[0.11999999999999998],495:204[0.26000000000000006],500:66[0.20000000000000004],508:112[0.16],509:67[0.16],)	505	-31.95	-1201.2645544554457	-10000.0	12	15.186	27	8	(0.07775229711998015,0.08298695413398435,0.07502207053831714,0.08355210269380388,0.07077398220377847,)
53	650828673048307	27722	5	(482:241[0.12999999999999998],495:101[0.25000000000000006],500:90[0.21000000000000005],508:27[0.15],509:46[0.17],)	505	-31.95	-1247.9408514851482	-10000.0	12	14.596	28	8	(0.07438302932408512,0.07529622869234101,0.09171179213909017,0.09647910744677551,0.0531189458428646,)
54	651431025099906	28224	5	(482:52[0.11999999999999998],495:86[0.24000000000000005],500:136[0.22000000000000006],508:161[0.16],509:70[0.18000000000000002],)	505	-31.95	-1683.3998613861386	-10000.0	12	15.958	27	8	(0.0523696961961644,0.07160765279927234,0.10563662304693097,0.08648958771533641,0.07685232708154952,)
55	651807467622234	28724	5	(482:53[0.12999999999999998],495:47[0.25000000000000006],500:34[0.21000000000000005],508:303[0.15],509:68[0.19000000000000003],)	505	-31.95	-1098.8585742574262	-10000.0	12	16.214	27	8	(0.07784540034225229,0.10833444014727565,0.062139319295793645,0.08839055810472347,0.050276495136058474,)
56	652124901270205	29224	5	(482:58[0.13999999999999999],495:192[0.26000000000000006],500:55[0.22000000000000006],508:130[0.13999999999999999],509:70[0.20000000000000004],)	505	-31.95	-1022.2974455445549	-10000.0	12	15.402	28	9	(0.08393609580926086,0.06484442487169699,0.0935864444857656,0.08571348519314143,0.0673815069705868,)
57	652589037583339	29724	5	(482:131[0.15],495:135[0.25000000000000006],500:145[0.23000000000000007],508:77[0.12999999999999998],509:17[0.21000000000000005],)	505	-31.95	-1573.2423762376236	-10000.0	12	14.416	25	8	(0.06254137835622908,0.0944639606194609,0.09318151517381604,0.09620829629592746,0.09219903511277655,)
58	652936149051492	30224	5	(482:160[0.13999999999999999],495:82[0.24000000000000005],500:114[0.22000000000000006],508:22[0.13999999999999999],509:127[0.22000000000000006],)	505	-31.95	-1204.2015841584157	-10000.0	12	14.906	23	8	(0.07183864306242453,0.06632232241620577,0.10755804563801905,0.07433899746222267,0.10492732663006288,)
59	653359501406420	30724	5	(482:71[0.12999999999999998],495:141[0.25000000000000006],500:44[0.21000000000000005],508:75[0.15],509:174[0.21000000000000005],)	505	-31.95	-1243.7373465346536	-10000.0	12	15.038	23	8	(0.07641782698206961,0.06789082755749207,0.09008305633118396,0.07884616007325516,0.08224498469595204,)
60	653918059293695	31224	5	(482:63[0.13999999999999999],495:122[0.24000000000000005],500:138[0.22000000000000006],508:85[0.16],509:97[0.20000000000000004],)	505	-31.95	-1751.7317227722772	-10000.0	12	14.872	24	9	(0.09398313988351666,0.0802715340286544,0.09548334064101797,0.04870198885346749,0.0959594409057947,)
61	654324936014508	31724	5	(482:120[0.15],495:44[0.23000000000000004],500:151[0.21000000000000005],508:115[0.17],509:75[0.21000000000000005],)	505	-31.95	-1271.2989702970297	-10000.0	12	14.822	22	9	(0.08019555403505667,0.08594644381008602,0.11411035403413874,0.05886156236236012,0.07607039276685863,)
62	654701847906590	32224	5	(482:147[0.13999999999999999],495:24[0.24000000000000005],500:69[0.20000000000000004],508:164[0.16],509:101[0.22000000000000006],)	505	-31.95	-1117.4985148514854	-10000.0	12	15.086	23	9	(0.06917606317587323,0.08857161708836926,0.09252070449798001,0.07260597622767137,0.08970947926989614,)
63	655092049867584	32724	5	(482:96[0.12999999999999998],495:96[0.25000000000000006],500:77[0.21000000000000005],508:73[0.15],509:163[0.21000000000000005],)	505	-31.95	-1262.0818613861386	-10000.0	12	15.106	24	9	(0.08778877375907292,0.062328792546071675,0.08849630423870701,0.09752663303641111,0.09422113465629714,)
64	655533940566884	33224	5	(482:69[0.13999999999999999],495:89[0.26000000000000006],500:103[0.22000000000000006],508:147[0.16],509:97[0.20000000000000004],)	505	-31.95	-1514.3795643564358	-10000.0	12	14.71	24	8	(0.09489776647571135,0.07050880987243073,0.0795340338821602,0.10896068530921658,0.09939487568790348,)
65	655983947317536	33724	5	(482:76[0.15],495:135[0.2700000000000001],500:89[0.21000000000000005],508:190[0.15],509:15[0.21000000000000005],)	505	-31.95	-1301.995722772277	-10000.0	12	14.782	25	9	(0.09732936298244514,0.05048309753458718,0.07612550670684991,0.0924472224193161,0.05440455847997321,)
66	656330370713311	34224	5	(482:118[0.16],495:145[0.26000000000000006],500:99[0.22000000000000006],508:46[0.13999999999999999],509:97[0.22000000000000006],)	505	-31.95	-1165.2629108910892	-10000.0	12	14.454	26	9	(0.0775883986499894,0.09632700048487092,0.09656714992558967,0.10739316523723222,0.05259014118055411,)
67	656749919378357	34724	5	(482:51[0.15],495:37[0.25000000000000006],500:95[0.23000000000000007],508:149[0.15],509:173[0.23000000000000007],)	505	-31.95	-1346.4852871287123	-10000.0	12	14.624	27	8	(0.08753084632839613,0.07389685546145315,0.10165330496069751,0.09520861484842764,0.08417391699192417,)
68	657281432418693	35224	5	(482:141[0.16],495:127[0.26000000000000006],500:98[0.24000000000000007],508:35[0.13999999999999999],509:104[0.22000000000000006],)	505	-31.95	-1736.7237227722774	-10000.0	12	14.474	25	8	(0.09644558687108998,0.07341409091520361,0.10705494383129073,0.08053962999203498,0.08362668374477775,)
69	657760284653611	35724	5	(482:117[0.15],495:120[0.25000000000000006],500:59[0.25000000000000006],508:51[0.15],509:158[0.21000000000000005],)	505	-31.95	-1452.8950495049505	-10000.0	12	15.05	25	9	(0.07758254310716468,0.08360529616733177,0.08662432245989087,0.08059285095605415,0.08393215261365905,)
70	658170797634735	36224	5	(482:113[0.13999999999999999],495:101[0.24000000000000005],500:63[0.26000000000000006],508:120[0.16],509:108[0.20000000000000004],)	505	-31.95	-1130.5272475247527	-10000.0	12	15.678	25	9	(0.08618818958924017,0.09498996436769667,0.10116370233404756,0.09515013582523618,0.0960944808508713,)
71	658532638723903	36724	5	(482:25[0.12999999999999998],495:224[0.23000000000000004],500:85[0.2700000000000001],508:112[0.15],509:59[0.19000000000000003],)	505	-31.95	-980.292871287129	-10000.0	12	15.984	25	9	(0.07043062160230462,0.06906009673417847,0.07091971557819134,0.0874808257297669,0.09412950856274346,)
72	658925115983956	37224	5	(482:101[0.13999999999999999],495:124[0.22000000000000003],500:54[0.2800000000000001],508:144[0.13999999999999999],509:82[0.20000000000000004],)	505	-31.95	-1128.3218415841584	-10000.0	12	15.734	25	9	(0.08730245914757304,0.09471940707851448,0.07527773486973777,0.09531932048171833,0.07949791262251327,)
73	659292248712564	37724	5	(482:72[0.12999999999999998],495:78[0.21000000000000002],500:92[0.2900000000000001],508:143[0.12999999999999998],509:120[0.21000000000000005],)	505	-31.95	-1129.5023564356432	-10000.0	12	15.97	26	9	(0.08923997633202774,0.06307307210639355,0.08613869634811964,0.09089912846146772,0.08022838869139973,)
74	659662457033706	38224	5	(482:85[0.13999999999999999],495:133[0.22000000000000003],500:34[0.3000000000000001],508:90[0.11999999999999998],509:163[0.20000000000000004],)	505	-31.95	-1109.1586336633661	-10000.0	12	16.02	26	8	(0.10245344804297699,0.06659123708455678,0.09866923271485128,0.08661279831322631,0.09158609607532414,)
75	660157301307538	38724	5	(482:117[0.15],495:63[0.21000000000000002],500:50[0.3100000000000001],508:121[0.12999999999999998],509:154[0.19000000000000003],)	505	-31.95	-1375.5549504950493	-10000.0	12	15.904	23	9	(0.08777397888646306,0.08349655110319262,0.08715540663678549,0.08769421502833982,0.08972537805466657,)
76	660652490286238	39224	5	(482:119[0.13999999999999999],495:109[0.22000000000000003],500:148[0.3200000000000001],508:15[0.11999999999999998],509:114[0.18000000000000002],)	505	-31.95	-1428.7421386138617	-10000.0	12	16.226	24	9	(0.10231890029267666,0.08953922833144237,0.10590350921831815,0.09329580832333143,0.09392499556560648,)
77	661141289376082	39724	5	(482:206[0.12999999999999998],495:125[0.21000000000000002],500:92[0.3100000000000001],508:24[0.12999999999999998],509:58[0.17],)	505	-31.95	-1208.5250099009902	-10000.0	12	16.442	25	8	(0.0874797534621816,0.08909304149618376,0.11885204318088351,0.09129190857147758,0.09584301386495082,)
78	661633923644818	40224	5	(482:70[0.11999999999999998],495:69[0.2],500:26[0.3200000000000001],508:91[0.13999999999999999],509:249[0.18000000000000002],)	505	-31.95	-1356.026316831683	-10000.0	12	16.036	23	8	(0.08486745334238831,0.12463181473133644,0.12142282228345219,0.05259550522205864,0.10272447285746063,)
79	662114568780036	40730	4	(482:116[0.12999999999999998],495:158[0.21000000000000002],508:117[0.15],509:114[0.17],)	505	-31.95	-1204.9300396039605	-10000.0	12	16.448	23	10	(0.0902228602926825,0.0808727200515616,0.06918997209004273,0.10515488147186486,)
80	662608240943045	41230	4	(482:127[0.13999999999999999],495:147[0.2],508:111[0.16],509:119[0.18000000000000002],)	504	-31.95	-1247.3910714285716	-10000.0	12	16.472	24	10	(0.09066449795108901,0.07178375699831777,0.07020900284119516,0.08736938252210068,)
81	663071105489301	41730	4	(482:83[0.12999999999999998],495:80[0.19],508:17[0.17],509:324[0.19000000000000003],)	504	-31.95	-1114.7910912698408	-10000.0	12	16.698	24	10	(0.09428947316529816,0.12793607539198126,0.10587385821776964,0.09668511499626703,)
82	663491231201830	42230	4	(482:260[0.13999999999999999],495:166[0.2],508:28[0.18000000000000002],509:50[0.18000000000000002],)	504	-31.95	-1208.2368849206352	-10000.0	12	15.496	24	9	(0.08207531911699374,0.0772214722743129,0.10549654199176799,0.09838278222741417,)
83	663911110489297	42730	4	(482:145[0.12999999999999998],495:75[0.19],508:79[0.19000000000000003],509:205[0.19000000000000003],)	504	-31.95	-1197.888869047619	-10000.0	12	15.988	25	9	(0.08594297365093342,0.06497447555135606,0.09755330348135395,0.10311147254897404,)
84	664410193139915	43234	5	(482:102[0.11999999999999998],495:108[0.2],508:141[0.20000000000000004],509:114[0.18000000000000002],512:39[0.15],)	504	-31.95	-1329.503333333333	-10000.0	12	16.288	25	9	(0.0898628505756001,0.10708107648474637,0.09409696251299375,0.09868366442061731,0.11752325598617969,)
85	664960493354094	43734	5	(482:113[0.10999999999999999],495:85[0.19],508:102[0.19000000000000003],509:35[0.17],512:170[0.16],)	505	-31.95	-1585.4067326732675	-10000.0	12	15.752	25	8	(0.08205939328974214,0.10156432830586064,0.11702361615165029,0.12810295426159501,0.07242056548950052,)
86	665447448694357	44234	5	(482:25[0.09999999999999999],495:51[0.2],508:69[0.18000000000000002],509:144[0.18000000000000002],512:216[0.15],)	505	-31.95	-1239.4547128712877	-10000.0	12	16.804	25	9	(0.07147510307584352,0.08057812135604692,0.08616413780862159,0.037565758559695864,0.08234230217452464,)
87	666050778151003	44734	6	(482:87[0.10999999999999999],495:43[0.21000000000000002],508:111[0.19000000000000003],509:192[0.17],512:54[0.13999999999999999],514:18[0.15],)	505	-31.74	-1525.8515445544547	-10000.0	18	16.176	26	9	(0.07162299964984228,0.09736341796348737,0.09467547818859523,0.11667343602654795,0.10415763766723764,0.09676948403523467,)
88	666607977380894	45241	6	(482:56[0.09999999999999999],495:86[0.22000000000000003],508:87[0.18000000000000002],509:112[0.16],512:68[0.15],514:97[0.16],)	506	-31.74	-1496.23861660079	-10000.0	18	15.93	26	9	(0.08039529936332117,0.0829929045381729,0.12339767606748539,0.08058835070877578,0.08187282368595515,0.0729939771721787,)
89	667068783654414	45741	6	(482:113[0.10999999999999999],495:59[0.21000000000000002],508:133[0.17],509:57[0.15],512:68[0.16],514:76[0.15],)	506	-31.74	-1353.575316205534	-10000.0	18	15.6	26	9	(0.0881768788472207,0.09940889713082725,0.0945609353707971,0.054647975384199944,0.08777561867373243,0.06930208103346698,)
90	667523309898277	46241	6	(482:62[0.09999999999999999],495:90[0.22000000000000003],508:33[0.16],509:151[0.16],512:48[0.17],514:122[0.16],)	506	-31.74	-1242.623003952569	-10000.0	18	16.212	27	9	(0.0704927215712838,0.09224207198346507,0.08101725861127138,0.09608597363024278,0.09870366766442003,0.07362704821907547,)
91	668096159352074	46741	6	(482:126[0.10999999999999999],495:52[0.21000000000000002],508:37[0.17],509:57[0.15],512:158[0.18000000000000002],514:76[0.15],)	506	-31.74	-1648.7985968379448	-10000.0	18	15.896	26	9	(0.07935185359308065,0.09971771875588559,0.07367546466323219,0.08603983654130408,0.09623323814749513,0.07960175755509731,)
92	668609503973723	47241	6	(482:16[0.09999999999999999],495:101[0.22000000000000003],508:76[0.18000000000000002],509:29[0.16],512:97[0.17],514:187[0.16],)	506	-31.74	-1318.033517786561	-10000.0	18	16.41	26	9	(0.07138879507025822,0.08556610483156471,0.07686599958011414,0.08393307303328854,0.0819822519340599,0.08619149939707113,)
93	669074785150688	47741	6	(482:56[0.10999999999999999],495:44[0.21000000000000002],508:113[0.19000000000000003],509:93[0.17],512:135[0.16],514:65[0.15],)	506	-31.74	-1260.2991304347827	-10000.0	18	16.034	25	9	(0.08713232375766397,0.09562710993849129,0.08452610533407817,0.08013005342399097,0.07538424860729649,0.08712617025282157,)
94	669469174139134	48241	6	(482:112[0.11999999999999998],495:96[0.22000000000000003],508:109[0.18000000000000002],509:83[0.16],512:73[0.15],514:33[0.16],)	506	-31.74	-1165.7849999999999	-10000.0	18	16.198	26	10	(0.07325625229662992,0.09715180062145251,0.08636328136065392,0.0819377496488953,0.07030921211532391,0.07421672678004207,)
95	669943083993787	48741	6	(482:74[0.10999999999999999],495:124[0.21000000000000002],508:38[0.17],509:61[0.15],512:115[0.16],514:94[0.17],)	506	-31.74	-1263.6106126482216	-10000.0	18	15.908	26	10	(0.08672689286467865,0.09588237686258502,0.1034174013304943,0.0828033763654962,0.07813036370779244,0.09668016651816998,)
96	670676067133832	49241	6	(482:96[0.11999999999999998],495:85[0.2],508:132[0.18000000000000002],509:93[0.16],512:64[0.15],514:36[0.16],)	506	-31.72	-2007.8079249011853	-10000.0	17	16.47	26	10	(0.09080211350298678,0.09974570082869592,0.08934298924203576,0.09100619924120344,0.06532299710165322,0.08718306793371118,)
97	671234676484615	49745	5	(482:96[0.10999999999999999],495:72[0.19],508:164[0.17],509:69[0.15],512:105[0.16],)	506	-31.72	-1382.605118577075	-10000.0	17	16.846	27	10	(0.08420493502969646,0.0882470149132363,0.10402816887796187,0.08542007630036955,0.08747454063688857,)
98	671859310827508	50245	5	(482:107[0.11999999999999998],495:79[0.2],508:163[0.16],509:82[0.16],512:74[0.15],)	505	-31.72	-1423.1034653465347	-10000.0	17	17.142	26	10	(0.08020676965882707,0.09926378090661325,0.0838464234894109,0.07230229655129025,0.10490005065634109,)
99	672378682574318	50759	5	(482:182[0.10999999999999999],508:59[0.15],509:76[0.17],512:101[0.16],516:87[0.15],)	505	-31.72	-1237.5772673267327	-10000.0	17	16.88	26	11	(0.0784551100581889,0.09972300552670527,0.07712247614393679,0.08965953356606217,0.09029085562622528,)
100	673016648782821	51259	6	(482:29[0.09999999999999999],508:125[0.16],509:104[0.18000000000000002],512:52[0.15],516:73[0.16],517:122[0.15],)	505	-31.24	-1538.5738019801981	-10000.0	20	17.434	27	10	(0.062312147939217154,0.10349407329995466,0.05749702890933339,0.10305888928491898,0.0724187122193521,0.09921941140250856,)
101	673408299606366	51759	6	(482:22[0.10999999999999999],508:50[0.15],509:99[0.17],512:63[0.16],516:134[0.17],517:138[0.13999999999999999],)	506	-31.24	-1001.4098616600791	-10000.0	20	17.438	26	10	(0.07082042410832462,0.06656032063745297,0.07285760566184171,0.08735129298651535,0.0963066282990953,0.0776071190150898,)
102	673914820078706	52263	7	(482:86[0.11999999999999998],508:59[0.16],509:52[0.16],512:47[0.17],516:102[0.16],517:140[0.12999999999999998],518:20[0.15],)	506	-31.24	-1092.7749011857707	-10000.0	20	17.68	27	10	(0.06403450832895391,0.0995456194792001,0.07944539802711706,0.07611192065342735,0.07731019464152365,0.09390126509887367,0.04867159338310344,)
103	674427503608663	52763	7	(482:34[0.10999999999999999],508:88[0.17],509:111[0.17],512:37[0.18000000000000002],516:20[0.15],517:119[0.11999999999999998],518:98[0.16],)	507	-31.24	-1273.1576331360945	-10000.0	20	17.992	27	9	(0.03529902314341796,0.07648495460141526,0.09151371645587357,0.074953149925879,0.10598361644784988,0.07890832633502236,0.06724617805339869,)
104	675048271035231	53263	7	(482:138[0.11999999999999998],508:31[0.16],509:38[0.16],512:138[0.19000000000000003],516:62[0.16],517:43[0.10999999999999999],518:57[0.15],)	507	-31.24	-1701.0648323471403	-10000.0	20	16.038	27	9	(0.056140929785953045,0.08704404452513574,0.0886178326976514,0.08585327628914405,0.07411901883613564,0.07817816714974823,0.08757604686731534,)
105	675577597989225	53763	7	(482:34[0.10999999999999999],508:96[0.17],509:56[0.17],512:53[0.18000000000000002],516:95[0.17],517:73[0.11999999999999998],518:100[0.16],)	507	-31.24	-1204.1023274161732	-10000.0	20	17.728	27	9	(0.06501857601983563,0.09292803220838645,0.09131595611650743,0.06470825368130188,0.0863255814286778,0.05964603861921961,0.08500415382890569,)
106	676074493739632	54263	7	(482:121[0.11999999999999998],508:34[0.16],509:74[0.18000000000000002],512:44[0.19000000000000003],516:62[0.16],517:60[0.10999999999999999],518:112[0.15],)	507	-30.23	-1193.7154437869822	-10000.0	17	17.45	27	10	(0.07561973511928162,0.09078237151960551,0.060271702261281014,0.0546487793332288,0.06862797773339947,0.07262955697522686,0.07704414876280309,)
107	676519344669591	54763	7	(482:28[0.10999999999999999],508:25[0.17],509:55[0.17],512:67[0.20000000000000004],516:174[0.17],517:57[0.11999999999999998],518:101[0.13999999999999999],)	507	-30.23	-1117.478678500986	-10000.0	17	17.098	27	10	(0.08521571054807087,0.053768764771031104,0.0370165994066627,0.07411303234749886,0.060757310818537524,0.057300829517941715,0.08320793020130542,)
108	677038618817450	55276	6	(482:49[0.11999999999999998],508:92[0.18000000000000002],509:88[0.18000000000000002],512:77[0.21000000000000005],516:78[0.16],517:123[0.12999999999999998],)	507	-30.23	-1218.7015384615383	-10000.0	17	16.902	27	10	(0.06804702671102576,0.10775860477839345,0.08668692865297985,0.0565201787228482,0.10300809824383136,0.07916047894597407,)
109	677619364636687	55776	6	(482:86[0.12999999999999998],508:48[0.17],509:84[0.17],512:100[0.22000000000000006],516:78[0.17],517:110[0.11999999999999998],)	506	-30.23	-1318.735928853755	-10000.0	17	16.626	26	10	(0.06825683698159764,0.06541843085040482,0.07569654575525511,0.07490283854886524,0.09933378147583667,0.09758663145970517,)
110	678167223272322	56276	7	(482:63[0.11999999999999998],508:24[0.18000000000000002],509:59[0.16],512:144[0.21000000000000005],516:112[0.18000000000000002],517:55[0.10999999999999999],520:49[0.15],)	506	-30.23	-1385.7666403162054	-10000.0	17	16.774	27	10	(0.08367857968480025,0.05187369676013225,0.049284793561196735,0.07109442196667418,0.0679374989073155,0.06506601747546593,0.06922146935695635,)
111	678742443736845	56776	7	(482:26[0.12999999999999998],508:22[0.19000000000000003],509:31[0.17],512:70[0.20000000000000004],516:138[0.17],517:67[0.11999999999999998],520:153[0.16],)	507	-30.23	-1416.247712031558	-10000.0	17	16.646	26	10	(0.08802271228379689,0.038300993072548244,0.06169564884041027,0.0852801783543043,0.05572970294679341,0.0650309833861038,0.05375473910377991,)
112	679352699790471	57276	7	(482:41[0.13999999999999999],508:52[0.20000000000000004],509:20[0.18000000000000002],512:85[0.21000000000000005],516:85[0.16],517:98[0.12999999999999998],520:126[0.15],)	507	-30.23	-1493.6052465483237	-10000.0	17	17.298	27	9	(0.08575937506962175,0.07862910033019864,0.05843719011574159,0.06662381612106476,0.0742915143811253,0.06418062571760282,0.06597941468260538,)
113	679865997818252	57776	7	(482:76[0.15],508:82[0.21000000000000005],509:52[0.19000000000000003],512:50[0.20000000000000004],516:135[0.15],517:25[0.11999999999999998],520:87[0.13999999999999999],)	507	-30.23	-1240.1709072978306	-10000.0	17	17.496	28	11	(0.09427910302953468,0.07028748727689398,0.061089842930199145,0.1003094883791395,0.07142868908953227,0.04584145990829784,0.0834853572525967,)
114	680413849958021	58276	7	(482:26[0.13999999999999999],508:52[0.20000000000000004],509:26[0.20000000000000004],512:143[0.21000000000000005],516:64[0.13999999999999999],517:121[0.12999999999999998],520:75[0.12999999999999998],)	507	-30.11	-1410.9716568047345	-10000.0	16	17.0	29	10	(0.0643855149454822,0.06886666218685644,0.07571176769202491,0.06840084853139305,0.07856261582652614,0.05856664207467304,0.06703230802682433,)
115	680887970553179	58776	7	(482:37[0.15],508:109[0.21000000000000005],509:32[0.21000000000000005],512:114[0.20000000000000004],516:104[0.15],517:85[0.11999999999999998],520:26[0.11999999999999998],)	507	-30.11	-1116.521439842209	-10000.0	16	17.578	29	9	(0.08076759887496121,0.07628753988263223,0.10792952946675295,0.08009520277805868,0.056873742954714854,0.055535789846719495,0.06629876112205337,)
116	681439886068909	59280	6	(482:49[0.16],508:43[0.20000000000000004],509:152[0.22000000000000006],512:97[0.19000000000000003],517:67[0.10999999999999999],520:99[0.12999999999999998],)	507	-30.11	-1331.8485996055226	-10000.0	16	16.608	28	10	(0.08847892602606737,0.056852619816265354,0.06587876682428798,0.08156316572650214,0.07467122648470574,0.06625456641990968,)
117	681999536009041	59780	7	(482:88[0.17],508:15[0.21000000000000005],509:78[0.21000000000000005],512:106[0.18000000000000002],517:15[0.11999999999999998],520:155[0.11999999999999998],521:49[0.15],)	506	-30.11	-1272.7314031620554	-10000.0	16	16.798	28	9	(0.08843022305331773,0.16054975754305328,0.08976885479285394,0.0749242229018501,0.0777490861328695,0.08713981280605163,0.0609743921000705,)
118	682600575855642	60280	7	(482:55[0.16],508:96[0.22000000000000006],509:69[0.20000000000000004],512:98[0.17],517:26[0.12999999999999998],520:55[0.10999999999999999],521:108[0.16],)	507	-30.11	-1845.3581065088758	-10000.0	16	15.474	28	9	(0.0959898157370333,0.057592928342221954,0.07336054499348771,0.0747675674138974,0.06820757001300767,0.061326638796060956,0.027064249662282176,)
119	683090318309172	60780	7	(482:51[0.17],508:31[0.21000000000000005],509:91[0.21000000000000005],512:95[0.16],517:60[0.13999999999999999],520:51[0.11999999999999998],521:128[0.15],)	507	-29.01	-1630.42617357002	-10000.0	10	14.822	27	8	(0.08491492420788077,0.0474334757417406,0.10075750102248199,0.09370526990808864,0.06694868460687611,0.05638901442148086,0.02058174584342187,)
120	683580398495014	61280	7	(482:118[0.18000000000000002],508:23[0.22000000000000006],509:32[0.20000000000000004],512:67[0.15],517:57[0.15],520:122[0.12999999999999998],521:88[0.13999999999999999],)	507	-29.01	-1362.5563313609468	-10000.0	10	15.264	26	8	(0.06919549773591765,0.04112371775410342,0.07344516003519024,0.07677372636396369,0.03253715857545624,0.05735002273419655,0.029887417685450134,)
121	684065837729271	61780	7	(482:82[0.17],508:56[0.23000000000000007],509:97[0.21000000000000005],512:102[0.16],517:53[0.16],520:58[0.11999999999999998],521:59[0.12999999999999998],)	507	-28.65	-1462.0825641025642	-10000.0	13	15.844	26	9	(0.08676132190877037,0.05087154060455586,0.08033588212155199,0.10849897888973832,0.09063205899755145,0.07290281220984664,0.055634391767006734,)
122	684515493460563	62280	7	(482:112[0.16],508:63[0.24000000000000007],509:30[0.20000000000000004],512:68[0.15],517:73[0.17],520:140[0.12999999999999998],521:21[0.13999999999999999],)	507	-28.65	-1378.8897633136094	-10000.0	13	15.276	26	8	(0.06073798916913603,0.058793827899977204,0.09967877973639871,0.0768719478224202,0.060922745826528804,0.05680501983609398,0.049812066847540255,)
123	684905744561952	62780	7	(482:86[0.15],508:29[0.25000000000000006],509:75[0.21000000000000005],512:63[0.16],517:88[0.16],520:81[0.11999999999999998],521:85[0.15],)	507	-28.65	-1142.7164891518737	-10000.0	13	15.522	26	9	(0.051323914556379635,0.047019209177191205,0.049045184398112236,0.06055148527503463,0.05318765840950894,0.0770732881229887,0.03944917839325171,)
124	685371114876101	63280	7	(482:94[0.13999999999999999],508:117[0.26000000000000006],509:40[0.20000000000000004],512:67[0.17],517:27[0.15],520:27[0.10999999999999999],521:135[0.13999999999999999],)	507	-28.65	-1405.963688362919	-10000.0	13	14.994	26	9	(0.0907277420807147,0.035465827409018234,0.05453251902966647,0.0691691756856683,0.08484523934379268,0.06873844959765356,0.03341400014582365,)
125	685882484290242	63780	7	(482:56[0.12999999999999998],508:70[0.25000000000000006],509:57[0.21000000000000005],512:79[0.18000000000000002],517:137[0.16],520:50[0.11999999999999998],521:58[0.12999999999999998],)	507	-28.65	-1329.7095463510848	-10000.0	13	16.462	27	10	(0.086369096743518,0.07252309696360686,0.06206947373080828,0.05642657055475105,0.059397917780822145,0.0486172492441171,0.05207700620677403,)
126	686417716126249	64280	7	(482:40[0.13999999999999999],508:113[0.26000000000000006],509:65[0.22000000000000006],512:67[0.17],517:78[0.15],520:78[0.12999999999999998],521:66[0.13999999999999999],)	507	-28.65	-1413.3183037475349	-10000.0	13	15.886	28	9	(0.0592765087796952,0.03280441422639292,0.07049968734627345,0.07593971500055305,0.05245768485048908,0.08419942729669116,0.0490024639440981,)
127	686904991225733	64780	7	(482:134[0.15],508:50[0.25000000000000006],509:57[0.23000000000000007],512:75[0.18000000000000002],517:75[0.13999999999999999],520:21[0.11999999999999998],521:95[0.15],)	507	-28.65	-1325.578678500986	-10000.0	13	15.726	28	9	(0.05613588566263814,0.03782538258290969,0.04551628044001938,0.07290140104643111,0.08098991993312409,0.05453249284136915,0.058970557174951053,)
128	687319253712000	65280	7	(482:61[0.13999999999999999],508:145[0.26000000000000006],509:91[0.24000000000000007],512:64[0.17],517:67[0.12999999999999998],520:47[0.12999999999999998],521:32[0.13999999999999999],)	507	-28.65	-1121.1924654832344	-10000.0	13	15.876	28	10	(0.03911026466318126,0.05672824544403665,0.05155362760669974,0.07210284334117475,0.04853348741179224,0.09021654748323774,0.06645422894989853,)
129	687806862028697	65780	7	(482:77[0.15],508:32[0.25000000000000006],509:192[0.23000000000000007],512:66[0.18000000000000002],517:62[0.13999999999999999],520:35[0.13999999999999999],521:43[0.15],)	507	-28.65	-1635.5509664694277	-10000.0	13	15.586	28	9	(0.04431597507523516,0.06982013497481093,0.09010766854795856,0.10270662309360996,0.052691703251918735,0.09405126777999541,0.06493798950867924,)
130	688338557498693	66290	6	(482:76[0.13999999999999999],509:120[0.22000000000000006],512:26[0.19000000000000003],517:66[0.15],520:69[0.15],521:150[0.16],)	507	-28.65	-1360.0489546351087	-10000.0	13	15.548	28	8	(0.052609306755491574,0.08739476954609841,0.07474575954733267,0.06397944857953232,0.09205843515395089,0.10174286911207645,)
131	688959056840948	66807	5	(482:57[0.15],512:218[0.20000000000000004],517:103[0.16],520:54[0.16],521:74[0.15],)	506	-28.65	-1573.7159486166006	-10000.0	13	15.952	29	9	(0.05154551583911036,0.1086088151288901,0.06463539395127135,0.10907566302995038,0.07151361924619924,)
132	689534752196627	67307	6	(482:71[0.16],512:62[0.19000000000000003],517:202[0.15],520:30[0.17],521:100[0.16],523:40[0.15],)	505	-28.65	-1451.8506336633664	-10000.0	13	16.522	29	9	(0.0471036626624882,0.09666180984674709,0.08299164065777447,0.07212795961875847,0.07915734563462291,0.07970938988392237,)
133	689866263852943	67807	6	(482:52[0.17],512:68[0.20000000000000004],517:40[0.13999999999999999],520:51[0.18000000000000002],521:97[0.15],523:198[0.16],)	506	-28.65	-1036.7321739130434	-10000.0	13	14.948	29	8	(0.07393506578658328,0.09670923605678246,0.08033461995593433,0.09468465139737141,0.07934358708920586,0.06548126145909895,)
134	690326643443148	68311	7	(482:93[0.18000000000000002],512:55[0.21000000000000005],517:95[0.15],520:113[0.19000000000000003],521:85[0.13999999999999999],523:41[0.15],525:24[0.15],)	506	-28.65	-1557.635395256917	-10000.0	13	14.79	29	8	(0.07547153883661975,0.11273531354195813,0.10876834565049613,0.08160096487588196,0.07758404916203063,0.07054415716807365,0.11114517825311825,)
135	690685533045160	68811	8	(482:79[0.17],512:26[0.22000000000000006],517:45[0.13999999999999999],520:190[0.18000000000000002],521:58[0.12999999999999998],523:55[0.16],525:39[0.16],526:15[0.15],)	507	-28.65	-1082.3455226824456	-10000.0	13	15.024	29	9	(0.08031939042962219,0.07829071222801937,0.08381585962077764,0.09004349374746044,0.06116953983228707,0.06315889271822353,0.09057634276904032,0.05794596018231854,)
136	691121842921372	69321	7	(482:30[0.16],512:199[0.23000000000000007],517:44[0.15],520:129[0.17],521:49[0.13999999999999999],523:17[0.17],525:40[0.17],)	508	-28.65	-1398.6514173228343	-10000.0	13	15.112	29	10	(0.09490307528038071,0.10316174247319988,0.09821399862702127,0.06880787502501483,0.03772629403082734,0.07135849837426222,0.10175518930591414,)
137	691535976784948	69826	6	(512:232[0.22000000000000006],517:84[0.16],520:97[0.16],521:36[0.15],523:41[0.18000000000000002],525:17[0.18000000000000002],)	507	-28.65	-1271.7859960552273	-10000.0	13	15.062	28	10	(0.053028261456793555,0.08028456213037571,0.08186059495244817,0.06511117625655101,0.05223285363052835,0.08307982567993083,)
138	692041584573494	70326	6	(512:114[0.21000000000000005],517:22[0.15],520:93[0.15],521:27[0.16],523:105[0.19000000000000003],525:145[0.19000000000000003],)	506	-28.65	-1433.3157312252965	-10000.0	13	15.682	29	9	(0.060567443451564326,0.07985892316143883,0.06454690874430159,0.030385592886138006,0.02494656770023579,0.099488137996327,)
139	692450011240560	70826	6	(512:67[0.20000000000000004],517:69[0.16],520:69[0.13999999999999999],521:143[0.17],523:112[0.18000000000000002],525:46[0.18000000000000002],)	506	-28.65	-1318.5343675889326	-10000.0	13	15.452	29	10	(0.1001265853305314,0.10233997764813951,0.09703331409854406,0.030724646604824848,0.06474011250854689,0.10274789701511793,)
140	692889880082828	71335	5	(512:168[0.21000000000000005],517:128[0.17],520:46[0.15],521:117[0.16],525:47[0.19000000000000003],)	506	-28.65	-1316.596976284585	-10000.0	13	15.44	29	9	(0.09509920084191403,0.10161627646127948,0.08642444749099196,0.05431970820871832,0.10375368192144113,)
141	693267825710820	71835	5	(512:134[0.20000000000000004],517:111[0.16],520:84[0.16],521:106[0.15],525:70[0.20000000000000004],)	505	-28.65	-1052.356	-10000.0	13	16.376	30	8	(0.06621326897290637,0.07738400308706907,0.10490318284926174,0.04402244463408697,0.08924079300132326,)
142	693760964266993	72335	5	(512:62[0.19000000000000003],517:209[0.15],520:82[0.17],521:132[0.13999999999999999],525:20[0.21000000000000005],)	505	-28.65	-1301.2593465346529	-10000.0	13	16.278	30	9	(0.08610463048160409,0.10052496916294146,0.08874921900642001,0.054350322684082186,0.07282211629332039,)
143	694121838089048	72843	5	(512:182[0.20000000000000004],517:73[0.13999999999999999],520:23[0.18000000000000002],521:196[0.12999999999999998],525:31[0.22000000000000006],)	505	-28.65	-1063.12897029703	-10000.0	13	15.74	29	10	(0.07969286127013223,0.09928924453951737,0.11830362972612962,0.08206746137143892,0.12217600117387764,)
144	694559486597023	73343	5	(512:99[0.19000000000000003],517:45[0.15],520:133[0.19000000000000003],521:177[0.11999999999999998],525:51[0.23000000000000007],)	505	-28.65	-1133.175405940594	-10000.0	13	16.51	30	9	(0.07960598722673616,0.08245376904999166,0.054075389642746025,0.052818472219018746,0.07048848604797171,)
145	695240422442461	73856	5	(512:104[0.20000000000000004],517:52[0.16],520:168[0.18000000000000002],521:111[0.10999999999999999],525:70[0.24000000000000007],)	505	-30.32	-1503.9279009900993	-10000.0	15	17.316	31	9	(0.08124450893615154,0.09124374641187802,0.055931334661932154,0.05261209634649928,0.1011416975708572,)
146	695801602316958	74356	5	(512:101[0.19000000000000003],517:29[0.17],520:148[0.17],521:100[0.09999999999999999],525:127[0.25000000000000006],)	505	-30.32	-1091.0688712871286	-10000.0	15	17.896	32	9	(0.08153402266876632,0.08054691093656904,0.06305519875850467,0.06637116320795955,0.05990341452120571,)
147	696224819632421	74871	5	(512:154[0.18000000000000002],517:90[0.18000000000000002],520:94[0.16],521:73[0.09],525:94[0.24000000000000005],)	505	-30.32	-1009.917207920792	-10000.0	15	17.734	30	9	(0.09923420863180224,0.06066639132253572,0.06454303060443882,0.051088571905687226,0.05652478345735188,)
148	696761793914538	75371	5	(512:66[0.17],517:116[0.19000000000000003],520:123[0.17],521:87[0.09999999999999999],525:113[0.25000000000000006],)	505	-30.32	-1280.135089108911	-10000.0	15	18.296	29	10	(0.08472753589268506,0.07341923931280832,0.07031091434490719,0.06256091469153871,0.045380373336629254,)
149	697293859980014	75871	5	(512:142[0.18000000000000002],517:18[0.18000000000000002],520:49[0.16],521:109[0.10999999999999999],525:187[0.24000000000000005],)	505	-30.32	-1291.0703168316832	-10000.0	15	17.422	29	10	(0.08799911847909114,0.08014683133186963,0.11457077272070078,0.05711029026820846,0.07468060857750032,)
