alpha = 0.15
gamma = 1.0
lambda = 0.6
epsilon = 0.3
randomSeed = 888
GREAT!
Xover: 4
---- Evolution parameters ----
Folder name:          NMSarsa_MountainCar/run_644221243707405
Random seed:          888
GREAT activated:      true
Max iterations:       150
Population size:      500
GREAT initialization  true
Speciation threshold: 0.15
Species min size:     15
Tournament size:      3
Crossover rate:       0.2
Mutation rate:        0.8
Crossovers:
	AligningCrossover_v4(0.15)
Mutations:
	AddGeneMutation(maxSize=2147483647, prob=0.33)
	DeleteGeneMutation(minSize=8, prob=0.33)
	ChangeGeneMutation(prob=0.33)
------------------------------

---- Starting evolution ----
IT	Nanotime	#Eval	#Species	Species size	PopSize	Best	Avg	Worst	Best GRN Size	Avg GRN size	Max GRN size	Min GRN size	Species avgdist2rep
0	645052727029441	997	1	(471:499[0.15],)	499	-148.15	-1058.4481362725453	-5001.0	10	10.06	15	8	(0.0832561290394915,)
1	645242767813715	1498	2	(471:457[0.16],472:44[0.15],)	501	-148.15	-914.453892215569	-5001.0	10	10.362	15	8	(0.06588165063418595,0.09187201245956338,)
2	645463788564939	2004	2	(471:99[0.15],472:403[0.16],)	502	-145.36	-1140.0561155378482	-5001.0	8	9.816	16	8	(0.060485236596575814,0.05864357831265067,)
3	645627116062468	2504	3	(471:163[0.16],472:239[0.15],476:100[0.15],)	502	-145.36	-733.456314741036	-5001.0	8	10.76	17	8	(0.08751751016760019,0.04941689744157054,0.08889603189280298,)
4	645791269783372	3004	4	(471:53[0.17],472:180[0.13999999999999999],476:242[0.16],477:28[0.15],)	503	-144.65	-732.040198807157	-5001.0	11	11.042	17	8	(0.06267570960217918,0.047239146405915325,0.05135531242382815,0.0649330424323373,)
5	645939265385376	3504	4	(471:121[0.18000000000000002],472:145[0.12999999999999998],476:43[0.15],477:195[0.16],)	504	-134.33	-666.8061111111111	-5001.0	10	10.568	15	8	(0.06863694512935001,0.06184320236521446,0.07636529155380525,0.050123546370622926,)
6	646105975413270	4015	4	(471:43[0.19000000000000003],472:148[0.11999999999999998],476:191[0.16],477:122[0.15],)	504	-134.33	-731.9284523809524	-5001.0	10	11.052	16	8	(0.07137717526175874,0.07895712438538113,0.06289030726798124,0.08240773461922853,)
7	646270169809243	4516	4	(471:107[0.20000000000000004],472:185[0.10999999999999999],476:183[0.15],477:29[0.16],)	504	-134.33	-740.0256349206348	-5001.0	10	10.698	16	8	(0.05740597397167726,0.06847074944110979,0.07489953272385823,0.07312920923272269,)
8	646468850036802	5016	4	(471:115[0.21000000000000005],472:186[0.09999999999999999],476:65[0.13999999999999999],477:138[0.17],)	504	-132.59	-941.7595238095239	-5001.0	10	10.446	17	8	(0.08252655894471748,0.06552164466037566,0.07983805688043734,0.09779318177664668,)
9	646668657266826	5516	4	(471:91[0.22000000000000006],472:110[0.09],476:96[0.15],477:207[0.16],)	504	-132.59	-937.7675198412697	-5001.0	10	10.77	17	8	(0.08330682248550066,0.05331585392427709,0.07774058438984512,0.08138892241143286,)
10	646890629006139	6020	4	(471:106[0.23000000000000007],472:91[0.09999999999999999],476:98[0.16],477:209[0.15],)	504	-132.59	-955.0031150793652	-5001.0	10	10.982	18	8	(0.09841321209926343,0.051674804674183825,0.07865978247136796,0.06846261099453847,)
11	647090105378567	6520	5	(471:138[0.24000000000000007],472:92[0.10999999999999999],476:144[0.17],477:113[0.13999999999999999],482:17[0.15],)	504	-132.59	-895.6611904761904	-5001.0	10	10.606	18	8	(0.09745118707797616,0.06414416439116315,0.10807698650628511,0.09808606706368704,0.08615673795334734,)
12	647284515571776	7033	4	(471:93[0.23000000000000007],472:187[0.11999999999999998],476:81[0.16],482:144[0.16],)	505	-132.11	-834.7807722772278	-5001.0	16	10.328	19	8	(0.08392795814925005,0.05247087827627434,0.06995112082804811,0.04073658932958775,)
13	647530163466891	7544	3	(471:120[0.24000000000000007],476:175[0.17],482:209[0.15],)	504	-132.11	-1050.9689682539686	-5001.0	16	11.03	17	8	(0.11594210358879825,0.06772853969199379,0.06382118213864663,)
14	647735664564767	8044	3	(471:143[0.25000000000000006],476:188[0.16],482:172[0.13999999999999999],)	503	-132.11	-892.8282703777335	-5001.0	16	11.266	18	8	(0.10529844398148942,0.08919221552034502,0.06438528867390567,)
15	647949149434179	8544	3	(471:145[0.26000000000000006],476:40[0.15],482:318[0.12999999999999998],)	503	-129.97	-919.4541550695824	-5001.0	11	11.322	19	8	(0.1505885742733381,0.12234554196722273,0.062004987714985964,)
16	648163553367508	9044	3	(471:168[0.2700000000000001],476:112[0.16],482:223[0.11999999999999998],)	503	-129.97	-838.6995228628231	-5001.0	11	11.854	18	8	(0.15110022405049353,0.13088671607996435,0.06730423348994954,)
17	648390558540584	9548	3	(471:224[0.26000000000000006],476:120[0.17],482:159[0.10999999999999999],)	503	-129.97	-845.2180119284293	-5001.0	11	12.098	18	8	(0.07946540767032326,0.09055820178108044,0.07657611960593087,)
18	648637959753362	10059	3	(471:129[0.25000000000000006],476:233[0.18000000000000002],482:141[0.11999999999999998],)	503	-129.97	-906.7535586481114	-5001.0	11	12.5	18	8	(0.12287319382454354,0.12291390292907049,0.09615394871399377,)
19	648856582395386	10562	3	(471:222[0.26000000000000006],476:71[0.17],482:210[0.12999999999999998],)	503	-129.97	-808.3982703777338	-5001.0	11	12.462	19	8	(0.0843278324229489,0.11079693127180915,0.07372779627538374,)
20	649075736969214	11065	3	(471:198[0.25000000000000006],476:88[0.18000000000000002],482:217[0.11999999999999998],)	503	-129.97	-805.8672365805166	-5001.0	11	12.422	20	8	(0.09096748286445255,0.08898639437270256,0.07393570979440549,)
21	649288331745627	11575	4	(471:116[0.24000000000000005],476:188[0.19000000000000003],482:181[0.10999999999999999],489:18[0.15],)	503	-129.97	-699.2220874751492	-5001.0	11	13.076	21	8	(0.12413339051808625,0.09753618039765248,0.07650677738204513,0.09104374346063615,)
22	649528583347636	12077	4	(471:146[0.25000000000000006],476:52[0.18000000000000002],482:59[0.09999999999999999],489:247[0.16],)	504	-129.23	-988.4214880952384	-5001.0	9	11.662	20	8	(0.0871342696585015,0.06972754476688182,0.05872686838278737,0.08441688938706697,)
23	649743211385330	12586	4	(471:135[0.24000000000000005],476:102[0.19000000000000003],482:147[0.10999999999999999],489:120[0.15],)	504	-128.19	-781.3042658730159	-5001.0	13	12.654	20	8	(0.0706156530844892,0.0664301646072218,0.05920424705860296,0.07186432259892674,)
24	649961545700319	13093	5	(471:71[0.23000000000000004],476:156[0.20000000000000004],482:97[0.09999999999999999],489:147[0.16],493:33[0.15],)	504	-128.19	-782.38125	-5001.0	13	12.154	20	8	(0.08111175510281993,0.07354375975704656,0.07521237732614967,0.08658326663727767,0.09636966359373987,)
25	650177074630721	13604	6	(471:73[0.24000000000000005],476:149[0.19000000000000003],482:133[0.10999999999999999],489:63[0.15],493:60[0.16],495:27[0.15],)	505	-128.19	-786.4154257425743	-5001.0	13	12.136	21	8	(0.07894257860511121,0.08573059075996621,0.06739291302440509,0.09070786315770096,0.10653920014923675,0.11438603673254875,)
26	650415646908996	14115	6	(471:73[0.25000000000000006],476:51[0.18000000000000002],482:110[0.09999999999999999],489:121[0.16],493:99[0.17],495:52[0.16],)	506	-128.19	-982.8978260869565	-5001.0	13	11.44	21	8	(0.10150965720318254,0.11210570591892627,0.0747417732644516,0.08981543948251,0.07365846790567755,0.07098052030247132,)
27	650642014786360	14623	5	(471:130[0.26000000000000006],482:57[0.09],489:46[0.15],493:67[0.16],495:206[0.17],)	506	-128.19	-991.0765415019765	-5001.0	13	11.228	22	8	(0.11147696636633045,0.07540958249412907,0.0920941826741374,0.09567952161514946,0.09945482031217517,)
28	650832428944050	15132	7	(471:125[0.25000000000000006],482:65[0.09999999999999999],489:44[0.16],493:28[0.17],495:201[0.16],500:15[0.15],501:27[0.15],)	505	-128.19	-869.2179009900991	-5001.0	13	10.722	22	8	(0.12893393080488252,0.05020990333283974,0.06328147585571635,0.12377260922148747,0.09927213568879227,0.06634827227100629,0.09864358315583095,)
29	651034044241015	15632	7	(471:35[0.24000000000000005],482:31[0.10999999999999999],489:86[0.17],493:123[0.18000000000000002],495:50[0.15],500:120[0.16],501:62[0.16],)	507	-128.19	-948.5471005917159	-5001.0	13	10.45	21	8	(0.08018093872570214,0.06095003995096304,0.07724423019846346,0.10100429527827229,0.10390870756610505,0.0613228485363291,0.0768118746096922,)
30	651251587432963	16138	7	(471:47[0.25000000000000006],482:153[0.11999999999999998],489:28[0.16],493:89[0.17],495:28[0.16],500:96[0.15],501:66[0.17],)	507	-128.19	-970.159980276134	-5001.0	13	11.65	22	8	(0.11626495179763761,0.08856870150286604,0.10680672052947544,0.0887128688245138,0.08828619335353369,0.09441061170212041,0.08414064649829721,)
31	651450666454226	16645	8	(471:19[0.26000000000000006],482:26[0.10999999999999999],489:114[0.17],493:24[0.16],495:21[0.17],500:49[0.13999999999999999],501:197[0.18000000000000002],503:57[0.15],)	507	-128.19	-834.2772583826433	-5001.0	13	11.294	22	8	(0.15945191948256396,0.08966511838220156,0.09792754178910396,0.1072609932624569,0.07441101648289991,0.06976607346372928,0.10361159976207271,0.09516326679628986,)
32	651659538550287	17145	10	(471:26[0.2700000000000001],482:91[0.11999999999999998],489:19[0.16],493:104[0.17],495:68[0.18000000000000002],500:34[0.15],501:83[0.17],503:19[0.16],505:35[0.15],506:29[0.15],)	508	-128.19	-959.5483661417323	-5001.0	13	11.028	21	8	(0.07006254055769937,0.07503123487380671,0.1026996266982326,0.09115593121049224,0.10152427338108282,0.09973293443240541,0.09895173771427276,0.08933700934819074,0.08242432528187768,0.093105096867656,)
33	651898203642342	17666	8	(471:41[0.2800000000000001],482:30[0.10999999999999999],489:32[0.17],495:102[0.17],500:140[0.16],501:49[0.16],505:74[0.16],506:42[0.16],)	510	-128.19	-1009.5871960784315	-5001.0	13	10.672	18	8	(0.1063160492350963,0.08218602727776064,0.06483563080993462,0.0675773317220237,0.09512436310976452,0.07609202134371323,0.09441537956174582,0.0777854434580653,)
34	652156665654418	18166	8	(471:90[0.2900000000000001],482:32[0.11999999999999998],489:90[0.18000000000000002],495:66[0.16],500:44[0.15],501:62[0.17],505:84[0.15],506:40[0.17],)	508	-128.19	-1134.0467125984248	-5001.0	13	10.622	18	8	(0.10880112384014598,0.09730199979538166,0.1276605247308532,0.06777231225044328,0.102411684864627,0.08477154757139736,0.1236594445766092,0.057549798428970275,)
35	652369873641601	18666	8	(471:60[0.2800000000000001],482:29[0.12999999999999998],489:26[0.17],495:65[0.15],500:36[0.16],501:103[0.16],505:82[0.13999999999999999],506:107[0.18000000000000002],)	508	-128.19	-873.0057086614173	-5001.0	13	11.362	19	8	(0.1056071874519424,0.08537494258192373,0.07871215837822453,0.09117002071407748,0.08549039567400732,0.08439074949801349,0.04548461258645079,0.0641313413315989,)
36	652572264255719	19166	8	(471:61[0.2900000000000001],482:19[0.13999999999999999],489:92[0.18000000000000002],495:75[0.13999999999999999],500:95[0.17],501:40[0.15],505:47[0.12999999999999998],506:79[0.17],)	508	-128.19	-893.3648031496064	-5001.0	13	11.278	20	8	(0.10528822485371171,0.10358369066480425,0.08838116674383359,0.08065944960467375,0.07683482100635959,0.10396737143075847,0.06237283645185699,0.07092531571567227,)
37	652776400177085	19676	7	(471:76[0.3000000000000001],482:66[0.15],489:21[0.17],500:79[0.16],501:23[0.16],505:126[0.13999999999999999],506:117[0.16],)	508	-128.19	-861.7146456692914	-5001.0	13	11.186	21	8	(0.1084073044868462,0.07763853014056298,0.10393673057270325,0.10086578905775984,0.12458065102947578,0.09044622896240136,0.10189305184800435,)
38	653018825077248	20194	7	(471:47[0.2900000000000001],482:78[0.16],489:73[0.18000000000000002],500:119[0.15],501:38[0.17],505:88[0.12999999999999998],506:64[0.15],)	507	-128.19	-1019.0879684418145	-5001.0	13	11.234	22	8	(0.12924687917317731,0.09485998584649578,0.1133122889846679,0.10363502484301147,0.08089925751827791,0.09016244934056905,0.08658555599249824,)
39	653232958682627	20704	7	(471:99[0.3000000000000001],482:54[0.15],489:48[0.17],500:29[0.13999999999999999],501:151[0.18000000000000002],505:42[0.11999999999999998],506:84[0.16],)	507	-128.19	-895.1075345167651	-5001.0	13	11.332	22	8	(0.12884193531963592,0.12490237700998427,0.10516736250453829,0.10476950604643159,0.11730284849784864,0.07886587534713309,0.11779393425971915,)
40	653489807260215	21208	7	(471:63[0.2900000000000001],482:114[0.16],489:100[0.18000000000000002],500:58[0.15],501:51[0.17],505:75[0.12999999999999998],506:46[0.15],)	507	-128.19	-1108.6636489151877	-5001.0	13	11.222	23	8	(0.14210724922354723,0.1019410763146867,0.08778146340481018,0.06123131071349454,0.08349333340936614,0.07188462666295882,0.1105804825306854,)
41	653720485416822	21724	6	(471:65[0.3000000000000001],482:70[0.15],489:135[0.17],500:112[0.16],501:70[0.18000000000000002],505:55[0.11999999999999998],)	507	-128.19	-1037.8284812623274	-5001.0	13	10.692	23	8	(0.10873959560153604,0.08874321200141799,0.11058211420783191,0.0649258369181407,0.11590763047182165,0.08253918510147609,)
42	653955586503058	22224	6	(471:87[0.3100000000000001],482:99[0.16],489:61[0.16],500:90[0.15],501:104[0.19000000000000003],505:65[0.12999999999999998],)	506	-128.19	-1064.338814229249	-5001.0	13	10.796	23	8	(0.12017943359023181,0.1083783930823085,0.11048303812574373,0.08405036792360696,0.1030058692847863,0.08084912846587121,)
43	654193242669343	22738	7	(471:41[0.3000000000000001],482:32[0.15],489:99[0.17],500:111[0.13999999999999999],501:51[0.18000000000000002],505:118[0.13999999999999999],512:54[0.15],)	506	-128.19	-1062.1583992094863	-5001.0	13	10.634	20	8	(0.15522407148525122,0.0879821203748318,0.11555424240573244,0.08481513330079721,0.12894208902352003,0.09554703334627423,0.08716655970523968,)
44	654452685565210	23239	8	(471:72[0.3100000000000001],482:48[0.16],489:58[0.16],500:56[0.12999999999999998],501:128[0.19000000000000003],505:68[0.12999999999999998],512:61[0.16],515:16[0.15],)	507	-128.19	-1103.6492504930968	-5001.0	13	10.868	20	8	(0.12545814657200766,0.09027944798356347,0.10528761443191288,0.07578689382951213,0.10422293050979678,0.08054748104798791,0.10105171244002528,0.1070107779250009,)
45	654662606109375	23746	8	(471:60[0.3000000000000001],482:111[0.17],489:78[0.17],500:71[0.13999999999999999],501:90[0.18000000000000002],505:25[0.11999999999999998],512:41[0.17],515:32[0.16],)	508	-127.75	-856.3902952755906	-5001.0	16	11.258	21	8	(0.14512715395608403,0.07461562320677166,0.08963892866999922,0.10431817143080614,0.10823040235249497,0.09867886960034795,0.07391965287639088,0.10909077912411017,)
46	654864119796703	24246	8	(471:46[0.3100000000000001],482:73[0.16],489:77[0.16],500:65[0.12999999999999998],501:48[0.17],505:66[0.12999999999999998],512:84[0.18000000000000002],515:49[0.17],)	508	-127.75	-845.0406692913386	-5001.0	16	11.642	21	8	(0.12507038206933563,0.09887761399021881,0.11344599462212418,0.0653089812772003,0.101157218193547,0.06799762771415477,0.06680214549863099,0.12292462237773633,)
47	655104094978369	24763	9	(471:49[0.3200000000000001],482:56[0.15],489:33[0.15],500:90[0.11999999999999998],501:35[0.18000000000000002],505:69[0.11999999999999998],512:78[0.17],515:75[0.18000000000000002],517:23[0.15],)	508	-127.75	-910.1431299212597	-5001.0	16	11.666	21	8	(0.16249841507490775,0.0710794828180964,0.10676027113592368,0.061537608505401686,0.12718673830013108,0.08261157169455005,0.10470321534124065,0.08818597756945827,0.086518634875697,)
48	655314838258640	25273	8	(471:17[0.3300000000000001],482:76[0.13999999999999999],489:40[0.16],500:51[0.10999999999999999],501:153[0.19000000000000003],512:88[0.16],515:23[0.17],517:61[0.16],)	509	-127.75	-800.3416895874266	-5001.0	16	12.01	22	8	(0.09536579193752676,0.06273432834929143,0.08434052980551472,0.06124936367155842,0.09609327403497726,0.08641170357282782,0.1147416909172993,0.08013934295162874,)
49	655540089020599	25773	8	(471:124[0.34000000000000014],482:45[0.12999999999999998],489:79[0.17],500:113[0.11999999999999998],501:35[0.18000000000000002],512:31[0.15],515:28[0.18000000000000002],517:53[0.17],)	508	-127.75	-959.1953346456695	-5001.0	16	11.206	22	8	(0.12222795852299459,0.07016094440894016,0.0736641371459378,0.07390594253891768,0.09729807269098152,0.09705790627347799,0.04366442855194637,0.10421313515703935,)
50	655768233305412	26275	8	(471:53[0.3300000000000001],482:39[0.13999999999999999],489:43[0.16],500:79[0.10999999999999999],501:128[0.19000000000000003],512:43[0.16],515:50[0.19000000000000003],517:73[0.18000000000000002],)	508	-127.75	-919.7162204724409	-5001.0	16	12.192	22	8	(0.10874735543572978,0.06423496964688581,0.07342837745885858,0.05031383860647122,0.084197984203376,0.07589435723577943,0.07100624294866992,0.09562487401816429,)
51	655975494517268	26779	8	(471:76[0.34000000000000014],482:17[0.15],489:105[0.17],500:64[0.09999999999999999],512:94[0.17],515:57[0.20000000000000004],517:68[0.17],521:27[0.15],)	508	-127.75	-817.4802362204724	-5001.0	16	12.306	23	8	(0.17932443322527206,0.032650886764905365,0.06222575732566471,0.05803456240460329,0.11057515247555597,0.039644498049503096,0.11070463738822231,0.10325798251402452,)
52	656174402787189	27279	8	(471:77[0.3300000000000001],482:29[0.16],489:48[0.16],500:74[0.09],512:22[0.16],515:42[0.21000000000000005],517:109[0.16],521:107[0.16],)	508	-127.75	-831.96468503937	-5001.0	16	11.696	24	8	(0.160729576972747,0.057753571691486545,0.05425069313971082,0.05492245194125313,0.08584000336514425,0.07166491682548595,0.11273987715666797,0.06106781934074222,)
53	656392038908704	27787	8	(471:91[0.3200000000000001],482:60[0.17],489:49[0.17],500:29[0.08],512:108[0.17],517:90[0.15],521:61[0.15],522:20[0.15],)	508	-127.75	-789.846338582677	-5001.0	16	12.526	24	8	(0.18125591000474056,0.04481440469300533,0.03364514159773131,0.06866478149861999,0.06943393995441267,0.10182235162787752,0.083413909359248,0.1171824225059747,)
54	656597744260132	28292	10	(471:51[0.3100000000000001],482:41[0.18000000000000002],489:37[0.18000000000000002],500:82[0.09],512:46[0.16],517:33[0.13999999999999999],521:79[0.16],522:53[0.16],523:62[0.15],524:24[0.15],)	508	-126.65	-798.9206496062991	-5001.0	15	11.514	22	8	(0.1978100979923299,0.04573995198533613,0.06694029094762599,0.047092624232984534,0.10661743462673588,0.09060388449860872,0.08525186627192541,0.11791996116501083,0.10621357535958356,0.11034819084346616,)
55	656832157326629	28800	10	(471:45[0.3000000000000001],482:80[0.19000000000000003],489:64[0.19000000000000003],500:54[0.08],512:16[0.17],517:88[0.15],521:54[0.15],522:19[0.15],523:68[0.13999999999999999],524:22[0.16],)	510	-126.65	-873.2772941176471	-5001.0	15	12.246	21	8	(0.1813309066651174,0.049574001492113065,0.07898779590747469,0.05576621374152136,0.1295100506973929,0.06164006714015706,0.09251814383529328,0.055661546554839486,0.06682397620622385,0.09873170200337072,)
56	657048906748881	29310	11	(471:33[0.3100000000000001],482:57[0.18000000000000002],489:60[0.18000000000000002],500:22[0.07],512:25[0.18000000000000002],517:51[0.13999999999999999],522:54[0.16],523:113[0.12999999999999998],524:51[0.17],529:26[0.15],530:18[0.15],)	510	-126.65	-975.712450980392	-5001.0	15	11.038	20	8	(0.19222302136994657,0.05200967512037551,0.09328710496664577,0.047878513217865716,0.06259070654779814,0.09384708040635038,0.05752586775197087,0.08213542502450744,0.09226596447774967,0.11589538991085882,0.05715418275573409,)
57	657386178025183	29810	11	(471:20[0.3200000000000001],482:41[0.17],489:97[0.17],500:38[0.08],512:26[0.19000000000000003],517:15[0.12999999999999998],522:39[0.15],523:45[0.11999999999999998],524:55[0.16],529:31[0.16],530:104[0.16],)	511	-126.65	-1749.9352837573383	-5001.0	15	10.33	21	8	(0.15258731143187307,0.11441605154545978,0.0788517527802066,0.04559613397821365,0.08519852779025688,0.10053350748629945,0.06845627873629803,0.09257293380552864,0.05540539295743996,0.10313808187635222,0.05899066069650456,)
58	657699034078706	30323	10	(471:51[0.3300000000000001],482:22[0.18000000000000002],489:55[0.16],512:53[0.20000000000000004],517:19[0.13999999999999999],522:67[0.16],523:115[0.10999999999999999],524:53[0.15],529:29[0.17],530:47[0.15],)	511	-126.65	-1520.030469667319	-5001.0	15	10.506	22	8	(0.1444564934654523,0.1165033972698058,0.05752642879784448,0.0756994938125299,0.08014300597404192,0.07372465026019971,0.047956482225604065,0.09936341225155247,0.10956039179719225,0.04243609572554556,)
59	658106990569788	30823	10	(471:29[0.3200000000000001],482:24[0.19000000000000003],489:181[0.15],512:39[0.19000000000000003],517:41[0.15],522:46[0.15],523:18[0.09999999999999999],524:24[0.13999999999999999],529:29[0.18000000000000002],530:79[0.16],)	510	-126.65	-2139.225529411765	-5001.0	15	10.572	23	8	(0.1593288372235889,0.14817693679736335,0.061834653481169156,0.09240227263495168,0.06268958672678968,0.0795260490496121,0.06565185517104308,0.09477502525067598,0.1296847642467007,0.06359037757570692,)
60	658451122692622	31323	10	(471:43[0.3300000000000001],482:29[0.20000000000000004],489:135[0.13999999999999999],512:31[0.20000000000000004],517:43[0.16],522:24[0.16],523:23[0.10999999999999999],524:18[0.15],529:59[0.19000000000000003],530:105[0.15],)	510	-126.65	-1716.193392156863	-5001.0	15	10.42	23	8	(0.07941848674491953,0.09274231468123106,0.0739613692029727,0.08815776932128129,0.05052685279781603,0.0884169336452068,0.050959940031179804,0.07787559874637769,0.09394746629747652,0.05853953831213213,)
61	658783822902285	31823	11	(471:31[0.34000000000000014],482:21[0.21000000000000005],489:51[0.12999999999999998],512:34[0.21000000000000005],517:44[0.17],522:20[0.17],523:41[0.11999999999999998],524:50[0.16],529:58[0.18000000000000002],530:134[0.13999999999999999],531:26[0.15],)	510	-126.65	-1652.7016666666666	-5001.0	15	10.822	24	8	(0.0950469522154836,0.07875042498632753,0.07528833518987747,0.05675631174324886,0.0815180653051105,0.11399218379641456,0.050562656039208766,0.08893185233422338,0.1290655813191364,0.07015977106223466,0.0909290018449267,)
62	659039621138402	32344	9	(471:86[0.35000000000000014],482:41[0.22000000000000006],489:45[0.11999999999999998],512:38[0.22000000000000006],517:28[0.18000000000000002],522:95[0.18000000000000002],523:45[0.12999999999999998],530:87[0.12999999999999998],531:46[0.16],)	511	-126.65	-1194.7896673189823	-5001.0	15	10.66	22	8	(0.1522122161146489,0.09824877855645991,0.07245171444133452,0.08310518277064977,0.09541245998116953,0.10175968042632154,0.09227695721718174,0.06817298494473154,0.04120397420563718,)
63	659266482921266	32844	9	(471:20[0.34000000000000014],482:26[0.23000000000000007],489:28[0.12999999999999998],512:78[0.23000000000000007],517:77[0.19000000000000003],522:91[0.17],523:81[0.13999999999999999],530:65[0.11999999999999998],531:43[0.17],)	509	-126.65	-957.6739096267191	-5001.0	15	10.76	23	8	(0.20321830840162888,0.10929696917496332,0.05603351077448735,0.10215249042350803,0.08297783581432688,0.10421260457027405,0.08273321175905707,0.06115442998132481,0.05447091116908336,)
64	659499114536756	33344	9	(471:36[0.35000000000000014],482:109[0.24000000000000007],489:44[0.13999999999999999],512:37[0.22000000000000006],517:115[0.18000000000000002],522:26[0.16],523:90[0.12999999999999998],530:31[0.10999999999999999],531:21[0.18000000000000002],)	509	-126.65	-854.5570333988212	-5001.0	15	11.242	23	8	(0.1767258364634419,0.1437375646681427,0.10657412484561403,0.12985857345366714,0.10334668676390722,0.11944018784701996,0.08528482863088614,0.07382322386050337,0.05585398868491243,)
65	659694562257721	33844	9	(471:76[0.36000000000000015],482:56[0.23000000000000007],489:75[0.15],512:60[0.23000000000000007],517:69[0.17],522:44[0.17],523:63[0.11999999999999998],530:31[0.11999999999999998],531:35[0.19000000000000003],)	509	-126.65	-895.3033791748527	-5001.0	15	10.778	24	8	(0.13038586108717967,0.08927897571234704,0.07865758345198769,0.12179045763021341,0.10878615425895068,0.0874756585787407,0.08557702894590749,0.09233007764729999,0.11227235009738927,)
66	659902809818384	34357	8	(471:72[0.35000000000000014],482:32[0.22000000000000006],512:43[0.22000000000000006],517:48[0.16],522:100[0.18000000000000002],523:25[0.10999999999999999],530:95[0.12999999999999998],531:94[0.20000000000000004],)	509	-126.65	-916.5388408644402	-5001.0	15	10.61	25	8	(0.15634234801754654,0.07145877925477971,0.12174586906329525,0.10619006362969173,0.06855761688726959,0.0821647992996017,0.08275905920746475,0.0843817015120843,)
67	660081917849095	34863	8	(471:36[0.34000000000000014],482:56[0.23000000000000007],512:44[0.23000000000000007],517:69[0.17],522:121[0.17],523:51[0.11999999999999998],530:67[0.11999999999999998],531:64[0.19000000000000003],)	508	-126.15	-740.7778937007872	-5001.0	15	11.394	25	8	(0.10260481768158358,0.05491440660115103,0.11004241161769875,0.11133094578765326,0.06986102982858547,0.07722749411398966,0.07972329125723128,0.10102999504411417,)
68	660278402708498	35363	8	(471:91[0.35000000000000014],482:80[0.24000000000000007],512:53[0.24000000000000007],517:24[0.16],522:98[0.16],523:17[0.12999999999999998],530:70[0.10999999999999999],531:75[0.18000000000000002],)	508	-126.15	-794.8051574803152	-5001.0	15	11.676	25	8	(0.14365595518152952,0.05689617493071679,0.11473564822393828,0.1041501785119233,0.09109666477772217,0.08226813541293282,0.08279505158658683,0.13050548420614316,)
69	660525938355603	35863	8	(471:31[0.34000000000000014],482:73[0.23000000000000007],512:24[0.25000000000000006],517:86[0.17],522:43[0.15],523:127[0.13999999999999999],530:73[0.09999999999999999],531:51[0.17],)	508	-126.15	-1006.7251968503939	-5001.0	15	11.588	25	8	(0.17464554004901128,0.14195158003916522,0.11054981775867657,0.05965361391046551,0.10218807216673319,0.0865000298748183,0.07058283264888937,0.08045346677193597,)
70	660732807056139	36363	8	(471:75[0.35000000000000014],482:64[0.22000000000000006],512:104[0.26000000000000006],517:62[0.16],522:81[0.16],523:53[0.12999999999999998],530:28[0.09],531:41[0.18000000000000002],)	508	-126.15	-825.5856496062994	-5001.0	15	11.668	26	8	(0.12576204312693343,0.08491312866335539,0.13287975470085742,0.09526077675086048,0.11101441428936086,0.09445855141490314,0.07673959377035643,0.08730969724311838,)
71	660919237262343	36863	8	(471:52[0.34000000000000014],482:80[0.21000000000000005],512:105[0.25000000000000006],517:38[0.15],522:95[0.15],523:45[0.13999999999999999],530:66[0.09999999999999999],531:27[0.19000000000000003],)	508	-126.15	-752.1290157480314	-5001.0	15	11.664	27	8	(0.11765203415591899,0.0640488985392618,0.08321213504535423,0.07883570630531091,0.08194461568222203,0.07314839118793717,0.06220267450413165,0.15432775584005118,)
72	661124058046134	37363	8	(471:41[0.35000000000000014],482:69[0.20000000000000004],512:39[0.24000000000000005],517:41[0.16],522:141[0.13999999999999999],523:20[0.15],530:101[0.09],531:56[0.20000000000000004],)	508	-126.15	-836.2597637795275	-5001.0	15	11.576	27	8	(0.11161261011673615,0.08181301012325112,0.15385803023263916,0.09793614146483216,0.0873543907918767,0.1157338517242229,0.0754634038430231,0.10764968826008578,)
73	661329105660399	37863	8	(471:80[0.36000000000000015],482:80[0.19000000000000003],512:84[0.25000000000000006],517:51[0.17],522:58[0.12999999999999998],523:73[0.16],530:59[0.08],531:23[0.21000000000000005],)	508	-126.15	-799.3825984251968	-5001.0	15	11.606	27	8	(0.10396739776566773,0.05472280758557848,0.09065708274334064,0.11128107296388128,0.08020233484990408,0.09885559268448917,0.05281406850632791,0.16330570970845135,)
74	661537426390720	38372	8	(471:23[0.35000000000000014],482:68[0.18000000000000002],512:124[0.24000000000000005],517:37[0.18000000000000002],522:76[0.13999999999999999],523:57[0.15],530:78[0.09],531:45[0.22000000000000006],)	508	-126.15	-773.8882874015748	-5001.0	15	11.496	23	8	(0.1786924841274804,0.06405147481495191,0.12980009012058624,0.09264858273196083,0.08482482901314013,0.06699903552290153,0.06871439277957811,0.04849650322177489,)
75	661754779145098	38872	8	(471:74[0.36000000000000015],482:80[0.17],512:109[0.23000000000000004],517:28[0.19000000000000003],522:117[0.12999999999999998],523:48[0.16],530:17[0.08],531:35[0.23000000000000007],)	508	-126.15	-866.4928543307085	-5001.0	15	11.934	24	8	(0.05682651467773736,0.10169298207827593,0.08179254957547408,0.13611595988487105,0.08271940082605149,0.05049492399312274,0.054734122175886656,0.07555748603679187,)
76	661958228649340	39378	7	(471:38[0.35000000000000014],482:73[0.16],512:122[0.22000000000000003],522:76[0.11999999999999998],523:62[0.17],530:110[0.09],531:27[0.24000000000000007],)	508	-125.56	-816.2060826771652	-5001.0	13	11.728	25	8	(0.12507616351077422,0.0748656904285128,0.10996528810022159,0.07931673514382502,0.05796733220912898,0.04566644432908204,0.033945929008252974,)
77	662196450031948	39878	7	(471:44[0.36000000000000015],482:70[0.15],512:93[0.21000000000000002],522:134[0.10999999999999999],523:80[0.18000000000000002],530:39[0.08],531:47[0.25000000000000006],)	507	-125.56	-896.5869428007887	-5001.0	13	12.092	26	8	(0.23323783787440025,0.06394292314928274,0.1384487875399751,0.08108538305058786,0.10448931135072652,0.05144511009235733,0.16348281587162578,)
78	662389075186454	40378	7	(471:194[0.37000000000000016],482:82[0.16],512:18[0.2],522:75[0.09999999999999999],523:37[0.17],530:58[0.09],531:43[0.26000000000000006],)	507	-125.56	-765.0959763313607	-5001.0	13	11.262	23	8	(0.11611236650111846,0.0832716027877438,0.10197763337374441,0.06829579059669531,0.10290243040376894,0.053074221129445764,0.09113863655218336,)
79	662635882110120	40878	7	(471:47[0.36000000000000015],482:90[0.15],512:38[0.21000000000000002],522:41[0.09],523:59[0.18000000000000002],530:122[0.09999999999999999],531:110[0.2700000000000001],)	507	-125.56	-941.3954043392506	-5001.0	13	11.934	24	8	(0.07891252340511362,0.0608465354356112,0.09397428142233345,0.06990225549799023,0.08294055325364463,0.054174088071648537,0.08238717569861313,)
80	662845731669512	41378	7	(471:54[0.37000000000000016],482:83[0.13999999999999999],512:54[0.22000000000000003],522:69[0.09999999999999999],523:98[0.19000000000000003],530:103[0.09],531:46[0.26000000000000006],)	507	-125.56	-753.306942800789	-5001.0	13	12.428	25	8	(0.0924060711819825,0.05195951138720268,0.09581337919909486,0.06446057398888877,0.08126495780300544,0.05235774251176607,0.11797492252435904,)
81	663033148751684	41878	7	(471:49[0.38000000000000017],482:98[0.12999999999999998],512:45[0.23000000000000004],522:106[0.10999999999999999],523:97[0.18000000000000002],530:79[0.08],531:33[0.2700000000000001],)	507	-125.56	-662.8015581854044	-5001.0	13	12.846	25	8	(0.11643456858066507,0.06686532731034896,0.07732279029167172,0.05720186481221615,0.11779231930343767,0.053089339504236714,0.13609835554099137,)
82	663207840556390	42378	7	(471:108[0.3900000000000002],482:74[0.11999999999999998],512:65[0.24000000000000005],522:109[0.09999999999999999],523:63[0.17],530:41[0.07],531:47[0.2800000000000001],)	507	-125.56	-632.9632938856016	-5001.0	13	13.11	26	8	(0.07773457358318403,0.06669767001810652,0.05898867086289552,0.05707822723958362,0.08819103050320376,0.05760136797883052,0.13201842974799122,)
83	663417935042433	42878	7	(471:33[0.38000000000000017],482:67[0.10999999999999999],512:103[0.25000000000000006],522:21[0.09],523:128[0.18000000000000002],530:96[0.08],531:59[0.2900000000000001],)	507	-125.56	-794.5017357001973	-5001.0	13	12.616	27	8	(0.10203035247012202,0.06320163835543462,0.09948780333896982,0.06448141975483428,0.0932464868018216,0.053337901189602244,0.08227094363624315,)
84	663662952496713	43378	7	(471:82[0.3900000000000002],482:100[0.11999999999999998],512:50[0.24000000000000005],522:27[0.09999999999999999],523:107[0.17],530:74[0.07],531:67[0.3000000000000001],)	507	-125.56	-870.8354240631163	-5001.0	13	12.822	26	8	(0.12031993469918273,0.06391363772320985,0.13610216092459987,0.05920783967974058,0.10848565843795292,0.05039480496816655,0.11509336010002119,)
85	663876939219684	43878	7	(471:27[0.38000000000000017],482:101[0.10999999999999999],512:92[0.25000000000000006],522:17[0.10999999999999999],523:62[0.16],530:68[0.060000000000000005],531:140[0.3100000000000001],)	507	-125.56	-709.1238264299803	-5001.0	13	13.144	26	8	(0.10239815341226635,0.0747961713871381,0.11114543281240542,0.07539421701037981,0.10594013465403915,0.03747216238923968,0.11234631497506826,)
86	664164421622560	44378	7	(471:33[0.3900000000000002],482:98[0.09999999999999999],512:84[0.24000000000000005],522:89[0.11999999999999998],523:75[0.17],530:81[0.07],531:47[0.3000000000000001],)	507	-125.56	-909.7062130177515	-5001.0	13	13.236	25	8	(0.10464276552455447,0.060914741853783066,0.09095749626451204,0.08741449444066066,0.11318435367763895,0.04171467439767303,0.09560317786478166,)
87	664368810076757	44878	7	(471:72[0.4000000000000002],482:90[0.09],512:136[0.23000000000000004],522:79[0.10999999999999999],523:43[0.16],530:51[0.060000000000000005],531:36[0.3100000000000001],)	507	-125.56	-656.7517357001973	-5001.0	13	13.07	26	8	(0.10655945499562108,0.06604970258235236,0.1341422688838252,0.06645077529660169,0.10650068191909151,0.031564088840110166,0.13311078244737135,)
88	664589307629245	45378	7	(471:38[0.3900000000000002],482:96[0.08],512:31[0.22000000000000003],522:64[0.09999999999999999],523:130[0.17],530:82[0.07],531:66[0.3200000000000001],)	507	-125.56	-749.8072583826429	-5001.0	13	12.954	25	8	(0.14573624653359074,0.05714942789182376,0.14015853121275149,0.07152178096862996,0.10284127613153644,0.037719030587525744,0.09915091628126273,)
89	664800993405103	45878	7	(471:24[0.4000000000000002],482:33[0.07],512:72[0.23000000000000004],522:93[0.10999999999999999],523:143[0.16],530:59[0.060000000000000005],531:83[0.3300000000000001],)	507	-125.56	-732.7283037475345	-5001.0	13	12.834	26	8	(0.13210430889559724,0.04560891206859011,0.09202360684655313,0.0774296498508681,0.10452118263923947,0.0393407661768095,0.1150926277274348,)
90	665069223534231	46378	7	(471:81[0.4100000000000002],482:87[0.08],512:98[0.22000000000000003],522:56[0.09999999999999999],523:95[0.15],530:43[0.07],531:47[0.3200000000000001],)	507	-125.56	-814.8460552268243	-5001.0	13	13.302	27	8	(0.13348262392708724,0.05183663349282958,0.09703990403066017,0.05774846602478723,0.11369920228262591,0.046151773351055976,0.13848696981463254,)
91	665294181116118	46878	7	(471:65[0.4000000000000002],482:23[0.07],512:153[0.21000000000000002],522:65[0.10999999999999999],523:48[0.13999999999999999],530:36[0.08],531:117[0.3300000000000001],)	507	-125.56	-755.4482840236687	-5001.0	13	13.658	28	8	(0.10638939248153927,0.044821645922419134,0.07811606122342522,0.05010567853656952,0.08972790067450043,0.053234162976945436,0.16410622315360615,)
92	665566596097645	47378	7	(471:26[0.4100000000000002],482:79[0.08],512:65[0.2],522:69[0.11999999999999998],523:153[0.15],530:51[0.09],531:64[0.3200000000000001],)	507	-125.56	-963.5968441814597	-5001.0	13	12.978	27	8	(0.17674657032422925,0.04092838644359413,0.1629925188311461,0.0804307703887867,0.10290239033506367,0.06210745389724295,0.16140372647763662,)
93	665860501058736	47878	7	(471:65[0.4200000000000002],482:74[0.07],512:177[0.21000000000000002],522:17[0.12999999999999998],523:43[0.13999999999999999],530:62[0.09999999999999999],531:69[0.3300000000000001],)	507	-125.56	-1014.9664891518735	-5001.0	13	12.494	27	8	(0.17280025619571457,0.030580638427201847,0.09147685055733938,0.07334477087523242,0.10616093391066309,0.07570793604166338,0.1647277373438192,)
94	666136002745885	48378	7	(471:17[0.4300000000000002],482:59[0.060000000000000005],512:106[0.2],522:216[0.13999999999999999],523:33[0.15],530:31[0.10999999999999999],531:45[0.34000000000000014],)	507	-125.56	-1222.5291124260361	-5001.0	13	11.596	27	8	(0.21297026328085564,0.029497093634100892,0.13091923940108302,0.09055814148537523,0.07228412516149288,0.09358640442146839,0.15169932829371566,)
95	666368778782564	48878	7	(471:84[0.4400000000000002],482:46[0.07],512:78[0.19],522:88[0.12999999999999998],523:77[0.16],530:82[0.11999999999999998],531:52[0.35000000000000014],)	507	-125.56	-986.1734911242604	-5001.0	13	11.602	27	8	(0.16911751016979812,0.04590655489747424,0.1341168915757704,0.09504536280154122,0.11135061448375909,0.04627683310406997,0.15791492369551505,)
96	666582300053988	49378	7	(471:123[0.4300000000000002],482:101[0.08],512:18[0.18],522:108[0.11999999999999998],523:36[0.15],530:56[0.10999999999999999],531:65[0.36000000000000015],)	507	-125.56	-819.756134122288	-5001.0	13	11.934	28	8	(0.11177701766307559,0.04364395834286268,0.11101883068352952,0.08179891063397558,0.11781660783016881,0.0557148985331607,0.19399356940087503,)
97	666835723129017	49878	7	(471:57[0.4200000000000002],482:32[0.07],512:157[0.19],522:32[0.10999999999999999],523:102[0.16],530:112[0.11999999999999998],531:15[0.37000000000000016],)	507	-125.56	-951.1504930966469	-5001.0	13	11.88	26	8	(0.21473530122382828,0.047717088187545,0.10147956766176731,0.09049228284918197,0.11899767345648797,0.07504286135992715,0.13946094895724012,)
98	667056561561424	50378	7	(471:107[0.4300000000000002],482:113[0.08],512:63[0.18],522:85[0.11999999999999998],523:66[0.15],530:23[0.10999999999999999],531:50[0.38000000000000017],)	507	-125.56	-799.9744773175544	-5001.0	13	12.114	27	8	(0.1282493143770892,0.046562974510990146,0.08642930043618292,0.07384318259564909,0.11757133613471192,0.0734809958140053,0.11381395253826422,)
99	667261767126953	50878	7	(471:56[0.4200000000000002],482:103[0.07],512:60[0.19],522:52[0.10999999999999999],523:118[0.16],530:71[0.11999999999999998],531:47[0.3900000000000002],)	507	-125.56	-750.8642209072979	-5001.0	13	12.474	26	8	(0.140783440695533,0.0430289845235668,0.10316684906178268,0.08002737767146353,0.11058869932420677,0.08742551728529903,0.10771189017440579,)
100	667473629694643	51378	7	(471:160[0.4300000000000002],482:25[0.060000000000000005],512:29[0.2],522:54[0.11999999999999998],523:128[0.15],530:67[0.10999999999999999],531:44[0.4000000000000002],)	507	-125.56	-837.5576528599605	-5001.0	13	12.298	27	8	(0.12889586048866766,0.04429329259904344,0.12699693171998117,0.0863719310720125,0.09812808003117142,0.07827890634750442,0.11724726238959658,)
101	667686925620774	51878	7	(471:63[0.4200000000000002],482:92[0.07],512:92[0.21000000000000002],522:110[0.12999999999999998],523:18[0.13999999999999999],530:57[0.11999999999999998],531:75[0.4100000000000002],)	507	-125.56	-883.1774753451676	-5001.0	13	11.754	28	8	(0.14307114203165874,0.0376614093031606,0.12379330812980945,0.08671909468033304,0.11777468313513714,0.0880011323443852,0.13704496970636987,)
102	667902555214341	52378	7	(471:26[0.4300000000000002],482:28[0.060000000000000005],512:123[0.2],522:65[0.11999999999999998],523:97[0.15],530:113[0.12999999999999998],531:55[0.4000000000000002],)	507	-125.56	-801.4319921104536	-5001.0	13	11.956	29	8	(0.238166782644345,0.05046086122313355,0.1390257469692266,0.09260909911394019,0.09083807534637188,0.09847578741600217,0.15711443081229315,)
103	668161953235205	52878	7	(471:64[0.4400000000000002],482:32[0.07],512:140[0.19],522:26[0.12999999999999998],523:98[0.13999999999999999],530:105[0.11999999999999998],531:42[0.4100000000000002],)	507	-125.56	-920.9822287968442	-5001.0	13	12.216	29	8	(0.19662858924843377,0.05289270348033172,0.1531393513788408,0.09324013913893194,0.09121436994983526,0.09761645040018288,0.10895229516510603,)
104	668375094139258	53378	7	(471:112[0.45000000000000023],482:27[0.08],512:110[0.18],522:98[0.13999999999999999],523:19[0.12999999999999998],530:71[0.10999999999999999],531:70[0.4200000000000002],)	507	-125.56	-815.8519132149902	-5001.0	13	11.898	24	8	(0.11361506840675493,0.06245382625105697,0.0750081906160554,0.08281764325510503,0.09925886821934253,0.06819828508215525,0.11905835005923733,)
105	668580499091634	53878	7	(471:90[0.4400000000000002],482:68[0.09],512:42[0.16999999999999998],522:75[0.12999999999999998],523:160[0.13999999999999999],530:35[0.09999999999999999],531:37[0.4300000000000002],)	507	-125.56	-857.3357790927022	-5001.0	13	11.502	21	8	(0.12713278884950555,0.052338416900621555,0.0544099045102239,0.08461895841612445,0.1058318646164234,0.07088861796311788,0.11364393290248472,)
106	668769154940973	54378	7	(471:87[0.4300000000000002],482:101[0.09999999999999999],512:31[0.18],522:141[0.11999999999999998],523:38[0.12999999999999998],530:50[0.10999999999999999],531:59[0.4400000000000002],)	507	-125.56	-761.1554240631165	-5001.0	13	11.614	21	8	(0.1251405535854183,0.06464277121605225,0.10226397464982294,0.093128906285709,0.07413661158514169,0.07059393698975362,0.07258138398685304,)
107	668999265564532	54878	7	(471:48[0.4200000000000002],482:36[0.09],512:104[0.19],522:21[0.10999999999999999],523:118[0.13999999999999999],530:132[0.11999999999999998],531:48[0.45000000000000023],)	507	-125.56	-1002.6864299802763	-5001.0	13	11.218	20	8	(0.1536492083528191,0.06450414791513097,0.11906398294732574,0.0919415413030555,0.07117508875008702,0.082816500226005,0.09000086709552689,)
108	669216588429179	55378	7	(471:67[0.4300000000000002],482:25[0.09999999999999999],512:87[0.18],522:191[0.11999999999999998],523:27[0.12999999999999998],530:71[0.10999999999999999],531:39[0.46000000000000024],)	507	-125.56	-952.8645956607493	-5001.0	13	11.302	21	8	(0.1650243153963862,0.0607053303373085,0.09608250693017609,0.07730257605173185,0.08319833093778059,0.07383223734849587,0.08764872430732507,)
109	669441509124170	55878	7	(471:46[0.4400000000000002],482:62[0.10999999999999999],512:21[0.16999999999999998],522:18[0.10999999999999999],523:87[0.13999999999999999],530:40[0.09999999999999999],531:233[0.47000000000000025],)	507	-125.56	-868.8674950690335	-5001.0	13	12.132	21	8	(0.08769080367427402,0.06615380417931373,0.09850348218438623,0.07893203018565076,0.09985214629239336,0.06912914606620366,0.14008777654025492,)
110	669642256919282	56378	7	(471:162[0.45000000000000023],482:50[0.11999999999999998],512:98[0.18],522:71[0.11999999999999998],523:20[0.12999999999999998],530:65[0.10999999999999999],531:41[0.46000000000000024],)	507	-125.56	-794.4197830374754	-5001.0	13	11.864	21	8	(0.16585541141913523,0.08892547603086111,0.14803670815900294,0.08636936772463226,0.08573099102929636,0.0885310327143746,0.17749988248370405,)
111	669861334718276	56878	7	(471:81[0.4400000000000002],482:60[0.12999999999999998],512:15[0.16999999999999998],522:129[0.10999999999999999],523:43[0.13999999999999999],530:73[0.11999999999999998],531:106[0.47000000000000025],)	507	-125.56	-800.2402169625244	-5001.0	13	12.44	22	8	(0.1317183458066074,0.09594117246448014,0.11716997983164462,0.08379670364265053,0.08796972681964807,0.0875376191485177,0.1625984487854595,)
112	670097220975076	57378	7	(471:113[0.4300000000000002],482:94[0.13999999999999999],512:50[0.18],522:41[0.09999999999999999],523:146[0.15],530:21[0.10999999999999999],531:42[0.46000000000000024],)	507	-125.56	-901.5041025641025	-5001.0	13	12.378	23	8	(0.15989322450389853,0.0893684728261666,0.12225481859465362,0.07789506797640006,0.10882239114531764,0.09523617773187099,0.13717624706659284,)
113	670287645396873	57878	7	(471:17[0.4200000000000002],482:39[0.12999999999999998],512:214[0.19],522:57[0.10999999999999999],523:46[0.13999999999999999],530:29[0.11999999999999998],531:105[0.47000000000000025],)	507	-125.56	-788.4920710059171	-5001.0	13	11.718	23	8	(0.1590292644247143,0.06481452110045137,0.06757525387421502,0.09002544591669549,0.07910649274415507,0.08801491369737852,0.17610965211056948,)
114	670491203895792	58378	7	(471:46[0.4300000000000002],482:125[0.13999999999999999],512:82[0.18],522:55[0.11999999999999998],523:123[0.15],530:45[0.12999999999999998],531:31[0.46000000000000024],)	507	-125.56	-875.8706508875738	-5001.0	13	11.35	23	8	(0.18254611579665211,0.09719021368246206,0.10155277635505237,0.08755133499778354,0.09910615798848937,0.046129890384698696,0.10403072286181297,)
115	670677438844649	58878	7	(471:110[0.4400000000000002],482:60[0.12999999999999998],512:86[0.16999999999999998],522:104[0.12999999999999998],523:54[0.13999999999999999],530:43[0.13999999999999999],531:50[0.47000000000000025],)	507	-125.56	-741.3674753451675	-5001.0	13	11.21	21	8	(0.12308635989049121,0.09400112025405499,0.05823438239661718,0.08930675007459267,0.06127441661090175,0.06729136302908777,0.2138799818072781,)
116	670858018445738	59378	7	(471:89[0.4300000000000002],482:78[0.13999999999999999],512:129[0.15999999999999998],522:26[0.11999999999999998],523:44[0.15],530:86[0.15],531:55[0.48000000000000026],)	507	-125.56	-721.4056410256412	-5001.0	13	11.288	19	8	(0.18307479195056323,0.08916760246166675,0.0701683340135775,0.09233200826437028,0.06599767705915552,0.10247498776505531,0.09427606314973105,)
117	671048619892158	59878	7	(471:103[0.4200000000000002],482:84[0.12999999999999998],512:47[0.14999999999999997],522:31[0.12999999999999998],523:153[0.16],530:53[0.13999999999999999],531:36[0.49000000000000027],)	507	-125.56	-845.4923076923077	-5001.0	13	11.004	20	8	(0.12620312016044205,0.08540196931059588,0.058581532520826624,0.045761104152276265,0.08369630103057898,0.07182469573846036,0.17822478513243686,)
118	671239163187352	60378	7	(471:109[0.4100000000000002],482:48[0.11999999999999998],512:46[0.15999999999999998],522:95[0.13999999999999999],523:52[0.15],530:71[0.15],531:86[0.5],)	507	-125.56	-854.6671597633136	-5001.0	13	10.986	19	8	(0.1701310960034833,0.06677606236130625,0.10706172371195694,0.06744145289049606,0.08916420135194357,0.10131504597909552,0.07015455211390428,)
119	671430148136197	60878	7	(471:109[0.4000000000000002],482:99[0.12999999999999998],512:89[0.16999999999999998],522:94[0.12999999999999998],523:48[0.16],530:16[0.13999999999999999],531:52[0.49],)	507	-125.56	-816.916094674556	-5001.0	13	11.22	19	8	(0.15772004650331872,0.10523689390919502,0.12081484551195024,0.059590250234363755,0.10920353506565583,0.12007204671677157,0.0962774637674282,)
120	671605592385053	61378	7	(471:28[0.3900000000000002],482:54[0.11999999999999998],512:41[0.15999999999999998],522:59[0.11999999999999998],523:113[0.17],530:153[0.15],531:59[0.5],)	507	-125.56	-755.5839053254438	-5001.0	13	11.096	20	8	(0.14301799082039673,0.07158827042090947,0.12302298760720141,0.07394939680929054,0.08930067190814416,0.0814125173860012,0.07916093136909806,)
121	671805232438760	61878	7	(471:102[0.4000000000000002],482:31[0.12999999999999998],512:36[0.16999999999999998],522:81[0.12999999999999998],523:116[0.16],530:69[0.13999999999999999],531:72[0.5],)	507	-125.56	-777.6895463510848	-5001.0	13	11.566	20	8	(0.12725273457918085,0.09956824162520869,0.09713050736587132,0.06452342908044512,0.092386831613801,0.1037811107747009,0.16905449270179784,)
122	671987299690611	62378	7	(471:117[0.3900000000000002],482:94[0.13999999999999999],512:41[0.18],522:48[0.11999999999999998],523:63[0.15],530:15[0.15],531:129[0.49],)	507	-125.56	-663.439191321499	-5001.0	13	12.204	20	8	(0.10240545569263808,0.06149773116461318,0.07312257045990782,0.07547447958774993,0.06856295919405722,0.08531860424446942,0.16060193935154726,)
123	672160028216572	62878	7	(471:44[0.38000000000000017],482:79[0.12999999999999998],512:43[0.19],522:35[0.12999999999999998],523:84[0.16],530:127[0.16],531:95[0.48],)	507	-125.56	-674.9345364891519	-5001.0	13	12.074	19	8	(0.09685177618597667,0.06433540638588454,0.0743541696864908,0.08945645491180969,0.07051598920183,0.09528115226847925,0.15694949432359542,)
124	672423914590087	63378	7	(471:135[0.3900000000000002],482:57[0.11999999999999998],512:105[0.2],522:73[0.13999999999999999],523:33[0.15],530:50[0.15],531:54[0.47],)	507	-125.56	-1089.8890138067059	-5001.0	13	12.016	18	8	(0.0874691160502997,0.07321277853380159,0.08256581577393736,0.08961048082252847,0.08979274076019376,0.09642477029554154,0.14868103170046332,)
125	672620041963693	63878	7	(471:102[0.38000000000000017],482:95[0.12999999999999998],512:92[0.19],522:64[0.12999999999999998],523:39[0.16],530:86[0.16],531:29[0.48],)	507	-125.56	-719.4466469428008	-5001.0	13	12.466	18	8	(0.14650794974580614,0.08494507584185527,0.11665798556417152,0.09858857836922703,0.12266030956045398,0.1069940802480985,0.1510331305390179,)
126	672782580632105	64378	7	(471:53[0.37000000000000016],482:63[0.11999999999999998],512:129[0.18],522:106[0.13999999999999999],523:28[0.17],530:102[0.15],531:26[0.49],)	507	-125.56	-572.7912031558187	-5001.0	13	12.626	19	8	(0.13235201184711104,0.07537540281601506,0.14416708398716654,0.08900458518083838,0.08835093161325278,0.09421815301621524,0.28645704274693373,)
127	672977988519706	64878	7	(471:200[0.38000000000000017],482:44[0.12999999999999998],512:28[0.16999999999999998],522:84[0.12999999999999998],523:34[0.18000000000000002],530:86[0.13999999999999999],531:31[0.5],)	507	-125.56	-695.417909270217	-5001.0	13	12.636	20	8	(0.0940329632679562,0.07203038091066408,0.13965738049271365,0.08728332034445083,0.10928313235117257,0.08407997768071516,0.14074757995666237,)
128	673202839630772	65378	7	(471:71[0.37000000000000016],482:82[0.13999999999999999],512:79[0.18],522:78[0.11999999999999998],523:64[0.19000000000000003],530:68[0.12999999999999998],531:65[0.5],)	507	-125.56	-748.3722879684418	-5001.0	13	13.326	21	8	(0.0933181685421766,0.07772007105355658,0.11542926217852649,0.09397059174916415,0.08598567114117324,0.0798807020514845,0.0957803295140644,)
129	673427763206368	65878	7	(471:40[0.36000000000000015],482:86[0.12999999999999998],512:130[0.16999999999999998],522:93[0.10999999999999999],523:61[0.20000000000000004],530:57[0.13999999999999999],531:40[0.5],)	507	-125.56	-733.2387179487181	-5001.0	13	13.554	21	8	(0.13216341422188826,0.09546857641283962,0.12242508733081461,0.07428108405592843,0.08041577786749692,0.0710968161174399,0.08118058685436998,)
130	673611946117226	66378	7	(471:117[0.37000000000000016],482:53[0.11999999999999998],512:41[0.15999999999999998],522:56[0.09999999999999999],523:137[0.21000000000000005],530:42[0.15],531:61[0.5],)	507	-125.56	-612.8457001972386	-5001.0	13	13.052	20	8	(0.1093559828570101,0.08196823035572501,0.10026454559870523,0.08256392257315488,0.12711753561537803,0.05392994907971758,0.12213463319509389,)
131	673816401836996	66878	7	(471:59[0.36000000000000015],482:151[0.12999999999999998],512:67[0.16999999999999998],522:90[0.10999999999999999],523:45[0.20000000000000004],530:35[0.16],531:60[0.5],)	507	-125.56	-661.0104733727811	-5001.0	13	13.468	21	8	(0.1139111717350252,0.09379418408699991,0.0726573235384882,0.06975789124362278,0.10213862881157014,0.113744817377982,0.08803923103015145,)
132	674006883388160	67378	7	(471:33[0.37000000000000016],482:68[0.11999999999999998],512:99[0.18],522:70[0.09999999999999999],523:155[0.21000000000000005],530:37[0.17],531:45[0.5],)	507	-125.56	-638.2676528599607	-5001.0	13	13.398	20	8	(0.15387717004014012,0.08598105385323906,0.09629001894778803,0.06279659023535925,0.10731743794291876,0.0877730210331372,0.10628547245466008,)
133	674179154906685	67889	6	(471:75[0.38000000000000017],482:38[0.12999999999999998],522:117[0.10999999999999999],523:159[0.20000000000000004],530:64[0.18000000000000002],531:54[0.5],)	507	-125.56	-584.3933136094674	-5001.0	13	13.018	20	8	(0.1368099680101925,0.06767627675965983,0.07173276334002117,0.10504356274842452,0.10073725353325916,0.11144381366182286,)
134	674342149503705	68389	6	(471:140[0.3900000000000002],482:69[0.13999999999999999],522:55[0.09999999999999999],523:37[0.19000000000000003],530:119[0.19000000000000003],531:86[0.5],)	506	-125.56	-550.8412252964428	-5001.0	13	13.256	21	8	(0.10963993017830576,0.0679612971814478,0.07083909289123164,0.0993559965808625,0.07676720647960833,0.11464809123658445,)
135	674507276457418	68889	6	(471:57[0.38000000000000017],482:90[0.15],522:16[0.10999999999999999],523:214[0.20000000000000004],530:59[0.18000000000000002],531:70[0.49],)	506	-125.56	-590.454071146245	-5001.0	13	12.444	21	8	(0.14661012135284418,0.07127973973827055,0.09719525634112881,0.09884007098415047,0.10502437031021157,0.16076659383963474,)
136	674664681211844	69389	6	(471:74[0.3900000000000002],482:40[0.13999999999999999],522:140[0.11999999999999998],523:108[0.19000000000000003],530:92[0.19000000000000003],531:52[0.5],)	506	-125.56	-559.4948814229248	-5001.0	13	12.954	21	8	(0.10677285643811092,0.05703517281842078,0.06711694745343419,0.10852612582306796,0.10524711617018202,0.13924562966511964,)
137	674863148630715	69889	6	(471:77[0.4000000000000002],482:92[0.15],522:97[0.10999999999999999],523:34[0.18000000000000002],530:82[0.18000000000000002],531:124[0.5],)	506	-125.56	-686.0244071146244	-5001.0	13	13.162	22	8	(0.1361760544553482,0.08023642985552289,0.062475885155110954,0.12740929618520022,0.11895651283400846,0.17698176753657377,)
138	675024612410223	70389	6	(471:160[0.4100000000000002],482:90[0.13999999999999999],522:52[0.09999999999999999],523:76[0.19000000000000003],530:73[0.19000000000000003],531:55[0.49],)	506	-125.56	-566.8165019762846	-5001.0	13	12.722	22	8	(0.1152377577072908,0.10952516985093518,0.07953772765559514,0.07546257321913932,0.1069305522128808,0.1422268160221587,)
139	675176840530657	70889	6	(471:19[0.4000000000000002],482:60[0.12999999999999998],522:129[0.10999999999999999],523:107[0.20000000000000004],530:90[0.20000000000000004],531:101[0.5],)	506	-125.56	-504.45855731225276	-5001.0	13	13.186	23	8	(0.12591080191553905,0.09798781876637933,0.05523900034858326,0.07990722987631797,0.11522231650267035,0.12518162122139312,)
140	675330948776229	71389	6	(471:91[0.4100000000000002],482:71[0.13999999999999999],522:77[0.09999999999999999],523:79[0.19000000000000003],530:96[0.19000000000000003],531:92[0.49],)	506	-125.56	-518.9670553359683	-5001.0	13	13.006	22	8	(0.12425514568406851,0.12207287233187956,0.06708389015757897,0.13808826114751951,0.16933139423306184,0.17874847342756797,)
141	675532527420059	71889	6	(471:202[0.4000000000000002],482:49[0.15],522:58[0.10999999999999999],523:61[0.20000000000000004],530:75[0.18000000000000002],531:61[0.48],)	506	-125.56	-634.0615217391305	-5001.0	13	13.166	23	8	(0.11842531429081528,0.1294709060345894,0.0806299916465458,0.11868382286421467,0.0695577376493557,0.12560468551454437,)
142	675707805085446	72389	6	(471:61[0.3900000000000002],482:142[0.16],522:97[0.11999999999999998],523:76[0.21000000000000005],530:106[0.19000000000000003],531:24[0.49],)	506	-125.56	-623.7784782608696	-5001.0	13	12.958	23	8	(0.11743727234594734,0.08562487317048419,0.07637281179205406,0.10363445896287464,0.08950533526329062,0.1421607035563388,)
143	675916324237227	72889	6	(471:100[0.4000000000000002],482:151[0.15],522:28[0.10999999999999999],523:89[0.22000000000000006],530:59[0.18000000000000002],531:79[0.5],)	506	-125.56	-679.1679446640317	-5001.0	13	12.886	23	8	(0.10048028832431904,0.08228907475425923,0.07527471195483794,0.0978742681611308,0.10814467725894819,0.13270390189314074,)
144	676111631340698	73389	6	(471:93[0.3900000000000002],482:76[0.13999999999999999],522:74[0.11999999999999998],523:28[0.21000000000000005],530:125[0.19000000000000003],531:110[0.5],)	506	-125.56	-640.4271541501976	-5001.0	13	13.3	24	8	(0.1085532046731356,0.08928813915915863,0.08105929779758009,0.12816622892549848,0.08992040839571168,0.09261348627058032,)
145	676252178564529	73889	6	(471:111[0.38000000000000017],482:76[0.15],522:71[0.12999999999999998],523:77[0.22000000000000006],530:91[0.18000000000000002],531:80[0.49],)	506	-125.56	-530.6137944664031	-5001.0	13	13.234	23	8	(0.10398584653231885,0.11958348344851817,0.05554865545771047,0.12239826190106463,0.08618840070924028,0.10819804579253786,)
146	676397453157995	74389	6	(471:50[0.37000000000000016],482:29[0.16],522:43[0.13999999999999999],523:232[0.23000000000000007],530:81[0.17],531:71[0.5],)	506	-125.56	-490.64306324110663	-5001.0	13	12.904	24	8	(0.07984896850394387,0.09209808576700046,0.09523943420789464,0.10054432647103502,0.10832171795426716,0.07806117890314294,)
147	676564023866009	74889	6	(471:195[0.38000000000000017],482:99[0.17],522:62[0.15],523:49[0.22000000000000006],530:59[0.18000000000000002],531:42[0.5],)	506	-125.56	-497.7705533596838	-5001.0	13	13.962	24	8	(0.10775592599252208,0.1047266894328054,0.0520702730732753,0.12465264060411967,0.11638275531895659,0.08013101490589536,)
148	676696290661558	75397	5	(482:125[0.16],522:35[0.16],523:144[0.23000000000000007],530:124[0.19000000000000003],531:78[0.5],)	506	-125.56	-433.9318972332016	-5001.0	13	13.018	24	8	(0.09401291535600798,0.11602423409550465,0.10483648408026724,0.10284020947480524,0.1095760080822486,)
149	676863233480943	75897	5	(482:98[0.15],522:45[0.17],523:121[0.22000000000000006],530:152[0.18000000000000002],531:89[0.5],)	505	-125.56	-592.7164752475247	-5001.0	13	13.148	24	8	(0.08875384042540843,0.08541244908033327,0.09867317516099083,0.07676815982107199,0.1269607322665888,)
