alpha = 0.15
gamma = 1.0
lambda = 0.6
epsilon = 0.3
randomSeed = 444
GREAT!
Xover: 4
---- Evolution parameters ----
Folder name:          NMSarsa_MountainCar-PuddleWorld/run_727302323695666
Random seed:          444
GREAT activated:      true
Max iterations:       150
Population size:      500
GREAT initialization  true
Speciation threshold: 0.15
Species min size:     15
Tournament size:      3
Crossover rate:       0.2
Mutation rate:        0.8
Crossovers:
	AligningCrossover_v4(0.15)
Mutations:
	AddGeneMutation(maxSize=2147483647, prob=0.33)
	DeleteGeneMutation(minSize=8, prob=0.33)
	ChangeGeneMutation(prob=0.33)
------------------------------

---- Starting evolution ----
IT	Nanotime	#Eval	#Species	Species size	PopSize	Best	Avg	Worst	Best GRN Size	Avg GRN size	Max GRN size	Min GRN size	Species avgdist2rep
0	729209673267313	997	1	(463:499[0.15],)	499	675.7200000000165	-3387.0164529058147	-5101.0999999999985	12	9.336	13	8	(0.08328968125601567,)
1	730210494053046	1513	1	(463:501[0.16],)	501	1125.280000000021	-2921.2470059880256	-5101.0999999999985	11	9.842	14	8	(0.07160059464676828,)
2	731139817118765	2028	2	(463:431[0.15],466:70[0.15],)	501	1228.1100000000215	-2335.3152495009977	-5101.0999999999985	13	10.284	14	8	(0.06320018649367107,0.08523053066702647,)
3	731975426491623	2537	2	(463:275[0.13999999999999999],466:227[0.16],)	502	1228.1100000000215	-2327.6989840637434	-5101.0999999999985	13	9.826	15	8	(0.05265724193872175,0.062317036276180016,)
4	732730748968213	3042	4	(463:83[0.12999999999999998],466:272[0.17],473:128[0.15],474:19[0.15],)	502	1294.1200000000213	-1842.6612549800768	-5101.0999999999985	11	9.976	15	8	(0.10444269631808226,0.0754099646286182,0.09206115477683703,0.09271605565510539,)
5	733465128866171	3558	3	(463:163[0.13999999999999999],466:104[0.16],473:237[0.13999999999999999],)	504	1294.1200000000213	-1219.2364880952348	-5101.0999999999985	11	10.826	16	8	(0.06774853150447223,0.06991896752800231,0.05579258815304123,)
6	734173979306086	4064	3	(463:286[0.15],466:91[0.17],473:126[0.12999999999999998],)	503	1294.1200000000213	-1367.7432405566556	-5101.0999999999985	11	10.524	17	8	(0.07589015111506425,0.07263877419699696,0.06626294947761234,)
7	734803394137582	4567	3	(463:186[0.13999999999999999],466:149[0.18000000000000002],473:168[0.13999999999999999],)	503	1316.3600000000217	-776.9470974155018	-5101.0999999999985	10	10.76	17	8	(0.08959433148853557,0.08804905160662668,0.07406152014579594,)
8	735449628116366	5067	3	(463:257[0.12999999999999998],466:162[0.19000000000000003],473:84[0.12999999999999998],)	503	1322.8300000000215	-840.4319900596369	-5101.0999999999985	10	10.922	17	8	(0.07096216455285276,0.06301939906959424,0.061692323580799305,)
9	736072797260291	5567	3	(463:303[0.11999999999999998],466:37[0.20000000000000004],473:163[0.13999999999999999],)	503	1322.8300000000215	-708.7752087475094	-5101.0999999999985	10	10.898	17	8	(0.04938102620140759,0.05494935399271888,0.06386621037026552,)
10	736650391197517	6067	3	(463:49[0.10999999999999999],466:196[0.21000000000000005],473:258[0.15],)	503	1322.8300000000215	-717.8080516898556	-5101.0999999999985	10	10.626	17	8	(0.07467347598398659,0.06662843469396298,0.07585081567966444,)
11	737246968025020	6571	3	(463:304[0.11999999999999998],466:182[0.20000000000000004],473:17[0.13999999999999999],)	503	1322.8300000000215	-590.2016699801135	-5101.0999999999985	10	10.882	16	8	(0.07611470315610713,0.0792727247716702,0.08483677313111974,)
12	737850415858159	7077	2	(466:235[0.19000000000000003],473:268[0.15],)	503	1313.2800000000223	-518.4350497017853	-5101.0999999999985	12	11.174	16	8	(0.06778754812115874,0.0503825677285763,)
13	738425790015068	7577	2	(466:474[0.20000000000000004],473:28[0.13999999999999999],)	502	1313.2800000000223	-343.25567729083167	-5101.0999999999985	12	11.196	17	8	(0.07064526319356425,0.09335433388507172,)
14	739060710776662	8077	2	(466:450[0.19000000000000003],473:52[0.15],)	502	1314.7700000000218	-577.6913545816687	-5101.0999999999985	12	11.402	17	8	(0.065357665076249,0.05220330611775021,)
15	739749275764446	8577	2	(466:149[0.18000000000000002],473:353[0.16],)	502	1314.7700000000218	-289.0312350597554	-5101.0999999999985	12	12.896	18	8	(0.0706417179432399,0.04893869672424779,)
16	740397746032780	9077	2	(466:176[0.19000000000000003],473:326[0.15],)	502	1314.7700000000218	-620.3664741035815	-5101.0999999999985	12	11.564	18	8	(0.10157693257492985,0.10175825242660681,)
17	741016234159500	9578	3	(466:76[0.20000000000000004],473:399[0.13999999999999999],481:27[0.15],)	502	1326.6100000000224	-539.4343027888393	-5101.0999999999985	12	11.206	19	8	(0.1051417195566553,0.07923655922422275,0.0845824039815362,)
18	741632863218428	10078	3	(466:275[0.21000000000000005],473:165[0.12999999999999998],481:63[0.16],)	503	1326.6100000000224	-624.5425844930375	-5101.0999999999985	12	11.086	18	8	(0.08453156741664132,0.08326511560301114,0.062122775732889116,)
19	742354688181145	10626	3	(466:212[0.20000000000000004],473:209[0.13999999999999999],481:113[0.17],)	534	1326.6100000000224	-711.4057490636656	-5101.0999999999985	12	11.962	19	8	(0.08660913787236556,0.07969608905384949,0.08374967339130998,)
20	742968098376233	11126	3	(466:170[0.19000000000000003],473:244[0.12999999999999998],481:89[0.18000000000000002],)	503	1333.3300000000222	-574.4411729622217	-5101.0999999999985	11	11.228	20	8	(0.073916910502569,0.07054823892254829,0.07165120312764031,)
21	743570369455182	11626	3	(466:195[0.18000000000000002],473:43[0.11999999999999998],481:265[0.19000000000000003],)	503	1333.3300000000222	-592.6532803180863	-5101.0999999999985	11	11.03	21	8	(0.08070356194187481,0.08046967911800555,0.0638009506466447,)
22	744138228214808	12126	3	(466:74[0.17],473:269[0.12999999999999998],481:160[0.18000000000000002],)	503	1333.3300000000222	-501.5063817097372	-5101.0999999999985	11	10.766	17	8	(0.06743526929944851,0.058926971926374375,0.0646106645332424,)
23	744738482655596	12626	4	(466:101[0.18000000000000002],473:119[0.11999999999999998],481:267[0.19000000000000003],485:16[0.15],)	503	1333.3300000000222	-952.4812127236539	-5101.0999999999985	11	10.134	16	8	(0.09511118730263317,0.08048293702619226,0.07475113909959935,0.06279819428083509,)
24	745316187853855	13126	4	(466:310[0.19000000000000003],473:98[0.12999999999999998],481:63[0.18000000000000002],485:33[0.16],)	504	1333.3300000000222	-619.1723412698361	-5101.0999999999985	11	10.396	15	8	(0.08961492941871967,0.0859620670385106,0.08617356395271132,0.042943330030173414,)
25	745894039664924	13630	4	(466:80[0.18000000000000002],473:184[0.13999999999999999],481:111[0.19000000000000003],485:129[0.17],)	504	1333.3300000000222	-651.2638095238037	-5101.0999999999985	11	10.1	15	8	(0.0825797804766494,0.07088540754785075,0.08102269036285231,0.059915477560603204,)
26	746425123923546	14130	4	(466:37[0.19000000000000003],473:192[0.12999999999999998],481:113[0.20000000000000004],485:162[0.16],)	504	1333.3300000000222	-417.79242063491466	-5101.0999999999985	11	10.316	16	8	(0.08482908562079146,0.06578234988283943,0.08483511877297786,0.07344216217479833,)
27	747030822990556	14684	4	(466:278[0.20000000000000004],473:86[0.11999999999999998],481:49[0.21000000000000005],485:144[0.15],)	557	1333.3300000000222	-355.6075044883254	-5101.0999999999985	11	11.662	15	8	(0.0743824701069693,0.07831418428668813,0.07630796034625509,0.06632382973540679,)
28	747626425794870	15184	4	(466:275[0.19000000000000003],473:21[0.12999999999999998],481:119[0.22000000000000006],485:89[0.13999999999999999],)	504	1333.3300000000222	-317.0289285714223	-5101.0999999999985	11	11.48	16	8	(0.07620638248035272,0.061501097595303034,0.08520161483830914,0.0772799777960494,)
29	748312698611886	15804	5	(466:124[0.18000000000000002],473:89[0.13999999999999999],481:101[0.23000000000000007],485:278[0.15],487:26[0.15],)	618	1336.220000000022	-527.3904530744286	-5101.0999999999985	12	12.606	16	8	(0.09768285060744349,0.07866101311208333,0.09057113308538417,0.0914926523569657,0.09876962309685586,)
30	748968282687806	16307	5	(466:18[0.17],473:137[0.15],481:148[0.22000000000000006],485:48[0.13999999999999999],487:154[0.16],)	505	1336.220000000022	-1079.1759801980154	-5101.0999999999985	12	10.372	16	8	(0.08909764534901837,0.06749241911571953,0.07225454562968965,0.05827901306185643,0.09758661081393034,)
31	749600715792730	16808	5	(466:89[0.18000000000000002],473:41[0.13999999999999999],481:80[0.21000000000000005],485:63[0.15],487:232[0.15],)	505	1336.220000000022	-761.3942376237579	-5101.0999999999985	12	10.832	17	8	(0.09823305423839816,0.10547370328180872,0.09099192356974208,0.0679375446463299,0.0975482392331813,)
32	750241821209386	17322	4	(473:240[0.15],481:160[0.22000000000000006],485:40[0.16],487:65[0.13999999999999999],)	505	1336.220000000022	-853.8053069306874	-5101.0999999999985	12	10.596	18	8	(0.05377031728618318,0.06839945605989028,0.08873168263360362,0.09027503379909303,)
33	750820014551818	17829	4	(473:89[0.13999999999999999],481:252[0.21000000000000005],485:72[0.17],487:91[0.15],)	504	1336.220000000022	-356.46460317459736	-5101.0999999999985	12	11.024	17	8	(0.0913489998944029,0.0899674103576246,0.08379750623313853,0.0755475436574905,)
34	751496325600788	18431	3	(473:444[0.15],481:83[0.20000000000000004],487:60[0.16],)	587	1336.7000000000219	-518.221925042584	-5101.0999999999985	12	12.45	17	8	(0.07124298923849806,0.07951264542080064,0.08022042112159412,)
35	752037825734787	18931	4	(473:95[0.13999999999999999],481:118[0.21000000000000005],487:271[0.17],495:19[0.15],)	503	1339.1600000000224	-371.1326441351838	-5101.0999999999985	13	10.706	16	8	(0.07111524384624915,0.06908721226071866,0.08355323836517833,0.11798830182973663,)
36	752637413098213	19431	4	(473:292[0.15],481:56[0.22000000000000006],487:57[0.16],495:99[0.16],)	504	1339.1600000000224	-686.8427579365027	-5101.0999999999985	13	10.804	15	8	(0.06028616822184961,0.07212168879107686,0.08168768586746196,0.06565334641179499,)
37	753219660702443	19931	4	(473:89[0.13999999999999999],481:274[0.23000000000000007],487:85[0.17],495:56[0.17],)	504	1339.1600000000224	-835.1266071428518	-5101.0999999999985	13	10.166	15	8	(0.06860570032566607,0.0865429615369936,0.09142526038953834,0.09621688168359131,)
38	753841360484330	20441	4	(473:227[0.15],481:78[0.22000000000000006],487:50[0.18000000000000002],495:149[0.18000000000000002],)	504	1354.7700000000225	-878.6643849206297	-5101.0999999999985	12	10.31	15	8	(0.07858326348668004,0.09109242469201828,0.09148057726428553,0.08224722950988955,)
39	754413501103002	20941	4	(473:111[0.13999999999999999],481:105[0.23000000000000007],487:187[0.19000000000000003],495:101[0.17],)	504	1354.7700000000225	-754.5905357142803	-5101.0999999999985	12	10.278	14	8	(0.09157284889355556,0.0761562103980138,0.07115618795307108,0.07328959509196223,)
40	754936571411026	21441	5	(473:116[0.15],481:83[0.24000000000000007],487:154[0.18000000000000002],495:102[0.18000000000000002],498:49[0.15],)	504	1354.7700000000225	-411.50374999999457	-5101.0999999999985	12	10.35	14	8	(0.10182894979384681,0.10061828068573705,0.10338218801591494,0.11627518313279243,0.10504694953257908,)
41	755505376995702	22010	5	(473:84[0.13999999999999999],481:102[0.25000000000000006],487:79[0.17],495:222[0.17],498:86[0.16],)	573	1354.7700000000225	-246.85760907503794	-5101.0999999999985	12	11.816	15	8	(0.08567428869894672,0.06489137774598878,0.09686376557916616,0.08714939359527872,0.07662982029677956,)
42	756166160034683	22590	5	(473:139[0.15],481:197[0.24000000000000005],487:37[0.18000000000000002],495:31[0.16],498:179[0.17],)	583	1332.440000000022	-610.1100343053113	-5101.0999999999985	13	12.23	15	8	(0.08660705655987026,0.06999762444651651,0.10939477240256883,0.07336981732939535,0.06443120145334402,)
43	756814313196651	23090	5	(473:73[0.13999999999999999],481:184[0.23000000000000004],487:161[0.19000000000000003],495:29[0.17],498:58[0.16],)	505	1332.440000000022	-1104.445691089104	-5101.0999999999985	13	10.356	15	8	(0.08368442229298,0.12215930981873957,0.11827256427805163,0.07995207719166016,0.08118013951609047,)
44	757399950887481	23602	5	(473:109[0.15],481:120[0.22000000000000003],487:96[0.18000000000000002],495:91[0.18000000000000002],498:89[0.17],)	505	1332.440000000022	-551.5210633663318	-5101.0999999999985	13	10.678	15	8	(0.06912549166345448,0.09560437097566253,0.08768380294009803,0.09446507236040144,0.07608716167896662,)
45	758025746225015	24140	4	(473:88[0.13999999999999999],481:362[0.21000000000000002],487:41[0.19000000000000003],495:43[0.19000000000000003],)	534	1332.440000000022	-588.0981910112299	-5101.0999999999985	13	11.348	15	8	(0.08457712531331583,0.07710728474340998,0.08147562345184631,0.10435969783896683,)
46	758621286050303	24679	4	(473:22[0.15],481:394[0.2],487:69[0.20000000000000004],495:45[0.20000000000000004],)	530	1321.1200000000222	-491.8168226415036	-5101.0999999999985	14	11.23	15	8	(0.06500958163497675,0.10539541160198765,0.11107436544761001,0.07695646073293481,)
47	759191830102414	25182	3	(473:230[0.16],481:132[0.19],495:142[0.21000000000000005],)	504	1331.400000000022	-255.1566865079306	-5101.0999999999985	12	11.384	16	8	(0.06845165549427137,0.09585432549517851,0.08561985315779395,)
48	759854314497077	25702	4	(473:272[0.15],481:169[0.2],495:42[0.22000000000000006],504:20[0.15],)	503	1343.2600000000218	-421.3462027832948	-5101.0999999999985	14	11.952	17	8	(0.11010320479432302,0.12961643526672215,0.059521417664272214,0.10872050700682731,)
49	760466441933617	26202	4	(473:74[0.13999999999999999],481:149[0.19],495:266[0.23000000000000007],504:15[0.16],)	504	1343.2600000000218	-921.4374206349153	-5101.0999999999985	14	10.518	17	8	(0.05079903666619951,0.09340123233902806,0.044232822007971385,0.058641728221471436,)
50	760967352036772	26702	4	(473:30[0.15],481:98[0.18],495:135[0.22000000000000006],504:241[0.17],)	504	1343.2600000000218	-236.3293769841216	-5101.0999999999985	14	10.748	17	8	(0.09637275309679744,0.0985092974138815,0.07073006280321423,0.0931131314236341,)
51	761562893564629	27244	4	(473:142[0.16],481:193[0.19],495:156[0.21000000000000005],504:50[0.16],)	541	1331.6800000000217	-545.6367652495325	-5101.0999999999985	10	11.284	17	8	(0.06329309792290876,0.08440927076922337,0.060291748447182845,0.08883639729937139,)
52	762094417219946	27744	4	(473:109[0.15],481:160[0.18],495:76[0.20000000000000004],504:159[0.17],)	504	1343.5600000000222	-333.40913888888286	-5101.0999999999985	10	10.716	18	8	(0.06983395320592782,0.10052105957945749,0.05701737304547497,0.09308230442381134,)
53	762781750356633	28305	4	(473:51[0.16],481:105[0.16999999999999998],495:346[0.21000000000000005],504:50[0.16],)	552	1343.5600000000222	-1111.8854528985455	-5101.0999999999985	10	10.986	14	8	(0.05260105400571123,0.06957514098773544,0.033052213884384674,0.08995934768035228,)
54	763348528687483	28805	4	(473:218[0.17],481:182[0.18],495:15[0.20000000000000004],504:89[0.17],)	504	1352.9900000000225	-429.6689880952315	-5101.0999999999985	12	10.792	15	8	(0.06366611989004473,0.0717103235677086,0.12598112881754703,0.08455688000644422,)
55	763902732493563	29305	4	(473:177[0.16],481:118[0.16999999999999998],495:145[0.21000000000000005],504:64[0.18000000000000002],)	504	1352.9900000000225	-301.13329365078664	-5101.0999999999985	12	10.644	16	8	(0.06055056565899754,0.097604918548765,0.09184774556981884,0.09313230541819255,)
56	764550404433749	29858	5	(473:194[0.15],481:120[0.18],495:17[0.20000000000000004],504:49[0.19000000000000003],507:176[0.15],)	556	1352.9900000000225	-536.4885971222956	-5101.0999999999985	12	12.042	16	8	(0.05008808292987132,0.08635540975871504,0.05076387882369063,0.10235036704584602,0.09327452951597728,)
57	765162935098708	30364	4	(481:56[0.16999999999999998],495:353[0.21000000000000005],504:68[0.20000000000000004],507:28[0.13999999999999999],)	505	1352.9900000000225	-823.1419465346487	-5101.0999999999985	12	10.36	17	8	(0.064055774892799,0.06308698637453984,0.05733593775381309,0.07396029386946253,)
58	765726885515473	30874	4	(481:33[0.18],495:384[0.20000000000000004],504:75[0.21000000000000005],507:21[0.15],)	513	1352.9900000000225	-470.472807017537	-5101.0999999999985	12	10.576	18	8	(0.08462308924568765,0.09758227841400918,0.053454119092608374,0.07575022131347461,)
59	766280520763008	31376	5	(481:32[0.19],495:260[0.19000000000000003],504:74[0.22000000000000006],507:25[0.16],508:113[0.15],)	504	1352.9900000000225	-430.8518055555488	-5101.0999999999985	12	10.698	19	8	(0.08116294504071696,0.09137044000305465,0.07669325169684957,0.05436947379324186,0.06230639486722931,)
60	767116407493138	32149	5	(481:46[0.2],495:158[0.18000000000000002],504:359[0.23000000000000007],507:61[0.17],508:151[0.13999999999999999],)	775	1352.9900000000225	-316.7813974193487	-5101.0999999999985	12	16.634	19	8	(0.06272803285463699,0.07385250145318918,0.08257773802032847,0.09039292987999387,0.08127586314453307,)
61	767673863909473	32681	5	(481:153[0.21000000000000002],495:83[0.17],504:87[0.22000000000000006],507:113[0.18000000000000002],508:100[0.12999999999999998],)	536	1352.9900000000225	-219.21850746268112	-5101.0999999999985	12	11.6	18	8	(0.0689283803611991,0.09455921630527933,0.06845323420641916,0.08987681014708965,0.06279822052478175,)
62	768247000713240	33181	7	(481:202[0.2],495:29[0.18000000000000002],504:113[0.23000000000000007],507:66[0.17],508:43[0.11999999999999998],511:32[0.15],512:20[0.15],)	505	1352.9900000000225	-786.9175841584105	-5101.0999999999985	12	10.33	19	8	(0.08832175647051677,0.08100761664391944,0.09303279335466333,0.09540243300647057,0.0815061981604426,0.08434580898413942,0.10097245926978131,)
63	768832182930662	33718	7	(481:78[0.19],495:44[0.19000000000000003],504:60[0.22000000000000006],507:50[0.18000000000000002],508:243[0.12999999999999998],511:45[0.16],512:22[0.16],)	542	1330.900000000022	-486.52795202951455	-5101.0999999999985	13	11.254	17	8	(0.07993365326830092,0.09399088905417137,0.07792846589955363,0.08082022397636622,0.07592232387522906,0.08494529325397687,0.11625051288450433,)
64	769504388267775	34298	6	(481:114[0.18],495:25[0.20000000000000004],504:200[0.23000000000000007],507:154[0.19000000000000003],508:31[0.11999999999999998],512:59[0.17],)	583	1330.900000000022	-747.0940308747806	-5101.0999999999985	13	11.876	16	8	(0.09411112403730904,0.1048016051525061,0.06566262926989828,0.09369491324595967,0.07067214472268113,0.055566041167225654,)
65	770079532364106	34817	4	(481:165[0.16999999999999998],504:171[0.22000000000000006],507:126[0.18000000000000002],508:44[0.12999999999999998],)	506	1330.900000000022	-882.4839328063189	-5101.0999999999985	13	9.764	15	8	(0.07251738579078722,0.0868483770326573,0.08264797978721208,0.05353376025125753,)
66	770602065824782	35317	4	(481:119[0.15999999999999998],504:237[0.21000000000000005],507:77[0.17],508:71[0.13999999999999999],)	504	1332.9600000000219	-677.898726190471	-5101.0999999999985	8	9.806	14	8	(0.061176371020713244,0.07419589154425345,0.09029151284221357,0.06518402083658736,)
67	771144277719092	35823	4	(481:176[0.16999999999999998],504:117[0.20000000000000004],507:82[0.18000000000000002],508:129[0.15],)	504	1332.9600000000219	-799.6327579365027	-5101.0999999999985	8	9.702	14	8	(0.06591556670832348,0.08594424995085717,0.10086326816652205,0.08342157640597173,)
68	771752783489553	36341	4	(481:151[0.15999999999999998],504:161[0.21000000000000005],507:101[0.19000000000000003],508:91[0.13999999999999999],)	504	1332.9600000000219	-974.9915079365016	-5101.0999999999985	8	9.954	14	8	(0.08678601199575078,0.09738413024964936,0.06697004137617679,0.07067831134575003,)
69	772266978328262	36841	5	(481:147[0.14999999999999997],504:115[0.20000000000000004],507:112[0.20000000000000004],508:108[0.15],517:22[0.15],)	504	1332.9600000000219	-369.31019841269205	-5101.0999999999985	8	10.4	14	8	(0.08002460807120357,0.09486035462648486,0.09587603129012631,0.07765560991761199,0.10619679089699369,)
70	772844710340766	37386	6	(481:50[0.13999999999999996],504:156[0.19000000000000003],507:141[0.19000000000000003],508:89[0.13999999999999999],517:46[0.16],518:67[0.15],)	549	1332.9600000000219	-391.39969034607697	-5101.0999999999985	8	11.418	14	8	(0.08839360654494181,0.08476900682240082,0.10913865988507962,0.106904211525365,0.10308758845449495,0.10208773728124987,)
71	773559629446558	37958	6	(481:211[0.14999999999999997],504:152[0.18000000000000002],508:22[0.12999999999999998],517:21[0.17],518:134[0.16],519:32[0.15],)	572	1338.450000000022	-1190.3047202797159	-5101.0999999999985	11	11.238	13	8	(0.08026360273435301,0.08726604585570268,0.06608254323562746,0.039154818366663555,0.03539498794240503,0.1002307071733306,)
72	774479849046283	38474	6	(481:38[0.13999999999999996],504:40[0.17],508:116[0.13999999999999999],517:266[0.18000000000000002],518:37[0.15],519:24[0.16],)	521	1338.450000000022	-2761.8732610364627	-5101.0999999999985	11	10.24	14	8	(0.049723318922977676,0.07527480172948504,0.03260532137966878,0.05193934183410905,0.03921066098659232,0.0649644122498627,)
73	775342571296704	38980	5	(481:38[0.14999999999999997],508:270[0.12999999999999998],517:92[0.17],518:89[0.16],519:19[0.17],)	508	1338.450000000022	-1998.8829133858208	-5101.0999999999985	11	10.714	14	8	(0.08001014269448019,0.03559926889302737,0.060558574142528195,0.056993036592580426,0.0822968928596268,)
74	776077853423865	39513	6	(481:42[0.15999999999999998],508:197[0.11999999999999998],517:166[0.18000000000000002],518:81[0.17],519:32[0.18000000000000002],520:19[0.15],)	537	1338.450000000022	-1144.0495158286728	-5101.0999999999985	11	11.348	14	8	(0.0917155151559675,0.040210074708525285,0.05255823221771616,0.06317990235931781,0.11314847882630112,0.08022589670801153,)
75	776820379544824	40013	6	(481:80[0.16999999999999998],508:51[0.10999999999999999],517:89[0.17],518:68[0.18000000000000002],519:21[0.19000000000000003],520:197[0.16],)	506	1338.450000000022	-1831.112035573119	-5101.0999999999985	11	10.042	15	8	(0.11336930818042668,0.05536547050706029,0.05009069189157156,0.058913968666273214,0.13152017820471237,0.03172663172685529,)
76	777609836948519	40516	6	(481:28[0.18],508:133[0.11999999999999998],517:87[0.16],518:183[0.19000000000000003],519:38[0.20000000000000004],520:37[0.15],)	506	1338.450000000022	-1999.0236363636338	-5101.0999999999985	11	9.994	16	8	(0.11173728970649585,0.0685661002428595,0.05090952438496708,0.061098300160454797,0.0888093944031874,0.05071535600571784,)
77	778370613482360	41016	6	(481:27[0.19],508:157[0.10999999999999999],517:47[0.15],518:137[0.18000000000000002],519:55[0.21000000000000005],520:83[0.16],)	506	2290.1000000000427	-2112.7246245059273	-5101.0999999999985	11	9.554	16	8	(0.07538278980486304,0.039117357077239755,0.07069169504224194,0.06269801367489848,0.10716412889965397,0.025419978971522494,)
78	779101760775731	41516	6	(481:54[0.2],508:15[0.09999999999999999],517:58[0.16],518:197[0.17],519:35[0.22000000000000006],520:147[0.15],)	506	2290.1000000000427	-1985.0632213438712	-5101.0999999999985	11	9.374	14	8	(0.06592165660362431,0.04758385550844853,0.06443297302577132,0.06570464482819793,0.10909901909367069,0.03439125623982167,)
79	779862046246366	42016	5	(481:54[0.21000000000000002],508:168[0.10999999999999999],517:123[0.17],518:46[0.16],520:114[0.13999999999999999],)	505	2290.1000000000427	-2095.412059405937	-5101.0999999999985	11	9.336	14	8	(0.07726464646285423,0.05687714423584397,0.07291624434716674,0.07057944613043833,0.07416834683360043,)
80	780576472271745	42521	5	(481:64[0.22000000000000003],508:50[0.09999999999999999],517:51[0.16],518:174[0.17],520:166[0.12999999999999998],)	505	2290.1000000000427	-1587.219801980193	-5101.0999999999985	11	9.708	15	8	(0.09635140058622153,0.06624061656239967,0.06356911449983116,0.07206143708365743,0.05902298507662645,)
81	781299986521068	43032	5	(481:56[0.23000000000000004],508:200[0.10999999999999999],517:71[0.17],518:79[0.16],520:99[0.11999999999999998],)	505	2290.1000000000427	-1560.807544554451	-5101.0999999999985	11	9.804	16	8	(0.08203577144820462,0.05416999062982805,0.054550111828725,0.08307148409771607,0.060824804038293906,)
82	781982345730139	43532	5	(481:58[0.24000000000000005],508:219[0.09999999999999999],517:134[0.18000000000000002],518:30[0.17],520:64[0.12999999999999998],)	505	2290.1000000000427	-1373.8090336633618	-5101.0999999999985	11	9.87	17	8	(0.06528461555304083,0.05581281836396703,0.0863720928587659,0.10561709953203581,0.07051636964306025,)
83	782588850631555	44039	5	(481:102[0.25000000000000006],508:159[0.09],517:68[0.17],518:93[0.18000000000000002],520:83[0.13999999999999999],)	505	2290.1000000000427	-743.3915643564302	-5101.0999999999985	11	10.368	15	8	(0.09869274526140842,0.06256393014115404,0.07049458255160151,0.08496823707442663,0.08026454292974189,)
84	783213569727320	44544	6	(481:37[0.24000000000000005],508:162[0.08],517:47[0.18000000000000002],518:185[0.19000000000000003],520:59[0.15],528:15[0.15],)	505	2290.1000000000427	-603.5364930693021	-5101.0999999999985	11	10.752	16	8	(0.1128025262791651,0.05707081343897783,0.07405054728831433,0.09761750061116174,0.09705363511356381,0.10661512684946818,)
85	783805388867991	45075	5	(508:29[0.07],517:128[0.19000000000000003],518:179[0.18000000000000002],520:100[0.16],528:100[0.16],)	536	2290.1000000000427	-274.39093283581445	-5101.0999999999985	11	11.466	17	8	(0.055162606455674605,0.0787444083412827,0.09026639667845317,0.08351249307668901,0.05347972839799451,)
86	784491747243037	45672	4	(508:51[0.08],517:18[0.18000000000000002],518:155[0.17],520:372[0.15],)	596	2290.1000000000427	-369.69721476509466	-5101.0999999999985	11	12.678	17	8	(0.05438828479398601,0.08433958683612806,0.09720783814517,0.06202528998959953,)
87	785203336512366	46249	6	(508:83[0.09],517:229[0.19000000000000003],518:109[0.16],520:69[0.13999999999999999],530:45[0.15],531:41[0.15],)	576	2290.1000000000427	-543.6932083333282	-5101.0999999999985	11	12.62	17	8	(0.06004214479112932,0.07134486891706922,0.09308436039265958,0.08395124423879372,0.07814796643148272,0.10048030203456018,)
88	785813532163770	46781	6	(508:41[0.08],517:228[0.18000000000000002],518:58[0.15],520:60[0.15],530:81[0.16],531:69[0.16],)	537	2290.1000000000427	-139.47418994412797	-5101.0999999999985	11	12.06	17	8	(0.05529163815764393,0.06107984455214711,0.09237180625882867,0.09118073372829565,0.05795314127489607,0.08145799086390704,)
89	786946425536518	47619	5	(508:50[0.09],517:219[0.17],518:49[0.16],530:148[0.17],531:364[0.17],)	830	2290.1000000000427	-173.43995301204123	-5101.0999999999985	11	20.846	18	8	(0.07201661217245439,0.0879531093712788,0.07967607243976248,0.07108450035513392,0.0708608849301438,)
90	787933493043981	48507	5	(508:281[0.09999999999999999],517:164[0.16],518:189[0.17],530:99[0.16],531:151[0.16],)	884	2290.1000000000427	-141.95613122171278	-5101.0999999999985	11	19.438	19	8	(0.07796496486333271,0.05446826142145162,0.06672545646285005,0.09690111533843965,0.09185690919742114,)
91	788448268253226	49031	5	(508:23[0.09],517:170[0.15],518:55[0.16],530:244[0.17],536:19[0.15],)	511	2290.1000000000427	-139.97493346379093	-5101.0999999999985	11	10.46	17	8	(0.055117335572964145,0.054870600993015446,0.08854363723173198,0.08849063470421471,0.08438658417506645,)
92	789279145392240	49892	6	(508:144[0.09999999999999999],517:188[0.13999999999999999],518:27[0.17],530:163[0.16],536:327[0.16],537:16[0.15],)	865	2290.1000000000427	-110.65125202311634	-5101.0999999999985	11	17.862	18	8	(0.07026064261380577,0.06930615392973415,0.061277326640469365,0.0698126933426052,0.06403909197749563,0.08527218655794075,)
93	789791198765564	50463	7	(508:50[0.09],517:91[0.12999999999999998],518:33[0.18000000000000002],530:31[0.15],536:39[0.15],537:316[0.16],538:16[0.15],)	576	2290.1000000000427	-3.1894097222157334	-5101.0999999999985	11	11.412	18	8	(0.06939456828924213,0.05017787970181495,0.0641045118505198,0.08148757352089289,0.06800464440539598,0.07692476258815403,0.06653581859808691,)
94	790903254658250	51243	7	(508:93[0.09999999999999999],517:259[0.11999999999999998],518:39[0.19000000000000003],536:71[0.16],537:51[0.15],538:122[0.16],539:149[0.15],)	784	2290.1000000000427	-185.16698086733987	-5101.0999999999985	11	19.804	19	8	(0.060901110055605064,0.07002929118080317,0.08698190123494937,0.06075097833520709,0.10111477065277423,0.07937400837967848,0.05557662793145267,)
95	791967720545371	51973	6	(508:86[0.09],517:19[0.10999999999999999],518:47[0.20000000000000004],536:98[0.15],537:82[0.16],539:387[0.13999999999999999],)	719	1345.220000000022	-50.95639221139826	-5101.0999999999985	10	19.206	19	8	(0.06220595750889025,0.08957413848260744,0.0776068046252594,0.08680846409029391,0.046399833062917,0.057855979352920535,)
96	793150301783720	53236	5	(508:265[0.08],517:82[0.11999999999999998],518:110[0.21000000000000005],536:468[0.13999999999999999],537:341[0.17],)	1266	1345.220000000022	-150.4209897314327	-5101.0999999999985	10	25.362	15	8	(0.05609876565601368,0.056648329931990184,0.09514508506462907,0.07736538486777197,0.08681332949067087,)
97	793680538636386	53845	4	(517:69[0.12999999999999998],518:319[0.20000000000000004],536:56[0.12999999999999998],537:163[0.16],)	607	1345.220000000022	-69.72671169686431	-5101.0999999999985	10	11.72	14	8	(0.08771121171224683,0.06714172853277055,0.07356883003871004,0.056950827516189594,)
98	795024063315955	55504	5	(517:1026[0.13999999999999999],518:160[0.19000000000000003],536:267[0.13999999999999999],537:173[0.15],541:35[0.15],)	1661	1345.220000000022	-56.76346478024747	-5101.0999999999985	10	30.582	13	8	(0.07412549252672228,0.0956779347416152,0.06620037056109698,0.07276791156178297,0.07625035103021963,)
99	795781020641450	56401	7	(517:186[0.12999999999999998],518:105[0.18000000000000002],536:17[0.12999999999999998],537:69[0.13999999999999999],541:383[0.16],542:18[0.15],543:108[0.15],)	886	1345.220000000022	-198.01636568848215	-5101.0999999999985	10	16.052	12	8	(0.08125317276487891,0.0861047394102171,0.10555404443771632,0.0889668416895809,0.047569592390699,0.07664873263147311,0.08704895120639564,)
100	797086992695212	57941	6	(517:216[0.11999999999999998],518:227[0.17],537:223[0.15],541:240[0.15],542:529[0.16],543:100[0.13999999999999999],)	1535	1351.270000000022	-189.79747100976684	-5101.0999999999985	9	28.088	13	8	(0.07089579572006756,0.06661586162892992,0.07456401113951726,0.06519625950939617,0.059240159329377526,0.07543031542217751,)
101	797534074275664	58460	5	(517:60[0.10999999999999999],518:156[0.16],541:69[0.13999999999999999],542:75[0.15],543:146[0.12999999999999998],)	506	1351.270000000022	-97.56899209485489	-5101.0999999999985	9	9.414	13	8	(0.0500007607528022,0.0536858267381965,0.04972923732639552,0.05219013158492937,0.05871993170062661,)
102	798068187431241	59067	5	(517:186[0.11999999999999998],518:80[0.15],541:292[0.15],542:33[0.16],543:20[0.11999999999999998],)	611	1351.270000000022	-142.22978396071525	-5101.0999999999985	9	11.592	14	8	(0.08537358569696399,0.0811663416204974,0.0644289985545181,0.061900892190013115,0.07726782832516943,)
103	799351376988807	60457	7	(517:103[0.10999999999999999],518:489[0.16],541:458[0.13999999999999999],543:205[0.12999999999999998],547:52[0.15],548:25[0.15],550:43[0.15],)	1375	1351.270000000022	-194.80565963635806	-5101.0999999999985	9	26.35	15	8	(0.0585604628833885,0.0519368401035984,0.05901236893504281,0.06018994996238942,0.08236585126870898,0.060828995316582674,0.052456846442572626,)
104	799825948536562	60985	7	(517:24[0.09999999999999999],518:60[0.15],541:267[0.12999999999999998],547:18[0.16],548:115[0.16],550:21[0.16],551:21[0.15],)	526	1351.270000000022	-597.6469467680589	-5101.0999999999985	9	9.43	13	8	(0.06600652943688612,0.04892944485309114,0.06463572258223263,0.07650018576789565,0.06410682757122589,0.05509204706673362,0.07607766527759864,)
105	800736730077322	62179	10	(517:43[0.10999999999999999],541:420[0.11999999999999998],547:206[0.17],548:335[0.15],551:24[0.16],552:61[0.15],553:17[0.15],554:28[0.15],555:39[0.15],557:15[0.15],)	1188	1346.6400000000217	-279.190749158247	-5101.0999999999985	8	20.83	12	8	(0.06309430547544762,0.07091338533375968,0.05325830636568596,0.06914494542469919,0.08574592197709609,0.09277216200597638,0.08258764976393895,0.08111123233559589,0.07545831970051164,0.07513472473548963,)
106	801280502908001	62917	9	(517:139[0.11999999999999998],541:58[0.10999999999999999],547:42[0.16],548:42[0.13999999999999999],552:49[0.13999999999999999],553:70[0.16],554:109[0.16],555:113[0.16],557:106[0.16],)	728	1346.6400000000217	-213.50817307692145	-5101.0999999999985	8	12.846	12	8	(0.056973968528916695,0.07014553236984059,0.0557311248219954,0.05840728666860958,0.07931774004784274,0.07871539686880087,0.0485903306988717,0.06696307914497468,0.05701944139982871,)
107	801801082131261	63577	7	(541:202[0.09999999999999999],547:80[0.17],548:57[0.15],552:28[0.15],553:62[0.15],555:97[0.15],557:108[0.15],)	634	1346.6400000000217	-222.2122507886408	-5101.0999999999985	8	11.404	13	8	(0.05027884906952867,0.06148961564429698,0.06698980123106349,0.04853993864342836,0.05178726499076946,0.05473446073306533,0.06319849861657031,)
108	802207806339398	64096	7	(541:46[0.09],547:119[0.16],548:99[0.16],552:56[0.16],553:67[0.16],555:98[0.13999999999999999],557:39[0.13999999999999999],)	524	1346.6400000000217	-121.11549618320251	-5101.0999999999985	8	9.536	12	8	(0.06939503807053042,0.07141018408070088,0.05602357702357279,0.0887978749840418,0.06786348859458967,0.06983850355746395,0.06749407196694078,)
109	802712821604284	64761	7	(541:109[0.09999999999999999],548:41[0.15],552:170[0.17],553:183[0.17],557:78[0.15],562:37[0.15],563:21[0.15],)	639	1346.6400000000217	-53.050061032861585	-5101.0999999999985	8	11.62	13	8	(0.08078815610976495,0.08740461476691183,0.06269303823147997,0.09030531363692197,0.07301433289686783,0.09059465152059835,0.10083209468399865,)
110	803299058602262	65431	6	(541:25[0.09],548:228[0.16],552:20[0.16],557:17[0.13999999999999999],562:63[0.16],563:315[0.16],)	668	1332.700000000022	-101.23431137724181	-5101.0999999999985	9	13.098	14	8	(0.06073190949298534,0.06252630349110708,0.11498176784987793,0.08341731279520548,0.06184091958905009,0.05150956430636663,)
111	809766500257913	73674	10	(541:580[0.09999999999999999],548:557[0.15],552:1337[0.17],557:3139[0.15],562:386[0.17],563:262[0.15],567:1696[0.15],568:28[0.15],569:22[0.15],570:239[0.15],)	8246	2598.110000000038	-3.1111171477049924	-5101.0999999999985	10	154.038	14	8	(0.07813506135741946,0.09597791277275601,0.09665655751116164,0.060132577056815406,0.0692343178834392,0.07501560702408029,0.08084866523323357,0.08627615312802651,0.06874248136908087,0.07870054650691595,)
112	810363339365987	74469	9	(541:58[0.09],548:62[0.13999999999999999],552:29[0.16],557:41[0.13999999999999999],563:19[0.13999999999999999],567:36[0.13999999999999999],568:330[0.16],569:158[0.16],570:62[0.13999999999999999],)	795	1342.6500000000221	-45.75590691823586	-5101.0999999999985	9	14.198	13	8	(0.04463079595366775,0.03942045689795405,0.11250536593332366,0.051454818798149164,0.07874934897513089,0.06466060217700106,0.05579025977640271,0.04617424030984802,0.05191899192082999,)
113	811666103681566	76018	4	(552:1420[0.17],563:36[0.15],569:45[0.15],571:45[0.15],)	1546	1344.4400000000223	-111.94962677877832	-5101.0999999999985	8	27.866	12	8	(0.05474698346025105,0.09617100870184704,0.05219295933222669,0.08740296299453669,)
114	812245165822771	76706	5	(552:184[0.16],563:374[0.16],571:42[0.16],572:70[0.15],573:18[0.15],)	688	1344.4400000000223	-131.8530712209253	-5101.0999999999985	8	12.674	12	8	(0.05753730446620435,0.06192889957531105,0.04927967561315595,0.0977381617710978,0.07158142345223718,)
115	812915816936306	77437	3	(552:238[0.15],572:313[0.16],573:177[0.16],)	728	1344.4400000000223	-210.98777197801678	-5101.0999999999985	8	14.072	13	8	(0.06258034295825764,0.050621935603007095,0.0844767438053454,)
116	813497759041958	77953	4	(572:19[0.15],573:311[0.15],575:24[0.15],577:149[0.15],)	503	1338.9200000000221	-504.6996242544687	-5101.0999999999985	8	10.45	14	8	(0.0999393057920065,0.04002010652474712,0.08926896576108527,0.06920945171680921,)
117	813984977933740	78453	4	(572:186[0.16],573:155[0.13999999999999999],575:49[0.16],577:114[0.13999999999999999],)	504	1338.9200000000221	-300.8424583333285	-5101.0999999999985	8	9.994	15	8	(0.041276766975699576,0.05965680675785333,0.11686141864398027,0.04124935057759817,)
118	814523604387403	78961	4	(572:94[0.15],573:113[0.12999999999999998],575:228[0.17],577:69[0.15],)	504	1338.9200000000221	-376.2925892857095	-5101.0999999999985	8	10.336	16	8	(0.06164255408860183,0.060242080248534204,0.07721512406770441,0.049000783681202524,)
119	815032246761740	79461	4	(572:127[0.16],573:181[0.13999999999999999],575:110[0.16],577:86[0.16],)	504	1338.9200000000221	-129.7744642857085	-5101.0999999999985	8	10.526	15	8	(0.06044908727252903,0.06098376680169421,0.07745590469129426,0.06982250281155136,)
120	815660434569198	80057	3	(572:320[0.15],573:226[0.12999999999999998],575:46[0.17],)	592	1338.7200000000219	-217.61741554053506	-5101.0999999999985	13	12.544	16	8	(0.05994471976960786,0.0711756609574572,0.08363656417626217,)
121	816211830342445	80568	4	(572:118[0.13999999999999999],573:241[0.11999999999999998],575:88[0.18000000000000002],581:56[0.15],)	503	1338.7200000000219	-120.3569085487029	-5101.0999999999985	13	11.232	16	8	(0.08017544335110986,0.05800182387807186,0.071124874467618,0.0844163891759055,)
122	816990243949080	81271	6	(572:291[0.15],573:114[0.10999999999999999],581:31[0.16],584:120[0.15],585:23[0.15],586:127[0.15],)	706	1338.7200000000219	-274.1948909348388	-5101.0999999999985	13	15.3	16	8	(0.06271375549691995,0.07863549211150818,0.06346491997828019,0.07596677393641052,0.06112821154076831,0.07427009282309613,)
123	817576566470144	81827	4	(572:136[0.13999999999999999],581:75[0.17],585:240[0.16],586:65[0.13999999999999999],)	516	1336.8400000000217	-734.3776666666647	-5101.0999999999985	13	10.004	16	8	(0.07465069297646172,0.09168686900123416,0.07734198833057791,0.07181637516130819,)
124	818108953726063	82361	5	(572:122[0.12999999999999998],581:116[0.18000000000000002],585:63[0.15],586:170[0.15],589:33[0.15],)	504	1336.8400000000217	-256.17630753967984	-5101.0999999999985	13	10.39	16	8	(0.05771163125634262,0.07010223435232342,0.04316757008003175,0.06085100720704775,0.08046344428853806,)
125	818547561333218	82873	5	(572:175[0.11999999999999998],581:106[0.17],585:114[0.16],586:32[0.13999999999999999],589:78[0.16],)	505	1342.170000000022	56.256671287132704	-5101.0999999999985	8	10.216	17	8	(0.06405965295537207,0.06669641256899067,0.03767937651697355,0.09341246057939982,0.09577115109544677,)
126	819137479664688	83448	5	(572:166[0.10999999999999999],581:19[0.16],585:34[0.15],586:317[0.15],589:40[0.17],)	576	1342.170000000022	73.8898350694495	-5101.0999999999985	8	12.954	17	8	(0.07972625396493245,0.08622153991030444,0.0770703005612401,0.08283493368992731,0.0825896757422683,)
127	819935860141443	84393	4	(572:166[0.09999999999999999],585:407[0.16],586:17[0.13999999999999999],589:352[0.18000000000000002],)	942	1342.170000000022	224.61964968153487	-5101.0999999999985	8	19.272	14	8	(0.062450099318074714,0.06264565873145743,0.1145526464571447,0.058334612214210324,)
128	820347981879325	84898	4	(572:169[0.09],585:87[0.15],586:99[0.15],589:149[0.17],)	504	1342.170000000022	262.2263888888939	-5101.0999999999985	8	10.19	15	8	(0.04079676859476232,0.05521262147903277,0.06878041220183705,0.045675063052264556,)
129	820797084404537	85400	5	(572:196[0.08],585:173[0.16],586:65[0.16],589:21[0.16],599:49[0.15],)	504	1342.170000000022	43.04146825397374	-5101.0999999999985	8	10.272	16	8	(0.04761005595109849,0.06327242781667747,0.08495265715996034,0.1279740716306215,0.10670547183202293,)
130	822642158426005	87305	4	(585:21[0.15],586:1092[0.17],589:179[0.17],599:613[0.16],)	1905	1342.1600000000217	-0.5131165354274149	-5101.0999999999985	12	40.448	16	8	(0.08859492419666146,0.07673302655861564,0.10805629647387184,0.062447512980890706,)
131	823980227899142	88661	9	(585:219[0.16],586:583[0.16],589:174[0.16],599:44[0.15],600:22[0.15],601:52[0.15],602:166[0.15],603:23[0.15],604:75[0.15],)	1358	1342.1600000000217	72.78431516937238	-5101.0999999999985	12	29.942	16	8	(0.10227845604887416,0.08563038628413239,0.07817195057614834,0.09605298110661081,0.09118426464134512,0.0631372905035298,0.10695021625550802,0.08991364285210339,0.057660687098920464,)
132	837710373730711	101907	14	(585:450[0.15],586:32[0.15],589:55[0.15],599:701[0.16],600:1607[0.16],601:1258[0.16],602:4567[0.13999999999999999],603:3956[0.16],604:108[0.13999999999999999],606:87[0.15],607:255[0.15],608:40[0.15],610:22[0.15],611:100[0.15],)	13238	1347.1400000000217	142.42767041849726	-5101.0999999999985	14	306.324	17	8	(0.06626587304921609,0.09667391141626953,0.10528172988642728,0.06900911355165178,0.05467893524068682,0.0816422969392118,0.054816883340196285,0.0387533490495382,0.09624234507975421,0.09307119067109222,0.08106293667851755,0.05329028065347713,0.08937569309196368,0.08928048488093827,)
133	838414013726048	102594	8	(586:95[0.16],589:28[0.13999999999999999],599:93[0.15],601:29[0.15],602:81[0.12999999999999998],603:18[0.15],604:173[0.12999999999999998],608:163[0.13999999999999999],)	680	1347.1400000000217	70.24691764706492	-5101.0999999999985	14	15.39	16	8	(0.08441609763107444,0.04269740234767392,0.07784874581309315,0.07761947646727191,0.05521265277805294,0.07767948458236242,0.06736264491045332,0.04878807525178684,)
134	840169648936936	104464	6	(589:491[0.15],599:703[0.13999999999999999],602:371[0.11999999999999998],603:33[0.16],604:124[0.11999999999999998],608:104[0.12999999999999998],)	1826	1347.1400000000217	227.5409320920107	-5101.0999999999985	14	40.628	17	8	(0.06347040037191845,0.07972707650665116,0.0568498488021036,0.12151115478091934,0.0977147685495626,0.06588123621067643,)
135	840707849230707	104982	6	(589:61[0.13999999999999999],599:34[0.12999999999999998],602:76[0.10999999999999999],603:233[0.17],604:55[0.10999999999999999],608:47[0.11999999999999998],)	506	1348.1400000000222	156.08688142293101	-5101.0999999999985	12	11.764	17	8	(0.0532800419679148,0.0832105447608478,0.07132590639585817,0.04897127823912531,0.04201673446861592,0.07950443926604864,)
136	841236993558455	105521	5	(599:184[0.13999999999999999],602:96[0.11999999999999998],603:98[0.16],604:113[0.11999999999999998],608:50[0.12999999999999998],)	541	1348.1400000000222	204.04800369686268	-5101.0999999999985	12	12.434	18	8	(0.054068978485936336,0.06426400140520479,0.03501443900038703,0.06457885908883589,0.06769438261601442,)
137	841749352652908	106045	5	(599:76[0.12999999999999998],602:186[0.12999999999999998],603:58[0.17],604:103[0.10999999999999999],608:82[0.13999999999999999],)	505	1348.1400000000222	327.25643564356983	-5101.0999999999985	12	12.034	18	8	(0.06359352455440027,0.0672777723577873,0.0863566246395006,0.07667158432865467,0.06315581099726014,)
138	842259272929511	106566	5	(599:134[0.13999999999999999],602:101[0.11999999999999998],603:27[0.18000000000000002],604:35[0.09999999999999999],608:208[0.15],)	505	1348.1400000000222	293.9957683168376	-5101.0999999999985	12	11.714	17	8	(0.06719113248826268,0.07061773069241309,0.05436952546933705,0.06586365116749915,0.08292265242143565,)
139	842772542961309	107070	6	(599:119[0.12999999999999998],602:88[0.10999999999999999],603:109[0.19000000000000003],604:90[0.10999999999999999],608:35[0.13999999999999999],626:64[0.15],)	505	1348.1400000000222	229.4174574257485	-5101.0999999999985	12	11.82	17	8	(0.0647269722087793,0.08247528307795672,0.05785568889848586,0.06624069610456364,0.08877875476473177,0.08140626358780226,)
140	843324610159069	107626	7	(599:44[0.11999999999999998],602:69[0.09999999999999999],604:47[0.09999999999999999],608:174[0.15],626:112[0.16],627:68[0.15],628:33[0.15],)	547	1343.4600000000216	256.1537477148132	-5101.0999999999985	11	13.086	18	8	(0.06628336559245616,0.06191224129809465,0.05914744348240395,0.08116436097972869,0.08087808406734666,0.09519181570088193,0.07207428510934609,)
141	844004649440776	108236	6	(599:27[0.12999999999999998],602:72[0.10999999999999999],604:63[0.10999999999999999],608:118[0.13999999999999999],626:134[0.15],627:176[0.16],)	590	1343.4600000000216	176.67198305085344	-5101.0999999999985	11	14.59	18	8	(0.0824945388711753,0.05429619361390839,0.05142147202277961,0.06524101019193919,0.06836917769146073,0.062033245893100844,)
142	844492572502635	108764	8	(599:30[0.13999999999999999],602:119[0.11999999999999998],604:109[0.11999999999999998],608:94[0.12999999999999998],626:38[0.13999999999999999],627:37[0.15],632:21[0.15],633:78[0.15],)	526	1339.3500000000217	253.1360266159747	-5101.0999999999985	13	11.734	16	8	(0.08825728691394617,0.07149859435997152,0.060928495396601175,0.07103305977867772,0.04381409149917316,0.10996114052798361,0.07195948392523792,0.06361111196493074,)
143	844972336729103	109305	8	(599:48[0.15],602:144[0.10999999999999999],604:59[0.10999999999999999],608:95[0.11999999999999998],626:17[0.15],627:78[0.16],632:35[0.16],633:45[0.13999999999999999],)	521	1339.3500000000217	282.4563339731345	-5101.0999999999985	13	11.29	16	8	(0.06790333590160233,0.06487359484917478,0.05164408948679312,0.07782437581333085,0.0843752426026972,0.07135349715974315,0.08414672042045418,0.05971542595197053,)
144	845481433074452	109856	7	(599:83[0.16],602:26[0.09999999999999999],604:29[0.11999999999999998],608:76[0.10999999999999999],626:216[0.16],627:59[0.15],633:58[0.15],)	547	1339.3500000000217	281.70398537477803	-5101.0999999999985	13	12.3	16	8	(0.05849812572469948,0.054563349427283664,0.08078555109071629,0.07551169408873766,0.06196614267597745,0.049507545323501115,0.06013886906050617,)
145	845980645931351	110377	6	(599:96[0.15],602:105[0.10999999999999999],604:127[0.12999999999999998],608:53[0.09999999999999999],626:57[0.15],627:69[0.16],)	507	1339.3500000000217	258.36851084813344	-5101.0999999999985	13	11.4	17	8	(0.06315148786938769,0.06964620379569064,0.057965506252227614,0.07027666218555854,0.060346368424332095,0.0815493322334513,)
146	846453837397536	110885	6	(599:28[0.13999999999999999],602:64[0.09999999999999999],604:71[0.11999999999999998],608:24[0.10999999999999999],626:163[0.16],627:156[0.17],)	506	1339.3500000000217	288.8230237154217	-5101.0999999999985	13	11.55	18	8	(0.08056714954446129,0.0763119073526967,0.08835544776779011,0.05668311466948752,0.07214813952418443,0.07630205401378896,)
147	847055937394294	111441	7	(599:47[0.15],602:42[0.10999999999999999],604:90[0.12999999999999998],608:65[0.11999999999999998],626:211[0.15],627:84[0.16],642:21[0.15],)	560	1339.3500000000217	112.77394642857783	-5101.0999999999985	13	13.264	18	8	(0.08608882786131411,0.08816896565067797,0.07371032213060434,0.058020431971105166,0.05849720440212648,0.06937257014784697,0.09725121007685875,)
148	847597906471276	112075	7	(599:129[0.16],602:58[0.11999999999999998],604:33[0.11999999999999998],608:111[0.12999999999999998],626:57[0.13999999999999999],627:82[0.15],642:158[0.16],)	628	1340.3600000000222	400.16238535032545	-5101.0999999999985	9	13.94	18	8	(0.05474566377401065,0.06617863745391409,0.09161679434032459,0.06976709971787805,0.07470900497952916,0.08903655136128359,0.07743616436945665,)
149	848126651589007	112599	9	(599:56[0.15],602:52[0.12999999999999998],604:57[0.12999999999999998],608:53[0.11999999999999998],626:103[0.15],627:52[0.13999999999999999],642:97[0.15],644:18[0.15],647:19[0.15],)	507	1340.3600000000222	187.75138067061698	-5101.0999999999985	9	11.686	18	8	(0.07696911051209239,0.08394887042759697,0.1078572892285074,0.08752591141324996,0.08134709291162737,0.07077222472934254,0.08731116148675164,0.05244380214840677,0.07484006342331188,)
