alpha = 0.15
gamma = 1.0
lambda = 0.6
epsilon = 0.3
randomSeed = 222
GREAT!
Xover: 4
---- Evolution parameters ----
Folder name:          NMSarsa_MountainCar-PuddleWorld/run_522218491184849
Random seed:          222
GREAT activated:      true
Max iterations:       150
Population size:      500
GREAT initialization  true
Speciation threshold: 0.15
Species min size:     15
Tournament size:      3
Crossover rate:       0.2
Mutation rate:        0.8
Crossovers:
	AligningCrossover_v4(0.15)
Mutations:
	AddGeneMutation(maxSize=2147483647, prob=0.33)
	DeleteGeneMutation(minSize=8, prob=0.33)
	ChangeGeneMutation(prob=0.33)
------------------------------

---- Starting evolution ----
IT	Nanotime	#Eval	#Species	Species size	PopSize	Best	Avg	Worst	Best GRN Size	Avg GRN size	Max GRN size	Min GRN size	Species avgdist2rep
0	524137129942593	997	1	(470:499[0.15],)	499	1926.0000000000275	-3390.73681362726	-5101.0999999999985	9	9.34	14	8	(0.06072805974105891,)
1	525062392875062	1497	3	(470:394[0.16],471:37[0.15],472:70[0.15],)	501	1965.770000000031	-2655.720848303392	-5101.0999999999985	8	9.69	14	8	(0.06522017246739721,0.0837491179228151,0.08044891019074832,)
2	525902462934201	2009	3	(470:352[0.15],471:97[0.16],472:54[0.16],)	503	1965.770000000031	-2038.9798628230603	-5101.0999999999985	8	9.66	15	8	(0.07877563026403524,0.06974636737526001,0.05628117936022069,)
3	526673326771613	2509	3	(470:95[0.13999999999999999],471:124[0.17],472:284[0.17],)	503	2329.7400000000353	-2033.4401351888641	-5101.0999999999985	9	9.214	14	8	(0.05591299067334417,0.07739369896304023,0.08062371745677348,)
4	527366283381354	3009	3	(470:134[0.15],471:213[0.18000000000000002],472:156[0.16],)	503	2329.7400000000353	-1445.5085765407541	-5101.0999999999985	9	9.54	14	8	(0.05677691666127192,0.07439223344364221,0.06352224001125147,)
5	528001992682752	3514	4	(470:142[0.16],471:92[0.17],472:206[0.17],474:63[0.15],)	503	2329.7400000000353	-1001.5109363817077	-5101.0999999999985	9	9.672	14	8	(0.07284796950640596,0.10405913973053217,0.08256886552969059,0.09443391580135557,)
6	528713191625039	4027	4	(470:55[0.15],471:239[0.18000000000000002],472:154[0.16],474:56[0.16],)	504	2329.7400000000353	-1267.303658730158	-5101.0999999999985	9	9.794	15	8	(0.0872354255217871,0.06297041081004957,0.07150877627273239,0.09154408980853089,)
7	529367009909654	4531	5	(470:110[0.16],471:179[0.17],472:42[0.15],474:81[0.17],478:92[0.15],)	504	2768.8300000000413	-983.4179801587267	-5101.0999999999985	8	9.646	15	8	(0.07193271154921897,0.08132151299682791,0.07952978963164722,0.08527543079197285,0.06875522377893276,)
8	530017940815791	5031	6	(470:20[0.15],471:225[0.16],472:80[0.16],474:132[0.18000000000000002],478:32[0.16],480:16[0.15],)	505	2768.8300000000413	-875.0192316831663	-5101.0999999999985	8	10.166	15	8	(0.0825235191422923,0.06742702673374601,0.0776341374203965,0.06921938269732465,0.05125009616659047,0.07245007544080276,)
9	530754138217964	5612	6	(470:34[0.16],471:221[0.15],472:23[0.17],474:87[0.17],478:113[0.17],480:97[0.16],)	575	2768.8300000000413	-815.1961443478242	-5101.0999999999985	8	11.998	16	8	(0.08381213386996897,0.09226276941487992,0.06882189635697371,0.08366268482493996,0.08640038920271426,0.0939552963287503,)
10	531447973523205	6118	7	(470:87[0.17],471:92[0.13999999999999999],472:151[0.18000000000000002],474:59[0.16],478:50[0.16],480:48[0.15],483:19[0.15],)	506	2768.8300000000413	-984.7802944664002	-5101.0999999999985	8	10.496	17	8	(0.07892880507115363,0.08984357700294358,0.07232936850666952,0.07558988995269149,0.052719802161867724,0.0897717144880708,0.1121939386114451,)
11	532155734119734	6646	7	(470:62[0.16],472:72[0.17],474:96[0.17],478:107[0.17],480:116[0.16],483:31[0.16],485:23[0.15],)	507	1318.950000000021	-849.9555976331328	-5101.0999999999985	9	10.604	17	8	(0.07427827377730753,0.09145471585286019,0.07196386425706594,0.08460654391469087,0.06651010427509296,0.06425748678052007,0.07726674966126264,)
12	532823542557976	7164	8	(470:37[0.17],472:76[0.16],474:75[0.16],478:40[0.16],480:154[0.15],488:40[0.15],489:55[0.15],491:30[0.15],)	507	1318.950000000021	-993.1296410256386	-5101.0999999999985	9	10.038	17	8	(0.05285012327283468,0.06903028206499158,0.07606649313893091,0.08326274747045129,0.08937947667442246,0.09570761115936523,0.06954518709952581,0.05296947034120589,)
13	533495415567711	7697	9	(470:94[0.18000000000000002],472:51[0.15],474:45[0.15],478:35[0.17],480:52[0.13999999999999999],488:75[0.16],489:100[0.16],491:39[0.16],492:33[0.15],)	524	1325.3300000000215	-886.6534160305309	-5101.0999999999985	10	10.288	17	8	(0.08615117194503775,0.07154605570255745,0.08157387263703274,0.09154526496099066,0.07547673095271706,0.07018839627345681,0.06551191390457953,0.10969621070078323,0.10581228562024042,)
14	534234023515891	8227	6	(472:50[0.16],474:46[0.16],480:124[0.15],489:117[0.15],491:30[0.17],492:142[0.16],)	509	1287.150000000022	-1031.5191296660112	-5101.0999999999985	14	10.55	18	8	(0.07536056494199217,0.06421671998385495,0.09084395021259734,0.09377928448363064,0.0680187576162101,0.05255217476993759,)
15	534919305639692	8737	8	(472:67[0.17],474:32[0.17],480:44[0.13999999999999999],489:74[0.13999999999999999],491:56[0.18000000000000002],492:103[0.15],497:55[0.15],499:75[0.15],)	506	1309.3300000000222	-864.6774347826063	-5101.0999999999985	11	10.542	18	8	(0.0720237243044839,0.08434928006682801,0.09247130788003508,0.0925840916294997,0.10715839385459751,0.07182768321726049,0.096252718841211,0.07259774122143466,)
16	535634815054787	9261	8	(472:46[0.16],474:52[0.18000000000000002],480:62[0.15],489:101[0.12999999999999998],491:80[0.19000000000000003],492:24[0.13999999999999999],497:57[0.16],499:86[0.13999999999999999],)	508	1304.1200000000217	-848.0089212598405	-5101.0999999999985	15	10.632	18	8	(0.06908413243803656,0.10229788748581842,0.08297784380298857,0.05874571383122279,0.11083808632692249,0.09451497110342809,0.0750566035736463,0.08045414983807048,)
17	536348073462688	9766	9	(472:42[0.17],474:25[0.19000000000000003],480:73[0.13999999999999999],489:114[0.11999999999999998],491:31[0.18000000000000002],492:83[0.15],497:99[0.17],499:24[0.12999999999999998],506:17[0.15],)	508	1304.1200000000217	-1004.2285944881869	-5101.0999999999985	15	10.672	18	8	(0.1007438469149997,0.09470434699286176,0.07871706716512328,0.07219414788352377,0.133550947031197,0.0827598961523652,0.08356973450151979,0.064224626445375,0.06590201808667571,)
18	537024054920930	10270	9	(472:48[0.18000000000000002],474:50[0.20000000000000004],480:53[0.12999999999999998],489:68[0.10999999999999999],491:80[0.19000000000000003],492:39[0.13999999999999999],497:101[0.16],499:48[0.13999999999999999],506:22[0.16],)	509	1306.4100000000217	-656.8317583497015	-5101.0999999999985	12	10.914	19	8	(0.07914470028989351,0.1160911600003154,0.08043100802736021,0.06473594249422449,0.07675533011553137,0.09728777636362161,0.0765882648502809,0.0887115477473633,0.09194361982519855,)
19	537737566130131	10819	5	(472:88[0.19000000000000003],474:50[0.21000000000000005],480:92[0.13999999999999999],492:71[0.15],497:214[0.15],)	515	1317.2000000000212	-661.2725009708709	-5101.0999999999985	12	10.868	15	8	(0.08743260472794252,0.11850338886847217,0.07161803356586939,0.0966669687874612,0.08424413596523518,)
20	538411748888297	11319	5	(472:139[0.20000000000000004],474:95[0.22000000000000006],480:65[0.15],492:43[0.16],497:163[0.13999999999999999],)	505	1317.2000000000212	-807.6857841584124	-5101.0999999999985	12	10.75	15	8	(0.1185636670527964,0.08910102427459514,0.0724685865384843,0.09303011517974276,0.09267928445459535,)
21	539068892458233	11819	5	(472:153[0.19000000000000003],474:56[0.23000000000000007],480:133[0.16],492:99[0.17],497:64[0.12999999999999998],)	505	1317.2000000000212	-761.1481445544516	-5101.0999999999985	12	10.52	16	8	(0.11322877609267983,0.10559772596446267,0.09390598147169855,0.07384813219766242,0.07375601448230658,)
22	539772085772523	12334	5	(472:40[0.18000000000000002],474:133[0.24000000000000007],492:103[0.18000000000000002],497:151[0.13999999999999999],512:78[0.15],)	505	1317.2000000000212	-835.8124792079176	-5101.0999999999985	12	10.762	16	8	(0.10336705419964706,0.10243060175961584,0.08026116478787147,0.07264086434447284,0.09157962194786437,)
23	540406860166570	12834	5	(472:132[0.19000000000000003],474:109[0.23000000000000007],492:102[0.17],497:66[0.12999999999999998],512:96[0.16],)	505	1317.2000000000212	-493.8805683168269	-5101.0999999999985	12	10.976	16	8	(0.09153385750529865,0.09908212994883332,0.07288503710056085,0.0922153100785136,0.06487701967726558,)
24	541038008115234	13334	5	(472:124[0.18000000000000002],474:193[0.22000000000000006],492:54[0.16],497:87[0.13999999999999999],512:47[0.17],)	505	1339.6100000000215	-455.54709306930204	-5101.0999999999985	9	10.904	16	8	(0.06930461356910607,0.08871843272733591,0.07772648449586038,0.10452228986551414,0.07822829311872481,)
25	541737771238929	13892	6	(472:24[0.17],474:161[0.21000000000000005],492:151[0.17],497:79[0.15],512:25[0.18000000000000002],514:105[0.15],)	545	1343.8500000000217	-648.6440495412799	-5101.0999999999985	10	10.958	15	8	(0.10462489536334996,0.08362480728382575,0.06941316858725724,0.0714506479586519,0.10941064468744034,0.10159522524303001,)
26	542476014731287	14403	6	(472:58[0.18000000000000002],474:121[0.20000000000000004],492:88[0.16],497:19[0.16],512:161[0.19000000000000003],514:59[0.13999999999999999],)	506	1343.8500000000217	-1354.1473794466378	-5101.0999999999985	10	9.85	14	8	(0.07731115948403353,0.0818201537463107,0.06572817873625197,0.10704332281517692,0.07088527156181246,0.07261318817631042,)
27	543141693358048	14903	6	(472:82[0.19000000000000003],474:24[0.19000000000000003],492:78[0.15],497:108[0.17],512:50[0.18000000000000002],514:164[0.15],)	506	1343.8500000000217	-1102.651830039523	-5101.0999999999985	10	9.94	15	8	(0.07030875345282843,0.08789561472498397,0.10241864850730145,0.07429593642950744,0.09631900130006713,0.10747159855041334,)
28	543812380091650	15403	6	(472:123[0.20000000000000004],474:77[0.20000000000000004],492:47[0.16],497:145[0.16],512:34[0.19000000000000003],514:80[0.13999999999999999],)	506	1343.8500000000217	-1064.8383517786515	-5101.0999999999985	10	9.792	15	8	(0.08509578061519137,0.08326059924240753,0.0684246013915849,0.09710332035335988,0.07792001474175911,0.0996549187740925,)
29	544456977373573	15919	6	(472:82[0.19000000000000003],474:73[0.21000000000000005],492:131[0.17],497:130[0.15],512:55[0.20000000000000004],514:35[0.15],)	506	1327.170000000022	-956.720181818179	-5101.0999999999985	9	9.668	16	8	(0.0934313606358765,0.08465884572200963,0.07683130863022583,0.09953444633413334,0.0627287133315166,0.07570943747293118,)
30	545054327935336	16432	5	(472:52[0.20000000000000004],474:56[0.22000000000000006],492:148[0.16],514:202[0.16],523:48[0.15],)	506	1327.170000000022	-790.4860256916961	-5101.0999999999985	9	9.412	15	8	(0.10140205014856868,0.12657246361701752,0.06300395987676723,0.0673771323584743,0.08169212429500311,)
31	545639065925680	16937	6	(472:83[0.21000000000000005],474:92[0.23000000000000007],492:111[0.15],514:157[0.15],523:46[0.16],524:16[0.15],)	505	1478.1200000000274	-649.6745683168265	-5101.0999999999985	8	9.876	16	8	(0.12137712199450772,0.11837482368463503,0.08805417594952959,0.08745123489266735,0.07564461938832476,0.10339949011630259,)
32	546320658972463	17481	5	(472:57[0.20000000000000004],514:96[0.13999999999999999],523:178[0.17],524:126[0.16],526:49[0.15],)	506	1328.870000000022	-753.6599367588891	-5101.0999999999985	11	10.404	16	8	(0.1306097926611802,0.06532172372387492,0.06901176426909977,0.052785350144734726,0.07180634331300678,)
33	546937553551429	17981	6	(472:113[0.21000000000000005],514:161[0.15],523:19[0.16],524:126[0.15],526:51[0.16],530:35[0.15],)	505	1328.870000000022	-822.267524752472	-5101.0999999999985	11	9.832	16	8	(0.08528245885805225,0.0630239592252903,0.08419704216489171,0.061593964408831504,0.05625402031619602,0.05086843626666204,)
34	547561309054958	18487	7	(472:78[0.20000000000000004],514:35[0.13999999999999999],523:62[0.17],524:106[0.13999999999999999],526:67[0.17],530:136[0.16],531:22[0.15],)	506	1335.4500000000219	-757.2884841897185	-5101.0999999999985	11	10.0	17	8	(0.09391425356804099,0.07408890316215595,0.08450469668945335,0.06399853334371294,0.08174101881701705,0.05752330684692078,0.087848373020289,)
35	548193575518924	18987	7	(472:139[0.19000000000000003],514:27[0.15],523:128[0.18000000000000002],524:23[0.12999999999999998],526:29[0.18000000000000002],530:81[0.15],531:80[0.16],)	507	1335.4500000000219	-942.7531163708043	-5101.0999999999985	11	9.746	18	8	(0.06613638222000551,0.09320987292020787,0.0831615208791807,0.07802154792572921,0.040811349782985,0.06734568460734532,0.055475830256694704,)
36	548837533251858	19513	8	(514:50[0.16],523:48[0.17],524:105[0.13999999999999999],526:90[0.19000000000000003],530:38[0.13999999999999999],531:44[0.15],533:90[0.15],534:59[0.15],)	524	1335.4500000000219	-611.1275038167886	-5101.0999999999985	11	10.522	16	8	(0.10226374345478022,0.07585013559513369,0.08752682632956658,0.09308567062125765,0.07557775784390577,0.09998640178482067,0.10460327502775943,0.09061086349294303,)
37	549490373995345	20041	8	(514:45[0.17],523:73[0.18000000000000002],524:54[0.12999999999999998],526:73[0.18000000000000002],530:27[0.15],531:50[0.16],533:53[0.13999999999999999],534:133[0.16],)	508	1335.4500000000219	-690.1085334645618	-5101.0999999999985	11	10.074	15	8	(0.08941956970903503,0.06832842114006309,0.08914713133995932,0.06290997240414342,0.07279430473159657,0.06507115739201694,0.06371387081235172,0.05462742311269122,)
38	550123130050769	20577	6	(514:76[0.18000000000000002],523:123[0.17],526:32[0.17],531:72[0.17],533:83[0.15],534:124[0.15],)	510	1332.7800000000218	-579.6743137254847	-5101.0999999999985	10	9.886	13	8	(0.09079982688090127,0.08491611158826205,0.09849238036637421,0.07383111646462018,0.08253400356000629,0.07605040626104953,)
39	550771503574378	21082	8	(514:66[0.19000000000000003],523:114[0.16],526:93[0.18000000000000002],531:34[0.18000000000000002],533:34[0.13999999999999999],534:116[0.13999999999999999],541:22[0.15],543:27[0.15],)	506	1332.7800000000218	-827.370039525686	-5101.0999999999985	10	9.778	13	8	(0.06821904764804132,0.08250903232337232,0.05029641879674535,0.06514137472508945,0.07467885215431089,0.08580119043804495,0.09193035022985474,0.05944824161643573,)
40	551538338866301	21583	8	(514:36[0.18000000000000002],523:36[0.15],526:31[0.17],531:33[0.19000000000000003],533:191[0.15],534:34[0.12999999999999998],541:39[0.16],543:108[0.16],)	508	1336.1300000000215	-1447.5883287401527	-5101.0999999999985	10	9.674	14	8	(0.08780057783243396,0.08116064328170752,0.056008986640808,0.0847534508555594,0.09271761148976977,0.09320044803242233,0.06807862678652044,0.06322984425770242,)
41	552507276988842	22092	7	(514:42[0.19000000000000003],531:21[0.20000000000000004],533:71[0.13999999999999999],534:185[0.13999999999999999],541:142[0.17],543:37[0.15],545:15[0.15],)	513	1336.1300000000215	-2413.4953411306	-5101.0999999999985	10	9.882	14	8	(0.08345250581119334,0.0733941232835714,0.0862639629268648,0.07110666082919918,0.07233756903937709,0.0728938605656773,0.07797387759220879,)
42	553432544848970	22592	7	(514:20[0.20000000000000004],531:33[0.21000000000000005],533:197[0.12999999999999998],534:46[0.12999999999999998],541:79[0.16],543:78[0.16],545:54[0.16],)	507	1336.1300000000215	-2419.0673727810613	-5101.0999999999985	10	9.662	14	8	(0.11279089220800101,0.06439869619676739,0.05352844096848741,0.08258997799902919,0.07755366353110699,0.0499719815843802,0.07448344526793732,)
43	554385702277771	23106	7	(531:57[0.22000000000000006],533:45[0.11999999999999998],534:78[0.13999999999999999],541:246[0.15],543:46[0.15],545:16[0.17],547:19[0.15],)	507	1336.1300000000215	-2464.951143984219	-5101.0999999999985	10	9.386	14	8	(0.07554653131635569,0.0750787436219417,0.09226699503013956,0.06859318629604291,0.06779143665279905,0.08846515976939405,0.0789597711861582,)
44	555211481656389	23613	6	(533:86[0.12999999999999998],534:66[0.12999999999999998],541:98[0.13999999999999999],543:18[0.16],545:63[0.18000000000000002],547:176[0.16],)	507	1336.1300000000215	-2262.9331558185404	-5101.0999999999985	10	9.308	15	8	(0.07179693247463687,0.06252283336379862,0.06934274180952668,0.1000740418651162,0.10436669824497133,0.04746228938336158,)
45	555971577770790	24130	5	(534:77[0.13999999999999999],541:187[0.12999999999999998],543:36[0.17],545:51[0.19000000000000003],547:155[0.15],)	506	1849.4600000000294	-1536.7082569169934	-5101.0999999999985	8	9.722	14	8	(0.07426993632384747,0.06273039623588411,0.052339011175022626,0.06976958254460296,0.055535443822405876,)
46	556675799067540	24635	5	(534:245[0.15],541:98[0.11999999999999998],543:42[0.18000000000000002],545:73[0.20000000000000004],547:47[0.13999999999999999],)	505	1849.4600000000294	-1288.8866118811843	-5101.0999999999985	8	9.822	15	8	(0.06790813892619518,0.07461375089787456,0.06413608949579268,0.06596086058222508,0.06823756007853667,)
47	557372021338516	25147	6	(534:147[0.13999999999999999],541:63[0.12999999999999998],543:63[0.19000000000000003],545:21[0.21000000000000005],547:194[0.15],551:17[0.15],)	505	1849.4600000000294	-1203.3220297029661	-5101.0999999999985	8	9.614	15	8	(0.07739944604971195,0.07949326056577526,0.0731700204296252,0.04980889089342236,0.08587722672492887,0.08494480445488607,)
48	558041593218531	25650	6	(534:158[0.12999999999999998],541:81[0.13999999999999999],543:61[0.20000000000000004],545:29[0.22000000000000006],547:108[0.13999999999999999],551:69[0.16],)	506	1849.4600000000294	-1214.337456521736	-5101.0999999999985	8	9.51	15	8	(0.058837603083292445,0.08341385809637823,0.06788456010436522,0.07927187640208434,0.07488963220606913,0.06486460249835894,)
49	558677513046766	26164	6	(534:117[0.11999999999999998],541:169[0.15],543:51[0.21000000000000005],545:35[0.23000000000000007],547:105[0.12999999999999998],551:29[0.17],)	506	1849.4600000000294	-856.2397193675837	-5101.0999999999985	8	9.746	15	8	(0.062256934930324144,0.07881577532350992,0.06732229883103827,0.07334795456954349,0.08781331007880408,0.07337883860772057,)
50	559344796484177	26688	5	(534:29[0.10999999999999999],541:159[0.13999999999999999],543:125[0.22000000000000006],545:46[0.24000000000000007],551:147[0.18000000000000002],)	506	1849.4600000000294	-755.4371976284527	-5101.0999999999985	8	10.004	16	8	(0.06792419112407748,0.08346265100458587,0.07429286683919943,0.07103175651057121,0.058795373565864964,)
51	559963702453142	27192	4	(541:69[0.12999999999999998],543:174[0.21000000000000005],545:120[0.25000000000000006],551:142[0.17],)	505	1942.8300000000283	-520.7534712871237	-5101.0999999999985	11	10.47	16	8	(0.09053797392701055,0.12064435243282079,0.11996862824263065,0.0767826942293654,)
52	560666708184898	27770	4	(541:64[0.13999999999999999],543:40[0.20000000000000004],545:279[0.26000000000000006],551:183[0.16],)	566	1942.8300000000283	-602.7260901060023	-5101.0999999999985	11	11.646	17	8	(0.08289519436601049,0.10518477220600382,0.0852273507390819,0.08285848983557789,)
53	561221127170676	28270	6	(541:36[0.15],543:230[0.21000000000000005],545:45[0.25000000000000006],551:150[0.15],560:15[0.15],561:28[0.15],)	504	1942.8300000000283	-545.5907956349156	-5101.0999999999985	11	9.592	17	8	(0.10826857593374624,0.11462374691035412,0.13304097641679646,0.06291932799198523,0.10193983449599857,0.08571123992091668,)
54	561832579063542	28770	6	(541:61[0.16],543:110[0.20000000000000004],545:68[0.26000000000000006],551:57[0.13999999999999999],560:129[0.16],561:81[0.16],)	506	1942.8300000000283	-636.9287944663971	-5101.0999999999985	11	10.096	17	8	(0.07656483970208812,0.10264258365814846,0.11867990032624963,0.08261190755672772,0.04099607689703487,0.06680602022264358,)
55	562438707186866	29270	6	(541:71[0.17],543:37[0.19000000000000003],545:80[0.2700000000000001],551:33[0.15],560:106[0.15],561:179[0.17],)	506	1942.8300000000283	-548.2204743082953	-5101.0999999999985	11	10.388	17	8	(0.08638205544133606,0.10523560248061022,0.09598200749730583,0.07626667842426835,0.04620789427505093,0.08918108850236571,)
56	563105049588762	29815	6	(541:53[0.18000000000000002],543:93[0.20000000000000004],545:66[0.2800000000000001],551:18[0.16],560:212[0.13999999999999999],561:94[0.16],)	536	1331.0500000000222	-672.463880597009	-5101.0999999999985	14	10.468	17	8	(0.09893667497104607,0.10598184632953632,0.11760600337615841,0.11974144490116473,0.07670146162334775,0.09632210393995384,)
57	563710525520128	30315	6	(541:59[0.19000000000000003],543:93[0.19000000000000003],545:109[0.2900000000000001],551:79[0.17],560:60[0.12999999999999998],561:106[0.15],)	506	1331.0500000000222	-549.2060217391245	-5101.0999999999985	14	10.162	17	8	(0.07605377153111982,0.090603434930648,0.0977085766562864,0.05917250733185583,0.06974718724004604,0.0775779190971759,)
58	564371365011281	30851	4	(543:121[0.18000000000000002],551:121[0.18000000000000002],560:223[0.13999999999999999],561:50[0.13999999999999999],)	515	1333.630000000021	-822.9559029126165	-5101.0999999999985	9	9.832	17	8	(0.08962281190920578,0.06543835762218989,0.06789984137109237,0.10708948602528266,)
59	564999643947742	31371	4	(543:227[0.19000000000000003],551:34[0.19000000000000003],560:140[0.12999999999999998],561:103[0.15],)	504	1333.630000000021	-552.8071428571374	-5101.0999999999985	9	10.196	18	8	(0.09023018908759486,0.06449414855079413,0.07278592431783315,0.05556482280213626,)
60	565582593382131	31884	4	(543:114[0.18000000000000002],551:234[0.20000000000000004],560:88[0.11999999999999998],561:68[0.16],)	504	1333.630000000021	-503.08970238094685	-5101.0999999999985	9	9.926	19	8	(0.08990352155997898,0.09414838703032388,0.07679271751907013,0.05652724903210166,)
61	566230829980387	32387	4	(543:298[0.19000000000000003],551:69[0.19000000000000003],560:98[0.12999999999999998],570:39[0.15],)	504	1344.8900000000217	-663.4755158730111	-5101.0999999999985	10	10.246	19	8	(0.09669189999213973,0.0823712232005755,0.09182173571476455,0.05984428783826184,)
62	566901814544378	32917	4	(543:59[0.18000000000000002],551:137[0.20000000000000004],560:63[0.13999999999999999],570:269[0.16],)	528	1344.8900000000217	-704.5158200757514	-5101.0999999999985	10	10.918	16	8	(0.09689219582223567,0.0911319983965614,0.09137682417056693,0.06587248172200136,)
63	567596729746467	33447	3	(543:149[0.19000000000000003],560:199[0.15],570:156[0.15],)	504	1789.040000000029	-592.3565873015822	-5101.0999999999985	8	11.064	17	8	(0.087171827586111,0.09903456433678433,0.06268251713593405,)
64	568253953092770	33958	4	(543:168[0.20000000000000004],560:152[0.13999999999999999],570:137[0.16],579:46[0.15],)	503	2471.460000000041	-537.2033996023798	-5101.0999999999985	12	11.178	18	8	(0.07030814253635818,0.0922712247631335,0.09331865897479978,0.08934889072489503,)
65	568853725147083	34464	6	(543:66[0.19000000000000003],560:88[0.12999999999999998],570:64[0.15],579:175[0.16],580:53[0.15],581:58[0.15],)	504	2906.0700000000393	-809.0548214285662	-5101.0999999999985	11	10.052	17	8	(0.09438785916144769,0.09025545028642883,0.09208109611118555,0.08596235364886409,0.11019260680769351,0.08258697576558358,)
66	569493170872082	35018	5	(570:130[0.16],579:80[0.15],580:86[0.16],581:208[0.16],583:32[0.15],)	536	1331.580000000022	-851.7004608208912	-5101.0999999999985	9	10.264	16	8	(0.07117359544404413,0.05791855725776627,0.06792457586713331,0.05803807616072936,0.10117784001195995,)
67	570051399930308	35520	5	(570:148[0.15],579:45[0.16],580:91[0.17],581:165[0.15],583:56[0.16],)	505	1919.8900000000313	-503.2568990098947	-5101.0999999999985	10	10.186	15	8	(0.07222578835496926,0.05434055699692996,0.06051590692516982,0.057383598273955415,0.05009626357537184,)
68	570603924303178	36033	4	(570:21[0.13999999999999999],579:185[0.17],580:182[0.18000000000000002],581:117[0.13999999999999999],)	505	1919.8900000000313	-589.9900297029652	-5101.0999999999985	10	9.738	14	8	(0.06145035481584873,0.06794516077232415,0.06512941248887756,0.06078250966447,)
69	571119700716933	36534	4	(570:119[0.15],579:171[0.16],580:159[0.17],581:55[0.15],)	504	2419.0200000000386	-330.45474206348524	-5101.0999999999985	9	9.606	14	8	(0.06320045198436103,0.07167471115487221,0.0662135482339669,0.08222718778364121,)
70	571750646224586	37077	4	(570:74[0.16],579:334[0.15],580:38[0.16],581:84[0.16],)	530	2419.0200000000386	-485.28186037735304	-5101.0999999999985	9	10.556	15	8	(0.0921762581812995,0.07428684273518121,0.1019135030733089,0.0768310407178204,)
71	572280973553097	37585	4	(570:39[0.17],579:170[0.13999999999999999],580:266[0.17],581:29[0.17],)	504	2419.0200000000386	-372.5203869047558	-5101.0999999999985	9	9.526	14	8	(0.05730390467900532,0.0552842383767415,0.06130759977520036,0.08745347742621472,)
72	572974714499583	38269	4	(570:193[0.18000000000000002],579:339[0.12999999999999998],580:88[0.16],591:61[0.15],)	681	2419.0200000000386	-427.3744199706254	-5101.0999999999985	9	12.56	13	8	(0.06736900321981634,0.07289006295379222,0.09638869967924743,0.0757419901206806,)
73	573610604873275	38772	4	(570:76[0.17],579:82[0.11999999999999998],580:103[0.17],591:243[0.16],)	504	2419.0200000000386	-1040.3062301587242	-5101.0999999999985	9	9.356	13	8	(0.0541861129049711,0.058097007139490786,0.07401724375222413,0.053829211888751255,)
74	574189101713284	39272	4	(570:136[0.18000000000000002],579:124[0.12999999999999998],580:228[0.18000000000000002],591:16[0.15],)	504	2419.0200000000386	-769.289087301582	-5101.0999999999985	9	9.452	13	8	(0.06365975066799835,0.07601242963280923,0.08999811279389389,0.09250928500867846,)
75	574720542509849	39782	5	(579:56[0.13999999999999999],580:177[0.17],591:131[0.16],593:119[0.15],594:21[0.15],)	504	2419.0200000000386	-438.4313670634854	-5101.0999999999985	9	9.452	12	8	(0.072746511983464,0.07981199852714428,0.08645468893261253,0.1125663817850275,0.08431588081607204,)
76	575258720514911	40287	5	(579:17[0.15],580:308[0.16],591:77[0.15],593:46[0.13999999999999999],594:57[0.16],)	505	2419.0200000000386	-588.1299207920738	-5101.0999999999985	9	9.312	13	8	(0.07738228118118728,0.0828113731625681,0.08617000876268122,0.052747507187431805,0.07417060724537256,)
77	575850923629691	40856	7	(579:40[0.16],580:56[0.15],591:203[0.16],593:111[0.15],594:104[0.17],597:19[0.15],598:34[0.15],)	567	2419.0200000000386	-360.3437389770658	-5101.0999999999985	9	11.004	13	8	(0.07522806924397721,0.06820776582910867,0.08555001993728889,0.0980011516073808,0.06985618122503777,0.0794120780878994,0.07474105051382728,)
78	576395236233043	41356	7	(579:50[0.17],580:120[0.16],591:39[0.15],593:29[0.13999999999999999],594:51[0.16],597:95[0.16],598:123[0.16],)	507	2419.0200000000386	-479.91404339249834	-5101.0999999999985	9	9.724	13	8	(0.060518306801669454,0.05860648004895415,0.08653988486091882,0.08515089159977453,0.06742962491907833,0.08867868552084966,0.054646462409860756,)
79	577001373370182	41885	7	(579:17[0.18000000000000002],580:53[0.15],591:78[0.16],593:22[0.15],594:136[0.17],597:139[0.15],598:86[0.15],)	531	2419.0200000000386	-482.30611299434423	-5101.0999999999985	9	10.648	14	8	(0.08727653887490389,0.07720030973074775,0.07458829865253022,0.07496775862032899,0.07876814006747987,0.04926033047726278,0.06593225346670731,)
80	577814004537378	42604	6	(580:69[0.16],591:70[0.15],593:144[0.16],594:32[0.16],597:167[0.13999999999999999],598:214[0.13999999999999999],)	696	2419.0200000000386	-473.90857758620047	-5101.0999999999985	9	13.538	14	8	(0.09920074332722298,0.05825597360034674,0.09010579312737085,0.07604813963377237,0.06310121414335522,0.057271848526971016,)
81	578362633345557	43104	7	(580:147[0.17],591:171[0.16],593:21[0.15],594:37[0.17],597:22[0.12999999999999998],598:89[0.12999999999999998],606:19[0.15],)	506	2419.0200000000386	-597.155980237149	-5101.0999999999985	9	9.532	13	8	(0.09859727080032162,0.07153734930039327,0.09292119264238151,0.09720307500739277,0.08374358131451017,0.055762758673583115,0.10799764325667598,)
82	578883763828972	43612	7	(580:26[0.16],591:108[0.15],593:115[0.16],594:90[0.18000000000000002],597:45[0.13999999999999999],598:55[0.11999999999999998],606:70[0.16],)	509	2419.0200000000386	-299.6478133595215	-5101.0999999999985	9	9.628	14	8	(0.055668431028515056,0.06519890405227248,0.0635933879641059,0.06728971495365041,0.07471460702220514,0.05550562175560152,0.053462094842617,)
83	579510046545712	44130	7	(580:74[0.17],591:72[0.13999999999999999],593:44[0.15],594:25[0.17],597:58[0.15],598:151[0.12999999999999998],606:85[0.17],)	509	2419.0200000000386	-651.7336267190512	-5101.0999999999985	9	9.978	15	8	(0.06864987534302568,0.06686365808113387,0.09213254248811696,0.07536656535123938,0.0708315988850749,0.06188045255168487,0.07733328261482335,)
84	580085536847017	44649	7	(580:85[0.16],591:24[0.12999999999999998],593:122[0.16],597:25[0.16],598:100[0.11999999999999998],606:88[0.16],610:63[0.15],)	507	2419.0200000000386	-303.341341222873	-5101.0999999999985	9	10.152	15	8	(0.07479429183790186,0.07267166542565665,0.08940759967330003,0.1116497896288919,0.07489744705565905,0.07437731464943584,0.05211254339806178,)
85	580667187743685	45165	8	(580:55[0.15],591:99[0.13999999999999999],593:119[0.15],597:39[0.17],606:35[0.15],610:93[0.16],612:24[0.15],614:43[0.15],)	507	2419.0200000000386	-427.67857988165133	-5101.0999999999985	9	10.172	15	8	(0.0835507763512654,0.07970577568506973,0.0802369199022824,0.09243271476855612,0.0680523806499309,0.05835538056837648,0.0726277973272656,0.08171921245619561,)
86	581266581442866	45701	6	(591:32[0.12999999999999998],593:58[0.13999999999999999],597:102[0.18000000000000002],606:85[0.16],612:160[0.16],614:71[0.16],)	508	2419.0200000000386	-402.7960629921204	-5101.0999999999985	9	9.926	14	8	(0.08341495840356922,0.07747150780069977,0.056952779814558076,0.05157908636266424,0.028283950867850505,0.07292104319496144,)
87	581813329057958	46230	7	(591:122[0.13999999999999999],593:24[0.15],597:133[0.17],606:94[0.15],612:78[0.15],619:64[0.15],620:19[0.15],)	534	2419.0200000000386	-421.1505243445635	-5101.0999999999985	9	10.042	13	8	(0.08557177864198076,0.08302093866969867,0.06477146328849669,0.09108738552677825,0.08543653837796254,0.0944298256382529,0.06036902904568305,)
88	582353159271705	46744	6	(591:137[0.12999999999999998],597:96[0.16],606:107[0.13999999999999999],612:18[0.13999999999999999],619:61[0.16],620:88[0.16],)	507	2419.0200000000386	-419.9412623274107	-5101.0999999999985	9	9.638	13	8	(0.06798287444359602,0.08469855480585071,0.07991224362286634,0.0812773369341761,0.08700625828629989,0.049859815189580006,)
89	582881441130584	47252	5	(591:85[0.11999999999999998],597:23[0.15],612:109[0.15],619:135[0.17],620:154[0.15],)	506	2419.0200000000386	-338.9333596837885	-5101.0999999999985	9	9.668	13	8	(0.0660471819874644,0.09371842762124256,0.07127411970855209,0.08541357539583577,0.05592510388954925,)
90	583440833637144	47759	5	(591:80[0.12999999999999998],597:142[0.16],612:56[0.13999999999999999],619:71[0.16],624:156[0.15],)	505	2419.0200000000386	-331.26047524751743	-5101.0999999999985	9	10.018	14	8	(0.06569181471230409,0.058081052809091406,0.07785437060197467,0.07383913109664351,0.05584345604300177,)
91	584076151892380	48323	7	(591:73[0.13999999999999999],597:198[0.15],619:71[0.17],624:99[0.13999999999999999],626:28[0.15],627:55[0.15],629:39[0.15],)	563	2419.0200000000386	-430.63971936056197	-5101.0999999999985	9	11.43	14	8	(0.07758299439467885,0.06683810042803537,0.06521548324129421,0.07135511622312223,0.0641322469798553,0.07645713800443871,0.06093253760244602,)
92	584815030732720	48869	7	(591:90[0.12999999999999998],597:164[0.13999999999999999],619:97[0.16],624:49[0.12999999999999998],626:78[0.16],627:41[0.16],629:21[0.16],)	540	2419.0200000000386	-662.4820259259186	-5101.0999999999985	9	11.174	14	8	(0.06522538020038882,0.07823242583646116,0.07861507222317239,0.05275401233309311,0.0560671750554007,0.08732638028109839,0.061625445237820466,)
93	585479870306579	49396	6	(591:62[0.11999999999999998],597:191[0.12999999999999998],619:77[0.15],624:22[0.13999999999999999],626:152[0.15],629:22[0.17],)	526	2419.0200000000386	-502.68783269961386	-5101.0999999999985	9	11.098	15	8	(0.043889679860888396,0.050444106556740295,0.07581372753964702,0.07168780301700045,0.06403825507132711,0.07436532382941229,)
94	586213299091728	49964	5	(591:185[0.12999999999999998],597:167[0.11999999999999998],624:21[0.15],626:94[0.13999999999999999],629:102[0.18000000000000002],)	569	1747.520000000034	-394.75130052723443	-5101.0999999999985	8	12.5	15	8	(0.046068084071104284,0.04705337758849344,0.0829545044369555,0.05158698584350504,0.0617211389914862,)
95	586847767693771	50475	4	(591:213[0.11999999999999998],597:130[0.10999999999999999],624:93[0.16],626:69[0.15],)	505	1747.520000000034	-317.1887821782114	-5101.0999999999985	8	11.03	16	8	(0.05409975195868257,0.06358667901594135,0.04033221008659765,0.0787046467787586,)
96	587619108827801	51088	4	(591:304[0.10999999999999999],597:253[0.09999999999999999],626:21[0.16],633:29[0.15],)	607	1747.520000000034	-274.08241515650036	-5101.0999999999985	8	13.55	15	8	(0.053691128388114996,0.04903875855494834,0.09234606012259253,0.036991487069447895,)
97	591002134115034	54126	5	(597:727[0.09],626:1388[0.17],633:236[0.16],636:445[0.15],637:241[0.15],)	3037	1351.0500000000218	-383.1576259466521	-5101.0999999999985	9	63.33	14	8	(0.08196826327429292,0.05349677341598525,0.11459514651328576,0.07341221974793592,0.07210289167956546,)
98	591641516729383	54671	5	(597:197[0.08],626:98[0.16],633:28[0.15],636:47[0.13999999999999999],637:172[0.13999999999999999],)	542	1507.6700000000246	-524.4575110701053	-5101.0999999999985	8	10.922	14	8	(0.031062137916599935,0.046211498508974574,0.022568142743018473,0.07562528293515487,0.04574750404734795,)
99	592196848803880	55171	5	(597:20[0.07],626:204[0.17],633:44[0.16],636:104[0.15],637:133[0.12999999999999998],)	505	2717.3300000000404	-366.04244950494433	-5101.0999999999985	9	10.082	15	8	(0.04070484672825602,0.058799530097783756,0.03509252016485594,0.038482544211716437,0.054529188558404905,)
100	593264881085746	56084	6	(626:273[0.16],633:63[0.17],636:90[0.13999999999999999],637:439[0.11999999999999998],639:33[0.15],640:17[0.15],)	915	2717.3300000000404	-488.3450524590098	-5101.0999999999985	9	18.592	15	8	(0.05171504459820296,0.0742769632878696,0.08442953342145695,0.05212684093583644,0.07069117367380649,0.08397098850201143,)
101	593899513331204	56616	6	(626:68[0.15],633:82[0.18000000000000002],636:38[0.12999999999999998],637:160[0.10999999999999999],639:171[0.16],640:18[0.16],)	537	2717.3300000000404	-569.0446201117262	-5101.0999999999985	9	10.994	14	8	(0.06746291136611067,0.05030201957231727,0.07878649445758458,0.05826191218773817,0.046644371609704006,0.09458166395236545,)
102	594427281558080	57116	6	(626:43[0.16],633:120[0.19000000000000003],636:73[0.13999999999999999],637:51[0.09999999999999999],639:80[0.15],640:139[0.17],)	506	2717.3300000000404	-318.0149209486099	-5101.0999999999985	9	9.718	15	8	(0.07353819017516904,0.06679065467277691,0.07896979482101392,0.06333405059816695,0.06479581241142926,0.08108143069498792,)
103	595007447265423	57616	7	(626:226[0.17],633:22[0.18000000000000002],636:69[0.15],637:83[0.10999999999999999],639:30[0.16],640:49[0.16],641:27[0.15],)	506	2717.3300000000404	-522.2774505928788	-5101.0999999999985	9	9.89	14	8	(0.07006230245679015,0.07521167523377262,0.07345281322340531,0.057969158111039774,0.07598290039502957,0.045387594999084964,0.06120566829292945,)
104	595603300458950	58116	7	(626:37[0.16],633:40[0.19000000000000003],636:30[0.16],637:57[0.09999999999999999],639:118[0.17],640:203[0.17],641:22[0.16],)	507	2717.3300000000404	-682.7774930966405	-5101.0999999999985	9	9.882	15	8	(0.08190035731009272,0.09150237765782669,0.06973511149115756,0.06918145070617764,0.08515847400679287,0.058482898950923665,0.0858630107824174,)
105	596157058843006	58616	7	(626:21[0.17],633:63[0.20000000000000004],636:90[0.17],637:99[0.10999999999999999],639:48[0.16],640:131[0.16],641:55[0.17],)	507	2717.3300000000404	-411.7275818540368	-5101.0999999999985	9	9.876	15	8	(0.09076952497455763,0.08555699609301458,0.0802527477984508,0.05789078371784733,0.07260136787243077,0.07460975124309308,0.07461292023948524,)
106	596810108421691	59145	6	(626:163[0.18000000000000002],637:121[0.09999999999999999],639:68[0.17],640:33[0.15],641:65[0.18000000000000002],642:57[0.15],)	507	2717.3300000000404	-558.377792899402	-5101.0999999999985	9	10.256	15	8	(0.10249005350716926,0.07051742565637842,0.0960024998580108,0.10258788259883213,0.08723047534741357,0.08647370953190427,)
107	597425146584483	59648	6	(626:130[0.17],637:15[0.09],639:94[0.18000000000000002],640:105[0.16],641:135[0.19000000000000003],642:27[0.16],)	506	2717.3300000000404	-591.9898814229183	-5101.0999999999985	9	10.288	16	8	(0.08366883847812939,0.06854854609278815,0.10146457707339263,0.07895066826361564,0.08312534144273571,0.09245572506308093,)
108	598187865468408	60294	6	(626:32[0.16],637:40[0.09999999999999999],639:98[0.17],640:117[0.15],641:88[0.18000000000000002],642:267[0.17],)	642	1354.1800000000221	-599.9788317756944	-5101.0999999999985	11	12.602	17	8	(0.09722825561596006,0.08212837571302958,0.10452287517602557,0.07529077839064932,0.0928287967659152,0.06878716131304592,)
109	598827964614030	60798	8	(626:73[0.17],637:123[0.10999999999999999],639:33[0.16],640:79[0.13999999999999999],641:93[0.17],642:41[0.16],647:38[0.15],648:26[0.15],)	506	1354.1800000000221	-567.1193181818115	-5101.0999999999985	11	10.51	18	8	(0.07604401115291533,0.05598845864717487,0.0821958191086316,0.07853284340260579,0.08632863164744492,0.09538434605718835,0.09586324001018476,0.0952370865095807,)
110	599461260227699	61311	11	(626:47[0.16],637:38[0.09999999999999999],639:35[0.17],640:35[0.12999999999999998],641:36[0.16],642:41[0.17],647:68[0.16],648:102[0.16],651:20[0.15],652:20[0.15],654:66[0.15],)	508	1354.1800000000221	-583.1039685039304	-5101.0999999999985	11	10.316	17	8	(0.08629031172219988,0.048346354323251496,0.11831301871549275,0.09537835429349228,0.09175613498331782,0.10159571619915213,0.06740383808964534,0.07606931722407162,0.07120043908615695,0.06871328179063632,0.06422148964900291,)
111	600087042183625	61830	11	(626:36[0.15],637:58[0.10999999999999999],639:38[0.18000000000000002],640:83[0.13999999999999999],641:67[0.17],642:61[0.18000000000000002],647:32[0.15],648:33[0.15],651:38[0.16],652:33[0.16],654:48[0.13999999999999999],)	527	1354.1800000000221	-434.89421252371153	-5101.0999999999985	11	10.686	18	8	(0.09122513840518005,0.09050956744731337,0.08049893028260124,0.0857914572404198,0.09762865681281463,0.09192475856392457,0.07944844096391891,0.08551355644039262,0.04172531773000033,0.06948019735699276,0.0672014125254864,)
112	600759406292438	62364	10	(626:37[0.16],639:96[0.19000000000000003],640:72[0.12999999999999998],641:44[0.16],642:37[0.17],647:67[0.16],648:93[0.16],651:30[0.17],652:25[0.17],654:38[0.12999999999999998],)	539	1354.1800000000221	-635.9290890537969	-5101.0999999999985	11	10.928	15	8	(0.07140397585227248,0.08261817012764554,0.11066812478924164,0.09550780363848274,0.08476749377376543,0.06913959958248386,0.08440418215223357,0.05526742690260016,0.09542510690018412,0.08363680225615411,)
113	601366290401987	62893	8	(626:38[0.17],639:38[0.18000000000000002],640:73[0.11999999999999998],642:62[0.18000000000000002],647:70[0.15],648:32[0.15],652:137[0.18000000000000002],654:63[0.13999999999999999],)	513	1349.5300000000218	-490.2893060428792	-5101.0999999999985	13	10.036	15	8	(0.07325629411506977,0.08088461947350732,0.06630792965247186,0.08037448021562402,0.07764900229338735,0.08361399609258341,0.046009439854877814,0.059600499042762455,)
114	601996932643845	63421	7	(626:25[0.18000000000000002],639:29[0.19000000000000003],642:47[0.17],647:50[0.13999999999999999],648:253[0.16],652:77[0.17],654:27[0.12999999999999998],)	508	2261.890000000038	-700.1533267716484	-5101.0999999999985	9	9.63	16	8	(0.06016795061779743,0.11675315911167408,0.08622963835298039,0.09322067774779107,0.07183777180599515,0.07153967717605197,0.04074063764707253,)
115	602659639796668	63970	7	(626:31[0.19000000000000003],639:50[0.20000000000000004],642:145[0.18000000000000002],647:82[0.15],648:83[0.15],652:91[0.16],654:71[0.13999999999999999],)	553	2261.890000000038	-529.7811482820916	-5101.0999999999985	9	11.028	17	8	(0.08369823394225095,0.08883226481410868,0.08262388465496093,0.08318741548157613,0.09552392869108502,0.10001988772975763,0.08643890657203761,)
116	603259698148942	64475	7	(626:65[0.20000000000000004],639:74[0.21000000000000005],647:86[0.13999999999999999],648:102[0.13999999999999999],652:40[0.15],654:124[0.12999999999999998],660:16[0.15],)	507	2261.890000000038	-503.2532899408211	-5101.0999999999985	9	10.18	17	8	(0.07449203089019353,0.08804057570361401,0.07931677571630501,0.06202211013155205,0.06532586480142702,0.08662480084442563,0.059581488545637475,)
117	603894938948330	64996	6	(626:49[0.21000000000000005],639:40[0.20000000000000004],648:153[0.12999999999999998],652:80[0.16],654:29[0.11999999999999998],660:156[0.16],)	507	2261.890000000038	-641.0477376725773	-5101.0999999999985	9	9.716	15	8	(0.07615198840646344,0.08947099174891852,0.07346682717914971,0.08323074150112736,0.07629773322638746,0.08844440826468486,)
118	604559837445777	65559	4	(639:40[0.21000000000000005],652:247[0.17],654:144[0.12999999999999998],660:105[0.15],)	536	2261.890000000038	-641.8920149253678	-5101.0999999999985	9	10.57	15	8	(0.10959702308572117,0.07646853675358718,0.05592486372148832,0.060842912592987554,)
119	605169709845532	66065	4	(639:107[0.22000000000000006],652:113[0.16],654:171[0.11999999999999998],660:113[0.16],)	504	2261.890000000038	-688.4234325396759	-5101.0999999999985	9	9.716	15	8	(0.08265396802681389,0.09045131013703613,0.07545220134149853,0.0842260063139507,)
120	605759647572760	66565	6	(639:152[0.23000000000000007],652:96[0.17],654:94[0.10999999999999999],660:125[0.17],665:16[0.15],666:21[0.15],)	504	2261.890000000038	-488.2749761904699	-5101.0999999999985	9	10.064	16	8	(0.10898088141948233,0.08377896892049098,0.06327191901698505,0.07177673015105011,0.09871960169687212,0.08726938506581956,)
121	606315149010172	67070	7	(639:61[0.22000000000000006],652:30[0.16],654:60[0.09999999999999999],660:181[0.16],665:66[0.16],666:89[0.16],669:19[0.15],)	506	2261.890000000038	-436.931106719361	-5101.0999999999985	9	9.644	15	8	(0.10341797662517078,0.12190118694845396,0.050586931672556935,0.09155090031738983,0.08787860020924385,0.08155420185631276,0.0958193475808415,)
122	606930497001693	67626	6	(639:224[0.23000000000000007],654:38[0.10999999999999999],660:117[0.15],665:70[0.17],666:85[0.15],669:21[0.16],)	555	1500.6300000000256	-405.26895495494995	-5101.0999999999985	8	11.018	15	8	(0.06927097167773318,0.05275199553811256,0.05275425971428743,0.08211248532108967,0.05081682425717085,0.06705403694325206,)
123	607443963722332	68126	6	(639:21[0.22000000000000006],654:19[0.11999999999999998],660:54[0.13999999999999999],665:36[0.18000000000000002],666:177[0.13999999999999999],669:199[0.17],)	506	1500.6300000000256	-509.9781857707457	-5101.0999999999985	8	9.174	15	8	(0.05735221144998438,0.05419747389538434,0.05336857675792243,0.08611636205414294,0.04225646548724646,0.09700010744046669,)
124	608000958816322	68695	5	(654:28[0.12999999999999998],660:41[0.15],665:90[0.19000000000000003],666:241[0.12999999999999998],669:160[0.16],)	560	1500.6300000000256	-355.9618053571369	-5101.0999999999985	8	10.226	14	8	(0.07756418526091047,0.04658389911964524,0.09197502646879639,0.07207225595534311,0.0953763230570255,)
125	608663261395654	69341	7	(654:20[0.13999999999999999],660:42[0.16],665:114[0.20000000000000004],666:192[0.11999999999999998],669:187[0.15],671:38[0.15],675:41[0.15],)	634	1500.6300000000256	-413.6587917981008	-5101.0999999999985	8	11.792	15	8	(0.10049985399780859,0.04549941650773078,0.07960537142344662,0.05558114754818933,0.07376522880740409,0.06660708405243088,0.09710048043803031,)
126	609270451467213	69871	5	(660:74[0.17],665:20[0.19000000000000003],666:91[0.10999999999999999],671:290[0.16],675:39[0.16],)	514	1500.6300000000256	-911.7119961089447	-5101.0999999999985	8	9.458	12	8	(0.050215901812958375,0.09205079852301742,0.05925963650427948,0.07263027022081457,0.09581911565395271,)
127	609848194002806	70405	5	(665:114[0.20000000000000004],666:116[0.11999999999999998],671:116[0.15],675:77[0.17],678:82[0.15],)	505	1352.340000000022	-522.4913069306862	-5101.0999999999985	8	9.466	13	8	(0.08297894894897759,0.0795100581473476,0.08258070592973082,0.07213954692212013,0.06414366300082953,)
128	610419669958516	70920	6	(665:138[0.19000000000000003],666:87[0.10999999999999999],671:82[0.13999999999999999],675:39[0.18000000000000002],678:120[0.16],681:39[0.15],)	505	1352.340000000022	-461.85962376236984	-5101.0999999999985	8	9.662	14	8	(0.06427926910923054,0.06660027568961609,0.07957288429911175,0.07358156862168329,0.06567526933714814,0.07097067137751108,)
129	611017899860228	71442	6	(665:81[0.18000000000000002],666:80[0.09999999999999999],671:39[0.15],675:109[0.19000000000000003],678:44[0.15],681:153[0.16],)	506	1352.340000000022	-464.9872529644207	-5101.0999999999985	8	10.032	14	8	(0.07917616549141442,0.06809754513047492,0.09488366177956402,0.06651223997158386,0.08869949115410236,0.07223164210857148,)
130	611607306780964	71959	6	(665:36[0.19000000000000003],666:87[0.10999999999999999],671:126[0.16],675:65[0.18000000000000002],678:107[0.16],681:85[0.15],)	506	1349.5000000000216	-469.07966205533023	-5101.0999999999985	9	9.926	15	8	(0.09263252051235514,0.06790792758226198,0.0841362827654102,0.09833861284503327,0.07171511662738915,0.07115740656751392,)
131	612247292616689	72471	6	(665:120[0.20000000000000004],666:22[0.09999999999999999],671:59[0.15],675:62[0.19000000000000003],678:50[0.15],681:202[0.13999999999999999],)	515	1347.8100000000215	-597.3962776698957	-5101.0999999999985	10	10.416	15	8	(0.06818307214508708,0.059255042021711904,0.07825054029848842,0.1035164687367064,0.0689710427041708,0.07599832383484095,)
132	612880140841502	72995	7	(665:25[0.19000000000000003],666:101[0.10999999999999999],671:98[0.16],675:88[0.20000000000000004],681:139[0.12999999999999998],691:37[0.15],693:18[0.15],)	506	1349.9800000000218	-672.3511462450534	-5101.0999999999985	9	10.162	15	8	(0.0948653653560561,0.07166735473973146,0.07633658866923496,0.08087705079271922,0.08364060737474309,0.10583486614404879,0.07701947319381859,)
133	613805847186987	73504	5	(665:45[0.20000000000000004],666:17[0.09999999999999999],675:79[0.19000000000000003],681:44[0.11999999999999998],693:322[0.16],)	507	1349.9800000000218	-2743.7165976331366	-5101.0999999999985	9	9.678	16	8	(0.08010860567127139,0.06275098019888001,0.0752824816132035,0.07484506714186717,0.0482842605795881,)
134	614883647922278	74046	3	(675:49[0.20000000000000004],681:36[0.12999999999999998],693:439[0.15],)	524	1350.2600000000216	-2829.1129007633613	-5101.0999999999985	11	10.472	15	8	(0.10864691946047238,0.06974577808025234,0.04994670561646736,)
135	615973403324806	74611	2	(675:57[0.21000000000000005],693:500[0.13999999999999999],)	557	1350.2600000000216	-2316.2596552962245	-5101.0999999999985	11	11.496	14	8	(0.10999832680085957,0.051586862245144624,)
136	616863157337167	75119	3	(675:22[0.22000000000000006],693:455[0.12999999999999998],695:25[0.15],)	502	1350.2600000000216	-1772.3943685258903	-5101.0999999999985	11	10.594	15	8	(0.10850469215879373,0.04993690556736765,0.08109076035343123,)
137	617650225870536	75719	2	(693:291[0.11999999999999998],695:298[0.16],)	589	1350.2600000000216	-1297.5976468590795	-5101.0999999999985	11	11.16	15	8	(0.06776372882470168,0.054521649943244585,)
138	618225069101040	76228	3	(693:222[0.10999999999999999],695:258[0.15],698:22[0.15],)	502	1350.2600000000216	-782.281992031868	-5101.0999999999985	11	9.596	14	8	(0.057318719878472466,0.054602374356851904,0.051204045705569155,)
139	618724954971164	76728	6	(693:49[0.09999999999999999],695:49[0.13999999999999999],698:287[0.16],701:23[0.15],702:51[0.15],703:44[0.15],)	503	1350.2600000000216	-524.6812664015852	-5101.0999999999985	11	9.368	14	8	(0.08268292979537492,0.08281740676458088,0.06798846514540904,0.08986905907711948,0.07784206661857059,0.08156506062845358,)
140	619280179817825	77229	6	(693:48[0.10999999999999999],695:113[0.15],698:140[0.15],701:115[0.16],702:40[0.16],703:50[0.16],)	506	1350.2600000000216	-961.1574308300354	-5101.0999999999985	11	9.374	14	8	(0.06647673070152217,0.053572546210483234,0.06329172590931194,0.03560722792943394,0.0522324643944608,0.044575345600155324,)
141	619818709967081	77736	7	(693:56[0.11999999999999998],695:59[0.13999999999999999],698:99[0.13999999999999999],701:96[0.15],702:121[0.17],703:56[0.17],706:22[0.15],)	509	1334.160000000022	-748.8919960707226	-5101.0999999999985	9	9.268	12	8	(0.07323221609604465,0.0657994134399443,0.07686047846374798,0.06240066880112135,0.06492530963631787,0.07729338621645666,0.0809525134545776,)
142	620422617451682	78338	7	(693:86[0.12999999999999998],698:139[0.12999999999999998],701:79[0.13999999999999999],702:44[0.16],703:55[0.18000000000000002],706:142[0.16],708:38[0.15],)	583	1334.160000000022	-445.161732418519	-5101.0999999999985	9	10.868	12	8	(0.06996762275418379,0.07886948143247334,0.06759940279603814,0.05834944231051651,0.0964384917485962,0.05399034933088784,0.07231476598767787,)
143	621076726875180	78897	4	(698:284[0.11999999999999998],702:54[0.17],703:98[0.19000000000000003],708:108[0.16],)	544	1344.7700000000218	-1083.5818749999955	-5101.0999999999985	12	9.976	12	8	(0.06865486391534317,0.06281625877563403,0.058099470793245525,0.06337785703517183,)
144	621685156203890	79404	4	(702:267[0.18000000000000002],703:145[0.20000000000000004],708:68[0.17],711:24[0.15],)	504	1332.1200000000217	-1229.9257539682492	-5101.0999999999985	11	9.158	12	8	(0.07355826792954587,0.0645889846542113,0.08197591789858742,0.09149711329493525,)
145	622311972597106	79904	4	(702:44[0.17],703:55[0.19000000000000003],708:227[0.18000000000000002],711:178[0.16],)	504	1626.9000000000217	-1434.4094642857094	-5101.0999999999985	8	8.998	12	8	(0.07081362667798619,0.08242855188038292,0.06872021462467892,0.05699601424703751,)
146	622845316289113	80406	5	(702:148[0.18000000000000002],703:16[0.20000000000000004],708:120[0.17],711:196[0.15],713:24[0.15],)	504	1626.9000000000217	-723.4908134920587	-5101.0999999999985	8	9.254	13	8	(0.06419009355720046,0.06832565451547314,0.08890015357636358,0.04534987691478535,0.08644045886986783,)
147	623367287823508	80927	5	(702:220[0.17],703:28[0.21000000000000005],708:121[0.16],711:127[0.13999999999999999],713:19[0.16],)	515	1626.9000000000217	-428.74921165048	-5101.0999999999985	8	9.712	13	8	(0.06715246333046933,0.06979576409852144,0.07511823576689487,0.06167241667327763,0.09861962275174026,)
148	623949318833996	81485	5	(702:156[0.16],703:94[0.22000000000000006],708:130[0.15],711:55[0.12999999999999998],713:127[0.17],)	562	1626.9000000000217	-531.2358665480361	-5101.0999999999985	8	10.52	14	8	(0.0721721386542126,0.10295916612114821,0.05764297722615252,0.07565374256827594,0.04453807839225656,)
149	624517301627003	82010	4	(702:119[0.15],703:311[0.23000000000000007],708:34[0.13999999999999999],713:53[0.16],)	517	1626.9000000000217	-615.3228820115995	-5101.0999999999985	8	9.938	13	8	(0.0792672982720514,0.07986224510759501,0.08903922483982427,0.06813575721931302,)
