alpha = 0.15
gamma = 1.0
lambda = 0.6
epsilon = 0.3
randomSeed = 111
GREAT!
Xover: 4
---- Evolution parameters ----
Folder name:          NMSarsa_Maze-ActorCriticPendulum/run_352005071339307
Random seed:          111
GREAT activated:      true
Max iterations:       150
Population size:      500
GREAT initialization  true
Speciation threshold: 0.15
Species min size:     15
Tournament size:      3
Crossover rate:       0.2
Mutation rate:        0.8
Crossovers:
	AligningCrossover_v4(0.15)
Mutations:
	AddGeneMutation(maxSize=2147483647, prob=0.33)
	DeleteGeneMutation(minSize=8, prob=0.33)
	ChangeGeneMutation(prob=0.33)
------------------------------

---- Starting evolution ----
IT	Nanotime	#Eval	#Species	Species size	PopSize	Best	Avg	Worst	Best GRN Size	Avg GRN size	Max GRN size	Min GRN size	Species avgdist2rep
0	355291917169386	997	1	(471:499[0.15],)	499	1849.5479808537475	-2913.1764004162683	-14775.291651420288	9	10.526	15	8	(0.08496386788572688,)
1	356862055836856	1497	1	(471:501[0.16],)	501	2115.577233304133	-868.7500967411505	-14713.795133404707	15	11.268	16	8	(0.07655031892727751,)
2	358517215478410	1997	1	(471:501[0.15],)	501	2193.7634487884848	-368.0570179092574	-14688.881120370417	14	11.722	17	8	(0.056338775079683275,)
3	360252457291274	2500	2	(471:370[0.13999999999999999],472:131[0.15],)	501	2294.6412453371413	266.1479465162283	-14795.166222476495	11	11.924	18	8	(0.06616987567496674,0.07711120174198764,)
4	362326645427200	3000	2	(471:108[0.12999999999999998],472:394[0.16],)	502	2353.9286148886035	97.20400666525539	-14694.084610394068	10	13.092	18	8	(0.07280148451272381,0.051221650931146674,)
5	365662996141751	4007	3	(471:792[0.13999999999999999],472:30[0.15],474:186[0.15],)	1008	2591.464151873038	-1051.5302933303042	-14779.328755609566	10	22.068	14	8	(0.06375033891636747,0.08702310401007392,0.07275801630284086,)
6	367308230024994	4507	3	(471:65[0.12999999999999998],472:240[0.16],474:198[0.13999999999999999],)	503	2591.464151873038	-158.924668430201	-14698.951390962859	10	11.306	15	8	(0.04931816523534757,0.05403575637935013,0.04815271616454223,)
7	369258506627808	5087	3	(471:108[0.13999999999999999],472:409[0.15],474:65[0.12999999999999998],)	582	2442.103864295677	-872.9989919801011	-14728.224348955227	10	12.842	14	8	(0.04499862425180762,0.05865913326726136,0.050736663279336285,)
8	370984665177699	5591	3	(471:126[0.15],472:361[0.13999999999999999],474:16[0.13999999999999999],)	503	2442.103864295677	-773.7842689271754	-14692.28618708425	10	11.236	14	8	(0.058870628598255724,0.042802471601035064,0.0598779175720535,)
9	373038310973182	6160	3	(471:35[0.16],472:428[0.12999999999999998],474:108[0.15],)	571	2442.103864295677	-319.1983393672021	-14873.970528010836	10	13.342	15	8	(0.08865103460098157,0.06396479218791185,0.09424144579582416,)
10	375736101355564	6878	4	(471:30[0.17],472:167[0.11999999999999998],474:392[0.16],476:131[0.15],)	720	2472.5106028100076	-386.4950540484078	-14690.103032233234	13	17.236	15	8	(0.07443520739242024,0.060715473583868564,0.04700875985137163,0.044240125365711536,)
11	379695706099692	7940	3	(471:704[0.18000000000000002],472:53[0.10999999999999999],474:305[0.15],)	1062	2483.804693921747	131.42303156808563	-14781.80258668423	13	25.85	16	8	(0.038767973528100096,0.0638436000464295,0.05197461508720733,)
12	384673028553983	9127	3	(471:593[0.17],472:292[0.11999999999999998],474:304[0.13999999999999999],)	1189	2592.9426454620675	-668.5995403472859	-14810.38005635238	13	29.232	17	8	(0.06175465095007954,0.05118442786460361,0.06685931664586289,)
13	386933205366804	9628	3	(471:178[0.16],472:160[0.10999999999999999],474:165[0.12999999999999998],)	503	2592.9426454620675	-1075.5675548054944	-14693.144709427688	13	12.58	17	8	(0.05051772393691797,0.053264122601200024,0.05516675326163708,)
14	389211225128111	10128	3	(471:114[0.15],472:131[0.11999999999999998],474:258[0.13999999999999999],)	503	2592.9426454620675	-334.7012075235527	-14724.290403370207	13	13.034	18	8	(0.05902127625589087,0.052781086671551784,0.05647008340027753,)
15	391583953229363	10716	3	(471:342[0.16],472:219[0.12999999999999998],474:29[0.12999999999999998],)	590	2697.285344914183	183.08523519437372	-14687.142940258662	13	14.822	17	8	(0.046660518407322354,0.04789812071589893,0.08921575049469994,)
16	393882278149013	11357	2	(471:143[0.15],474:496[0.13999999999999999],)	639	2421.8113357731745	-2087.951907138361	-14693.404459370917	15	14.076	16	8	(0.08498511867021852,0.03975103480178728,)
17	395976787277639	11932	2	(471:55[0.16],474:514[0.12999999999999998],)	569	2411.148811730771	-596.4776570435728	-14697.017280376607	13	12.728	15	8	(0.07294866489804275,0.05875697314842792,)
18	400653902843771	13054	3	(471:453[0.17],474:487[0.11999999999999998],480:183[0.15],)	1123	2411.148811730771	-614.628005179019	-14695.880739246055	13	26.504	15	8	(0.05576122269815501,0.05389757092679463,0.06887852134637283,)
19	402381929026362	13555	3	(471:97[0.16],474:107[0.10999999999999999],480:299[0.13999999999999999],)	503	2411.148811730771	-473.27059974550895	-14692.625468694354	13	10.794	16	8	(0.02936389573555654,0.03833460330972885,0.03676051137760371,)
20	405314150091289	14288	3	(471:462[0.17],474:80[0.11999999999999998],480:193[0.12999999999999998],)	735	2433.190178414768	-440.7182173878537	-14692.344713845061	13	16.92	16	8	(0.033876632400297,0.048991632725263495,0.04354838509114174,)
21	407324520368520	14883	3	(471:68[0.16],474:283[0.12999999999999998],480:246[0.11999999999999998],)	597	2433.190178414768	-1422.358839265585	-14694.337017657155	13	12.22	17	8	(0.04661501056575001,0.0384190130646906,0.0439711130440732,)
22	409282439548414	15383	3	(471:270[0.17],474:29[0.11999999999999998],480:204[0.10999999999999999],)	503	2445.3247162219373	-1247.7539788902002	-14691.388509602057	15	11.124	17	8	(0.0530869430425289,0.05402526221870857,0.04670682691393973,)
23	411143787020371	15883	3	(471:83[0.16],474:96[0.12999999999999998],480:324[0.09999999999999999],)	503	2451.371658823889	-932.0562161638309	-14692.142139322557	12	10.8	17	8	(0.07430438318208324,0.07145358124003905,0.05429558522736696,)
24	413218595829187	16394	3	(471:199[0.17],474:163[0.13999999999999999],480:141[0.09],)	503	2477.9454436014053	-404.15251018850006	-14691.289732538477	12	11.704	16	8	(0.06082364896542839,0.056366808331183335,0.05769861555019851,)
25	415455594806104	17040	4	(471:106[0.16],474:172[0.15],480:334[0.09999999999999999],485:23[0.15],)	635	2477.9454436014053	-243.82626752852252	-14691.744188190332	12	13.514	16	8	(0.08249053050303926,0.07203552220729569,0.06971486666087197,0.08312829298736793,)
26	421676954250396	18737	3	(474:57[0.13999999999999999],485:1583[0.16],486:49[0.15],)	1689	2378.3096328459856	-3651.64603298628	-14697.893356575802	10	32.472	12	8	(0.08435294500590698,0.0337448455413277,0.07179926386137837,)
27	423443464626974	19237	3	(474:305[0.15],485:82[0.15],486:116[0.16],)	503	2426.679271120204	-879.629709836042	-14700.565742409794	10	10.228	13	8	(0.07226441355337937,0.05759354425974428,0.031450532815686515,)
28	425213212340620	19737	4	(474:97[0.13999999999999999],485:141[0.16],486:238[0.17],487:27[0.15],)	503	2426.679271120204	-992.7365153844039	-14695.02223448184	10	10.094	14	8	(0.075166384841698,0.05836682603805042,0.05241262895679561,0.07564244393946308,)
29	428074561355411	20486	4	(474:135[0.15],485:256[0.15],486:286[0.16],488:73[0.15],)	750	2452.813382228468	-1171.3962105642831	-14695.886908313085	11	15.878	15	8	(0.05894517008511637,0.0656928263165125,0.04603397431264726,0.06859441895135282,)
30	430000790096737	20986	4	(474:173[0.13999999999999999],485:120[0.13999999999999999],486:150[0.15],488:61[0.16],)	504	2495.015974995361	-1594.161339053263	-14695.914555032583	10	10.748	15	8	(0.06243093453120953,0.06432133100764605,0.0744312883345664,0.0741436663682214,)
31	431923951807912	21492	4	(474:110[0.12999999999999998],485:123[0.15],486:179[0.13999999999999999],488:92[0.17],)	504	2495.015974995361	-688.6918074357442	-14689.457421586498	10	11.032	15	8	(0.04973156957791709,0.052227685979862035,0.056079475305920216,0.0727569013069899,)
32	433831644101263	22009	4	(474:200[0.13999999999999999],485:141[0.16],486:87[0.12999999999999998],488:76[0.18000000000000002],)	504	2495.015974995361	-615.4948217060596	-14691.132503759534	10	10.87	15	8	(0.07113087684357328,0.08029329500528534,0.06960508884388746,0.06386293093883533,)
33	435891509373183	22526	4	(485:149[0.15],486:276[0.13999999999999999],488:63[0.19000000000000003],495:16[0.15],)	504	2495.015974995361	-1832.6657797727373	-14696.392653768702	10	10.82	15	8	(0.07839094932037309,0.0629459277526165,0.067475932514215,0.07802024552499422,)
34	437842652105605	23026	4	(485:93[0.13999999999999999],486:175[0.12999999999999998],488:73[0.20000000000000004],495:163[0.16],)	504	2495.015974995361	-2132.3512321003823	-14692.09844943413	10	10.79	16	8	(0.08007523409408929,0.06734527587268438,0.08095971784004388,0.038160023360064674,)
35	439855166467853	23541	4	(485:18[0.15],486:185[0.11999999999999998],495:282[0.15],496:19[0.15],)	504	2495.015974995361	-1067.0505582842247	-14693.684361787828	10	11.092	16	8	(0.09482334658682401,0.06863773382283854,0.06638379694378801,0.02905569964574899,)
36	441824564583943	24041	4	(485:123[0.16],486:174[0.10999999999999999],495:190[0.13999999999999999],496:17[0.16],)	504	2495.015974995361	-556.9049422466298	-14685.815823958786	10	11.506	17	8	(0.08908875852551007,0.06950629377450405,0.06030592035933643,0.041459869486542955,)
37	444097123157844	24658	4	(486:108[0.09999999999999999],495:272[0.12999999999999998],496:213[0.17],498:20[0.15],)	613	2431.0361072679175	-1500.6303006425153	-14699.385659463644	11	12.64	15	8	(0.02814964164791232,0.03872618706973754,0.06733060488975078,0.07923562058277597,)
38	445966573964780	25178	5	(486:55[0.10999999999999999],495:280[0.11999999999999998],496:31[0.16],498:114[0.16],500:43[0.15],)	523	2431.0361072679175	-1474.2519625392601	-14695.303885845118	11	10.988	15	8	(0.060698730584462644,0.06445209318104002,0.08859661817826651,0.08677215906512535,0.07177704425743256,)
39	448309924901090	25826	4	(486:100[0.11999999999999998],495:335[0.10999999999999999],498:38[0.15],500:153[0.16],)	626	2431.0361072679175	-1142.179115775182	-14693.578493747376	11	13.398	16	8	(0.07055047319057954,0.05540506608058264,0.07687661068350705,0.06694192576266787,)
40	450170621696321	26326	4	(486:107[0.12999999999999998],495:200[0.09999999999999999],498:91[0.16],500:106[0.15],)	504	2431.0361072679175	-1180.2618138672958	-14691.081265145165	11	10.994	15	8	(0.06431546950885661,0.04649499428491444,0.07243655739533542,0.053374596556817984,)
41	452093569116649	26827	4	(486:157[0.13999999999999999],495:204[0.09],498:28[0.17],500:115[0.16],)	504	2457.0154704206116	-828.1767305577202	-14693.868776514795	14	11.342	16	8	(0.07592088369733677,0.053273376878023325,0.07733840671232943,0.06870244583628214,)
42	455362521259011	27688	4	(486:165[0.12999999999999998],495:427[0.08],498:256[0.18000000000000002],500:15[0.17],)	863	2414.941764160811	-1189.821017773182	-14692.684179635446	13	18.856	15	8	(0.05795774215314704,0.034838801618413365,0.06583264762634151,0.1090266851202854,)
43	457373746350829	28203	4	(495:142[0.07],498:66[0.17],500:259[0.18000000000000002],504:37[0.15],)	504	2421.1484586206575	-361.09809313622844	-14697.472334118425	13	12.006	16	8	(0.04705325653630995,0.07447471997989327,0.03669589786394854,0.07509994584928374,)
44	459369928201940	28709	3	(495:46[0.060000000000000005],498:360[0.18000000000000002],504:98[0.16],)	504	2444.919596605502	-990.8235403374701	-14693.516354956784	11	11.458	16	8	(0.04411682704194452,0.07730930710402155,0.0793643728337254,)
45	461129228950415	29209	3	(495:347[0.07],498:100[0.17],504:56[0.17],)	503	2444.919596605502	-563.3443087179478	-14694.229998267652	11	10.632	16	8	(0.05152465081394127,0.09621955579635516,0.10235017820663594,)
46	463034832124387	29709	4	(495:173[0.060000000000000005],498:163[0.18000000000000002],504:145[0.18000000000000002],505:22[0.15],)	503	2501.5961770194604	-47.34186356691038	-14683.500482589901	15	11.538	17	8	(0.038700829939907824,0.07224744155779783,0.10740254667617945,0.0872806900714145,)
47	466315133447886	30460	3	(498:36[0.17],505:691[0.16],506:23[0.15],)	750	2501.5961770194604	-1075.4299860766296	-14697.278311131999	15	18.134	17	8	(0.07256829186887546,0.06254747252999597,0.10693574796505258,)
48	468340738659728	30960	3	(498:194[0.18000000000000002],505:203[0.15],506:106[0.16],)	503	2501.5961770194604	-636.5211309602435	-14698.047664862848	15	11.73	17	8	(0.0753377200247705,0.06352053564376996,0.06676416479794575,)
49	471005189002784	31628	3	(498:225[0.17],505:256[0.13999999999999999],506:185[0.17],)	666	2464.7975808463934	-801.9654561606246	-14691.550715238804	12	15.388	16	8	(0.07812237326335138,0.056590583169852444,0.10181541339653095,)
50	473077325923114	32173	3	(498:244[0.16],505:15[0.12999999999999998],506:288[0.16],)	547	2464.7975808463934	-594.3043585540348	-14697.53107032694	12	12.186	16	8	(0.06713064172442741,0.0938677533452556,0.06654136526572975,)
51	478956278469541	33671	4	(498:1078[0.15],505:71[0.13999999999999999],506:238[0.15],508:110[0.15],)	1497	2524.7356486935296	-662.6145105854957	-14692.722779377455	10	34.242	17	8	(0.07175381467209267,0.07424466197125505,0.07074656253128142,0.08456548658471243,)
52	481019001128686	34176	4	(498:90[0.13999999999999999],505:226[0.15],506:94[0.13999999999999999],508:94[0.16],)	504	2524.7356486935296	-122.08279052070695	-14692.056658292826	10	12.032	16	8	(0.0566924725392359,0.05663442331238766,0.0761235294023465,0.058195374046834204,)
53	483260694546538	34680	4	(498:133[0.15],505:62[0.13999999999999999],506:58[0.15],508:254[0.17],)	507	2524.7356486935296	-548.7649568067178	-14697.994466578999	10	12.734	16	8	(0.057132410503206034,0.050787781527422624,0.08778825714014055,0.06275522901853114,)
54	486354004477869	35383	5	(498:215[0.13999999999999999],505:19[0.15],506:101[0.16],508:225[0.16],511:146[0.15],)	706	2524.7356486935296	265.9682947293685	-14693.9582649662	10	18.314	17	8	(0.056664196556864714,0.07725152210423078,0.06010777682604631,0.08995810128477659,0.08583868946725383,)
55	488912687528944	35921	5	(498:24[0.12999999999999998],505:146[0.16],506:99[0.15],508:80[0.15],511:193[0.13999999999999999],)	542	2518.666210088107	-691.6788206644816	-14694.370945786484	14	14.334	18	9	(0.05976398462493038,0.060783347637931036,0.05960273034664535,0.058930237143016796,0.05561505709459643,)
56	492021388503509	36584	5	(498:32[0.13999999999999999],505:83[0.15],506:293[0.16],508:119[0.16],511:132[0.12999999999999998],)	659	2489.5507645950424	5.007848029105078	-14693.466109461366	13	17.896	19	9	(0.08389174971633385,0.07038245180432517,0.08666744573671518,0.09530579264312823,0.06192203323772447,)
57	495542653394335	37415	6	(498:226[0.15],505:100[0.16],506:38[0.15],508:266[0.15],511:174[0.11999999999999998],513:30[0.15],)	834	2489.5507645950424	302.31684835409584	-14695.085875756871	13	21.296	20	8	(0.044955529609882104,0.06886754999364322,0.09320227821453965,0.07022962463312328,0.06679521626296935,0.058342698495498634,)
58	500944414355103	38742	6	(498:364[0.13999999999999999],505:86[0.15],506:332[0.16],508:41[0.13999999999999999],511:197[0.10999999999999999],514:307[0.15],)	1327	2477.957983427562	-639.8544730886473	-14699.95795423938	11	31.43	17	8	(0.09596774527783207,0.06922149983967048,0.0639206117492471,0.09918231268847454,0.07438151250809093,0.07573902261312808,)
59	504226506584595	39484	5	(498:90[0.12999999999999998],506:189[0.15],508:313[0.15],511:122[0.09999999999999999],514:27[0.13999999999999999],)	741	2477.957983427562	-1352.1094093746012	-14697.165592063571	11	17.982	17	8	(0.06185895967899802,0.057081259696448464,0.03557161480168767,0.04500904325947621,0.07119270441775083,)
60	507592394904780	40266	4	(498:28[0.13999999999999999],506:78[0.13999999999999999],508:523[0.13999999999999999],511:153[0.09],)	782	2509.1572115302397	-354.5717528495375	-14691.525135388012	14	19.65	16	8	(0.07735879070745855,0.06481700141445887,0.03635071859727644,0.045464387466378486,)
61	510540457178462	41023	4	(498:277[0.15],506:103[0.15],508:81[0.12999999999999998],511:297[0.08],)	758	2491.84087167278	-811.938311836052	-14696.0105369636	14	17.204	16	8	(0.04933020609344294,0.04542066705576604,0.04469088906033206,0.041352119632419825,)
62	512630906368930	41532	4	(498:145[0.13999999999999999],506:23[0.16],508:42[0.13999999999999999],511:294[0.07],)	504	2491.84087167278	-12.578642169631845	-14697.90388011036	14	12.408	17	8	(0.08181975749786773,0.11682884827733461,0.0562197094540617,0.041901248268854344,)
63	515276584496456	42138	5	(498:78[0.12999999999999998],506:252[0.17],508:146[0.15],511:36[0.060000000000000005],517:97[0.15],)	609	2480.1087801525678	-255.12609880439206	-14692.504193134566	14	15.228	16	8	(0.0648706110679093,0.06874354443992228,0.0620763262245443,0.049110363079394204,0.0875495091111077,)
64	523297000690028	44111	5	(498:216[0.13999999999999999],506:467[0.16],508:43[0.13999999999999999],511:720[0.07],517:526[0.16],)	1972	2490.1602307193593	-494.84459715771715	-14693.214456778485	12	46.744	16	8	(0.08087239986550833,0.0758583508522662,0.08584563733513645,0.044791582318905634,0.08419640639661177,)
65	528348079491152	45361	6	(498:161[0.12999999999999998],506:36[0.15],508:103[0.15],511:681[0.060000000000000005],517:250[0.15],519:21[0.15],)	1252	2517.0155460282303	-637.7984652624195	-14696.780171308532	12	29.096	15	8	(0.0530737663445543,0.0935988113304961,0.09256211734976902,0.036970312410204674,0.06960108851135809,0.07172612300215747,)
66	530769290426614	45958	5	(506:44[0.16],508:181[0.13999999999999999],511:42[0.05],517:226[0.13999999999999999],519:100[0.16],)	593	2517.0155460282303	-1211.8853064408006	-14689.615301669935	12	13.51	16	8	(0.059077159331557556,0.06370413256116957,0.026601082963900007,0.06853420024621579,0.05358880394779621,)
67	532839491673663	46512	6	(506:23[0.17],508:61[0.12999999999999998],511:239[0.060000000000000005],517:68[0.12999999999999998],519:140[0.15],520:27[0.15],)	558	2517.0155460282303	-337.6489332479297	-14692.950825912576	12	12.568	16	8	(0.10335585113705997,0.06964844828054732,0.03862024609506828,0.0680310652432287,0.059339341930566086,0.07495780489593068,)
68	535291212145290	47142	5	(506:397[0.18000000000000002],508:53[0.13999999999999999],517:55[0.13999999999999999],519:96[0.13999999999999999],521:23[0.15],)	624	2517.0155460282303	-3761.761559016363	-14696.53545851546	12	12.594	15	8	(0.030210803489192955,0.06258195309878115,0.08065652980751346,0.07733142634077471,0.06151569298488357,)
69	537595953997532	47764	5	(506:390[0.17],508:39[0.15],517:55[0.15],519:37[0.15],521:105[0.16],)	626	2517.0155460282303	-2172.2076235997274	-14698.74734443193	12	12.87	15	8	(0.030896949384640503,0.0916519679027839,0.054397648511425464,0.05712515677097784,0.06885232382401377,)
70	539504543647079	48303	6	(506:23[0.16],508:21[0.16],517:172[0.16],519:216[0.16],521:94[0.15],522:17[0.15],)	543	2517.0155460282303	-1366.2916644639383	-14692.221536807114	12	11.272	14	8	(0.02735083846986161,0.0934185213330169,0.08175702189044541,0.056347383587057924,0.06548369591196967,0.06861707197819615,)
71	541265050958182	48852	7	(506:68[0.17],508:79[0.17],517:271[0.15],519:39[0.15],521:32[0.13999999999999999],522:35[0.16],523:26[0.15],)	550	2517.0155460282303	-2004.4642533332596	-14694.10481699205	12	10.714	14	8	(0.05645626447458585,0.07459104013896206,0.05135654444724342,0.03902479185699646,0.07644057987209901,0.04821272541455979,0.06866975538033196,)
72	543062478355078	49395	6	(506:45[0.18000000000000002],508:124[0.16],517:28[0.13999999999999999],519:70[0.16],521:30[0.15],522:237[0.17],)	534	2517.0155460282303	-954.2518744970662	-14694.5583488642	12	11.104	14	8	(0.04693664955983731,0.04956894436540615,0.05340063652538675,0.04659056276960914,0.08502554559199244,0.0430298934410191,)
73	544912312294620	49907	5	(506:114[0.19000000000000003],517:79[0.15],519:48[0.17],521:214[0.16],522:59[0.16],)	514	2517.0155460282303	-1869.1253031209703	-14697.82333803835	12	10.806	14	8	(0.04391242301065945,0.03646216231867696,0.059743763679953876,0.06985168770950685,0.04609995920976238,)
74	546642187196137	50407	5	(506:144[0.18000000000000002],517:141[0.16],519:100[0.18000000000000002],521:74[0.15],522:46[0.17],)	505	2517.0155460282303	-578.0326942631041	-14695.123940445625	12	10.614	14	8	(0.04077555179587837,0.06916663282342311,0.05224755324138204,0.050000997427898985,0.052759821370791805,)
75	549722584052736	51268	5	(506:204[0.17],517:271[0.15],519:119[0.17],521:116[0.16],522:154[0.18000000000000002],)	864	2517.0155460282303	-1297.680119224482	-14693.139919446452	12	17.852	15	8	(0.05706244058688502,0.045537069963611204,0.06344001279108177,0.042139455264563475,0.06628654760104757,)
76	551755999204237	51802	4	(506:178[0.16],517:84[0.13999999999999999],519:190[0.16],522:81[0.17],)	533	2517.0155460282303	-1280.638266148575	-14696.7932210806	12	11.658	16	8	(0.05358661782422241,0.06370734772877504,0.061663784213684084,0.10504234968947751,)
77	553648449053669	52302	5	(506:165[0.15],517:99[0.15],519:158[0.15],522:46[0.18000000000000002],525:36[0.15],)	504	2517.0155460282303	-1034.7223678768137	-14693.880461466284	12	11.128	16	8	(0.05098124232015652,0.05694499611431654,0.06074669082056882,0.07160679689583296,0.07246472815109868,)
78	555631181751355	52808	5	(506:41[0.13999999999999999],517:63[0.16],519:249[0.13999999999999999],522:118[0.19000000000000003],525:34[0.16],)	505	2517.0155460282303	-1010.9946399667698	-14689.192531304783	12	11.51	16	8	(0.07924935722607988,0.06970189524644262,0.07773933764707272,0.060000799777324476,0.11677802747369875,)
79	557482532428392	53308	5	(506:70[0.15],517:107[0.17],519:61[0.12999999999999998],522:40[0.18000000000000002],525:227[0.17],)	505	2517.0155460282303	-314.8145016500594	-14693.837654437439	12	11.254	17	8	(0.04555571918568137,0.058369683536673427,0.061025507963663864,0.07549699174887112,0.05692538564595924,)
80	559776916037028	53895	3	(506:259[0.16],519:108[0.13999999999999999],522:209[0.19000000000000003],)	576	2517.0155460282303	17.07678085300798	-14692.526021711255	12	13.406	16	8	(0.04153248338702512,0.061703675123054906,0.06994041227868222,)
81	566122010056975	55368	2	(519:390[0.15],522:1075[0.18000000000000002],)	1465	2517.0155460282303	179.10884828849365	-14693.736495586469	12	37.324	17	9	(0.05814718679070386,0.06291505280589456,)
82	568226173413953	55877	2	(519:486[0.13999999999999999],522:24[0.17],)	510	2475.1489087801933	-15.061498639672365	-14693.13116941131	12	12.594	16	9	(0.08792085165503878,0.11148672919923465,)
83	570382142865015	56407	2	(519:141[0.12999999999999998],522:390[0.18000000000000002],)	531	2460.0844618541328	507.46553045068066	-14688.355365999687	12	13.306	16	10	(0.09708193339784113,0.05423399586690959,)
84	572706721425973	56907	2	(519:378[0.13999999999999999],522:124[0.17],)	502	2528.0563790837646	-508.4199021022785	-14691.498981184839	12	13.066	17	9	(0.051952039058334294,0.05019043247704011,)
85	574964642000240	57407	2	(519:159[0.12999999999999998],522:343[0.18000000000000002],)	502	2528.0563790837646	-550.5566603526172	-14693.684308240947	12	12.816	18	8	(0.0768056839479086,0.09143652935944639,)
86	577135038352369	57907	3	(519:295[0.13999999999999999],522:65[0.17],527:142[0.15],)	502	2528.0563790837646	-175.74093797950252	-14691.11361283606	12	12.562	17	8	(0.08927392884341917,0.08466248624137766,0.06271694345113082,)
87	579225796599220	58407	3	(519:147[0.12999999999999998],522:146[0.18000000000000002],527:210[0.16],)	503	2528.0563790837646	-772.395152075617	-14695.505897772973	12	11.984	16	8	(0.05926619951309089,0.05380227780273253,0.04940926603039999,)
88	581284741069476	58907	3	(519:163[0.13999999999999999],522:183[0.19000000000000003],527:157[0.15],)	503	2528.0563790837646	-871.6978928227627	-14694.326460923723	12	11.868	17	8	(0.04303350597908518,0.06286485469143552,0.06709162163335858,)
89	583502042574642	59470	3	(519:180[0.15],522:198[0.18000000000000002],527:187[0.16],)	565	2528.0563790837646	-244.4264565560274	-14693.181754423913	12	13.104	16	8	(0.07364736082678548,0.06359254760540664,0.06168948635712586,)
90	586219155343955	60166	3	(519:259[0.13999999999999999],522:298[0.17],527:141[0.15],)	698	2528.0563790837646	32.582072145399984	-14695.28804714379	12	15.998	15	8	(0.07155215767768981,0.06931773441841912,0.05527955570579905,)
91	590848240972683	61400	3	(519:198[0.12999999999999998],522:436[0.16],527:602[0.16],)	1236	2528.0563790837646	-263.80931790222377	-14696.467708296463	12	27.688	15	8	(0.07393611322466233,0.0569029726079254,0.06497663794974799,)
92	600466803656626	63916	4	(519:150[0.11999999999999998],522:1250[0.15],527:1089[0.15],528:26[0.15],)	2515	2528.0563790837646	-546.3970718822536	-14694.842357776648	12	55.89	15	8	(0.06106456297491709,0.05176570963003558,0.055580706216488064,0.07135644877021895,)
93	604129127372411	64870	3	(519:158[0.10999999999999999],522:603[0.13999999999999999],527:170[0.13999999999999999],)	931	2504.8225249338693	-793.8951024066974	-14692.302442121163	12	20.486	16	8	(0.06520733498841796,0.05887201698669973,0.07150045728034772,)
94	606196997782316	65387	4	(522:138[0.12999999999999998],527:230[0.12999999999999998],533:96[0.15],534:39[0.15],)	503	2504.8225249338693	-804.1657113113642	-14693.272441664776	12	11.466	17	8	(0.0719056684829305,0.08194440307733897,0.08025394600488793,0.08031655908368891,)
95	608210791516980	65894	4	(527:191[0.11999999999999998],533:149[0.16],534:143[0.16],536:21[0.15],)	504	2504.8225249338693	-832.0086145363359	-14691.4202459982	12	11.328	16	8	(0.0887792445713574,0.0967452575653093,0.08981582201463854,0.08882853475319913,)
96	611983108620446	66879	4	(527:429[0.10999999999999999],534:274[0.15],536:147[0.16],537:115[0.15],)	965	2504.8225249338693	-665.6122970384656	-14696.23152648089	12	21.116	16	8	(0.07456401299286342,0.07829873476963436,0.08488483418577457,0.0637684649887691,)
97	613975396147200	67393	4	(527:140[0.09999999999999999],534:22[0.13999999999999999],536:102[0.15],537:240[0.16],)	504	2504.8225249338693	191.42343502269537	-14696.84625536111	12	11.592	16	8	(0.067438850712927,0.09460075604753639,0.09184956080156843,0.06422332823747233,)
98	616622161324729	68077	7	(527:115[0.09],534:111[0.15],536:126[0.16],537:154[0.15],541:36[0.15],542:37[0.15],543:108[0.15],)	687	2504.8225249338693	-25.10529590522576	-14693.049560961837	12	15.41	16	8	(0.07598652419074783,0.08095977621857654,0.08699902496112315,0.09428170806745066,0.08542395065419152,0.08392871413077703,0.07726934762081657,)
99	627115770321529	70618	10	(527:467[0.08],534:33[0.13999999999999999],536:606[0.15],542:738[0.16],543:366[0.13999999999999999],544:137[0.15],545:23[0.15],546:78[0.15],547:54[0.15],549:25[0.15],)	2527	2539.3876222769836	-677.724748203468	-14696.91850528351	14	58.926	17	8	(0.06100778246992329,0.09109852046723381,0.08393682743337041,0.031406541428224716,0.07118928664106614,0.10336705715554662,0.10605910277041793,0.0800540706369448,0.06494774048303188,0.07149880784185642,)
100	629676697865535	71281	7	(527:106[0.07],536:98[0.13999999999999999],542:53[0.15],545:26[0.16],546:98[0.13999999999999999],547:223[0.13999999999999999],549:42[0.16],)	646	2539.3876222769836	-2448.188472879379	-14694.237354208486	14	13.49	16	8	(0.05759914856441837,0.09744851632046557,0.04318540013454587,0.07079970789057098,0.04189326797796373,0.062290727775332726,0.06469740613575192,)
101	632541028697686	72066	3	(545:102[0.17],546:114[0.12999999999999998],547:546[0.12999999999999998],)	762	2519.556668291588	-2482.632017022772	-14701.641927314611	11	15.274	14	8	(0.06856558927691471,0.06486043975805363,0.04689746181647385,)
102	634425647742921	72577	3	(545:72[0.18000000000000002],546:54[0.13999999999999999],547:377[0.11999999999999998],)	503	2519.556668291588	-1270.8464952137415	-14688.041012065962	11	10.43	15	8	(0.07418194648862769,0.04469364609382485,0.06840709012134376,)
103	636416663149464	73079	3	(545:297[0.19000000000000003],546:84[0.15],547:122[0.10999999999999999],)	503	2519.556668291588	-1456.8268757044345	-14689.59859447987	11	11.172	16	8	(0.08217598641554494,0.061672230395573846,0.06466640885733688,)
104	638537854228902	73634	3	(545:95[0.18000000000000002],546:318[0.16],547:138[0.11999999999999998],)	551	2523.3979116256774	-586.4636131106333	-14692.020189799106	13	12.294	16	8	(0.12228321340793134,0.07302993997532445,0.09111301287555458,)
105	642161480928716	74566	3	(545:72[0.19000000000000003],546:188[0.15],547:674[0.12999999999999998],)	934	2523.3979116256774	-447.71916894056926	-14695.625150153952	13	21.24	17	8	(0.05450715386220298,0.06105166914927198,0.04897520030380036,)
106	643934041927271	75066	3	(545:283[0.20000000000000004],546:138[0.13999999999999999],547:82[0.11999999999999998],)	503	2523.3979116256774	-1380.3458420178547	-14693.969503889279	13	10.15	15	8	(0.08360231975082293,0.07925935449786409,0.07916840060128692,)
107	645744036450981	75566	4	(545:134[0.19000000000000003],546:255[0.15],547:50[0.12999999999999998],554:64[0.15],)	503	2523.3979116256774	-1711.9157270312924	-14692.673399910429	13	10.33	15	8	(0.08691883868201122,0.061329090944202955,0.0861792594129578,0.0889878379624606,)
108	647774073785918	76135	4	(545:33[0.18000000000000002],546:250[0.13999999999999999],547:75[0.13999999999999999],554:204[0.16],)	562	2523.3979116256774	-1364.3863605150173	-14696.051922513954	13	11.446	15	8	(0.05524748469004516,0.0706236308335908,0.07830286501308968,0.062496112145422736,)
109	649894545988159	76714	4	(545:38[0.19000000000000003],546:301[0.12999999999999998],547:135[0.15],554:108[0.15],)	582	2535.4322574043777	-766.193513367749	-14697.650164482897	13	12.274	15	8	(0.08195966969936441,0.05213733672447352,0.07980717291804361,0.06046842460711231,)
110	651939873810645	77218	4	(545:306[0.20000000000000004],546:59[0.11999999999999998],547:71[0.13999999999999999],554:68[0.16],)	504	2535.4322574043777	-160.25600840126413	-14692.03000568852	13	11.808	15	8	(0.05264589833562302,0.08062482747849009,0.08977569796951787,0.07937749536548408,)
111	656211547792328	78332	5	(545:42[0.19000000000000003],546:325[0.12999999999999998],547:24[0.15],554:570[0.17],557:156[0.15],)	1117	2535.4322574043777	-865.0423134272868	-14697.701980810589	13	24.246	15	8	(0.08490896458876827,0.07475018326054174,0.04791426058646062,0.06121953548861501,0.08134412022152229,)
112	660163139972827	79320	5	(545:236[0.20000000000000004],546:238[0.11999999999999998],547:52[0.16],554:135[0.16],557:331[0.13999999999999999],)	992	2577.508165653941	-856.5045213284396	-14696.74581863793	10	22.358	16	8	(0.07480693253292968,0.06274753990142772,0.1048972643558356,0.08183791402269006,0.06465077134646713,)
113	662681829878995	79971	5	(545:158[0.19000000000000003],546:270[0.10999999999999999],547:15[0.17],554:159[0.15],557:52[0.12999999999999998],)	654	2577.508165653941	-586.5832247425451	-14690.909918675665	10	14.432	16	8	(0.06637446132486167,0.0705678971363991,0.09058627441903445,0.07073702696812516,0.06416950683094273,)
114	664578792675418	80471	5	(545:80[0.18000000000000002],546:82[0.09999999999999999],547:86[0.18000000000000002],554:56[0.13999999999999999],557:201[0.13999999999999999],)	505	2577.508165653941	-64.24304026733759	-14693.181282058515	10	11.286	16	8	(0.08144999288500462,0.06502237465766068,0.07391826115653471,0.08100842382827197,0.07148992920766037,)
115	668294594434308	81546	5	(545:621[0.19000000000000003],546:38[0.10999999999999999],547:65[0.19000000000000003],554:227[0.15],557:127[0.12999999999999998],)	1078	2473.3372805868753	-1071.507899515894	-14697.82751852255	10	21.424	15	8	(0.08551663646592132,0.07421738163894746,0.10756798546424282,0.06936770584574148,0.0977950424094551,)
116	669977056984301	82062	4	(546:82[0.11999999999999998],547:19[0.20000000000000004],554:296[0.13999999999999999],557:115[0.11999999999999998],)	512	2473.3372805868753	-1224.898195767654	-14694.99392943573	10	9.744	14	8	(0.072286130081805,0.08315140671948296,0.061439724340869445,0.07214635642494145,)
117	671719563774182	82562	5	(546:18[0.12999999999999998],547:89[0.21000000000000005],554:138[0.12999999999999998],557:237[0.12999999999999998],559:22[0.15],)	504	2473.3372805868753	-400.31760606575267	-14694.21531205077	10	10.254	15	8	(0.05109763987570309,0.06572404356982517,0.04576729311329103,0.05127066679950041,0.06776647809156512,)
118	681193404734036	85371	5	(546:738[0.13999999999999999],547:84[0.22000000000000006],554:1111[0.11999999999999998],557:811[0.11999999999999998],559:68[0.16],)	2812	2489.659731874036	-660.7921874097339	-14696.6387335666	12	54.688	15	8	(0.0624368435922949,0.1071758918325235,0.06791195323380277,0.07806580603436865,0.12450509823418109,)
119	683051634510766	85893	5	(546:100[0.12999999999999998],547:83[0.23000000000000007],554:201[0.10999999999999999],557:34[0.10999999999999999],559:108[0.17],)	526	2489.659731874036	-695.8459819919261	-14691.343632515189	12	10.766	16	8	(0.06344648981364834,0.08124581647278149,0.045719157616104254,0.07729199391534741,0.07744671143905385,)
120	684889695413729	86394	5	(546:86[0.11999999999999998],547:92[0.24000000000000007],554:194[0.09999999999999999],557:99[0.11999999999999998],559:34[0.16],)	505	2493.232919450956	-104.1634849165231	-14695.083580118608	11	10.86	17	8	(0.07244527834178634,0.08783990787649584,0.06353701668838634,0.07311345189347213,0.09610424111472521,)
121	690220134763205	87799	7	(546:82[0.12999999999999998],547:257[0.25000000000000006],554:34[0.09],557:707[0.12999999999999998],559:248[0.17],561:24[0.15],563:45[0.15],)	1397	2476.7233306699404	230.07618552221334	-14695.355189097143	8	31.008	15	8	(0.09544583568321162,0.07446209517801602,0.07858930055082797,0.08391050632746588,0.04268775634493358,0.09822362473496875,0.08773361609242802,)
122	694287790517291	88766	7	(546:179[0.11999999999999998],547:32[0.24000000000000005],554:22[0.09999999999999999],557:22[0.11999999999999998],559:29[0.16],561:266[0.16],563:421[0.16],)	971	2516.2923804611437	-572.3068228090178	-14694.58761272826	12	22.898	16	8	(0.05092025145020813,0.07576425051032439,0.06332852441503388,0.057346146285627356,0.0988651484023507,0.028967382145843452,0.036075184882765565,)
123	698849310119112	89927	6	(546:139[0.10999999999999999],547:509[0.25000000000000006],557:175[0.12999999999999998],561:39[0.15],563:262[0.15],564:27[0.15],)	1151	2516.2923804611437	-1393.05216103103	-14697.274638951896	12	24.946	16	8	(0.06954176101873472,0.07361786427099601,0.07594142769079777,0.10462427342821662,0.04776907912353945,0.07160369077703253,)
124	700754081054055	90451	7	(546:99[0.09999999999999999],547:55[0.24000000000000005],557:182[0.11999999999999998],561:77[0.16],563:32[0.13999999999999999],564:50[0.16],565:30[0.15],)	525	2516.2923804611437	-298.8338365374603	-14690.21278091963	12	11.186	15	8	(0.055215482855429744,0.10214748679339594,0.08305750586742502,0.06697458687700578,0.07491090018320995,0.07128871324885805,0.05104724795015187,)
125	705710644849026	91824	7	(546:51[0.09],547:342[0.25000000000000006],557:28[0.10999999999999999],561:306[0.15],563:144[0.15],564:164[0.17],565:342[0.16],)	1377	2510.3666523811407	-1771.8319840323006	-14694.13028196993	10	27.438	14	8	(0.06381820224265117,0.08105021293216537,0.07696663223576058,0.0769913054615173,0.08785772244952147,0.0812102730463902,0.045403677945404765,)
126	707503183758253	92348	6	(546:58[0.09999999999999999],547:77[0.24000000000000005],557:173[0.11999999999999998],561:78[0.13999999999999999],564:27[0.16],565:115[0.15],)	528	2510.3666523811407	-346.7720330305205	-14695.681350162422	10	10.798	14	8	(0.08238531556306863,0.13528452332430144,0.0765248637383679,0.09560242893695943,0.11831763472360414,0.09413708612724979,)
127	709384155443221	92889	7	(546:51[0.10999999999999999],547:35[0.25000000000000006],557:56[0.10999999999999999],561:63[0.15],564:17[0.17],565:258[0.13999999999999999],567:66[0.15],)	546	2510.3666523811407	-218.4943245354546	-14698.015113604028	10	11.2	14	8	(0.09071634021077402,0.15562434090305494,0.07280093284745551,0.0905567583141058,0.06015630524793433,0.09288649274112833,0.07246547639503037,)
128	713633632553802	94071	8	(546:430[0.11999999999999998],547:150[0.26000000000000006],557:20[0.11999999999999998],561:63[0.16],564:238[0.18000000000000002],565:69[0.12999999999999998],567:136[0.16],568:79[0.15],)	1185	2506.4814220721987	-203.95817101118234	-14693.883337727908	9	25.2	15	8	(0.06526071325133746,0.05813581967001322,0.09016143103132486,0.10566344492425601,0.09780988120116214,0.09608597599038952,0.06813135260800442,0.07531341604917546,)
129	717802971689987	95207	8	(546:23[0.10999999999999999],547:179[0.25000000000000006],557:181[0.12999999999999998],561:340[0.15],564:94[0.17],565:141[0.11999999999999998],567:97[0.15],568:85[0.13999999999999999],)	1140	2547.158525152377	-206.33223595250917	-14696.339568369378	11	24.7	16	8	(0.07790081988681453,0.057250350292433146,0.03149902166125253,0.05081062823106597,0.08444511015907762,0.03374946948484517,0.06154114772567289,0.06609462112454385,)
130	723760046661197	96833	7	(546:589[0.11999999999999998],547:19[0.24000000000000005],557:420[0.11999999999999998],561:182[0.13999999999999999],564:184[0.16],565:187[0.10999999999999999],567:39[0.13999999999999999],)	1620	2517.9517238776925	-625.1298933685431	-14702.424326621069	12	34.732	16	8	(0.06416452598775185,0.13074592596936935,0.05017127416890476,0.08652098954564089,0.06609725652763791,0.04693052273689972,0.07626264164946459,)
131	726400698143862	97577	7	(546:166[0.10999999999999999],547:221[0.25000000000000006],557:44[0.10999999999999999],561:171[0.12999999999999998],564:18[0.15],565:19[0.09999999999999999],567:109[0.15],)	748	2486.092116519011	-1412.7880436070052	-14698.442008039268	12	14.978	15	8	(0.06015398858848771,0.046175776136068644,0.08228438149851479,0.04061543970522237,0.0728292132854192,0.08197612971031434,0.07812471089726046,)
132	728024578418753	98080	7	(546:78[0.09999999999999999],547:28[0.24000000000000005],557:98[0.11999999999999998],561:107[0.11999999999999998],564:59[0.16],565:105[0.10999999999999999],567:32[0.13999999999999999],)	507	2486.5833817188704	-760.5511804751719	-14690.650363646357	9	10.008	15	8	(0.06346472477102708,0.0607471433906921,0.052222624159480605,0.04388068592320061,0.05721483078477555,0.033200049985063616,0.05553606193974641,)
133	730118832742263	98732	6	(547:33[0.25000000000000006],557:137[0.10999999999999999],561:57[0.10999999999999999],564:43[0.17],565:348[0.09999999999999999],567:36[0.15],)	654	2486.5833817188704	-1688.4429329014142	-14693.659737214886	9	12.694	16	8	(0.10118452310972689,0.04523999333628827,0.07698865865491185,0.0814332118534175,0.03285546199762086,0.06319648157244569,)
134	732121678979935	99302	3	(557:162[0.09999999999999999],565:218[0.09],567:170[0.16],)	550	2496.514060401623	-976.5458275944197	-14692.145300820794	8	11.39	14	8	(0.06560246535302627,0.04122442223581422,0.05481480112443734,)
135	733971321119052	99803	5	(557:59[0.10999999999999999],565:69[0.08],567:189[0.15],571:107[0.15],572:79[0.15],)	503	2496.514060401623	-1170.4412936960327	-14691.634928114549	8	10.704	14	8	(0.07312496085359543,0.06937280548040979,0.07886637931915404,0.06823791088322517,0.0778291380342835,)
136	735921982020175	100327	4	(557:22[0.11999999999999998],565:232[0.09],567:91[0.13999999999999999],572:170[0.16],)	515	2517.7564099698056	-1315.9508122780624	-14690.868245756985	11	10.962	15	8	(0.046512593688840975,0.037613435771509815,0.08245167981957924,0.054942135567457986,)
137	737792411899362	100827	5	(557:75[0.12999999999999998],565:162[0.08],567:25[0.15],572:207[0.15],574:35[0.15],)	504	2517.7564099698056	-1544.4288252128413	-14698.336518380165	11	10.536	15	8	(0.06689883387019466,0.05426665682362104,0.09219614067797961,0.06250675271461471,0.06946993343437509,)
138	739702934636314	101327	5	(557:52[0.13999999999999999],565:122[0.07],567:140[0.16],572:109[0.13999999999999999],574:82[0.16],)	505	2517.7564099698056	-534.2295750134564	-14689.962660629919	11	11.17	15	8	(0.05294743434178018,0.04043539477138431,0.05651967356102268,0.07908544082534107,0.06573417191520398,)
139	741686770453036	101828	5	(557:58[0.15],565:132[0.060000000000000005],567:112[0.15],572:100[0.12999999999999998],574:103[0.17],)	505	2517.7564099698056	-517.3930377352219	-14701.491295823116	11	11.506	16	8	(0.07858810463363294,0.04039850995823047,0.07168807072488981,0.08377529028574235,0.060374512996209426,)
140	744566100407840	102504	5	(557:283[0.16],565:43[0.05],567:111[0.13999999999999999],572:28[0.11999999999999998],574:190[0.16],)	655	2495.158430640459	-231.97950784240373	-14689.605595611976	11	16.056	16	8	(0.0602540377402269,0.03569710656330814,0.07581231309961374,0.1031218192756305,0.07013346535817208,)
141	748399006861215	103409	4	(557:112[0.15],565:370[0.060000000000000005],567:86[0.12999999999999998],574:331[0.15],)	899	2495.158430640459	-437.97383308478123	-14697.595465732156	11	21.508	16	8	(0.045308329129135634,0.03549913842976217,0.07305277090611609,0.061411487248913314,)
142	750525644257174	103918	4	(557:54[0.16],565:42[0.05],567:51[0.13999999999999999],574:357[0.13999999999999999],)	504	2550.5198423678344	-185.63156604668447	-14694.97925019756	16	12.242	17	8	(0.053489932597925394,0.034135501727253284,0.07247655113100455,0.07229066695308099,)
143	752876288154249	104486	4	(557:194[0.17],565:207[0.060000000000000005],567:81[0.15],574:86[0.12999999999999998],)	568	2550.5198423678344	-502.07430166659253	-14689.491745965879	16	13.406	17	9	(0.04753911366353356,0.03677916404997347,0.05468956395711415,0.05810957249755989,)
144	754962808188010	104986	4	(557:26[0.16],565:32[0.05],567:223[0.16],574:223[0.13999999999999999],)	504	2550.5198423678344	-243.98493407003505	-14694.94472478548	16	12.07	17	8	(0.08200583561135066,0.032076854911527,0.05713582751224869,0.05978474321122996,)
145	760370456856512	106218	5	(557:675[0.17],565:330[0.060000000000000005],567:76[0.15],581:124[0.15],582:21[0.15],)	1226	2550.5198423678344	-358.38229874486444	-14693.13222862472	16	30.444	17	9	(0.07737456133046776,0.04904592356540245,0.0638509080002936,0.05667836106703384,0.030588969456222317,)
146	763020608585835	106763	3	(565:45[0.05],581:58[0.13999999999999999],582:433[0.16],)	536	2510.102536587114	-8751.94078020326	-14695.989637497265	11	10.638	14	8	(0.03914631138001269,0.03641371635930381,0.03108100656529849,)
147	765195650000897	107263	3	(565:306[0.060000000000000005],581:15[0.15],582:182[0.15],)	503	2510.102536587114	-5323.453923509192	-14691.951672642233	11	10.418	13	8	(0.027896164202069196,0.06674576325061549,0.03640262192459857,)
148	767724746506391	107768	4	(565:34[0.05],581:39[0.16],582:410[0.13999999999999999],583:20[0.15],)	503	2510.102536587114	-7348.690196086484	-14700.318643950135	11	10.778	14	8	(0.03847057586634377,0.050257791088522574,0.04940081493647491,0.10274282576810567,)
149	769851624963365	108292	6	(565:226[0.060000000000000005],581:19[0.17],582:147[0.12999999999999998],583:62[0.16],585:28[0.15],586:45[0.15],)	527	2510.102536587114	-4903.443255634364	-14697.80933569507	11	10.57	14	8	(0.03566105242516447,0.09602052231750698,0.09448503574465512,0.08565700583639971,0.09520902498915453,0.06857841035007776,)
