alpha = 0.15
gamma = 1.0
lambda = 0.6
epsilon = 0.3
randomSeed = 333
GREAT!
Xover: 4
---- Evolution parameters ----
Folder name:          NMSarsa_MountainCar/run_437444184292609
Random seed:          333
GREAT activated:      true
Max iterations:       150
Population size:      500
GREAT initialization  true
Speciation threshold: 0.15
Species min size:     15
Tournament size:      3
Crossover rate:       0.2
Mutation rate:        0.8
Crossovers:
	AligningCrossover_v4(0.15)
Mutations:
	AddGeneMutation(maxSize=2147483647, prob=0.33)
	DeleteGeneMutation(minSize=8, prob=0.33)
	ChangeGeneMutation(prob=0.33)
------------------------------

---- Starting evolution ----
IT	Nanotime	#Eval	#Species	Species size	PopSize	Best	Avg	Worst	Best GRN Size	Avg GRN size	Max GRN size	Min GRN size	Species avgdist2rep
0	438312786314180	997	1	(471:499[0.15],)	499	-150.85	-1126.1571943887784	-5001.0	8	9.338	13	8	(0.08394589057963009,)
1	438482718007629	1529	2	(471:441[0.16],472:60[0.15],)	501	-141.72	-761.062475049901	-5001.0	10	9.846	14	8	(0.06956072561849955,0.08776224619780665,)
2	438664999048421	2040	3	(471:125[0.15],472:352[0.16],476:25[0.15],)	502	-141.72	-897.7878884462154	-5001.0	10	9.85	14	8	(0.07076058467276919,0.058802491244806736,0.09143667429719926,)
3	438799619518087	2545	3	(471:147[0.16],472:175[0.15],476:181[0.16],)	503	-132.18	-631.8524850894634	-5001.0	14	10.52	15	8	(0.06895887503184747,0.061890575937681325,0.044121329192353884,)
4	438964972401520	3045	4	(471:147[0.17],472:104[0.13999999999999999],476:198[0.15],480:54[0.15],)	503	-132.18	-755.0474950298209	-5001.0	14	10.618	15	8	(0.056275733387137164,0.054531988524508565,0.06913312784625651,0.07241662175402312,)
5	439146384231133	3545	4	(471:131[0.16],472:50[0.15],476:103[0.13999999999999999],480:220[0.16],)	504	-132.18	-858.5165277777777	-5001.0	14	10.644	15	8	(0.044097512559109486,0.043495935049874195,0.07232697550741349,0.051349360607912606,)
6	439291615072569	4054	4	(471:122[0.15],472:211[0.16],476:79[0.15],480:92[0.15],)	504	-132.18	-666.5033333333332	-5001.0	14	10.31	16	8	(0.06779939055024413,0.05069998384532986,0.04822401133729563,0.06325426753472638,)
7	439463825150608	4554	5	(471:64[0.16],472:68[0.15],476:163[0.16],480:183[0.16],483:26[0.15],)	504	-131.8	-717.8237500000002	-5001.0	15	11.22	17	8	(0.051656761959035936,0.08475096372054719,0.059020771360380725,0.08432623407453532,0.08419582465623872,)
8	439617822185102	5056	6	(471:48[0.17],472:89[0.16],476:81[0.15],480:191[0.15],483:43[0.16],484:53[0.15],)	505	-131.8	-660.6296633663367	-5001.0	15	10.844	17	8	(0.05737244002915354,0.05443092416047478,0.101973114163057,0.06288429607361332,0.02445458352106158,0.07051023241691587,)
9	439752162456718	5569	5	(471:76[0.18000000000000002],472:159[0.15],476:101[0.16],480:96[0.13999999999999999],483:74[0.17],)	506	-131.8	-593.7290513833992	-5001.0	15	10.652	18	8	(0.06432669043615893,0.05602928418366521,0.048098017996131524,0.06787621117990474,0.06657843294859653,)
10	439906912856195	6083	4	(471:129[0.19000000000000003],476:85[0.15],480:64[0.15],483:227[0.18000000000000002],)	505	-131.8	-717.2356435643565	-5001.0	15	10.48	18	8	(0.0703083656782544,0.04425204348331241,0.06385290092376482,0.05528208070044716,)
11	440096476274299	6583	4	(471:144[0.18000000000000002],476:105[0.16],480:236[0.16],483:19[0.17],)	504	-131.8	-849.5609920634921	-5001.0	15	10.916	19	8	(0.07914450300031894,0.04676007565696168,0.07276037117454308,0.10270361731924604,)
12	440278102803992	7091	5	(471:68[0.17],476:80[0.17],480:134[0.15],483:202[0.18000000000000002],489:20[0.15],)	504	-131.8	-804.788253968254	-5001.0	15	10.534	20	8	(0.07800453569979612,0.05553619636345277,0.07543175440918466,0.06963805911648141,0.07855571752678575,)
13	440467559546574	7591	6	(471:70[0.18000000000000002],476:60[0.18000000000000002],480:110[0.13999999999999999],483:71[0.17],489:171[0.16],491:23[0.15],)	505	-131.8	-939.8840792079209	-5001.0	15	10.362	21	8	(0.06950709708810421,0.04582730396291132,0.07421091864043489,0.09731087005772066,0.06807543935023294,0.07414239804594765,)
14	440641542029810	8096	7	(471:30[0.19000000000000003],476:55[0.19000000000000003],480:210[0.12999999999999998],483:17[0.18000000000000002],489:60[0.15],491:76[0.16],493:58[0.15],)	506	-131.8	-816.6624110671937	-5001.0	15	10.442	18	8	(0.08594331319391561,0.05503959274905551,0.07391066103853046,0.05894192797553055,0.07117202004781377,0.08702613383835656,0.0762862127808157,)
15	441227983995499	8604	7	(471:24[0.20000000000000004],476:48[0.20000000000000004],480:31[0.11999999999999998],483:265[0.19000000000000003],489:55[0.16],491:25[0.15],493:59[0.16],)	507	-131.8	-3131.43617357002	-5001.0	15	9.944	19	8	(0.07260605565776303,0.06102710693830265,0.07244006074058437,0.04732698540732954,0.07020580452494572,0.06386956683653054,0.08577439438769513,)
16	441681207245604	9104	7	(471:33[0.21000000000000005],476:19[0.21000000000000005],480:35[0.12999999999999998],483:242[0.18000000000000002],489:24[0.17],491:89[0.16],493:65[0.17],)	507	-131.8	-2419.888067061144	-5001.0	15	9.78	18	8	(0.07721890046532341,0.06244791371480652,0.08548976813768615,0.05326336315388233,0.07408553859388277,0.08220375002289858,0.09068134411033078,)
17	442062527327350	9614	7	(471:36[0.22000000000000006],476:33[0.22000000000000006],480:65[0.13999999999999999],483:111[0.17],489:175[0.18000000000000002],491:43[0.15],493:44[0.18000000000000002],)	507	-131.56	-1883.171439842209	-5001.0	9	10.096	19	8	(0.04644358987330958,0.04076436884327118,0.05411159416129187,0.07488705299564086,0.06183955925715146,0.08950064791479947,0.06572999672120952,)
18	442297233301703	10119	7	(471:76[0.23000000000000007],476:36[0.23000000000000007],480:122[0.15],483:107[0.16],489:24[0.17],491:67[0.16],493:75[0.19000000000000003],)	507	-131.56	-1092.762426035503	-5001.0	9	10.616	19	8	(0.04373932868245673,0.06627641824763147,0.08503185228751753,0.06971930656676924,0.07340325636361004,0.09272709700318993,0.0715616573283263,)
19	442497079642830	10629	7	(471:59[0.22000000000000006],476:59[0.24000000000000007],480:23[0.13999999999999999],483:195[0.15],489:62[0.18000000000000002],493:67[0.18000000000000002],501:42[0.15],)	507	-131.56	-892.6543984220908	-5001.0	9	10.942	20	8	(0.04579332244431627,0.06436169279516801,0.06784538648729788,0.07304771719634977,0.07045177785875334,0.09633009340520511,0.06412991713487705,)
20	442677792208952	11129	8	(471:61[0.23000000000000007],476:42[0.25000000000000006],480:96[0.15],483:76[0.13999999999999999],489:71[0.19000000000000003],493:25[0.19000000000000003],501:110[0.16],502:26[0.15],)	507	-131.56	-838.4342998027613	-5001.0	9	10.612	21	8	(0.059407828568491174,0.04602815314004247,0.08042703969876877,0.07608937398589385,0.035537542130268274,0.07942129746382208,0.0667309329658665,0.08468393534310424,)
21	442875488788722	11657	7	(471:51[0.24000000000000007],476:59[0.26000000000000006],483:83[0.12999999999999998],489:26[0.18000000000000002],493:42[0.20000000000000004],501:97[0.15],502:150[0.16],)	508	-131.56	-821.3694881889763	-5001.0	9	10.768	23	8	(0.06030556084719139,0.042013408909933464,0.0687816762587837,0.0891448186998668,0.09801235460510319,0.06760281337932847,0.07319766361078461,)
22	443066574190970	12170	7	(471:24[0.25000000000000006],476:98[0.2700000000000001],483:60[0.11999999999999998],489:120[0.19000000000000003],493:39[0.21000000000000005],501:56[0.13999999999999999],502:110[0.15],)	507	-130.69	-824.6395660749506	-5001.0	12	10.586	23	8	(0.10160297806744122,0.0873583044248497,0.07847514681077056,0.05140880504095218,0.07501219322940617,0.07081287771791125,0.0827028074626859,)
23	443256951869213	12670	7	(471:50[0.26000000000000006],476:36[0.26000000000000006],483:110[0.12999999999999998],489:27[0.18000000000000002],493:39[0.22000000000000006],501:176[0.15],502:69[0.13999999999999999],)	507	-130.69	-841.6131558185405	-5001.0	12	10.5	24	8	(0.04898379886309627,0.0803225141581311,0.0639522884098575,0.06342343579369437,0.09396178263706208,0.0746703591984618,0.07774476331185713,)
24	443481166174176	13177	7	(471:69[0.2700000000000001],476:94[0.2700000000000001],483:51[0.11999999999999998],489:29[0.19000000000000003],493:83[0.23000000000000007],501:81[0.13999999999999999],502:100[0.15],)	507	-130.5	-942.7528796844182	-5001.0	10	11.572	25	8	(0.09967958810465893,0.03574896069594847,0.07232802479872098,0.08142752835782092,0.10000706099781734,0.0799886280640383,0.06970550319910838,)
25	443684241703585	13681	7	(471:98[0.2800000000000001],476:63[0.26000000000000006],483:45[0.12999999999999998],489:31[0.20000000000000004],493:104[0.22000000000000006],501:69[0.12999999999999998],502:97[0.13999999999999999],)	507	-130.5	-881.2742603550297	-5001.0	10	11.2	26	8	(0.10231258342301938,0.049408990152707354,0.07938086380417368,0.097714402479486,0.08502210006376629,0.059663503652286974,0.07590061168942924,)
26	443893245049278	14195	7	(471:72[0.2700000000000001],476:39[0.2700000000000001],483:121[0.13999999999999999],489:22[0.21000000000000005],493:123[0.21000000000000005],501:81[0.13999999999999999],502:49[0.12999999999999998],)	507	-130.5	-926.4487376725839	-5001.0	10	10.828	25	8	(0.08722854394357875,0.03945268660840435,0.08028460226732644,0.10278433052709941,0.07748626630936116,0.05775357588016644,0.06396193270940108,)
27	444117585557529	14696	7	(471:57[0.26000000000000006],476:82[0.2800000000000001],483:27[0.12999999999999998],489:29[0.22000000000000006],493:129[0.20000000000000004],501:150[0.12999999999999998],502:33[0.13999999999999999],)	507	-130.5	-921.7320710059171	-5001.0	10	11.338	25	8	(0.060308597152006524,0.06213393499823758,0.10403766422340471,0.11213092957373667,0.07601168216866358,0.07403393114394326,0.08562269791106708,)
28	444310431757397	15196	8	(471:98[0.2700000000000001],476:76[0.2700000000000001],483:38[0.13999999999999999],489:54[0.23000000000000007],493:36[0.19000000000000003],501:45[0.11999999999999998],502:134[0.15],512:26[0.15],)	507	-130.5	-835.571952662722	-5001.0	10	11.658	26	8	(0.09287191002891299,0.06984280607182423,0.09552526526289122,0.1480336306105157,0.09211423144977623,0.07793930595349788,0.09767672377217733,0.0863494682839107,)
29	444547107992341	15696	8	(471:34[0.26000000000000006],476:63[0.26000000000000006],483:53[0.15],489:57[0.24000000000000007],493:92[0.20000000000000004],501:30[0.12999999999999998],502:117[0.13999999999999999],512:62[0.16],)	508	-130.5	-1146.349507874016	-5001.0	10	10.586	25	8	(0.13563561388505227,0.12300413431334899,0.09595197926402828,0.08368558301204472,0.09921595549005949,0.08995391807207578,0.08589715452755302,0.05455013459439889,)
30	444760870710595	16210	8	(471:83[0.2700000000000001],476:30[0.25000000000000006],483:19[0.16],489:191[0.25000000000000006],493:51[0.19000000000000003],501:43[0.13999999999999999],502:38[0.12999999999999998],512:53[0.15],)	508	-130.5	-993.1970669291342	-5001.0	10	10.566	25	8	(0.1314699305006326,0.1323069931255316,0.06549604312466922,0.07620356833412183,0.09822903303305962,0.07355929306193507,0.0926158991326889,0.06317054636531501,)
31	444978372100823	16719	7	(471:49[0.26000000000000006],476:59[0.26000000000000006],483:79[0.17],489:117[0.24000000000000005],493:39[0.20000000000000004],502:124[0.13999999999999999],512:41[0.16],)	508	-129.28	-989.8692322834646	-5001.0	11	10.898	25	8	(0.152372597764805,0.1225930345617243,0.07647213903612901,0.11746803373155223,0.09639335547313548,0.06794690561455762,0.07525882349727556,)
32	445192893285731	17227	7	(471:100[0.2700000000000001],476:31[0.2700000000000001],483:50[0.16],489:49[0.23000000000000004],493:154[0.21000000000000005],502:56[0.12999999999999998],512:67[0.17],)	507	-129.28	-892.4806706114402	-5001.0	11	11.086	21	8	(0.06382894670863475,0.10597372368073125,0.0809128430374964,0.11241355090929908,0.10149598668995893,0.09330839351434514,0.0939310300477802,)
33	445394897551358	17729	7	(471:75[0.26000000000000006],476:43[0.2800000000000001],483:71[0.17],489:20[0.24000000000000005],493:51[0.20000000000000004],502:126[0.13999999999999999],512:121[0.18000000000000002],)	507	-129.28	-855.7462721893492	-5001.0	11	10.878	22	8	(0.08424492222366697,0.06415193567028969,0.09461606405109518,0.06889221347703849,0.10072333563415765,0.0902723716670465,0.0883015746251942,)
34	445629214511876	18229	7	(471:88[0.25000000000000006],476:34[0.2900000000000001],483:68[0.16],489:38[0.25000000000000006],493:66[0.21000000000000005],502:106[0.12999999999999998],512:107[0.17],)	507	-129.28	-1016.0655818540437	-5001.0	11	11.298	23	8	(0.1004847185136883,0.057775741119830075,0.0713888215544996,0.05254559838518856,0.11555873614076506,0.09281596865984248,0.10876362457189193,)
35	445808140983962	18732	6	(471:18[0.24000000000000005],476:151[0.3000000000000001],483:79[0.17],489:85[0.26000000000000006],493:137[0.22000000000000006],512:37[0.16],)	507	-129.28	-751.0938067061144	-5001.0	11	11.176	23	8	(0.12256403899380326,0.12292813225035726,0.12438207493966094,0.12655254220438503,0.10725959315216356,0.09064594524893221,)
36	446033014378321	19232	6	(471:153[0.25000000000000006],476:52[0.2900000000000001],483:34[0.18000000000000002],489:38[0.25000000000000006],493:184[0.21000000000000005],512:45[0.17],)	506	-129.28	-1022.7244466403162	-5001.0	11	10.37	22	8	(0.10228537837112321,0.0817065571597766,0.062382569078814856,0.10649585068441661,0.11581858938948421,0.07783307251667787,)
37	446245455835849	19743	6	(471:63[0.24000000000000005],476:118[0.3000000000000001],483:58[0.19000000000000003],489:135[0.26000000000000006],493:82[0.20000000000000004],512:50[0.18000000000000002],)	506	-129.28	-890.2555335968381	-5001.0	11	10.726	23	8	(0.11199724692700712,0.15931731954561532,0.07929734304193105,0.1241723669671333,0.0840254730899287,0.15238526532112573,)
38	446422254613304	20243	6	(471:109[0.25000000000000006],476:68[0.2900000000000001],483:58[0.20000000000000004],489:95[0.25000000000000006],493:43[0.21000000000000005],512:133[0.19000000000000003],)	506	-129.28	-864.0894861660079	-5001.0	11	10.202	24	8	(0.15192150902753684,0.11921952494541506,0.12134440343624057,0.15067573903067208,0.10262820802577098,0.08234529965108214,)
39	446689254076315	20743	6	(471:107[0.24000000000000005],476:39[0.3000000000000001],483:60[0.21000000000000005],489:41[0.24000000000000005],493:148[0.22000000000000006],512:111[0.18000000000000002],)	506	-129.28	-1405.8103359683796	-5001.0	11	9.882	16	8	(0.07246701942876373,0.09645271845760814,0.06470156011925805,0.10711933436624994,0.0742272490024495,0.09328445427353471,)
40	446921853287709	21243	6	(471:101[0.23000000000000004],476:29[0.3100000000000001],483:99[0.22000000000000006],489:38[0.25000000000000006],493:101[0.21000000000000005],512:138[0.17],)	506	-129.28	-1182.5396837944663	-5001.0	11	10.082	16	8	(0.08936231492997025,0.12858810180721378,0.08761539285525337,0.11225979329081197,0.08000121296305339,0.08665534925582442,)
41	447153922521398	21743	6	(471:126[0.22000000000000003],476:66[0.3200000000000001],483:73[0.21000000000000005],489:71[0.26000000000000006],493:124[0.20000000000000004],512:46[0.16],)	506	-129.28	-1106.5711857707513	-5001.0	11	10.306	17	8	(0.06795312742560695,0.10092505649959436,0.08613104604054686,0.09662162723634686,0.07213624458735268,0.11133698967666028,)
42	447361105666379	22243	6	(471:77[0.21000000000000002],476:68[0.3300000000000001],483:79[0.22000000000000006],489:78[0.2700000000000001],493:124[0.19000000000000003],512:80[0.17],)	506	-129.28	-1042.2653162055335	-5001.0	11	10.45	17	8	(0.0775889211716289,0.09608254711263942,0.08159488803504963,0.07684517231761204,0.07230660634543741,0.08640260509400768,)
43	447558256533852	22743	6	(471:110[0.22000000000000003],476:75[0.34000000000000014],483:69[0.23000000000000007],489:61[0.2800000000000001],493:108[0.18000000000000002],512:83[0.18000000000000002],)	506	-129.28	-970.7810869565217	-5001.0	11	10.188	17	8	(0.07516185342545875,0.10897805463866374,0.06652409891666501,0.10645766423859357,0.08217558490650927,0.08436350283050112,)
44	447765876287077	23252	5	(471:110[0.21000000000000002],476:116[0.35000000000000014],483:107[0.24000000000000007],493:97[0.17],512:76[0.17],)	506	-129.28	-993.4776877470354	-5001.0	11	10.422	17	8	(0.11969310622039607,0.12633667731157405,0.09525614006174073,0.09661212417153897,0.08830320881783074,)
45	447997425542891	23752	5	(471:154[0.2],476:81[0.34000000000000014],483:106[0.23000000000000007],493:74[0.18000000000000002],512:90[0.18000000000000002],)	505	-129.28	-1124.586613861386	-5001.0	11	10.504	17	8	(0.08754596073518295,0.08425137787650758,0.11225653801623126,0.08153475409582617,0.10475454770463277,)
46	448225428504763	24252	5	(471:188[0.19],476:101[0.35000000000000014],483:86[0.22000000000000006],493:103[0.19000000000000003],512:27[0.19000000000000003],)	505	-129.28	-1078.9479801980199	-5001.0	11	10.54	18	8	(0.10487936034302622,0.09070354635148936,0.0780961643861795,0.12738332309951583,0.1319682176527415,)
47	448453308880796	24763	5	(471:124[0.18],476:40[0.34000000000000014],483:145[0.23000000000000007],493:44[0.18000000000000002],512:152[0.20000000000000004],)	505	-129.28	-1061.0311089108911	-5001.0	11	10.428	19	8	(0.12423915538746735,0.19542332105034438,0.0883117246272098,0.08858452792901617,0.1555260596756105,)
48	448704549518049	25263	5	(471:107[0.16999999999999998],476:53[0.35000000000000014],483:121[0.22000000000000006],493:127[0.19000000000000003],512:97[0.19000000000000003],)	505	-129.28	-1191.2678613861387	-5001.0	11	10.586	19	8	(0.10569542361396665,0.25333768416805713,0.11966769059419573,0.09047258161831265,0.14667846306870205,)
49	448923112618104	25763	5	(471:82[0.15999999999999998],476:127[0.36000000000000015],483:86[0.21000000000000005],493:120[0.18000000000000002],512:90[0.20000000000000004],)	505	-129.28	-1006.58798019802	-5001.0	11	10.546	18	8	(0.08493384852358285,0.1329300121887814,0.08106198106831804,0.09528321597665863,0.11380931448396935,)
50	449139720362353	26263	5	(471:79[0.16999999999999998],476:97[0.35000000000000014],483:85[0.22000000000000006],493:107[0.17],512:137[0.21000000000000005],)	505	-129.28	-1011.3830693069307	-5001.0	11	10.608	18	8	(0.10402282315642312,0.08162668447244946,0.07279204580242866,0.08640774095447165,0.07146072020498315,)
51	449337306355752	26763	5	(471:77[0.18],476:95[0.36000000000000015],483:108[0.23000000000000007],493:89[0.16],512:136[0.20000000000000004],)	505	-129.28	-924.3677821782178	-5001.0	11	10.584	19	8	(0.1308786500606472,0.15553247112404747,0.08372295753417124,0.0816624761317056,0.11068498207089349,)
52	449583217980273	27263	5	(471:144[0.19],476:91[0.37000000000000016],483:79[0.22000000000000006],493:85[0.17],512:106[0.19000000000000003],)	505	-129.28	-1106.7943564356433	-5001.0	11	10.774	20	8	(0.11249062586374915,0.11163227462859204,0.1027228617588551,0.0958823756608449,0.09398578038728599,)
53	449830663232644	27763	5	(471:65[0.18],476:53[0.38000000000000017],483:92[0.23000000000000007],493:141[0.18000000000000002],512:154[0.18000000000000002],)	505	-129.28	-1140.0932673267325	-5001.0	11	10.372	21	8	(0.07974416871894248,0.09150731292507543,0.06494158940463371,0.08005624615792709,0.08356040075254832,)
54	450095979610664	28263	5	(471:137[0.19],476:60[0.3900000000000002],483:83[0.24000000000000007],493:84[0.17],512:141[0.17],)	505	-128.84	-1187.9686732673265	-5001.0	12	11.002	21	8	(0.0925245137982765,0.13839136528543303,0.16631939662162065,0.11455461897796441,0.11777897139284459,)
55	450353809350654	28763	5	(471:43[0.18],476:78[0.4000000000000002],483:165[0.25000000000000006],493:98[0.18000000000000002],512:121[0.16],)	505	-128.84	-1153.0904950495049	-5001.0	12	10.354	21	8	(0.13440190473501457,0.10557453240849042,0.10608232645846384,0.12638020667910904,0.09151751059659613,)
56	450628052088992	29263	5	(471:24[0.19],476:160[0.4100000000000002],483:119[0.24000000000000005],493:111[0.19000000000000003],512:91[0.15],)	505	-128.84	-1285.1325544554456	-5001.0	12	10.188	20	8	(0.12656129562176324,0.13116400575363268,0.14670310371579529,0.13836321780973374,0.097159849273881,)
57	450901055276125	29763	5	(471:53[0.2],476:113[0.4000000000000002],483:76[0.23000000000000004],493:122[0.18000000000000002],512:141[0.16],)	505	-128.84	-1283.543702970297	-5001.0	12	10.028	20	8	(0.06448312590752898,0.11850810031991937,0.12172591125784236,0.09514059556667216,0.0966197829018003,)
58	451145204510420	30263	5	(471:71[0.21000000000000002],476:162[0.3900000000000002],483:140[0.24000000000000005],493:64[0.17],512:68[0.15],)	505	-128.84	-1189.2107326732676	-5001.0	12	10.51	19	8	(0.0922271473344468,0.1345331233485101,0.12964835809264452,0.1052651340245943,0.09098243834356222,)
59	451364897113098	30763	5	(471:80[0.22000000000000003],476:153[0.38000000000000017],483:69[0.23000000000000004],493:134[0.18000000000000002],512:69[0.16],)	505	-128.84	-1083.6360198019806	-5001.0	12	10.076	20	8	(0.09572350299947059,0.1315576048672023,0.11848395083657376,0.10460282302246393,0.10062332020701643,)
60	451597473835821	31263	5	(471:44[0.23000000000000004],476:136[0.37000000000000016],483:89[0.24000000000000005],493:129[0.17],512:107[0.17],)	505	-128.84	-1109.1802772277226	-5001.0	12	10.478	20	8	(0.10899338039955678,0.09856565000919476,0.14929272401136767,0.10110378606950372,0.06729645073016977,)
61	451904519670252	31772	4	(471:199[0.24000000000000005],476:112[0.36000000000000015],483:60[0.25000000000000006],512:134[0.16],)	505	-128.84	-1319.7819405940595	-5001.0	12	10.726	21	8	(0.11155476174387083,0.13682987223489668,0.147669930377222,0.09797490746442651,)
62	452206736449835	32272	4	(471:110[0.23000000000000004],476:195[0.37000000000000016],483:151[0.26000000000000006],512:48[0.15],)	504	-128.84	-1116.8550198412695	-5001.0	12	11.638	20	8	(0.09988701812044978,0.11048978875780713,0.1408619464490965,0.052221330633502185,)
63	452460621089025	32772	4	(471:112[0.24000000000000005],476:153[0.36000000000000015],483:147[0.25000000000000006],512:92[0.16],)	504	-128.84	-1104.7962499999999	-5001.0	12	10.938	21	8	(0.12203463064536249,0.09417839563820044,0.12542016454992244,0.06522621008446441,)
64	452726903316641	33272	4	(471:115[0.25000000000000006],476:114[0.35000000000000014],483:119[0.24000000000000005],512:156[0.17],)	504	-128.84	-1225.2399801587303	-5001.0	12	10.534	21	8	(0.11610172770437652,0.13050657324511572,0.10621109479140729,0.08598896803132874,)
65	452956148233692	33772	4	(471:105[0.26000000000000006],476:45[0.36000000000000015],483:158[0.25000000000000006],512:196[0.16],)	504	-128.84	-1067.5357539682543	-5001.0	12	10.608	22	8	(0.1288209055477714,0.14882967825130666,0.1229523717572989,0.07723468914572354,)
66	453213967598521	34272	4	(471:224[0.2700000000000001],476:156[0.37000000000000016],483:58[0.24000000000000005],512:66[0.15],)	504	-128.84	-1170.6152579365082	-5001.0	12	10.542	23	8	(0.11463327711494538,0.09909415657849847,0.09617714930999735,0.0755595864342574,)
67	453497159995661	34772	4	(471:173[0.26000000000000006],476:26[0.36000000000000015],483:97[0.25000000000000006],512:208[0.16],)	504	-128.84	-1119.7114682539682	-5001.0	12	11.558	22	8	(0.14220366867346218,0.13299864981240572,0.08928380652592391,0.09034698792038115,)
68	453751444980630	35272	4	(471:59[0.25000000000000006],476:59[0.37000000000000016],483:195[0.26000000000000006],512:191[0.15],)	504	-128.84	-1059.4090674603176	-5001.0	12	11.828	22	8	(0.1299748210396007,0.14465512413886494,0.1048426942657415,0.10086440223694129,)
69	453990838061319	35772	4	(471:94[0.26000000000000006],476:169[0.38000000000000017],483:123[0.25000000000000006],512:118[0.13999999999999999],)	504	-128.84	-1183.3718650793653	-5001.0	12	10.394	22	8	(0.18763420933854774,0.1536175994455219,0.14510504343305863,0.11189971569516827,)
70	454288826179858	36272	4	(471:201[0.2700000000000001],476:111[0.37000000000000016],483:77[0.26000000000000006],512:115[0.15],)	504	-128.84	-1336.441567460318	-5001.0	12	10.632	23	8	(0.14934694244419006,0.14503524659537606,0.11394970178010948,0.10339019439035528,)
71	454591890283033	36772	4	(471:160[0.26000000000000006],476:79[0.38000000000000017],483:133[0.2700000000000001],512:132[0.16],)	504	-128.84	-1329.357619047619	-5001.0	12	11.17	24	8	(0.13228166402306854,0.18370309042698812,0.13912204997836555,0.1222865090462368,)
72	454866707046369	37272	4	(471:179[0.25000000000000006],476:78[0.3900000000000002],483:160[0.26000000000000006],512:87[0.15],)	504	-128.84	-1263.288392857143	-5001.0	12	10.678	24	8	(0.12225866045530998,0.1352484556445693,0.1516487194910655,0.11866462343052085,)
73	455168920905837	37772	4	(471:168[0.24000000000000005],476:200[0.4000000000000002],483:51[0.25000000000000006],512:85[0.16],)	504	-128.84	-1459.7993055555555	-5001.0	12	10.092	22	8	(0.15355880746563935,0.1282032849520344,0.11492249882652582,0.12424381157009431,)
74	455439226296157	38272	4	(471:65[0.23000000000000004],476:96[0.3900000000000002],483:146[0.26000000000000006],512:197[0.17],)	504	-128.84	-1172.1166071428572	-5001.0	12	11.268	23	8	(0.12048772427108637,0.13490116770003957,0.13170605885486764,0.12337026487605074,)
75	455725689156545	38772	4	(471:96[0.24000000000000005],476:141[0.4000000000000002],483:187[0.25000000000000006],512:80[0.16],)	504	-128.84	-1348.7338095238094	-5001.0	12	10.49	24	8	(0.08486881401019612,0.14811305134421068,0.16393689880405576,0.11381369865894049,)
76	455971553143317	39272	4	(471:114[0.25000000000000006],476:111[0.3900000000000002],483:61[0.24000000000000005],512:218[0.17],)	504	-128.84	-1168.8462698412702	-5001.0	12	10.4	24	8	(0.14635603652127244,0.13028568220798484,0.12450936572451965,0.1149952626389669,)
77	456248864947372	39772	4	(471:141[0.26000000000000006],476:91[0.4000000000000002],483:227[0.25000000000000006],512:45[0.16],)	504	-128.84	-1101.398194444444	-5001.0	12	11.11	25	8	(0.14319622999721718,0.169002115864601,0.1475795318871099,0.12985132030407126,)
78	456520014270635	40272	4	(471:17[0.25000000000000006],476:239[0.4100000000000002],483:194[0.24000000000000005],512:54[0.17],)	504	-128.84	-1239.2282738095232	-5001.0	12	10.496	26	8	(0.1270323757750574,0.182468390771207,0.14801777947944378,0.11133096079180735,)
79	456776309391103	40772	4	(471:81[0.26000000000000006],476:78[0.4000000000000002],483:246[0.23000000000000004],512:99[0.18000000000000002],)	504	-128.84	-1153.9288690476194	-5001.0	12	10.084	25	8	(0.1868002130232417,0.18601162935106905,0.16723960589702275,0.11029796805520027,)
80	456998820172690	41286	3	(471:130[0.2700000000000001],483:178[0.22000000000000003],512:196[0.19000000000000003],)	504	-128.84	-1138.148253968254	-5001.0	12	9.526	22	8	(0.12736478933798218,0.1120039993740183,0.10684539695359775,)
81	457273211586688	41813	5	(471:113[0.2800000000000001],483:56[0.21000000000000002],512:250[0.18000000000000002],521:24[0.15],522:60[0.15],)	503	-129.79	-1330.170457256462	-5001.0	9	9.616	22	8	(0.14101598953833222,0.15175357472067927,0.09915467406935663,0.10890376687045317,0.10930943563360343,)
82	457539157931238	42314	8	(471:113[0.2700000000000001],483:118[0.22000000000000003],512:45[0.17],521:26[0.16],522:121[0.16],526:25[0.15],527:26[0.15],528:31[0.15],)	505	-129.79	-1173.4461386138614	-5001.0	9	10.676	23	8	(0.17731099894682822,0.10406470304452825,0.11922532238797025,0.12007774692276968,0.08127607454092524,0.11104965732632557,0.1008116640574389,0.07230708464145501,)
83	457822798015811	42821	8	(471:37[0.26000000000000006],483:68[0.21000000000000002],512:27[0.18000000000000002],521:70[0.17],522:61[0.15],526:97[0.16],527:105[0.16],528:43[0.16],)	508	-129.79	-1153.5155314960632	-5001.0	9	11.044	23	8	(0.12133614867213331,0.07314586823102495,0.11345209370834083,0.11111052074538207,0.08486953608074976,0.10667145750082076,0.1145706612504215,0.02617574878849075,)
84	458109330693851	43333	9	(471:87[0.2700000000000001],483:51[0.2],512:28[0.19000000000000003],521:26[0.16],522:78[0.16],526:106[0.15],527:62[0.15],528:49[0.17],534:21[0.15],)	508	-129.79	-1242.2086811023617	-5001.0	9	11.018	24	8	(0.0961102818982092,0.12491668784819646,0.11897956842215636,0.07690551601396554,0.09020972980006171,0.11022116880547267,0.1016633662125283,0.02435515175231326,0.08267019882363379,)
85	458411896164354	43843	9	(471:59[0.26000000000000006],483:67[0.21000000000000002],512:34[0.20000000000000004],521:46[0.17],522:42[0.15],526:62[0.13999999999999999],527:75[0.13999999999999999],528:28[0.18000000000000002],534:96[0.16],)	509	-129.79	-1285.7455992141452	-5001.0	9	10.73	23	8	(0.10945637172981036,0.10018422182184542,0.10669755178155235,0.07120125204182631,0.10820009249049974,0.1065662874846942,0.07680216969230103,0.030243068695068098,0.08006414638956938,)
86	458718089699006	44365	12	(471:27[0.25000000000000006],483:51[0.2],512:21[0.21000000000000005],521:81[0.18000000000000002],522:31[0.16],526:54[0.12999999999999998],527:37[0.12999999999999998],528:41[0.19000000000000003],534:28[0.15],537:52[0.15],539:60[0.15],540:26[0.15],)	509	-129.79	-1359.8043418467582	-5001.0	9	10.834	24	8	(0.15392413540026886,0.09597642735107789,0.11159542302735868,0.05750628665026757,0.07478171776186027,0.08696224841965937,0.06774477402555464,0.02999551036250427,0.08949349014911236,0.0909798090299473,0.1025435352514618,0.08851816260051854,)
87	458988704914076	44878	12	(471:31[0.26000000000000006],483:25[0.19],512:54[0.22000000000000006],521:44[0.17],522:32[0.17],526:77[0.11999999999999998],527:43[0.13999999999999999],528:34[0.18000000000000002],534:68[0.16],537:27[0.13999999999999999],539:52[0.13999999999999999],540:25[0.16],)	512	-129.79	-1237.9773242187498	-5001.0	9	10.568	23	8	(0.11616219843060756,0.11423486137820231,0.10383986988374039,0.09264813626020857,0.09369511229830937,0.05855627519456618,0.0983953534110009,0.07206647693274515,0.09008535100744805,0.07170685651016141,0.09117089667739163,0.07241632927930651,)
88	459241633054718	45381	11	(471:35[0.2700000000000001],483:19[0.2],512:37[0.21000000000000005],521:62[0.16],526:87[0.10999999999999999],527:27[0.12999999999999998],528:33[0.19000000000000003],534:72[0.15],537:35[0.15],539:44[0.12999999999999998],540:61[0.17],)	512	-129.74	-1150.7518359375001	-5001.0	10	10.476	23	8	(0.10820559467968342,0.10975502862573207,0.11116736178855864,0.06686676695231152,0.06872190346608514,0.07285008820380862,0.08466611756864094,0.0873795377503018,0.07544051557687055,0.07794267869908135,0.11005293279306273,)
89	459520034114938	45881	11	(471:55[0.2800000000000001],483:54[0.21000000000000002],512:31[0.22000000000000006],526:15[0.09999999999999999],527:36[0.13999999999999999],528:101[0.20000000000000004],534:37[0.13999999999999999],537:25[0.16],539:47[0.13999999999999999],540:57[0.16],545:53[0.15],)	511	-129.74	-1249.5172602739726	-5001.0	10	10.498	23	8	(0.12863084266820263,0.12241196261681044,0.09398487310923107,0.0784064266066984,0.10760243268126332,0.11574111468069148,0.08838284129412763,0.10722905934142479,0.08288660138918871,0.11786656164992387,0.08005370159333781,)
90	459800340455578	46393	10	(471:15[0.2700000000000001],483:75[0.2],512:39[0.23000000000000007],526:35[0.10999999999999999],527:95[0.15],528:27[0.19000000000000003],534:37[0.15],539:47[0.12999999999999998],540:49[0.15],545:92[0.13999999999999999],)	511	-129.74	-1301.043542074364	-5001.0	10	10.19	24	8	(0.17515572303970714,0.11013597200227127,0.10763389094197123,0.04140677529532089,0.09490196584439643,0.1125057180369267,0.07801814059627767,0.08225242443574568,0.10551080611886786,0.08181851969978098,)
91	460138412126031	46924	8	(471:73[0.2800000000000001],483:125[0.19],512:60[0.24000000000000007],526:100[0.11999999999999998],528:54[0.20000000000000004],534:49[0.16],539:27[0.13999999999999999],545:22[0.12999999999999998],)	510	-129.74	-1553.4733529411765	-5001.0	10	9.95	23	8	(0.12339061544962175,0.14025429802589673,0.10000945684487754,0.06107563312777595,0.09484448255288144,0.13285301496019425,0.08500378593858403,0.10048152158648595,)
92	460401976071243	47424	8	(471:65[0.2700000000000001],483:92[0.18],512:81[0.25000000000000006],526:72[0.10999999999999999],528:89[0.21000000000000005],534:52[0.17],539:29[0.15],545:28[0.13999999999999999],)	508	-129.74	-1335.1970866141735	-5001.0	10	9.742	22	8	(0.1538072184430954,0.11204692629559969,0.11544288957322289,0.0390414842719751,0.07744294733138958,0.10819952870566223,0.09884642857513551,0.07533400957432966,)
93	460676187739820	47949	8	(471:30[0.26000000000000006],483:66[0.16999999999999998],512:49[0.24000000000000005],526:70[0.09999999999999999],528:66[0.20000000000000004],534:77[0.18000000000000002],539:89[0.16],545:61[0.15],)	508	-129.74	-1188.846456692913	-5001.0	10	9.828	23	8	(0.10160104949051209,0.12417547721215078,0.10196429534132707,0.05462167907798521,0.10712018688429592,0.08488371099234435,0.08655248329069218,0.10588918195856603,)
94	460913430496362	48474	7	(471:82[0.2700000000000001],483:74[0.15999999999999998],526:64[0.09],528:73[0.19000000000000003],534:89[0.17],539:55[0.15],545:71[0.16],)	508	-128.75	-1084.930570866142	-5001.0	9	9.714	14	8	(0.0836619811960352,0.12312871070784828,0.056516288538038424,0.07541852408786076,0.07021741518324202,0.09807253465084079,0.11061854894881629,)
95	461169209877807	49006	8	(471:73[0.26000000000000006],483:89[0.14999999999999997],526:45[0.09999999999999999],528:62[0.18000000000000002],534:92[0.16],539:61[0.16],545:38[0.15],556:47[0.15],)	507	-128.75	-1148.893234714004	-5001.0	9	9.75	14	8	(0.10762306099484667,0.07574130920094252,0.0725433949466411,0.09422126704509781,0.07137572002078792,0.10822684155956229,0.10050678505559023,0.08613859572736901,)
96	461413993694472	49532	10	(471:87[0.25000000000000006],483:71[0.13999999999999996],526:55[0.10999999999999999],534:22[0.15],539:19[0.17],556:51[0.16],560:61[0.15],561:87[0.15],562:28[0.15],563:27[0.15],)	508	-128.75	-1206.6007480314963	-5001.0	9	9.612	15	8	(0.14341513670131323,0.08599787988685077,0.05370511815477392,0.10006275048984334,0.1015728447374914,0.08151866517854894,0.1032671878644566,0.07651803129310188,0.08191080924179528,0.10214034866924322,)
97	461717426564524	50081	8	(471:89[0.24000000000000005],526:68[0.09999999999999999],534:29[0.16],556:68[0.15],560:41[0.13999999999999999],561:59[0.13999999999999999],562:78[0.16],564:78[0.15],)	510	-128.75	-1290.8037843137256	-5001.0	9	9.932	15	8	(0.14131379317582748,0.050739167713606606,0.06630905362759626,0.05286501346722946,0.09628979778137474,0.06862278654645144,0.0565322850019178,0.08313399832994496,)
98	461998615223821	50608	10	(471:57[0.23000000000000004],526:62[0.09],534:59[0.17],556:63[0.13999999999999999],560:17[0.15],561:68[0.15],562:96[0.15],564:22[0.13999999999999999],574:40[0.15],576:24[0.15],)	508	-128.75	-1227.778405511811	-5001.0	9	9.876	16	8	(0.1330457393098776,0.051894651704877594,0.060572001315318744,0.05893794954517135,0.10387935345940041,0.10340113707452574,0.07979830999904751,0.097935612785873,0.0861133408560711,0.06771092528825251,)
99	462226184984157	51132	11	(471:33[0.22000000000000003],526:54[0.08],534:68[0.16],556:73[0.12999999999999998],560:25[0.16],562:18[0.13999999999999999],564:33[0.15],574:71[0.16],576:75[0.16],580:31[0.15],582:29[0.15],)	510	-128.75	-1050.5880784313724	-5001.0	9	9.574	13	8	(0.12772343567027197,0.046169826211846544,0.05921952029018338,0.0710690445578781,0.02854363933514674,0.06426494692050791,0.06287496294316723,0.09407648238740718,0.07894185844923897,0.06790389742549134,0.04485632255001264,)
100	462540581678840	51671	11	(471:30[0.23000000000000004],526:51[0.07],534:75[0.15],560:25[0.17],562:41[0.15],564:30[0.16],574:47[0.15],580:55[0.16],582:82[0.16],584:35[0.15],585:40[0.15],)	511	-127.84	-1396.9162230919767	-5001.0	10	9.886	14	8	(0.11181144652317289,0.050671934862142984,0.07060419590341403,0.07681772451548208,0.06104279524625687,0.08815916129655671,0.08507588852909988,0.055010339182597554,0.05418264654588278,0.08252305582814376,0.07760270935956501,)
101	462860262449793	52189	12	(471:42[0.24000000000000005],526:60[0.060000000000000005],534:35[0.13999999999999999],560:20[0.18000000000000002],562:37[0.16],564:31[0.17],574:29[0.13999999999999999],580:45[0.15],582:67[0.15],585:56[0.16],591:60[0.15],593:29[0.15],)	511	-127.84	-1407.1545988258317	-5001.0	10	10.0	14	8	(0.11080284175761249,0.03972664303507783,0.07233123291297423,0.04375405995777039,0.1075868544332701,0.06900948996492139,0.10061658511136833,0.05603201811544202,0.0575492067926077,0.08427519028609894,0.08367704639820692,0.05560983967185642,)
102	463096833890890	52706	10	(471:21[0.23000000000000004],534:102[0.15],560:56[0.19000000000000003],562:29[0.17],564:54[0.18000000000000002],574:35[0.15],580:63[0.13999999999999999],582:48[0.13999999999999999],591:78[0.13999999999999999],593:26[0.16],)	512	-127.84	-1057.39755859375	-5001.0	10	10.018	14	8	(0.10766141962814131,0.08659371131564722,0.057398517363849745,0.0820992355016518,0.07071832973897313,0.0675966841434143,0.06915157019977831,0.07655075061426578,0.082886179809365,0.03345937722207649,)
103	463361694085570	53208	10	(471:35[0.24000000000000005],534:78[0.13999999999999999],560:54[0.18000000000000002],562:40[0.18000000000000002],564:43[0.17],574:47[0.16],580:34[0.12999999999999998],582:62[0.15],591:42[0.12999999999999998],593:75[0.17],)	510	-127.84	-1290.0685294117648	-5001.0	10	9.878	14	8	(0.12001552864673426,0.06979358918819505,0.08390144819033184,0.0592467370667488,0.107518478237328,0.05446554082410065,0.07177727592470808,0.08445826534787121,0.07905352830757727,0.07301731491356137,)
104	463701631862679	53744	8	(471:28[0.25000000000000006],534:115[0.12999999999999998],560:96[0.17],574:79[0.17],580:28[0.13999999999999999],582:29[0.13999999999999999],591:99[0.13999999999999999],593:36[0.16],)	510	-127.84	-1483.0706470588236	-5001.0	10	10.054	14	8	(0.10574035248484695,0.08082987158851107,0.08652122022108855,0.07202347178992068,0.08079385976786506,0.06341119225138193,0.08555860707262662,0.0690009147161557,)
105	463972100953383	54257	9	(471:71[0.26000000000000006],534:65[0.11999999999999998],560:19[0.16],574:70[0.16],580:77[0.15],582:94[0.15],591:31[0.12999999999999998],593:44[0.17],600:37[0.15],)	508	-127.84	-1239.5518110236221	-5001.0	10	10.032	14	8	(0.12314530660353412,0.07258884024913388,0.09804223687395734,0.06531385114354298,0.07211540182070693,0.07685282050609353,0.08439434902035377,0.07655548855496062,0.08561380628044853,)
106	464264706176444	54802	9	(471:73[0.25000000000000006],534:48[0.10999999999999999],560:67[0.17],574:53[0.15],582:67[0.13999999999999999],591:33[0.13999999999999999],593:96[0.18000000000000002],600:48[0.16],603:24[0.15],)	509	-127.84	-1202.8299607072693	-5001.0	10	10.09	15	8	(0.13760467948520225,0.07638769913290491,0.09042180429142782,0.07540343166007347,0.09118921289455711,0.10042103064443937,0.06342360139408806,0.10019529245055007,0.08377107702745747,)
107	464595353992215	55329	10	(471:40[0.24000000000000005],534:27[0.11999999999999998],560:33[0.16],574:102[0.16],582:30[0.12999999999999998],591:47[0.15],593:35[0.17],600:101[0.17],603:72[0.16],609:22[0.15],)	509	-127.84	-1414.3192337917487	-5001.0	10	10.154	15	8	(0.12853324020630247,0.09870722085216949,0.096923664701518,0.08351739173983935,0.09672380912195007,0.08486850160676268,0.07639972698551906,0.09787426027448803,0.10101007294659786,0.09605203118396627,)
108	464958599855421	55850	11	(471:52[0.25000000000000006],534:63[0.12999999999999998],560:16[0.17],574:83[0.15],591:69[0.16],593:33[0.18000000000000002],600:71[0.16],603:51[0.15],609:19[0.16],613:29[0.15],616:24[0.15],)	510	-127.84	-1572.6191764705882	-5001.0	10	10.39	14	8	(0.18953618864600144,0.05579237983447378,0.10619529455704689,0.0502883000993231,0.07372599322690876,0.08959470989880347,0.11807815986561282,0.09709062331419671,0.04608347260658346,0.07069466161060245,0.08904224807991507,)
109	465287620649759	56367	12	(471:35[0.24000000000000005],534:64[0.11999999999999998],574:22[0.13999999999999999],591:42[0.15],593:75[0.19000000000000003],600:32[0.15],603:29[0.13999999999999999],609:127[0.17],613:28[0.16],616:15[0.16],618:22[0.15],622:20[0.15],)	511	-127.21	-1406.0974168297457	-5001.0	14	10.636	15	8	(0.17024789110570007,0.07249150104107586,0.08098852148598558,0.059428434123511946,0.061966184812124896,0.11913132728334286,0.08950636923291384,0.07375102266487318,0.1158072305443101,0.08145847285299762,0.08928032629131143,0.059584238918504354,)
110	465609735510878	56892	12	(471:22[0.25000000000000006],534:34[0.10999999999999999],574:88[0.15],593:44[0.18000000000000002],600:19[0.16],603:26[0.15],609:69[0.16],613:41[0.17],616:70[0.17],618:39[0.16],622:37[0.16],625:23[0.15],)	512	-127.21	-1323.5078125	-5001.0	14	10.64	16	8	(0.1592650434020383,0.0648855242947488,0.05743107628810022,0.06496328490021133,0.08298823439131874,0.103932009209331,0.08143750198769675,0.08711440927678041,0.08604445395961764,0.09503342076027968,0.04969476278535724,0.07235084349170935,)
111	465924965723469	57421	10	(471:57[0.26000000000000006],574:33[0.13999999999999999],593:56[0.17],600:62[0.17],609:94[0.15],613:41[0.16],616:43[0.16],618:34[0.17],622:22[0.17],625:70[0.16],)	512	-127.21	-1327.1853906249999	-5001.0	14	10.608	15	8	(0.1911669553189753,0.06458708206150734,0.07281946700611454,0.05548513258764443,0.05769944197584176,0.08823263317564278,0.09514659352635067,0.09909060630174858,0.07077899348587083,0.08968962431524906,)
112	466260574228875	57936	9	(574:26[0.15],593:91[0.16],600:60[0.16],609:83[0.13999999999999999],613:62[0.17],616:50[0.17],618:36[0.18000000000000002],622:50[0.18000000000000002],625:52[0.15],)	510	-127.21	-1414.4140196078433	-5001.0	14	10.812	16	8	(0.09243354255324396,0.09737498555184208,0.0932962461381594,0.09641042034703375,0.09899713950730077,0.09292241273486498,0.09831634404719158,0.04203711405541458,0.10126056469402483,)
113	466581700222038	58458	10	(574:47[0.16],593:52[0.15],600:62[0.15],609:30[0.12999999999999998],613:68[0.16],616:65[0.18000000000000002],618:29[0.19000000000000003],622:51[0.19000000000000003],625:82[0.16],632:23[0.15],)	509	-127.21	-1292.030451866405	-5001.0	14	10.734	15	8	(0.06950519752466454,0.10301225549230984,0.07854813076865899,0.08301940028399252,0.09727467006964848,0.09209158949700977,0.09208016415645205,0.05827633292618096,0.07847872795621749,0.08818848232367611,)
114	466875139191288	58971	10	(574:49[0.17],593:98[0.13999999999999999],600:38[0.13999999999999999],609:49[0.13999999999999999],613:60[0.15],616:35[0.17],618:29[0.20000000000000004],622:73[0.18000000000000002],625:43[0.15],632:36[0.16],)	510	-127.21	-1263.61368627451	-5001.0	14	10.798	16	8	(0.08555250152530036,0.090978573493536,0.09380327053769998,0.06952282063356191,0.08333178075198636,0.0837061428201447,0.0712105073325723,0.10519224316222865,0.12598151276765826,0.07461905916378249,)
115	467180127770056	59490	10	(574:36[0.18000000000000002],593:37[0.12999999999999998],600:65[0.15],609:86[0.15],613:21[0.13999999999999999],616:100[0.18000000000000002],618:29[0.21000000000000005],622:40[0.17],625:43[0.16],632:53[0.17],)	510	-127.21	-1326.0317450980392	-5001.0	14	10.634	17	8	(0.09374191847046495,0.07299118773923377,0.09678045803518022,0.07715682525874505,0.08476044624443106,0.08601905188604836,0.07598880638244739,0.029433843318790044,0.07597824305862293,0.0825200973602328,)
116	467516411917157	59996	10	(574:67[0.19000000000000003],593:40[0.13999999999999999],600:37[0.13999999999999999],609:52[0.13999999999999999],613:26[0.15],616:56[0.17],618:17[0.22000000000000006],622:39[0.18000000000000002],625:117[0.17],632:59[0.16],)	510	-127.21	-1381.299470588235	-5001.0	14	10.87	17	8	(0.05664046205150984,0.05842879384758748,0.06368619430809219,0.08666201751035237,0.07480594781384285,0.08446229489127341,0.046633303227980885,0.07190041190324054,0.04740973791699919,0.0761196319962286,)
117	467839346446613	60496	10	(574:49[0.18000000000000002],593:31[0.15],600:20[0.15],609:44[0.12999999999999998],613:88[0.16],616:86[0.16],618:110[0.23000000000000007],622:19[0.19000000000000003],625:48[0.16],632:15[0.15],)	510	-127.21	-1391.0819999999999	-5001.0	14	10.908	17	8	(0.06206003183704326,0.04442974939376174,0.09868792384114469,0.08052818140394141,0.10728292907180088,0.08025223070693215,0.07279452806553362,0.09216388272268336,0.09647350712131453,0.10441740171571574,)
118	468160669089516	61019	10	(574:39[0.19000000000000003],593:80[0.16],600:44[0.16],609:54[0.13999999999999999],613:28[0.15],618:61[0.22000000000000006],622:72[0.20000000000000004],625:86[0.17],632:22[0.16],646:24[0.15],)	510	-127.21	-1330.6141960784312	-5001.0	14	10.928	17	8	(0.07571097626478994,0.08985685593855938,0.10165052240356655,0.06425714209160141,0.0546852852113216,0.08065911095611038,0.08191566800266913,0.07588337715992495,0.08427596644127842,0.09031158536267454,)
119	468514900199787	61531	9	(574:31[0.20000000000000004],593:53[0.15],609:78[0.12999999999999998],613:36[0.16],618:91[0.21000000000000005],622:28[0.19000000000000003],625:69[0.16],632:60[0.17],646:64[0.16],)	510	-127.21	-1433.4558627450983	-5001.0	14	10.774	17	8	(0.056601814292006065,0.0645414636057825,0.07562397029862433,0.028793278210766247,0.08707467810215076,0.09165084289977998,0.09851773759863779,0.07267804473525576,0.07693709232450435,)
120	468830755211097	62043	9	(574:32[0.21000000000000005],593:55[0.16],609:63[0.11999999999999998],613:57[0.17],618:45[0.20000000000000004],622:88[0.20000000000000004],625:38[0.15],632:34[0.16],646:97[0.15],)	509	-127.21	-1285.0338310412574	-5001.0	14	10.828	16	8	(0.11494149190517236,0.08324405011408884,0.07501554941660586,0.027864139359469898,0.10324994178119368,0.08958140894989587,0.09196841873195312,0.06246586477381853,0.06001434759620838,)
121	469146021335768	62547	11	(574:15[0.22000000000000006],593:36[0.15],609:49[0.10999999999999999],613:25[0.16],618:50[0.21000000000000005],622:46[0.19000000000000003],625:115[0.16],632:72[0.17],646:32[0.13999999999999999],650:40[0.15],651:29[0.15],)	509	-127.21	-1356.2042436149313	-5001.0	14	10.726	17	8	(0.1373624207120425,0.11066077055866917,0.08282736557234745,0.031956139250093815,0.103883964615369,0.08979658391555463,0.06662239377960953,0.06046836330169763,0.08130327221067021,0.09479204579039527,0.07389845474223992,)
122	469426867701039	63070	9	(593:24[0.16],609:33[0.09999999999999999],613:22[0.17],618:106[0.20000000000000004],622:63[0.18000000000000002],625:42[0.15],632:80[0.16],650:56[0.16],651:85[0.16],)	511	-127.21	-1161.8547749510765	-5001.0	14	10.722	17	8	(0.051959460027715815,0.0827844715408294,0.03335880051534768,0.07031560667782706,0.10967856408063688,0.09539772521123767,0.05983183206689048,0.05346537626819059,0.05730694745108196,)
123	469705611118213	63591	9	(593:86[0.17],609:33[0.10999999999999999],613:42[0.18000000000000002],618:115[0.19000000000000003],622:84[0.17],625:35[0.16],632:43[0.15],650:39[0.15],651:32[0.15],)	509	-127.21	-1107.2462671905698	-5001.0	14	10.722	16	8	(0.07949384440006145,0.04722629298941635,0.02167179382234183,0.09072481244953491,0.07420680215985066,0.12432549160163285,0.0914921983339728,0.07497548873807548,0.11195336963414454,)
124	470008406948571	64101	10	(593:61[0.16],609:51[0.11999999999999998],613:36[0.19000000000000003],618:59[0.18000000000000002],622:71[0.16],625:89[0.17],632:29[0.16],650:40[0.16],651:55[0.16],658:18[0.15],)	509	-127.21	-1338.4794302554026	-5001.0	14	10.506	17	8	(0.07488044775342492,0.08726166359915823,0.037875986559315816,0.11870450813401426,0.08273355166076667,0.09116468731322515,0.07206466001814685,0.08147017865799996,0.07358600409543294,0.08124716836045132,)
125	470362184129258	64621	10	(593:40[0.15],609:50[0.10999999999999999],613:50[0.20000000000000004],618:88[0.17],622:87[0.15],625:52[0.16],632:39[0.17],650:34[0.17],651:49[0.15],658:21[0.16],)	510	-127.21	-1468.2726274509805	-5001.0	14	10.5	17	8	(0.07976810405063756,0.05780916785379341,0.03752705647063865,0.08059384595056396,0.0629453012175021,0.07012705285944135,0.06673630615865488,0.058776771780711806,0.07002697200077528,0.052505432743507476,)
126	470694014939409	65121	10	(593:53[0.16],609:24[0.09999999999999999],613:58[0.19000000000000003],618:60[0.16],622:36[0.13999999999999999],625:37[0.15],632:45[0.18000000000000002],650:40[0.18000000000000002],651:109[0.16],658:48[0.17],)	510	-127.21	-1525.3896274509802	-5001.0	14	10.534	17	8	(0.0791351465622017,0.06690596932697239,0.022403580809002142,0.0746492699081458,0.0876229244253029,0.0792303396055282,0.09308811963409086,0.09153231052311174,0.07812301868100742,0.05654500093501816,)
127	470982237617702	65623	10	(593:47[0.15],609:38[0.10999999999999999],613:35[0.18000000000000002],618:65[0.15],622:29[0.15],625:40[0.16],632:70[0.19000000000000003],650:70[0.19000000000000003],651:84[0.15],658:32[0.18000000000000002],)	510	-127.21	-1372.698294117647	-5001.0	14	10.302	17	8	(0.07640441521923547,0.07503507880450137,0.08647329188712397,0.08726841257044991,0.09912525195845119,0.07170724949137156,0.09591587427712558,0.09034029110987948,0.08340264525179,0.056260039062356895,)
128	471286457373086	66146	9	(593:70[0.16],609:62[0.11999999999999998],613:19[0.19000000000000003],618:30[0.13999999999999999],622:20[0.16],625:74[0.17],632:146[0.18000000000000002],650:56[0.18000000000000002],658:33[0.19000000000000003],)	510	-127.21	-1337.5420980392157	-5001.0	14	10.184	17	8	(0.07344775162383158,0.05361411409039487,0.032487786666440734,0.05822363014064626,0.06930152868390038,0.08706076606318769,0.08295100838155549,0.0790095731552783,0.07125257627174955,)
129	471553290106274	66649	9	(593:42[0.15],609:17[0.10999999999999999],613:23[0.20000000000000004],618:40[0.15],622:132[0.17],625:50[0.16],632:45[0.17],650:63[0.17],658:97[0.20000000000000004],)	509	-127.21	-1290.5515717092337	-5001.0	14	10.044	17	8	(0.0763395968844338,0.07585385818109332,0.023952392050462176,0.07555178894146833,0.08645324926383564,0.07498031304547667,0.09061843059687952,0.08909664758327865,0.08273847600140684,)
130	471859445071068	67151	10	(593:55[0.16],609:65[0.11999999999999998],613:32[0.21000000000000005],618:25[0.16],622:85[0.16],625:48[0.17],632:53[0.18000000000000002],650:17[0.16],658:100[0.19000000000000003],668:29[0.15],)	509	-127.21	-1469.9132220039291	-5001.0	14	10.146	18	8	(0.11178739668125838,0.06545511493968378,0.04382841844370619,0.06614040695489191,0.07922005574189155,0.08016378219482652,0.08610965952139785,0.0777313376055977,0.08003296695700984,0.06658625711413126,)
131	472175178923043	67655	12	(593:62[0.15],609:46[0.10999999999999999],613:38[0.22000000000000006],618:21[0.17],622:80[0.15],625:27[0.18000000000000002],632:20[0.17],650:74[0.17],658:60[0.18000000000000002],668:20[0.16],671:43[0.15],672:19[0.15],)	510	-127.21	-1459.7786666666666	-5001.0	14	10.392	19	8	(0.0660691151261039,0.07415776724752615,0.047813591238951104,0.09346043047226693,0.09815156183644726,0.10480676178061811,0.09115300286713254,0.07857233766524158,0.11321302376424852,0.09058216290956163,0.06063901651249474,0.06028094382596829,)
132	472547187442211	68166	11	(593:29[0.13999999999999999],609:17[0.09999999999999999],613:33[0.23000000000000007],618:59[0.18000000000000002],625:15[0.19000000000000003],632:56[0.18000000000000002],650:114[0.16],658:41[0.17],668:28[0.17],671:47[0.13999999999999999],672:73[0.16],)	512	-127.21	-1733.27294921875	-5001.0	14	10.194	19	8	(0.05294121799605375,0.05591174128545185,0.022494000283739293,0.03745480737797765,0.07851920186240442,0.10199514615478766,0.09477917003909066,0.08085402994245719,0.07443503694730104,0.07659995404180263,0.05696025061572689,)
133	472895159219948	68687	11	(593:53[0.15],609:49[0.10999999999999999],613:67[0.24000000000000007],618:59[0.17],625:25[0.20000000000000004],650:72[0.15],668:32[0.18000000000000002],671:52[0.12999999999999998],672:57[0.15],676:18[0.15],677:27[0.15],)	511	-127.21	-1553.1795303326808	-5001.0	14	10.382	19	8	(0.0870344070781803,0.0722702930742287,0.061040330268728155,0.0604978868436877,0.08548683309015162,0.0960743640845792,0.09747609193986807,0.0695347528866798,0.06829813908597468,0.07103702123202536,0.09185609692519593,)
134	473257691621041	69201	10	(593:22[0.13999999999999999],609:85[0.09999999999999999],613:47[0.23000000000000007],618:53[0.16],625:33[0.21000000000000005],668:92[0.19000000000000003],671:28[0.11999999999999998],672:34[0.13999999999999999],676:74[0.16],677:43[0.16],)	511	-127.21	-1622.3671037181996	-5001.0	14	10.272	18	8	(0.10949951150140524,0.07153672521667856,0.09538130913628158,0.10597923200421581,0.13640357975033313,0.12615207254504474,0.07705287186731348,0.08772846557723124,0.06305113031302773,0.07732545795339144,)
135	473599579347507	69701	10	(593:56[0.15],609:16[0.09],613:34[0.24000000000000007],618:37[0.15],625:107[0.22000000000000006],668:114[0.18000000000000002],671:27[0.12999999999999998],672:41[0.15],676:54[0.15],677:24[0.17],)	510	-127.21	-1607.2768627450978	-5001.0	14	10.28	19	8	(0.09978351140472007,0.07742686551985083,0.06465077223753235,0.07497594956897899,0.11999930088604148,0.09445446477092573,0.06611418581671226,0.0916839747327304,0.07428411090969292,0.09653680258114765,)
136	473942635037868	70222	11	(593:57[0.13999999999999999],609:36[0.09999999999999999],613:54[0.25000000000000006],618:26[0.16],625:64[0.21000000000000005],668:29[0.17],671:35[0.13999999999999999],672:53[0.16],676:56[0.13999999999999999],677:84[0.18000000000000002],680:16[0.15],)	510	-127.21	-1592.142803921569	-5001.0	14	10.134	18	8	(0.09976078438245768,0.06698696869994958,0.10297626828672583,0.08947863447601472,0.11569306089377834,0.10396710946589913,0.0896494195872856,0.11302992542787903,0.09474333703718729,0.11137874226083082,0.10581181163136649,)
137	474294074576588	70730	12	(593:15[0.12999999999999998],609:39[0.10999999999999999],613:28[0.24000000000000005],618:45[0.17],625:67[0.20000000000000004],668:122[0.18000000000000002],671:17[0.15],672:24[0.15],676:65[0.12999999999999998],677:50[0.17],680:22[0.16],683:17[0.15],)	511	-127.21	-1685.6585322896283	-5001.0	14	10.132	17	8	(0.0926325200538206,0.06536709946482523,0.047077252397998995,0.09070862348131797,0.05320024177321589,0.1071986469548421,0.09639913721133282,0.05914559486727156,0.07744735152710111,0.06117825768559935,0.049180896585521695,0.08302407922978866,)
138	474780578112575	71231	11	(609:48[0.11999999999999998],613:40[0.25000000000000006],618:31[0.16],625:35[0.19000000000000003],668:111[0.17],671:21[0.16],672:54[0.16],676:27[0.11999999999999998],677:21[0.16],680:91[0.17],683:33[0.16],)	512	-127.21	-2464.38189453125	-5001.0	14	9.95	18	8	(0.0688708683148624,0.14671873076797723,0.07792219285982582,0.08885174520715892,0.09941561213467034,0.11372853157027503,0.0745703957192567,0.07506638769185328,0.07745907711653996,0.04705932626275593,0.10319222819154726,)
139	475290516628181	71757	10	(609:33[0.10999999999999999],613:19[0.26000000000000006],618:19[0.17],625:22[0.20000000000000004],668:34[0.16],671:34[0.17],672:168[0.15],676:31[0.12999999999999998],677:96[0.17],683:55[0.17],)	511	-127.21	-2308.381135029354	-5001.0	14	10.012	18	8	(0.07936583594992434,0.09399269126705287,0.10060723061424948,0.09728199478188819,0.09539016326074545,0.11602481339297657,0.06273009820868533,0.06677116154661608,0.09554762285914614,0.07411290421758916,)
140	475655533212029	72273	10	(609:27[0.11999999999999998],613:42[0.2700000000000001],618:48[0.18000000000000002],625:69[0.21000000000000005],668:52[0.17],672:48[0.13999999999999999],676:33[0.13999999999999999],677:47[0.16],683:87[0.16],690:57[0.15],)	510	-127.21	-1626.2899607843137	-5001.0	14	10.422	19	8	(0.07805276595761777,0.20551496460821445,0.07134246800617468,0.09522148132090252,0.07859310108314674,0.10754555142599008,0.0931187446786061,0.12158195747603041,0.06525014198897909,0.07184515779443937,)
141	475988145583651	72778	10	(609:75[0.12999999999999998],613:71[0.2800000000000001],618:25[0.19000000000000003],625:103[0.20000000000000004],668:46[0.16],676:38[0.15],677:86[0.17],683:29[0.15],690:20[0.13999999999999999],692:17[0.15],)	510	-127.21	-1537.1192156862746	-5001.0	14	10.412	20	8	(0.07090280468245332,0.17109009064186534,0.06314180859123059,0.08106732791509037,0.0724525125728734,0.07769939796113998,0.11177491768001588,0.07564853070965419,0.10609708236847518,0.03121824625586819,)
142	476308032034105	73290	9	(609:29[0.11999999999999998],618:117[0.20000000000000004],625:64[0.19000000000000003],668:36[0.17],677:50[0.16],683:21[0.16],690:71[0.15],692:33[0.16],693:89[0.15],)	510	-127.21	-1319.2083137254901	-5001.0	14	10.558	20	8	(0.06245444154748616,0.09566186948675662,0.073257453152272,0.09810320228126962,0.10708179097572242,0.14395660031853422,0.080333178497791,0.03984357938403243,0.06514124975705468,)
143	476621599753693	73801	9	(609:77[0.12999999999999998],618:30[0.19000000000000003],625:45[0.18000000000000002],668:30[0.18000000000000002],677:73[0.17],683:90[0.17],690:34[0.13999999999999999],692:62[0.17],693:68[0.13999999999999999],)	509	-127.21	-1377.3290962671906	-5001.0	14	10.996	20	8	(0.08010500888903159,0.06850210641339678,0.08674666231562261,0.10374555196247655,0.07262153642790227,0.06770433838043395,0.08735400700531504,0.031218221816402176,0.062234574358745756,)
144	476949851615258	74334	9	(609:83[0.11999999999999998],618:26[0.20000000000000004],625:72[0.19000000000000003],668:18[0.19000000000000003],683:117[0.16],690:27[0.15],692:35[0.16],693:59[0.12999999999999998],698:72[0.15],)	509	-127.21	-1379.923123772102	-5001.0	14	10.526	20	8	(0.0673981648723208,0.13225515616056968,0.08526915797994042,0.1400410932382216,0.10153009119240126,0.10475425065827235,0.037150141760667985,0.06023509786171368,0.10519598016903448,)
145	477273342051598	74842	9	(609:46[0.10999999999999999],618:49[0.21000000000000005],625:59[0.18000000000000002],668:115[0.20000000000000004],683:59[0.15],690:62[0.16],692:30[0.17],693:58[0.11999999999999998],698:31[0.13999999999999999],)	509	-127.21	-1513.3666404715127	-5001.0	14	10.27	20	8	(0.07040962007868302,0.057862041391966636,0.06328637183888179,0.09171884733484127,0.07368025788458538,0.06362139309456451,0.026024957792468533,0.05521296960458402,0.09290074168837743,)
146	477605880841826	75347	9	(609:70[0.11999999999999998],618:54[0.22000000000000006],625:77[0.17],668:65[0.19000000000000003],683:68[0.13999999999999999],690:75[0.15],692:28[0.18000000000000002],693:46[0.10999999999999999],698:26[0.15],)	509	-127.21	-1548.8806483300589	-5001.0	14	10.06	19	8	(0.06966778305545052,0.07967258836176165,0.10165994788233143,0.11119388920525446,0.08490874117652424,0.07220133076394401,0.07117355648440159,0.06656672428429049,0.050375609455305836,)
147	477923411096286	75852	9	(609:49[0.10999999999999999],618:81[0.23000000000000007],625:45[0.16],668:35[0.18000000000000002],683:49[0.12999999999999998],690:92[0.13999999999999999],692:51[0.19000000000000003],693:64[0.11999999999999998],698:43[0.16],)	509	-127.21	-1426.9945972495086	-5001.0	14	10.44	20	8	(0.08212961708890935,0.08234965457261076,0.06370660072128724,0.0720024824457109,0.08714206476096342,0.0623507811497311,0.038262273121050315,0.05424720704378131,0.06415132559022636,)
148	478257716038844	76360	9	(609:43[0.11999999999999998],618:57[0.22000000000000006],625:46[0.17],668:126[0.19000000000000003],683:61[0.13999999999999999],690:51[0.12999999999999998],692:31[0.20000000000000004],693:49[0.10999999999999999],698:45[0.17],)	509	-127.21	-1526.1394891944992	-5001.0	14	10.232	18	8	(0.07806338169771827,0.10126788696754094,0.07986838313398521,0.09791464260096323,0.08659825188992674,0.08892265629820119,0.03505942015155269,0.05994115637016666,0.07169757384018086,)
149	478599213509510	76894	8	(609:82[0.12999999999999998],618:82[0.21000000000000005],625:44[0.18000000000000002],683:36[0.12999999999999998],690:47[0.13999999999999999],692:50[0.21000000000000005],693:61[0.11999999999999998],698:107[0.18000000000000002],)	509	-127.21	-1301.4951669941058	-5001.0	14	10.716	18	8	(0.08196113168058455,0.11149660759034889,0.059092772437318225,0.10233631242864863,0.0722104236090491,0.03477237001400269,0.054159799420000605,0.08819074123639274,)
