alpha = 0.15
gamma = 1.0
lambda = 0.6
epsilon = 0.3
randomSeed = 222
GREAT!
Xover: 4
---- Evolution parameters ----
Folder name:          NMSarsa_Maze/run_407289236055128
Random seed:          222
GREAT activated:      true
Max iterations:       150
Population size:      500
GREAT initialization  true
Speciation threshold: 0.15
Species min size:     15
Tournament size:      3
Crossover rate:       0.2
Mutation rate:        0.8
Crossovers:
	AligningCrossover_v4(0.15)
Mutations:
	AddGeneMutation(maxSize=2147483647, prob=0.33)
	DeleteGeneMutation(minSize=8, prob=0.33)
	ChangeGeneMutation(prob=0.33)
------------------------------

---- Starting evolution ----
IT	Nanotime	#Eval	#Species	Species size	PopSize	Best	Avg	Worst	Best GRN Size	Avg GRN size	Max GRN size	Min GRN size	Species avgdist2rep
0	408423634532213	997	1	(470:499[0.15],)	499	-41.6	-2349.9055711422848	-10000.0	13	10.076	14	8	(0.08027799403281925,)
1	408668110612535	1507	1	(470:501[0.16],)	501	-39.24	-1370.5398403193608	-10000.0	12	10.664	15	8	(0.05623042775196779,)
2	408858191777261	2007	1	(470:501[0.15],)	501	-37.68	-1037.5109580838327	-10000.0	15	11.052	15	8	(0.07045657103311477,)
3	409033751049501	2507	3	(470:112[0.13999999999999999],472:216[0.15],473:173[0.15],)	501	-37.68	-826.824810379242	-10000.0	15	11.692	16	8	(0.08351546943027818,0.07600956721270592,0.08662255689327245,)
4	409205257592678	3007	3	(470:373[0.15],472:46[0.13999999999999999],473:84[0.13999999999999999],)	503	-36.44	-683.8480715705766	-10000.0	13	12.214	17	8	(0.040982907535298964,0.04428680784729483,0.051667251768527024,)
5	409365228452796	3508	3	(470:132[0.13999999999999999],472:88[0.15],473:283[0.15],)	503	-36.32	-898.0195228628237	-10000.0	16	11.27	17	8	(0.046233795562739315,0.05043120220450297,0.040677437466354466,)
6	409578839426510	4008	3	(470:222[0.15],472:263[0.16],473:18[0.13999999999999999],)	503	-34.83	-1133.3096023856856	-10000.0	13	10.928	17	8	(0.07928607329361811,0.061168767857066646,0.07701075899790397,)
7	409787644336013	4508	3	(470:36[0.13999999999999999],472:248[0.15],473:219[0.15],)	503	-34.83	-1312.73421471173	-10000.0	13	9.67	17	8	(0.052466025150421036,0.05281102399167747,0.0321608173977601,)
8	409968090384256	5010	3	(470:245[0.15],472:135[0.13999999999999999],473:123[0.13999999999999999],)	503	-34.35	-919.0292842942346	-10000.0	11	11.316	18	8	(0.051375391428842995,0.05700306037374663,0.04668432400498938,)
9	410209402234072	5516	3	(470:82[0.13999999999999999],472:163[0.15],473:258[0.15],)	503	-34.06	-1443.6974950298213	-10000.0	15	10.044	19	8	(0.0630148303886133,0.07208897430170065,0.07759325906779557,)
10	410328700879352	6016	3	(470:159[0.15],472:91[0.16],473:253[0.13999999999999999],)	503	-34.06	-698.4666998011928	-10000.0	15	10.54	19	8	(0.05040140411435188,0.06113531203890858,0.03909924711851438,)
11	410513262147711	6516	3	(470:293[0.16],472:60[0.17],473:150[0.12999999999999998],)	503	-34.06	-1027.371988071571	-10000.0	15	10.742	17	8	(0.06780187362982791,0.06676241474289145,0.053260973169213015,)
12	410683311000130	7016	3	(470:21[0.15],472:361[0.18000000000000002],473:121[0.13999999999999999],)	503	-34.06	-944.0875745526838	-10000.0	15	10.486	17	8	(0.07882092529200338,0.052396213947257804,0.053685569656524094,)
13	410901786530513	7516	3	(470:95[0.16],472:180[0.17],473:228[0.15],)	503	-34.06	-1271.6219681908544	-10000.0	15	10.666	15	8	(0.061008257600707154,0.0781332070633888,0.06759492114717874,)
14	411157663598180	8016	3	(470:252[0.17],472:82[0.16],473:169[0.13999999999999999],)	503	-34.06	-1557.4419483101392	-10000.0	15	10.246	16	8	(0.046437419961280334,0.05772772052587998,0.05757824171995665,)
15	411329031422362	8516	3	(470:119[0.16],472:115[0.17],473:269[0.12999999999999998],)	503	-34.06	-977.1996819085485	-10000.0	15	10.368	15	8	(0.04807168049814137,0.07435349496467548,0.05738805177977467,)
16	411519420491901	9016	3	(470:204[0.17],472:147[0.18000000000000002],473:152[0.11999999999999998],)	503	-34.06	-1241.0835387673956	-10000.0	15	10.154	16	8	(0.0550881452435211,0.058465845009342994,0.0727575222022265,)
17	411719965095362	9521	3	(470:249[0.16],472:99[0.19000000000000003],473:155[0.12999999999999998],)	503	-34.06	-1310.1101192842943	-10000.0	15	9.82	16	8	(0.05566629761179273,0.05699835742416238,0.06509451546711444,)
18	411922132458252	10025	4	(470:308[0.15],472:145[0.20000000000000004],473:33[0.13999999999999999],479:17[0.15],)	503	-34.06	-1365.1315308151095	-10000.0	15	9.92	17	8	(0.06168910040586946,0.05909775462188388,0.07512855050031086,0.08109640204938051,)
19	412428158634723	10525	5	(470:313[0.13999999999999999],472:31[0.19000000000000003],473:68[0.15],479:66[0.16],481:26[0.15],)	504	-34.06	-3226.375019841269	-10000.0	15	9.95	15	8	(0.08445567461740233,0.11203831717526685,0.08607440188496177,0.06625590337215194,0.08788864309002685,)
20	412824066197001	11034	7	(470:122[0.12999999999999998],473:56[0.16],479:121[0.17],481:68[0.16],482:66[0.15],483:48[0.15],484:24[0.15],)	505	-34.06	-2240.3463762376236	-10000.0	15	10.678	16	8	(0.0782316097958765,0.07403668460077792,0.07243484905885751,0.03943343679129724,0.07285532334119293,0.07053896296798247,0.059332525505663015,)
21	413234741867436	11534	7	(470:105[0.11999999999999998],473:140[0.17],479:51[0.16],481:60[0.17],482:31[0.16],483:43[0.16],484:77[0.16],)	507	-34.06	-2551.964063116371	-10000.0	15	10.264	17	8	(0.06979033816728254,0.07325428762001548,0.07870905594899921,0.050713663323788204,0.07474020687634073,0.07669027656548547,0.07435020201732291,)
22	413554177390804	12041	6	(470:130[0.10999999999999999],473:102[0.16],479:17[0.17],481:80[0.18000000000000002],483:79[0.17],484:99[0.15],)	507	-34.86	-1852.6898422090735	-10000.0	9	10.284	15	8	(0.06844760775561344,0.07536663960964338,0.0781584754425345,0.06943535743529461,0.046955574135036704,0.06194769303806028,)
23	413763090246743	12541	6	(470:102[0.09999999999999999],473:68[0.15],479:119[0.18000000000000002],481:40[0.19000000000000003],483:97[0.18000000000000002],484:80[0.13999999999999999],)	506	-34.86	-1277.3775098814228	-10000.0	9	10.076	15	8	(0.07014977997295177,0.0797059258182127,0.07965114259213232,0.06989696387092284,0.08893431411185322,0.0578394257365617,)
24	414014695792426	13041	6	(470:28[0.09],473:46[0.16],479:18[0.17],481:211[0.20000000000000004],483:62[0.17],484:141[0.15],)	506	-34.86	-1524.7427667984189	-10000.0	9	10.102	14	8	(0.056742995842429,0.08057058148054023,0.05717026730536437,0.07383178795825115,0.07243412506349213,0.05790355567504897,)
25	414269939952269	13541	6	(470:104[0.09999999999999999],473:44[0.17],479:102[0.18000000000000002],481:80[0.19000000000000003],483:149[0.18000000000000002],484:27[0.13999999999999999],)	506	-34.86	-1489.832885375494	-10000.0	9	10.028	15	8	(0.04408383412868788,0.06648043766115824,0.06602235477274525,0.08828894418704737,0.08390676108325389,0.07199463883987793,)
26	414502200767489	14050	5	(470:132[0.09],473:116[0.18000000000000002],479:96[0.17],481:105[0.20000000000000004],484:57[0.15],)	506	-34.86	-1278.4750988142293	-10000.0	9	10.634	16	8	(0.05943391359403859,0.07692219869158556,0.09445639520440224,0.08378288302975247,0.07989433729439539,)
27	414782941624808	14550	6	(470:29[0.08],473:44[0.17],479:46[0.18000000000000002],481:196[0.19000000000000003],484:134[0.16],486:56[0.15],)	505	-34.86	-1585.046574257426	-10000.0	9	10.51	16	8	(0.06347478836407175,0.0689892898462265,0.052391334474623436,0.06762448287995597,0.07747441134821408,0.10521766089156546,)
28	415011271499115	15057	6	(470:51[0.09],473:32[0.18000000000000002],479:85[0.19000000000000003],481:107[0.18000000000000002],484:33[0.15],486:198[0.16],)	506	-34.86	-1244.0175889328061	-10000.0	9	10.316	14	8	(0.044872732553317224,0.08352516899361898,0.06399862157382191,0.08143597523081436,0.06644698480183873,0.08396758571124105,)
29	415301534315150	15564	5	(470:77[0.09999999999999999],473:25[0.19000000000000003],479:208[0.18000000000000002],481:94[0.17],484:102[0.16],)	506	-34.86	-1475.4393083003954	-10000.0	9	10.642	15	8	(0.041056034427559215,0.07700701604962852,0.06269566874274421,0.07707908381019694,0.08651626206207517,)
30	415578886436985	16069	5	(470:90[0.10999999999999999],473:173[0.20000000000000004],479:61[0.17],481:139[0.18000000000000002],484:42[0.15],)	505	-34.86	-1414.7459405940592	-10000.0	9	10.89	17	8	(0.04232911756104036,0.06669774141112278,0.06291117539604212,0.057862407099441265,0.09557362583866286,)
31	415873013720469	16569	5	(470:107[0.11999999999999998],473:140[0.19000000000000003],479:84[0.18000000000000002],481:154[0.17],484:20[0.16],)	505	-34.86	-1633.6229108910893	-10000.0	9	10.84	16	8	(0.04619326949237382,0.10250898446249436,0.11555392383565541,0.08403123378502733,0.08911530162823393,)
32	416131088741262	17078	8	(470:19[0.10999999999999999],473:33[0.18000000000000002],479:164[0.19000000000000003],481:64[0.16],484:59[0.17],490:84[0.15],491:51[0.15],493:31[0.15],)	505	-33.92	-1512.6294455445548	-10000.0	9	10.666	16	8	(0.08646416403108304,0.10123914896590433,0.04737903244363102,0.06280173522442484,0.07341080836884496,0.06686032476060229,0.10782950245283142,0.07300946275776843,)
33	416334581496005	17583	8	(470:39[0.11999999999999998],473:59[0.19000000000000003],479:34[0.18000000000000002],481:151[0.15],484:168[0.18000000000000002],490:18[0.13999999999999999],491:20[0.16],493:19[0.16],)	508	-33.92	-1027.9972047244096	-10000.0	9	10.85	16	8	(0.04949323292664724,0.09072261088008257,0.09808951216854263,0.0815143500268662,0.034688311706718815,0.05725006681554781,0.07052218249450608,0.04229256118430356,)
34	416550325519642	18101	6	(470:145[0.12999999999999998],473:56[0.20000000000000004],481:94[0.13999999999999999],484:89[0.17],491:43[0.17],493:81[0.17],)	508	-33.92	-979.6283070866145	-10000.0	9	11.49	16	8	(0.06508150330280339,0.08553517286090018,0.06464956395942495,0.04143624308169066,0.08162460912231577,0.029050010476208397,)
35	416766308197251	18601	6	(470:93[0.11999999999999998],473:83[0.21000000000000005],481:52[0.12999999999999998],484:107[0.16],491:75[0.18000000000000002],493:96[0.18000000000000002],)	506	-33.92	-1009.1423517786561	-10000.0	9	11.408	17	8	(0.06415903925709056,0.05587950981493927,0.06661966390350674,0.08347206837671231,0.081541873269947,0.05951343937520027,)
36	416955242927295	19106	5	(470:29[0.10999999999999999],473:140[0.20000000000000004],481:66[0.13999999999999999],491:85[0.19000000000000003],493:186[0.17],)	506	-33.43	-874.3512648221342	-10000.0	11	11.438	18	8	(0.082140695240674,0.06397399586381954,0.07266984831347115,0.07871954166701432,0.07925489711861866,)
37	417232324738363	19616	5	(470:111[0.11999999999999998],473:102[0.19000000000000003],481:49[0.15],491:131[0.20000000000000004],493:112[0.16],)	505	-33.43	-1294.7149702970296	-10000.0	11	11.458	18	8	(0.04807544832241085,0.0804956600887385,0.06289681402245659,0.06636088952199388,0.057530426554905104,)
38	417434693970765	20116	5	(470:171[0.10999999999999999],473:84[0.18000000000000002],481:127[0.16],491:72[0.19000000000000003],493:51[0.15],)	505	-33.43	-1094.1493663366339	-10000.0	11	10.816	18	8	(0.059360028979083206,0.07672002629935129,0.08131136519737318,0.06794650177817195,0.07271291829684469,)
39	417600411002195	20616	5	(470:171[0.09999999999999999],473:87[0.19000000000000003],481:70[0.15],491:51[0.20000000000000004],493:126[0.16],)	505	-32.6	-760.9020594059405	-10000.0	9	11.35	18	8	(0.060326363568108166,0.0804236566377579,0.07432392014959315,0.08364651146207878,0.04146752210430938,)
40	417760752505184	21116	5	(470:76[0.09],473:79[0.20000000000000004],481:44[0.16],491:186[0.21000000000000005],493:120[0.15],)	505	-32.6	-755.64297029703	-10000.0	9	11.338	18	8	(0.0645877033231233,0.07920950631751644,0.074130038434876,0.08565470503935609,0.06069675512536177,)
41	417958105402289	21616	5	(470:138[0.09999999999999999],473:18[0.21000000000000005],481:167[0.17],491:103[0.20000000000000004],493:79[0.13999999999999999],)	505	-32.6	-936.4902970297029	-10000.0	9	11.304	17	8	(0.04939180674273378,0.08420714674697323,0.08695672184912172,0.10080015802383614,0.06673312128266905,)
42	418139078585475	22116	5	(470:87[0.09],473:75[0.22000000000000006],481:150[0.16],491:127[0.19000000000000003],493:66[0.15],)	505	-32.6	-872.5823168316831	-10000.0	9	11.4	18	8	(0.05156461285849107,0.07446575979848322,0.0945052682796419,0.08670498548233921,0.062460702592391074,)
43	418309206620242	22616	6	(470:106[0.09999999999999999],473:49[0.23000000000000007],481:78[0.15],491:152[0.18000000000000002],493:105[0.16],497:15[0.15],)	505	-32.6	-787.5335841584159	-10000.0	9	11.406	17	8	(0.06694721118210178,0.09626799266076363,0.09638651745106777,0.09376187092232087,0.07889684136248183,0.0847364970324824,)
44	418440546337533	23116	6	(470:31[0.09],473:28[0.24000000000000007],481:59[0.16],491:203[0.17],493:46[0.15],497:139[0.16],)	506	-32.59	-610.1655533596838	-10000.0	10	11.416	17	8	(0.056604622331795966,0.155612893095123,0.07206100787819263,0.11655870411722231,0.06496854508481628,0.06356045880410251,)
45	418620842848338	23619	6	(470:29[0.09999999999999999],473:69[0.25000000000000006],481:159[0.17],491:93[0.16],493:58[0.16],497:98[0.15],)	506	-32.59	-847.5127272727271	-10000.0	10	11.63	17	8	(0.07117668083930001,0.13084544046681862,0.04060676416534533,0.11174422535856482,0.05298480678922018,0.043658884216068825,)
46	418765792069755	24120	6	(470:50[0.10999999999999999],473:46[0.26000000000000006],481:101[0.16],491:82[0.15],493:174[0.17],497:53[0.13999999999999999],)	506	-32.59	-659.9701581027668	-10000.0	10	10.99	18	8	(0.07751963508819519,0.0980181740313257,0.06172664776123313,0.09181135328338746,0.058589255947451256,0.06374025237588966,)
47	418972445764004	24630	5	(470:79[0.11999999999999998],473:33[0.2700000000000001],481:158[0.15],493:110[0.16],497:126[0.15],)	506	-32.59	-941.4370750988143	-10000.0	10	11.696	19	8	(0.07667583259927079,0.1272476052686914,0.06711333103344297,0.06414787742348523,0.08133916413691682,)
48	419187500974122	25136	5	(470:62[0.12999999999999998],473:55[0.2800000000000001],481:122[0.13999999999999999],493:138[0.15],497:128[0.13999999999999999],)	505	-32.59	-966.0638415841585	-10000.0	10	11.684	19	8	(0.09776951079353866,0.15054144391318994,0.061167178786376335,0.05643376269702945,0.05915799560730107,)
49	419426548413556	25636	6	(470:29[0.13999999999999999],473:27[0.2900000000000001],481:211[0.12999999999999998],493:120[0.13999999999999999],497:88[0.12999999999999998],501:30[0.15],)	505	-32.59	-1028.228336633663	-10000.0	10	11.746	18	8	(0.107552641244283,0.20738839130632816,0.06751253955520928,0.09316703233052019,0.06870536281725702,0.0831959628720664,)
50	419609632782225	26136	6	(470:68[0.15],473:79[0.3000000000000001],481:128[0.11999999999999998],493:125[0.12999999999999998],497:75[0.11999999999999998],501:31[0.16],)	506	-32.59	-863.531837944664	-10000.0	10	11.19	18	8	(0.08839693703415927,0.09576935831084495,0.06319861300221775,0.055745693623301854,0.0734821999630752,0.07368753094093074,)
51	419763723975722	26636	6	(470:52[0.16],473:36[0.3100000000000001],481:78[0.10999999999999999],493:110[0.11999999999999998],497:160[0.12999999999999998],501:70[0.17],)	506	-32.59	-696.6455533596837	-10000.0	10	11.318	19	8	(0.11861465643028499,0.13439070855321342,0.06912010864467458,0.06549226414631272,0.08325202988465918,0.08516984368906887,)
52	419936650577010	27136	6	(470:21[0.17],473:61[0.3200000000000001],481:153[0.11999999999999998],493:38[0.10999999999999999],497:64[0.11999999999999998],501:169[0.18000000000000002],)	506	-31.92	-943.4304347826087	-10000.0	10	10.904	15	8	(0.14682955463012096,0.1305454879074369,0.05091740425813482,0.05072510042876903,0.07808117198587194,0.08421036695979603,)
53	420163165955293	27636	6	(470:36[0.18000000000000002],473:141[0.3300000000000001],481:165[0.10999999999999999],493:94[0.11999999999999998],497:27[0.12999999999999998],501:43[0.17],)	506	-31.92	-1183.94581027668	-10000.0	10	11.038	16	8	(0.07196531293007026,0.11157454697303419,0.07849258286880931,0.05839021103689727,0.07372226725135805,0.06122844456157797,)
54	420430749831227	28136	6	(470:46[0.19000000000000003],473:67[0.3200000000000001],481:132[0.09999999999999999],493:48[0.10999999999999999],497:154[0.13999999999999999],501:59[0.18000000000000002],)	506	-31.92	-1430.3149999999998	-10000.0	10	11.074	15	8	(0.11070569114164154,0.11614533692308442,0.055206145719314634,0.05569716942221561,0.07652466561365016,0.08929708025555035,)
55	420671989171388	28636	6	(470:96[0.20000000000000004],473:79[0.3300000000000001],481:129[0.09],493:30[0.11999999999999998],497:81[0.12999999999999998],501:91[0.19000000000000003],)	506	-31.92	-1161.4699011857706	-10000.0	10	11.334	15	8	(0.12888371668506585,0.13071437298036093,0.05148356576392793,0.0729192020433355,0.0697467197998739,0.10337939473854532,)
56	420882002582918	29136	6	(470:48[0.19000000000000003],473:186[0.34000000000000014],481:56[0.08],493:49[0.12999999999999998],497:103[0.13999999999999999],501:64[0.18000000000000002],)	506	-31.92	-1057.0674703557315	-10000.0	10	11.612	16	8	(0.12507708006408202,0.17033090085834085,0.05749294465526999,0.07861576604029775,0.10592302911659479,0.1375812779920404,)
57	421168140379467	29636	6	(470:67[0.20000000000000004],473:66[0.3300000000000001],481:95[0.09],493:54[0.13999999999999999],497:94[0.12999999999999998],501:130[0.19000000000000003],)	506	-31.92	-1403.727509881423	-10000.0	10	11.562	16	8	(0.10732283902727964,0.1316793656003381,0.054479291700765105,0.05195311675188198,0.08572841904747407,0.0543235917578311,)
58	421445679200312	30136	6	(470:35[0.21000000000000005],473:106[0.34000000000000014],481:108[0.08],493:61[0.15],497:97[0.11999999999999998],501:99[0.18000000000000002],)	506	-31.92	-1246.8672529644266	-10000.0	10	11.648	17	8	(0.12344368247424702,0.11363818184873413,0.04739705337661694,0.07490640830647174,0.059549638326678624,0.0700783026257521,)
59	421662049037560	30636	6	(470:70[0.22000000000000006],473:97[0.3300000000000001],481:63[0.07],493:60[0.16],497:53[0.10999999999999999],501:163[0.17],)	506	-31.56	-1045.7878260869563	-10000.0	8	11.852	17	8	(0.13349691199649957,0.1325719650642622,0.04870528365265379,0.09269984622017392,0.08726274592918076,0.06527162864237003,)
60	421884624022802	31136	6	(470:97[0.23000000000000007],473:50[0.3200000000000001],481:167[0.08],493:71[0.17],497:59[0.11999999999999998],501:62[0.16],)	506	-31.56	-1054.9209881422923	-10000.0	8	11.936	16	8	(0.07693084308937355,0.10307421809065268,0.05191967489696554,0.09467387984400347,0.06580643130089119,0.09778488446852453,)
61	422131785837262	31636	6	(470:69[0.22000000000000006],473:35[0.3300000000000001],481:113[0.07],493:194[0.18000000000000002],497:31[0.12999999999999998],501:64[0.17],)	506	-31.56	-1215.1281818181817	-10000.0	8	11.706	17	8	(0.08556940152783063,0.1489119303240867,0.04647303564115308,0.11227548348892682,0.08454232097426746,0.10458819775539031,)
62	422315809138545	32136	6	(470:36[0.23000000000000007],473:52[0.34000000000000014],481:50[0.060000000000000005],493:110[0.17],497:84[0.13999999999999999],501:174[0.18000000000000002],)	506	-31.56	-925.8365415019766	-10000.0	8	11.512	16	8	(0.07623046523432091,0.09545154419637923,0.036306101344648505,0.11898850042351997,0.08401522176806629,0.08888197161444565,)
63	422503139468676	32642	7	(470:83[0.24000000000000007],473:78[0.35000000000000014],481:164[0.07],493:68[0.16],497:50[0.12999999999999998],501:30[0.17],503:33[0.15],)	506	-31.56	-898.8102569169959	-10000.0	8	11.112	16	8	(0.08128005309145389,0.09433588922190674,0.03951626996653416,0.10900200045549427,0.10616169729983806,0.11521716455018842,0.08718617620563075,)
64	422729361847246	33154	7	(473:63[0.34000000000000014],481:56[0.060000000000000005],493:18[0.17],497:82[0.13999999999999999],501:177[0.18000000000000002],503:94[0.16],504:17[0.15],)	507	-31.56	-1179.859743589744	-10000.0	8	11.202	16	8	(0.10605998383188493,0.03635392672249666,0.06118231269552569,0.10571388145646533,0.08180799536442038,0.05400761876672676,0.09547692568110622,)
65	422990727279795	33656	8	(473:19[0.35000000000000014],481:103[0.07],493:48[0.18000000000000002],497:83[0.12999999999999998],501:75[0.17],503:73[0.15],504:77[0.16],505:29[0.15],)	507	-31.56	-1227.1759566074952	-10000.0	8	11.692	16	8	(0.07806673406727944,0.045287305708989145,0.06015325957174964,0.08127683834524808,0.07336287750675634,0.06350320732629923,0.09108461817062466,0.10887459376875545,)
66	423233605855326	34156	8	(473:32[0.36000000000000015],481:61[0.060000000000000005],493:77[0.19000000000000003],497:106[0.11999999999999998],501:85[0.16],503:39[0.13999999999999999],504:70[0.15],505:38[0.16],)	508	-31.56	-1067.1207086614172	-10000.0	8	11.92	16	8	(0.10186290790368752,0.03780228168672372,0.08951951138861428,0.0760765298896789,0.07909648179519772,0.0509242151520533,0.07496611910476841,0.08769135318794034,)
67	423471462069277	34656	8	(473:65[0.37000000000000016],481:67[0.07],493:108[0.18000000000000002],497:65[0.10999999999999999],501:64[0.15],503:71[0.15],504:29[0.13999999999999999],505:39[0.17],)	508	-31.56	-1042.9438385826768	-10000.0	8	11.618	17	8	(0.1026582147093683,0.046516857936830386,0.08075817143873015,0.054595037217021206,0.07285938276701615,0.05545417048976581,0.08504821793967578,0.12302278549248069,)
68	423688781851664	35156	8	(473:27[0.36000000000000015],481:54[0.060000000000000005],493:80[0.17],497:83[0.09999999999999999],501:75[0.13999999999999999],503:46[0.13999999999999999],504:85[0.15],505:58[0.18000000000000002],)	508	-31.56	-1002.385118110236	-10000.0	8	11.942	17	8	(0.13043261041017482,0.04321347611460201,0.09609034587837055,0.06361783632905708,0.07962865262614247,0.07192407175905048,0.0748333802192019,0.11202358886823144,)
69	423924218079868	35656	8	(473:41[0.37000000000000016],481:80[0.07],493:67[0.16],497:22[0.09],501:94[0.12999999999999998],503:51[0.15],504:92[0.13999999999999999],505:61[0.19000000000000003],)	508	-31.56	-1101.1384842519687	-10000.0	8	11.86	18	8	(0.16356940386875793,0.05741667865415245,0.08516760172745554,0.07375440157100559,0.09753002190111097,0.09630236954143262,0.09950907912870466,0.05748688708747477,)
70	424203126865242	36156	8	(473:51[0.38000000000000017],481:28[0.060000000000000005],493:63[0.15],497:173[0.09999999999999999],501:37[0.11999999999999998],503:62[0.16],504:44[0.12999999999999998],505:50[0.20000000000000004],)	508	-31.56	-1333.1695866141733	-10000.0	8	11.77	19	8	(0.12342382462788247,0.04794216588106372,0.1190853029406501,0.06907976982022805,0.08920984319454278,0.04870893990276501,0.10040449382697324,0.11708726532509572,)
71	424524924450601	36656	8	(473:43[0.3900000000000002],481:52[0.07],493:171[0.13999999999999999],497:45[0.09],501:66[0.12999999999999998],503:17[0.15],504:48[0.13999999999999999],505:66[0.21000000000000005],)	508	-31.56	-1494.558090551181	-10000.0	8	11.828	18	8	(0.2779756293734376,0.054776585508006286,0.07964718817543964,0.06763841323066995,0.0920040754392809,0.09841967136047884,0.06655874281143802,0.1317556899547912,)
72	424855556690011	37158	7	(473:40[0.4000000000000002],481:42[0.08],493:70[0.12999999999999998],497:125[0.09999999999999999],501:75[0.11999999999999998],503:56[0.16],504:100[0.15],)	508	-31.56	-1423.5800787401577	-10000.0	8	12.084	17	8	(0.11719783693207249,0.0588503192872323,0.07920586918298621,0.0645018833509688,0.0772135813636026,0.05447482924191741,0.08147912574141149,)
73	425155769326764	37658	7	(473:53[0.4100000000000002],481:94[0.09],493:125[0.13999999999999999],497:45[0.09],501:82[0.10999999999999999],503:80[0.17],504:28[0.13999999999999999],)	507	-31.56	-1238.1904142011836	-10000.0	8	12.05	17	8	(0.09960435812369983,0.05253431662219451,0.0816358598382136,0.06744296118838809,0.06724836427297597,0.0603463871229906,0.07451153935575787,)
74	425417455889560	38158	7	(473:64[0.4200000000000002],481:82[0.08],493:105[0.12999999999999998],497:50[0.09999999999999999],501:95[0.09999999999999999],503:32[0.16],504:79[0.15],)	507	-31.56	-1150.129033530572	-10000.0	8	12.186	17	8	(0.14895343483957682,0.05190734674469898,0.09051887013189433,0.04779975231378132,0.06612979542399526,0.03631157838703484,0.1042011064991439,)
75	425752411219368	38668	6	(473:106[0.4300000000000002],481:50[0.07],493:171[0.11999999999999998],497:31[0.10999999999999999],501:42[0.09],504:107[0.13999999999999999],)	507	-31.56	-1357.9414990138068	-10000.0	8	12.352	18	8	(0.13477615531178827,0.03852161593759135,0.06899279244481124,0.07564006547820402,0.06662362866297951,0.08032470772848664,)
76	426130800131692	39168	6	(473:67[0.4200000000000002],481:70[0.08],493:45[0.10999999999999999],497:90[0.11999999999999998],501:127[0.09999999999999999],504:107[0.12999999999999998],)	506	-31.56	-1485.375256916996	-10000.0	8	12.364	18	8	(0.11444018969777259,0.04826543315666469,0.07517876803896664,0.06990460534666226,0.06342924735290974,0.09446396475312382,)
77	426387411773857	39668	6	(473:104[0.4300000000000002],481:50[0.09],493:158[0.11999999999999998],497:40[0.10999999999999999],501:90[0.09],504:64[0.11999999999999998],)	506	-31.56	-1061.4744466403165	-10000.0	8	12.568	18	8	(0.19095933437436366,0.04405771504776324,0.0715465866117881,0.0687782724273436,0.06300403919503016,0.07747046816834777,)
78	426677058310232	40168	6	(473:108[0.4200000000000002],481:27[0.09999999999999999],493:58[0.10999999999999999],497:209[0.11999999999999998],501:17[0.08],504:87[0.12999999999999998],)	506	-31.56	-1218.1841106719367	-10000.0	8	12.648	19	8	(0.15605341899229405,0.08332965321764275,0.06223181041254543,0.07550897709590157,0.05243096893884669,0.07155550231461592,)
79	427001188066091	40668	6	(473:88[0.4100000000000002],481:66[0.10999999999999999],493:88[0.11999999999999998],497:154[0.10999999999999999],501:59[0.09],504:51[0.11999999999999998],)	506	-31.56	-1284.8209683794469	-10000.0	8	12.694	19	8	(0.15816593770948914,0.06598409853246115,0.07049318630843905,0.07266492431705045,0.07096687597910621,0.08417897195718893,)
80	427258050840164	41168	7	(473:28[0.4000000000000002],481:157[0.11999999999999998],493:79[0.10999999999999999],497:99[0.09999999999999999],501:43[0.09999999999999999],504:44[0.12999999999999998],507:56[0.15],)	506	-31.56	-1017.6308300395257	-10000.0	8	12.508	20	8	(0.2510300213325995,0.06260617277019809,0.07571875430673956,0.07001435083662996,0.07017191775012188,0.07196194927612526,0.07664577047069235,)
81	427576840049024	41668	7	(473:75[0.4100000000000002],481:38[0.10999999999999999],493:115[0.09999999999999999],497:22[0.09],501:83[0.10999999999999999],504:130[0.13999999999999999],507:44[0.16],)	507	-31.56	-1326.6950295857991	-10000.0	8	12.472	21	8	(0.15012712585333504,0.09151239400176407,0.07445071729043,0.07523672502868178,0.07450709364102967,0.06820866838549773,0.11241018299422043,)
82	427900922288970	42168	7	(473:207[0.4000000000000002],481:61[0.11999999999999998],493:23[0.09],497:72[0.09999999999999999],501:33[0.09999999999999999],504:64[0.12999999999999998],507:47[0.17],)	507	-31.56	-1395.217672583826	-10000.0	8	12.414	22	8	(0.10909121441790827,0.08248009974956212,0.07797101096586037,0.0848662543061957,0.0665303563895529,0.06551609954014605,0.11310262767647061,)
83	428283182557932	42668	7	(473:120[0.3900000000000002],481:169[0.12999999999999998],493:26[0.09999999999999999],497:38[0.09],501:39[0.10999999999999999],504:88[0.13999999999999999],507:27[0.18000000000000002],)	507	-31.56	-1615.0044970414203	-10000.0	8	12.718	20	8	(0.1999964527963963,0.09916398828687509,0.07870466664180943,0.09346173231110268,0.05749547266283144,0.09359225516598939,0.1300249929616445,)
84	428544695956181	43168	7	(473:51[0.38000000000000017],481:94[0.11999999999999998],493:157[0.10999999999999999],497:65[0.09999999999999999],501:37[0.11999999999999998],504:88[0.12999999999999998],507:15[0.19000000000000003],)	507	-31.56	-1084.9773767258382	-10000.0	8	12.874	20	8	(0.16772275813709614,0.07121391894246552,0.06927268485599725,0.07407627153058698,0.07314257907177857,0.07134703426021126,0.09554613868726126,)
85	428782992992483	43668	7	(473:74[0.3900000000000002],481:36[0.10999999999999999],493:99[0.09999999999999999],497:77[0.10999999999999999],501:51[0.12999999999999998],504:55[0.11999999999999998],507:115[0.20000000000000004],)	507	-31.56	-999.9755621301774	-10000.0	8	12.546	18	8	(0.13677052131213605,0.0590354021392299,0.06254977423860246,0.07700078214383078,0.07891938568315972,0.09641450184012593,0.13847654344852445,)
86	429068012465141	44168	7	(473:80[0.38000000000000017],481:60[0.11999999999999998],493:65[0.09],497:80[0.09999999999999999],501:25[0.13999999999999999],504:106[0.12999999999999998],507:91[0.19000000000000003],)	507	-31.56	-1082.3767455621303	-10000.0	8	12.838	18	8	(0.18398460990860588,0.08564025989603698,0.06759015748774576,0.08157938102999743,0.09592503296080639,0.0794701878475336,0.11444515264554192,)
87	429343812556081	44680	6	(473:24[0.37000000000000016],481:127[0.12999999999999998],493:145[0.09999999999999999],501:78[0.15],504:76[0.11999999999999998],507:57[0.18000000000000002],)	507	-31.56	-1046.5078698224852	-10000.0	8	12.97	19	8	(0.14753492579349492,0.07395547014725544,0.07319263375182561,0.0742662485864423,0.06987512931378696,0.12369347952150962,)
88	429678020389487	45180	6	(473:78[0.38000000000000017],481:47[0.11999999999999998],493:84[0.09],501:127[0.16],504:111[0.12999999999999998],507:59[0.19000000000000003],)	506	-31.56	-1403.7007509881423	-10000.0	8	12.536	19	8	(0.1393113954050475,0.07800120666079265,0.056136540164418346,0.10014250747931669,0.07430082089420266,0.09554492454426634,)
89	429924577789575	45680	6	(473:93[0.3900000000000002],481:142[0.12999999999999998],493:72[0.08],501:51[0.15],504:66[0.11999999999999998],507:82[0.20000000000000004],)	506	-31.52	-1053.317193675889	-10000.0	11	12.206	20	8	(0.13236660105186324,0.0827117818654777,0.057026356536343456,0.07729144282270677,0.09233369694684655,0.1323677076487263,)
90	430216846709518	46180	6	(473:54[0.38000000000000017],481:80[0.11999999999999998],493:38[0.09],501:110[0.16],504:157[0.12999999999999998],507:67[0.21000000000000005],)	506	-31.52	-1170.6253557312257	-10000.0	11	12.514	19	8	(0.13805536060446597,0.08154618379048693,0.06431678290795872,0.11569953039630587,0.08672100957328807,0.12087186329412455,)
91	430489848432512	46688	5	(473:125[0.3900000000000002],481:78[0.12999999999999998],493:90[0.09999999999999999],501:116[0.15],504:97[0.11999999999999998],)	506	-44.93	-1039.515138339921	-10000.0	11	13.064	20	8	(0.12104909314612072,0.08363234654204715,0.0779945107727922,0.10670145721402684,0.07369200640684319,)
92	430770553612612	47188	5	(473:95[0.38000000000000017],481:212[0.13999999999999999],493:51[0.10999999999999999],501:77[0.13999999999999999],504:70[0.12999999999999998],)	505	-41.17	-1007.3720396039604	-10000.0	11	13.064	21	8	(0.1780041140757326,0.08927027026505424,0.08723783546165782,0.08364364149918146,0.09313352777735513,)
93	431111482205340	47688	5	(473:78[0.3900000000000002],481:60[0.12999999999999998],493:138[0.11999999999999998],501:118[0.15],504:111[0.13999999999999999],)	505	-41.17	-1385.1502376237625	-10000.0	11	13.26	21	8	(0.21617261840736013,0.0737238175834091,0.07971016918783005,0.11355963652661914,0.08223229256314447,)
94	431420650495949	48188	5	(473:170[0.4000000000000002],481:75[0.13999999999999999],493:125[0.10999999999999999],501:42[0.13999999999999999],504:93[0.12999999999999998],)	505	-41.17	-1156.1528910891088	-10000.0	11	12.892	21	8	(0.14796027646955098,0.09690048343368314,0.06821483820930684,0.09655007932456362,0.08265807830510785,)
95	431802835528290	48688	5	(473:146[0.3900000000000002],481:126[0.15],493:42[0.09999999999999999],501:97[0.15],504:94[0.13999999999999999],)	505	-39.38	-1515.2014455445546	-10000.0	11	13.236	19	8	(0.12436275804799085,0.10678062385044115,0.08634613644211735,0.11331800761034834,0.10996493811054646,)
96	432207844289544	49188	5	(473:103[0.38000000000000017],481:181[0.13999999999999999],493:28[0.10999999999999999],501:114[0.16],504:79[0.15],)	505	-39.38	-1527.2710495049503	-10000.0	11	13.172	20	8	(0.14812548932686315,0.07910442368500513,0.07399748731433818,0.07820218244394603,0.09916687983222988,)
97	432510707998431	49688	5	(473:112[0.37000000000000016],481:177[0.12999999999999998],493:19[0.11999999999999998],501:114[0.15],504:83[0.16],)	505	-39.38	-1170.2537821782184	-10000.0	11	12.916	20	8	(0.14205148473515875,0.07576954205958816,0.05067148722982765,0.08458920831933503,0.12133155589114088,)
98	432859236844141	50188	5	(473:92[0.36000000000000015],481:98[0.11999999999999998],493:84[0.12999999999999998],501:89[0.13999999999999999],504:142[0.17],)	505	-39.38	-1562.8482970297032	-10000.0	11	12.458	21	8	(0.11003000662218479,0.09413179194462053,0.056490187033885156,0.100909091676934,0.11765406979769344,)
99	433158243715967	50688	5	(473:65[0.37000000000000016],481:76[0.12999999999999998],493:73[0.13999999999999999],501:200[0.15],504:91[0.16],)	505	-39.38	-1426.7004554455448	-10000.0	11	11.738	20	8	(0.12643649143706823,0.08185250250757091,0.08498828038409081,0.08106755018959118,0.10805878869127786,)
100	433456245350844	51188	5	(473:97[0.38000000000000017],481:68[0.13999999999999999],493:189[0.15],501:66[0.13999999999999999],504:85[0.17],)	505	-39.38	-1352.7878019801985	-10000.0	11	11.762	19	8	(0.13962025756311972,0.08493525792948867,0.054191217649118086,0.0745314715428975,0.10364222834308705,)
101	433734556686518	51688	5	(473:107[0.3900000000000002],481:139[0.15],493:30[0.13999999999999999],501:104[0.15],504:125[0.18000000000000002],)	505	-39.38	-1241.8440198019805	-10000.0	11	12.174	19	8	(0.11549184080542932,0.10615726790092567,0.07274526722602713,0.08663272783805384,0.11299815041035545,)
102	434065535297882	52188	5	(473:93[0.38000000000000017],481:66[0.13999999999999999],493:26[0.15],501:142[0.13999999999999999],504:178[0.17],)	505	-39.04	-1538.257801980198	-10000.0	12	11.944	20	8	(0.14462849262802968,0.09319044968916634,0.08933668753197474,0.07733510411701423,0.08909730958167622,)
103	434344897076187	52688	5	(473:141[0.3900000000000002],481:116[0.15],493:94[0.16],501:105[0.12999999999999998],504:49[0.16],)	505	-38.65	-1350.933188118812	-10000.0	11	11.512	20	8	(0.23185927816926272,0.09737556946474289,0.10480576690452277,0.0916699350740784,0.10090472081706985,)
104	434621040621400	53188	5	(473:95[0.38000000000000017],481:134[0.13999999999999999],493:87[0.17],501:86[0.11999999999999998],504:103[0.17],)	505	-35.04	-1298.5005940594058	-10000.0	12	11.532	19	8	(0.12237878867986374,0.095173365239617,0.06865781818634903,0.08649217505631215,0.12686236302593545,)
105	434861725073011	53688	5	(473:115[0.3900000000000002],481:38[0.12999999999999998],493:199[0.18000000000000002],501:132[0.12999999999999998],504:21[0.16],)	505	-35.04	-1273.648594059406	-10000.0	12	10.894	18	8	(0.15692119682115008,0.08287491430990777,0.09209296936660365,0.0869440824269902,0.11296808105867016,)
106	435154506167171	54188	5	(473:101[0.38000000000000017],481:100[0.13999999999999999],493:157[0.17],501:100[0.11999999999999998],504:47[0.17],)	505	-35.04	-1391.0368712871286	-10000.0	12	11.478	18	8	(0.1746096218974512,0.09241310061242691,0.12357745147410536,0.0771596236548305,0.10483840598894709,)
107	435427702294119	54688	5	(473:246[0.37000000000000016],481:66[0.12999999999999998],493:77[0.16],501:65[0.10999999999999999],504:51[0.18000000000000002],)	505	-35.04	-1394.096594059406	-10000.0	12	11.31	19	8	(0.13610876780506748,0.07717411321100008,0.11932316861038206,0.04701049353811789,0.095539124156984,)
108	435697896261147	55188	5	(473:152[0.36000000000000015],481:91[0.13999999999999999],493:177[0.17],501:66[0.11999999999999998],504:19[0.19000000000000003],)	505	-35.04	-1157.1994653465347	-10000.0	12	11.754	17	8	(0.08693464630615863,0.09178146054430433,0.09887610820906738,0.06242383523576188,0.09752007650765675,)
109	435991185884989	55688	6	(473:138[0.35000000000000014],481:57[0.15],493:33[0.16],501:40[0.12999999999999998],504:175[0.20000000000000004],509:62[0.15],)	505	-35.04	-1385.5494059405935	-10000.0	12	12.12	17	8	(0.0998874206198407,0.10957107073664779,0.13999332439383916,0.09376070498466675,0.12813731664505026,0.07498454864805092,)
110	436325811857961	56188	6	(473:84[0.34000000000000014],481:88[0.16],493:204[0.17],501:35[0.13999999999999999],504:24[0.19000000000000003],509:71[0.16],)	506	-35.04	-1509.788320158103	-10000.0	12	12.15	18	8	(0.10929956935439099,0.1335561784718206,0.06072132704027536,0.10026622830856297,0.12478424176100582,0.07255556607879372,)
111	436633367654898	56688	6	(473:102[0.3300000000000001],481:91[0.15],493:43[0.16],501:70[0.15],504:133[0.20000000000000004],509:67[0.17],)	506	-35.04	-1440.4291501976281	-10000.0	12	12.152	18	8	(0.11499649503055036,0.0893553126965239,0.11375682613914996,0.09954084884818717,0.07612212006419382,0.07465568775490077,)
112	437005245691003	57188	6	(473:72[0.3200000000000001],481:30[0.13999999999999999],493:147[0.17],501:109[0.16],504:92[0.19000000000000003],509:56[0.18000000000000002],)	506	-35.04	-1672.9589328063246	-10000.0	12	12.288	17	8	(0.1303799692896974,0.08670664853513838,0.04544099643629646,0.09651020186768977,0.10260862926091367,0.08441390994343503,)
113	437324347751529	57688	6	(473:94[0.3300000000000001],481:128[0.15],493:99[0.16],501:44[0.15],504:87[0.18000000000000002],509:54[0.19000000000000003],)	506	-35.04	-1388.2413636363638	-10000.0	12	12.678	18	8	(0.15268291423294011,0.09062387534497021,0.08736386398028775,0.1060439788837738,0.09474230573745428,0.0923933298207469,)
114	437622879045181	58188	6	(473:19[0.3200000000000001],481:142[0.13999999999999999],493:97[0.15],501:121[0.16],504:37[0.17],509:90[0.20000000000000004],)	506	-35.04	-1297.656146245059	-10000.0	12	12.676	18	8	(0.14896281278860088,0.08914970561329524,0.08096844580806577,0.09457288240942764,0.11677835308730873,0.10651430092071974,)
115	437900280061005	58688	6	(473:93[0.3300000000000001],481:35[0.12999999999999998],493:85[0.13999999999999999],501:134[0.15],504:102[0.18000000000000002],509:57[0.19000000000000003],)	506	-35.04	-1209.200513833992	-10000.0	12	12.162	18	8	(0.14007755381897974,0.07120879821224517,0.09583280238835645,0.12672573759053973,0.13124591146734005,0.1045066458388893,)
116	438210614785660	59188	6	(473:50[0.3200000000000001],481:92[0.13999999999999999],493:68[0.12999999999999998],501:50[0.13999999999999999],504:121[0.17],509:125[0.20000000000000004],)	506	-35.04	-1418.3915612648218	-10000.0	12	12.348	18	8	(0.11368171710341934,0.09029252741795568,0.05604255524752837,0.10124752973068299,0.10118508267618402,0.07395572108802899,)
117	438510154894315	59688	6	(473:88[0.3300000000000001],481:62[0.12999999999999998],493:113[0.13999999999999999],501:91[0.15],504:89[0.16],509:63[0.19000000000000003],)	506	-35.04	-1404.5735968379447	-10000.0	12	11.976	19	8	(0.11620535928434493,0.08891168090634276,0.05125121114844255,0.10281534123866992,0.10916147970476528,0.07292567271352385,)
118	438860740537815	60188	6	(473:148[0.3200000000000001],481:57[0.13999999999999999],493:46[0.12999999999999998],501:51[0.13999999999999999],504:100[0.15],509:104[0.20000000000000004],)	506	-35.04	-1757.0001185770752	-10000.0	12	11.958	19	8	(0.11568396235081818,0.10223360387465175,0.06506171708075414,0.10265507413539332,0.08749752634408207,0.09509739897022665,)
119	439172482273413	60688	6	(473:61[0.3100000000000001],481:73[0.15],493:79[0.13999999999999999],501:108[0.15],504:119[0.13999999999999999],509:66[0.19000000000000003],)	506	-34.35	-1482.273320158103	-10000.0	12	12.084	20	8	(0.13193812810585187,0.08017132025041707,0.06252754614071468,0.1115349085567243,0.10708635160898584,0.07304263408842795,)
120	439430789209588	61188	6	(473:107[0.3200000000000001],481:86[0.16],493:25[0.15],501:119[0.13999999999999999],504:99[0.12999999999999998],509:70[0.20000000000000004],)	506	-34.35	-1179.9309288537547	-10000.0	12	12.336	20	8	(0.10498212458949148,0.08867100943945477,0.11087836390411457,0.09364532756362703,0.08766401169001717,0.11006918738175246,)
121	439715870901008	61688	6	(473:90[0.3100000000000001],481:47[0.15],493:82[0.16],501:187[0.12999999999999998],504:24[0.11999999999999998],509:76[0.21000000000000005],)	506	-34.35	-1358.0950790513834	-10000.0	12	12.314	21	8	(0.14834509686940786,0.09121479901232855,0.0720522763660011,0.09323109761670197,0.07841135152177268,0.08077296969456284,)
122	439994770487048	62188	6	(473:141[0.3000000000000001],481:60[0.16],493:107[0.17],501:48[0.11999999999999998],504:124[0.12999999999999998],509:26[0.22000000000000006],)	506	-34.35	-1289.5457114624503	-10000.0	12	12.316	21	8	(0.11378227203005736,0.10421677707949563,0.09931006668823086,0.08944812240641836,0.08748056814174016,0.09895696838801757,)
123	440384373330590	62688	6	(473:181[0.2900000000000001],481:98[0.17],493:79[0.16],501:87[0.12999999999999998],504:27[0.11999999999999998],509:34[0.23000000000000007],)	506	-33.26	-1765.8554545454544	-10000.0	13	12.204	20	8	(0.13763796092465772,0.08492232197090009,0.0775851064317915,0.10592858084771567,0.10613873755272353,0.135728874095348,)
124	440661687708942	63197	6	(473:111[0.2800000000000001],481:117[0.16],493:97[0.17],501:70[0.11999999999999998],504:70[0.12999999999999998],509:41[0.24000000000000007],)	506	-33.26	-1194.4122924901187	-10000.0	13	12.414	19	8	(0.12062932926974305,0.08948395395226598,0.11139446676735329,0.09221371672294384,0.08571220367575075,0.1455169113890111,)
125	440919855193191	63697	6	(473:116[0.2700000000000001],481:104[0.15],493:69[0.16],501:58[0.12999999999999998],504:67[0.13999999999999999],509:92[0.25000000000000006],)	506	-33.26	-1193.3785177865614	-10000.0	13	12.638	20	8	(0.12929748873064395,0.11746341743490872,0.0837922524670238,0.1010313742784602,0.09861034077579031,0.11858693855324735,)
126	441249407103991	64197	6	(473:87[0.26000000000000006],481:47[0.13999999999999999],493:66[0.17],501:98[0.13999999999999999],504:163[0.15],509:45[0.24000000000000005],)	506	-33.26	-1536.5336561264821	-10000.0	13	12.378	21	8	(0.10799290997971973,0.09085932238834883,0.06848515205124332,0.09038390365626295,0.08143113820157258,0.08377086872680388,)
127	441552509782503	64708	6	(473:96[0.25000000000000006],481:124[0.15],493:55[0.18000000000000002],501:86[0.12999999999999998],504:81[0.13999999999999999],509:64[0.25000000000000006],)	506	-33.26	-1303.5654545454547	-10000.0	13	12.81	22	8	(0.1406916963085201,0.09907684303836513,0.0939296235143067,0.09767080129282762,0.10880484497770633,0.0861273625004722,)
128	441891932845412	65208	6	(473:85[0.24000000000000005],481:150[0.13999999999999999],493:60[0.19000000000000003],501:71[0.11999999999999998],504:69[0.15],509:71[0.26000000000000006],)	506	-33.26	-1378.5658893280633	-10000.0	13	12.892	22	8	(0.15418135638302435,0.09052394869977387,0.08449033781519044,0.09718663827261358,0.12186344372253023,0.13029214400230069,)
129	442269052152474	65708	6	(473:69[0.23000000000000004],481:82[0.12999999999999998],493:25[0.20000000000000004],501:53[0.12999999999999998],504:201[0.16],509:76[0.2700000000000001],)	506	-33.26	-1329.2653754940711	-10000.0	13	13.292	23	8	(0.08997952402247011,0.08881671276516519,0.1029363544081703,0.10335385745280952,0.10030140871632154,0.08754708572106833,)
130	442664931856529	66208	6	(473:62[0.24000000000000005],481:215[0.13999999999999999],493:58[0.21000000000000005],501:64[0.13999999999999999],504:39[0.15],509:68[0.2800000000000001],)	506	-33.26	-1479.5137944664032	-10000.0	13	13.262	22	8	(0.14828926203568413,0.09746752046936151,0.07790544727303877,0.09922231198081001,0.09871820567508122,0.09254736870064391,)
131	443055039914420	66708	6	(473:48[0.25000000000000006],481:39[0.12999999999999998],493:51[0.22000000000000006],501:175[0.15],504:121[0.16],509:72[0.2900000000000001],)	506	-33.26	-1653.9553557312258	-10000.0	13	13.166	23	8	(0.11760543073029867,0.09881519364701262,0.0698040124229452,0.09305005570568009,0.08148644220879694,0.06549438232006863,)
132	443552494830640	67208	6	(473:158[0.26000000000000006],481:159[0.13999999999999999],493:48[0.23000000000000007],501:46[0.13999999999999999],504:50[0.15],509:45[0.3000000000000001],)	506	-33.26	-1917.7805928853752	-10000.0	13	12.93	22	8	(0.10087364327962008,0.09139099022011196,0.09243792547972618,0.11008318260777013,0.08374664026546971,0.10046381512960209,)
133	443879756849199	67708	6	(473:135[0.25000000000000006],481:65[0.12999999999999998],493:68[0.24000000000000007],501:44[0.15],504:120[0.16],509:74[0.3100000000000001],)	506	-33.26	-1354.3546442687748	-10000.0	13	12.832	21	8	(0.07008561910233124,0.08625494493698015,0.09659667948468459,0.08662607335361529,0.07654370270198443,0.07440254075937769,)
134	444196908752998	68208	6	(473:125[0.24000000000000005],481:72[0.13999999999999999],493:77[0.25000000000000006],501:62[0.16],504:106[0.15],509:64[0.3200000000000001],)	506	-33.26	-1297.519624505929	-10000.0	13	12.836	21	8	(0.0666488987176782,0.08260687305407208,0.058623422160706054,0.10113918399997067,0.08181783878512372,0.06267787110183072,)
135	444548789739724	68708	6	(473:159[0.23000000000000004],481:40[0.15],493:51[0.26000000000000006],501:154[0.17],504:72[0.13999999999999999],509:30[0.3300000000000001],)	506	-33.26	-1499.9156719367588	-10000.0	13	12.456	20	8	(0.08726099549077812,0.09186190980831535,0.04807743475495243,0.08727311715312112,0.09416950354214057,0.09298390832061477,)
136	444832039176617	69208	6	(473:45[0.22000000000000003],481:117[0.16],493:55[0.2700000000000001],501:126[0.16],504:120[0.15],509:43[0.34000000000000014],)	506	-33.26	-1111.406541501976	-10000.0	13	12.868	21	8	(0.08051661211473857,0.09760122078837222,0.06448118484843178,0.09279708619490895,0.08427488639260323,0.07377553193224579,)
137	445171002339669	69708	6	(473:144[0.23000000000000004],481:43[0.15],493:77[0.2800000000000001],501:108[0.15],504:87[0.13999999999999999],509:47[0.35000000000000014],)	506	-33.26	-1412.1295454545452	-10000.0	13	13.044	21	8	(0.10069560055749163,0.09665385641730934,0.1045590443833172,0.10640656673911533,0.10384673969335084,0.12420711583709391,)
138	445559597096027	70208	6	(473:65[0.22000000000000003],481:69[0.16],493:76[0.2900000000000001],501:107[0.13999999999999999],504:62[0.12999999999999998],509:127[0.36000000000000015],)	506	-33.26	-1655.5593280632409	-10000.0	13	12.886	21	8	(0.1307072409846222,0.0782675455914562,0.08165432868375103,0.09070578866505578,0.08499345559835134,0.062427888002094985,)
139	445892612364519	70708	6	(473:57[0.23000000000000004],481:103[0.17],493:91[0.3000000000000001],501:101[0.12999999999999998],504:81[0.13999999999999999],509:73[0.35000000000000014],)	506	-33.26	-1489.0780237154147	-10000.0	13	12.554	20	8	(0.07388703816222132,0.08868724746089744,0.1056917892704569,0.08438606450285399,0.0896233239644733,0.12173400462825273,)
140	446218868597060	71208	6	(473:118[0.24000000000000005],481:80[0.16],493:106[0.2900000000000001],501:60[0.11999999999999998],504:98[0.15],509:44[0.36000000000000015],)	506	-33.26	-1430.288537549407	-10000.0	13	12.902	21	8	(0.08857441018498223,0.09095244177207626,0.11747928765118958,0.0816321668704004,0.08011140865300044,0.14037905146574692,)
141	446595309625661	71708	6	(473:158[0.23000000000000004],481:68[0.17],493:46[0.2800000000000001],501:68[0.12999999999999998],504:37[0.13999999999999999],509:129[0.37000000000000016],)	506	-33.26	-1493.8531422924902	-10000.0	13	13.14	21	8	(0.11879825125954718,0.0789752429276235,0.11797056433088607,0.09148315650527837,0.09638798219091899,0.11970933545797287,)
142	446890814763230	72208	6	(473:88[0.22000000000000003],481:65[0.18000000000000002],493:130[0.2900000000000001],501:51[0.13999999999999999],504:114[0.15],509:58[0.36000000000000015],)	506	-33.26	-1160.4981027667982	-10000.0	13	13.47	22	8	(0.08792923606088845,0.07010789584963106,0.09591594399106224,0.0795103662827404,0.08299688925641006,0.10381655987337647,)
143	447216936339847	72708	6	(473:118[0.21000000000000002],481:57[0.19000000000000003],493:22[0.2800000000000001],501:156[0.15],504:21[0.13999999999999999],509:132[0.37000000000000016],)	506	-33.26	-1328.1478063241107	-10000.0	13	12.818	20	8	(0.10894908924877028,0.05230161569308684,0.11809641159476492,0.07507557407190389,0.10805285014306049,0.10552092907668925,)
144	447640883194319	73208	6	(473:29[0.2],481:110[0.20000000000000004],493:86[0.2900000000000001],501:53[0.13999999999999999],504:194[0.15],509:34[0.36000000000000015],)	506	-33.26	-1726.0970750988145	-10000.0	13	13.21	21	8	(0.11679920559195876,0.06582596797773797,0.0697705926539554,0.07816395102490718,0.06660895206014082,0.10377367030974978,)
145	447982454402823	73708	6	(473:115[0.21000000000000002],481:79[0.19000000000000003],493:30[0.2800000000000001],501:53[0.15],504:62[0.13999999999999999],509:167[0.37000000000000016],)	506	-33.26	-1247.4967984189723	-10000.0	13	13.538	19	8	(0.08341280796550682,0.0760291493836415,0.12976317755873548,0.08054437465380454,0.0952583793553535,0.08746405643443547,)
146	448304175130537	74208	5	(473:114[0.2],481:84[0.20000000000000004],493:108[0.2900000000000001],501:159[0.16],504:41[0.15],)	506	-33.26	-1208.5795849802366	-10000.0	13	13.492	20	8	(0.09502679500307257,0.08668171096768246,0.047601671184174674,0.07453147082889533,0.06345509588016356,)
147	448678756023659	74708	5	(473:63[0.19],481:114[0.21000000000000005],493:84[0.2800000000000001],501:134[0.15],504:110[0.16],)	505	-33.26	-1572.8605346534657	-10000.0	13	13.072	20	8	(0.10391120780876476,0.10738552179870754,0.08775500104582959,0.07916785387992507,0.0818954258321105,)
148	449200808299804	75208	5	(473:89[0.2],481:183[0.20000000000000004],493:61[0.2900000000000001],501:95[0.13999999999999999],504:77[0.15],)	505	-33.26	-2237.5463168316833	-10000.0	13	13.082	21	8	(0.10037816927027074,0.11596113125082838,0.06283869778033475,0.0693531375539145,0.06056184592039582,)
149	449533573219034	75708	5	(473:109[0.21000000000000002],481:98[0.19000000000000003],493:31[0.3000000000000001],501:134[0.15],504:133[0.16],)	505	-33.26	-1393.720198019802	-9997.79	13	12.754	21	8	(0.10478187626178544,0.11582033722268839,0.06004402922277399,0.06987666429144071,0.07372070395377063,)
