alpha = 0.15
gamma = 1.0
lambda = 0.6
epsilon = 0.3
randomSeed = 444
GREAT!
Xover: 4
---- Evolution parameters ----
Folder name:          NMSarsa_MountainCar-Maze/run_650455718861117
Random seed:          444
GREAT activated:      true
Max iterations:       150
Population size:      500
GREAT initialization  true
Speciation threshold: 0.15
Species min size:     15
Tournament size:      3
Crossover rate:       0.2
Mutation rate:        0.8
Crossovers:
	AligningCrossover_v4(0.15)
Mutations:
	AddGeneMutation(maxSize=2147483647, prob=0.33)
	DeleteGeneMutation(minSize=8, prob=0.33)
	ChangeGeneMutation(prob=0.33)
------------------------------

---- Starting evolution ----
IT	Nanotime	#Eval	#Species	Species size	PopSize	Best	Avg	Worst	Best GRN Size	Avg GRN size	Max GRN size	Min GRN size	Species avgdist2rep
0	653101360287628	997	1	(463:499[0.15],)	499	-455.51	-5760.885931863732	-15001.0	12	10.02	15	8	(0.08514676735902452,)
1	654256615411204	1507	2	(463:267[0.16],464:234[0.15],)	501	-388.26	-5487.157624750499	-15001.0	10	10.544	15	8	(0.06809851947877175,0.041012144361428984,)
2	655177843787775	2018	2	(463:142[0.15],464:360[0.16],)	502	-360.89	-4365.16197211155	-15001.0	9	10.618	16	8	(0.08394965476404863,0.06874078018094718,)
3	655912527065931	2521	2	(463:252[0.16],464:250[0.15],)	502	-337.38	-3551.415159362549	-15001.0	11	11.0	16	8	(0.048500998773361996,0.06728219712384617,)
4	656599924261205	3038	2	(463:143[0.15],464:359[0.13999999999999999],)	502	-321.11	-3051.0113745019935	-15001.0	10	10.766	16	8	(0.06050553715777488,0.053932277970236656,)
5	657070594509314	3538	3	(463:310[0.16],464:153[0.12999999999999998],470:39[0.15],)	502	-313.37	-2143.3871713147414	-15001.0	10	11.424	17	8	(0.05868145205017734,0.07361191682814255,0.06374756974457473,)
6	657539063579225	4046	3	(463:91[0.15],464:334[0.13999999999999999],470:78[0.16],)	503	-287.9	-2244.5260636182907	-15001.0	13	10.544	18	8	(0.06504696554088858,0.06692360052682493,0.0592144932227065,)
7	658030844206347	4551	3	(463:196[0.16],464:249[0.12999999999999998],470:58[0.17],)	503	-279.74	-2740.1549701789263	-15001.0	15	10.096	18	8	(0.06424572310565868,0.06715833268318296,0.0633095897088666,)
8	658623227586744	5064	3	(463:226[0.15],464:152[0.11999999999999998],470:125[0.18000000000000002],)	503	-271.69	-3519.1235586481116	-15001.0	9	9.304	16	8	(0.03925269776851535,0.06186825877631313,0.08041516971420652,)
9	659063810082471	5569	3	(463:263[0.13999999999999999],464:22[0.12999999999999998],470:218[0.19000000000000003],)	503	-271.69	-2304.24310139165	-15001.0	9	10.352	16	8	(0.055733884748507656,0.06283855116620168,0.06156960241956239,)
10	659413868071429	6081	2	(464:187[0.13999999999999999],470:316[0.18000000000000002],)	503	-268.59	-1745.7104572564615	-14993.36	14	9.712	17	8	(0.0738262268464276,0.08870879151125777,)
11	659868414337509	6599	3	(464:278[0.15],470:152[0.17],478:72[0.15],)	502	-261.96	-2176.514442231076	-15001.0	14	9.856	18	8	(0.06482408365550603,0.09174564122671859,0.08958267279140288,)
12	660307382567638	7099	4	(464:115[0.13999999999999999],470:105[0.18000000000000002],478:247[0.16],481:36[0.15],)	503	-260.09	-2267.3241550695825	-15001.0	10	10.088	16	8	(0.08051677567968783,0.06089824280912659,0.06475761072899895,0.08887102629452641,)
13	660684190575696	7606	4	(464:72[0.15],470:123[0.19000000000000003],478:112[0.15],481:197[0.16],)	504	-260.09	-1855.8894841269841	-15001.0	10	10.552	18	8	(0.07109768897070293,0.0813385962577059,0.06341698436158741,0.056404513914399684,)
14	661113872426704	8115	5	(464:115[0.16],470:82[0.20000000000000004],478:201[0.16],481:77[0.15],483:29[0.15],)	504	-258.92	-2353.57248015873	-15001.0	11	10.226	18	8	(0.08573426463642367,0.0474366994661022,0.05613195383615436,0.0609020901717741,0.09691416633399733,)
15	661620517117029	8625	5	(464:30[0.15],470:150[0.21000000000000005],478:71[0.15],481:136[0.16],483:118[0.16],)	505	-257.03	-2736.5132277227726	-15001.0	11	10.266	19	8	(0.05746967660149143,0.07166503648076034,0.086994963085863,0.0802183449180125,0.09288851633270606,)
16	662034808478598	9132	5	(464:27[0.16],470:105[0.20000000000000004],478:169[0.16],481:157[0.15],483:47[0.15],)	505	-251.04	-2135.3034653465347	-15001.0	9	10.314	19	8	(0.05785813955942874,0.06471812682166792,0.06131407465530942,0.06615792274333393,0.06632741554456642,)
17	662465606892925	9632	6	(464:100[0.17],470:66[0.19000000000000003],478:125[0.15],481:163[0.13999999999999999],483:19[0.16],488:32[0.15],)	505	-251.04	-2244.2365346534652	-15001.0	9	10.242	19	8	(0.07463977930515067,0.03826510789893451,0.05469325130145756,0.0766286661913862,0.07965647319586135,0.10173114644974698,)
18	662864013498284	10139	5	(470:126[0.20000000000000004],478:95[0.13999999999999999],481:51[0.12999999999999998],483:100[0.17],488:134[0.16],)	506	-251.04	-1807.518814229249	-15001.0	9	11.156	19	8	(0.045542543307799034,0.08175560876767785,0.07720452099860207,0.04720256019865889,0.05390723108634321,)
19	663260435970914	10651	7	(470:101[0.19000000000000003],478:157[0.15],481:46[0.13999999999999999],483:66[0.16],488:82[0.15],490:24[0.15],492:29[0.15],)	505	-251.04	-1951.324950495049	-15001.0	9	10.956	20	8	(0.037893086580959,0.06435667497144441,0.09659104807992946,0.09634839423124453,0.06639554389460053,0.08468361720926369,0.08697505917112691,)
20	663697689562682	11164	6	(470:58[0.18000000000000002],478:89[0.13999999999999999],481:134[0.15],483:82[0.17],488:68[0.13999999999999999],492:76[0.16],)	507	-251.04	-2026.1142209072977	-15001.0	9	10.826	20	8	(0.04083122308526862,0.06026174358117783,0.08170703592849,0.06339055439656203,0.07851989531163384,0.09093226408458782,)
21	664096576058560	11672	6	(470:186[0.19000000000000003],478:32[0.12999999999999998],481:69[0.13999999999999999],483:130[0.18000000000000002],488:51[0.15],492:38[0.17],)	506	-251.04	-1764.9865019762856	-15001.0	9	11.252	21	8	(0.06685578568950296,0.10742905313867222,0.07221060443878333,0.07585238029368253,0.06661610816205846,0.12159154957571201,)
22	664731455248370	12188	5	(470:97[0.18000000000000002],478:235[0.13999999999999999],481:89[0.15],483:54[0.17],488:31[0.16],)	506	-251.04	-2444.209268774703	-15001.0	9	12.95	20	8	(0.06952315362183872,0.036946569769251376,0.07918568322126436,0.08283353939955428,0.10370152044420111,)
23	665234570286158	12688	5	(470:139[0.19000000000000003],478:82[0.12999999999999998],481:127[0.16],483:125[0.18000000000000002],488:32[0.17],)	505	-251.04	-2271.301623762376	-15001.0	9	11.566	20	8	(0.0904503690840337,0.038542181952608834,0.08803757620822598,0.08544949169017846,0.08070080632505165,)
24	665660340318151	13198	6	(470:117[0.18000000000000002],478:62[0.13999999999999999],481:77[0.15],483:152[0.17],488:57[0.18000000000000002],497:40[0.15],)	505	-251.04	-2001.672217821782	-15001.0	9	11.502	20	8	(0.0870169126819796,0.0468465646167389,0.10299475379820328,0.07392880609257486,0.11613903204902662,0.09098126912796294,)
25	666064700380401	13707	8	(470:16[0.17],478:49[0.15],481:36[0.16],483:122[0.16],488:44[0.19000000000000003],497:100[0.16],498:85[0.15],499:54[0.15],)	506	-250.41	-1783.809743083004	-15001.0	11	11.226	21	8	(0.07463370788923422,0.04991249190578472,0.07609052404328272,0.06852647984203733,0.08938380129451752,0.04439964989510112,0.0836294473229213,0.09628387421526442,)
26	666506723143087	14218	8	(470:60[0.18000000000000002],478:68[0.16],481:142[0.17],483:40[0.15],488:54[0.20000000000000004],497:32[0.15],498:80[0.13999999999999999],501:32[0.15],)	508	-244.78	-2110.5428937007873	-15001.0	10	11.1	21	8	(0.06357976583354326,0.053450744141265556,0.06102187134712078,0.07381439353999372,0.05261042207322498,0.05760238959429221,0.07976217282863346,0.05655507168797554,)
27	667082440402974	14731	8	(470:47[0.19000000000000003],478:38[0.15],481:58[0.16],483:44[0.16],488:38[0.21000000000000005],497:20[0.16],498:62[0.12999999999999998],501:201[0.16],)	508	-244.78	-3035.26062992126	-15001.0	10	10.806	21	8	(0.06477181045191945,0.0630529665322576,0.06846626469026053,0.08165597502156546,0.07917029951033515,0.0363068313809909,0.06219120537832088,0.037792799088601656,)
28	667592886517200	15244	7	(470:65[0.20000000000000004],478:43[0.16],481:146[0.17],483:47[0.17],488:19[0.22000000000000006],498:56[0.11999999999999998],501:132[0.15],)	508	-232.06	-2288.6252362204727	-15001.0	11	11.152	21	8	(0.07277081017443797,0.07041237040087142,0.061211786945757206,0.06595270779849167,0.10754520856533939,0.06462805518110563,0.049695525577131416,)
29	668014128301524	15744	7	(470:23[0.21000000000000005],478:69[0.17],481:81[0.16],483:46[0.18000000000000002],488:71[0.23000000000000007],498:122[0.12999999999999998],501:95[0.13999999999999999],)	507	-232.06	-1949.8260749506906	-15001.0	11	11.442	20	8	(0.09202667628584275,0.07440503865821045,0.07137360898465199,0.09107128537739113,0.09906748451485775,0.07966537448541146,0.05981453697100747,)
30	668401725070800	16248	7	(470:112[0.22000000000000006],478:49[0.18000000000000002],481:69[0.15],483:65[0.19000000000000003],488:17[0.22000000000000006],498:73[0.11999999999999998],501:122[0.12999999999999998],)	507	-232.06	-1707.6060749506903	-15001.0	11	11.096	20	8	(0.06350242523966992,0.11826727695995327,0.0699451166041203,0.08577477054941049,0.10776248628491314,0.08014882638252932,0.06372692553535639,)
31	668945684312650	16754	7	(470:50[0.21000000000000005],478:105[0.19000000000000003],481:43[0.16],483:83[0.20000000000000004],498:163[0.10999999999999999],501:44[0.11999999999999998],506:19[0.15],)	507	-232.06	-2262.8628007889547	-15001.0	11	11.878	21	8	(0.07722260426555327,0.08831400135236377,0.08096469736094632,0.07824530979220404,0.05704631626621654,0.07502779527502763,0.09754521941501203,)
32	669330533209346	17254	7	(470:95[0.22000000000000006],478:67[0.18000000000000002],481:133[0.17],483:54[0.19000000000000003],498:87[0.09999999999999999],501:32[0.12999999999999998],506:39[0.16],)	507	-232.06	-1972.090157790927	-15001.0	11	11.024	20	8	(0.1052599183101126,0.08514429005045049,0.08553192671813463,0.10587557266401794,0.06523412532708203,0.07809366766685837,0.07279142769427982,)
33	669952897299262	17767	7	(470:96[0.21000000000000005],478:26[0.19000000000000003],481:116[0.16],483:25[0.20000000000000004],498:72[0.09],501:143[0.13999999999999999],506:29[0.17],)	507	-232.06	-2923.3270414201183	-15001.0	11	11.226	18	8	(0.13757409702008466,0.08829680633921609,0.06999885168832876,0.09629758972344928,0.056006068468282204,0.06250859505871009,0.07725640340741963,)
34	670443774560640	18267	7	(470:63[0.20000000000000004],478:86[0.20000000000000004],481:38[0.15],483:116[0.21000000000000005],498:57[0.08],501:128[0.12999999999999998],506:19[0.18000000000000002],)	507	-232.06	-2007.8323668639055	-15001.0	11	12.41	19	8	(0.059063618609629095,0.07208632126988845,0.04357985126533794,0.10377773591306977,0.04024789397332907,0.06331328122566231,0.07635080939011561,)
35	670832185272747	18767	8	(470:25[0.21000000000000005],478:79[0.19000000000000003],481:18[0.16],483:156[0.20000000000000004],498:32[0.09],501:104[0.11999999999999998],506:23[0.19000000000000003],510:70[0.15],)	507	-231.54999999999998	-1773.2260552268244	-15001.0	12	11.792	19	8	(0.08729018507790183,0.061914751638448534,0.0882061156810173,0.09806786124271304,0.07125992707813794,0.06773038450678762,0.1198455210192783,0.08488363292808843,)
36	671319823063183	19267	8	(470:74[0.22000000000000006],478:37[0.18000000000000002],481:42[0.17],483:92[0.19000000000000003],498:118[0.09999999999999999],501:56[0.10999999999999999],506:25[0.20000000000000004],510:64[0.13999999999999999],)	508	-231.54999999999998	-2104.595531496063	-15001.0	12	11.494	19	8	(0.08486654783039829,0.05412945108395455,0.029063907625189473,0.07419733625556005,0.06407907880081752,0.059480061502457424,0.052792018243629994,0.06542042871351948,)
37	671633422705806	19768	7	(470:74[0.21000000000000005],478:68[0.19000000000000003],481:155[0.18000000000000002],483:45[0.18000000000000002],498:58[0.09],506:52[0.21000000000000005],510:56[0.12999999999999998],)	508	-231.54999999999998	-1313.957519685039	-15001.0	12	12.018	20	8	(0.08169151116033853,0.04509981148968648,0.039319850296321845,0.07806257437855525,0.03950907910021582,0.10083446077912948,0.04795273366286208,)
38	672059377991423	20268	7	(470:123[0.20000000000000004],478:46[0.20000000000000004],481:49[0.17],483:89[0.19000000000000003],498:102[0.09999999999999999],506:21[0.22000000000000006],510:77[0.13999999999999999],)	507	-231.54999999999998	-1809.636883629191	-15001.0	12	11.924	20	8	(0.08495330299402255,0.07613791274529866,0.03309874923149404,0.09276815499593137,0.0386014677740207,0.09431817591837417,0.0506357546945112,)
39	672425016508285	20769	7	(470:104[0.19000000000000003],478:92[0.21000000000000005],481:86[0.18000000000000002],483:40[0.18000000000000002],498:60[0.09],506:33[0.23000000000000007],510:92[0.12999999999999998],)	507	-227.06	-1431.6658185404337	-15001.0	13	11.91	20	8	(0.114641551680184,0.06705640984496511,0.06080482422053527,0.1255192107662762,0.03873122384307338,0.06957100998107416,0.05508373714678884,)
40	672910091309699	21269	7	(470:19[0.18000000000000002],478:67[0.20000000000000004],481:107[0.17],483:143[0.19000000000000003],498:107[0.09999999999999999],506:22[0.24000000000000007],510:42[0.11999999999999998],)	507	-225.18	-1936.7605522682447	-15001.0	12	11.906	19	8	(0.11504610765494108,0.058427262605423635,0.07310216190287637,0.09827612013423176,0.07570837827650241,0.1025673438775144,0.07686091537061972,)
41	673350946978226	21769	7	(470:54[0.19000000000000003],478:30[0.21000000000000005],481:143[0.16],483:71[0.18000000000000002],498:87[0.09],506:55[0.25000000000000006],510:67[0.12999999999999998],)	507	-225.18	-1876.5724852071007	-15001.0	12	12.306	19	8	(0.07723091155616217,0.050621373863264214,0.05709252228271299,0.08597181528661313,0.03432844039087201,0.1375655864094308,0.06131551325554549,)
42	673684215310321	22269	7	(470:102[0.20000000000000004],478:75[0.22000000000000006],481:122[0.15],483:54[0.17],498:30[0.08],506:82[0.26000000000000006],510:42[0.13999999999999999],)	507	-225.18	-1299.9668047337282	-15001.0	12	11.862	20	8	(0.07508257800592955,0.053256532332921915,0.058694540455488296,0.07913874269948362,0.05277574308442166,0.07809330137651144,0.09756718565593468,)
43	674121571675044	22769	7	(470:50[0.19000000000000003],478:78[0.21000000000000005],481:40[0.13999999999999999],483:58[0.18000000000000002],498:192[0.09],506:48[0.25000000000000006],510:41[0.15],)	507	-225.18	-1811.7359960552267	-15001.0	12	12.092	20	8	(0.08723181970695416,0.04540895978008295,0.0470626631652348,0.07459208541829762,0.04162881718578685,0.09151433205828037,0.06518006148455661,)
44	674509786436385	23280	7	(470:36[0.20000000000000004],478:39[0.20000000000000004],481:32[0.15],483:129[0.19000000000000003],498:107[0.08],506:74[0.26000000000000006],510:90[0.16],)	507	-225.18	-1664.21808678501	-15001.0	12	11.14	20	8	(0.11003357472417133,0.07407446235291328,0.049184343002534964,0.09407950433377885,0.040959083639436115,0.11438261769452382,0.06151661968018361,)
45	675025469581064	23797	6	(470:115[0.21000000000000005],478:46[0.21000000000000005],481:139[0.16],498:49[0.07],506:113[0.25000000000000006],510:45[0.15],)	507	-225.18	-1913.4165877712028	-15001.0	12	12.074	21	8	(0.06952392974836415,0.046384596583039304,0.03703143297322175,0.04756190024082567,0.10408306091563084,0.07447405332972622,)
46	675545573485542	24297	7	(470:85[0.20000000000000004],478:59[0.22000000000000006],481:167[0.15],498:67[0.08],506:42[0.24000000000000005],510:63[0.16],514:23[0.15],)	506	-219.61	-2010.3363043478264	-15001.0	12	12.604	20	8	(0.12001512076299631,0.04245446344563034,0.04077683140592915,0.036833650051026984,0.0842631520588807,0.051814134227541775,0.08347946383639993,)
47	675976619085071	24797	7	(470:130[0.19000000000000003],478:41[0.23000000000000007],481:63[0.13999999999999999],498:53[0.09],506:69[0.25000000000000006],510:55[0.17],514:96[0.16],)	507	-219.61	-2076.4258777120313	-15001.0	12	11.628	20	8	(0.06443866313897291,0.07680345351879046,0.061138193842450325,0.048115611228895336,0.06744243881185384,0.05958553074686209,0.051728747231233024,)
48	676467483449252	25308	6	(470:75[0.18000000000000002],481:53[0.15],498:102[0.09999999999999999],506:26[0.26000000000000006],510:34[0.18000000000000002],514:217[0.15],)	507	-219.61	-2173.4691715976332	-15001.0	12	11.024	20	8	(0.06276292528723816,0.05580274161893795,0.052893319843795396,0.14065148001923036,0.053195107736373246,0.05508721902247868,)
49	676963472714347	25817	6	(470:82[0.19000000000000003],481:90[0.16],498:118[0.09],506:21[0.2700000000000001],510:78[0.19000000000000003],514:117[0.13999999999999999],)	506	-218.70999999999998	-1811.8889920948614	-15001.0	14	11.872	20	8	(0.09221480607728455,0.06166031749489805,0.062354646711135574,0.06703203179584644,0.05189295805840789,0.0639026991252984,)
50	677427948647342	26317	6	(470:117[0.20000000000000004],481:82[0.15],498:114[0.08],506:19[0.2800000000000001],510:85[0.20000000000000004],514:89[0.12999999999999998],)	506	-218.70999999999998	-1813.7214229249016	-15001.0	14	11.966	21	8	(0.07127416499691276,0.06796732321438206,0.06185491546906217,0.07107929802569339,0.10866004354578933,0.047477937921668746,)
51	677948344359864	26817	6	(470:96[0.19000000000000003],481:155[0.16],498:33[0.07],506:30[0.2900000000000001],510:125[0.19000000000000003],514:67[0.11999999999999998],)	506	-218.70999999999998	-2086.544308300395	-15001.0	14	12.218	21	8	(0.0702227994650954,0.06430693726824471,0.046278592287463234,0.12894298605013674,0.05628848627697467,0.05891012869230662,)
52	678412465649018	27317	7	(470:141[0.18000000000000002],481:88[0.15],498:61[0.08],506:57[0.3000000000000001],510:101[0.18000000000000002],514:38[0.12999999999999998],518:20[0.15],)	506	-218.70999999999998	-1964.9875494071146	-15001.0	14	11.758	19	8	(0.08938482045513922,0.07406426006366112,0.04978323227301923,0.10839994536126264,0.049776412572589475,0.09544676946233671,0.07899852966039478,)
53	679019457560370	27817	8	(470:131[0.17],481:23[0.13999999999999999],498:55[0.09],506:34[0.3100000000000001],510:74[0.17],514:88[0.13999999999999999],518:85[0.16],519:17[0.15],)	507	-218.70999999999998	-2990.3368639053256	-15001.0	14	11.034	18	8	(0.08227705482831689,0.05798564855624484,0.04449850460635335,0.16304520818748863,0.05305669819806718,0.0677432363869104,0.07374818491045991,0.050682027072192506,)
54	679644920416128	28317	8	(470:21[0.16],481:72[0.15],498:31[0.09999999999999999],506:41[0.3200000000000001],510:23[0.16],514:30[0.12999999999999998],518:97[0.15],519:193[0.16],)	508	-218.70999999999998	-3138.3542519685043	-15001.0	14	11.044	18	8	(0.06501158141087593,0.06486141413053607,0.05820693641582622,0.09409429791813788,0.07245110698358609,0.062221742705321305,0.04578550561733142,0.05846715188101623,)
55	680141920399491	28817	8	(470:29[0.17],481:66[0.13999999999999999],498:34[0.10999999999999999],506:44[0.3300000000000001],510:29[0.17],514:55[0.13999999999999999],518:169[0.13999999999999999],519:82[0.15],)	508	-218.70999999999998	-2432.3308661417323	-15001.0	14	11.188	18	8	(0.06058501677424251,0.05159383499111018,0.04832378310723055,0.07785957973607768,0.05948340371173126,0.050672081115781385,0.0520682324301353,0.06476850277250612,)
56	680728300502070	29321	8	(470:56[0.18000000000000002],481:20[0.12999999999999998],498:41[0.11999999999999998],506:41[0.34000000000000014],510:79[0.18000000000000002],514:97[0.15],518:33[0.12999999999999998],519:141[0.13999999999999999],)	508	-218.70999999999998	-2904.494645669291	-15001.0	14	11.436	19	8	(0.05273494625102643,0.0542224170196736,0.040464394070744404,0.07264743551227543,0.04605686570932751,0.04325146168483809,0.07096256534377071,0.051336630103244914,)
57	681246475948583	29821	8	(470:25[0.19000000000000003],481:31[0.13999999999999999],498:48[0.12999999999999998],506:21[0.35000000000000014],510:33[0.17],514:120[0.13999999999999999],518:187[0.13999999999999999],519:43[0.12999999999999998],)	508	-218.70999999999998	-2305.6849606299215	-15001.0	14	11.41	18	8	(0.05803911093027238,0.03962974218585284,0.038842865155253946,0.06252621184991967,0.052146080366313935,0.045996401705488243,0.06847879497421754,0.06370741509317629,)
58	681830811768566	30336	6	(470:142[0.20000000000000004],481:55[0.15],498:118[0.13999999999999999],514:37[0.12999999999999998],518:74[0.12999999999999998],519:82[0.13999999999999999],)	508	-218.70999999999998	-2609.794547244094	-15001.0	14	11.558	19	8	(0.04782129819287909,0.03747690250362766,0.0774598019654095,0.05229919278668578,0.0605076157098987,0.0629141823071255,)
59	682388491652236	30845	6	(470:71[0.19000000000000003],481:100[0.16],498:23[0.12999999999999998],514:79[0.13999999999999999],518:111[0.13999999999999999],519:122[0.15],)	506	-218.70999999999998	-2399.3071541501977	-15001.0	14	11.324	20	8	(0.08487187061596019,0.0600551516112551,0.08144370812116768,0.05701980828737813,0.07044898534146857,0.06495742828505488,)
60	682904116446731	31346	7	(470:112[0.20000000000000004],481:76[0.15],498:22[0.13999999999999999],514:37[0.15],518:161[0.12999999999999998],519:74[0.13999999999999999],523:24[0.15],)	506	-218.70999999999998	-2530.7320355731226	-15001.0	14	11.31	19	8	(0.05256234448002556,0.047930473234419735,0.04451486874849812,0.09432981149517974,0.08076444187717241,0.05942248122281835,0.08892917557553993,)
61	683612115093791	31846	7	(470:115[0.19000000000000003],481:28[0.13999999999999999],498:21[0.15],514:44[0.16],518:233[0.11999999999999998],519:15[0.12999999999999998],523:51[0.16],)	507	-218.70999999999998	-4033.921499013807	-15001.0	14	10.144	20	8	(0.0624209203363097,0.046753513765621584,0.08352772840855538,0.07118770162163214,0.060142433514427884,0.06869571341401032,0.08060147901324108,)
62	684241385144705	32357	7	(470:96[0.18000000000000002],481:49[0.15],514:106[0.17],518:149[0.10999999999999999],519:60[0.13999999999999999],523:31[0.17],525:16[0.15],)	507	-218.70999999999998	-3487.0787968441814	-15001.0	14	10.058	21	8	(0.06987910878893273,0.061702178990749534,0.08406740470018394,0.07576792889539971,0.07352038276519868,0.07975903453274497,0.06776101111669498,)
63	684922884431856	32857	7	(470:34[0.17],481:26[0.16],514:15[0.16],518:174[0.09999999999999999],519:57[0.15],523:114[0.18000000000000002],525:87[0.16],)	507	-218.70999999999998	-4268.7745167652865	-15001.0	14	9.444	20	8	(0.0928421247615289,0.06381705782428003,0.12774571870857301,0.05714960596697061,0.07336399040830496,0.0576513890139601,0.04918466963697542,)
64	685534761080310	33362	7	(470:131[0.18000000000000002],481:26[0.17],514:92[0.17],518:34[0.09],519:20[0.16],523:54[0.17],525:150[0.15],)	507	-218.70999999999998	-3573.4347140039454	-15001.0	14	9.65	21	8	(0.09260315051809419,0.03158471423576421,0.09002500135204301,0.07199152746887026,0.059941473060339034,0.06829314864070658,0.08087636932302104,)
65	686072998545652	33868	8	(470:30[0.17],481:24[0.18000000000000002],514:80[0.16],518:104[0.09999999999999999],519:64[0.17],523:101[0.18000000000000002],525:87[0.13999999999999999],527:17[0.15],)	507	-218.70999999999998	-3115.542840236687	-15001.0	14	9.704	20	8	(0.08803949483472065,0.0414033488097607,0.049416354931211715,0.05697417665748166,0.0782215378652133,0.057234342022181216,0.07126819785239863,0.07146613278852554,)
66	686529405441827	34375	7	(470:68[0.18000000000000002],481:41[0.19000000000000003],514:66[0.15],519:85[0.16],523:89[0.17],525:94[0.12999999999999998],527:65[0.16],)	508	-218.70999999999998	-2245.261181102362	-15001.0	14	10.23	20	8	(0.06749554227332709,0.03265438223111134,0.0666124813125298,0.05123381019970635,0.08243918134709963,0.05733638139968823,0.04808769672314309,)
67	687083198339588	34892	8	(470:74[0.19000000000000003],481:58[0.20000000000000004],514:79[0.16],519:88[0.15],523:49[0.16],525:18[0.11999999999999998],527:110[0.17],532:31[0.15],)	507	-218.70999999999998	-2576.2884418145954	-15001.0	14	10.748	21	8	(0.07802422239706591,0.04111324722697897,0.08570730849755832,0.060181836219107804,0.0968047959283819,0.06249792325874678,0.058388139390160576,0.08393137026679892,)
68	687622953540940	35396	8	(470:64[0.18000000000000002],481:45[0.21000000000000005],514:58[0.15],519:54[0.13999999999999999],523:56[0.17],525:65[0.12999999999999998],527:35[0.16],532:131[0.16],)	508	-218.70999999999998	-2881.028051181103	-15001.0	14	10.524	22	8	(0.09898231082897833,0.056032952055224045,0.09415960271146422,0.060522203211894374,0.09863818074997564,0.040340027446594935,0.0847522426321763,0.06778624360458806,)
69	688351847215219	35903	8	(470:39[0.17],481:38[0.22000000000000006],514:25[0.16],519:35[0.15],523:41[0.18000000000000002],525:108[0.11999999999999998],527:68[0.17],532:154[0.15],)	508	-218.70999999999998	-3853.2532874015747	-15001.0	14	10.568	22	8	(0.08687885637833921,0.06804998042172888,0.08666838385584326,0.0858682318585885,0.07439710381657029,0.051611298798860665,0.059126697034529156,0.06712580947810312,)
70	688927441441056	36409	7	(470:55[0.18000000000000002],481:35[0.23000000000000007],519:45[0.16],523:96[0.19000000000000003],525:80[0.10999999999999999],527:79[0.16],532:118[0.13999999999999999],)	508	-218.70999999999998	-2845.619527559054	-15001.0	14	10.658	22	8	(0.07488990925851549,0.04691137534586222,0.050483098414062844,0.07882845111414907,0.05135294266035122,0.04484027031128534,0.0470658200289245,)
71	689462530980949	36917	7	(470:55[0.19000000000000003],481:39[0.24000000000000007],519:53[0.17],523:106[0.18000000000000002],525:22[0.09999999999999999],527:59[0.15],532:173[0.12999999999999998],)	507	-218.70999999999998	-2557.972149901381	-15001.0	14	10.758	23	8	(0.08011255041477915,0.08062515100511379,0.054340528723843616,0.08404269134109986,0.07045933214401925,0.07830423211418115,0.07060899894730684,)
72	690304500822385	37428	6	(470:119[0.20000000000000004],481:42[0.25000000000000006],519:171[0.18000000000000002],523:18[0.17],525:125[0.10999999999999999],527:32[0.16],)	507	-218.70999999999998	-4198.111715976331	-15001.0	14	11.022	23	8	(0.08346069354366231,0.04266006541322168,0.05445744580884571,0.0933064068970702,0.058778674152240064,0.0856695376941643,)
73	690894202941765	37928	7	(470:50[0.19000000000000003],481:51[0.26000000000000006],519:162[0.17],523:61[0.18000000000000002],525:39[0.09999999999999999],527:118[0.17],541:25[0.15],)	506	-218.70999999999998	-2886.1430434782606	-15001.0	14	11.116	23	8	(0.09328353082481476,0.0466808275143282,0.058326021432244544,0.07382791681083192,0.06682500266756111,0.0944208069691428,0.048172310167285765,)
74	691426656221477	38433	7	(470:32[0.20000000000000004],481:33[0.2700000000000001],519:139[0.16],523:143[0.19000000000000003],525:51[0.10999999999999999],527:56[0.16],541:53[0.16],)	507	-218.70999999999998	-2565.2294871794875	-15001.0	14	10.578	23	8	(0.0997002244359548,0.05997930716930411,0.056005918883337065,0.08467994461061268,0.07675591284808317,0.05770690859673784,0.06933436042067437,)
75	691878162125305	38933	7	(470:95[0.21000000000000005],481:58[0.2800000000000001],519:110[0.15],523:59[0.18000000000000002],525:52[0.11999999999999998],527:71[0.17],541:62[0.17],)	507	-218.70999999999998	-2128.0274753451677	-15001.0	14	11.12	24	8	(0.11168591177526782,0.042311601763676834,0.0873264800668444,0.09704860969661733,0.06916482721127694,0.062024899652700874,0.07246633883828357,)
76	692323151106955	39433	8	(470:86[0.20000000000000004],481:42[0.2900000000000001],519:120[0.13999999999999999],523:55[0.19000000000000003],525:96[0.12999999999999998],527:51[0.16],541:35[0.18000000000000002],543:22[0.15],)	507	-218.70999999999998	-2224.9823865877715	-15001.0	14	10.568	24	8	(0.10246759728594847,0.0907853678464187,0.07649781048446758,0.05459568031135167,0.06343245097715475,0.09656447525153734,0.0707463068837584,0.10365546712865649,)
77	692984290927118	39933	8	(470:32[0.19000000000000003],481:56[0.3000000000000001],519:55[0.12999999999999998],523:74[0.20000000000000004],525:54[0.11999999999999998],527:88[0.17],541:28[0.19000000000000003],543:121[0.16],)	508	-218.70999999999998	-2917.180570866142	-15001.0	14	11.692	25	8	(0.10738509987429176,0.03325906609675864,0.0859151383218326,0.09146370268201032,0.06487217411527116,0.08142588245482675,0.08946519981609209,0.07090340336756262,)
78	693442134603663	40433	8	(470:80[0.20000000000000004],481:57[0.3100000000000001],519:56[0.13999999999999999],523:77[0.19000000000000003],525:49[0.12999999999999998],527:18[0.16],541:42[0.20000000000000004],543:129[0.15],)	508	-218.70999999999998	-1897.9276574803155	-15001.0	14	11.664	25	8	(0.07193341238715929,0.09784017574537983,0.08833037209493082,0.06487443035750064,0.086474453374597,0.1079384469568141,0.12534475576890564,0.06457824843173436,)
79	694048222415310	40949	7	(470:79[0.19000000000000003],481:46[0.3200000000000001],523:90[0.18000000000000002],525:89[0.13999999999999999],527:104[0.17],541:59[0.21000000000000005],543:41[0.13999999999999999],)	508	-218.70999999999998	-2685.367933070866	-15001.0	14	11.096	25	8	(0.10199291253978016,0.11676455259793066,0.08285143975118577,0.07050147768033968,0.09414294592796078,0.13339564578195595,0.11995586299480948,)
80	694652660069135	41463	6	(470:97[0.18000000000000002],481:99[0.3300000000000001],523:31[0.17],525:88[0.12999999999999998],527:109[0.16],543:83[0.15],)	507	-218.70999999999998	-2658.1689349112426	-15001.0	14	11.832	25	8	(0.10299999786609627,0.09425616435184228,0.10601115653880025,0.07965945304943053,0.10628680546878791,0.07990559063007178,)
81	695144180763844	41969	6	(470:84[0.17],481:92[0.3200000000000001],523:115[0.18000000000000002],525:90[0.11999999999999998],527:55[0.15],543:70[0.13999999999999999],)	506	-218.70999999999998	-2296.086442687747	-15001.0	14	10.992	26	8	(0.0905445557807588,0.16319692707793224,0.057263417954918044,0.08943866005473435,0.09981833432871479,0.09324439550805483,)
82	695669192236696	42469	7	(470:73[0.16],481:66[0.3100000000000001],523:40[0.17],525:120[0.10999999999999999],527:59[0.16],543:128[0.15],547:20[0.15],)	506	-218.70999999999998	-2380.006106719368	-15001.0	14	11.182	26	8	(0.064646543460926,0.18501084367754708,0.10271530925927866,0.07328660231744193,0.09872098136238332,0.10099595907441647,0.07666124388988209,)
83	696207097052055	42969	7	(470:74[0.15],481:78[0.3200000000000001],523:138[0.18000000000000002],525:23[0.09999999999999999],527:62[0.17],543:47[0.13999999999999999],547:85[0.16],)	507	-218.70999999999998	-2599.3548717948715	-15001.0	14	11.16	27	8	(0.06164967399299879,0.21844893392783468,0.06123020190133208,0.07208192667634047,0.11470566662201345,0.10083436608270958,0.06409862891782202,)
84	696760876825988	43471	8	(470:76[0.13999999999999999],481:82[0.3100000000000001],523:42[0.17],525:34[0.10999999999999999],527:100[0.18000000000000002],543:17[0.15],547:103[0.15],549:53[0.15],)	507	-218.6	-2417.8943786982254	-15001.0	12	11.324	27	8	(0.08063911054770914,0.09254626645151784,0.05418119516649543,0.0655276999495213,0.12904793908260775,0.08283554874726662,0.04760095174808439,0.08458840646306177,)
85	697267067674843	43985	7	(470:70[0.12999999999999998],481:57[0.3000000000000001],523:40[0.18000000000000002],525:180[0.11999999999999998],527:28[0.17],543:65[0.16],549:68[0.16],)	508	-218.6	-2133.295098425197	-15001.0	12	11.614	28	8	(0.06431501029243612,0.1091977116395538,0.06432400136865726,0.05981888543376946,0.07648651794669951,0.07161943875667313,0.08738386107495613,)
86	697732227067866	44485	7	(470:86[0.13999999999999999],481:128[0.3100000000000001],523:36[0.19000000000000003],525:68[0.10999999999999999],527:72[0.18000000000000002],543:61[0.17],549:56[0.17],)	507	-218.43	-2085.439723865878	-15001.0	14	11.36	29	8	(0.09107067725891604,0.11048494178928972,0.12888060626505807,0.07531668137984286,0.07881755638701225,0.07178780693911224,0.054575406120349335,)
87	698250745983716	44985	7	(470:94[0.12999999999999998],481:64[0.3000000000000001],523:134[0.20000000000000004],525:69[0.11999999999999998],527:41[0.17],543:53[0.18000000000000002],549:52[0.18000000000000002],)	507	-218.43	-2472.9187968441825	-15001.0	14	11.03	29	8	(0.10287062646464772,0.12126392009552477,0.055920155623903185,0.07932551664114222,0.08643232411343683,0.06036643242181704,0.08113665624103297,)
88	698751624504978	45491	7	(470:63[0.11999999999999998],481:97[0.3100000000000001],523:71[0.19000000000000003],525:55[0.12999999999999998],527:64[0.18000000000000002],543:105[0.19000000000000003],549:52[0.19000000000000003],)	507	-218.43	-2201.805562130178	-15001.0	14	10.934	28	8	(0.07145081811812483,0.0731526317513838,0.09554815467182638,0.08983194326677775,0.08911746767890388,0.09565659638040905,0.07319146388747233,)
89	699376504523524	45991	7	(470:44[0.12999999999999998],481:58[0.3000000000000001],523:71[0.18000000000000002],525:103[0.13999999999999999],527:92[0.19000000000000003],543:51[0.18000000000000002],549:88[0.20000000000000004],)	507	-218.43	-2336.4574358974355	-15001.0	14	11.39	28	8	(0.09134010092509572,0.1381566734116648,0.10879172199529348,0.07052337406167448,0.11993445107745249,0.07562038755815254,0.06496493889902542,)
90	699952364047315	46491	7	(470:110[0.13999999999999999],481:52[0.3100000000000001],523:49[0.17],525:57[0.12999999999999998],527:44[0.18000000000000002],543:65[0.19000000000000003],549:130[0.19000000000000003],)	507	-218.07	-2268.409842209073	-15001.0	14	12.272	28	8	(0.07647582819793158,0.11519983716721477,0.12477268725993937,0.08703300917083862,0.10278646155063575,0.07771306350480808,0.06999981569184391,)
91	700424562433221	46991	7	(470:70[0.12999999999999998],481:86[0.3200000000000001],523:19[0.18000000000000002],525:103[0.13999999999999999],527:38[0.19000000000000003],543:104[0.20000000000000004],549:87[0.18000000000000002],)	507	-215.23	-1918.1094674556211	-15001.0	14	11.712	28	8	(0.07899092850040905,0.11893136486342043,0.09298557771285733,0.0641557587519815,0.13551170152930328,0.07366045557740539,0.07654750321009407,)
92	701182305987407	47491	8	(470:98[0.13999999999999999],481:30[0.3100000000000001],523:159[0.19000000000000003],525:37[0.12999999999999998],527:56[0.20000000000000004],543:48[0.19000000000000003],549:60[0.17],551:19[0.15],)	507	-215.23	-4237.15875739645	-15001.0	14	10.714	27	8	(0.08963587162549534,0.09752247888279683,0.07731463614550212,0.08052044256215235,0.11007954174600143,0.08039806642692295,0.06328349457798103,0.0930386479283631,)
93	702244534526701	47995	8	(470:33[0.12999999999999998],481:73[0.3200000000000001],523:114[0.18000000000000002],525:18[0.13999999999999999],527:27[0.21000000000000005],543:25[0.20000000000000004],549:33[0.18000000000000002],551:185[0.16],)	508	-215.23	-6464.868661417323	-15001.0	14	10.044	27	8	(0.0847732354365513,0.13770426217820295,0.06037935410363596,0.06474382411731876,0.07207902404130329,0.10809193520530239,0.12925913625997193,0.04837810445474836,)
94	703316901813471	48502	8	(470:34[0.13999999999999999],481:67[0.3100000000000001],523:27[0.17],525:45[0.15],527:62[0.22000000000000006],543:36[0.21000000000000005],549:27[0.19000000000000003],551:210[0.15],)	508	-215.23	-6403.2941535433065	-15001.0	14	10.288	25	8	(0.08742694712834269,0.1414801943600043,0.0487670749984921,0.07185631705457718,0.08556760406802032,0.09754207859170988,0.09672734108215159,0.061540821485637276,)
95	704110380135544	49014	8	(470:42[0.15],481:20[0.3000000000000001],523:44[0.18000000000000002],525:52[0.16],527:25[0.21000000000000005],543:50[0.22000000000000006],549:87[0.20000000000000004],551:188[0.13999999999999999],)	508	-212.73000000000002	-4482.49283464567	-15001.0	14	9.994	24	8	(0.09506078248135645,0.1317048513409813,0.0756290608517267,0.059442016331432423,0.07186628103338402,0.09059592882152229,0.060307660573657274,0.07272178426861944,)
96	704650298267197	49515	7	(470:83[0.16],481:31[0.3100000000000001],525:100[0.17],527:94[0.22000000000000006],543:29[0.23000000000000007],549:26[0.19000000000000003],551:145[0.12999999999999998],)	508	-212.73000000000002	-2798.082401574803	-15001.0	14	10.608	25	8	(0.08411839405236338,0.10371857394692123,0.08329945160617257,0.10658577191674541,0.08678711247468736,0.10358423574274633,0.07909656915639203,)
97	705181148595807	50015	7	(470:34[0.15],481:82[0.3200000000000001],525:95[0.16],527:89[0.21000000000000005],543:67[0.24000000000000007],549:91[0.20000000000000004],551:49[0.11999999999999998],)	507	-212.73000000000002	-2415.4258382642997	-15001.0	14	11.356	26	8	(0.11129664903822468,0.07504967075264861,0.11486527484608133,0.10883375328803355,0.10261136063586816,0.10302418042132783,0.08587968930475674,)
98	705770157065962	50519	7	(470:67[0.16],481:38[0.3100000000000001],525:70[0.15],527:35[0.20000000000000004],543:66[0.25000000000000006],549:41[0.19000000000000003],551:190[0.12999999999999998],)	507	-212.73000000000002	-2636.0445167652856	-15001.0	14	11.12	25	8	(0.04000914371454886,0.05964381267954244,0.06886040062163154,0.06978386459084807,0.07993211333537102,0.08298652780031339,0.0741787772966128,)
99	706339786644785	51026	7	(470:73[0.17],481:63[0.3200000000000001],525:76[0.16],527:69[0.21000000000000005],543:80[0.26000000000000006],549:66[0.20000000000000004],551:80[0.11999999999999998],)	507	-212.73000000000002	-2362.2068639053255	-15001.0	14	11.84	19	8	(0.04365515688752692,0.06960986142043016,0.0848906805342662,0.06945110810805603,0.07407516046048643,0.0723036311399478,0.07253688700867483,)
100	706884447489508	51526	7	(470:51[0.16],481:44[0.3300000000000001],525:78[0.15],527:99[0.22000000000000006],543:80[0.25000000000000006],549:99[0.21000000000000005],551:56[0.10999999999999999],)	507	-212.73000000000002	-2259.1365483234713	-15001.0	14	12.022	18	8	(0.043896080118153,0.0698131360003193,0.06373981445112253,0.08970818377843409,0.051820399452008795,0.06365457278490436,0.07315880797687703,)
101	707392128286429	52026	7	(470:84[0.17],481:55[0.34000000000000014],525:40[0.13999999999999999],527:62[0.21000000000000005],543:56[0.24000000000000005],549:84[0.20000000000000004],551:126[0.11999999999999998],)	507	-212.73000000000002	-2082.279644970414	-15001.0	14	12.104	19	8	(0.040720039097988235,0.06073146363650437,0.08458997129654225,0.0723295127968678,0.07331518325409771,0.06924268936346982,0.08299929388987841,)
102	707885864424965	52527	7	(470:123[0.16],481:32[0.35000000000000014],525:60[0.15],527:68[0.22000000000000006],543:65[0.25000000000000006],549:29[0.19000000000000003],551:130[0.10999999999999999],)	507	-212.73000000000002	-1838.7095857988168	-15001.0	14	12.544	20	8	(0.09117650513163868,0.10627059862391507,0.07746131680278218,0.09277468168594954,0.05339520223084588,0.08594261872970718,0.07411494885219601,)
103	708431224308428	53027	7	(470:116[0.15],481:66[0.36000000000000015],525:137[0.16],527:30[0.23000000000000007],543:43[0.26000000000000006],549:70[0.20000000000000004],551:45[0.09999999999999999],)	507	-212.73000000000002	-1930.5529585798818	-15001.0	14	12.692	20	8	(0.05099527426087154,0.08686314833762546,0.08129961894860499,0.10527859405473296,0.060420385583286586,0.06801206158562184,0.07785910456472313,)
104	708912336461888	53530	6	(470:77[0.13999999999999999],481:85[0.37000000000000016],527:113[0.24000000000000007],543:120[0.2700000000000001],549:27[0.21000000000000005],551:85[0.10999999999999999],)	507	-212.73000000000002	-1702.9435108481264	-15001.0	14	13.108	21	8	(0.07330484136235099,0.11622571883103182,0.05532074007403995,0.0803901210452125,0.07362935230743835,0.07093299528900417,)
105	709579535371788	54030	6	(470:75[0.15],481:131[0.36000000000000015],527:22[0.23000000000000007],543:124[0.26000000000000006],549:115[0.22000000000000006],551:39[0.09999999999999999],)	506	-212.73000000000002	-2472.562035573123	-15001.0	14	12.83	22	8	(0.08245129450133794,0.10039190252546261,0.0829320718781802,0.09405975121226877,0.06522244175191476,0.07040609277506445,)
106	710204950855355	54530	6	(470:75[0.16],481:65[0.35000000000000014],527:133[0.24000000000000007],543:70[0.25000000000000006],549:92[0.21000000000000005],551:71[0.10999999999999999],)	506	-212.73000000000002	-2526.0108102766794	-15001.0	14	12.254	20	8	(0.07075297950639436,0.09235351114609147,0.0742698748057421,0.08674134844548508,0.08373439734334123,0.07241103968429727,)
107	710647409567643	55030	6	(470:63[0.17],481:165[0.36000000000000015],527:125[0.23000000000000007],543:48[0.26000000000000006],549:39[0.20000000000000004],551:66[0.11999999999999998],)	506	-212.73000000000002	-1620.338893280633	-15001.0	14	12.408	20	8	(0.03814468669024075,0.077628074379688,0.10769784170340023,0.10868000985009084,0.10119523673604072,0.06928892227895783,)
108	711260776225469	55530	6	(470:108[0.18000000000000002],481:134[0.35000000000000014],527:21[0.22000000000000006],543:88[0.2700000000000001],549:77[0.21000000000000005],551:78[0.12999999999999998],)	506	-212.73000000000002	-2189.65418972332	-15001.0	14	13.062	21	8	(0.09124032384394763,0.07820495888885895,0.09045740473502227,0.07463380749498376,0.08286164288811006,0.08289243073013977,)
109	711763645688162	56030	6	(470:104[0.17],481:116[0.34000000000000014],527:26[0.23000000000000007],543:48[0.26000000000000006],549:56[0.22000000000000006],551:156[0.13999999999999999],)	506	-212.73000000000002	-1608.1089130434784	-15001.0	14	13.374	19	8	(0.09061549593827471,0.09024227134108789,0.08670501833215559,0.08451093091360291,0.07897709959952791,0.06021366817682473,)
110	712290710608978	56536	5	(470:54[0.16],481:20[0.3300000000000001],543:121[0.2700000000000001],549:194[0.23000000000000007],551:117[0.12999999999999998],)	506	-212.73000000000002	-1708.4907509881423	-15001.0	14	13.416	20	8	(0.04115711233316762,0.11184602108058501,0.08547804593306134,0.06489040358790663,0.059516272796759265,)
111	712879235974341	57036	5	(470:106[0.17],481:104[0.34000000000000014],543:109[0.26000000000000006],549:85[0.22000000000000006],551:101[0.11999999999999998],)	505	-212.73000000000002	-2183.496871287129	-15001.0	14	12.886	20	8	(0.05338349900977259,0.12528964215517605,0.07212915135037007,0.07734809106952276,0.07023744470371737,)
112	713403743370871	57536	5	(470:95[0.16],481:100[0.3300000000000001],543:30[0.25000000000000006],549:151[0.23000000000000007],551:129[0.10999999999999999],)	505	-212.73000000000002	-1971.9740594059406	-15001.0	14	12.656	19	8	(0.04937210539777267,0.09580268298953903,0.11952023568320991,0.08950863485598319,0.0722172291914712,)
113	713980179810487	58036	5	(470:95[0.17],481:20[0.3200000000000001],543:177[0.26000000000000006],549:147[0.22000000000000006],551:66[0.09999999999999999],)	505	-212.73000000000002	-2101.506712871287	-15001.0	14	12.854	20	8	(0.05360569801399412,0.11931810037862847,0.09271464255631962,0.12408345764902108,0.07580182494815209,)
114	714541340235702	58536	5	(470:52[0.18000000000000002],481:137[0.3300000000000001],543:165[0.25000000000000006],549:126[0.21000000000000005],551:25[0.10999999999999999],)	505	-212.73000000000002	-2311.460376237624	-15001.0	14	11.85	20	8	(0.08921154533743152,0.07011424676608782,0.1077858762960364,0.09295892133174018,0.07819811905087089,)
115	715094608743900	59036	5	(470:132[0.19000000000000003],481:140[0.3200000000000001],543:43[0.24000000000000005],549:24[0.20000000000000004],551:166[0.11999999999999998],)	505	-212.73000000000002	-2117.187801980198	-15001.0	14	12.768	20	8	(0.11163239546198829,0.10318025402445537,0.08537101016533712,0.09684401053732024,0.08787437411123226,)
116	715908596836960	59536	5	(470:38[0.18000000000000002],481:29[0.3100000000000001],543:138[0.25000000000000006],549:190[0.21000000000000005],551:110[0.10999999999999999],)	505	-212.73000000000002	-3677.8224158415833	-15001.0	14	12.006	20	8	(0.07555349383640275,0.06854908316390772,0.08812892289886894,0.09555072781024815,0.08582211567834533,)
117	716515104868482	60036	5	(470:43[0.19000000000000003],481:117[0.3200000000000001],543:190[0.24000000000000005],549:130[0.20000000000000004],551:25[0.09999999999999999],)	505	-212.03000000000003	-2798.2064950495055	-15001.0	17	11.77	21	8	(0.07508015944055392,0.09390942644926105,0.1196194075490459,0.11186055517619745,0.08120504233239298,)
118	717128025754422	60536	5	(470:63[0.20000000000000004],481:101[0.3100000000000001],543:135[0.23000000000000004],549:81[0.19000000000000003],551:125[0.10999999999999999],)	505	-212.03000000000003	-2469.7751683168317	-15001.0	17	12.206	22	8	(0.04173987681025013,0.10600470804307355,0.11250549472123772,0.10630269105867601,0.0723826389049498,)
119	717731708050827	61036	5	(470:94[0.21000000000000005],481:75[0.3000000000000001],543:187[0.22000000000000003],549:74[0.20000000000000004],551:75[0.09999999999999999],)	505	-212.03000000000003	-2431.2854653465347	-15001.0	17	12.19	23	8	(0.06808822260616891,0.068496654825304,0.09918676657393562,0.07439645085184866,0.07026974629301733,)
120	718233021106954	61536	5	(470:83[0.22000000000000006],481:159[0.3100000000000001],543:30[0.21000000000000002],549:103[0.21000000000000005],551:130[0.10999999999999999],)	505	-212.03000000000003	-2007.5859009900987	-15001.0	17	12.328	22	8	(0.0592764662606888,0.07570334753851522,0.12342419486789231,0.09553516512377473,0.06181630258212729,)
121	718690381270705	62036	5	(470:64[0.23000000000000007],481:150[0.3000000000000001],543:96[0.22000000000000003],549:73[0.20000000000000004],551:122[0.09999999999999999],)	505	-212.03000000000003	-1833.2783168316828	-15001.0	17	12.07	23	8	(0.03508242965009954,0.09691389904920808,0.11314585152522454,0.10537371911305346,0.05977239985075065,)
122	719341610057255	62543	4	(470:104[0.24000000000000007],481:117[0.2900000000000001],543:92[0.23000000000000004],549:192[0.21000000000000005],)	505	-212.03000000000003	-2145.792079207921	-15001.0	17	13.042	23	8	(0.033578510119418245,0.09249991460239791,0.11630488216883386,0.1174693010479258,)
123	719952367032705	63043	4	(470:104[0.25000000000000006],481:54[0.3000000000000001],543:192[0.24000000000000005],549:154[0.20000000000000004],)	504	-212.03000000000003	-2376.028551587301	-15001.0	17	12.48	23	8	(0.048305869157260255,0.13075789343275523,0.1291954049541673,0.08586486187018653,)
124	720500840798480	63544	4	(470:65[0.26000000000000006],481:119[0.3100000000000001],543:150[0.23000000000000004],549:170[0.19000000000000003],)	504	-212.03000000000003	-2260.887579365079	-15001.0	17	12.332	23	8	(0.058366936580136475,0.1019163214173107,0.10856099947264324,0.09415720283073488,)
125	720998519910633	64044	4	(470:219[0.2700000000000001],481:82[0.3200000000000001],543:126[0.22000000000000003],549:77[0.18000000000000002],)	504	-212.03000000000003	-1943.6001587301582	-15001.0	17	12.082	24	8	(0.12672493180583036,0.0980216162904563,0.07413650155301102,0.10585259805283073,)
126	721576619087621	64544	4	(470:110[0.26000000000000006],481:74[0.3300000000000001],543:155[0.21000000000000002],549:165[0.19000000000000003],)	504	-212.03000000000003	-2105.079682539683	-15001.0	17	12.526	25	8	(0.11664537077273068,0.07729873673071917,0.05844446471458961,0.1251387636426152,)
127	722059068498381	65044	4	(470:101[0.2700000000000001],481:128[0.34000000000000014],543:152[0.2],549:123[0.18000000000000002],)	504	-212.03000000000003	-2022.973611111111	-15001.0	17	11.848	21	8	(0.09189440961349236,0.09386072160096898,0.08314855518014201,0.12120104024841843,)
128	722586880311292	65544	4	(470:114[0.2800000000000001],481:105[0.3300000000000001],543:134[0.19],549:151[0.19000000000000003],)	504	-212.03000000000003	-2169.8148809523805	-15001.0	17	11.78	22	8	(0.11354947448311895,0.12954373986595624,0.08201437970454295,0.14564091848826746,)
129	723119230697181	66044	4	(470:100[0.2900000000000001],481:180[0.34000000000000014],543:169[0.18],549:55[0.18000000000000002],)	504	-212.03000000000003	-2091.346567460317	-15001.0	17	11.604	22	8	(0.11508786183220578,0.12397939239077635,0.0945505565134127,0.10613012260372084,)
130	723492838312567	66544	4	(470:68[0.3000000000000001],481:83[0.3300000000000001],543:232[0.16999999999999998],549:121[0.19000000000000003],)	504	-212.03000000000003	-1471.3804563492067	-14996.84	17	11.888	22	8	(0.1175250370370517,0.08021771038869861,0.1115554434400651,0.10345993873205304,)
131	724018488662069	67044	4	(470:31[0.3100000000000001],481:213[0.34000000000000014],543:110[0.15999999999999998],549:150[0.20000000000000004],)	504	-212.03000000000003	-1734.403333333333	-15001.0	17	13.484	22	8	(0.156405111723634,0.13800216256195327,0.10147375899761149,0.13986046148339595,)
132	724489514822391	67547	4	(470:166[0.3200000000000001],481:86[0.3300000000000001],543:227[0.16999999999999998],549:25[0.19000000000000003],)	504	-212.03000000000003	-1834.306488095238	-15001.0	17	11.68	22	8	(0.13741474151273145,0.07966895909342128,0.10348776598640198,0.1161718718367815,)
133	725085437482497	68047	4	(470:101[0.3100000000000001],481:273[0.34000000000000014],543:64[0.15999999999999998],549:66[0.20000000000000004],)	504	-212.03000000000003	-1554.7839285714292	-15001.0	17	13.864	23	8	(0.11424531785008672,0.10418291497244311,0.11325937774340573,0.12701563715703404,)
134	725632957409270	68547	4	(470:157[0.3200000000000001],481:141[0.3300000000000001],543:154[0.16999999999999998],549:52[0.21000000000000005],)	504	-212.03000000000003	-1775.0111507936506	-15001.0	17	12.944	24	8	(0.10337651289951849,0.12403617314279285,0.10186377803407629,0.1112157684756192,)
135	726278492324582	69047	4	(470:90[0.3100000000000001],481:134[0.3200000000000001],543:232[0.15999999999999998],549:48[0.22000000000000006],)	504	-212.03000000000003	-1844.0920039682537	-15001.0	17	13.786	25	8	(0.11200179666170147,0.1477891917465997,0.11402404312931176,0.09554305776749296,)
136	726835970261254	69547	4	(470:137[0.3200000000000001],481:159[0.3100000000000001],543:149[0.14999999999999997],549:59[0.23000000000000007],)	504	-212.03000000000003	-1785.1307341269846	-15001.0	17	14.066	25	8	(0.09451519266865942,0.06378460548161813,0.06784529419175458,0.1136753622183459,)
137	727464067132490	70047	4	(470:124[0.3100000000000001],481:69[0.3000000000000001],543:130[0.13999999999999996],549:181[0.24000000000000007],)	504	-212.03000000000003	-2531.5237698412707	-15001.0	17	12.99	22	8	(0.0948436946672125,0.14977611692623652,0.08648974922341575,0.06373205328899932,)
138	728068668606365	70547	4	(470:121[0.3200000000000001],481:37[0.3100000000000001],543:123[0.12999999999999995],549:223[0.23000000000000007],)	504	-212.03000000000003	-2078.0404761904756	-15001.0	17	13.108	23	8	(0.10069217065718467,0.13368533519558162,0.04264833219345676,0.08667204495276414,)
139	728727012996264	71047	4	(470:72[0.3300000000000001],481:108[0.3200000000000001],543:167[0.13999999999999996],549:157[0.22000000000000006],)	504	-212.03000000000003	-1776.503353174603	-15001.0	17	14.724	23	8	(0.11202048212132998,0.040120056251044645,0.06223382345369501,0.10575965216161534,)
140	729378566899136	71547	4	(470:57[0.34000000000000014],481:149[0.3300000000000001],543:132[0.12999999999999995],549:166[0.21000000000000005],)	504	-211.48	-1879.7218849206354	-15001.0	16	14.548	24	8	(0.10352813649727165,0.042339192580099244,0.0948768792037319,0.09818580350858833,)
141	729950899587866	72047	4	(470:141[0.35000000000000014],481:96[0.3200000000000001],543:128[0.11999999999999995],549:139[0.20000000000000004],)	504	-211.48	-1692.4291269841265	-15001.0	16	14.014	22	8	(0.10017638988708316,0.0609881975902673,0.03713446616831601,0.08864449656041781,)
142	730586856884504	72547	4	(470:58[0.34000000000000014],481:112[0.3300000000000001],543:147[0.10999999999999996],549:187[0.19000000000000003],)	504	-211.48	-1781.7996626984122	-15001.0	16	14.492	23	8	(0.12216547984493682,0.04718762015067487,0.04629508999708819,0.08460674715297394,)
143	731191073459307	73047	4	(470:146[0.35000000000000014],481:196[0.34000000000000014],543:82[0.09999999999999996],549:80[0.18000000000000002],)	504	-211.48	-1941.4543452380954	-15001.0	16	14.04	24	8	(0.11975602375037411,0.056009593312043776,0.07187428624213031,0.10755226294013705,)
144	731786772671088	73547	4	(470:81[0.34000000000000014],481:89[0.3300000000000001],543:75[0.10999999999999996],549:259[0.19000000000000003],)	504	-211.48	-1974.6334325396826	-15001.0	16	13.444	23	8	(0.13074381638679128,0.1458709597527032,0.05421076194966493,0.09653178427725503,)
145	732431291065442	74047	4	(470:77[0.35000000000000014],481:214[0.34000000000000014],543:121[0.11999999999999995],549:92[0.18000000000000002],)	504	-211.48	-1917.6983134920638	-15001.0	16	14.422	23	8	(0.11251452177267762,0.07389559436702729,0.056932012179306636,0.11828074501741924,)
146	733097303314146	74547	4	(470:114[0.36000000000000015],481:16[0.3300000000000001],543:169[0.12999999999999995],549:205[0.19000000000000003],)	504	-211.48	-2247.3087499999997	-15001.0	16	13.654	22	8	(0.15143095663099437,0.04531385986262588,0.07152899589208511,0.1321991785685952,)
147	733683519978241	75047	4	(470:53[0.37000000000000016],481:310[0.34000000000000014],543:46[0.11999999999999995],549:95[0.18000000000000002],)	504	-211.48	-2734.2524999999996	-15001.0	16	11.02	22	8	(0.16055868862173428,0.061822520818763736,0.06463222972258055,0.10616009684833472,)
148	734466811770228	75547	4	(470:167[0.38000000000000017],481:177[0.3300000000000001],543:84[0.12999999999999995],549:76[0.19000000000000003],)	504	-211.48	-2714.678888888888	-15001.0	16	12.742	23	8	(0.12694764067954198,0.09248787284571992,0.07275938629751705,0.13206373722975057,)
149	735271134540343	76056	3	(481:87[0.3200000000000001],543:193[0.13999999999999996],549:224[0.20000000000000004],)	504	-211.48	-2240.1090476190475	-15001.0	16	14.604	24	8	(0.12956130212429842,0.08995845734357957,0.1514337209608298,)
