alpha = 0.15
gamma = 1.0
lambda = 0.6
epsilon = 0.3
randomSeed = 777
GREAT!
Xover: 4
---- Evolution parameters ----
Folder name:          NMSarsa_MountainCar-Maze/run_875591970050730
Random seed:          777
GREAT activated:      true
Max iterations:       150
Population size:      500
GREAT initialization  true
Speciation threshold: 0.15
Species min size:     15
Tournament size:      3
Crossover rate:       0.2
Mutation rate:        0.8
Crossovers:
	AligningCrossover_v4(0.15)
Mutations:
	AddGeneMutation(maxSize=2147483647, prob=0.33)
	DeleteGeneMutation(minSize=8, prob=0.33)
	ChangeGeneMutation(prob=0.33)
------------------------------

---- Starting evolution ----
IT	Nanotime	#Eval	#Species	Species size	PopSize	Best	Avg	Worst	Best GRN Size	Avg GRN size	Max GRN size	Min GRN size	Species avgdist2rep
0	879157483267779	997	1	(466:499[0.15],)	499	-333.51	-12861.445791583166	-15001.0	8	8.974	13	8	(0.07511994433722516,)
1	880856607360997	1512	2	(466:453[0.16],467:48[0.15],)	501	-328.86	-10145.199141716572	-15001.0	10	9.22	14	8	(0.06522619711162705,0.08061297091103188,)
2	881785150834472	2029	3	(466:291[0.15],467:183[0.16],470:28[0.15],)	502	-324.21999999999997	-5267.314143426293	-14978.82	10	9.558	13	8	(0.06570471912941574,0.05663235621226124,0.10847361938248232,)
3	882268995928652	2538	3	(466:158[0.13999999999999999],467:181[0.15],470:164[0.16],)	503	-315.08	-2696.2776739562614	-15001.0	9	9.428	13	8	(0.06601320609230969,0.05997811395156595,0.03762443888740537,)
4	882610688190641	3038	5	(466:169[0.15],467:257[0.13999999999999999],470:43[0.17],476:19[0.15],477:15[0.15],)	503	-310.25	-1967.1593836978134	-15001.0	10	9.38	13	8	(0.07828406526863012,0.054482717468965824,0.07284825689118679,0.07622079885477885,0.08910746357245247,)
5	882843250952174	3551	6	(466:32[0.13999999999999999],467:184[0.12999999999999998],470:56[0.18000000000000002],477:84[0.16],478:29[0.15],479:120[0.15],)	505	-294.49	-1340.5650099009902	-15001.0	12	9.484	13	8	(0.08447027183768868,0.07967348694645862,0.06317818766927005,0.06261842623895626,0.09910455068385636,0.04869892496320313,)
6	883213626520445	4055	6	(466:137[0.15],467:59[0.11999999999999998],470:59[0.19000000000000003],477:62[0.15],478:49[0.16],479:140[0.13999999999999999],)	506	-294.49	-2049.2981225296444	-15001.0	12	9.944	14	8	(0.022375353876832295,0.06551250005069092,0.08927816236866944,0.08177479561899301,0.09253777807527326,0.06011076758837289,)
7	883476500763339	4564	6	(466:76[0.13999999999999999],467:68[0.12999999999999998],470:62[0.20000000000000004],477:81[0.16],478:98[0.17],479:121[0.12999999999999998],)	506	-294.49	-1417.214703557312	-15001.0	12	9.856	15	8	(0.06065313794892,0.06348595534249496,0.0782173061902615,0.05558374705988968,0.06573569851197288,0.06402059509781982,)
8	883761089429415	5074	6	(466:89[0.15],467:126[0.13999999999999999],477:47[0.17],478:106[0.16],479:114[0.11999999999999998],484:24[0.15],)	506	-285.76	-1437.2810671936759	-15001.0	13	10.048	14	8	(0.0664518951114706,0.0815925749693956,0.08344412087193107,0.06211660338978514,0.06765416621251004,0.07494204961282452,)
9	883999843088691	5598	7	(466:100[0.13999999999999999],467:30[0.12999999999999998],477:59[0.18000000000000002],479:130[0.10999999999999999],484:100[0.16],487:44[0.15],489:43[0.15],)	506	-285.03	-1196.1909486166005	-15001.0	13	10.18	15	8	(0.08227244699107907,0.07956662807027688,0.08706443709175692,0.07895580983335054,0.0702165184551899,0.09238528839559355,0.0651022370024493,)
10	884288695346960	6129	7	(466:76[0.12999999999999998],467:53[0.13999999999999999],477:61[0.19000000000000003],479:129[0.09999999999999999],484:30[0.15],487:68[0.16],489:90[0.16],)	507	-278.43	-1258.8486390532544	-14931.87	9	10.41	15	8	(0.0762383560433288,0.07939797578283767,0.0759616975210791,0.0753469600140683,0.08823629394553963,0.08733124938010615,0.04911895807591361,)
11	884642375270598	6641	8	(466:194[0.11999999999999998],467:65[0.15],477:32[0.20000000000000004],479:59[0.09],484:44[0.16],487:20[0.17],495:19[0.15],497:74[0.15],)	507	-278.43	-1632.315996055227	-14978.78	9	10.822	16	8	(0.06873503149957937,0.10086900832763024,0.04399489851529827,0.06501922365575823,0.08217895225894509,0.08306941426630535,0.10132283598796198,0.07950365359374613,)
12	884922709296280	7155	8	(466:103[0.10999999999999999],467:60[0.13999999999999999],479:78[0.09999999999999999],484:78[0.17],487:57[0.18000000000000002],495:29[0.16],497:84[0.13999999999999999],498:19[0.15],)	508	-280.86	-1381.8291535433073	-15001.0	8	10.548	17	8	(0.03866791360075732,0.07495480875600005,0.07038200886118155,0.07816752669008804,0.09285102159166322,0.070664837742673,0.07651266547240378,0.07538260443621028,)
13	885138323818454	7668	8	(466:76[0.09999999999999999],467:126[0.15],479:62[0.09],484:26[0.16],487:19[0.19000000000000003],495:64[0.17],497:59[0.12999999999999998],498:76[0.16],)	508	-279.05	-1087.1637992125989	-14868.34	10	10.182	18	8	(0.043090160056115684,0.040189382912827094,0.05450698139278125,0.08259597436760567,0.08867541744646704,0.0632551548815954,0.07511116885159853,0.0319131487096704,)
14	885411756209716	8181	7	(466:107[0.09],467:40[0.13999999999999999],479:59[0.08],487:50[0.20000000000000004],495:106[0.16],497:79[0.13999999999999999],498:67[0.15],)	508	-269.82	-1382.991102362205	-15001.0	8	10.632	19	8	(0.04235213904430769,0.07698019901446954,0.05111117731866421,0.05830910038159108,0.05667388416641421,0.07403214078079019,0.049531307029305166,)
15	885724234883763	8681	7	(466:28[0.08],467:79[0.15],479:28[0.09],487:24[0.21000000000000005],495:176[0.15],497:37[0.12999999999999998],498:135[0.16],)	507	-269.82	-1746.5591715976327	-14977.46	8	10.292	20	8	(0.05186423775308691,0.0751346420491622,0.059911016636878804,0.09010347948924707,0.08709608765263747,0.07475907415535413,0.054151766630506006,)
16	886179659402997	9222	7	(466:112[0.09],479:163[0.09999999999999999],487:55[0.22000000000000006],495:42[0.13999999999999999],497:37[0.13999999999999999],498:44[0.15],505:54[0.15],)	507	-269.82	-1754.0544773175538	-15001.0	8	10.906	18	8	(0.035204283327252964,0.05673701782011086,0.10205960447937411,0.09906707645087064,0.08441081674107216,0.07746995378252063,0.06941153096079858,)
17	886433191975647	9722	7	(466:112[0.08],479:65[0.09],487:33[0.23000000000000007],495:32[0.15],497:74[0.15],498:15[0.16],505:176[0.16],)	507	-269.82	-1144.2056607495067	-15001.0	8	11.166	19	8	(0.043855292957366725,0.06188548434995585,0.09422187802058364,0.06051530461885937,0.0730581625807305,0.048910447475747396,0.04276441871204397,)
18	886778691692645	10251	5	(466:105[0.07],497:46[0.13999999999999999],498:27[0.17],505:309[0.15],507:20[0.15],)	507	-273.15	-1750.3275345167658	-15001.0	10	10.398	18	8	(0.04307946453960707,0.07818703442045155,0.03476173438937277,0.05106841921117803,0.06197880847259148,)
19	888340314509647	10754	6	(466:36[0.060000000000000005],497:31[0.15],498:86[0.18000000000000002],505:295[0.13999999999999999],507:27[0.16],509:30[0.15],)	505	-273.15	-10577.618019801977	-15001.0	10	9.432	18	8	(0.042774098568675784,0.10947511702883961,0.09920605996890712,0.07870872316383243,0.08414562119781664,0.08612614345857822,)
20	889923924166842	11264	7	(497:179[0.16],498:116[0.17],505:61[0.12999999999999998],507:32[0.17],509:42[0.16],510:38[0.15],511:38[0.15],)	506	-273.15	-10200.497727272726	-15001.0	10	9.29	17	8	(0.03857565855033467,0.04508050118225925,0.06000729435161248,0.10763121559992123,0.033570923661041245,0.06273637536965394,0.08617875086277371,)
21	891410798434834	11793	4	(498:206[0.16],507:19[0.18000000000000002],509:179[0.17],511:103[0.16],)	507	-273.15	-8745.154516765291	-15001.0	10	9.194	13	8	(0.04099082871970887,0.05578984397607054,0.0571777339680473,0.0506648330608681,)
22	892578498574914	12300	3	(498:211[0.15],509:247[0.16],511:46[0.17],)	504	-278.93	-7157.58494047619	-15001.0	8	9.164	12	8	(0.04929812474297633,0.06157089437883088,0.05871363895795597,)
23	893293336793512	12800	4	(498:99[0.13999999999999999],509:151[0.15],511:210[0.18000000000000002],513:43[0.15],)	503	-278.93	-4632.101769383697	-15001.0	8	8.99	13	8	(0.06545576216544494,0.06698661147142641,0.07231750542103464,0.07956874322507225,)
24	893646469099073	13311	4	(498:133[0.15],509:144[0.13999999999999999],511:71[0.17],513:156[0.16],)	504	-278.93	-2212.7967658730154	-14916.56	8	9.032	13	8	(0.06246498547466317,0.06684122149043421,0.05889293112832675,0.04943575342706074,)
25	893923683526478	13818	4	(498:137[0.13999999999999999],509:122[0.12999999999999998],511:206[0.18000000000000002],513:39[0.15],)	504	-278.93	-1679.4632341269842	-15001.0	8	9.132	13	8	(0.044557425643724835,0.06861817214005604,0.058286017903563685,0.053891120204448036,)
26	894101364700286	14334	4	(498:169[0.12999999999999998],509:34[0.13999999999999999],511:94[0.17],513:207[0.16],)	504	-278.93	-1015.5802777777777	-14937.12	8	9.088	13	8	(0.0650040765252073,0.07231997988213074,0.07427649861238796,0.061862535006705396,)
27	894288078885619	14834	4	(498:51[0.11999999999999998],509:42[0.15],511:358[0.18000000000000002],513:53[0.15],)	504	-272.01	-1066.359146825397	-14978.25	9	9.316	13	8	(0.06188771455365808,0.0834419556510317,0.08048339818650976,0.0780886016509193,)
28	894469157081719	15349	5	(498:53[0.12999999999999998],509:90[0.16],511:158[0.17],513:184[0.16],520:19[0.15],)	504	-272.01	-996.3911904761904	-14934.94	9	9.486	13	8	(0.08938742482166885,0.06894124954376148,0.0860712701704521,0.08324479147842392,0.09812129882343225,)
29	894719541791329	15849	5	(498:135[0.13999999999999999],509:84[0.17],511:97[0.16],513:131[0.15],520:58[0.16],)	505	-271.2	-1441.8658811881187	-15001.0	10	9.526	14	8	(0.06276489250192785,0.07142952596858401,0.08134375573575266,0.06915499443345896,0.07182785487833948,)
30	894890180712503	16363	5	(498:139[0.12999999999999998],509:116[0.18000000000000002],511:121[0.17],513:105[0.13999999999999999],524:24[0.15],)	505	-266.46999999999997	-890.153504950495	-14956.37	8	9.688	15	8	(0.07773715497870617,0.06001470349305124,0.08091354212149106,0.09187195072283717,0.09236182419666887,)
31	895089242175773	16890	4	(498:159[0.11999999999999998],509:114[0.17],511:98[0.16],513:134[0.12999999999999998],)	505	-266.46999999999997	-962.0310495049505	-15001.0	8	9.92	15	8	(0.07033246212904783,0.09465498307211957,0.08923732398999824,0.07423567995314301,)
32	895282646766475	17391	7	(498:80[0.10999999999999999],509:129[0.18000000000000002],511:25[0.17],513:92[0.11999999999999998],530:21[0.15],531:142[0.15],533:15[0.15],)	504	-266.46999999999997	-958.9470833333329	-15001.0	8	10.306	16	8	(0.06774864362772043,0.11821352969349376,0.09395384860282999,0.0959528608160063,0.06230374187657934,0.08224140028661714,0.07844431807930179,)
33	895471029768238	17912	6	(498:124[0.09999999999999999],509:67[0.17],511:29[0.18000000000000002],513:78[0.10999999999999999],530:101[0.16],533:108[0.16],)	507	-266.46999999999997	-908.3590729783036	-15001.0	8	10.202	17	8	(0.07016349836013576,0.06940634212018733,0.09420625687005979,0.06345959394437752,0.0575248980614297,0.06910878551158725,)
34	895695722292967	18429	6	(498:35[0.09],509:31[0.18000000000000002],511:38[0.19000000000000003],513:163[0.11999999999999998],530:40[0.15],533:199[0.15],)	506	-266.46999999999997	-1079.2216600790514	-15001.0	8	10.44	17	8	(0.0610373821352891,0.12087597609472564,0.08010141668449126,0.07835766370435049,0.10806269269620924,0.09064261312979324,)
35	895870306814628	18929	6	(498:100[0.09999999999999999],509:167[0.19000000000000003],511:72[0.20000000000000004],513:90[0.10999999999999999],530:36[0.16],533:41[0.13999999999999999],)	506	-266.46999999999997	-895.8788142292489	-15001.0	8	10.272	18	8	(0.05063363003223542,0.0640109851631256,0.07414953048174137,0.05240693906304472,0.08360941286855106,0.08914549759210609,)
36	896055173087169	19439	6	(498:100[0.09],509:149[0.18000000000000002],511:62[0.21000000000000005],513:51[0.09999999999999999],530:103[0.17],533:41[0.15],)	506	-263.13	-862.0150395256917	-15001.0	11	10.562	18	8	(0.06155177101995293,0.06812720547707139,0.07700439447525091,0.05036441501710599,0.06147982345944971,0.1023644155744288,)
37	896324046037740	19941	5	(509:69[0.17],511:98[0.22000000000000006],513:80[0.10999999999999999],530:120[0.16],533:139[0.16],)	506	-263.13	-1195.506936758893	-15001.0	11	11.156	18	8	(0.09904744429590435,0.10581499972715958,0.0638044961466158,0.0798442650811224,0.10748695802454791,)
38	896540507056554	20441	5	(509:44[0.18000000000000002],511:85[0.23000000000000007],513:163[0.11999999999999998],530:133[0.15],533:80[0.15],)	505	-262.23	-886.452297029703	-15001.0	13	11.454	19	8	(0.08997066279079645,0.09198529435548224,0.06892563398883304,0.0763942845819787,0.10180265636942956,)
39	896769723301475	20941	5	(509:32[0.19000000000000003],511:173[0.24000000000000007],513:71[0.10999999999999999],530:193[0.13999999999999999],533:36[0.16],)	505	-262.23	-938.4077425742573	-15001.0	13	11.376	19	8	(0.10498367946265602,0.12446431447063709,0.08495499691074958,0.08742498477708269,0.07779945888674447,)
40	896911109752117	21441	5	(509:113[0.20000000000000004],511:111[0.23000000000000007],513:90[0.11999999999999998],530:52[0.12999999999999998],533:139[0.17],)	505	-262.23	-647.4695841584157	-15001.0	13	10.92	18	8	(0.08378672968020168,0.07399193637875438,0.086444475174248,0.0824453453627251,0.0885345434196488,)
41	897123457500357	21954	5	(509:89[0.19000000000000003],511:110[0.22000000000000006],513:70[0.12999999999999998],530:219[0.13999999999999999],533:17[0.16],)	505	-262.23	-843.2594851485151	-15001.0	13	11.254	19	8	(0.0902227144985035,0.08780572617257888,0.06435793572989522,0.07949677172618728,0.07381031074830555,)
42	897322606808466	22459	5	(509:100[0.20000000000000004],511:168[0.21000000000000005],513:88[0.13999999999999999],530:89[0.12999999999999998],533:60[0.17],)	505	-262.23	-760.4641188118811	-15001.0	13	11.802	19	8	(0.0631096576607959,0.0877448887510461,0.07603016841141576,0.08984685344710569,0.07646701403997187,)
43	897526193506748	22961	5	(509:90[0.19000000000000003],511:102[0.20000000000000004],513:104[0.15],530:49[0.13999999999999999],533:160[0.18000000000000002],)	505	-262.23	-713.0207920792077	-14988.88	13	11.932	20	8	(0.08511794397253841,0.06724175108879032,0.06679991414149085,0.0970050379553247,0.08611147636418205,)
44	897684331726449	23463	6	(509:25[0.20000000000000004],511:179[0.19000000000000003],513:80[0.13999999999999999],530:156[0.15],533:40[0.17],544:25[0.15],)	505	-262.23	-485.31053465346537	-14979.27	13	12.358	20	8	(0.09991483037223617,0.09041014941058875,0.08405957665886062,0.05375604095154451,0.10076600320479454,0.06063105516502385,)
45	897862227103093	23964	6	(509:61[0.21000000000000005],511:121[0.18000000000000002],513:48[0.15],530:86[0.13999999999999999],533:78[0.18000000000000002],544:112[0.16],)	506	-262.23	-648.2894071146244	-15001.0	13	12.116	20	8	(0.09013813027099588,0.06954447678503692,0.06644430636476283,0.0767456060677424,0.09160064691329428,0.06486777029900538,)
46	898003824970850	24472	6	(509:34[0.22000000000000006],511:59[0.17],513:134[0.16],530:36[0.12999999999999998],533:185[0.19000000000000003],544:58[0.15],)	506	-262.23	-486.51626482213436	-14787.26	13	11.828	21	8	(0.08437269183047505,0.07520186243688813,0.08199610989163542,0.07203453036167318,0.07633648569685493,0.06791633275687418,)
47	898226734614043	24972	6	(509:53[0.23000000000000007],511:101[0.18000000000000002],513:101[0.15],530:82[0.13999999999999999],533:124[0.18000000000000002],544:45[0.16],)	506	-262.23	-662.864090909091	-15001.0	13	12.612	21	8	(0.12320685385760051,0.07250935849744866,0.09849746417158654,0.07768032137622521,0.08703582858149196,0.06746325138805064,)
48	898426277616650	25472	6	(509:36[0.24000000000000007],511:158[0.17],513:65[0.13999999999999999],530:80[0.15],533:73[0.17],544:94[0.17],)	506	-262.23	-586.6189723320159	-14974.09	13	13.43	22	8	(0.11409273647428789,0.0622104999469546,0.07398976919322482,0.061699338771878866,0.09496803048776144,0.08389136715059403,)
49	898638867517375	25977	7	(509:46[0.25000000000000006],511:123[0.16],513:112[0.15],530:112[0.16],533:46[0.18000000000000002],544:48[0.16],549:19[0.15],)	506	-262.23	-623.2049604743085	-14978.08	13	12.582	22	8	(0.11900842351411796,0.08238187818458606,0.10326930595667594,0.07230044472387957,0.09866733179335346,0.09453243252158862,0.07918362798244119,)
50	898819430130245	26478	7	(509:47[0.26000000000000006],511:106[0.15],513:31[0.13999999999999999],530:59[0.15],533:148[0.19000000000000003],544:57[0.17],549:59[0.16],)	507	-262.23	-460.21978303747534	-14940.49	13	12.932	23	8	(0.08191423283560202,0.06907127912966561,0.06510829335068323,0.07500769040081441,0.09043408375753514,0.06991396235405704,0.08774849222290579,)
51	899012686140043	26978	8	(509:50[0.2700000000000001],511:129[0.13999999999999999],513:22[0.15],530:79[0.16],533:125[0.18000000000000002],544:56[0.18000000000000002],549:29[0.17],551:17[0.15],)	507	-262.23	-536.6047731755425	-15001.0	13	13.008	24	8	(0.06822764604188157,0.06825476698648532,0.062901435006824,0.09704455087802885,0.10455706025568223,0.06794977350769763,0.0625256692985058,0.08886919913411322,)
52	899191705660587	27483	7	(511:139[0.12999999999999998],513:84[0.16],530:39[0.15],533:69[0.17],544:23[0.19000000000000003],549:69[0.18000000000000002],551:85[0.16],)	508	-262.23	-525.4469094488189	-15001.0	13	12.846	25	8	(0.05978328815666617,0.07336967576819944,0.07801177703240786,0.09479953706971962,0.1296391277283279,0.08006579869174421,0.0562969380370877,)
53	899355227751056	27991	8	(511:118[0.11999999999999998],513:64[0.15],530:23[0.16],533:38[0.18000000000000002],544:63[0.20000000000000004],549:88[0.19000000000000003],551:51[0.15],552:62[0.15],)	507	-262.23	-503.66891518737674	-15001.0	13	12.836	25	8	(0.06093678495379934,0.071171737215324,0.07074673804333154,0.06148231073027206,0.09051560141676396,0.10457431343857088,0.07277084409678349,0.07763982048460581,)
54	899523892861467	28491	8	(511:65[0.10999999999999999],513:75[0.13999999999999999],530:76[0.17],533:113[0.19000000000000003],544:46[0.19000000000000003],549:30[0.18000000000000002],551:62[0.16],552:41[0.13999999999999999],)	508	-262.23	-533.6688976377952	-14947.88	13	12.582	25	8	(0.055448904658003874,0.06631617366879206,0.07989758513462712,0.06391755191395766,0.06462530289819293,0.09864759594423099,0.06356525354175871,0.08025505843486377,)
55	899663403232878	28995	9	(511:78[0.09999999999999999],513:16[0.12999999999999998],530:76[0.16],533:63[0.18000000000000002],544:58[0.20000000000000004],549:17[0.19000000000000003],551:113[0.15],552:66[0.15],554:21[0.15],)	508	-262.23	-435.0001968503937	-15001.0	13	13.036	25	8	(0.06129103740169514,0.0927886262654718,0.07191520540692141,0.059897164095179124,0.07796217419706764,0.09260982990691259,0.07556970152689024,0.08458255307577187,0.10142403284297273,)
56	899852810187626	29501	9	(511:24[0.09],513:19[0.13999999999999999],530:41[0.15],533:30[0.17],544:59[0.19000000000000003],549:65[0.20000000000000004],551:111[0.13999999999999999],552:77[0.13999999999999999],554:83[0.16],)	509	-262.23	-601.6587033398822	-14972.0	13	12.722	24	8	(0.06869420746173584,0.0974826482056537,0.09384929645716904,0.04471941737322207,0.06426882141184737,0.07843073997333598,0.07091226718248142,0.06412803151699736,0.08970232846870288,)
57	900065817585220	30001	10	(511:113[0.09999999999999999],513:122[0.15],530:35[0.16],533:56[0.18000000000000002],544:23[0.18000000000000002],549:34[0.19000000000000003],551:29[0.12999999999999998],552:27[0.12999999999999998],554:28[0.15],558:42[0.15],)	509	-262.23	-650.5635559921415	-14969.93	13	13.074	25	8	(0.06810375746105098,0.025121975578122048,0.09332593305950845,0.07417503534346641,0.0764496948538786,0.06949519741022196,0.057118685490106506,0.06333763304559852,0.07893794691250912,0.05552002575883358,)
58	900301941374776	30501	10	(511:27[0.09],513:70[0.13999999999999999],530:152[0.17],533:25[0.17],544:30[0.19000000000000003],549:28[0.20000000000000004],551:28[0.13999999999999999],552:40[0.13999999999999999],554:47[0.16],558:63[0.16],)	510	-262.23	-691.1301176470589	-15001.0	13	13.492	25	8	(0.06815344663726276,0.04749139125904101,0.07115785260881283,0.08846830389854149,0.0995491904247784,0.049993990771734435,0.06119294611846799,0.06535970391684331,0.0827040556839516,0.05442165975691475,)
59	900490170672374	31001	10	(511:62[0.09999999999999999],513:32[0.12999999999999998],530:70[0.16],533:88[0.18000000000000002],544:30[0.20000000000000004],549:31[0.21000000000000005],551:34[0.15],552:46[0.15],554:70[0.17],558:47[0.15],)	510	-262.23	-580.0051176470588	-14967.48	13	13.214	25	8	(0.06755050407782279,0.06542293479111282,0.09239510550238224,0.07480845709023892,0.08276053454903017,0.06989704879800201,0.05591382335264991,0.07205289561959542,0.0901125293985289,0.06665911303164172,)
60	900755707546802	31501	10	(511:116[0.09],513:47[0.13999999999999999],530:35[0.15],533:28[0.17],544:47[0.21000000000000005],549:27[0.22000000000000006],551:50[0.16],552:17[0.16],554:50[0.16],558:93[0.16],)	510	-262.23	-816.7030392156861	-14980.27	13	13.316	25	8	(0.05721740387937394,0.07483647032808506,0.06736551240443002,0.03028200443193086,0.04819801735152466,0.0705270346729386,0.07068721494337858,0.043731675939696416,0.1018177380540062,0.0530890009102554,)
61	900976966716049	32011	10	(511:37[0.08],513:52[0.15],530:52[0.16],533:177[0.18000000000000002],544:47[0.22000000000000006],549:48[0.23000000000000007],552:33[0.17],554:18[0.15],558:26[0.15],559:20[0.15],)	510	-262.23	-710.9731960784313	-14977.67	13	14.006	26	8	(0.0658677258837561,0.08961204555618053,0.0816433239214076,0.08589030338124082,0.04959679373513919,0.0711718419379026,0.07185051475608299,0.0749586525967319,0.06898845774579507,0.09141226622546499,)
62	901142778517808	32520	9	(511:62[0.09],513:41[0.13999999999999999],530:108[0.15],533:47[0.17],544:30[0.23000000000000007],549:48[0.24000000000000007],552:44[0.18000000000000002],558:69[0.16],559:61[0.16],)	510	-262.23	-560.9377254901962	-15001.0	13	12.954	26	8	(0.06377880296064017,0.08286401246927733,0.08081666711393755,0.07480983522437437,0.05173173131019764,0.09356953028805713,0.05014173214796882,0.05829955851677806,0.06499132360761908,)
63	901294691374109	33041	7	(511:83[0.08],530:81[0.13999999999999999],533:48[0.18000000000000002],544:19[0.24000000000000007],549:65[0.25000000000000006],552:74[0.19000000000000003],559:139[0.15],)	509	-262.23	-409.2809823182711	-14981.36	13	13.104	26	8	(0.0494346138653659,0.06359069253924805,0.07309666972681823,0.06867963716079878,0.06058312411113322,0.06564835831527975,0.0649806450658011,)
64	901494195855329	33541	7	(511:69[0.07],530:106[0.12999999999999998],533:40[0.19000000000000003],544:38[0.25000000000000006],549:52[0.26000000000000006],552:157[0.18000000000000002],559:45[0.13999999999999999],)	507	-262.23	-555.8799211045365	-14592.68	13	13.484	26	8	(0.05885974783258028,0.07107801740903605,0.10609514497673392,0.0976902954977468,0.07453765662342753,0.11745167986710536,0.07943506339179278,)
65	901736801605260	34041	7	(511:84[0.08],530:22[0.11999999999999998],533:89[0.20000000000000004],544:119[0.26000000000000006],549:38[0.2700000000000001],552:91[0.17],559:64[0.15],)	507	-262.23	-764.770650887574	-15001.0	13	13.41	26	8	(0.059071751436849625,0.08818471210527401,0.110770719589573,0.09860296038040936,0.09681659530979586,0.10854682284549154,0.08338039193399178,)
66	901972883407083	34541	7	(511:80[0.07],530:86[0.12999999999999998],533:78[0.19000000000000003],544:99[0.25000000000000006],549:61[0.2800000000000001],552:65[0.16],559:38[0.16],)	507	-262.23	-727.1817554240631	-15001.0	13	13.602	26	8	(0.047501990044200776,0.06658891340352821,0.12767900203006124,0.1084717310699504,0.1040416634642747,0.0787616092287027,0.10373720145849191,)
67	902258649455419	35041	7	(511:50[0.060000000000000005],530:93[0.11999999999999998],533:136[0.18000000000000002],544:79[0.24000000000000005],549:31[0.2900000000000001],552:58[0.17],559:60[0.17],)	507	-262.23	-790.0100986193293	-15001.0	13	14.23	25	8	(0.031717491513522635,0.0626397339032772,0.10164645978425059,0.09350044896403135,0.09802718656909265,0.0856955489484828,0.11563632339076331,)
68	902444379915199	35541	7	(511:38[0.07],530:71[0.10999999999999999],533:83[0.17],544:83[0.23000000000000004],549:109[0.3000000000000001],552:71[0.18000000000000002],559:52[0.18000000000000002],)	507	-261.15	-506.8042800788956	-15001.0	13	14.152	26	8	(0.05722725528475848,0.06229465344104824,0.10964875733757505,0.09533920290488158,0.11332091518591549,0.09895111568485415,0.06863194425472469,)
69	902714375859171	36041	7	(511:58[0.08],530:63[0.09999999999999999],533:89[0.16],544:69[0.22000000000000003],549:115[0.2900000000000001],552:44[0.17],559:69[0.19000000000000003],)	507	-261.15	-646.5211045364891	-14954.44	13	15.214	27	8	(0.01988948161721205,0.073957294038052,0.05287664395924707,0.0645208181204164,0.10726946241284044,0.0742374361219237,0.06894576451318193,)
70	903054531257756	36541	7	(511:104[0.09],530:102[0.10999999999999999],533:64[0.15],544:101[0.23000000000000004],549:29[0.2800000000000001],552:22[0.18000000000000002],559:85[0.20000000000000004],)	507	-261.15	-835.9638264299804	-14933.36	13	15.918	27	8	(0.0280761310373102,0.07102607805026213,0.06580417615253163,0.062057543095108865,0.13519676591603141,0.0961476315254195,0.09869849826682682,)
71	903268377815213	37041	7	(511:36[0.08],530:39[0.09999999999999999],533:62[0.16],544:175[0.22000000000000003],549:39[0.2900000000000001],552:95[0.19000000000000003],559:61[0.19000000000000003],)	507	-261.15	-518.5753451676529	-14948.93	13	14.968	26	8	(0.03138471893159407,0.06283677256139146,0.06250971986863993,0.04582873825582215,0.09492377127286564,0.07828518084524488,0.06612505049019038,)
72	903552505053761	37551	6	(511:97[0.09],533:27[0.17],544:118[0.21000000000000002],549:68[0.3000000000000001],552:53[0.18000000000000002],559:144[0.20000000000000004],)	507	-261.15	-639.1155818540434	-15001.0	13	15.346	26	8	(0.05128424287532294,0.09180033452422619,0.06446942756482689,0.1236558139864392,0.0827982135526687,0.08979374419474884,)
73	903897699542347	38051	6	(511:109[0.08],533:102[0.18000000000000002],544:135[0.2],549:37[0.3100000000000001],552:77[0.19000000000000003],559:46[0.19000000000000003],)	506	-261.15	-856.9735770750989	-14945.71	13	15.872	27	8	(0.044949972206802004,0.03799766634233232,0.0691046017810239,0.10644612731126839,0.08562951958083595,0.08998282266791546,)
74	904213896907612	38563	5	(511:67[0.07],533:106[0.17],544:183[0.19],552:119[0.20000000000000004],559:31[0.20000000000000004],)	506	-260.62	-773.7882213438735	-14950.01	16	15.526	26	8	(0.03260450083234788,0.09720628884275131,0.09259892153854755,0.08986501503072447,0.07909789934280723,)
75	904451966146181	39063	5	(511:85[0.08],533:128[0.16],544:175[0.18],552:86[0.19000000000000003],559:31[0.21000000000000005],)	505	-260.62	-620.9244752475249	-15001.0	16	15.888	26	8	(0.05154132486656964,0.08592725789874206,0.07812579779716203,0.10049685887990142,0.07110936190389348,)
76	904661167871750	39563	5	(511:65[0.09],533:49[0.15],544:141[0.16999999999999998],552:65[0.20000000000000004],559:185[0.22000000000000006],)	505	-260.62	-516.5295247524754	-14955.95	16	14.764	27	8	(0.04357416772069977,0.05984889239165802,0.07480625262118704,0.09399161976589875,0.08668423148697924,)
77	904949927222562	40063	5	(511:96[0.09999999999999999],533:159[0.16],544:120[0.15999999999999998],552:63[0.21000000000000005],559:67[0.21000000000000005],)	505	-260.62	-679.4746534653468	-15001.0	16	15.906	27	8	(0.040349840133303845,0.07913460912020118,0.06590776129582845,0.050153145953755585,0.09228980487850239,)
78	905168998661225	40563	5	(511:72[0.10999999999999999],533:27[0.15],544:226[0.14999999999999997],552:105[0.22000000000000006],559:75[0.22000000000000006],)	505	-260.62	-466.0681386138613	-15001.0	16	16.066	27	9	(0.053649487038714944,0.10521426547661648,0.08403144757463311,0.09277555719901512,0.0825375033584976,)
79	905516696023325	41065	5	(511:101[0.11999999999999998],533:102[0.16],544:112[0.13999999999999996],552:114[0.21000000000000005],559:76[0.23000000000000007],)	505	-255.42000000000002	-772.9694653465345	-14959.49	20	16.034	27	9	(0.03672135070458916,0.11135264656624717,0.06905342996439522,0.0681774108139976,0.09635701902329485,)
80	905828247729017	41565	5	(511:161[0.10999999999999999],533:132[0.15],544:105[0.12999999999999995],552:85[0.20000000000000004],559:22[0.24000000000000007],)	505	-255.42000000000002	-674.895207920792	-14988.65	20	16.74	26	9	(0.05661824359958609,0.07962121929657165,0.05884522170149571,0.06616738832657879,0.11733108009617278,)
81	906108284815320	42065	5	(511:226[0.09999999999999999],533:72[0.13999999999999999],544:61[0.11999999999999995],552:41[0.21000000000000005],559:105[0.25000000000000006],)	505	-255.42000000000002	-628.5468118811881	-14991.36	20	16.444	27	8	(0.057897323959618066,0.10307121959822535,0.06917091408294074,0.10367102965851749,0.12960161766154168,)
82	906322522628427	42565	5	(511:62[0.09],533:48[0.15],544:142[0.12999999999999995],552:111[0.22000000000000006],559:142[0.24000000000000005],)	505	-255.42000000000002	-492.1043168316831	-14992.93	20	15.384	28	8	(0.053613003343287294,0.08854217044455148,0.08653158609039577,0.11827295132199081,0.11249904176120222,)
83	906550159064311	43065	5	(511:53[0.09999999999999999],533:122[0.16],544:152[0.11999999999999995],552:66[0.21000000000000005],559:112[0.23000000000000004],)	505	-255.42000000000002	-555.6422970297027	-14937.5	20	16.406	28	9	(0.041584419555332576,0.0866926761721073,0.059896488699671416,0.09294723780912245,0.08991676667473082,)
84	906766341708619	43565	5	(511:96[0.10999999999999999],533:111[0.15],544:123[0.10999999999999996],552:107[0.22000000000000006],559:68[0.22000000000000003],)	505	-255.42000000000002	-451.05697029702975	-14871.32	20	16.71	29	9	(0.04608214188788842,0.09669341046235412,0.07252363802178298,0.08707775488604375,0.10100620379368622,)
85	907021480327327	44065	5	(511:99[0.11999999999999998],533:56[0.13999999999999999],544:158[0.09999999999999996],552:62[0.21000000000000005],559:130[0.23000000000000004],)	505	-255.42000000000002	-550.4107722772278	-14998.43	20	17.116	30	9	(0.05646170875952872,0.0890400682292662,0.07744869521106104,0.13537969035831604,0.10259364696944195,)
86	907359367941533	44565	5	(511:88[0.12999999999999998],533:34[0.15],544:153[0.08999999999999997],552:110[0.22000000000000006],559:120[0.22000000000000003],)	505	-255.42000000000002	-742.1337425742577	-15001.0	20	17.63	30	8	(0.05502339305860709,0.08405618947663686,0.0589442881301622,0.12426120965838142,0.10889237618982545,)
87	907674496741244	45065	5	(511:140[0.13999999999999999],533:50[0.16],544:53[0.07999999999999997],552:91[0.21000000000000005],559:171[0.21000000000000002],)	505	-255.42000000000002	-644.4684950495048	-15001.0	20	18.262	29	10	(0.06348266583306887,0.07732869515064955,0.06605213617167403,0.09440466237766527,0.09633431758390389,)
88	907969160431187	45565	5	(511:164[0.12999999999999998],533:187[0.17],544:19[0.08999999999999997],552:64[0.22000000000000006],559:71[0.2],)	505	-255.42000000000002	-608.9103564356434	-15001.0	20	17.95	30	10	(0.08997799414961777,0.11460848577145792,0.0698045529033415,0.0877369564216492,0.11022144334940799,)
89	908352382556761	46065	5	(511:45[0.11999999999999998],533:60[0.16],544:177[0.09999999999999996],552:81[0.23000000000000007],559:142[0.21000000000000002],)	505	-255.42000000000002	-720.9940792079208	-15001.0	20	17.99	29	9	(0.07487490273669146,0.10153088450370339,0.06634697983843485,0.06711445700599461,0.08520195323707183,)
90	908658421123430	46565	5	(511:124[0.12999999999999998],533:19[0.17],544:80[0.08999999999999997],552:129[0.24000000000000007],559:153[0.2],)	505	-255.42000000000002	-643.1729702970297	-14984.37	20	17.236	30	9	(0.10204512610674055,0.09291046928787228,0.06590389570975753,0.10678943097940267,0.07991090558810061,)
91	908993316993748	47065	5	(511:33[0.11999999999999998],533:171[0.18000000000000002],544:72[0.09999999999999996],552:78[0.23000000000000007],559:151[0.19],)	505	-255.42000000000002	-918.781108910891	-14963.96	20	15.87	30	11	(0.05715691640486869,0.1117457439610327,0.05532180514950138,0.09929898840461646,0.10882162244717246,)
92	909269900334068	47565	5	(511:60[0.12999999999999998],533:185[0.17],544:115[0.10999999999999996],552:89[0.24000000000000007],559:56[0.18],)	505	-254.95999999999998	-668.0772673267326	-14986.64	25	16.974	31	10	(0.08113353876526032,0.06397127543989647,0.04595537280172877,0.03566280896816448,0.10722648624104203,)
93	909510133428157	48065	5	(511:105[0.13999999999999999],533:164[0.16],544:77[0.09999999999999996],552:59[0.25000000000000006],559:100[0.19],)	505	-254.95999999999998	-544.6972475247525	-14945.01	25	17.272	31	9	(0.061364714262842665,0.061794889941106046,0.05775281804993278,0.06419170046467072,0.09003348299802263,)
94	909794470669371	48565	5	(511:131[0.12999999999999998],533:160[0.15],544:94[0.10999999999999996],552:46[0.26000000000000006],559:74[0.18],)	505	-254.95999999999998	-647.0663960396038	-15001.0	25	17.622	31	10	(0.07710696097961935,0.06305724294903339,0.04531463774309876,0.06140685266399543,0.0829050018249641,)
95	910019642062949	49065	5	(511:57[0.11999999999999998],533:102[0.13999999999999999],544:70[0.11999999999999995],552:160[0.2700000000000001],559:116[0.19],)	505	-254.95999999999998	-496.9645544554456	-15001.0	25	17.292	31	9	(0.07434497460840157,0.06725503785321285,0.05295353588733279,0.04460369323700256,0.0636361340964821,)
96	910278137052546	49565	5	(511:93[0.12999999999999998],533:149[0.12999999999999998],544:100[0.12999999999999995],552:55[0.26000000000000006],559:108[0.18],)	505	-254.95999999999998	-519.8719801980197	-14942.0	25	18.032	31	8	(0.08584544970682621,0.04712790791639331,0.08194008642840313,0.11006805469948448,0.10351930018097401,)
97	910501050835724	50065	5	(511:73[0.13999999999999999],533:116[0.11999999999999998],544:84[0.11999999999999995],552:60[0.2700000000000001],559:172[0.16999999999999998],)	505	-254.95999999999998	-448.28126732673275	-14910.74	25	17.646	31	9	(0.07498934050070562,0.06431814464339816,0.07596258059401005,0.13231698400884648,0.10572985251569145,)
98	910811138502034	50565	5	(511:107[0.15],533:177[0.10999999999999999],544:93[0.12999999999999995],552:36[0.2800000000000001],559:92[0.15999999999999998],)	505	-254.95999999999998	-624.5442178217821	-15001.0	25	17.674	32	8	(0.10011738305875154,0.058389436004956045,0.04032299898465122,0.137397505613868,0.059399441852668364,)
99	911133810072223	51065	5	(511:69[0.13999999999999999],533:90[0.09999999999999999],544:106[0.13999999999999996],552:114[0.2900000000000001],559:126[0.16999999999999998],)	505	-254.95999999999998	-669.3051287128712	-15001.0	25	17.65	32	8	(0.05856030026242,0.07331915908451857,0.07403357482137396,0.05743428446738216,0.08206089697911716,)
100	911378503048059	51565	5	(511:112[0.15],533:150[0.10999999999999999],544:106[0.12999999999999995],552:66[0.2800000000000001],559:71[0.15999999999999998],)	505	-254.95999999999998	-516.2550891089109	-14871.01	25	17.912	32	8	(0.09598096312097625,0.051701881731926344,0.06167434536382006,0.06093958540646138,0.08823015511338377,)
101	911767050957776	52074	4	(533:97[0.09999999999999999],544:113[0.11999999999999995],552:153[0.2900000000000001],559:142[0.16999999999999998],)	505	-254.95999999999998	-774.8998613861386	-15001.0	25	17.898	33	10	(0.0466415592479251,0.061774173450433456,0.10664044423807188,0.08404209057355568,)
102	912135080182905	52574	4	(533:208[0.10999999999999999],544:119[0.12999999999999995],552:82[0.2800000000000001],559:95[0.15999999999999998],)	504	-254.95999999999998	-669.1516269841275	-15001.0	25	18.042	34	10	(0.04829141327296192,0.07983005963693417,0.1359040806367493,0.09881684408819143,)
103	912509693551118	53074	4	(533:193[0.09999999999999999],544:154[0.13999999999999996],552:67[0.2900000000000001],559:90[0.16999999999999998],)	504	-254.95999999999998	-630.494662698413	-14947.39	25	18.95	34	9	(0.053461876879485906,0.05044726071986595,0.07519555041032588,0.10986965602383175,)
104	912820697252015	53574	4	(533:142[0.09],544:153[0.12999999999999995],552:122[0.3000000000000001],559:87[0.18],)	504	-253.97	-533.2730753968254	-14912.02	17	18.818	35	10	(0.04471258804412426,0.0752738525249367,0.11299527741862554,0.112023820946064,)
105	913137350430553	54074	4	(533:154[0.08],544:130[0.11999999999999995],552:110[0.3100000000000001],559:110[0.19],)	504	-253.97	-569.6842261904762	-14904.26	17	18.126	36	10	(0.05395430132544499,0.049314510163526656,0.09873693614510576,0.10404744039320495,)
106	913433900228263	54574	4	(533:127[0.07],544:52[0.10999999999999996],552:151[0.3200000000000001],559:174[0.2],)	504	-253.97	-565.0924404761904	-14993.92	17	17.79	35	10	(0.04405454760481565,0.09270928129973946,0.10765625708248303,0.10370870015257949,)
107	913945431927781	55074	4	(533:116[0.060000000000000005],544:17[0.11999999999999995],552:206[0.3100000000000001],559:165[0.19],)	504	-253.97	-905.3480357142855	-15001.0	17	18.264	36	10	(0.048169522719504594,0.09762316905457459,0.07704447093325535,0.11931652613487669,)
108	914250769529371	55574	4	(533:132[0.07],544:80[0.12999999999999995],552:209[0.3000000000000001],559:83[0.18],)	504	-253.97	-579.7021626984127	-14994.1	17	18.134	35	10	(0.049435622496952075,0.055572681244286735,0.0924784730913855,0.13007117834684825,)
109	914644486690825	56074	4	(533:53[0.060000000000000005],544:281[0.13999999999999996],552:103[0.2900000000000001],559:67[0.19],)	504	-253.97	-812.50373015873	-15001.0	17	17.14	30	10	(0.04263961529781835,0.05235609834828436,0.10381505406627875,0.08165359150438063,)
110	915022815778959	56574	4	(533:109[0.07],544:174[0.12999999999999995],552:36[0.3000000000000001],559:185[0.2],)	504	-253.97	-741.8657142857145	-14980.43	17	16.976	31	9	(0.040673233047754415,0.060557369070492494,0.13374993131177645,0.12239892017721973,)
111	915463416096759	57081	4	(533:86[0.08],544:137[0.11999999999999995],552:73[0.3100000000000001],559:208[0.19],)	504	-253.97	-883.4610317460318	-14999.31	17	17.37	31	10	(0.04846933823442904,0.05059288100128123,0.07990933245113617,0.12447438046322835,)
112	915787364758940	57581	4	(533:118[0.09],544:112[0.10999999999999996],552:195[0.3200000000000001],559:79[0.18],)	504	-253.97	-593.8062698412699	-14950.76	17	19.0	32	10	(0.06114850962471186,0.05901198278290648,0.08387670446864329,0.09499949303937141,)
113	916114587882906	58081	4	(533:191[0.09999999999999999],544:126[0.11999999999999995],552:137[0.3100000000000001],559:50[0.19],)	504	-253.97	-695.7010714285714	-15001.0	17	17.796	33	10	(0.05081027662476208,0.04638750363893354,0.057526792270800486,0.11034573768646792,)
114	916411138287026	58581	4	(533:118[0.09],544:171[0.10999999999999996],552:94[0.3000000000000001],559:121[0.2],)	504	-253.97	-583.2053174603175	-14967.96	17	17.55	32	10	(0.05824371882250036,0.058361252395147604,0.05120916537856335,0.11592289323819244,)
115	916765059269574	59081	4	(533:206[0.09999999999999999],544:42[0.09999999999999996],552:215[0.3100000000000001],559:41[0.21000000000000002],)	504	-253.97	-634.914900793651	-15001.0	17	19.026	32	10	(0.054839493216400116,0.054968961173600894,0.07499319269192271,0.10308693447860658,)
116	917081151739781	59581	4	(533:130[0.09],544:211[0.10999999999999996],552:91[0.3000000000000001],559:72[0.22000000000000003],)	504	-253.97	-613.9541666666668	-15001.0	17	18.096	31	10	(0.05606767620092217,0.05415139692742571,0.0487308784747679,0.10083812305343343,)
117	917471057530704	60081	4	(533:82[0.08],544:163[0.09999999999999996],552:156[0.3100000000000001],559:103[0.23000000000000004],)	504	-253.97	-641.3859523809525	-14961.18	17	18.654	31	12	(0.05786886051248785,0.05772274069263292,0.06966795977653452,0.09477182989279886,)
118	917852888306143	60594	3	(533:159[0.09],552:247[0.3000000000000001],559:98[0.24000000000000005],)	504	-253.97	-624.5280952380955	-15001.0	17	19.62	31	11	(0.05866875661454239,0.08257852849007032,0.09561990803991356,)
119	918188084442872	61094	3	(533:137[0.09999999999999999],552:195[0.2900000000000001],559:171[0.25000000000000006],)	503	-253.97	-577.8223260437376	-14941.34	17	19.19	32	10	(0.07391109803826906,0.07464436137215132,0.06590190809294232,)
120	918568613862700	61594	3	(533:171[0.10999999999999999],552:171[0.2800000000000001],559:161[0.24000000000000005],)	503	-253.97	-644.7237375745526	-14949.14	17	19.356	33	10	(0.07669514819621942,0.05652465799357795,0.08857324337171987,)
121	918857574745700	62094	3	(533:194[0.09999999999999999],552:204[0.2700000000000001],559:105[0.25000000000000006],)	503	-253.97	-449.596938369781	-14927.64	17	19.74	33	10	(0.05871345824619803,0.0707750508696896,0.06585004019307757,)
122	919197576193351	62594	3	(533:171[0.09],552:210[0.26000000000000006],559:122[0.26000000000000006],)	503	-253.97	-579.0716103379723	-15001.0	17	20.298	34	9	(0.06164446486067072,0.10287959486912512,0.09362948918012204,)
123	919542702677105	63094	3	(533:142[0.08],552:212[0.25000000000000006],559:149[0.2700000000000001],)	503	-253.97	-580.2141749502982	-15001.0	17	19.812	33	12	(0.05818321205718188,0.0777106618836979,0.11433107886158994,)
124	919882661839219	63594	3	(533:107[0.09],552:241[0.24000000000000005],559:155[0.2800000000000001],)	503	-253.97	-554.3050099403581	-14827.56	17	19.708	32	11	(0.05798286044197086,0.07744577642694063,0.06845045378978795,)
125	920271118658701	64094	3	(533:258[0.09999999999999999],552:155[0.23000000000000004],559:90[0.2900000000000001],)	503	-253.97	-637.1674751491054	-14957.36	17	19.872	32	10	(0.06470117014803957,0.06761209467367905,0.07473185839775162,)
126	920592185187894	64594	3	(533:183[0.09],552:190[0.24000000000000005],559:130[0.3000000000000001],)	503	-253.97	-464.55612326043735	-14965.54	17	20.798	33	10	(0.055932681863887466,0.07361398099946422,0.09122767415859742,)
127	921029144250020	65094	3	(533:161[0.08],552:166[0.23000000000000004],559:176[0.3100000000000001],)	503	-253.97	-634.6762624254474	-15001.0	17	20.714	33	10	(0.06207120805374571,0.10876694806661749,0.0845368162197639,)
128	921630300858047	65594	3	(533:132[0.09],552:245[0.22000000000000003],559:126[0.3000000000000001],)	503	-253.97	-831.2662027833006	-15001.0	17	21.284	33	9	(0.06796654570617398,0.07608222309280352,0.07592114943767495,)
129	921969278986923	66094	3	(533:156[0.09999999999999999],552:181[0.21000000000000002],559:166[0.3100000000000001],)	503	-253.97	-548.5251292246521	-14952.25	17	20.79	34	11	(0.07190752134150069,0.0675179186697032,0.07092987747702259,)
130	922305929122204	66594	3	(533:138[0.10999999999999999],552:249[0.2],559:116[0.3000000000000001],)	503	-253.97	-496.29208747514906	-14944.16	17	20.97	35	11	(0.07634246464106237,0.07762884329808795,0.05139340375477318,)
131	922736776344000	67094	3	(533:253[0.11999999999999998],552:145[0.19],559:105[0.3100000000000001],)	503	-253.97	-681.0337574552681	-14993.33	17	20.628	36	10	(0.06991939586847867,0.05962613735699128,0.0839280742530148,)
132	923225169925418	67594	3	(533:195[0.10999999999999999],552:133[0.2],559:175[0.3200000000000001],)	503	-253.97	-770.2470178926441	-15001.0	17	20.448	36	10	(0.06531012182341438,0.06911209149757369,0.05949549258867541,)
133	923616376154551	68094	3	(533:156[0.09999999999999999],552:232[0.21000000000000002],559:115[0.3100000000000001],)	503	-253.97	-544.6765208747513	-14903.36	17	21.528	32	10	(0.07314618007857288,0.10969390642097708,0.07220649644716577,)
134	924062932874751	68594	3	(533:242[0.10999999999999999],552:159[0.2],559:102[0.3200000000000001],)	503	-253.97	-586.5165805168987	-14911.75	17	21.372	33	10	(0.06693895946794363,0.06420836628557103,0.06478305662973838,)
135	924464382477428	69094	3	(533:174[0.09999999999999999],552:265[0.21000000000000002],559:64[0.3300000000000001],)	503	-253.97	-556.8667793240554	-15001.0	17	22.368	34	12	(0.06624805366057117,0.09462713494511896,0.05800163012143773,)
136	924931228418187	69594	3	(533:120[0.09],552:237[0.2],559:146[0.34000000000000014],)	503	-252.51	-698.897912524851	-15001.0	16	21.468	34	12	(0.06836222818713655,0.08701325945898303,0.04821809822626658,)
137	925479487240971	70094	3	(533:131[0.09999999999999999],552:253[0.19],559:119[0.35000000000000014],)	503	-252.51	-730.4826043737578	-14977.11	16	21.8	33	12	(0.08606894486923838,0.08384752012709501,0.04153039537127558,)
138	925817870776281	70594	3	(533:254[0.10999999999999999],552:105[0.18],559:144[0.36000000000000015],)	503	-252.51	-507.8943737574551	-14936.92	16	21.186	33	13	(0.0666666316541813,0.04928889299082238,0.04615806688156031,)
139	926278179754899	71094	3	(533:171[0.09999999999999999],552:119[0.19],559:213[0.37000000000000016],)	503	-252.51	-675.7263419483099	-15001.0	16	20.398	34	12	(0.06867169195775034,0.06277498494536,0.038904212374584204,)
140	926721340646031	71594	3	(533:117[0.09],552:289[0.2],559:97[0.36000000000000015],)	503	-252.51	-650.8553876739564	-14964.11	16	21.854	33	11	(0.06818046866932621,0.08985755258830862,0.05850574543830625,)
141	927182951047212	72094	3	(533:241[0.09999999999999999],552:184[0.19],559:78[0.37000000000000016],)	503	-252.51	-716.2420477137179	-14959.16	16	21.192	34	10	(0.06183586424385455,0.07275053988867498,0.05521653676631031,)
142	927635530887778	72594	3	(533:155[0.09],552:228[0.18],559:120[0.38000000000000017],)	503	-252.51	-621.0747117296223	-15001.0	16	20.74	33	11	(0.052809967658442133,0.05724235788584301,0.04537198464601821,)
143	928055636819464	73094	3	(533:249[0.09999999999999999],552:122[0.16999999999999998],559:132[0.3900000000000002],)	503	-252.51	-633.8120874751492	-15001.0	16	21.428	34	11	(0.05341709588384098,0.07168517836511822,0.05517496723996312,)
144	928377189979642	73594	3	(533:88[0.09],552:255[0.18],559:160[0.4000000000000002],)	503	-252.51	-516.1740159045726	-14908.32	16	20.602	33	10	(0.053181654388092234,0.06726998311790396,0.04465645499619971,)
145	928810202597226	74094	3	(533:71[0.09999999999999999],552:256[0.16999999999999998],559:176[0.4100000000000002],)	503	-252.51	-613.9086878727634	-14918.53	16	21.372	34	9	(0.08680748278149472,0.07222157122626933,0.04979100043069167,)
146	929243179002146	74594	3	(533:282[0.10999999999999999],552:70[0.15999999999999998],559:151[0.4000000000000002],)	503	-252.51	-595.5592047713718	-14968.72	16	22.276	35	10	(0.049479184472695496,0.06450681682430874,0.06653888736298451,)
147	929598357534287	75094	3	(533:165[0.09999999999999999],552:191[0.16999999999999998],559:147[0.4100000000000002],)	503	-252.51	-557.6704373757455	-15001.0	16	21.116	34	9	(0.0538260997844812,0.05423129981007082,0.06301191685024496,)
148	929975054606292	75594	3	(533:196[0.10999999999999999],552:169[0.15999999999999998],559:138[0.4200000000000002],)	503	-252.51	-562.1505964214712	-14942.54	16	21.596	34	9	(0.061373394225961685,0.05659043174491889,0.03872741239929665,)
149	930430145169495	76094	3	(533:186[0.09999999999999999],552:198[0.14999999999999997],559:119[0.4300000000000002],)	503	-252.51	-649.62634194831	-15001.0	16	21.812	34	13	(0.057861932124399315,0.07864984442324216,0.11648525390506802,)
