alpha = 0.15
gamma = 1.0
lambda = 0.6
epsilon = 0.3
randomSeed = 1212
GREAT!
Xover: 4
---- Evolution parameters ----
Folder name:          NMSarsa_Maze/run_821643908689472
Random seed:          1212
GREAT activated:      true
Max iterations:       150
Population size:      500
GREAT initialization  true
Speciation threshold: 0.15
Species min size:     15
Tournament size:      3
Crossover rate:       0.2
Mutation rate:        0.8
Crossovers:
	AligningCrossover_v4(0.15)
Mutations:
	AddGeneMutation(maxSize=2147483647, prob=0.33)
	DeleteGeneMutation(minSize=8, prob=0.33)
	ChangeGeneMutation(prob=0.33)
------------------------------

---- Starting evolution ----
IT	Nanotime	#Eval	#Species	Species size	PopSize	Best	Avg	Worst	Best GRN Size	Avg GRN size	Max GRN size	Min GRN size	Species avgdist2rep
0	823361452964638	997	1	(470:499[0.15],)	499	-64.23	-6170.835931863726	-10000.0	8	9.574	13	8	(0.08478377391939633,)
1	823904135312909	1502	2	(470:308[0.16],471:193[0.15],)	501	-63.04	-3420.6565269461066	-10000.0	10	10.082	13	8	(0.07476179226857117,0.0743058845659234,)
2	824233274321645	2002	2	(470:81[0.15],471:421[0.16],)	502	-60.85	-2104.580577689243	-10000.0	9	10.184	14	8	(0.06649360458651517,0.07024959270482102,)
3	824490785801936	2502	2	(470:273[0.16],471:229[0.15],)	502	-59.77	-1805.2814541832672	-10000.0	11	9.702	14	8	(0.061997411312109174,0.0613943873091004,)
4	824713712384036	3002	2	(470:423[0.15],471:79[0.16],)	502	-53.29	-1576.7531673306764	-10000.0	12	9.518	14	8	(0.05313334510436569,0.06032043380508974,)
5	824978453106968	3502	3	(470:46[0.13999999999999999],471:421[0.17],473:35[0.15],)	502	-48.03	-1683.0653187250998	-10000.0	10	10.244	14	8	(0.061523619163725896,0.06313540851519593,0.08553122291779744,)
6	825223654410543	4008	3	(470:315[0.15],471:77[0.16],473:111[0.16],)	503	-48.03	-1540.3279721669971	-10000.0	10	9.984	14	8	(0.06293115929461554,0.07238525638304166,0.0739861435452492,)
7	825414911011947	4512	5	(470:121[0.13999999999999999],471:22[0.17],473:296[0.17],475:42[0.15],477:22[0.15],)	503	-48.0	-1258.330477137177	-10000.0	9	9.732	15	8	(0.08598057915469572,0.051976592466047244,0.059809043185604295,0.08434189725853414,0.08720462778432501,)
8	825623961778349	5012	5	(470:44[0.12999999999999998],471:49[0.18000000000000002],473:35[0.16],475:188[0.16],477:189[0.16],)	505	-46.08	-1256.416495049505	-10000.0	10	10.236	15	8	(0.06085209200408466,0.04313096615386269,0.07554118587482601,0.06513393915531075,0.06348665491995256,)
9	825892384598599	5512	5	(470:93[0.13999999999999999],471:65[0.19000000000000003],473:221[0.17],475:91[0.15],477:35[0.15],)	505	-46.08	-1796.0468910891086	-10000.0	10	9.854	14	8	(0.0795201834729809,0.06808153467957029,0.056680666335229966,0.07329586252971643,0.06966592888261834,)
10	826139900153975	6012	5	(470:259[0.15],471:36[0.20000000000000004],473:56[0.16],475:50[0.16],477:104[0.16],)	505	-43.17	-1658.7054455445545	-10000.0	9	10.02	15	8	(0.07334337707463079,0.07056810777451811,0.07478156011938493,0.10596614035843838,0.07616349503552514,)
11	826355166480972	6512	4	(470:47[0.13999999999999999],473:89[0.17],475:151[0.17],477:218[0.15],)	505	-43.17	-1380.6434851485149	-10000.0	9	10.182	16	8	(0.06419546704926903,0.08290227476014096,0.08048184407180672,0.06957210908260515,)
12	826695733267880	7021	5	(470:267[0.15],473:43[0.18000000000000002],475:115[0.16],477:53[0.13999999999999999],478:26[0.15],)	504	-39.76	-2405.4487301587315	-10000.0	9	9.726	15	8	(0.06294537014169402,0.11246437176577072,0.09439964486766293,0.07140006562724409,0.07809704956531896,)
13	827012402065394	7524	6	(470:104[0.13999999999999999],473:106[0.19000000000000003],475:34[0.15],477:29[0.15],478:197[0.16],482:35[0.15],)	505	-39.76	-2339.0405346534653	-10000.0	9	9.162	15	8	(0.07928403754274779,0.07510176942053484,0.08434250423443815,0.05663632749817288,0.061688134256259686,0.09137240019266905,)
14	827371465769219	8024	7	(470:193[0.12999999999999998],473:135[0.18000000000000002],475:63[0.16],477:16[0.16],478:53[0.15],482:20[0.16],484:26[0.15],)	506	-39.76	-2498.6330039525687	-10000.0	9	9.426	13	8	(0.054628777072058925,0.08123910228748407,0.07985931157293288,0.06496821429143335,0.059282861449271654,0.07989606340927491,0.08344250296890984,)
15	827636657026831	8524	7	(470:215[0.11999999999999998],473:61[0.17],475:25[0.17],477:69[0.17],478:46[0.16],482:59[0.17],484:32[0.16],)	507	-39.76	-1827.3097238658777	-10000.0	9	9.53	14	8	(0.06956383911749213,0.0641758944758458,0.06746143020171885,0.04566947140507015,0.058715843818799254,0.07724027246389328,0.05560081291415495,)
16	827944154062585	9024	7	(470:96[0.10999999999999999],473:46[0.18000000000000002],475:31[0.18000000000000002],477:26[0.18000000000000002],478:74[0.17],482:201[0.18000000000000002],484:33[0.17],)	507	-39.76	-2190.7696646942804	-10000.0	9	9.424	14	8	(0.08206594154306822,0.08348505998005007,0.09541071477796248,0.08757914786408519,0.06309320549531554,0.09177857423331466,0.07259698359053192,)
17	828629817956866	9524	8	(470:67[0.09999999999999999],473:77[0.19000000000000003],475:77[0.19000000000000003],477:40[0.19000000000000003],478:53[0.16],482:95[0.17],484:69[0.18000000000000002],485:29[0.15],)	507	-39.65	-5056.268461538462	-10000.0	9	9.14	13	8	(0.04385856136868147,0.08071332399482653,0.05856822747051303,0.09897281972876187,0.0907540200868118,0.06008876791319118,0.08952926861889546,0.0487377760812112,)
18	829327453948489	10035	7	(470:146[0.09],473:84[0.18000000000000002],475:67[0.18000000000000002],477:56[0.20000000000000004],482:95[0.16],484:24[0.17],485:36[0.16],)	508	-39.65	-4861.834665354329	-10000.0	9	9.326	14	8	(0.03679525388756234,0.10621003109181412,0.07334307042806394,0.10915368374624883,0.06942551568437895,0.06910209247104775,0.07934727738436476,)
19	829884515929754	10548	9	(470:60[0.08],473:24[0.17],475:50[0.19000000000000003],477:41[0.21000000000000005],482:112[0.15],484:32[0.18000000000000002],487:116[0.15],488:22[0.15],490:50[0.15],)	507	-39.65	-3910.5158382642994	-10000.0	9	9.272	15	8	(0.0553001035140355,0.12935086325851566,0.09092306901172083,0.10186391115925565,0.08356826569336427,0.14118870920735815,0.09403236540294428,0.05980829010981534,0.11110956388537659,)
20	830468205067119	11071	8	(470:74[0.07],473:22[0.18000000000000002],475:19[0.20000000000000004],477:27[0.22000000000000006],482:136[0.13999999999999999],484:84[0.19000000000000003],487:70[0.13999999999999999],488:77[0.16],)	509	-39.65	-3779.4112770137526	-10000.0	9	9.414	15	8	(0.042579967442006615,0.09973642633849576,0.0829237516099353,0.10990608044548612,0.0737336231026938,0.05878538012865038,0.07762249299874384,0.08386258941067791,)
21	830941957203457	11571	8	(470:61[0.060000000000000005],473:40[0.19000000000000003],475:56[0.21000000000000005],477:22[0.23000000000000007],482:18[0.12999999999999998],484:187[0.18000000000000002],487:32[0.12999999999999998],488:92[0.15],)	508	-39.65	-2951.034842519685	-10000.0	9	9.546	14	8	(0.039721953110958004,0.059115652445088984,0.10581492355544632,0.08708956190805958,0.10232074562982249,0.06747793621943005,0.06492963948694747,0.07874363781998535,)
22	831454701715289	12078	8	(470:169[0.07],473:43[0.20000000000000004],475:48[0.22000000000000006],477:39[0.24000000000000007],482:108[0.13999999999999999],484:27[0.17],487:46[0.13999999999999999],488:28[0.13999999999999999],)	508	-39.65	-2807.9390157480316	-10000.0	9	9.972	14	8	(0.04707510049222141,0.07163166593169946,0.1345666348695038,0.11414092183570301,0.07312441273150314,0.12421779021153222,0.07279374635268879,0.08487424799290534,)
23	831841583638979	12591	7	(473:65[0.21000000000000005],475:146[0.23000000000000007],477:18[0.25000000000000006],482:61[0.12999999999999998],484:155[0.18000000000000002],487:23[0.15],488:40[0.15],)	508	-39.65	-1977.3125	-10000.0	9	10.47	14	8	(0.09101610405996363,0.05612892782783672,0.0994770555547622,0.08322068799910091,0.05359162922803364,0.07312320389697102,0.11307308156785774,)
24	832059681030174	13091	7	(473:45[0.22000000000000006],475:137[0.22000000000000006],477:38[0.26000000000000006],482:31[0.13999999999999999],484:57[0.17],487:104[0.16],488:95[0.16],)	507	-39.65	-1302.0715384615385	-10000.0	9	10.108	15	8	(0.08051099673703918,0.07468034406426051,0.09058906432835472,0.0658367977220445,0.08151879937422003,0.05718829298705952,0.07128586776430339,)
25	832302900170854	13603	6	(473:120[0.23000000000000007],475:103[0.21000000000000005],482:51[0.15],484:80[0.18000000000000002],487:36[0.15],488:117[0.15],)	507	-39.65	-1447.3322090729785	-10000.0	9	9.94	16	8	(0.10519522235937886,0.08548604052206167,0.06784137869461121,0.0692899944035867,0.09501409016849223,0.07823332746752786,)
26	832599189528669	14115	7	(473:49[0.22000000000000006],475:76[0.20000000000000004],482:132[0.16],484:143[0.19000000000000003],487:23[0.16],488:56[0.13999999999999999],498:27[0.15],)	506	-39.25	-1782.9132411067194	-10000.0	11	10.254	16	8	(0.11956798792072972,0.12880250307301533,0.07459753368774967,0.09158264055933159,0.10991743078255346,0.083991803928695,0.07155544167533882,)
27	832821398914622	14625	7	(473:31[0.23000000000000007],475:22[0.19000000000000003],482:66[0.15],484:124[0.18000000000000002],487:42[0.17],488:125[0.15],498:97[0.16],)	507	-37.95	-1374.1865088757397	-10000.0	11	10.126	16	8	(0.10245603032867094,0.11425317633765734,0.08376168774263473,0.08259550669761292,0.08016482668401467,0.1030483361761303,0.0647888308656961,)
28	833067981084804	15125	7	(473:129[0.24000000000000007],475:28[0.20000000000000004],482:58[0.16],484:106[0.17],487:70[0.18000000000000002],488:47[0.13999999999999999],498:69[0.15],)	507	-37.95	-1596.3509072978302	-10000.0	11	10.018	15	8	(0.09055385863741773,0.09816232637174056,0.06471156732083547,0.07704017721027356,0.10341885372836743,0.09697080674647912,0.07989868342439575,)
29	833270340096907	15638	7	(473:52[0.23000000000000007],475:42[0.21000000000000005],482:132[0.17],484:48[0.16],487:77[0.19000000000000003],488:71[0.15],498:85[0.16],)	507	-37.95	-1212.5998027613414	-10000.0	11	10.282	15	8	(0.09671652160122189,0.09415103426237753,0.07236507805059852,0.07754337840815125,0.08055500954038974,0.1013819817839239,0.10262729607950775,)
30	833494732237047	16146	6	(473:81[0.24000000000000007],475:153[0.22000000000000006],484:115[0.17],487:31[0.18000000000000002],488:60[0.13999999999999999],498:67[0.15],)	507	-37.95	-1286.9080276134123	-10000.0	11	10.218	15	8	(0.08674058632804599,0.07672393495563791,0.06289227334414328,0.08807104634847145,0.0884625723225845,0.09805553087473778,)
31	833809945515664	16654	6	(473:124[0.25000000000000006],475:59[0.21000000000000005],484:104[0.16],487:75[0.19000000000000003],488:96[0.15],498:48[0.16],)	506	-37.76	-1782.3346047430832	-10000.0	11	10.418	15	8	(0.08443279872533353,0.07703612268290704,0.08034996585419323,0.08164763888852225,0.09725272727530447,0.09212561270396742,)
32	834087029154302	17157	6	(473:91[0.24000000000000005],475:18[0.22000000000000006],484:102[0.15],487:201[0.20000000000000004],488:55[0.13999999999999999],498:39[0.17],)	506	-36.83	-1693.5812055335966	-10000.0	9	10.34	15	8	(0.08685508420160454,0.08200961824344133,0.09637476455581526,0.08503260469184513,0.0806266929392381,0.1041126177405354,)
33	834378272389349	17683	6	(473:39[0.23000000000000004],475:108[0.23000000000000007],484:91[0.13999999999999999],487:115[0.19000000000000003],498:128[0.18000000000000002],508:25[0.15],)	506	-36.79	-1647.287648221344	-10000.0	11	10.324	15	8	(0.1188745039572559,0.07569019953533156,0.08155106068415592,0.09910752892593928,0.10940060712587776,0.10765109642903052,)
34	834634788870904	18183	6	(473:96[0.24000000000000005],475:175[0.22000000000000006],484:98[0.12999999999999998],487:41[0.18000000000000002],498:27[0.17],508:69[0.16],)	506	-36.79	-1459.1738735177867	-10000.0	11	10.536	15	8	(0.06637202547737213,0.08769225193739856,0.042395922274389646,0.1187516473868648,0.09612627904893555,0.09580862227525049,)
35	834904812877925	18686	6	(473:43[0.23000000000000004],475:58[0.21000000000000005],484:143[0.11999999999999998],487:33[0.19000000000000003],498:48[0.18000000000000002],508:181[0.17],)	506	-36.79	-1425.3082608695652	-10000.0	11	11.11	16	8	(0.09502332948999542,0.07792884531371609,0.05768485962197545,0.08570840240648604,0.10398995499720161,0.05053875112028688,)
36	835165273298874	19186	6	(473:73[0.24000000000000005],475:98[0.22000000000000006],484:80[0.10999999999999999],487:61[0.20000000000000004],498:144[0.19000000000000003],508:50[0.16],)	506	-36.79	-1603.297648221344	-10000.0	11	10.408	16	8	(0.08822363082651193,0.06974821669446188,0.05441527322481278,0.09101836021985489,0.09420559277228284,0.07931483522380596,)
37	835445579797594	19686	6	(473:177[0.25000000000000006],475:113[0.21000000000000005],484:79[0.11999999999999998],487:58[0.21000000000000005],498:19[0.18000000000000002],508:60[0.17],)	506	-36.79	-1614.6260869565217	-10000.0	11	10.546	16	8	(0.10360453857948333,0.08952060440913333,0.08119744938171844,0.09477183830274968,0.10135809771952427,0.09157967880501892,)
38	835764084759866	20186	6	(473:201[0.24000000000000005],475:107[0.20000000000000004],484:82[0.12999999999999998],487:17[0.22000000000000006],498:54[0.19000000000000003],508:45[0.18000000000000002],)	506	-35.56	-2080.3898814229256	-10000.0	10	10.132	16	8	(0.11061181179437667,0.12507722135686286,0.09518223450547539,0.09737700837712011,0.0979233197823402,0.08893854979798232,)
39	836357454799641	20686	6	(473:87[0.23000000000000004],475:27[0.19000000000000003],484:40[0.13999999999999999],487:257[0.23000000000000007],498:42[0.20000000000000004],508:53[0.19000000000000003],)	506	-35.27	-4109.735592885377	-10000.0	10	9.656	15	8	(0.09883233747588487,0.08955532484542686,0.07245760495703292,0.0871992178996722,0.09804807193594552,0.10384552079434754,)
40	836732465267238	21186	6	(473:46[0.22000000000000003],475:125[0.20000000000000004],484:35[0.15],487:250[0.22000000000000006],498:34[0.21000000000000005],508:16[0.20000000000000004],)	506	-35.27	-2515.8975296442686	-10000.0	10	9.668	16	8	(0.08549872168211622,0.08757462863869354,0.08642808353803905,0.10834311653503949,0.12241313149131174,0.09930862617001118,)
41	836968462790240	21686	7	(473:15[0.23000000000000004],475:131[0.19000000000000003],484:41[0.16],487:151[0.21000000000000005],498:84[0.22000000000000006],508:63[0.21000000000000005],510:21[0.15],)	506	-35.27	-1526.7965217391302	-10000.0	10	9.712	15	8	(0.12460959222363398,0.09845196940544283,0.08307336152192094,0.07381374166457104,0.11483782709095151,0.09079714471291299,0.10731618180468863,)
42	837257289862741	22186	8	(473:29[0.24000000000000005],475:86[0.18000000000000002],484:120[0.17],487:40[0.20000000000000004],498:79[0.21000000000000005],508:92[0.22000000000000006],510:18[0.16],511:43[0.15],)	507	-35.27	-1904.4546942800782	-10000.0	10	9.698	16	8	(0.09936036935041292,0.11704378080471661,0.10239417898995848,0.11337185241694629,0.12965188061351599,0.08503880654295573,0.09324364448317703,0.0696852125076496,)
43	837937269500864	22686	8	(473:154[0.25000000000000006],475:100[0.17],484:46[0.16],487:25[0.21000000000000005],498:53[0.20000000000000004],508:71[0.21000000000000005],510:25[0.17],511:34[0.16],)	508	-35.27	-4715.105216535431	-10000.0	10	9.664	16	8	(0.10455382559367712,0.11317151300606666,0.06415174995854091,0.15543521563372314,0.07049187632410502,0.1053116330339352,0.11342709073068116,0.10536040567085907,)
44	838493256547661	23204	7	(473:76[0.24000000000000005],475:171[0.16],484:58[0.17],487:71[0.22000000000000006],498:77[0.21000000000000005],508:21[0.20000000000000004],511:34[0.17],)	508	-35.27	-3625.3352165354336	-10000.0	10	9.66	16	8	(0.08433396294366363,0.10996420349778602,0.08529793031088906,0.10643813600891418,0.10251887856031973,0.11935815461599655,0.07636350243115629,)
45	839226148348336	23716	6	(473:239[0.23000000000000004],475:108[0.15],487:29[0.21000000000000005],498:62[0.20000000000000004],508:36[0.21000000000000005],511:33[0.18000000000000002],)	507	-35.27	-4887.130966469429	-10000.0	10	9.64	16	8	(0.10464164094280866,0.10695494049795408,0.09870528231528274,0.13285399550956192,0.12880437840070605,0.10917145034596433,)
46	839732327565498	24216	6	(473:153[0.22000000000000003],475:99[0.13999999999999999],487:31[0.22000000000000006],498:85[0.21000000000000005],508:106[0.22000000000000006],511:32[0.19000000000000003],)	506	-35.27	-3395.3239920948604	-10000.0	10	10.038	16	8	(0.09583216663165814,0.08826904104709352,0.12015914003740281,0.09448178461671901,0.11112519373038857,0.14141589922027792,)
47	840170623130174	24716	6	(473:219[0.21000000000000002],475:48[0.12999999999999998],487:97[0.23000000000000007],498:60[0.20000000000000004],508:63[0.21000000000000005],511:19[0.20000000000000004],)	506	-35.27	-2808.412134387351	-10000.0	10	9.836	15	8	(0.07932787711837432,0.07812032619270229,0.08433121147184859,0.12079957336623104,0.13321829955560718,0.1596326798967381,)
48	840522347460653	25217	7	(473:132[0.2],475:109[0.13999999999999999],487:31[0.22000000000000006],498:141[0.21000000000000005],508:54[0.22000000000000006],511:22[0.21000000000000005],515:17[0.15],)	506	-35.27	-2284.0723320158113	-10000.0	10	9.912	15	8	(0.07824971740342285,0.09410444354243146,0.10773890746821299,0.10646381962701311,0.10024123084307031,0.12464789294552717,0.06380114304928719,)
49	840885560855385	25737	6	(473:36[0.19],475:161[0.12999999999999998],487:20[0.23000000000000007],498:145[0.20000000000000004],508:55[0.23000000000000007],511:90[0.22000000000000006],)	507	-35.27	-2136.579388560158	-10000.0	10	10.232	15	8	(0.08655178769215927,0.09565917238928293,0.09418997164545348,0.08563858561413946,0.13844220224514553,0.10893863564200992,)
50	841220722692861	26243	6	(473:73[0.2],475:102[0.11999999999999998],487:54[0.24000000000000007],498:168[0.19000000000000003],508:30[0.24000000000000007],511:79[0.21000000000000005],)	506	-35.27	-1972.3450790513832	-10000.0	10	10.23	15	8	(0.08935863449927423,0.07227450057175094,0.07763955603718105,0.10055615636287311,0.13054541841762285,0.1049654232392878,)
51	841522426621758	26743	6	(473:111[0.21000000000000002],475:102[0.10999999999999999],487:39[0.25000000000000006],498:95[0.18000000000000002],508:69[0.25000000000000006],511:90[0.22000000000000006],)	506	-35.27	-1789.4171936758894	-10000.0	10	10.296	15	8	(0.0973370810986786,0.08175547869243273,0.07233532366132336,0.08517660759016175,0.1442444933554972,0.12267793683124073,)
52	841789815286995	27255	6	(473:34[0.2],475:97[0.09999999999999999],487:50[0.26000000000000006],498:136[0.17],508:138[0.26000000000000006],511:51[0.21000000000000005],)	506	-35.27	-1529.4746442687742	-10000.0	10	10.434	16	8	(0.1421974539459989,0.07826798219295382,0.08039363579175193,0.11883639870570034,0.09165745395725944,0.09607424848745108,)
53	842083872696155	27755	6	(473:66[0.21000000000000002],475:34[0.09],487:78[0.2700000000000001],498:147[0.16],508:56[0.25000000000000006],511:125[0.22000000000000006],)	506	-35.27	-1590.1352766798418	-10000.0	10	10.918	17	8	(0.14823956340056865,0.07229087527438348,0.03867015239707783,0.09672510364340053,0.12623552785658068,0.08364220140881926,)
54	842390153998592	28255	6	(473:78[0.22000000000000003],475:142[0.09999999999999999],487:28[0.2800000000000001],498:110[0.15],508:97[0.26000000000000006],511:51[0.21000000000000005],)	506	-35.27	-1426.7242490118576	-10000.0	10	11.53	18	8	(0.09986475597410724,0.07491710195245237,0.05760794616614665,0.07156173592765297,0.08899736068281273,0.15482413639575043,)
55	842651695928201	28763	5	(473:20[0.23000000000000004],475:115[0.09],498:112[0.13999999999999999],508:167[0.25000000000000006],511:92[0.22000000000000006],)	506	-35.27	-1168.1052569169958	-10000.0	10	12.392	19	8	(0.11587873835355351,0.04754873222369421,0.07569773336207954,0.09612606397304252,0.09511087155343048,)
56	842961321636316	29263	5	(473:149[0.24000000000000005],475:47[0.08],498:86[0.12999999999999998],508:156[0.24000000000000005],511:67[0.23000000000000007],)	505	-34.03	-1454.5672871287125	-10000.0	11	11.666	19	8	(0.11012756921169638,0.052253154637710804,0.07080461849970499,0.14246209229944726,0.116007937015335,)
57	843204474010090	29763	5	(473:50[0.23000000000000004],475:72[0.09],498:122[0.13999999999999999],508:94[0.23000000000000004],511:167[0.24000000000000007],)	505	-34.03	-1123.0218811881186	-10000.0	11	12.216	19	8	(0.11150323945085235,0.0609765885460534,0.08394457138257995,0.09274281627540665,0.11683332444249561,)
58	843446219232204	30263	5	(473:96[0.24000000000000005],475:46[0.09999999999999999],498:125[0.12999999999999998],508:161[0.24000000000000005],511:77[0.23000000000000007],)	505	-32.21	-1243.9663762376238	-10000.0	9	11.558	19	8	(0.11229229628073749,0.046353029553337845,0.06569482705116034,0.10082521186756563,0.09023373501508739,)
59	843706276571924	30763	5	(473:141[0.25000000000000006],475:38[0.10999999999999999],498:92[0.11999999999999998],508:157[0.23000000000000004],511:77[0.24000000000000007],)	505	-32.21	-1380.8016435643563	-10000.0	9	11.488	20	8	(0.06662672005095976,0.033749787470658626,0.0595291636880119,0.10167889473973041,0.155598501890721,)
60	844025434238836	31280	6	(475:84[0.11999999999999998],498:122[0.12999999999999998],508:87[0.22000000000000003],511:86[0.25000000000000006],520:94[0.15],523:32[0.15],)	505	-32.21	-1450.8360990099009	-10000.0	9	12.322	21	8	(0.07171898316409718,0.06145514524717191,0.11009010534013351,0.10921241014006305,0.10764876485244579,0.11008347258085942,)
61	844306275386013	31786	5	(475:46[0.10999999999999999],498:56[0.11999999999999998],511:106[0.24000000000000005],520:101[0.13999999999999999],523:197[0.16],)	506	-32.21	-1215.9167588932803	-10000.0	9	12.144	21	8	(0.02750130044723614,0.07349221256951392,0.07037610702328197,0.0833731248785626,0.04433921169886668,)
62	844583954595505	32286	5	(475:160[0.11999999999999998],498:64[0.12999999999999998],511:203[0.23000000000000004],520:53[0.12999999999999998],523:25[0.15],)	505	-32.21	-1105.2461386138616	-10000.0	9	13.094	21	8	(0.0694509921342725,0.07884528772609545,0.062454942664938035,0.08299491138536044,0.05479478782548257,)
63	844837032501051	32786	5	(475:98[0.10999999999999999],498:97[0.13999999999999999],511:143[0.22000000000000003],520:123[0.13999999999999999],523:44[0.16],)	505	-32.21	-1128.6675445544552	-10000.0	9	12.732	21	8	(0.03708753035831358,0.06887177369254939,0.05748347611706133,0.06638858823817317,0.07826062980306575,)
64	845088094058741	33296	5	(475:66[0.11999999999999998],498:50[0.15],511:212[0.21000000000000002],520:117[0.12999999999999998],523:60[0.17],)	505	-32.21	-1018.3951485148516	-10000.0	9	12.43	19	8	(0.04531553736499285,0.07116018243679996,0.05746985194256459,0.07718915864319333,0.09179536943950453,)
65	845362633677983	33798	5	(475:118[0.12999999999999998],498:66[0.16],511:124[0.2],520:158[0.11999999999999998],523:39[0.18000000000000002],)	505	-32.21	-1103.5259207920792	-10000.0	9	13.212	20	8	(0.04170887453186215,0.06876082866713265,0.0488271866226417,0.06537608990027026,0.08375728368888746,)
66	845625459917087	34298	6	(475:28[0.11999999999999998],498:145[0.17],511:162[0.19],520:57[0.10999999999999999],523:59[0.19000000000000003],530:54[0.15],)	505	-32.06	-1094.7612475247524	-10000.0	19	13.288	20	8	(0.0752004244318937,0.0695636849188474,0.06730399575806432,0.07891893509800746,0.08961192027582297,0.10554808698635819,)
67	845925975008374	34801	5	(475:157[0.12999999999999998],498:86[0.16],511:63[0.18],523:106[0.20000000000000004],530:94[0.16],)	506	-32.06	-1044.9958300395256	-10000.0	19	13.886	20	8	(0.035642654693632425,0.07144268871718083,0.07147846142032689,0.07933157292565464,0.0575777952850089,)
68	846269577226916	35301	6	(475:56[0.11999999999999998],498:106[0.17],511:148[0.19],523:56[0.19000000000000003],530:120[0.17],531:19[0.15],)	505	-32.06	-1304.7328316831686	-10000.0	19	13.72	21	8	(0.09334332506957224,0.06394311095740168,0.08297472185888927,0.0694403195411737,0.065856703346041,0.06575878374859385,)
69	846561980148122	35801	6	(475:72[0.12999999999999998],498:55[0.16],511:55[0.18],523:159[0.20000000000000004],530:61[0.16],531:104[0.16],)	506	-32.06	-1295.2294466403162	-10000.0	19	12.826	22	8	(0.03455505193350464,0.06560592560309034,0.06720120860850935,0.05226109714824388,0.07641386254740265,0.04583181238872614,)
70	846868924682901	36301	6	(475:30[0.13999999999999999],498:99[0.17],511:94[0.19],523:133[0.19000000000000003],530:60[0.17],531:90[0.15],)	506	-31.44	-1237.8373517786565	-10000.0	9	13.078	21	8	(0.03914447826723426,0.04833345777465193,0.071380106481755,0.05410954729754395,0.08362166269125777,0.04576387020068321,)
71	847261987212673	36801	6	(475:145[0.15],498:41[0.16],511:129[0.18],523:74[0.18000000000000002],530:35[0.18000000000000002],531:82[0.13999999999999999],)	506	-31.44	-1691.125632411067	-10000.0	9	12.944	21	8	(0.03612743915751045,0.06622845625703606,0.0674359394247979,0.0684662641049846,0.08701251291961985,0.04626336056492013,)
72	847663138892744	37302	6	(475:124[0.13999999999999999],498:34[0.17],511:133[0.16999999999999998],523:85[0.19000000000000003],530:73[0.19000000000000003],531:57[0.15],)	506	-31.44	-1636.957786561265	-10000.0	9	13.224	21	8	(0.07197955629071931,0.04098292186288236,0.06277515851426126,0.07884452644657658,0.10323002866929583,0.07974353517558697,)
73	847937854382258	37814	6	(475:42[0.12999999999999998],498:70[0.18000000000000002],511:203[0.15999999999999998],523:21[0.18000000000000002],530:74[0.20000000000000004],531:96[0.16],)	506	-31.44	-995.3707905138341	-10000.0	9	13.47	22	8	(0.060069702055223766,0.04264067333965588,0.058487945576565586,0.07133118696310452,0.054350778049084,0.059115139559120095,)
74	848165510800758	38314	6	(475:58[0.13999999999999999],498:57[0.19000000000000003],511:179[0.14999999999999997],523:77[0.19000000000000003],530:71[0.21000000000000005],531:64[0.15],)	506	-30.95	-874.1730237154151	-10000.0	16	13.154	22	8	(0.04219050307114567,0.09215278478435922,0.07106682518950073,0.10502880078735179,0.07320906833411633,0.041643853281058525,)
75	848503741783964	38814	6	(475:98[0.15],498:98[0.20000000000000004],511:115[0.13999999999999996],523:34[0.20000000000000004],530:139[0.22000000000000006],531:22[0.16],)	506	-30.95	-1304.0746640316206	-10000.0	16	14.23	23	8	(0.03600774715043392,0.05881184986572165,0.06203349666570848,0.10035814459689622,0.09796312109690411,0.06961419194996447,)
76	848869989186255	39326	6	(475:41[0.13999999999999999],498:81[0.19000000000000003],511:70[0.12999999999999995],523:74[0.21000000000000005],530:127[0.21000000000000005],531:113[0.17],)	506	-30.95	-1561.5978656126485	-10000.0	16	12.982	23	8	(0.039558770279241276,0.057643508645042515,0.08021688179559934,0.07009025597452022,0.10784421600696406,0.03985532239497701,)
77	849175187922039	39827	6	(475:98[0.15],498:92[0.20000000000000004],511:68[0.13999999999999996],523:72[0.22000000000000006],530:83[0.20000000000000004],531:93[0.16],)	506	-30.95	-1363.9850988142293	-10000.0	16	12.72	24	8	(0.052216353450827174,0.08637383175410354,0.07884924454955898,0.06598450376658213,0.07052747245547802,0.04292345919424576,)
78	849408782149065	40328	6	(475:86[0.13999999999999999],498:36[0.19000000000000003],511:125[0.14999999999999997],523:195[0.23000000000000007],530:35[0.19000000000000003],531:29[0.15],)	506	-30.95	-1163.4594071146246	-10000.0	16	11.862	20	8	(0.056364477114269014,0.06364308967336492,0.06287280987295861,0.05049302404766771,0.06997367568198158,0.07137455800159159,)
79	849741914963304	40835	5	(498:99[0.20000000000000004],511:77[0.13999999999999996],523:71[0.22000000000000006],530:224[0.20000000000000004],531:35[0.16],)	506	-30.95	-1487.9232015810283	-10000.0	16	11.732	21	8	(0.06095571507474739,0.09171448546202732,0.05126700519553375,0.05419537067267951,0.05461086010661299,)
80	849984650266102	41335	5	(498:77[0.21000000000000005],511:91[0.14999999999999997],523:116[0.23000000000000007],530:39[0.19000000000000003],531:182[0.17],)	505	-30.95	-1116.6004554455446	-10000.0	16	12.468	21	8	(0.04339872679999206,0.08848866034089697,0.074642005387495,0.09204616069695633,0.07080990146635302,)
81	850283816991771	41835	5	(498:38[0.22000000000000006],511:97[0.15999999999999998],523:240[0.22000000000000006],530:54[0.20000000000000004],531:76[0.16],)	505	-30.95	-1587.5055049504954	-10000.0	16	11.112	20	8	(0.06413616310854942,0.07977777195605434,0.054534347413549594,0.06160012265436005,0.031240408422375264,)
82	850614853172873	42335	5	(498:105[0.23000000000000007],511:60[0.16999999999999998],523:121[0.21000000000000005],530:108[0.21000000000000005],531:111[0.17],)	505	-30.95	-1375.9500594059405	-10000.0	16	12.486	21	8	(0.04966245302013793,0.1018660356595782,0.07587834023853504,0.08799404753004884,0.05908700971131785,)
83	850947633411976	42856	4	(498:176[0.22000000000000006],511:72[0.18],523:204[0.20000000000000004],530:53[0.20000000000000004],)	505	-30.95	-1265.9806732673267	-10000.0	16	12.31	22	8	(0.06189381284285074,0.09696119258798182,0.06073344442770126,0.08681488898797153,)
84	851348270853670	43356	5	(498:88[0.21000000000000005],511:62[0.19],523:99[0.19000000000000003],530:228[0.21000000000000005],539:27[0.15],)	504	-30.95	-1893.0679960317466	-10000.0	16	11.76	20	8	(0.08329576021159252,0.10877543901231013,0.10531501910769499,0.08682920758881707,0.06907480396077828,)
85	851746536852831	43858	5	(498:68[0.22000000000000006],511:94[0.2],523:135[0.20000000000000004],530:117[0.20000000000000004],539:91[0.16],)	505	-30.26	-1831.0793861386144	-10000.0	11	11.688	21	8	(0.05829271614957426,0.056374281718612466,0.07754339517349004,0.07094981840235373,0.08126873523074683,)
86	852068920740614	44366	5	(498:111[0.23000000000000007],511:47[0.21000000000000002],523:124[0.19000000000000003],530:168[0.19000000000000003],539:55[0.17],)	505	-30.26	-1294.4912277227725	-10000.0	11	11.87	20	8	(0.07223665251773516,0.05883381571424258,0.062141144570898095,0.07771214345231761,0.06992356053695563,)
87	852385333831358	44868	5	(498:103[0.22000000000000006],511:95[0.22000000000000003],523:127[0.18000000000000002],530:109[0.18000000000000002],539:71[0.18000000000000002],)	505	-30.26	-1383.7051881188117	-10000.0	11	12.136	19	8	(0.05054623080881839,0.05133211330956561,0.0630493341953213,0.07339993509486863,0.07633033152458979,)
88	852645062068345	45372	5	(498:104[0.21000000000000005],511:129[0.23000000000000004],523:102[0.17],530:44[0.17],539:126[0.19000000000000003],)	505	-30.26	-1193.4099801980196	-10000.0	11	11.836	20	8	(0.04885253311327461,0.06734589097184568,0.05023516553022105,0.05139866929006587,0.10427888887412891,)
89	852955490644877	45878	6	(498:86[0.20000000000000004],511:35[0.22000000000000003],523:42[0.16],530:261[0.18000000000000002],539:23[0.18000000000000002],545:58[0.15],)	505	-30.26	-1477.8528910891089	-10000.0	11	12.112	21	8	(0.0475637672845163,0.08773101367877191,0.08383624168584815,0.08299954741724236,0.10260554631902168,0.10173742299838849,)
90	853317729324449	46378	6	(498:32[0.19000000000000003],511:75[0.23000000000000004],523:146[0.17],530:133[0.17],539:52[0.19000000000000003],545:68[0.16],)	506	-30.26	-1803.3652173913038	-10000.0	11	11.054	22	8	(0.04787749206018262,0.07902158129430699,0.060240003485391,0.05478088817408198,0.08398733835485298,0.09712003480643149,)
91	853636097271011	46897	5	(498:98[0.20000000000000004],511:88[0.24000000000000005],530:193[0.16],539:57[0.20000000000000004],545:70[0.17],)	506	-30.26	-1476.4784189723323	-10000.0	11	11.866	19	8	(0.056964378005908214,0.06146116550163249,0.07099445553946966,0.07394720452421417,0.08089363612220705,)
92	853891950665274	47397	5	(498:53[0.21000000000000005],511:86[0.25000000000000006],530:184[0.15],539:29[0.21000000000000005],545:153[0.18000000000000002],)	505	-30.26	-1312.0939009900992	-10000.0	11	11.362	19	8	(0.049019324517760345,0.05871664056798397,0.07807350573233847,0.07208024592910364,0.08995682708177559,)
93	854202129068317	47908	4	(498:62[0.22000000000000006],511:190[0.26000000000000006],530:66[0.13999999999999999],539:187[0.22000000000000006],)	505	-30.26	-1651.5897821782175	-10000.0	11	11.13	19	8	(0.04739108420640351,0.07511547970818505,0.10460738420923635,0.09246272985834526,)
94	854516465483677	48415	4	(498:39[0.23000000000000007],511:198[0.25000000000000006],530:139[0.15],539:128[0.21000000000000005],)	504	-30.26	-1764.0571626984133	-10000.0	11	10.774	19	8	(0.05473069144141235,0.08440768744925357,0.07568095584186849,0.09723505595631879,)
95	854844520679231	48915	4	(498:48[0.24000000000000007],511:101[0.24000000000000005],530:101[0.13999999999999999],539:254[0.20000000000000004],)	504	-30.26	-1759.293412698413	-10000.0	11	10.784	19	8	(0.05564707004417461,0.07127132077935126,0.1049156053526699,0.0709421847475182,)
96	855163194552844	49415	4	(498:109[0.25000000000000006],511:144[0.25000000000000006],530:92[0.15],539:159[0.19000000000000003],)	504	-30.26	-1406.6061309523814	-10000.0	11	11.8	19	8	(0.06287557850045819,0.06612858684155543,0.07539935138898621,0.061400803344757574,)
97	855430458735837	49924	4	(498:116[0.26000000000000006],511:120[0.24000000000000005],530:106[0.16],539:162[0.18000000000000002],)	504	-30.26	-1348.591388888889	-10000.0	11	11.754	19	8	(0.05413486463362877,0.06647795335555956,0.06381970308476517,0.07550380462140012,)
98	855730486412515	50430	5	(498:102[0.2700000000000001],511:108[0.25000000000000006],530:108[0.17],539:137[0.17],550:49[0.15],)	504	-30.26	-1424.073829365079	-10000.0	11	11.668	20	8	(0.060333449789091484,0.07510341489706723,0.0856535423979819,0.09498706071632146,0.072334005529494,)
99	856132547572715	50930	5	(498:45[0.26000000000000006],511:70[0.24000000000000005],530:92[0.16],539:77[0.16],550:221[0.16],)	505	-30.26	-2276.336316831683	-10000.0	11	10.892	19	8	(0.07400174720493895,0.07898043077554597,0.08693148406100266,0.0863283765454302,0.05001461884404986,)
100	856419470591475	51430	5	(498:55[0.2700000000000001],511:207[0.25000000000000006],530:92[0.17],539:36[0.17],550:115[0.15],)	505	-30.26	-1527.3854257425737	-10000.0	11	11.32	19	8	(0.03372369645456191,0.06753834560957178,0.08023750794841701,0.07265252300241627,0.08847319581038227,)
101	856732073215190	51942	5	(498:41[0.2800000000000001],511:166[0.24000000000000005],530:55[0.18000000000000002],539:185[0.18000000000000002],550:58[0.13999999999999999],)	505	-30.26	-1589.8051881188117	-10000.0	11	11.058	19	8	(0.04079679859883031,0.10324478958727086,0.11032091814640566,0.07682770316372454,0.07753629816796481,)
102	856950495062171	52449	4	(498:70[0.2900000000000001],511:54[0.23000000000000004],539:199[0.17],550:182[0.15],)	505	-30.26	-1080.798752475248	-10000.0	11	11.628	19	8	(0.04695598372875396,0.08632046400744826,0.08738984073823818,0.04961209123093541,)
103	857274787899498	52949	4	(498:81[0.3000000000000001],511:291[0.24000000000000005],539:15[0.16],550:117[0.13999999999999999],)	504	-30.26	-1277.9032738095236	-10000.0	11	12.278	19	8	(0.05588456049647939,0.08459862770678304,0.09844417712554045,0.05277379553010077,)
104	857606474405305	53450	4	(498:176[0.3100000000000001],511:175[0.23000000000000004],539:53[0.17],550:100[0.15],)	504	-30.26	-1517.3224404761906	-10000.0	11	12.466	19	8	(0.05329229453420139,0.10084279252921745,0.09868278417097238,0.07106595315155906,)
105	857900169872074	53959	4	(498:95[0.3000000000000001],511:92[0.22000000000000003],539:121[0.18000000000000002],550:196[0.16],)	504	-30.21	-1404.5239285714283	-10000.0	12	11.452	20	8	(0.058128464878473216,0.10127551543570039,0.09923702808568835,0.07684008207035775,)
106	858286188013989	54478	4	(498:94[0.3100000000000001],511:137[0.23000000000000004],539:149[0.19000000000000003],550:124[0.15],)	504	-29.84	-1738.0120436507939	-10000.0	15	11.978	20	8	(0.04622201850239694,0.057989864435497314,0.06830764650965856,0.0754829502671005,)
107	858621597631084	54978	4	(498:88[0.3200000000000001],511:134[0.22000000000000003],539:199[0.18000000000000002],550:83[0.16],)	504	-29.84	-1679.2850793650794	-10000.0	15	12.126	20	8	(0.06272613459753239,0.055430406008590165,0.07148325310388294,0.0981153635052629,)
108	858833146918181	55485	4	(498:101[0.3300000000000001],511:24[0.21000000000000002],539:235[0.17],550:144[0.17],)	504	-29.84	-1073.500396825397	-10000.0	15	11.958	21	8	(0.08474481243763043,0.11153422423662733,0.06206433238253346,0.05813904794105892,)
109	859145333806325	55985	4	(498:50[0.34000000000000014],511:52[0.22000000000000003],539:327[0.16],550:75[0.16],)	504	-29.84	-1813.028373015874	-10000.0	15	10.782	20	8	(0.0923293457203369,0.11325367404551422,0.07732326939803551,0.0826404249386126,)
110	859491427561214	56485	7	(498:36[0.35000000000000014],511:110[0.23000000000000004],539:51[0.15],550:64[0.17],558:167[0.15],559:59[0.15],560:17[0.15],)	504	-29.84	-2193.725793650794	-10000.0	15	10.2	20	8	(0.05503723691174035,0.0947064997420817,0.11464439057327348,0.05790481764657175,0.0774792811351236,0.08821845444318642,0.0732661106438554,)
111	859751010945368	56985	7	(498:42[0.36000000000000015],511:127[0.22000000000000003],539:35[0.16],550:25[0.18000000000000002],558:61[0.13999999999999999],559:128[0.16],560:89[0.16],)	507	-29.68	-1501.0642011834323	-10000.0	20	10.226	20	8	(0.10493784043070699,0.06568039024295733,0.07983128753479159,0.08098188286851761,0.06701510841543228,0.0708830102434447,0.10125767376993684,)
112	859990816623103	57485	7	(498:39[0.37000000000000016],511:31[0.21000000000000002],539:194[0.17],550:88[0.19000000000000003],558:24[0.15],559:50[0.15],560:81[0.15],)	507	-29.68	-1353.299940828402	-10000.0	20	11.042	20	8	(0.045798150455402475,0.0563665833134092,0.07934997332500444,0.09025673106871045,0.08631389322400658,0.06726213466225028,0.06194290470018647,)
113	860237754814482	57990	7	(498:21[0.38000000000000017],511:232[0.22000000000000003],539:20[0.16],550:23[0.18000000000000002],558:61[0.16],559:114[0.16],560:36[0.13999999999999999],)	507	-29.68	-1396.1141617357	-10000.0	20	10.422	20	8	(0.061525452079972946,0.08085417341474921,0.09869110290991552,0.0453496552363466,0.08470701341125303,0.0972595277965628,0.08333271299467901,)
114	860548384993300	58490	7	(498:57[0.3900000000000002],511:86[0.21000000000000002],539:95[0.17],550:34[0.19000000000000003],558:73[0.17],559:35[0.15],560:127[0.15],)	507	-29.68	-1694.4355818540434	-10000.0	16	10.93	21	8	(0.0818144093017137,0.11409385530300226,0.10104717794854425,0.11477583809960687,0.0811933726259878,0.084807538094016,0.07693559634693913,)
115	860866798156403	58990	7	(498:50[0.4000000000000002],511:147[0.2],539:103[0.16],550:47[0.20000000000000004],558:52[0.16],559:52[0.16],560:56[0.13999999999999999],)	507	-29.68	-1588.846094674556	-10000.0	16	11.302	21	8	(0.04989374644585711,0.07139674446605422,0.06067025858443551,0.07958102291635864,0.059334063429781383,0.0766479805369779,0.06779768165133443,)
116	861073068054159	59490	7	(498:49[0.4100000000000002],511:114[0.19],539:43[0.15],550:46[0.21000000000000005],558:61[0.17],559:63[0.17],560:131[0.15],)	507	-29.68	-1074.1911439842213	-10000.0	16	11.366	21	8	(0.0395962901192501,0.08414365272979783,0.056031458732169526,0.05577066509571721,0.06921813261503,0.044145149846082504,0.07187373582439775,)
117	861378202349082	59999	6	(498:59[0.4200000000000002],511:81[0.18],539:130[0.16],550:69[0.22000000000000006],558:21[0.18000000000000002],560:147[0.13999999999999999],)	507	-29.68	-1811.003234714004	-10000.0	16	11.436	21	8	(0.06488963856423106,0.0712858143258287,0.0729287123834761,0.04812102034079029,0.10799088149663007,0.0600510374466885,)
118	861686708107268	60499	6	(498:44[0.4300000000000002],511:94[0.19],539:126[0.15],550:19[0.23000000000000007],558:141[0.19000000000000003],560:82[0.12999999999999998],)	506	-29.68	-1635.0711067193681	-10000.0	20	11.432	22	8	(0.12533843631299652,0.10495763126412933,0.08822681012712735,0.050851150396505465,0.10105239951726065,0.07042705144558147,)
119	861931803535641	60999	6	(498:84[0.4400000000000002],511:89[0.18],539:103[0.13999999999999999],550:35[0.24000000000000007],558:100[0.18000000000000002],560:95[0.13999999999999999],)	506	-29.68	-1133.1321541501975	-10000.0	20	12.35	23	8	(0.07791737333803658,0.059848942501154315,0.07727439902862629,0.044243241448474024,0.06430098384056047,0.058681018127078516,)
120	862239765462641	61499	6	(498:95[0.4300000000000002],511:189[0.16999999999999998],539:82[0.12999999999999998],550:27[0.25000000000000006],558:23[0.17],560:90[0.12999999999999998],)	506	-29.68	-1533.164249011858	-10000.0	20	12.412	24	8	(0.0828993262837577,0.06756819885713601,0.07741256002825496,0.037986595603205595,0.03524996949094167,0.04371124164584149,)
121	862546718343255	62008	5	(511:145[0.15999999999999998],539:84[0.13999999999999999],550:141[0.26000000000000006],558:56[0.18000000000000002],560:80[0.11999999999999998],)	506	-29.68	-1306.0962252964423	-10000.0	20	12.366	23	8	(0.07092502354883233,0.0743815410104631,0.0764149803436502,0.06204272111054217,0.06767017047635795,)
122	862858433228630	62530	5	(539:174[0.15],550:81[0.25000000000000006],558:131[0.19000000000000003],560:70[0.12999999999999998],563:49[0.15],)	505	-29.68	-1154.8711287128713	-10000.0	20	11.902	22	8	(0.07116903845365917,0.08882185386537646,0.07092007501419206,0.05771101150345345,0.05822369076833042,)
123	863152717160673	63044	5	(539:135[0.13999999999999999],550:140[0.26000000000000006],558:70[0.18000000000000002],560:75[0.13999999999999999],563:85[0.16],)	505	-29.68	-1163.9913663366335	-10000.0	20	12.67	21	8	(0.07595314743946215,0.06759184578413147,0.08667377072991189,0.05617134622185141,0.03885554475813753,)
124	863454304077584	63548	5	(539:108[0.12999999999999998],550:108[0.25000000000000006],558:85[0.19000000000000003],560:110[0.15],563:94[0.17],)	505	-29.68	-1284.4387920792076	-10000.0	20	12.972	21	8	(0.06812448824984814,0.09454527032874822,0.0548551295435575,0.04823192049343237,0.041515355609465704,)
125	863830156289887	64070	5	(539:45[0.11999999999999998],550:47[0.24000000000000005],558:217[0.20000000000000004],560:109[0.13999999999999999],563:87[0.18000000000000002],)	505	-30.43	-1422.529247524752	-10000.0	13	12.582	19	8	(0.07193146506465704,0.08449884892925705,0.05994406018928562,0.05147927614082085,0.05399481304212487,)
126	864099244409109	64570	6	(539:115[0.12999999999999998],550:48[0.25000000000000006],558:146[0.19000000000000003],560:53[0.12999999999999998],563:111[0.19000000000000003],571:32[0.15],)	505	-30.43	-1261.284217821782	-10000.0	13	12.014	20	8	(0.08464616890145271,0.10613206320541839,0.10113576922506871,0.07729021636809372,0.0657972822316002,0.07796768416293799,)
127	864383431451092	65078	6	(539:57[0.11999999999999998],550:38[0.26000000000000006],558:41[0.18000000000000002],560:140[0.13999999999999999],563:61[0.18000000000000002],571:169[0.16],)	506	-30.43	-1506.3638735177863	-10000.0	13	11.47	19	8	(0.08476286373773308,0.03771179230679639,0.0740555594639326,0.06257977021788808,0.05932292601693221,0.06615130530454426,)
128	864634974684302	65578	7	(539:33[0.12999999999999998],550:49[0.2700000000000001],558:235[0.19000000000000003],560:63[0.12999999999999998],563:46[0.19000000000000003],571:55[0.15],573:25[0.15],)	506	-29.88	-1380.8270750988147	-10000.0	8	11.16	18	8	(0.03810951891528045,0.04284016497069779,0.07094204416429825,0.04935798608180465,0.04940961616320166,0.04375390019052544,0.05860504886189814,)
129	864988520666113	66085	6	(539:70[0.13999999999999999],550:18[0.2800000000000001],560:63[0.13999999999999999],563:65[0.20000000000000004],571:257[0.16],573:34[0.16],)	507	-29.88	-2320.96244575937	-10000.0	8	10.36	18	8	(0.0827427937761738,0.03168507923968322,0.09253949595757123,0.07281085132175955,0.058577226834893116,0.08225878021539318,)
130	865259652954011	66586	6	(539:113[0.15],550:86[0.2900000000000001],560:148[0.15],563:50[0.21000000000000005],571:68[0.15],573:41[0.17],)	506	-29.88	-1401.6993280632412	-10000.0	8	10.962	18	8	(0.05607152116160747,0.044403575184535825,0.07791895949316714,0.08842522050086236,0.09343950810237288,0.0855895489406821,)
131	865421419584991	67094	6	(539:153[0.13999999999999999],550:119[0.2800000000000001],560:80[0.13999999999999999],563:38[0.22000000000000006],571:33[0.16],573:83[0.18000000000000002],)	506	-29.88	-851.8920158102768	-10000.0	8	11.124	19	8	(0.08439054933659555,0.02361257775148005,0.05474981183194372,0.07289446458934266,0.058933105098882596,0.08922606363621761,)
132	865722031810303	67601	6	(539:118[0.12999999999999998],550:115[0.2700000000000001],560:54[0.15],563:30[0.23000000000000007],571:78[0.17],573:111[0.17],)	506	-29.88	-1511.1082015810273	-10000.0	8	11.218	19	8	(0.07421998611076056,0.07555149931151907,0.09802137546263869,0.05425771930425374,0.07922102000074943,0.08746266200585545,)
133	865991702708622	68115	8	(539:88[0.11999999999999998],550:71[0.26000000000000006],560:81[0.16],563:111[0.24000000000000007],571:83[0.18000000000000002],573:25[0.16],582:30[0.15],583:17[0.15],)	506	-29.88	-1423.4839130434782	-10000.0	8	11.548	19	8	(0.06618310237416203,0.05404279742721829,0.09046103524454109,0.055004796046462544,0.058617218617089545,0.08985034502509688,0.08708951528410079,0.08901672384112759,)
134	866294908666051	68640	7	(539:102[0.10999999999999999],560:75[0.15],563:44[0.23000000000000007],571:60[0.17],582:73[0.16],583:107[0.16],584:47[0.15],)	508	-29.88	-1751.3345472440942	-10000.0	8	10.422	18	8	(0.06953154416204102,0.0902782566423012,0.03509919238917947,0.08940211045428118,0.08160833444331513,0.06854707492349173,0.06350780633324402,)
135	866532100563745	69144	8	(539:30[0.09999999999999999],560:144[0.13999999999999999],563:93[0.24000000000000007],571:54[0.18000000000000002],582:46[0.15],583:93[0.15],584:18[0.16],586:29[0.15],)	507	-29.88	-1422.8203944773177	-10000.0	8	10.606	18	8	(0.06774842252360158,0.05171518663902903,0.06370199371061674,0.07353109612723774,0.08877231045250354,0.09716234336127161,0.05681073342142884,0.06875451340250081,)
136	866876047216203	69666	7	(539:34[0.10999999999999999],560:90[0.12999999999999998],563:54[0.23000000000000007],571:125[0.19000000000000003],583:93[0.13999999999999999],584:21[0.17],586:91[0.16],)	508	-29.88	-1884.7594291338587	-10000.0	8	10.444	18	8	(0.05542164956001495,0.07472281999314259,0.08839025207753129,0.0734509657643489,0.059859467053633486,0.023355511307610103,0.05921480183697785,)
137	867142783532840	70192	6	(539:26[0.11999999999999998],563:61[0.24000000000000007],571:160[0.18000000000000002],583:27[0.12999999999999998],584:79[0.18000000000000002],586:154[0.15],)	507	-29.88	-1246.716055226825	-10000.0	8	10.76	18	8	(0.08713643981281846,0.10146605308053676,0.09002669169617492,0.082938621722728,0.04694741790011759,0.09206051243731134,)
138	867475390769200	70708	6	(539:92[0.12999999999999998],563:152[0.25000000000000006],571:39[0.17],583:34[0.13999999999999999],584:125[0.19000000000000003],586:64[0.13999999999999999],)	506	-29.88	-1591.42814229249	-10000.0	8	11.722	18	8	(0.0849812073472325,0.10280289638777441,0.11237121187748961,0.0892218374603065,0.04760626709055879,0.08495369167712816,)
139	867769711809538	71219	6	(539:37[0.11999999999999998],563:59[0.24000000000000005],571:144[0.18000000000000002],583:126[0.15],584:79[0.18000000000000002],586:61[0.15],)	506	-29.88	-1646.5967786561268	-10000.0	8	10.916	18	8	(0.07839763357456034,0.09269845960200149,0.0708556232678253,0.06455566199316727,0.04157699062193514,0.07544156004328126,)
140	868030805978341	71720	7	(539:77[0.12999999999999998],563:49[0.25000000000000006],571:79[0.17],583:44[0.13999999999999999],584:92[0.19000000000000003],586:99[0.16],598:66[0.15],)	506	-29.88	-1409.3840118577077	-10000.0	8	11.322	19	8	(0.05038005091834233,0.10003265102264317,0.0886473432021017,0.09067836799908352,0.1134866679736409,0.07241249174392361,0.05868782118020767,)
141	868291125333306	72222	7	(539:146[0.11999999999999998],563:63[0.26000000000000006],571:80[0.16],583:54[0.15],584:61[0.18000000000000002],586:54[0.15],598:49[0.16],)	507	-29.88	-1297.6563708086785	-10000.0	8	11.304	20	8	(0.05936323291105712,0.06327824934929253,0.0821198250876478,0.07396135461496266,0.0391927538811134,0.07657645544469661,0.046670648199510445,)
142	868590221069645	72733	6	(539:103[0.10999999999999999],563:68[0.2700000000000001],571:77[0.15],583:113[0.16],584:104[0.19000000000000003],586:42[0.16],)	507	-29.88	-1589.314635108481	-10000.0	8	11.232	20	8	(0.055874999114836794,0.07003169419926233,0.06896129217175596,0.09104559536553258,0.05838305115315861,0.08338551276453844,)
143	868890486297454	73250	6	(539:26[0.09999999999999999],563:58[0.2800000000000001],571:75[0.16],583:97[0.15],584:144[0.18000000000000002],586:106[0.17],)	506	-29.88	-1521.0935177865615	-10000.0	8	10.632	19	8	(0.07512186125584167,0.09342104236182303,0.08915270708306652,0.08058257409135124,0.0959230946129585,0.08692884740883712,)
144	869138125440950	73760	6	(539:56[0.10999999999999999],563:85[0.2900000000000001],571:117[0.17],583:45[0.13999999999999999],584:88[0.17],586:115[0.16],)	506	-29.88	-1246.152015810277	-10000.0	8	11.214	19	8	(0.0812686139393377,0.09736065865293596,0.0994280507833161,0.0633868284603686,0.0928005037140874,0.09514639547156149,)
145	869463525889470	74260	6	(539:42[0.11999999999999998],563:149[0.2800000000000001],571:17[0.16],583:82[0.15],584:189[0.16],586:27[0.15],)	506	-29.88	-1688.690375494071	-10000.0	8	11.11	19	8	(0.08705081769334273,0.10389612731674558,0.09653822452811088,0.0799020141664355,0.06432287567946199,0.10066552097030747,)
146	869731879172142	74760	6	(539:54[0.12999999999999998],563:147[0.2700000000000001],571:84[0.17],583:88[0.16],584:77[0.15],586:56[0.16],)	506	-29.88	-1419.92628458498	-10000.0	8	11.314	20	8	(0.08906078463323713,0.08009724716252518,0.10421356133360382,0.08313084026282053,0.09348800668998546,0.06633660627748071,)
147	870072400401477	75269	6	(539:63[0.13999999999999999],563:145[0.26000000000000006],571:29[0.16],583:44[0.15],584:159[0.16],586:66[0.17],)	506	-29.88	-1824.056976284585	-10000.0	8	11.004	19	8	(0.09812523348627533,0.1108294896222205,0.08223685297429911,0.0799936944737182,0.04834023729442387,0.0751392395464132,)
148	870688854946797	75773	7	(539:22[0.15],563:71[0.25000000000000006],571:180[0.17],583:66[0.16],584:36[0.15],586:56[0.18000000000000002],606:75[0.15],)	506	-29.88	-4076.2712450592894	-10000.0	8	10.03	19	8	(0.08640126272914901,0.12525359587921434,0.07437461560912441,0.07489563612864707,0.08861721237990768,0.09127259157212472,0.0915952521128267,)
149	871427717081418	76281	7	(563:51[0.24000000000000005],571:181[0.16],583:34[0.17],584:102[0.16],586:32[0.19000000000000003],606:81[0.13999999999999999],608:25[0.15],)	506	-29.88	-4665.0012648221345	-10000.0	8	10.228	20	8	(0.08769035773266179,0.06677044142871534,0.10637869738449124,0.05550285404250539,0.11909474668958937,0.030527264221126154,0.04802258357069309,)
