alpha = 0.15
gamma = 1.0
lambda = 0.6
epsilon = 0.3
randomSeed = 666
GREAT!
Xover: 4
---- Evolution parameters ----
Folder name:          NMSarsa_Maze/run_578378848588061
Random seed:          666
GREAT activated:      true
Max iterations:       150
Population size:      500
GREAT initialization  true
Speciation threshold: 0.15
Species min size:     15
Tournament size:      3
Crossover rate:       0.2
Mutation rate:        0.8
Crossovers:
	AligningCrossover_v4(0.15)
Mutations:
	AddGeneMutation(maxSize=2147483647, prob=0.33)
	DeleteGeneMutation(minSize=8, prob=0.33)
	ChangeGeneMutation(prob=0.33)
------------------------------

---- Starting evolution ----
IT	Nanotime	#Eval	#Species	Species size	PopSize	Best	Avg	Worst	Best GRN Size	Avg GRN size	Max GRN size	Min GRN size	Species avgdist2rep
0	580125876193121	997	1	(456:499[0.15],)	499	-74.31	-5931.035450901801	-10000.0	8	9.578	14	8	(0.10421909627405565,)
1	580663084840997	1505	2	(456:480[0.16],458:21[0.15],)	501	-63.35	-3459.7267065868255	-10000.0	9	9.67	14	8	(0.0707435293459764,0.08203916302729439,)
2	580905214740178	2019	2	(456:237[0.15],458:265[0.16],)	502	-62.29	-1453.5649800796812	-10000.0	11	9.65	14	8	(0.08250972298323231,0.06324626481686492,)
3	581088342976976	2530	4	(456:353[0.16],458:51[0.15],461:42[0.15],463:56[0.15],)	502	-60.18	-1070.3822111553777	-10000.0	10	10.034	15	8	(0.08131547576807027,0.09878609188511851,0.09833476207044085,0.07692716373285793,)
4	581222334911133	3030	5	(456:154[0.15],458:63[0.16],461:68[0.16],463:157[0.16],464:62[0.15],)	504	-59.08	-874.2750992063492	-10000.0	11	9.614	13	8	(0.06750173106651348,0.08648986930827814,0.08467302166550043,0.06791564505958954,0.08771249216530037,)
5	581317748704392	3530	6	(456:194[0.13999999999999999],458:139[0.17],461:17[0.17],463:108[0.15],464:28[0.16],465:19[0.15],)	505	-56.61	-586.4822574257427	-10000.0	11	9.824	13	8	(0.07863745401435854,0.049115981415892164,0.06225612423623608,0.06804093195150428,0.0797140146069434,0.0264670117014391,)
6	581443550698552	4030	6	(456:128[0.12999999999999998],458:108[0.16],461:66[0.18000000000000002],463:42[0.13999999999999999],464:57[0.17],465:105[0.16],)	506	-55.46	-792.4567984189724	-10000.0	11	9.882	14	8	(0.049169088999263304,0.07300317643238956,0.05105442235837871,0.07973478526479309,0.07067003660164124,0.03248918861447104,)
7	581584771327636	4531	6	(456:67[0.11999999999999998],458:62[0.15],461:28[0.19000000000000003],463:179[0.15],464:56[0.18000000000000002],465:114[0.15],)	506	-54.95	-799.714110671937	-10000.0	9	10.132	15	8	(0.05183406087146938,0.07581980081548287,0.0725534241959459,0.08399525722828909,0.07812836627883434,0.038500149439270576,)
8	581696469179663	5062	5	(456:101[0.12999999999999998],458:87[0.16],463:87[0.13999999999999999],464:60[0.19000000000000003],465:171[0.13999999999999999],)	506	-54.95	-627.6199209486166	-10000.0	9	10.44	16	8	(0.06411527046673572,0.07381362485599155,0.09151123166057618,0.0786209022454779,0.062445283796378426,)
9	581859805397453	5591	4	(456:116[0.11999999999999998],458:134[0.17],463:84[0.15],465:171[0.12999999999999998],)	505	-50.44	-806.4173663366334	-10000.0	10	10.316	16	8	(0.07235924064411686,0.09475124247381399,0.08847824633428197,0.07489217120767337,)
10	582066723940519	6107	5	(456:69[0.12999999999999998],458:178[0.16],463:20[0.16],465:221[0.11999999999999998],477:16[0.15],)	504	-50.25	-1093.8167063492062	-10000.0	9	10.86	16	8	(0.07840230369127602,0.09650263296832617,0.10349112702849325,0.05910498638823413,0.07126848084291103,)
11	582263239377809	6611	6	(456:49[0.13999999999999999],458:22[0.15],463:79[0.17],465:95[0.10999999999999999],477:227[0.16],478:33[0.15],)	505	-49.53	-970.6004752475245	-10000.0	10	11.088	17	8	(0.08581179078286401,0.10504538828168787,0.07023059167809738,0.06417987500852738,0.03371376560580778,0.07224969046504666,)
12	582470703841410	7112	6	(456:53[0.15],458:64[0.16],463:122[0.18000000000000002],465:109[0.09999999999999999],477:118[0.15],478:40[0.16],)	506	-47.16	-1072.804861660079	-10000.0	11	11.044	15	8	(0.07063789756976406,0.10907471753817743,0.08971801411497903,0.07463454647999693,0.0626011476189664,0.08591404516293043,)
13	582714816892280	7635	6	(456:42[0.16],458:148[0.17],463:23[0.17],465:220[0.09],477:29[0.13999999999999999],484:44[0.15],)	506	-46.98	-1020.5454347826088	-10000.0	8	11.466	16	8	(0.06035858203449075,0.06233055679270755,0.08649381281965261,0.04476418055201401,0.06780852134010497,0.07286475644986833,)
14	582957072020719	8135	6	(456:67[0.17],458:43[0.16],463:50[0.18000000000000002],465:162[0.08],477:56[0.15],484:128[0.16],)	506	-46.98	-1232.7023320158103	-10000.0	8	11.492	16	8	(0.058687360618215334,0.07908575257443752,0.0459673405932147,0.036999941818394284,0.06480331430006053,0.05932267324861211,)
15	583147245489845	8640	5	(456:43[0.18000000000000002],463:65[0.19000000000000003],465:89[0.07],477:191[0.16],484:118[0.15],)	506	-47.16	-1001.8203754940711	-10000.0	11	11.63	17	8	(0.0687572863069426,0.05656164358146381,0.0546832221859182,0.0723690159656659,0.052568530299159484,)
16	583435868739065	9150	5	(456:64[0.19000000000000003],463:47[0.20000000000000004],465:194[0.08],477:77[0.15],484:123[0.13999999999999999],)	505	-47.16	-1350.2437227722771	-10000.0	11	11.734	18	8	(0.06745457637412845,0.08096201305618558,0.04966061557080532,0.08576686447534881,0.0583823337675373,)
17	583729623304836	9657	6	(456:74[0.20000000000000004],463:38[0.21000000000000005],465:44[0.07],477:154[0.16],484:158[0.12999999999999998],486:37[0.15],)	505	-47.06	-1362.609326732673	-10000.0	12	12.07	17	8	(0.05835121685545187,0.09513886768449521,0.05859124334867341,0.0967678948184665,0.07283266426525423,0.11093741058453807,)
18	584251243631376	10157	6	(456:31[0.21000000000000005],463:62[0.22000000000000006],465:66[0.08],477:25[0.15],484:105[0.11999999999999998],486:217[0.16],)	506	-47.06	-2005.0791304347827	-10000.0	12	12.706	17	8	(0.08395359951023457,0.04425317069752814,0.0448901897914399,0.06229904172614335,0.04462176480243481,0.03616314765860074,)
19	584660312944835	10657	6	(456:40[0.22000000000000006],463:32[0.23000000000000007],465:83[0.09],477:76[0.16],484:104[0.10999999999999999],486:171[0.15],)	506	-47.06	-1549.8501976284585	-10000.0	12	12.874	18	8	(0.07380835148166341,0.06665750639009996,0.039007060971397126,0.06400929702415696,0.06000559201654002,0.0394298410005445,)
20	584911543361733	11157	6	(456:27[0.23000000000000007],463:35[0.24000000000000007],465:65[0.08],477:66[0.17],484:61[0.09999999999999999],486:252[0.13999999999999999],)	506	-46.96	-1081.38814229249	-10000.0	11	12.71	18	8	(0.07018244202498043,0.11440824129449711,0.03788908578897538,0.06420316066993638,0.05732049500141259,0.053149853491013345,)
21	585147760893809	11657	6	(456:24[0.24000000000000007],463:59[0.25000000000000006],465:19[0.09],477:58[0.18000000000000002],484:184[0.10999999999999999],486:162[0.12999999999999998],)	506	-46.96	-1015.4718379446639	-10000.0	11	12.378	18	8	(0.04689812620236261,0.09907394844137064,0.0341426703561608,0.10049715905408076,0.06973785171380134,0.0553431381293758,)
22	585425278679617	12185	4	(463:35[0.26000000000000006],465:191[0.09999999999999999],477:162[0.19000000000000003],484:118[0.09999999999999999],)	506	-47.06	-1036.9325494071145	-10000.0	12	12.468	20	8	(0.054734178939634684,0.05343555806236508,0.08107569329427901,0.05515181877976781,)
23	585740977721471	12685	4	(463:36[0.2700000000000001],465:77[0.09],477:226[0.18000000000000002],484:165[0.10999999999999999],)	504	-47.06	-1172.8966468253966	-10000.0	12	13.39	19	8	(0.12970375863971517,0.05810529354211316,0.06835078133151169,0.05779577048088442,)
24	586089333282307	13185	4	(463:139[0.2800000000000001],465:271[0.09999999999999999],477:63[0.17],484:31[0.09999999999999999],)	504	-46.38	-1481.3252976190474	-10000.0	9	12.822	19	8	(0.11836371584872452,0.0563515791697169,0.07455161764526705,0.07864273932844432,)
25	586356411729155	13687	4	(463:174[0.2700000000000001],465:101[0.09],477:134[0.18000000000000002],484:95[0.10999999999999999],)	504	-46.38	-1093.7033134920634	-10000.0	9	12.786	20	8	(0.1523427892202519,0.06122358715659876,0.07939074784065785,0.07006858197861535,)
26	586680580509259	14188	4	(463:63[0.26000000000000006],465:258[0.09999999999999999],477:134[0.17],484:49[0.11999999999999998],)	504	-46.38	-1231.0601984126986	-10000.0	9	13.656	20	8	(0.12879558807958444,0.05462045023614691,0.06606783757734941,0.07782892531178459,)
27	586890952314522	14688	5	(463:126[0.2700000000000001],465:89[0.09],477:139[0.16],484:130[0.12999999999999998],491:20[0.15],)	504	-43.59	-871.7227976190477	-10000.0	13	13.332	21	8	(0.09857793381089998,0.05711288723919717,0.08577311227835277,0.09585405932276575,0.07918158873846486,)
28	587087162647837	15188	5	(463:26[0.26000000000000006],465:89[0.09999999999999999],477:55[0.15],484:176[0.11999999999999998],491:159[0.16],)	505	-43.59	-867.7343762376239	-10000.0	13	12.526	21	8	(0.17375026872019153,0.05538866113334684,0.06904107390235008,0.08636843648899528,0.09631594339723949,)
29	587284338948115	15688	5	(463:149[0.2700000000000001],465:113[0.10999999999999999],477:74[0.16],484:66[0.10999999999999999],491:103[0.15],)	505	-43.59	-907.5285346534653	-10000.0	13	12.866	21	8	(0.08592322070114337,0.06925839064426856,0.07078371340629014,0.0743828876853667,0.07227801426372842,)
30	587493976891772	16200	5	(463:116[0.26000000000000006],465:104[0.09999999999999999],477:23[0.17],484:155[0.11999999999999998],491:107[0.13999999999999999],)	505	-43.59	-950.2095841584155	-10000.0	13	12.132	21	8	(0.14057277605855253,0.06117916855780348,0.04563062055358551,0.07483571305691256,0.0798633682185887,)
31	587730127796894	16711	6	(463:125[0.25000000000000006],465:89[0.09],477:16[0.18000000000000002],484:110[0.10999999999999999],491:84[0.12999999999999998],493:81[0.15],)	505	-43.59	-1123.5916831683166	-10000.0	13	12.052	21	8	(0.11708895460406518,0.07248828345742558,0.1149731942046127,0.06911762966439909,0.08813885985541792,0.1014442846746178,)
32	588077230644373	17218	6	(463:78[0.24000000000000005],465:50[0.08],477:206[0.19000000000000003],484:68[0.09999999999999999],491:83[0.11999999999999998],493:21[0.16],)	506	-43.59	-1428.2466403162055	-10000.0	13	12.82	22	8	(0.097628886674258,0.044226006243488714,0.09617840299056683,0.08720215447389339,0.08774948331290261,0.12162137234350154,)
33	588366527303484	17718	6	(463:63[0.25000000000000006],465:44[0.09],477:82[0.18000000000000002],484:83[0.10999999999999999],491:201[0.10999999999999999],493:33[0.17],)	506	-43.59	-1265.700731225296	-10000.0	13	12.784	23	8	(0.10942968097607367,0.05883042223130606,0.0964508364415618,0.07683939706018034,0.060967732111484714,0.09587914272966949,)
34	588784360735996	18254	5	(463:41[0.26000000000000006],465:88[0.09999999999999999],477:150[0.19000000000000003],484:170[0.09999999999999999],491:57[0.09999999999999999],)	506	-46.84	-1389.3827075098811	-10000.0	15	13.244	23	8	(0.16614997153898056,0.07734430198399135,0.1027310644560183,0.05313188957709644,0.07837719555810746,)
35	589119739377335	18759	8	(463:30[0.2700000000000001],465:85[0.10999999999999999],477:107[0.18000000000000002],484:60[0.09],491:130[0.10999999999999999],499:19[0.15],500:21[0.15],501:53[0.15],)	505	-46.84	-1309.2039603960395	-10000.0	15	13.074	23	8	(0.1549661396947186,0.0707739350042948,0.07394229540114157,0.05583780012279074,0.06816388567474306,0.0619538311668169,0.09966074710936747,0.0745933437704167,)
36	589394404970151	19262	7	(465:124[0.09999999999999999],477:45[0.17],484:73[0.09999999999999999],491:47[0.09999999999999999],499:30[0.16],500:31[0.16],501:158[0.16],)	508	-46.84	-1025.6261614173227	-10000.0	15	13.106	23	8	(0.06412425957372873,0.07070531647396401,0.061493220828975015,0.0654325676812829,0.04214647944467221,0.0564296185708223,0.0707953674041886,)
37	589665597188507	19776	6	(465:66[0.09],477:213[0.18000000000000002],484:58[0.09],499:55[0.17],500:48[0.17],501:67[0.15],)	507	-46.61	-826.251163708087	-10000.0	13	14.244	23	8	(0.06665351548435117,0.09581962584346639,0.07749595535949458,0.05526809790544811,0.09507973856936397,0.09099479998466958,)
38	589951582267059	20277	7	(465:111[0.09999999999999999],477:93[0.17],484:122[0.09999999999999999],499:68[0.18000000000000002],500:45[0.18000000000000002],501:15[0.16],504:52[0.15],)	506	-46.6	-1007.8412648221345	-10000.0	9	13.442	24	8	(0.06595166741045518,0.06605649740075363,0.05957010391296938,0.08238437108937743,0.10108615938564003,0.08231496259939147,0.0836731511645777,)
39	590189504435453	20777	7	(465:34[0.09],477:60[0.16],484:60[0.09],499:18[0.19000000000000003],500:51[0.19000000000000003],501:147[0.17],504:137[0.16],)	507	-46.6	-997.9111439842211	-10000.0	9	12.47	22	8	(0.07571843924623904,0.0827982437083024,0.06425640334069303,0.07649780604035523,0.07361575534126412,0.05982844543061699,0.08394794007307434,)
40	590457956996568	21277	7	(465:50[0.09999999999999999],477:39[0.17],484:116[0.09999999999999999],499:42[0.20000000000000004],500:84[0.20000000000000004],501:113[0.16],504:63[0.15],)	507	-46.6	-1175.5489151873767	-10000.0	9	13.008	21	8	(0.06102982464403347,0.06980943620625632,0.050799974782842414,0.054634532674383965,0.07954740759986757,0.05393324990678509,0.08447499348352076,)
41	590723059213626	21777	7	(465:94[0.10999999999999999],477:92[0.18000000000000002],484:116[0.09],499:22[0.21000000000000005],500:65[0.19000000000000003],501:51[0.15],504:67[0.16],)	507	-46.51	-1117.7078500986195	-10000.0	17	13.196	22	8	(0.07854557880701363,0.046698241557137046,0.04938115154941728,0.07384763414749064,0.08085484121973784,0.0714634669797909,0.06712089772171569,)
42	591041453071925	22288	7	(465:40[0.09999999999999999],477:56[0.17],484:92[0.08],499:37[0.22000000000000006],500:42[0.20000000000000004],501:75[0.16],504:165[0.17],)	507	-46.51	-1443.1942998027612	-10000.0	17	12.502	22	8	(0.06863877328236759,0.06969749628407482,0.05182154532908561,0.08165199754181189,0.10794406629634859,0.08511974638974332,0.10799927491161443,)
43	591269300878239	22792	6	(465:109[0.10999999999999999],477:54[0.18000000000000002],484:76[0.07],500:103[0.21000000000000005],501:70[0.15],504:95[0.16],)	507	-46.4	-925.0256015779094	-10000.0	15	13.232	22	8	(0.08282057973234648,0.04888173012442893,0.04837745617042833,0.08275000006204467,0.06831919493228351,0.08387692605825893,)
44	591438461237532	23292	6	(465:87[0.09999999999999999],477:102[0.19000000000000003],484:90[0.08],500:87[0.20000000000000004],501:91[0.16],504:49[0.15],)	506	-46.4	-750.9077865612647	-10000.0	15	13.074	23	8	(0.07369627993750985,0.07362029143021682,0.04521320701659565,0.08807622945540133,0.056191711972482926,0.08590459101684461,)
45	591710434762961	23792	6	(465:79[0.09],477:100[0.18000000000000002],484:61[0.07],500:73[0.19000000000000003],501:129[0.15],504:64[0.16],)	506	-46.4	-1089.1516996047428	-10000.0	15	12.804	23	8	(0.06756251511541403,0.07612923258766952,0.04979196262681742,0.09582860433806116,0.07551549379752098,0.08577218359876537,)
46	591947035901669	24292	6	(465:52[0.09999999999999999],477:56[0.17],484:140[0.08],500:55[0.20000000000000004],501:109[0.13999999999999999],504:94[0.17],)	506	-46.4	-980.4175098814228	-10000.0	15	13.146	23	8	(0.0678072300995901,0.09352925905383377,0.05016879273478493,0.08791781637951085,0.08981085120077321,0.08605991131132311,)
47	592231633804664	24792	6	(465:77[0.10999999999999999],477:72[0.18000000000000002],484:50[0.07],500:108[0.21000000000000005],501:81[0.12999999999999998],504:118[0.16],)	506	-46.4	-1103.7483003952573	-10000.0	15	13.356	23	8	(0.06589676966763032,0.0711943152464142,0.05746921549570222,0.07402192833910762,0.06602404292968593,0.091438011281553,)
48	592468627505735	25292	6	(465:82[0.11999999999999998],477:75[0.19000000000000003],484:68[0.08],500:172[0.20000000000000004],501:47[0.13999999999999999],504:62[0.15],)	506	-46.4	-887.6751778656126	-10000.0	15	13.568	24	8	(0.0744748041055648,0.06846108302130122,0.05886850777942761,0.08102734731806835,0.08616058368247208,0.07859435902896848,)
49	592674956514347	25807	5	(477:102[0.20000000000000004],484:86[0.09],500:110[0.19000000000000003],501:83[0.15],504:125[0.16],)	506	-46.05	-703.0746245059288	-10000.0	11	14.32	24	8	(0.05368659862553916,0.050595584019801715,0.08041867213831456,0.05834270440178145,0.0995075354579458,)
50	592891143918005	26313	5	(477:80[0.19000000000000003],484:117[0.09999999999999999],500:169[0.18000000000000002],501:118[0.16],504:21[0.15],)	505	-46.05	-641.2145148514852	-10000.0	11	14.76	24	8	(0.06994306502272535,0.06330339209267598,0.09795287161739862,0.0980288649714431,0.09262795653132569,)
51	593077818148245	26813	5	(477:147[0.20000000000000004],484:39[0.09],500:109[0.17],501:79[0.15],504:131[0.16],)	505	-46.05	-715.9698415841585	-10000.0	11	13.22	24	8	(0.11031487835872557,0.07107331750845611,0.12194119810524572,0.07214336623178144,0.07640472194509901,)
52	593347983921856	27313	5	(477:121[0.19000000000000003],484:93[0.09999999999999999],500:63[0.16],501:139[0.16],504:89[0.15],)	505	-46.05	-1001.7323960396039	-10000.0	11	13.164	24	8	(0.05881498992846035,0.08194725693115629,0.040525482839610175,0.08105335678401548,0.07396945047975753,)
53	593537007107688	27813	5	(477:74[0.18000000000000002],484:105[0.10999999999999999],500:132[0.17],501:107[0.15],504:87[0.16],)	505	-46.05	-757.0272871287127	-10000.0	11	13.476	24	8	(0.08388232251385616,0.08183968144642315,0.05730373320275462,0.0913865689405889,0.09311025824573556,)
54	593799858368205	28313	5	(477:74[0.19000000000000003],484:60[0.09999999999999999],500:196[0.16],501:99[0.13999999999999999],504:76[0.17],)	505	-46.05	-912.2518613861389	-10000.0	11	13.636	25	8	(0.11267653130143533,0.07956062017587777,0.06318650707796425,0.09226270576032551,0.08537692573697182,)
55	594142938016076	28832	5	(477:43[0.20000000000000004],484:108[0.10999999999999999],500:131[0.15],501:175[0.15],504:48[0.18000000000000002],)	505	-46.08	-1140.9905544554456	-10000.0	12	14.726	26	8	(0.09905788724852757,0.09043703872655912,0.07516972526929465,0.0912723020312063,0.0992224683374685,)
56	594433694211943	29335	5	(477:196[0.21000000000000005],484:44[0.09999999999999999],500:103[0.13999999999999999],501:93[0.13999999999999999],504:69[0.19000000000000003],)	505	-46.08	-964.9467920792079	-10000.0	12	14.162	27	8	(0.08284800847078297,0.06955597296789097,0.07452623248481485,0.09181121841126816,0.07256642109182984,)
57	594592449475021	29838	4	(484:174[0.10999999999999999],500:64[0.12999999999999998],501:139[0.15],504:128[0.20000000000000004],)	505	-46.08	-610.8543960396039	-10000.0	12	13.552	27	8	(0.054233082354486976,0.09550800917184392,0.10185434896848392,0.06542762068832532,)
58	594883429422966	30338	5	(484:113[0.09999999999999999],500:78[0.13999999999999999],501:139[0.13999999999999999],504:140[0.19000000000000003],512:34[0.15],)	504	-46.08	-1030.3442857142857	-10000.0	12	13.794	28	8	(0.04753408387899595,0.09456740727931248,0.08561561500630775,0.11088810974825364,0.09846655511227606,)
59	595169086701785	30859	4	(484:74[0.09],501:86[0.12999999999999998],504:87[0.18000000000000002],512:258[0.16],)	505	-46.08	-970.9804356435639	-10000.0	12	14.036	28	8	(0.06653279210696855,0.09227736281784756,0.09456282393999477,0.05012008509331602,)
60	595474569577074	31374	4	(484:174[0.09999999999999999],501:45[0.13999999999999999],504:99[0.19000000000000003],512:186[0.15],)	504	-46.08	-1052.326845238095	-10000.0	12	13.734	28	8	(0.06371437411036052,0.07886511316418618,0.09129161406116464,0.06339946668441092,)
61	595792404937037	31874	4	(484:143[0.09],501:21[0.15],504:155[0.20000000000000004],512:185[0.13999999999999999],)	504	-46.08	-1171.2557738095238	-10000.0	12	13.846	20	8	(0.05377041621024054,0.08905999364665838,0.09955776856903222,0.07173288117015211,)
62	596083780242277	32385	4	(484:185[0.08],501:40[0.16],504:93[0.19000000000000003],512:186[0.12999999999999998],)	504	-46.08	-909.46875	-10000.0	12	13.922	21	9	(0.05592723077792475,0.10368413186488568,0.08988639042763727,0.05237956166168927,)
63	596354828915991	32885	4	(484:37[0.07],501:157[0.17],504:75[0.20000000000000004],512:235[0.11999999999999998],)	504	-45.35	-850.5462500000002	-10000.0	12	14.314	21	10	(0.05190740899271318,0.08411436946069066,0.1010827003920949,0.06709428631035148,)
64	596616350098340	33393	5	(484:85[0.08],501:166[0.16],504:128[0.21000000000000005],512:46[0.10999999999999999],518:79[0.15],)	504	-45.35	-858.4131547619048	-10000.0	12	14.67	20	9	(0.05485849046848865,0.10332234528037311,0.10990519703961063,0.09489299442741819,0.0889165688751357,)
65	596880623213562	33893	5	(484:109[0.09],501:54[0.15],504:113[0.20000000000000004],512:190[0.11999999999999998],518:39[0.16],)	505	-45.35	-943.205089108911	-10000.0	12	14.838	21	8	(0.05919266554875424,0.07119417645312033,0.08453152382293369,0.049690967016250254,0.06072025331922554,)
66	597081474157655	34393	6	(484:64[0.08],501:148[0.16],504:15[0.19000000000000003],512:180[0.10999999999999999],518:71[0.17],519:27[0.15],)	505	-45.35	-714.7754851485148	-10000.0	12	14.91	20	8	(0.06293847169117761,0.08597018295283171,0.11099350937251157,0.07509694953749516,0.0970475416269798,0.09309398717232556,)
67	597341657392426	34893	6	(484:93[0.09],501:30[0.15],504:85[0.20000000000000004],512:158[0.09999999999999999],518:57[0.18000000000000002],519:83[0.16],)	506	-45.35	-892.055750988142	-10000.0	12	14.356	20	8	(0.04833497114300303,0.05879543555681986,0.08108290308090896,0.06827502795671252,0.08964873212142917,0.09584128555291285,)
68	597572258927051	35398	6	(484:164[0.08],501:78[0.16],504:61[0.19000000000000003],512:40[0.09],518:121[0.19000000000000003],519:42[0.15],)	506	-45.35	-728.375375494071	-10000.0	12	15.242	21	9	(0.046786316819056636,0.07627010874598608,0.09568989905021182,0.05442462551357048,0.07933475703000491,0.10591284840224047,)
69	597969284289753	35898	6	(484:116[0.07],501:198[0.17],504:53[0.20000000000000004],512:58[0.09999999999999999],518:40[0.18000000000000002],519:41[0.16],)	506	-45.35	-1252.9510079051388	-10000.0	12	15.08	22	9	(0.056393839118604884,0.08584573692551431,0.09088310039079465,0.06852342215316648,0.07839562346104381,0.04160350049717206,)
70	598264552030756	36398	6	(484:53[0.060000000000000005],501:51[0.16],504:57[0.21000000000000005],512:131[0.10999999999999999],518:109[0.19000000000000003],519:105[0.17],)	506	-45.35	-898.3896837944665	-10000.0	12	15.356	21	9	(0.042484229288321546,0.07108471737253175,0.08601049989136114,0.05390079710740355,0.07381347238710242,0.0949896194656764,)
71	598625588861533	36898	6	(484:184[0.07],501:82[0.17],504:55[0.22000000000000006],512:63[0.09999999999999999],518:74[0.18000000000000002],519:48[0.16],)	506	-45.35	-1150.4381027667987	-10000.0	12	15.03	21	9	(0.04682668736390103,0.09498917426487835,0.09756769658989117,0.0661411917420248,0.09111903388011706,0.05066533952637967,)
72	598827381519513	37398	6	(484:32[0.060000000000000005],501:95[0.18000000000000002],504:85[0.23000000000000007],512:123[0.10999999999999999],518:25[0.19000000000000003],519:146[0.17],)	506	-45.35	-628.260553359684	-10000.0	12	15.652	21	9	(0.033894076245939424,0.062155358098761986,0.07372687152774661,0.0755747058778745,0.06840943240350482,0.09298820880485485,)
73	599066253840878	37898	6	(484:87[0.07],501:107[0.17],504:19[0.22000000000000006],512:100[0.09999999999999999],518:116[0.20000000000000004],519:77[0.16],)	506	-43.29	-796.8184189723323	-10000.0	19	15.52	21	9	(0.042242703677974516,0.10192959033708666,0.07484426721601502,0.06311504755032432,0.08590376163706483,0.07249180423496546,)
74	599314192668343	38398	6	(484:123[0.060000000000000005],501:67[0.16],504:24[0.23000000000000007],512:83[0.09],518:48[0.19000000000000003],519:161[0.17],)	506	-43.29	-885.4579841897237	-10000.0	19	15.294	22	10	(0.04065214396018441,0.08983772580845859,0.08700505878379598,0.06276257307110547,0.051439245098430474,0.07719435942916612,)
75	599571999820170	38898	6	(484:82[0.05],501:46[0.17],504:16[0.24000000000000007],512:49[0.08],518:133[0.20000000000000004],519:180[0.16],)	506	-43.29	-795.6327470355731	-10000.0	19	15.422	22	9	(0.033050937573913655,0.0798041314561433,0.08828434872359633,0.03617929080287531,0.09156950753941094,0.05758294962403473,)
76	599843083885367	39398	6	(484:67[0.060000000000000005],501:97[0.18000000000000002],504:34[0.25000000000000006],512:90[0.09],518:76[0.19000000000000003],519:142[0.15],)	506	-43.29	-884.4130830039527	-10000.0	19	15.368	23	10	(0.03787229722142135,0.06601755767164866,0.09639204807424748,0.0617702638818,0.05420162810990367,0.05319189597158211,)
77	600096364045958	39898	6	(484:188[0.07],501:35[0.17],504:56[0.26000000000000006],512:103[0.08],518:34[0.20000000000000004],519:90[0.13999999999999999],)	506	-43.29	-746.2529446640318	-10000.0	19	15.194	21	9	(0.036411181569050995,0.08216389454537028,0.08250334737197565,0.037919490314496776,0.06616727410452772,0.06978399281552931,)
78	600444280972066	40407	5	(501:117[0.18000000000000002],504:39[0.2700000000000001],512:75[0.07],518:103[0.21000000000000005],519:172[0.12999999999999998],)	506	-43.29	-956.2483003952567	-10000.0	19	15.952	22	10	(0.07373546293537517,0.09584585319057497,0.05923509001755207,0.07744429568140476,0.05683965415377805,)
79	600742780435490	40920	4	(501:159[0.17],504:126[0.2800000000000001],512:144[0.08],518:76[0.20000000000000004],)	505	-43.29	-783.0337425742575	-10000.0	19	16.51	22	10	(0.0850958525203327,0.08593142888802885,0.05407350939673272,0.07055095890539154,)
80	601063774898803	41420	4	(501:132[0.16],504:116[0.2700000000000001],512:65[0.07],518:191[0.21000000000000005],)	504	-43.29	-838.6151388888889	-10000.0	19	16.674	22	10	(0.10120352283507515,0.07076949614055442,0.05264381469957772,0.06747249934130747,)
81	601267636794842	41920	4	(501:72[0.15],504:158[0.2800000000000001],512:211[0.08],518:63[0.20000000000000004],)	504	-42.04	-553.3913095238097	-10000.0	19	16.536	22	10	(0.07296568770042743,0.10308412436818494,0.05005984328165635,0.09276401570644083,)
82	601643117123181	42420	4	(501:146[0.16],504:138[0.2700000000000001],512:85[0.07],518:135[0.21000000000000005],)	504	-42.04	-923.2907142857143	-9985.96	19	17.118	23	10	(0.059642023576650674,0.09161505638776656,0.04953361137430135,0.07397156541094407,)
83	601984381597533	42920	4	(501:199[0.15],504:84[0.26000000000000006],512:206[0.08],518:15[0.20000000000000004],)	504	-42.04	-917.3183134920636	-10000.0	19	17.04	23	11	(0.08587360870444403,0.06313252654024468,0.05999390971384163,0.08301281856899635,)
84	602379997872343	43420	4	(501:191[0.13999999999999999],504:130[0.2700000000000001],512:53[0.07],518:130[0.21000000000000005],)	504	-42.04	-1236.114484126984	-10000.0	19	17.064	24	10	(0.08099340403108474,0.07822262025371533,0.0462015616128222,0.0882824043655777,)
85	602708663640781	43920	4	(501:61[0.12999999999999998],504:66[0.26000000000000006],512:122[0.08],518:255[0.20000000000000004],)	504	-42.04	-859.835992063492	-10000.0	19	16.936	23	10	(0.05862408768229177,0.06651661987678875,0.05929027883748308,0.05526917341433161,)
86	603045914730956	44432	3	(504:165[0.2700000000000001],512:153[0.09],518:186[0.19000000000000003],)	504	-42.04	-812.9413690476194	-10000.0	19	17.42	24	10	(0.09082282835596042,0.055452613258483316,0.06393412646939524,)
87	603287560073516	44932	3	(504:118[0.2800000000000001],512:174[0.09999999999999999],518:211[0.18000000000000002],)	503	-42.04	-521.9467992047713	-10000.0	19	17.448	23	10	(0.08351735536169082,0.06515838696992325,0.07526808766896612,)
88	603583942608035	45432	3	(504:294[0.2900000000000001],512:51[0.09],518:158[0.17],)	503	-42.04	-723.5648906560635	-10000.0	19	17.75	24	11	(0.09564652701183003,0.07079726263716773,0.0821186842898986,)
89	603927457801571	45932	3	(504:136[0.2800000000000001],512:186[0.09999999999999999],518:181[0.18000000000000002],)	503	-42.04	-912.0094831013917	-10000.0	19	17.28	25	10	(0.09199375309641197,0.06288739107978471,0.07689320101998096,)
90	604305238003222	46432	3	(504:241[0.2900000000000001],512:106[0.09],518:156[0.17],)	503	-42.04	-851.1026838966203	-10000.0	19	17.43	25	11	(0.08730050877107055,0.06761093911176551,0.06215107377790965,)
91	604563291141259	46932	3	(504:101[0.2800000000000001],512:252[0.09999999999999999],518:150[0.18000000000000002],)	503	-42.04	-660.5095228628231	-10000.0	19	17.104	23	10	(0.09354331320245574,0.05656169995405159,0.06632067579536494,)
92	604921092563998	47432	3	(504:153[0.2900000000000001],512:142[0.09],518:208[0.19000000000000003],)	503	-42.04	-851.2991848906561	-10000.0	19	17.79	24	11	(0.09413978212463855,0.06687948618314504,0.0896220871010461,)
93	605208896796053	47932	3	(504:82[0.3000000000000001],512:200[0.09999999999999999],518:221[0.18000000000000002],)	503	-42.04	-695.9160238568588	-10000.0	19	17.472	24	10	(0.1020167490037537,0.07852341003935437,0.07912667949708713,)
94	605562041944556	48432	3	(504:205[0.3100000000000001],512:117[0.09],518:181[0.17],)	503	-42.04	-764.9359840954276	-10000.0	19	17.988	25	12	(0.09854925427177286,0.06618726804110303,0.060830311832410215,)
95	605882997666037	48932	3	(504:146[0.3000000000000001],512:173[0.09999999999999999],518:184[0.16],)	503	-42.04	-729.8961829025843	-10000.0	19	17.788	25	11	(0.08092178548785446,0.061292848327850105,0.06009174495292564,)
96	606210813799133	49432	3	(504:171[0.3100000000000001],512:141[0.09],518:191[0.15],)	503	-42.04	-732.66337972167	-10000.0	19	17.798	25	10	(0.08958304085826362,0.05581530039951805,0.09912911678517795,)
97	606651533174758	49932	3	(504:106[0.3000000000000001],512:206[0.09999999999999999],518:191[0.13999999999999999],)	503	-42.04	-1011.6858648111332	-10000.0	19	17.388	26	10	(0.12699080995215903,0.06336555914576297,0.05967240568715169,)
98	606928514331829	50432	3	(504:183[0.3100000000000001],512:132[0.09],518:188[0.12999999999999998],)	503	-42.04	-663.8459642147118	-10000.0	19	17.628	24	9	(0.11252213439498189,0.06457781984284519,0.08946027895617448,)
99	607276176017155	50932	3	(504:102[0.3000000000000001],512:218[0.09999999999999999],518:183[0.11999999999999998],)	503	-42.04	-851.4007554671969	-10000.0	19	17.444	24	9	(0.12581611321107689,0.06243914661910017,0.0729557507900017,)
100	607601315643130	51432	3	(504:185[0.3100000000000001],512:174[0.09],518:144[0.10999999999999999],)	503	-42.04	-757.8509741550697	-10000.0	19	17.156	24	9	(0.11146672382717643,0.05251195739817184,0.057884743371061975,)
101	607947933490928	51932	3	(504:168[0.3000000000000001],512:67[0.08],518:268[0.11999999999999998],)	503	-41.32	-805.8349105367791	-10000.0	22	17.778	25	9	(0.12778164292904653,0.06487297399889193,0.07808813315609803,)
102	608350109751697	52432	3	(504:284[0.2900000000000001],512:166[0.09],518:53[0.10999999999999999],)	503	-41.32	-911.724055666004	-9982.09	22	17.348	24	9	(0.12401252156023695,0.057922967582386416,0.07708422010699324,)
103	608762679691526	52932	3	(504:269[0.2800000000000001],512:25[0.08],518:209[0.11999999999999998],)	503	-41.32	-966.0415308151094	-10000.0	22	17.338	24	9	(0.09623766280876046,0.05220250533583078,0.08680653435058396,)
104	609154117166108	53432	3	(504:240[0.2700000000000001],512:87[0.09],518:176[0.10999999999999999],)	503	-41.32	-1205.472226640159	-10000.0	22	16.306	25	8	(0.11255987388473981,0.0648779653712242,0.07208265520967244,)
105	609648026515199	53932	3	(504:138[0.26000000000000006],512:312[0.09999999999999999],518:53[0.09999999999999999],)	503	-41.32	-1662.1235387673955	-10000.0	22	15.17	26	9	(0.12524271531189604,0.04952146161514986,0.056146668626698364,)
106	610021169935623	54432	3	(504:176[0.2700000000000001],512:258[0.09],518:69[0.10999999999999999],)	503	-41.32	-1016.1396620278333	-10000.0	22	15.614	26	8	(0.15415297385623658,0.06110478638660532,0.06997608729175832,)
107	610292066789361	54932	3	(504:261[0.26000000000000006],512:103[0.08],518:139[0.11999999999999998],)	503	-41.32	-706.7523260437376	-10000.0	22	16.64	24	9	(0.12181403606615417,0.04861116361873484,0.0614438129934672,)
108	610709911699726	55432	3	(504:125[0.25000000000000006],512:120[0.09],518:258[0.12999999999999998],)	503	-41.32	-1051.5083697813122	-10000.0	22	16.888	24	9	(0.1450894965769904,0.056259674411692544,0.06928431405816941,)
109	610990721451571	55932	3	(504:161[0.26000000000000006],512:229[0.09999999999999999],518:113[0.11999999999999998],)	503	-41.32	-635.3226441351889	-10000.0	22	17.316	25	10	(0.09878475417949763,0.051702363384799555,0.06441037394336376,)
110	611381310371706	56432	3	(504:208[0.2700000000000001],512:219[0.09],518:76[0.12999999999999998],)	503	-41.29	-852.9094632206755	-10000.0	22	17.57	26	10	(0.1351019193636723,0.0634964120968123,0.08731635331389716,)
111	611770939391068	56932	3	(504:223[0.26000000000000006],512:105[0.08],518:175[0.13999999999999999],)	503	-41.29	-932.8267196819087	-10000.0	22	17.754	27	9	(0.0725064376495193,0.06186223729012548,0.079433144864869,)
112	612279791170400	57437	3	(504:177[0.25000000000000006],512:226[0.09],518:100[0.12999999999999998],)	503	-41.29	-1093.8899602385688	-10000.0	22	17.646	25	8	(0.03927298526695317,0.06096348766716437,0.07600357941179632,)
113	612791541697537	57948	3	(504:213[0.24000000000000005],512:141[0.08],518:149[0.13999999999999999],)	503	-41.29	-1176.3316500994035	-10000.0	22	17.798	26	10	(0.044518281405624055,0.05996388527115311,0.07301951259988959,)
114	613297357397667	58448	3	(504:191[0.23000000000000004],512:57[0.09],518:255[0.15],)	503	-41.29	-1025.842902584493	-10000.0	22	17.902	26	9	(0.037477766000375556,0.06886224919130154,0.06987617915149721,)
115	613842512612278	58948	3	(504:257[0.22000000000000003],512:149[0.09999999999999999],518:97[0.13999999999999999],)	503	-41.29	-965.4861232604371	-10000.0	22	19.11	27	9	(0.07717409932230673,0.07656040117780709,0.09831433703714398,)
116	614436449316254	59448	3	(504:297[0.21000000000000002],512:144[0.10999999999999999],518:62[0.15],)	503	-41.29	-1030.0133598409539	-10000.0	22	19.73	27	9	(0.05044994436743208,0.06863085979369059,0.06741620184657145,)
117	614902158803279	59948	3	(504:224[0.2],512:56[0.11999999999999998],518:223[0.16],)	503	-41.29	-891.3775745526839	-10000.0	22	18.3	28	8	(0.04455376976129085,0.08436607695769892,0.07434075366522529,)
118	615414085582425	60448	3	(504:237[0.19],512:71[0.12999999999999998],518:195[0.15],)	503	-41.29	-1017.2746719681907	-10000.0	22	18.694	28	9	(0.04157880898614454,0.08892130709701762,0.0784113090688971,)
119	616072250185965	60955	3	(504:219[0.18],512:97[0.13999999999999999],518:187[0.13999999999999999],)	503	-41.29	-1253.099761431411	-10000.0	22	18.474	29	9	(0.07489309380495032,0.07197397431857201,0.08224661139462669,)
120	616763069106441	61455	3	(504:256[0.16999999999999998],512:160[0.15],518:87[0.12999999999999998],)	503	-41.29	-1109.3149701789262	-10000.0	22	19.484	29	9	(0.05728333501895589,0.09095866415153418,0.09655922245120127,)
121	617458560418320	61955	3	(504:303[0.15999999999999998],512:143[0.16],518:57[0.13999999999999999],)	503	-41.29	-1185.9325844930424	-10000.0	22	19.434	29	9	(0.05175743513200203,0.08433256570191085,0.07258704932545346,)
122	617929866971530	62455	3	(504:194[0.14999999999999997],512:224[0.17],518:85[0.15],)	503	-41.29	-1024.8540556660041	-10000.0	22	17.262	29	9	(0.05028579871660003,0.07367468236954393,0.056187327391878324,)
123	618511719699294	62955	3	(504:253[0.13999999999999996],512:99[0.16],518:151[0.16],)	503	-41.07	-1184.4255069582505	-10000.0	17	17.526	29	9	(0.06926405422869142,0.10053105183086171,0.09001532364931494,)
124	618926919908676	63455	3	(504:171[0.12999999999999995],512:279[0.17],518:53[0.17],)	503	-41.07	-1086.3803976143142	-10000.0	17	16.59	30	8	(0.07065784961741439,0.07131608639762461,0.07444527141833725,)
125	619495919774032	63962	3	(504:144[0.11999999999999995],512:82[0.16],518:277[0.18000000000000002],)	503	-42.03	-1259.0680914512925	-10000.0	20	16.318	30	8	(0.06160601018159522,0.07102694162764887,0.06810588600022015,)
126	620097478670134	64462	3	(504:246[0.12999999999999995],512:78[0.17],518:179[0.17],)	503	-41.81	-1130.8620675944333	-10000.0	22	18.33	30	9	(0.05410169590123458,0.07177295730060991,0.0899228463468342,)
127	620605116811762	64962	3	(504:189[0.11999999999999995],512:158[0.18000000000000002],518:156[0.16],)	503	-41.81	-1167.3019681908547	-10000.0	22	16.894	31	8	(0.04777651753626198,0.07230771117549585,0.06836863300722455,)
128	621066958862099	65462	3	(504:194[0.10999999999999996],512:117[0.19000000000000003],518:192[0.17],)	503	-41.81	-1073.6677137176941	-10000.0	22	16.924	31	8	(0.0660890989421766,0.09389443199482238,0.08680812183985466,)
129	621465566583441	65962	3	(504:162[0.09999999999999996],512:273[0.20000000000000004],518:68[0.16],)	503	-41.78	-985.5932405566598	-10000.0	23	16.606	29	8	(0.061502916804081466,0.07018732660697789,0.088929836428819,)
130	622023224489294	66462	3	(504:167[0.10999999999999996],512:279[0.19000000000000003],518:57[0.17],)	503	-41.6	-1252.1461630218694	-10000.0	24	17.936	29	9	(0.057004882419936134,0.07650789293130011,0.03431433316929791,)
131	622776667910310	66962	3	(504:126[0.09999999999999996],512:133[0.18000000000000002],518:244[0.18000000000000002],)	503	-41.01	-1353.9797415506955	-10000.0	27	19.326	29	9	(0.07078921801214767,0.0789935938429191,0.034210056394243446,)
132	623347312416160	67462	3	(504:140[0.10999999999999996],512:94[0.19000000000000003],518:269[0.17],)	503	-39.93	-1077.6950695825046	-10000.0	25	20.08	29	8	(0.07120565812533179,0.09524197143957125,0.058550384058265494,)
133	624042806795196	67962	3	(504:140[0.11999999999999995],512:145[0.20000000000000004],518:218[0.16],)	503	-39.93	-1393.4806361829026	-10000.0	25	19.672	30	9	(0.05119824585152846,0.09225581122069838,0.08365377259709626,)
134	624864921748739	68462	3	(504:216[0.12999999999999995],512:135[0.21000000000000005],518:152[0.15],)	503	-39.93	-1414.601510934394	-10000.0	25	19.32	30	9	(0.06403115585015916,0.11747701487200804,0.11775217396455687,)
135	625399296310596	68962	3	(504:212[0.11999999999999995],512:113[0.22000000000000006],518:178[0.16],)	503	-39.93	-1045.7753081510934	-10000.0	25	19.24	30	10	(0.06843193964007856,0.09815383665447093,0.1066758060023055,)
136	626094641555221	69462	3	(504:170[0.10999999999999996],512:207[0.23000000000000007],518:126[0.15],)	503	-39.93	-1380.6724850894625	-10000.0	25	18.542	29	9	(0.05097536839366244,0.09190108417374587,0.10019671965418822,)
137	626782577966045	69962	4	(504:101[0.09999999999999996],512:118[0.22000000000000006],518:98[0.16],525:186[0.15],)	503	-39.93	-1222.7047316103378	-10000.0	25	20.006	30	10	(0.0434265622344721,0.09391549924053583,0.06645000966043285,0.06372325451132957,)
138	627551549782674	70463	3	(504:220[0.10999999999999996],512:122[0.23000000000000007],525:162[0.13999999999999999],)	504	-39.93	-1373.788333333333	-10000.0	25	20.098	30	9	(0.0454088513861802,0.09073734926321027,0.06578138585800586,)
139	628510710862139	70963	3	(504:145[0.09999999999999996],512:116[0.24000000000000007],525:242[0.15],)	503	-39.93	-1485.9040556660045	-10000.0	25	20.618	30	10	(0.07115907848390612,0.10591695421089971,0.052466748431904915,)
140	629230164528363	71463	3	(504:232[0.10999999999999996],512:96[0.25000000000000006],525:175[0.13999999999999999],)	503	-39.93	-1153.6775546719682	-10000.0	25	20.522	30	10	(0.06395337707853105,0.09802238007906418,0.05448131085380461,)
141	629934031314028	71963	3	(504:211[0.09999999999999996],512:99[0.26000000000000006],525:193[0.12999999999999998],)	503	-39.93	-1196.6201192842943	-10000.0	25	20.64	31	11	(0.04320191894376763,0.10453269215237017,0.05947948564493192,)
142	630680173220522	72463	3	(504:248[0.08999999999999997],512:113[0.2700000000000001],525:142[0.11999999999999998],)	503	-39.93	-1343.3491848906567	-10000.0	25	20.304	31	10	(0.04508015077591991,0.09540607126820236,0.0562626271851296,)
143	631349381586345	72963	3	(504:172[0.07999999999999997],512:106[0.2800000000000001],525:225[0.12999999999999998],)	503	-39.93	-1054.8630417495028	-10000.0	25	20.528	32	9	(0.06049589747447942,0.08302012060584295,0.0688349510827198,)
144	632127125790425	73463	3	(504:140[0.06999999999999998],512:99[0.2900000000000001],525:264[0.11999999999999998],)	503	-39.93	-1326.0113121272366	-10000.0	25	20.71	30	9	(0.05327319635807615,0.10284489476511773,0.07170537139481026,)
145	632657773584862	73963	4	(504:172[0.07999999999999997],512:185[0.3000000000000001],525:120[0.10999999999999999],526:26[0.15],)	503	-39.93	-936.9163618290263	-10000.0	25	19.284	31	9	(0.051392971141840986,0.14900934866653656,0.07733393722478964,0.04552918240790598,)
146	633256522843992	74463	4	(504:129[0.06999999999999998],512:57[0.2900000000000001],525:202[0.11999999999999998],526:116[0.16],)	504	-39.93	-987.0815674603174	-10000.0	25	20.592	31	10	(0.04535146441668529,0.08847465321678871,0.06213217783910811,0.07607821752065111,)
147	633951808995266	74963	4	(504:87[0.05999999999999998],512:124[0.3000000000000001],525:227[0.10999999999999999],526:66[0.17],)	504	-39.93	-1207.1204365079363	-10000.0	25	19.586	30	9	(0.04013411979198845,0.08722047511354628,0.07495148300502998,0.08094161793856554,)
148	634830284614027	75463	4	(504:118[0.06999999999999998],512:52[0.3100000000000001],525:35[0.09999999999999999],526:299[0.18000000000000002],)	504	-39.93	-1699.2102579365073	-10000.0	25	19.75	31	11	(0.05310626533782064,0.08414869970412323,0.07661371346455413,0.0777322303954767,)
149	635702331253922	75963	4	(504:189[0.07999999999999997],512:54[0.3200000000000001],525:129[0.10999999999999999],526:132[0.17],)	504	-39.93	-1438.9282142857144	-10000.0	25	20.42	29	10	(0.03961017596412106,0.07344573151611439,0.06273471344901772,0.07547579717522816,)
