This is pdfTeX, Version 3.1415926-2.5-1.40.14 (TeX Live 2013) (format=pdflatex 2013.12.11)  29 JAN 2015 17:14
entering extended mode
 restricted \write18 enabled.
 %&-line parsing enabled.
**paper.tex
(./paper.tex
LaTeX2e <2011/06/27>
Babel <3.9f> and hyphenation patterns for 78 languages loaded.
(./sig-alternate-2.cls
(/usr/local/texlive/2013/texmf-dist/tex/latex/graphics/epsfig.sty
Package: epsfig 1999/02/16 v1.7a (e)psfig emulation (SPQR)

(/usr/local/texlive/2013/texmf-dist/tex/latex/graphics/graphicx.sty
Package: graphicx 1999/02/16 v1.0f Enhanced LaTeX Graphics (DPC,SPQR)

(/usr/local/texlive/2013/texmf-dist/tex/latex/graphics/keyval.sty
Package: keyval 1999/03/16 v1.13 key=value parser (DPC)
\KV@toks@=\toks14
)
(/usr/local/texlive/2013/texmf-dist/tex/latex/graphics/graphics.sty
Package: graphics 2009/02/05 v1.0o Standard LaTeX Graphics (DPC,SPQR)

(/usr/local/texlive/2013/texmf-dist/tex/latex/graphics/trig.sty
Package: trig 1999/03/16 v1.09 sin cos tan (DPC)
)
(/usr/local/texlive/2013/texmf-dist/tex/latex/latexconfig/graphics.cfg
File: graphics.cfg 2010/04/23 v1.9 graphics configuration of TeX Live
)
Package graphics Info: Driver file: pdftex.def on input line 91.

(/usr/local/texlive/2013/texmf-dist/tex/latex/pdftex-def/pdftex.def
File: pdftex.def 2011/05/27 v0.06d Graphics/color for pdfTeX

(/usr/local/texlive/2013/texmf-dist/tex/generic/oberdiek/infwarerr.sty
Package: infwarerr 2010/04/08 v1.3 Providing info/warning/error messages (HO)
)
(/usr/local/texlive/2013/texmf-dist/tex/generic/oberdiek/ltxcmds.sty
Package: ltxcmds 2011/11/09 v1.22 LaTeX kernel commands for general use (HO)
)
\Gread@gobject=\count79
))
\Gin@req@height=\dimen102
\Gin@req@width=\dimen103
)
\epsfxsize=\dimen104
\epsfysize=\dimen105
)
(/usr/local/texlive/2013/texmf-dist/tex/latex/amsfonts/amssymb.sty
Package: amssymb 2013/01/14 v3.01 AMS font symbols

(/usr/local/texlive/2013/texmf-dist/tex/latex/amsfonts/amsfonts.sty
Package: amsfonts 2013/01/14 v3.01 Basic AMSFonts support
\@emptytoks=\toks15
\symAMSa=\mathgroup4
\symAMSb=\mathgroup5
LaTeX Font Info:    Overwriting math alphabet `\mathfrak' in version `bold'
(Font)                  U/euf/m/n --> U/euf/b/n on input line 106.
))
(/usr/local/texlive/2013/texmf-dist/tex/latex/amsmath/amsmath.sty
Package: amsmath 2013/01/14 v2.14 AMS math features
\@mathmargin=\skip41

For additional information on amsmath, use the `?' option.
(/usr/local/texlive/2013/texmf-dist/tex/latex/amsmath/amstext.sty
Package: amstext 2000/06/29 v2.01

(/usr/local/texlive/2013/texmf-dist/tex/latex/amsmath/amsgen.sty
File: amsgen.sty 1999/11/30 v2.0
\@emptytoks=\toks16
\ex@=\dimen106
))
(/usr/local/texlive/2013/texmf-dist/tex/latex/amsmath/amsbsy.sty
Package: amsbsy 1999/11/29 v1.2d
\pmbraise@=\dimen107
)
(/usr/local/texlive/2013/texmf-dist/tex/latex/amsmath/amsopn.sty
Package: amsopn 1999/12/14 v2.01 operator names
)
\inf@bad=\count80
LaTeX Info: Redefining \frac on input line 210.
\uproot@=\count81
\leftroot@=\count82
LaTeX Info: Redefining \overline on input line 306.
\classnum@=\count83
\DOTSCASE@=\count84
LaTeX Info: Redefining \ldots on input line 378.
LaTeX Info: Redefining \dots on input line 381.
LaTeX Info: Redefining \cdots on input line 466.
\Mathstrutbox@=\box26
\strutbox@=\box27
\big@size=\dimen108
LaTeX Font Info:    Redeclaring font encoding OML on input line 566.
LaTeX Font Info:    Redeclaring font encoding OMS on input line 567.
\macc@depth=\count85
\c@MaxMatrixCols=\count86
\dotsspace@=\muskip10
\c@parentequation=\count87
\dspbrk@lvl=\count88
\tag@help=\toks17
\row@=\count89
\column@=\count90
\maxfields@=\count91
\andhelp@=\toks18
\eqnshift@=\dimen109
\alignsep@=\dimen110
\tagshift@=\dimen111
\tagwidth@=\dimen112
\totwidth@=\dimen113
\lineht@=\dimen114
\@envbody=\toks19
\multlinegap=\skip42
\multlinetaggap=\skip43
\mathdisplay@stack=\toks20
LaTeX Info: Redefining \[ on input line 2665.
LaTeX Info: Redefining \] on input line 2666.
)
Document Class 'sig-alternate' <23rd. May '12>. Modified by G.K.M. Tobin/Gerry 
Murray
Based in part upon document Style `acmconf' <22 May 89>. Hacked 4/91 by
shivers@cs.cmu.edu, 4/93 by theobald@cs.mcgill.ca
Excerpts were taken from (Journal Style) 'esub2acm.cls'.
****** Bugs/comments/suggestions/technicalities to Gerry Murray -- murray@hq.ac
m.org ******
Questions on the style, SIGS policies, etc. to Adrienne Griscti griscti@acm.org

\footheight=\dimen115
\@maxsep=\dimen116
\@dblmaxsep=\dimen117
\aucount=\count92
\originalaucount=\count93
\auwidth=\dimen118
\auskip=\dimen119
\auskipcount=\count94
\auskip=\dimen120
\allauboxes=\dimen121
\addauthors=\toks21
\addauflag=\count95
\subtitletext=\toks22
\savesection=\count96
\sectioncntr=\count97
\c@figure=\count98
\c@table=\count99
\titleboxnotes=\toks23
\titleboxnoteflag=\count100

LaTeX Warning: You have requested document class `sig-alternate-2',
               but the document class provides `sig-alternate'.

Document Class: sig-alternate 2012/05/23 - V2.5 - based on acmproc.cls V1.3 <No
v. 30 '99>
(/usr/local/texlive/2013/texmf-dist/tex/latex/base/latexsym.sty
Package: latexsym 1998/08/17 v2.2e Standard LaTeX package (lasy symbols)
\symlasy=\mathgroup6
LaTeX Font Info:    Overwriting symbol font `lasy' in version `bold'
(Font)                  U/lasy/m/n --> U/lasy/b/n on input line 47.
)
\@acmtitlebox=\box28
\titlenotecount=\count101
\tntoks=\toks24
\tntokstwo=\toks25
\tntoksthree=\toks26
\tntoksfour=\toks27
\tntoksfive=\toks28
\catcount=\count102
\copyrightnotice=\toks29
\conf=\toks30
\confinfo=\toks31
\c@part=\count103
\c@section=\count104
\c@subsection=\count105
\c@subsubsection=\count106
\c@paragraph=\count107

Using 'Abbrev' bibliography style
LaTeX Info: Redefining \cite on input line 1211.
\bibindent=\dimen122
\colcntr=\count108
\saveb@x=\box29
\copyrtyr=\toks32
\acmcopyr=\toks33
\boilerplate=\toks34
\copyrightetc=\toks35
(/usr/local/texlive/2013/texmf-dist/tex/latex/base/fontenc.sty
Package: fontenc 2005/09/27 v1.99g Standard LaTeX package

(/usr/local/texlive/2013/texmf-dist/tex/latex/base/t1enc.def
File: t1enc.def 2005/09/27 v1.99g Standard LaTeX file
LaTeX Font Info:    Redeclaring font encoding T1 on input line 43.
)
LaTeX Font Info:    Try loading font information for T1+aer on input line 100.

(/usr/local/texlive/2013/texmf-dist/tex/latex/ae/t1aer.fd
File: t1aer.fd 1997/11/16 Font definitions for T1/aer.
))) (./paper.aux

LaTeX Warning: Label `fig:MC:problem' multiply defined.


LaTeX Warning: Label `fig:MC:problem' multiply defined.


LaTeX Warning: Label `fig:MC:problem' multiply defined.


LaTeX Warning: Label `fig:MC:GRNvsSARSA' multiply defined.

)
\openout1 = `paper.aux'.

LaTeX Font Info:    Checking defaults for OML/cmm/m/it on input line 32.
LaTeX Font Info:    ... okay on input line 32.
LaTeX Font Info:    Checking defaults for T1/cmr/m/n on input line 32.
LaTeX Font Info:    ... okay on input line 32.
LaTeX Font Info:    Checking defaults for OT1/cmr/m/n on input line 32.
LaTeX Font Info:    ... okay on input line 32.
LaTeX Font Info:    Checking defaults for OMS/cmsy/m/n on input line 32.
LaTeX Font Info:    ... okay on input line 32.
LaTeX Font Info:    Checking defaults for OMX/cmex/m/n on input line 32.
LaTeX Font Info:    ... okay on input line 32.
LaTeX Font Info:    Checking defaults for U/cmr/m/n on input line 32.
LaTeX Font Info:    ... okay on input line 32.
 (/usr/local/texlive/2013/texmf-dist/tex/context/base/supp-pdf.mkii
[Loading MPS to PDF converter (version 2006.09.02).]
\scratchcounter=\count109
\scratchdimen=\dimen123
\scratchbox=\box30
\nofMPsegments=\count110
\nofMParguments=\count111
\everyMPshowfont=\toks36
\MPscratchCnt=\count112
\MPscratchDim=\dimen124
\MPnumerator=\count113
\makeMPintoPDFobject=\count114
\everyMPtoPDFconversion=\toks37
) (/usr/local/texlive/2013/texmf-dist/tex/generic/oberdiek/pdftexcmds.sty
Package: pdftexcmds 2011/11/29 v0.20 Utility functions of pdfTeX for LuaTeX (HO
)

(/usr/local/texlive/2013/texmf-dist/tex/generic/oberdiek/ifluatex.sty
Package: ifluatex 2010/03/01 v1.3 Provides the ifluatex switch (HO)
Package ifluatex Info: LuaTeX not detected.
)
(/usr/local/texlive/2013/texmf-dist/tex/generic/oberdiek/ifpdf.sty
Package: ifpdf 2011/01/30 v2.3 Provides the ifpdf switch (HO)
Package ifpdf Info: pdfTeX in PDF mode is detected.
)
Package pdftexcmds Info: LuaTeX not detected.
Package pdftexcmds Info: \pdf@primitive is available.
Package pdftexcmds Info: \pdf@ifprimitive is available.
Package pdftexcmds Info: \pdfdraftmode found.
)
(/usr/local/texlive/2013/texmf-dist/tex/latex/oberdiek/epstopdf-base.sty
Package: epstopdf-base 2010/02/09 v2.5 Base part for package epstopdf

(/usr/local/texlive/2013/texmf-dist/tex/latex/oberdiek/grfext.sty
Package: grfext 2010/08/19 v1.1 Manage graphics extensions (HO)

(/usr/local/texlive/2013/texmf-dist/tex/generic/oberdiek/kvdefinekeys.sty
Package: kvdefinekeys 2011/04/07 v1.3 Define keys (HO)
))
(/usr/local/texlive/2013/texmf-dist/tex/latex/oberdiek/kvoptions.sty
Package: kvoptions 2011/06/30 v3.11 Key value format for package options (HO)

(/usr/local/texlive/2013/texmf-dist/tex/generic/oberdiek/kvsetkeys.sty
Package: kvsetkeys 2012/04/25 v1.16 Key value parser (HO)

(/usr/local/texlive/2013/texmf-dist/tex/generic/oberdiek/etexcmds.sty
Package: etexcmds 2011/02/16 v1.5 Avoid name clashes with e-TeX commands (HO)
Package etexcmds Info: Could not find \expanded.
(etexcmds)             That can mean that you are not using pdfTeX 1.50 or
(etexcmds)             that some package has redefined \expanded.
(etexcmds)             In the latter case, load this package earlier.
)))
Package grfext Info: Graphics extension search list:
(grfext)             [.png,.pdf,.jpg,.mps,.jpeg,.jbig2,.jb2,.PNG,.PDF,.JPG,.JPE
G,.JBIG2,.JB2,.eps]
(grfext)             \AppendGraphicsExtensions on input line 452.

(/usr/local/texlive/2013/texmf-dist/tex/latex/latexconfig/epstopdf-sys.cfg
File: epstopdf-sys.cfg 2010/07/13 v1.3 Configuration of (r)epstopdf for TeX Liv
e
))
LaTeX Font Info:    Try loading font information for U+msa on input line 33.

(/usr/local/texlive/2013/texmf-dist/tex/latex/amsfonts/umsa.fd
File: umsa.fd 2013/01/14 v3.01 AMS symbols A
)
LaTeX Font Info:    Try loading font information for U+msb on input line 33.

(/usr/local/texlive/2013/texmf-dist/tex/latex/amsfonts/umsb.fd
File: umsb.fd 2013/01/14 v3.01 AMS symbols B
)
LaTeX Font Info:    Try loading font information for U+lasy on input line 33.

(/usr/local/texlive/2013/texmf-dist/tex/latex/base/ulasy.fd
File: ulasy.fd 1998/08/17 v2.2e LaTeX symbol font definitions
)
Overfull \hbox (1.37453pt too wide) in paragraph at lines 36--38
\T1/aer/m/n/9 Action-Reward-State-Action (SARSA) al-go-rithm. The GRN
 []

(./01_introduction.tex) (./02_SARSA.tex

LaTeX Warning: Citation `Li2009' on page \thepage  undefined on input line 29.


LaTeX Warning: Citation `Taylor2009' on page \thepage  undefined on input line 
29.

[1{/usr/local/texlive/2013/texmf-var/fonts/map/pdftex/updmap/pdftex.map}


])
(./03_GRN.tex) (./04_GRNSARSA.tex

LaTeX Warning: Citation `Destexhe2004' on page \thepage  undefined on input lin
e 8.


LaTeX Warning: Citation `Marder2012' on page \thepage  undefined on input line 
8.


LaTeX Warning: Citation `Marder2002' on page \thepage  undefined on input line 
8.


LaTeX Warning: Citation `Katz1995' on page \thepage  undefined on input line 11
.


LaTeX Warning: Citation `Zhurov2006' on page \thepage  undefined on input line 
12.


Overfull \hbox (1.92249pt too wide) in paragraph at lines 2--13
\T1/aer/m/n/9 hav-ior of neu-ral net-works within in-di-vid-ual neu-rons, among
st
 []


LaTeX Warning: Citation `Schultz1993' on page \thepage  undefined on input line
 15.


LaTeX Warning: Citation `Montague1996' on page \thepage  undefined on input lin
e 20.


LaTeX Warning: Citation `Fellous1998' on page \thepage  undefined on input line
 26.


LaTeX Warning: Citation `Marder2012' on page \thepage  undefined on input line 
26.


LaTeX Warning: Citation `Harrington2013' on page \thepage  undefined on input l
ine 28.

[2] <GRNSARSA.pdf, id=26, 367.3725pt x 349.305pt>
File: GRNSARSA.pdf Graphic file (type pdf)
 <use GRNSARSA.pdf>
Package pdftex.def Info: GRNSARSA.pdf used on input line 64.
(pdftex.def)             Requested size: 167.99927pt x 159.73885pt.
)
(./05_experiences.tex [3 <./GRNSARSA.pdf>]
<MC_problem.pdf, id=65, 477.785pt x 280.04625pt>
File: MC_problem.pdf Graphic file (type pdf)
 <use MC_problem.pdf>
Package pdftex.def Info: MC_problem.pdf used on input line 9.
(pdftex.def)             Requested size: 180.0pt x 105.50421pt.

<MZ_problem.pdf, id=66, 642.4pt x 475.7775pt>
File: MZ_problem.pdf Graphic file (type pdf)
 <use MZ_problem.pdf>
Package pdftex.def Info: MZ_problem.pdf used on input line 16.
(pdftex.def)             Requested size: 180.0pt x 133.31116pt.

<PW_problem.pdf, id=67, 449.68pt x 401.5pt>
File: PW_problem.pdf Graphic file (type pdf)
 <use PW_problem.pdf>
Package pdftex.def Info: PW_problem.pdf used on input line 23.
(pdftex.def)             Requested size: 180.0pt x 160.71355pt.


LaTeX Warning: Citation `Sutton1990' on page \thepage  undefined on input line 
29.


LaTeX Warning: Citation `Handa2007' on page \thepage  undefined on input line 3
1.


LaTeX Warning: Citation `sutton1996generalization' on page \thepage  undefined 
on input line 35.


LaTeX Warning: Citation `sutton1996generalization' on page \thepage  undefined 
on input line 41.

<ACP_problem.pdf, id=68, 222.8325pt x 222.8325pt>
File: ACP_problem.pdf Graphic file (type pdf)
 <use ACP_problem.pdf>
Package pdftex.def Info: ACP_problem.pdf used on input line 46.
(pdftex.def)             Requested size: 120.0pt x 120.00134pt.

[4 <./MC_problem.pdf> <./MZ_problem.pdf> <./PW_problem.pdf> <./ACP_problem.pdf>
]
Overfull \hbox (5.37111pt too wide) in paragraph at lines 54--55
\T1/aer/m/n/9 neu-ro-mod-u-la-tion model in-de-pen-dently on each prob-lem abov
e
 []

<MC_GRNBehavior.pdf, id=551, 1043.9pt x 523.9575pt>
File: MC_GRNBehavior.pdf Graphic file (type pdf)
 <use MC_GRNBehavior.pdf>
Package pdftex.def Info: MC_GRNBehavior.pdf used on input line 75.
(pdftex.def)             Requested size: 240.0pt x 120.45972pt.

<MC_convergence.pdf, id=552, 363.3575pt x 218.8175pt>
File: MC_convergence.pdf Graphic file (type pdf)
 <use MC_convergence.pdf>
Package pdftex.def Info: MC_convergence.pdf used on input line 81.
(pdftex.def)             Requested size: 180.0pt x 108.40013pt.

<MC_GRNvsSARSA.pdf, id=553, 779.91376pt x 347.2975pt>
File: MC_GRNvsSARSA.pdf Graphic file (type pdf)
 <use MC_GRNvsSARSA.pdf>
Package pdftex.def Info: MC_GRNvsSARSA.pdf used on input line 87.
(pdftex.def)             Requested size: 240.0pt x 106.8715pt.

[5 <./MC_GRNBehavior.pdf> <./MC_convergence.pdf> <./MC_GRNvsSARSA.pdf>]

LaTeX Warning: Reference `fig:MZ:GRNvsSARSA' on page \thepage  undefined on inp
ut line 94.

<MZ_GRNBehavior.pdf, id=671, 1043.9pt x 523.9575pt>
File: MZ_GRNBehavior.pdf Graphic file (type pdf)
 <use MZ_GRNBehavior.pdf>
Package pdftex.def Info: MZ_GRNBehavior.pdf used on input line 98.
(pdftex.def)             Requested size: 240.0pt x 120.45972pt.

<MZ_GRNvsSARSA.pdf, id=672, 779.91376pt x 347.2975pt>
File: MZ_GRNvsSARSA.pdf Graphic file (type pdf)
 <use MZ_GRNvsSARSA.pdf>
Package pdftex.def Info: MZ_GRNvsSARSA.pdf used on input line 104.
(pdftex.def)             Requested size: 240.0pt x 106.8715pt.
)
(./06_conclusion.tex

LaTeX Warning: Citation `Gold2014' on page \thepage  undefined on input line 5.


)
Overfull \hbox (5.38876pt too wide) in paragraph at lines 9--53
[]\T1/aer/m/n/9 Kyle Har-ring-ton is sup-ported by NIH grant 2T32HL007893-
 []

(./paper.bbl) [6 <./MZ_GRNBehavior.pdf> <./MZ_GRNvsSARSA.pdf>] (./paper.aux)

LaTeX Warning: There were undefined references.


LaTeX Warning: There were multiply-defined labels.

 ) 
Here is how much of TeX's memory you used:
 2886 strings out of 493315
 37069 string characters out of 6137903
 103833 words of memory out of 5000000
 6238 multiletter control sequences out of 15000+600000
 54309 words of font info for 71 fonts, out of 8000000 for 9000
 957 hyphenation exceptions out of 8191
 41i,14n,28p,953b,250s stack positions out of 5000i,500n,10000p,200000b,80000s
{/usr/local/texlive/2013/texmf-dist/fonts/enc/dvips/base/8r.enc}</usr/local/t
exlive/2013/texmf-dist/fonts/type1/public/amsfonts/cm/cmbx9.pfb></usr/local/tex
live/2013/texmf-dist/fonts/type1/public/amsfonts/cmextra/cmex9.pfb></usr/local/
texlive/2013/texmf-dist/fonts/type1/public/amsfonts/cm/cmmi5.pfb></usr/local/te
xlive/2013/texmf-dist/fonts/type1/public/amsfonts/cm/cmmi6.pfb></usr/local/texl
ive/2013/texmf-dist/fonts/type1/public/amsfonts/cm/cmmi9.pfb></usr/local/texliv
e/2013/texmf-dist/fonts/type1/public/amsfonts/cm/cmr5.pfb></usr/local/texlive/2
013/texmf-dist/fonts/type1/public/amsfonts/cm/cmr6.pfb></usr/local/texlive/2013
/texmf-dist/fonts/type1/public/amsfonts/cm/cmr9.pfb></usr/local/texlive/2013/te
xmf-dist/fonts/type1/public/amsfonts/cm/cmsy5.pfb></usr/local/texlive/2013/texm
f-dist/fonts/type1/public/amsfonts/cm/cmsy6.pfb></usr/local/texlive/2013/texmf-
dist/fonts/type1/public/amsfonts/cm/cmsy9.pfb></usr/local/texlive/2013/texmf-di
st/fonts/type1/public/amsfonts/cm/cmti9.pfb></usr/local/texlive/2013/texmf-dist
/fonts/type1/urw/helvetic/uhvb8a.pfb></usr/local/texlive/2013/texmf-dist/fonts/
type1/urw/helvetic/uhvr8a.pfb></usr/local/texlive/2013/texmf-dist/fonts/type1/u
rw/times/utmb8a.pfb></usr/local/texlive/2013/texmf-dist/fonts/type1/urw/times/u
tmr8a.pfb></usr/local/texlive/2013/texmf-dist/fonts/type1/urw/times/utmri8a.pfb
>
Output written on paper.pdf (6 pages, 814211 bytes).
PDF statistics:
 792 PDF objects out of 1000 (max. 8388607)
 473 compressed objects within 5 object streams
 0 named destinations out of 1000 (max. 500000)
 51 words of extra memory for PDF output out of 10000 (max. 10000000)

