alpha = 0.15
gamma = 1.0
lambda = 0.6
epsilon = 0.3
randomSeed = 444
GREAT!
Xover: 4
---- Evolution parameters ----
Folder name:          NMSarsa_Maze/run_2603473075572737
Random seed:          444
GREAT activated:      true
Max iterations:       150
Population size:      500
GREAT initialization  true
Speciation threshold: 0.15
Species min size:     15
Tournament size:      3
Crossover rate:       0.2
Mutation rate:        0.8
Crossovers:
	AligningCrossover_v4(0.15)
Mutations:
	AddGeneMutation(maxSize=2147483647, prob=0.33)
	DeleteGeneMutation(minSize=8, prob=0.33)
	ChangeGeneMutation(prob=0.33)
------------------------------

---- Starting evolution ----
IT	Nanotime	#Eval	#Species	Species size	PopSize	Best	Avg	Worst	Best GRN Size	Avg GRN size	Max GRN size	Min GRN size	Species avgdist2rep
0	2608379685356250	997	1	(463:499[0.15],)	499	-49.29	-7145.5140681362755	-10000.0	9	9.008	13	8	(0.05724469197837453,)
1	2610338315171085	1506	4	(463:231[0.16],464:118[0.15],465:19[0.15],466:133[0.15],)	501	-47.45	-5076.743473053892	-10000.0	9	9.32	13	8	(0.08255484895294392,0.08421741320229363,0.076732879899933,0.07381887522926309,)
2	2611977856431001	2010	4	(463:126[0.15],464:110[0.16],465:54[0.16],466:214[0.13999999999999999],)	504	-42.14	-4406.002142857142	-10000.0	11	9.28	13	8	(0.05550258328213027,0.061415003473831706,0.07011598951739582,0.06975979443517827,)
3	2613442975078212	2514	4	(463:34[0.13999999999999999],464:48[0.17],465:284[0.17],466:138[0.12999999999999998],)	504	-46.18	-4076.7772817460323	-10000.0	11	9.232	13	8	(0.08702044838066995,0.08132020411572244,0.06201544576417535,0.06908043850063814,)
4	2614199783180057	3028	5	(463:48[0.15],464:19[0.18000000000000002],465:154[0.16],466:250[0.11999999999999998],468:33[0.15],)	504	-43.85	-2019.9692460317458	-10000.0	11	9.574	14	8	(0.06761429305812194,0.08789260310175577,0.07321064076258495,0.07033180989796972,0.08363894693978088,)
5	2614818933800587	3542	6	(463:48[0.16],464:116[0.19000000000000003],465:138[0.15],466:69[0.10999999999999999],468:56[0.16],472:78[0.15],)	505	-42.41	-1661.1774059405939	-10000.0	11	9.716	15	8	(0.09726685219733872,0.06365991791779614,0.08051264496375167,0.07791273180613488,0.08178619321421388,0.09963410817600993,)
6	2615242125834486	4048	7	(463:80[0.17],464:73[0.18000000000000002],465:127[0.13999999999999999],466:83[0.11999999999999998],468:102[0.17],472:24[0.16],475:17[0.15],)	506	-39.92	-1114.8758498023717	-10000.0	10	9.804	15	8	(0.07076394975563881,0.06910195275797296,0.06018785700962975,0.07817054748502256,0.08493628277059034,0.06861573728337093,0.08585635334683184,)
7	2615860930766768	4569	6	(463:144[0.16],464:118[0.17],466:31[0.10999999999999999],468:54[0.16],472:97[0.17],475:63[0.16],)	507	-43.28	-1414.4344773175546	-10000.0	12	10.194	16	8	(0.037817209033217294,0.08035968629823226,0.0763035057266285,0.07926991676401109,0.08164967368675738,0.05355940876717921,)
8	2616197060617829	5075	8	(463:197[0.15],464:20[0.16],466:39[0.11999999999999998],468:97[0.17],472:62[0.16],475:53[0.17],478:19[0.15],479:19[0.15],)	506	-40.59	-866.7235573122528	-10000.0	10	10.146	15	8	(0.06829630841442849,0.07319809156230649,0.05753372529893703,0.04821192911158804,0.07258220602405648,0.06772255544852296,0.08118566949031736,0.05461180604132225,)
9	2616698767082914	5613	7	(463:178[0.13999999999999999],464:56[0.17],468:133[0.16],472:30[0.15],475:49[0.18000000000000002],478:27[0.16],480:35[0.15],)	508	-40.96	-1299.0460826771655	-10000.0	8	10.084	16	8	(0.08671322336409654,0.10697015249805476,0.08002098532149747,0.10811025161301994,0.08827872482988516,0.10462727815867824,0.08085909531471659,)
10	2617031465820599	6134	8	(463:183[0.12999999999999998],464:115[0.18000000000000002],468:35[0.15],472:45[0.16],475:26[0.19000000000000003],480:28[0.16],484:30[0.15],485:45[0.15],)	507	-41.89	-843.8813412228797	-10000.0	15	9.972	17	8	(0.09174369999581779,0.10653982667106052,0.0855734793318279,0.060249047191746986,0.04065130960701309,0.07135641888865099,0.07752362101714726,0.0514368744544305,)
11	2617388786325280	6642	8	(463:43[0.11999999999999998],464:77[0.17],468:57[0.16],472:49[0.17],475:64[0.20000000000000004],480:53[0.17],484:32[0.16],485:133[0.16],)	508	-41.94	-879.5097637795275	-10000.0	13	10.232	16	8	(0.06641008605429564,0.06766309964781116,0.04749156344403164,0.0683572815120359,0.0604169379304984,0.08920211861275718,0.03852723373984458,0.05824259300790547,)
12	2617786332427703	7154	9	(463:171[0.12999999999999998],464:26[0.16],468:77[0.17],472:28[0.18000000000000002],475:57[0.19000000000000003],480:67[0.18000000000000002],484:29[0.17],485:33[0.15],487:20[0.15],)	508	-40.97	-937.1656299212599	-10000.0	13	10.796	17	8	(0.07206570508815441,0.10739543252873723,0.08236380783850726,0.0683086904773197,0.08676421982679844,0.08364472044325749,0.041099007605300594,0.10730296285727452,0.054496519777177385,)
13	2617999043674526	7663	9	(463:104[0.11999999999999998],464:49[0.17],468:55[0.16],472:83[0.19000000000000003],475:72[0.18000000000000002],480:17[0.17],484:46[0.18000000000000002],485:23[0.16],487:60[0.16],)	509	-40.81	-474.68220039292737	-10000.0	16	10.492	17	8	(0.07734729338064672,0.06232200554036611,0.08623341019766347,0.04863692015397518,0.06415964947933853,0.0667358430358478,0.0500362470400316,0.07695459587482793,0.041949407803388954,)
14	2618298753642202	8205	7	(463:112[0.10999999999999999],464:21[0.18000000000000002],468:66[0.15],472:44[0.18000000000000002],480:27[0.18000000000000002],484:42[0.19000000000000003],487:197[0.15],)	509	-40.54	-645.7711001964637	-10000.0	16	10.992	17	8	(0.07987838606859951,0.053531914484706386,0.07505514628845489,0.05142980346414904,0.08530359572045108,0.05656336160958963,0.0711704064441688,)
15	2618602444942808	8716	7	(463:37[0.09999999999999999],464:62[0.19000000000000003],468:37[0.16],472:115[0.19000000000000003],480:64[0.19000000000000003],484:141[0.20000000000000004],487:51[0.13999999999999999],)	507	-38.35	-674.1737475345167	-10000.0	11	10.574	18	8	(0.0515450317358516,0.06204900058119946,0.10142575497995439,0.07734593476500647,0.07261045121979535,0.08945550464350649,0.08344054082189668,)
16	2619010496128303	9227	6	(463:88[0.10999999999999999],464:46[0.20000000000000004],468:112[0.17],472:31[0.18000000000000002],480:104[0.20000000000000004],484:126[0.19000000000000003],)	507	-40.6	-923.1676923076923	-10000.0	10	11.01	18	8	(0.07105846233610219,0.06348431800044374,0.08447358770801514,0.06751492646444171,0.07326419234733886,0.06891390452702677,)
17	2619264623650173	9740	6	(463:176[0.09999999999999999],464:75[0.21000000000000005],472:41[0.19000000000000003],480:125[0.19000000000000003],484:65[0.18000000000000002],492:24[0.15],)	506	-39.53	-560.5533992094863	-10000.0	10	11.062	19	8	(0.035666663647301804,0.07470678547772419,0.059261012410220894,0.09457913074140259,0.059913815841081706,0.09369565131150726,)
18	2619493965879063	10246	6	(463:85[0.09],464:68[0.22000000000000006],472:46[0.20000000000000004],480:137[0.18000000000000002],484:127[0.19000000000000003],492:43[0.16],)	506	-37.03	-458.5067588932807	-10000.0	9	11.476	19	8	(0.05629198680125458,0.08096829710840087,0.07980924158833516,0.05604797094944429,0.06236637161306073,0.025922426126416428,)
19	2619704245399558	10752	6	(463:106[0.08],464:110[0.23000000000000007],472:45[0.21000000000000005],480:90[0.17],484:93[0.18000000000000002],492:62[0.17],)	506	-37.1	-449.94869565217397	-10000.0	9	11.29	18	8	(0.03476140168911606,0.09306429663608037,0.10118498188711261,0.03805475769426517,0.059749872824137504,0.03515609143805988,)
20	2619914826405825	11258	6	(463:75[0.07],464:81[0.22000000000000006],472:42[0.22000000000000006],480:77[0.16],484:184[0.17],492:47[0.18000000000000002],)	506	-37.4	-414.47523715415014	-10000.0	9	11.75	18	8	(0.04398919972834926,0.08307793657411017,0.09773052232388559,0.05007008892557507,0.0929395709592273,0.03658360442403459,)
21	2620175537315705	11764	6	(463:123[0.08],464:72[0.23000000000000007],472:127[0.23000000000000007],480:72[0.17],484:74[0.16],492:38[0.19000000000000003],)	506	-35.33	-502.8414624505929	-10000.0	9	11.612	18	8	(0.043790372317468074,0.07999059370066108,0.0947210519326974,0.053410676848292954,0.06917955153952683,0.04553731785498085,)
22	2620492617078977	12270	6	(463:105[0.07],464:61[0.24000000000000007],472:49[0.22000000000000006],480:16[0.18000000000000002],484:237[0.17],492:38[0.20000000000000004],)	506	-35.45	-604.8519762845848	-10000.0	9	12.922	19	8	(0.048733756623478446,0.09849878884975465,0.07525866738152896,0.052905868557578825,0.05929978577782375,0.05295362590001935,)
23	2620759851734618	12790	5	(463:64[0.060000000000000005],464:57[0.25000000000000006],472:59[0.23000000000000007],480:126[0.19000000000000003],484:200[0.16],)	506	-35.21	-523.961324110672	-10000.0	8	12.4	19	8	(0.04080412536256756,0.09414771823806382,0.07225550809723182,0.07297683020939573,0.0709219019968287,)
24	2621078520985498	13295	6	(463:48[0.07],464:83[0.26000000000000006],472:63[0.24000000000000007],480:20[0.18000000000000002],484:201[0.15],493:90[0.15],)	505	-34.77	-613.5190495049504	-10000.0	8	13.178	20	8	(0.05431567381692689,0.1256315526931077,0.06312092757647528,0.07198359666857726,0.09574197603028045,0.04514121998664333,)
25	2621333546386330	13814	5	(463:55[0.08],464:139[0.25000000000000006],472:42[0.25000000000000006],484:109[0.13999999999999999],493:161[0.13999999999999999],)	506	-36.63	-490.14448616600794	-10000.0	10	13.176	20	8	(0.042661799650382706,0.09838783995321805,0.06793741704279113,0.09056437664071189,0.059574563246148016,)
26	2621778067245893	14319	5	(463:42[0.09],464:132[0.24000000000000005],472:25[0.26000000000000006],484:153[0.12999999999999998],493:153[0.12999999999999998],)	505	-36.43	-782.5306138613863	-10000.0	9	13.854	20	8	(0.041696177890849936,0.09608112237183876,0.052366929671017394,0.09883774285152593,0.044444143946376746,)
27	2622016398226579	14834	4	(463:92[0.09999999999999999],464:100[0.23000000000000004],484:229[0.11999999999999998],493:84[0.11999999999999998],)	505	-35.54	-399.9296039603959	-10000.0	17	14.068	20	8	(0.05848946725540296,0.11395669568672828,0.07289996201626396,0.0603220564299133,)
28	2622322591628453	15353	5	(463:123[0.10999999999999999],464:107[0.24000000000000005],493:157[0.12999999999999998],495:20[0.15],496:97[0.15],)	504	-35.97	-516.7856547619048	-10000.0	17	14.292	20	8	(0.04225262117322249,0.13177660159254675,0.045165025819480176,0.09278815080391058,0.081751675597177,)
29	2622636907041790	15861	5	(463:125[0.09999999999999999],464:70[0.23000000000000004],493:54[0.11999999999999998],495:178[0.16],496:78[0.16],)	505	-36.92	-492.0224752475247	-10000.0	14	14.08	20	8	(0.04939956928612081,0.1130629939466613,0.0427609570268162,0.0789623320723208,0.05425062746320761,)
30	2623018270265929	16367	5	(463:129[0.09],464:32[0.24000000000000005],493:264[0.12999999999999998],495:37[0.15],496:43[0.17],)	505	-37.81	-556.2361188118815	-10000.0	14	15.628	20	8	(0.044688745099315856,0.0768010913548273,0.02911549273338377,0.03539609513919213,0.050714108606714436,)
31	2623300535585824	16872	5	(463:90[0.08],464:37[0.25000000000000006],493:192[0.11999999999999998],495:157[0.16],496:29[0.18000000000000002],)	505	-35.54	-452.88540594059407	-10000.0	16	14.732	21	8	(0.03491212655933491,0.05373570004206788,0.041560012157913516,0.06523295700773991,0.07922783221547226,)
32	2623680417580732	17377	5	(463:54[0.09],464:78[0.26000000000000006],493:131[0.10999999999999999],495:198[0.15],496:44[0.19000000000000003],)	505	-35.62	-655.5354257425743	-10000.0	15	14.408	22	8	(0.04027952765941326,0.07299497596937088,0.04163741163405237,0.059774597734992704,0.0723852129598801,)
33	2623981476685603	17882	5	(463:199[0.09999999999999999],464:95[0.2700000000000001],493:56[0.09999999999999999],495:106[0.13999999999999999],496:49[0.20000000000000004],)	505	-34.86	-525.1257623762376	-10000.0	17	13.52	23	8	(0.03468440848219153,0.0725346475730862,0.04492023842855956,0.05842586971443652,0.07517089519010792,)
34	2624244268216782	18387	5	(463:57[0.09],464:107[0.2800000000000001],493:199[0.10999999999999999],495:127[0.12999999999999998],496:15[0.21000000000000005],)	505	-35.1	-402.8350099009901	-10000.0	15	15.046	24	8	(0.026758203452907234,0.051791660226208715,0.053242602026444576,0.05438224595661432,0.03930766136802918,)
35	2624558427311715	18892	5	(463:133[0.09999999999999999],464:36[0.2700000000000001],493:155[0.09999999999999999],495:109[0.11999999999999998],496:72[0.22000000000000006],)	505	-34.95	-528.1844752475247	-10000.0	17	14.75	24	8	(0.03751699185139496,0.07708855947977895,0.05219247735126949,0.06942319017811002,0.07727776201854208,)
36	2624790138334276	19401	4	(463:117[0.09],493:125[0.09],495:184[0.10999999999999999],496:79[0.23000000000000007],)	505	-32.91	-357.59601980198016	-10000.0	17	14.978	24	8	(0.03465081998591412,0.04650789598444259,0.0719726712020481,0.09553186999181856,)
37	2625088064595795	19906	4	(463:33[0.09999999999999999],493:146[0.08],495:177[0.09999999999999999],496:148[0.24000000000000007],)	504	-33.79	-437.21476190476193	-10000.0	14	15.034	22	8	(0.05615663789544024,0.043656470596492865,0.05735317851224121,0.07643549276559818,)
38	2625505361116672	20413	4	(493:300[0.07],495:58[0.09],496:91[0.23000000000000007],500:55[0.15],)	504	-33.78	-636.0102976190477	-10000.0	15	15.446	23	8	(0.04223114616172605,0.060862463472381424,0.10902226389245483,0.06291175366025864,)
39	2625836430759223	20917	4	(493:126[0.060000000000000005],495:85[0.09999999999999999],496:30[0.24000000000000007],500:263[0.16],)	504	-33.84	-487.47958333333344	-10000.0	15	15.32	24	8	(0.05036042996677172,0.06748341636351221,0.1585722652240716,0.06350483121729537,)
40	2626109001343023	21421	5	(493:27[0.05],495:40[0.10999999999999999],496:48[0.25000000000000006],500:261[0.15],501:128[0.15],)	504	-33.62	-403.79499999999996	-10000.0	14	14.946	25	8	(0.037968035471518495,0.06085375035948866,0.061355791316187326,0.050395065005626016,0.04690597957442078,)
41	2626533485732457	21926	6	(493:48[0.060000000000000005],495:19[0.11999999999999998],496:32[0.26000000000000006],500:323[0.13999999999999999],501:59[0.13999999999999999],502:24[0.15],)	505	-33.93	-583.7760000000004	-10000.0	15	15.02	25	8	(0.036383305800132805,0.029060524658719344,0.10596117782828224,0.04617123994211293,0.08825993656536764,0.06622040018674187,)
42	2626793014953090	22432	6	(493:85[0.07],495:81[0.12999999999999998],496:43[0.2700000000000001],500:167[0.12999999999999998],501:32[0.15],502:98[0.16],)	506	-32.89	-392.09982213438747	-10000.0	14	14.576	21	8	(0.037557941182062515,0.03636508374581621,0.09794578978999925,0.04277648518046797,0.0849237786749503,0.0869100937978153,)
43	2626984411564592	22947	5	(493:57[0.060000000000000005],495:71[0.13999999999999999],496:159[0.2800000000000001],500:117[0.11999999999999998],502:102[0.15],)	506	-34.19	-307.57865612648214	-10000.0	17	14.464	21	8	(0.0416323575348114,0.046262158001694094,0.08740134389867017,0.04646526523951757,0.06772385399990637,)
44	2627226217802745	23452	5	(493:300[0.07],495:16[0.15],496:86[0.2700000000000001],500:40[0.10999999999999999],502:63[0.13999999999999999],)	505	-34.52	-364.3827722772278	-10000.0	14	14.414	22	8	(0.0339136090927254,0.06594984409933796,0.07820239284069469,0.06973896157788617,0.060428435885326065,)
45	2627565902854000	23957	5	(493:105[0.060000000000000005],495:31[0.16],496:103[0.2800000000000001],500:203[0.11999999999999998],502:63[0.15],)	505	-33.72	-473.0283366336634	-9984.85	14	15.616	23	8	(0.035189286098893414,0.10183676343903718,0.04843308864986178,0.049420326428011044,0.06500630406406209,)
46	2627818328613822	24462	5	(493:32[0.05],495:106[0.17],496:89[0.2700000000000001],500:221[0.10999999999999999],502:57[0.16],)	505	-33.33	-360.0438415841584	-10000.0	17	15.846	22	8	(0.03305651025028039,0.09295116001636797,0.03649230261033505,0.052720494698518326,0.09575218622582038,)
47	2628013834514114	24981	4	(495:124[0.16],496:109[0.2800000000000001],500:92[0.09999999999999999],502:180[0.17],)	505	-32.47	-326.5287920792079	-10000.0	13	14.952	22	8	(0.09634048900669774,0.06294347661185082,0.053362261955883214,0.07216690187247167,)
48	2628219306097471	25485	4	(495:111[0.17],496:48[0.2900000000000001],500:152[0.10999999999999999],502:193[0.16],)	504	-33.2	-345.76130952380953	-10000.0	14	15.456	22	8	(0.057180509574175996,0.05542976666233911,0.05588276647003302,0.04967773170775243,)
49	2628493550528452	25989	4	(495:140[0.18000000000000002],496:103[0.3000000000000001],500:112[0.09999999999999999],502:149[0.15],)	504	-32.72	-476.1995238095238	-10000.0	14	15.156	23	8	(0.06357955789159998,0.0673476217689976,0.06302628773320493,0.059808438136906034,)
50	2628850729881183	26493	4	(495:60[0.17],496:166[0.3100000000000001],500:127[0.10999999999999999],502:151[0.13999999999999999],)	504	-33.28	-604.2540079365081	-10000.0	13	14.688	24	8	(0.07941243480832633,0.043523678182905694,0.05811162008462327,0.045073245137216694,)
51	2629057551018027	26997	4	(495:54[0.18000000000000002],496:194[0.3000000000000001],500:187[0.09999999999999999],502:69[0.12999999999999998],)	504	-34.32	-324.84696428571425	-10000.0	10	15.732	25	8	(0.12374006841439701,0.0879735764530666,0.0803714629757841,0.08003295833207323,)
52	2629316346712746	27501	4	(495:18[0.19000000000000003],496:147[0.2900000000000001],500:209[0.09],502:130[0.13999999999999999],)	504	-33.45	-380.0550793650793	-10000.0	11	15.684	25	8	(0.09753130474056833,0.06111697372344002,0.07120831340546074,0.04002671807030892,)
53	2629526838474023	28005	4	(495:173[0.20000000000000004],496:108[0.2800000000000001],500:99[0.08],502:124[0.12999999999999998],)	504	-33.25	-347.4724603174604	-10000.0	13	15.138	24	8	(0.0656237765986486,0.06270678011771519,0.05624422017158182,0.049137263723941664,)
54	2629760087405673	28509	4	(495:91[0.19000000000000003],496:226[0.2900000000000001],500:93[0.09],502:94[0.13999999999999999],)	504	-33.0	-389.49884920634906	-10000.0	12	14.342	24	9	(0.06729404517583291,0.07113026422752854,0.05151499618585616,0.05158772730862956,)
55	2629952728855412	29013	4	(495:139[0.20000000000000004],496:127[0.2800000000000001],500:152[0.09999999999999999],502:86[0.15],)	504	-33.16	-319.36093253968266	-10000.0	15	15.262	23	8	(0.09363559925935862,0.061609797700026565,0.04871269799614911,0.04783076977920887,)
56	2630171889877580	29517	4	(495:89[0.19000000000000003],496:48[0.2700000000000001],500:117[0.09],502:250[0.16],)	504	-32.81	-374.78206349206357	-10000.0	11	14.894	23	8	(0.08503380011356043,0.08678186260692172,0.06389240430190733,0.06017485571435963,)
57	2630475550563493	30021	4	(495:90[0.20000000000000004],496:186[0.2800000000000001],500:125[0.09999999999999999],502:103[0.15],)	504	-33.06	-484.24996031746025	-10000.0	10	14.7	24	8	(0.08778397036912512,0.06258012694296194,0.04683074109331821,0.05228166508809292,)
58	2630656143747743	30525	4	(495:58[0.21000000000000005],496:151[0.2700000000000001],500:157[0.09],502:138[0.16],)	504	-33.03	-288.69888888888903	-10000.0	14	15.268	25	9	(0.06501702004390228,0.06220520294568469,0.04790130850614649,0.04128458983908172,)
59	2630869889558308	31029	4	(495:84[0.22000000000000006],496:176[0.26000000000000006],500:127[0.08],502:117[0.15],)	504	-33.21	-395.7983134920635	-10000.0	14	15.192	25	8	(0.046623345305583125,0.07805350389718256,0.05325445548349584,0.06640519969995846,)
60	2631103744317507	31533	4	(495:221[0.23000000000000007],496:173[0.25000000000000006],500:37[0.07],502:73[0.16],)	504	-31.77	-411.40942460317456	-10000.0	15	14.494	23	9	(0.0696149015710688,0.07840705444728131,0.05109748103860925,0.0613448502593927,)
61	2631302991936468	32037	4	(495:112[0.22000000000000006],496:60[0.24000000000000005],500:15[0.08],502:317[0.17],)	504	-32.99	-345.12373015873015	-9974.96	17	13.932	22	8	(0.06449203609331959,0.07216225559535058,0.055737424272844824,0.09093925487821126,)
62	2631485482902662	32541	4	(495:155[0.23000000000000007],496:146[0.25000000000000006],500:28[0.09],502:175[0.16],)	504	-33.2	-327.4798015873016	-9990.18	10	14.246	21	8	(0.0840340383244169,0.10417119561608362,0.04997608936664346,0.0970550676849754,)
63	2631628541501924	33045	4	(495:94[0.22000000000000006],496:122[0.24000000000000005],500:150[0.09999999999999999],502:138[0.15],)	504	-32.25	-217.1878174603174	-10000.0	12	15.362	22	9	(0.08094105069146659,0.11868023983605544,0.02748750575361411,0.11929147278431076,)
64	2631752503047798	33549	4	(495:27[0.23000000000000007],496:105[0.25000000000000006],500:198[0.09],502:174[0.13999999999999999],)	504	-32.43	-179.65960317460323	-9985.61	11	15.614	23	9	(0.053842708084316154,0.08951925924585857,0.025140315959831645,0.055548105833915735,)
65	2631973094663608	34053	4	(495:305[0.24000000000000007],496:56[0.26000000000000006],500:114[0.08],502:29[0.12999999999999998],)	504	-32.16	-409.4261507936505	-10000.0	12	14.758	24	9	(0.0861542680383939,0.06243981951708577,0.024313019457062775,0.0807786908462188,)
66	2632233382185162	34557	4	(495:166[0.23000000000000007],496:219[0.2700000000000001],500:18[0.09],502:101[0.13999999999999999],)	504	-32.25	-436.52347222222227	-10000.0	15	14.466	23	8	(0.07449496548926769,0.06537068950100988,0.025301599578972007,0.08296210211438905,)
67	2632484415020430	35061	4	(495:162[0.22000000000000006],496:98[0.26000000000000006],500:157[0.09999999999999999],502:87[0.15],)	504	-32.39	-380.9926785714285	-10000.0	13	15.936	23	8	(0.0874645639424693,0.060628818930912945,0.0769806459833961,0.07329968706103789,)
68	2632725094386302	35565	4	(495:275[0.21000000000000005],496:103[0.2700000000000001],500:109[0.09],502:17[0.16],)	504	-31.66	-409.1659722222222	-10000.0	14	15.054	23	8	(0.07561095497226902,0.05917515109736822,0.0235355965688976,0.0769219060282108,)
69	2632972059688249	36069	4	(495:180[0.20000000000000004],496:114[0.2800000000000001],500:171[0.09999999999999999],502:39[0.17],)	504	-32.66	-383.39224206349206	-10000.0	10	15.638	24	9	(0.0851903437059293,0.06341942665420554,0.033756869976753076,0.0879076780621559,)
70	2633278026428690	36573	4	(495:194[0.19000000000000003],496:119[0.2900000000000001],500:64[0.09],502:127[0.18000000000000002],)	504	-31.74	-680.8923015873016	-10000.0	11	13.76	25	8	(0.07234750352336684,0.09583948379043415,0.051100168351619304,0.02915626147306119,)
71	2633776185033277	37089	3	(495:36[0.18000000000000002],496:43[0.3000000000000001],502:425[0.17],)	504	-31.93	-1133.3712301587302	-10000.0	10	11.702	21	8	(0.13098059154634623,0.051245883228364875,0.05763874892744513,)
72	2634103340325884	37592	3	(495:204[0.19000000000000003],496:25[0.3100000000000001],502:274[0.16],)	503	-31.62	-723.2794831013919	-10000.0	11	11.872	19	8	(0.08423895365519847,0.07601276905187974,0.06671578375948393,)
73	2634410197735766	38095	3	(495:108[0.18000000000000002],496:128[0.3200000000000001],502:267[0.15],)	503	-31.78	-661.045009940358	-10000.0	14	12.426	19	8	(0.086078571490481,0.08449713397530434,0.04774177429238909,)
74	2634656272455101	38598	3	(495:93[0.19000000000000003],496:147[0.3300000000000001],502:263[0.13999999999999999],)	503	-31.82	-504.05765407554674	-10000.0	10	12.796	19	8	(0.07417234824432332,0.06925563499264625,0.08366268153200722,)
75	2634967924089380	39101	3	(495:170[0.20000000000000004],496:217[0.34000000000000014],502:116[0.12999999999999998],)	503	-31.28	-640.5083499005966	-10000.0	9	13.172	20	8	(0.09679181418954087,0.08548262022146332,0.09598123606059315,)
76	2635258839162461	39604	3	(495:27[0.19000000000000003],496:171[0.3300000000000001],502:305[0.13999999999999999],)	503	-31.29	-581.9871968190853	-10000.0	10	12.646	20	8	(0.08791143562988238,0.07399502543456465,0.049976487478467266,)
77	2635525018065474	40107	3	(495:104[0.20000000000000004],496:233[0.3200000000000001],502:166[0.12999999999999998],)	503	-31.32	-527.8257455268388	-10000.0	9	13.708	21	8	(0.13001178728710955,0.07506140562019097,0.07023283111236882,)
78	2635749261089758	40610	3	(495:154[0.21000000000000005],496:141[0.3100000000000001],502:208[0.11999999999999998],)	503	-31.77	-476.7176143141153	-10000.0	10	13.43	21	8	(0.07414810376885905,0.10413585883548353,0.06982952926237383,)
79	2635953992403054	41113	3	(495:78[0.22000000000000006],496:128[0.3200000000000001],502:297[0.10999999999999999],)	503	-31.77	-419.6782107355866	-10000.0	12	13.414	21	8	(0.08952574199664116,0.06808043773706106,0.06735567450569277,)
80	2636195955202777	41616	3	(495:179[0.23000000000000007],496:181[0.3300000000000001],502:143[0.09999999999999999],)	503	-31.07	-429.05934393638177	-10000.0	9	13.75	21	8	(0.08386519125894946,0.08372470975467912,0.06996561074980119,)
81	2636332665845820	42119	3	(495:126[0.22000000000000006],496:209[0.3200000000000001],502:168[0.10999999999999999],)	503	-31.98	-249.3173757455269	-10000.0	14	13.966	21	8	(0.08072811910026163,0.07823375524810566,0.07238602856605923,)
82	2636497475186203	42622	3	(495:198[0.23000000000000007],496:171[0.3100000000000001],502:134[0.09999999999999999],)	503	-32.07	-279.676958250497	-10000.0	11	13.52	21	8	(0.06589765613243816,0.0942433914873071,0.07340238507989671,)
83	2636703761503315	43125	3	(495:229[0.22000000000000006],496:158[0.3000000000000001],502:116[0.10999999999999999],)	503	-31.32	-422.2252087475148	-10000.0	14	13.326	22	8	(0.07499550217853847,0.0900281743281556,0.06576390771393918,)
84	2636844611397719	43628	3	(495:80[0.21000000000000005],496:99[0.3100000000000001],502:324[0.11999999999999998],)	503	-30.65	-319.0897813121271	-10000.0	12	12.608	21	8	(0.10580121380973524,0.07497208849973865,0.07716992838599773,)
85	2637235239921618	44131	3	(495:273[0.22000000000000006],496:60[0.3200000000000001],502:170[0.10999999999999999],)	503	-31.52	-957.1917693836981	-10000.0	13	11.898	21	8	(0.10943234985119933,0.09712180172782676,0.07678523924418361,)
86	2637501333424885	44634	3	(495:410[0.21000000000000005],496:51[0.3300000000000001],502:42[0.09999999999999999],)	503	-30.36	-568.4147514910532	-10000.0	10	12.318	20	8	(0.13336176347442322,0.16255601003950337,0.06771726710796519,)
87	2637733884112694	45137	3	(495:183[0.20000000000000004],496:211[0.34000000000000014],502:109[0.10999999999999999],)	503	-31.58	-537.6896023856859	-10000.0	10	11.386	21	8	(0.10431452260750812,0.11906188482545906,0.06447748883955161,)
88	2638026367970941	45640	3	(495:130[0.19000000000000003],496:279[0.3300000000000001],502:94[0.11999999999999998],)	503	-30.79	-724.4082107355865	-10000.0	9	11.392	22	8	(0.11224329579227987,0.10744194032107401,0.0988128309972786,)
89	2638302040283642	46143	3	(495:208[0.20000000000000004],496:49[0.3200000000000001],502:246[0.12999999999999998],)	503	-32.01	-658.4752683896618	-10000.0	10	11.46	21	8	(0.11070873703387374,0.10664110773202717,0.08958247857931166,)
90	2638519779405023	46646	3	(495:114[0.19000000000000003],496:131[0.3300000000000001],502:258[0.11999999999999998],)	503	-31.32	-471.9522664015906	-10000.0	10	10.708	22	8	(0.13551202534942253,0.1334850577496992,0.09090311893198484,)
91	2638771918558608	47149	3	(495:337[0.20000000000000004],496:115[0.34000000000000014],502:51[0.10999999999999999],)	503	-31.33	-618.4922664015903	-10000.0	9	10.72	22	8	(0.10917454449336186,0.1175480868168181,0.09128521376705483,)
92	2639043399753382	47652	3	(495:151[0.19000000000000003],496:316[0.35000000000000014],502:36[0.11999999999999998],)	503	-32.02	-655.7807157057654	-10000.0	9	10.51	18	8	(0.0713444763031735,0.06347731935182832,0.09232475659128365,)
93	2639346549371280	48155	3	(495:73[0.20000000000000004],496:389[0.34000000000000014],502:41[0.12999999999999998],)	503	-31.0	-735.289940357853	-10000.0	11	10.678	17	8	(0.09242022382039962,0.07889774316379962,0.06788606651658012,)
94	2639508243144855	48658	3	(495:135[0.21000000000000005],496:199[0.3300000000000001],502:169[0.13999999999999999],)	503	-30.82	-347.40763419483096	-10000.0	9	11.4	18	8	(0.0937945436557782,0.10423719577218236,0.09185668574644569,)
95	2639705168119363	49161	3	(495:213[0.22000000000000006],496:225[0.3200000000000001],502:65[0.12999999999999998],)	503	-31.22	-427.3829224652087	-10000.0	11	11.754	18	8	(0.06316204056740377,0.10085828621624092,0.08814081191475505,)
96	2639953624576079	49664	3	(495:344[0.21000000000000005],496:90[0.3100000000000001],502:69[0.13999999999999999],)	503	-31.63	-574.4883499005962	-10000.0	10	11.7	18	8	(0.11619202099983579,0.13059086381355806,0.0983294258766052,)
97	2640281547688385	50167	3	(495:125[0.20000000000000004],496:127[0.3200000000000001],502:251[0.15],)	503	-30.17	-805.2702186878724	-10000.0	10	10.928	18	8	(0.10271102396688801,0.11127346783801592,0.10002496838031794,)
98	2640593047401510	50670	3	(495:133[0.21000000000000005],496:201[0.3300000000000001],502:169[0.13999999999999999],)	503	-30.77	-748.1265208747511	-10000.0	11	10.76	18	8	(0.14871004720139122,0.13848136163581168,0.12226288010897324,)
99	2640891688286709	51173	3	(495:147[0.22000000000000006],496:61[0.3200000000000001],502:295[0.12999999999999998],)	503	-31.08	-699.3342743538768	-10000.0	11	10.602	18	8	(0.11203250864523194,0.0822154264251722,0.07694752731047703,)
100	2641211960648299	51676	3	(495:181[0.23000000000000007],496:154[0.3300000000000001],502:168[0.11999999999999998],)	503	-31.94	-826.2201590457255	-10000.0	11	10.626	19	8	(0.06054563937408507,0.08313839903157438,0.07056264418517148,)
101	2641427679967367	52179	3	(495:236[0.22000000000000006],496:245[0.34000000000000014],502:22[0.10999999999999999],)	503	-31.39	-530.3578131212723	-10000.0	8	10.79	18	8	(0.09402627519072389,0.08700394221525928,0.08606036202490439,)
102	2641646384882009	52682	3	(495:126[0.21000000000000005],496:181[0.3300000000000001],502:196[0.11999999999999998],)	503	-30.43	-539.0723856858849	-10000.0	9	10.6	14	8	(0.08482918817825129,0.0939032747130344,0.06293129347259402,)
103	2641863012865627	53185	3	(495:361[0.22000000000000006],496:114[0.3200000000000001],502:28[0.10999999999999999],)	503	-31.58	-525.0285288270379	-10000.0	8	10.806	15	8	(0.09743320005701768,0.11526986791732009,0.06291566144182915,)
104	2642059203087154	53688	3	(495:163[0.21000000000000005],496:62[0.3300000000000001],502:278[0.11999999999999998],)	503	-31.17	-526.3656858846919	-10000.0	9	10.18	15	8	(0.12571650787952804,0.1543796938326408,0.07585026790336989,)
105	2642279014217198	54191	3	(495:226[0.22000000000000006],496:99[0.34000000000000014],502:178[0.10999999999999999],)	503	-31.7	-533.2607952286284	-10000.0	12	10.726	15	8	(0.10278848507381484,0.1360541077413711,0.07611498501551732,)
106	2642560598695133	54694	3	(495:30[0.21000000000000005],496:400[0.35000000000000014],502:73[0.09999999999999999],)	503	-31.99	-672.2277534791251	-10000.0	9	11.232	15	8	(0.14740746786135273,0.10976079894377495,0.07326466904116304,)
107	2642774674048585	55197	3	(495:244[0.22000000000000006],496:204[0.34000000000000014],502:55[0.10999999999999999],)	503	-31.54	-516.344393638171	-10000.0	10	10.706	15	8	(0.0896059432801935,0.12021332539464269,0.08189745874221135,)
108	2643067759658052	55700	3	(495:251[0.21000000000000005],496:189[0.3300000000000001],502:63[0.11999999999999998],)	503	-31.31	-704.7097216699799	-10000.0	11	10.784	15	8	(0.08146598180868869,0.12632497505097104,0.09071856340954366,)
109	2643314613988948	56203	3	(495:207[0.20000000000000004],496:168[0.3200000000000001],502:128[0.12999999999999998],)	503	-31.6	-629.8737574552686	-10000.0	10	11.18	16	8	(0.10868826677857348,0.10103467437508995,0.056344941734097286,)
110	2643497175696056	56706	3	(495:69[0.19000000000000003],496:131[0.3100000000000001],502:303[0.13999999999999999],)	503	-31.26	-496.17590457256455	-10000.0	10	11.34	16	8	(0.11917949118585261,0.14685558955348033,0.09695054615208194,)
111	2643707499705599	57209	3	(495:108[0.20000000000000004],496:343[0.3200000000000001],502:52[0.12999999999999998],)	503	-31.84	-531.1007355864809	-10000.0	10	11.064	16	8	(0.10683934994036982,0.10299836407053836,0.10154914737957742,)
112	2643954677763329	57713	3	(495:287[0.21000000000000005],496:164[0.3100000000000001],502:52[0.13999999999999999],)	503	-31.14	-576.7879125248509	-10000.0	11	11.106	17	8	(0.08901517348255514,0.10445280261659809,0.1008508349907966,)
113	2644140826376045	58216	3	(495:148[0.20000000000000004],496:107[0.3200000000000001],502:248[0.15],)	503	-31.22	-468.5830218687871	-9991.75	8	11.096	17	8	(0.10292967565468573,0.0943404168767088,0.08487326953896086,)
114	2644399972153878	58719	3	(495:157[0.21000000000000005],496:267[0.3300000000000001],502:79[0.13999999999999999],)	503	-31.99	-624.7763817097415	-10000.0	10	11.332	18	8	(0.10714151229318684,0.11138964042439381,0.08808832960093488,)
115	2644617125639701	59222	3	(495:37[0.22000000000000006],496:236[0.3200000000000001],502:230[0.15],)	503	-31.5	-491.2389264413517	-10000.0	12	11.184	17	8	(0.1180548528725258,0.10724490024903235,0.09530584801858795,)
116	2644840274265917	59725	3	(495:268[0.23000000000000007],496:117[0.3100000000000001],502:118[0.13999999999999999],)	503	-31.69	-550.9024453280318	-10000.0	10	11.026	17	8	(0.0960279697168478,0.10358352481127706,0.08675285902179192,)
117	2644999842697268	60228	3	(495:280[0.22000000000000006],496:157[0.3200000000000001],502:66[0.15],)	503	-31.75	-403.74727634194835	-10000.0	10	11.242	18	8	(0.10130665136236462,0.10289446393276198,0.0963187485812666,)
118	2645155276433052	60731	3	(495:109[0.21000000000000005],496:201[0.3300000000000001],502:193[0.16],)	503	-31.46	-388.0352485089464	-9960.24	12	11.434	17	8	(0.08804094370604099,0.10190466890074136,0.08077563933824027,)
119	2645376172077347	61234	3	(495:271[0.22000000000000006],496:166[0.3200000000000001],502:66[0.15],)	503	-31.22	-498.6507355864811	-10000.0	10	11.26	17	8	(0.09221612102881356,0.09793526212130992,0.09664899103628709,)
120	2645557041298910	61737	3	(495:213[0.21000000000000005],496:159[0.3100000000000001],502:131[0.16],)	503	-31.55	-435.44409542743523	-10000.0	9	11.502	18	8	(0.09586706369064597,0.10335888126804421,0.10319941300429836,)
121	2645737075543267	62240	3	(495:191[0.20000000000000004],496:35[0.3200000000000001],502:277[0.17],)	503	-32.19	-396.8574751491054	-10000.0	12	11.684	19	8	(0.10750156024072215,0.11398193657968754,0.10401160959437439,)
122	2645911378570923	62746	3	(495:149[0.19000000000000003],496:213[0.3300000000000001],502:141[0.16],)	503	-31.61	-386.18015904572565	-9968.01	10	11.412	19	8	(0.1147976181643817,0.08717206704533591,0.0868795451047288,)
123	2646069145272650	63249	3	(495:108[0.20000000000000004],496:181[0.3200000000000001],502:214[0.17],)	503	-31.45	-385.2743538767396	-10000.0	12	11.83	18	8	(0.1136543388808145,0.09197411297870868,0.10657317461328404,)
124	2646327545510861	63752	3	(495:147[0.21000000000000005],496:182[0.3100000000000001],502:174[0.16],)	503	-31.82	-595.4841550695826	-10000.0	10	11.854	19	8	(0.10305300626628146,0.0999717204190127,0.07965392072925957,)
125	2646545703790115	64255	3	(495:148[0.22000000000000006],496:178[0.3000000000000001],502:177[0.15],)	503	-31.23	-502.00650099403583	-9995.26	12	12.134	18	8	(0.09590942496030208,0.081215803915064,0.08102538194428482,)
126	2646733157932031	64758	3	(495:107[0.23000000000000007],496:257[0.2900000000000001],502:139[0.13999999999999999],)	503	-31.55	-426.9915904572565	-10000.0	10	12.2	18	8	(0.10580088948135707,0.09877442504608999,0.10524205085543796,)
127	2646917016620813	65261	3	(495:85[0.24000000000000007],496:306[0.2800000000000001],502:112[0.15],)	503	-32.01	-419.2195626242545	-10000.0	10	11.878	18	8	(0.11321269595396544,0.09367121894950987,0.10310544245684394,)
128	2647035579039025	65764	3	(495:60[0.25000000000000006],496:221[0.2700000000000001],502:222[0.16],)	503	-31.43	-274.7674950298211	-10000.0	9	11.976	18	8	(0.078850244305817,0.08450814100327808,0.07062157554514283,)
129	2647219004955304	66267	3	(495:51[0.26000000000000006],496:181[0.26000000000000006],502:271[0.15],)	503	-31.19	-413.44644135188867	-10000.0	12	11.678	17	8	(0.10136345864998078,0.09624283279114272,0.09363901073415799,)
130	2647472261063828	66770	3	(495:203[0.2700000000000001],496:69[0.25000000000000006],502:231[0.13999999999999999],)	503	-31.26	-608.9101789264413	-10000.0	9	11.256	16	8	(0.10332693255519393,0.0851539684980769,0.09277617557136235,)
131	2647708279839182	67273	3	(495:185[0.26000000000000006],496:279[0.26000000000000006],502:39[0.12999999999999998],)	503	-32.01	-565.89648111332	-10000.0	11	11.424	17	8	(0.09544252082132718,0.10388302933399036,0.09582749817752459,)
132	2647890018945516	67784	3	(495:293[0.25000000000000006],496:49[0.25000000000000006],502:161[0.13999999999999999],)	503	-29.33	-387.82007952286284	-10000.0	10	11.416	18	8	(0.09819928040997926,0.0988717652084802,0.0968991128465897,)
133	2648095427144163	68287	3	(495:174[0.24000000000000005],496:225[0.26000000000000006],502:104[0.15],)	503	-31.7	-511.8026043737576	-10000.0	11	11.732	17	8	(0.107384427851291,0.09778466220472085,0.11072958251257349,)
134	2648313117269122	68790	3	(495:129[0.23000000000000004],496:312[0.25000000000000006],502:62[0.16],)	503	-31.21	-469.15771371769375	-10000.0	12	11.958	18	8	(0.09151399494021453,0.08435681528670236,0.08890783946079701,)
135	2648473953735781	69293	3	(495:137[0.24000000000000005],496:180[0.24000000000000005],502:186[0.17],)	503	-31.29	-354.6235188866798	-10000.0	10	11.944	19	8	(0.10690915619428337,0.09225334181064017,0.1070700711301326,)
136	2648748106425624	69801	3	(495:164[0.25000000000000006],496:258[0.23000000000000004],502:81[0.16],)	503	-31.43	-616.0343737574552	-9997.68	12	12.034	19	8	(0.11239884763762809,0.09349838174124467,0.11170490613505683,)
137	2648885826148272	70304	3	(495:314[0.26000000000000006],496:27[0.22000000000000003],502:162[0.17],)	503	-31.05	-294.9639960238568	-10000.0	10	11.776	17	8	(0.08871425056530856,0.10639019588260863,0.09334937882925883,)
138	2649106572177480	70807	3	(495:120[0.25000000000000006],496:248[0.23000000000000004],502:135[0.18000000000000002],)	503	-31.66	-487.96584493041763	-10000.0	13	11.914	17	8	(0.09270287064374284,0.0738269058159004,0.0794396075714058,)
139	2649309064506389	71310	3	(495:211[0.26000000000000006],496:220[0.22000000000000003],502:72[0.19000000000000003],)	503	-31.46	-498.5212524850896	-10000.0	16	11.934	17	8	(0.09557306122311976,0.09169133620002463,0.10791537387031913,)
140	2649483558155490	71813	3	(495:275[0.25000000000000006],496:131[0.21000000000000002],502:97[0.20000000000000004],)	503	-31.86	-374.7769781312126	-10000.0	12	12.064	17	8	(0.08785994198983918,0.08024630071237393,0.08789441991702591,)
141	2649662872805988	72316	3	(495:122[0.24000000000000005],496:238[0.22000000000000003],502:143[0.21000000000000005],)	503	-31.96	-401.0118489065606	-10000.0	12	12.412	18	8	(0.09062119192230605,0.08484602093230963,0.09307601360468094,)
142	2649831493756253	72819	3	(495:79[0.25000000000000006],496:190[0.21000000000000002],502:234[0.22000000000000006],)	503	-31.74	-345.45069582504965	-10000.0	11	12.248	19	8	(0.08321646522191935,0.0979446561024737,0.10398097707919769,)
143	2650134486588554	73322	3	(495:251[0.26000000000000006],496:165[0.2],502:87[0.21000000000000005],)	503	-31.49	-652.5289065606361	-10000.0	9	11.518	18	8	(0.08291608450316489,0.10012891406457727,0.08994759784185996,)
144	2650428081979972	73825	3	(495:226[0.25000000000000006],496:181[0.21000000000000002],502:96[0.22000000000000006],)	503	-31.66	-658.9878330019881	-10000.0	12	11.708	18	8	(0.06702248477366983,0.10367862056464516,0.09041409134502569,)
145	2650715114492246	74328	3	(495:338[0.24000000000000005],496:46[0.2],502:119[0.23000000000000007],)	503	-32.09	-717.9743538767395	-10000.0	12	11.612	17	8	(0.07510401810906893,0.09385288614858296,0.09767249110457875,)
146	2650997839494798	74834	3	(495:228[0.23000000000000004],496:249[0.21000000000000002],502:26[0.24000000000000007],)	503	-31.89	-571.6993638170977	-10000.0	15	11.88	17	8	(0.10366114399269387,0.09158312775603594,0.061316077810233516,)
147	2651272577289519	75337	4	(495:179[0.22000000000000003],496:201[0.2],502:106[0.25000000000000006],508:17[0.15],)	503	-30.09	-644.5591650099401	-10000.0	10	11.234	17	8	(0.1250559523684117,0.10393255652584095,0.09647381726717644,0.0713012493233767,)
148	2651594904427398	75841	4	(495:54[0.21000000000000002],496:110[0.19],502:235[0.26000000000000006],508:105[0.16],)	504	-31.26	-843.331765873016	-10000.0	11	10.856	17	8	(0.12401871673738919,0.1224681733332542,0.060720356304074824,0.04232080809196166,)
149	2651914248762424	76345	7	(495:126[0.22000000000000003],496:24[0.2],502:31[0.25000000000000006],508:183[0.17],509:39[0.15],510:79[0.15],511:22[0.15],)	504	-31.66	-753.4032738095239	-10000.0	10	11.08	17	8	(0.1119609552519899,0.10776644072717435,0.1263475406777278,0.1083677202411294,0.11735682618556148,0.08996605833873521,0.066405404491342,)
