alpha = 0.15
gamma = 1.0
lambda = 0.6
epsilon = 0.3
randomSeed = 1515
GREAT!
Xover: 4
---- Evolution parameters ----
Folder name:          NMSarsa_Maze/run_2603473142629926
Random seed:          1515
GREAT activated:      true
Max iterations:       150
Population size:      500
GREAT initialization  true
Speciation threshold: 0.15
Species min size:     15
Tournament size:      3
Crossover rate:       0.2
Mutation rate:        0.8
Crossovers:
	AligningCrossover_v4(0.15)
Mutations:
	AddGeneMutation(maxSize=2147483647, prob=0.33)
	DeleteGeneMutation(minSize=8, prob=0.33)
	ChangeGeneMutation(prob=0.33)
------------------------------

---- Starting evolution ----
IT	Nanotime	#Eval	#Species	Species size	PopSize	Best	Avg	Worst	Best GRN Size	Avg GRN size	Max GRN size	Min GRN size	Species avgdist2rep
0	2606373938790228	997	1	(468:499[0.15],)	499	-55.11	-1879.0505611222459	-10000.0	10	9.43	14	8	(0.0741538045821252,)
1	2606908013740563	1508	1	(468:501[0.16],)	501	-54.82	-1397.2323752495008	-10000.0	9	9.816	14	8	(0.06800636866666437,)
2	2607370660103015	2010	2	(468:376[0.15],471:125[0.15],)	501	-54.87	-1229.2741117764467	-10000.0	8	10.162	15	8	(0.07937417472023485,0.08993513103191005,)
3	2607848217298513	2512	2	(468:233[0.13999999999999999],471:269[0.16],)	502	-54.87	-1250.3207768924308	-10000.0	11	10.518	15	8	(0.05163424073834563,0.06478268533092202,)
4	2608294938657314	3015	2	(468:308[0.15],471:194[0.15],)	502	-53.73	-1167.44952191235	-10000.0	12	10.39	16	8	(0.052334455436078446,0.051806606703718734,)
5	2608770481374015	3526	3	(468:152[0.13999999999999999],471:323[0.16],474:27[0.15],)	502	-52.72	-1190.8317729083665	-10000.0	11	10.82	16	8	(0.07261973054975812,0.06711815899864376,0.08693674101577752,)
6	2609274042642426	4043	3	(468:153[0.15],471:50[0.15],474:300[0.16],)	503	-54.14	-1294.7512922465207	-10000.0	11	10.022	15	8	(0.06504795816746936,0.06702656456095904,0.07362726494661435,)
7	2609606254703448	4546	3	(468:210[0.16],471:83[0.16],474:210[0.15],)	503	-51.89	-906.8335785288269	-10000.0	10	10.39	15	8	(0.062279482790438434,0.0556556497375833,0.07352831581399694,)
8	2610000355128961	5049	4	(468:179[0.15],471:67[0.17],474:221[0.13999999999999999],479:36[0.15],)	503	-50.72	-984.9227634194832	-10000.0	11	10.582	16	8	(0.06688870913735832,0.0688313252918156,0.07697687735002615,0.07015419321712318,)
9	2610424264131980	5553	4	(468:129[0.13999999999999999],471:96[0.18000000000000002],474:254[0.12999999999999998],479:25[0.16],)	504	-50.8	-1099.8840674603173	-10000.0	13	10.404	17	8	(0.06453202059890456,0.051540954158641294,0.048776347697918616,0.03863264682396416,)
10	2611098098522049	6057	4	(468:26[0.12999999999999998],471:110[0.19000000000000003],474:81[0.11999999999999998],479:287[0.17],)	504	-49.35	-1981.5386309523794	-10000.0	14	9.526	17	8	(0.09832862397074135,0.05653574707160724,0.06652132991238816,0.058992418339352926,)
11	2611437694837410	6561	4	(468:71[0.13999999999999999],471:124[0.20000000000000004],474:155[0.12999999999999998],479:154[0.16],)	504	-49.14	-835.3908134920634	-10000.0	14	9.698	18	8	(0.06480847128522636,0.07744035517689149,0.04876219397568006,0.03926490874334114,)
12	2612057682569481	7065	4	(468:228[0.15],471:186[0.21000000000000005],474:24[0.11999999999999998],479:66[0.15],)	504	-48.64	-1560.9614484126985	-10000.0	15	10.032	17	8	(0.0644713849597232,0.09497688321496295,0.05118311028972324,0.08347507603380087,)
13	2612542916364821	7569	4	(468:40[0.13999999999999999],471:120[0.20000000000000004],474:231[0.12999999999999998],479:113[0.16],)	504	-48.85	-1245.2488492063492	-10000.0	15	10.056	16	8	(0.08685329969989002,0.07252047822857513,0.04577276281097139,0.06836690163027893,)
14	2612965400160475	8073	5	(468:107[0.15],471:104[0.21000000000000005],474:153[0.11999999999999998],479:116[0.17],480:24[0.15],)	504	-47.78	-1094.5813690476193	-10000.0	16	10.326	17	8	(0.0883755047782097,0.0968816963715949,0.047045373610680875,0.09690688616916267,0.07344770435294769,)
15	2613399030830498	8588	5	(468:40[0.13999999999999999],471:166[0.20000000000000004],474:126[0.10999999999999999],479:125[0.16],480:48[0.16],)	505	-46.38	-1028.893287128713	-10000.0	12	10.912	18	8	(0.05658559363619063,0.0869811749769591,0.06629987552931027,0.07663914929573457,0.07102033549355767,)
16	2613869682815997	9093	6	(468:70[0.15],471:78[0.19000000000000003],474:24[0.09999999999999999],479:134[0.15],480:157[0.17],482:42[0.15],)	505	-46.32	-1056.629821782178	-10000.0	16	11.202	19	8	(0.07241747024265455,0.10559837286341665,0.06003720080952644,0.0972588250989367,0.04995745792016084,0.09544043619102917,)
17	2614296854507886	9615	5	(468:43[0.16],474:176[0.10999999999999999],479:90[0.13999999999999999],480:143[0.16],482:54[0.16],)	506	-44.66	-960.4486363636362	-10000.0	13	10.9	19	8	(0.06052599600159322,0.0621644474814462,0.07415286002182819,0.07279375104360154,0.09442727790189116,)
18	2615091957384219	10123	6	(468:176[0.17],474:82[0.09999999999999999],479:123[0.15],480:94[0.15],482:15[0.17],484:15[0.15],)	505	-45.24	-1547.431643564356	-10000.0	13	11.836	20	8	(0.07928806505818345,0.06214792309328587,0.06732693364916231,0.08501430658082762,0.09147361385108284,0.11213092248857083,)
19	2616121501213394	10639	6	(468:46[0.16],474:16[0.10999999999999999],479:139[0.13999999999999999],480:144[0.13999999999999999],482:115[0.18000000000000002],484:46[0.16],)	506	-44.41	-1982.467292490118	-10000.0	12	13.022	20	8	(0.09734834554502482,0.06090050921651894,0.07202041747366958,0.07594197468249458,0.10023872866117732,0.10619038748470144,)
20	2616707102946595	11154	7	(468:34[0.17],474:94[0.11999999999999998],479:47[0.12999999999999998],480:94[0.12999999999999998],482:71[0.17],484:131[0.17],487:35[0.15],)	506	-44.33	-1208.9166007905135	-10000.0	13	12.194	21	8	(0.12760587304372642,0.04873432232593318,0.054696235589936644,0.06769071783756964,0.06740203677352438,0.059354007694137574,0.06946051370952655,)
21	2617190408057846	11661	8	(468:39[0.18000000000000002],474:86[0.10999999999999999],479:94[0.13999999999999999],480:45[0.11999999999999998],482:91[0.16],484:77[0.16],487:58[0.16],489:17[0.15],)	507	-42.53	-1008.8853451676529	-10000.0	18	12.288	22	8	(0.09949811559253548,0.05456011540273019,0.055853556580937526,0.09175576085097352,0.07537102393807293,0.0700847916155255,0.06146509234604207,0.053323518770580704,)
22	2617668628551842	12172	7	(468:141[0.19000000000000003],474:49[0.09999999999999999],479:39[0.12999999999999998],480:124[0.12999999999999998],482:55[0.15],484:27[0.15],487:73[0.17],)	508	-41.79	-955.3523228346459	-10000.0	15	12.34	22	8	(0.03228072019261468,0.05239958008277809,0.061569574651529194,0.049813596730799756,0.06996661510287491,0.05888546569934471,0.09123056265002963,)
23	2618278551607740	12679	7	(468:27[0.18000000000000002],474:59[0.10999999999999999],479:17[0.13999999999999999],480:136[0.11999999999999998],482:128[0.16],484:94[0.16],487:46[0.16],)	507	-45.04	-1087.3469230769228	-10000.0	14	13.104	22	8	(0.06492239173784825,0.05632244074870462,0.09457499847158647,0.06574522817244095,0.07514782412588156,0.08515712139028737,0.08178966685795752,)
24	2618988779902892	13186	7	(468:70[0.19000000000000003],474:59[0.11999999999999998],479:31[0.15],480:166[0.10999999999999999],482:52[0.15],484:42[0.15],487:87[0.17],)	507	-44.58	-1239.6653057199214	-10000.0	17	13.392	22	8	(0.06832374347998825,0.07513685473790555,0.042830321134912745,0.07558053504210314,0.11290804270869458,0.07597713888603917,0.057109945892193,)
25	2619528899260397	13693	7	(468:21[0.20000000000000004],474:74[0.12999999999999998],479:55[0.16],480:26[0.09999999999999999],482:187[0.16],484:70[0.16],487:74[0.16],)	507	-43.74	-993.3305522682448	-10000.0	16	13.61	21	8	(0.066395916860676,0.0628638829734236,0.04692285700927934,0.08954332642041506,0.08045897362645979,0.06989082288050501,0.056720233191519226,)
26	2620307937526529	14210	7	(468:22[0.21000000000000005],474:41[0.11999999999999998],479:146[0.17],482:78[0.15],484:90[0.17],487:108[0.15],490:22[0.15],)	507	-43.06	-1575.0451873767258	-10000.0	17	12.382	21	8	(0.09221594590500608,0.06899472348675155,0.09754601088979012,0.09526206094647882,0.09828610454773283,0.08362902081092566,0.08880776437920958,)
27	2620895696594877	14721	7	(468:117[0.22000000000000006],474:119[0.12999999999999998],479:30[0.16],482:84[0.13999999999999999],484:91[0.16],487:19[0.13999999999999999],490:47[0.16],)	507	-44.15	-1424.7427810650888	-10000.0	19	10.888	22	8	(0.05378606451517122,0.08117881270003202,0.08390859686091318,0.061146104521478714,0.054680722032325886,0.07340493008649336,0.04447254033996474,)
28	2621491343591537	15228	7	(468:129[0.21000000000000005],474:37[0.11999999999999998],479:25[0.17],482:57[0.12999999999999998],484:23[0.15],487:34[0.15],490:202[0.17],)	507	-45.98	-1456.1397830374751	-10000.0	17	10.662	22	8	(0.05640397791375755,0.07947350936254481,0.0504581079956946,0.05287515660237892,0.09554724169538313,0.08895915281011461,0.04032102217761717,)
29	2622036888170428	15739	6	(468:169[0.20000000000000004],474:60[0.12999999999999998],479:19[0.18000000000000002],482:43[0.13999999999999999],484:76[0.16],487:140[0.16],)	507	-45.97	-1148.0627021696253	-10000.0	15	12.004	22	8	(0.07334773041436303,0.06799538570233289,0.09738295107182121,0.04574662550380059,0.10055665068879556,0.07860852804302608,)
30	2622578947612425	16245	7	(468:94[0.19000000000000003],474:115[0.13999999999999999],479:41[0.19000000000000003],482:85[0.15],484:99[0.17],487:54[0.15],493:18[0.15],)	506	-44.67	-1104.7706126482215	-10000.0	17	12.316	22	8	(0.0687976001979125,0.08891700411964835,0.07974303704586941,0.05790137844908775,0.06944186497763925,0.08933889858483644,0.07468198455923367,)
31	2623179045408011	16752	8	(468:72[0.18000000000000002],474:32[0.12999999999999998],479:18[0.20000000000000004],482:44[0.13999999999999999],484:72[0.16],487:42[0.16],493:177[0.16],494:50[0.15],)	507	-44.22	-1326.2608284023665	-10000.0	15	11.77	21	8	(0.06499628609066777,0.08197689671384693,0.07852313334306499,0.07349931840328583,0.06063084937038318,0.07422780679839444,0.06883033850004447,0.045606112967972144,)
32	2623759683530871	17260	8	(468:20[0.17],474:110[0.13999999999999999],479:121[0.21000000000000005],482:76[0.15],484:78[0.15],487:38[0.17],493:29[0.15],494:36[0.16],)	508	-45.57	-1185.6087007874016	-10000.0	19	12.972	21	8	(0.07234245540045593,0.036283148454387466,0.07650171614060132,0.05840067871126059,0.0647489786964804,0.0542764428347161,0.07277572461680121,0.05107410387531202,)
33	2624384385243494	17778	6	(468:23[0.18000000000000002],474:166[0.12999999999999998],479:35[0.20000000000000004],482:50[0.13999999999999999],484:45[0.13999999999999999],493:189[0.16],)	508	-44.54	-1328.892362204725	-10000.0	16	11.944	21	8	(0.07127681975317249,0.05164113494560725,0.05991431966269631,0.04671502643936302,0.06854893129972571,0.04851554290084087,)
34	2625173343951351	18304	6	(468:35[0.19000000000000003],474:72[0.11999999999999998],479:68[0.21000000000000005],482:116[0.15],484:75[0.15],493:140[0.15],)	506	-43.07	-1450.5273320158099	-10000.0	15	12.6	21	8	(0.10567216817380855,0.05990103471809411,0.05836042835967425,0.04693487888933912,0.08094802819368693,0.05473263070662183,)
35	2625772981433682	18823	6	(468:48[0.20000000000000004],474:109[0.12999999999999998],479:29[0.22000000000000006],482:82[0.13999999999999999],484:106[0.16],493:132[0.13999999999999999],)	506	-43.28	-1086.0566007905136	-10000.0	18	12.986	22	8	(0.1035230871468949,0.08582405225015924,0.0419277779808098,0.057233856159084,0.07177831696018531,0.06218854985210548,)
36	2626399154517943	19329	6	(468:145[0.21000000000000005],474:104[0.11999999999999998],479:118[0.23000000000000007],482:59[0.15],484:59[0.15],493:21[0.12999999999999998],)	506	-44.01	-1167.8742094861657	-10000.0	14	12.43	22	8	(0.09354302138103089,0.06207455072833454,0.04549477240770525,0.05526241626163844,0.07449301159325915,0.07031511936571729,)
37	2627082922375650	19835	7	(468:51[0.20000000000000004],474:128[0.10999999999999999],479:68[0.22000000000000006],482:67[0.16],484:90[0.16],493:85[0.13999999999999999],498:17[0.15],)	506	-43.67	-1271.1661462450593	-10000.0	20	12.908	23	8	(0.08228558075764059,0.053892345044570744,0.06173777320155245,0.06348837420460819,0.10630837307410546,0.06556143614985095,0.10419744934921515,)
38	2627784695335245	20342	7	(468:105[0.21000000000000005],474:63[0.09999999999999999],479:61[0.23000000000000007],482:79[0.17],484:69[0.15],493:15[0.12999999999999998],498:115[0.16],)	507	-41.74	-1267.9493491124263	-10000.0	9	12.754	23	8	(0.07706253876199246,0.05145223784712555,0.08027914953562214,0.0741304222613451,0.06294487112392208,0.08230488257525763,0.018085762365936828,)
39	2628528495717997	20860	6	(474:87[0.10999999999999999],479:58[0.24000000000000007],482:84[0.16],484:69[0.16],493:78[0.13999999999999999],498:131[0.15],)	507	-44.82	-1326.5019921104533	-10000.0	18	13.978	23	8	(0.06024454927185809,0.03378603534346508,0.06081280241643084,0.054254610781486766,0.0313006120380947,0.06180399233068177,)
40	2629423766710072	21378	5	(474:86[0.09999999999999999],479:85[0.25000000000000006],482:58[0.15],484:112[0.17],493:165[0.15],)	506	-40.14	-1501.549071146245	-10000.0	15	14.442	23	8	(0.06815234401127584,0.05199167242672139,0.0721241266579328,0.07335527488975886,0.07376206806954787,)
41	2630186797802155	21883	5	(474:105[0.10999999999999999],479:148[0.26000000000000006],482:83[0.16],484:113[0.16],493:56[0.13999999999999999],)	505	-44.05	-1315.3125544554455	-10000.0	15	14.87	23	8	(0.07370127790046208,0.06399763662162707,0.08508299081254611,0.07375102100545944,0.061686572179562936,)
42	2630920561421146	22388	5	(474:118[0.09999999999999999],479:116[0.25000000000000006],482:141[0.17],484:51[0.15],493:79[0.15],)	505	-42.06	-1190.7024554455445	-10000.0	12	14.38	23	8	(0.05141786419506636,0.09152076195853442,0.06460193542051786,0.06308203494130993,0.07475906051872713,)
43	2631702843978505	22893	5	(474:78[0.09],479:61[0.24000000000000005],482:66[0.16],484:171[0.16],493:129[0.16],)	505	-42.48	-1368.48700990099	-10000.0	18	14.016	24	8	(0.06253095285142794,0.09857353384565803,0.06946393238514123,0.08313949106674363,0.07885373828178037,)
44	2632569726483653	23398	5	(474:82[0.09999999999999999],479:116[0.25000000000000006],482:133[0.17],484:118[0.15],493:56[0.15],)	505	-43.93	-1632.5991881188118	-10000.0	15	14.278	22	8	(0.0790399710894255,0.08800523135834906,0.09800967333543838,0.0894210113900587,0.07751731843730603,)
45	2633422079571639	23903	5	(474:98[0.10999999999999999],479:121[0.24000000000000005],482:15[0.16],484:119[0.13999999999999999],493:152[0.16],)	505	-44.29	-1430.9562970297031	-10000.0	15	13.624	21	8	(0.054112561921556286,0.08844960826524634,0.08839721983696772,0.077664336286504,0.08044821008980954,)
46	2634163342493351	24408	5	(474:79[0.11999999999999998],479:66[0.23000000000000004],482:144[0.17],484:59[0.12999999999999998],493:157[0.15],)	505	-43.81	-1369.5928910891087	-10000.0	17	13.396	20	8	(0.07837203685665449,0.0533174520128841,0.08295346821541921,0.08203754718345438,0.07316706679255966,)
47	2635063725401233	24913	5	(474:82[0.12999999999999998],479:124[0.24000000000000005],482:135[0.16],484:97[0.13999999999999999],493:67[0.13999999999999999],)	505	-43.26	-1631.7608316831684	-10000.0	12	14.262	21	8	(0.07841387392031456,0.05706138173662231,0.06567950741660333,0.08876098447580517,0.06196799884795108,)
48	2635745284468911	25418	5	(474:84[0.13999999999999999],479:75[0.23000000000000004],482:212[0.15],484:106[0.15],493:28[0.15],)	505	-42.99	-1231.286594059406	-10000.0	15	13.86	21	8	(0.05311502875900534,0.045007777089856586,0.07458231256560592,0.08644418872121669,0.05824873585118152,)
49	2636736067898865	25923	5	(474:67[0.15],479:118[0.24000000000000005],482:38[0.13999999999999999],484:46[0.13999999999999999],493:236[0.16],)	505	-44.42	-1974.6002574257423	-10000.0	20	12.992	21	8	(0.053236835418623826,0.07156105370157186,0.07219769376113953,0.07774180720395905,0.030194959568233738,)
50	2637408650479138	26436	4	(474:96[0.16],479:80[0.23000000000000004],484:120[0.15],493:209[0.15],)	505	-43.2	-1136.2156435643565	-10000.0	18	13.46	21	8	(0.05645566618921307,0.06470517994258701,0.07445916004858927,0.06693455259321433,)
51	2638348117438655	26940	4	(474:114[0.17],479:145[0.24000000000000005],484:43[0.16],493:202[0.13999999999999999],)	504	-43.19	-1614.3763492063492	-10000.0	16	14.388	21	8	(0.08900777548218756,0.10176457494614982,0.09999521334795286,0.10764911155491463,)
52	2639141100878416	27444	4	(474:185[0.18000000000000002],479:18[0.23000000000000004],484:217[0.17],493:84[0.12999999999999998],)	504	-42.43	-1555.0215079365082	-10000.0	15	14.336	22	8	(0.10255885782522943,0.07717967024341858,0.07192209562617767,0.07561848383117942,)
53	2639981642153583	27948	4	(474:87[0.17],479:173[0.24000000000000005],484:107[0.16],493:137[0.13999999999999999],)	504	-41.99	-1754.4134523809525	-10000.0	17	13.116	22	8	(0.10460567786456192,0.0691389822612508,0.0713082659803908,0.0692881942546367,)
54	2640767818352223	28452	4	(474:86[0.18000000000000002],479:135[0.23000000000000004],484:122[0.17],493:161[0.12999999999999998],)	504	-44.45	-1509.3148412698415	-10000.0	15	13.692	22	8	(0.09705591720975482,0.07328678665453722,0.08124761844831646,0.07232544883755442,)
55	2641575293036818	28969	3	(474:106[0.19000000000000003],479:268[0.22000000000000003],484:130[0.18000000000000002],)	504	-43.65	-1505.7308134920638	-10000.0	15	14.03	23	8	(0.08889525450030177,0.072725478815937,0.0942535190660028,)
56	2642462212840801	29479	3	(474:155[0.20000000000000004],479:297[0.21000000000000002],484:51[0.19000000000000003],)	503	-43.22	-1509.7093439363816	-10000.0	15	14.432	23	8	(0.05768719949683743,0.0905876217290331,0.09906231887231283,)
57	2643404492073234	29982	3	(474:354[0.21000000000000005],479:21[0.2],484:128[0.20000000000000004],)	503	-42.18	-1512.8644333996024	-10000.0	14	15.59	24	8	(0.09960774179383876,0.06705366707918253,0.11131255025407287,)
58	2644320158218475	30485	3	(474:183[0.20000000000000004],479:88[0.21000000000000002],484:232[0.21000000000000005],)	503	-42.49	-1266.1176938369786	-10000.0	18	16.05	25	8	(0.0811222393650241,0.06239368738412285,0.08298969922686737,)
59	2645052161589354	30988	3	(474:152[0.19000000000000003],479:81[0.22000000000000003],484:270[0.20000000000000004],)	503	-43.36	-1039.6097614314112	-10000.0	12	16.844	25	8	(0.07107925362541344,0.09397606228082954,0.06687665545079648,)
60	2645828754017592	31491	3	(474:171[0.20000000000000004],479:104[0.23000000000000004],484:228[0.19000000000000003],)	503	-41.98	-1076.1556262425447	-10000.0	21	16.742	25	8	(0.07676272675140759,0.10601411104031137,0.07088947488797284,)
61	2646789103933354	31994	3	(474:197[0.19000000000000003],479:125[0.24000000000000005],484:181[0.18000000000000002],)	503	-42.56	-1408.2329224652087	-10000.0	21	17.006	25	8	(0.06775071789869652,0.08332187495038572,0.08514719598272648,)
62	2647399806811137	32497	3	(474:126[0.18000000000000002],479:245[0.25000000000000006],484:132[0.17],)	503	-41.08	-981.9908747514911	-10000.0	21	16.416	25	8	(0.07586193661465297,0.08775303317676847,0.07452335357833424,)
63	2648324402488131	33000	3	(474:25[0.19000000000000003],479:221[0.24000000000000005],484:257[0.18000000000000002],)	503	-43.23	-1329.313976143141	-10000.0	14	16.888	26	8	(0.06424611982589319,0.09935290229525394,0.07605999414774207,)
64	2649144514663772	33503	3	(474:178[0.20000000000000004],479:55[0.23000000000000004],484:270[0.17],)	503	-43.63	-1202.1107952286284	-10000.0	20	16.31	27	10	(0.08802178671373065,0.10152464904282639,0.09521627289377564,)
65	2650156133752612	34006	3	(474:309[0.19000000000000003],479:47[0.24000000000000005],484:147[0.16],)	503	-41.63	-1602.6409145129237	-10000.0	20	15.614	25	9	(0.0817903646258373,0.07504766931684183,0.0942998220877453,)
66	2650989846886546	34509	3	(474:149[0.18000000000000002],479:215[0.25000000000000006],484:139[0.17],)	503	-42.69	-1332.5905765407556	-10000.0	24	15.386	26	8	(0.11044995434945874,0.08466582218014732,0.07337948417571746,)
67	2652161773122598	35012	3	(474:63[0.19000000000000003],479:284[0.24000000000000005],484:156[0.18000000000000002],)	503	-42.63	-1754.9009940357853	-10000.0	23	15.962	25	8	(0.0917142355114422,0.08143841260040316,0.10358794263011478,)
68	2652982094274820	35515	3	(474:294[0.20000000000000004],479:111[0.23000000000000004],484:98[0.19000000000000003],)	503	-42.89	-1301.317097415507	-10000.0	20	16.066	25	9	(0.08099651716873563,0.10633569290014659,0.0608074109502736,)
69	2653838304344241	36018	3	(474:183[0.19000000000000003],479:124[0.24000000000000005],484:196[0.20000000000000004],)	503	-42.59	-1295.9288667992048	-10000.0	18	16.496	25	8	(0.08353102157774782,0.09381431693409682,0.07109494832933812,)
70	2654720396035047	36521	3	(474:126[0.18000000000000002],479:161[0.25000000000000006],484:216[0.19000000000000003],)	503	-41.82	-1334.5709145129229	-10000.0	18	16.444	26	8	(0.11391498675403948,0.09101601789304035,0.08292555142416701,)
71	2655645167709548	37024	3	(474:157[0.19000000000000003],479:117[0.26000000000000006],484:229[0.18000000000000002],)	503	-41.09	-1467.6829423459249	-10000.0	23	16.078	27	8	(0.0861372288178463,0.08633684068481047,0.08842082398490547,)
72	2656387201600826	37527	3	(474:176[0.20000000000000004],479:217[0.2700000000000001],484:110[0.17],)	503	-41.05	-1115.7327236580513	-10000.0	19	15.976	27	8	(0.08394875166107793,0.09715526264987127,0.10135660782573186,)
73	2657235663138098	38030	3	(474:157[0.19000000000000003],479:142[0.26000000000000006],484:204[0.18000000000000002],)	503	-41.68	-1277.7258250497016	-10000.0	23	16.264	25	9	(0.07139659121793927,0.08727723419065808,0.07519562282509949,)
74	2657965044520213	38533	3	(474:184[0.20000000000000004],479:197[0.2700000000000001],484:122[0.17],)	503	-41.41	-1129.386819085487	-10000.0	23	16.158	26	10	(0.09037116395300625,0.08638759662024545,0.06684427334981337,)
75	2658922372967735	39036	3	(474:201[0.19000000000000003],479:183[0.26000000000000006],484:119[0.18000000000000002],)	503	-42.78	-1428.0267196819084	-10000.0	23	16.566	24	9	(0.0880391257922531,0.09766178071862727,0.10313952112539795,)
76	2659980507446295	39539	3	(474:191[0.18000000000000002],479:218[0.25000000000000006],484:94[0.19000000000000003],)	503	-42.43	-1421.3363618290257	-10000.0	23	17.256	25	8	(0.09130745392896714,0.08640957739996281,0.09660795125820652,)
77	2660888181997455	40042	3	(474:130[0.17],479:320[0.24000000000000005],484:53[0.20000000000000004],)	503	-41.67	-1229.9783499005966	-10000.0	17	17.836	26	10	(0.08209674596251194,0.07308223247292334,0.0960308792651428,)
