alpha = 0.15
gamma = 1.0
lambda = 0.6
epsilon = 0.3
randomSeed = 555
GREAT!
Xover: 4
---- Evolution parameters ----
Folder name:          NMSarsa_Maze/run_2603473039815722
Random seed:          555
GREAT activated:      true
Max iterations:       150
Population size:      500
GREAT initialization  true
Speciation threshold: 0.15
Species min size:     15
Tournament size:      3
Crossover rate:       0.2
Mutation rate:        0.8
Crossovers:
	AligningCrossover_v4(0.15)
Mutations:
	AddGeneMutation(maxSize=2147483647, prob=0.33)
	DeleteGeneMutation(minSize=8, prob=0.33)
	ChangeGeneMutation(prob=0.33)
------------------------------

---- Starting evolution ----
IT	Nanotime	#Eval	#Species	Species size	PopSize	Best	Avg	Worst	Best GRN Size	Avg GRN size	Max GRN size	Min GRN size	Species avgdist2rep
0	2607544253614334	997	1	(456:499[0.15],)	499	-61.51	-5201.169739478964	-10000.0	9	9.064	14	8	(0.07604434330772422,)
1	2608138333060279	1498	4	(456:244[0.16],457:172[0.15],458:42[0.15],459:43[0.15],)	501	-55.96	-1586.6718962075852	-10000.0	10	9.612	14	8	(0.09007347092765078,0.0740753448711993,0.0716073252579218,0.07240008039137243,)
2	2608539847248509	2020	3	(456:266[0.15],457:53[0.13999999999999999],459:185[0.16],)	504	-54.18	-1025.7620238095237	-10000.0	8	9.28	15	8	(0.0585190618147629,0.048562453097923834,0.056564007937471766,)
3	2608755803333836	2530	4	(456:99[0.13999999999999999],457:180[0.15],459:149[0.15],461:75[0.15],)	503	-51.11	-560.5222067594431	-10000.0	8	9.758	15	8	(0.06533419265426978,0.06714945704436596,0.06117006180400551,0.09246241219420984,)
4	2608982636404764	3037	3	(456:92[0.15],459:113[0.13999999999999999],461:299[0.16],)	504	-50.68	-590.5912896825395	-10000.0	9	9.798	16	8	(0.07482171726213964,0.05409958011654465,0.07513923282271386,)
5	2609217160599798	3546	3	(456:136[0.16],459:187[0.15],461:180[0.15],)	503	-51.96	-586.300536779324	-9999.23	10	9.364	14	8	(0.07627992984742321,0.07930429766136123,0.06893303058751658,)
6	2609466885148475	4056	3	(456:278[0.17],459:160[0.13999999999999999],461:65[0.13999999999999999],)	503	-52.54	-601.7329423459244	-10000.0	8	9.362	14	8	(0.0585780310474164,0.07256862934998473,0.08174721241047751,)
7	2609636763968662	4568	5	(456:205[0.16],459:158[0.15],461:31[0.15],467:81[0.15],468:28[0.15],)	503	-51.3	-445.9953876739562	-9967.24	11	9.714	16	8	(0.07636038784277423,0.06283043366297754,0.09650996974090233,0.0893618992887643,0.08684600322759527,)
8	2609895917771283	5073	8	(456:48[0.15],459:73[0.13999999999999999],461:108[0.16],467:60[0.16],468:144[0.16],470:29[0.15],471:20[0.15],472:23[0.15],)	505	-51.74	-692.3185544554456	-10000.0	9	10.026	14	8	(0.07689841277175322,0.09569908400747774,0.08480730788051531,0.06848923803005742,0.08355224154184902,0.08703181208630086,0.08727458936204503,0.08599984125506893,)
9	2610202366974703	5618	6	(456:37[0.16],461:26[0.15],467:18[0.17],468:66[0.15],472:330[0.16],473:31[0.15],)	508	-51.24	-666.8024212598426	-10000.0	9	9.624	14	8	(0.08940538766903179,0.07157649351271443,0.07492144552340654,0.09127914345179484,0.0791588936110192,0.0882862313380414,)
10	2610535961893711	6161	5	(456:241[0.17],461:114[0.16],472:79[0.15],473:49[0.16],476:23[0.15],)	506	-49.88	-918.3124901185771	-10000.0	9	9.206	14	8	(0.06989308559137462,0.07886152717675593,0.09052501712290258,0.09156380885811974,0.07746128368377135,)
11	2610847362763815	6676	5	(456:117[0.16],461:42[0.15],472:59[0.16],473:56[0.17],476:231[0.16],)	505	-51.7	-863.5312871287127	-10000.0	8	9.266	14	8	(0.08765941680690757,0.09698727803604443,0.06659820388580627,0.06082778180639447,0.052492251537820514,)
12	2611130278384832	7197	5	(456:122[0.15],472:128[0.17],476:173[0.15],478:49[0.15],479:33[0.15],)	505	-52.83	-744.1034059405938	-10000.0	8	9.222	12	8	(0.06885487968301053,0.06597516721843319,0.07214992519732479,0.0868691045479691,0.08742007876863032,)
13	2611430652498130	7707	7	(456:55[0.13999999999999999],472:21[0.16],476:103[0.13999999999999999],478:140[0.16],479:120[0.16],480:35[0.15],482:31[0.15],)	505	-50.82	-777.1845742574257	-9986.89	10	9.214	12	8	(0.07776109878396884,0.0506332013339509,0.0833364299336244,0.07200585343586283,0.0782560444160003,0.0795217065723491,0.07090776684497767,)
14	2611760443280060	8222	7	(456:106[0.15],472:60[0.17],476:69[0.12999999999999998],478:89[0.15],479:80[0.15],480:74[0.16],482:29[0.16],)	507	-51.52	-996.772406311637	-10000.0	9	9.404	13	8	(0.06730228011879293,0.07907933726508096,0.059775793293058634,0.07371402499519346,0.049736203080711,0.06042536837622391,0.07283688050511528,)
15	2612066502099988	8742	7	(456:35[0.13999999999999999],472:93[0.18000000000000002],476:20[0.13999999999999999],478:83[0.13999999999999999],479:57[0.13999999999999999],480:121[0.15],482:98[0.17],)	507	-49.97	-767.6884220907299	-10000.0	9	9.632	13	8	(0.06456426559626335,0.07823742763038061,0.0761661773504444,0.07172522965587544,0.08327346593623353,0.062142412543860444,0.06360356916071372,)
16	2612301633358109	9251	7	(456:25[0.15],472:94[0.17],476:69[0.15],478:39[0.12999999999999998],479:101[0.15],480:79[0.13999999999999999],482:100[0.16],)	507	-47.93	-614.7599605522682	-10000.0	10	9.764	14	8	(0.08297811240824318,0.07781657269228585,0.08697588811772601,0.07751138095110219,0.05107029519516059,0.08254544111091695,0.08750967023694706,)
17	2612738625528993	9774	7	(456:38[0.16],472:60[0.16],476:33[0.16],478:63[0.13999999999999999],479:133[0.13999999999999999],480:90[0.12999999999999998],482:90[0.15],)	507	-51.58	-1129.165522682446	-10000.0	8	9.764	14	8	(0.07716802212035008,0.07850029490271034,0.05900042743145722,0.07237375739373446,0.07098471018486713,0.06632810136522348,0.06318523701591276,)
18	2613078212814634	10286	7	(456:67[0.17],472:71[0.17],476:46[0.17],478:78[0.15],479:91[0.12999999999999998],480:91[0.11999999999999998],482:63[0.13999999999999999],)	507	-50.18	-829.2599211045363	-10000.0	12	9.952	15	8	(0.07498515822450359,0.07952306431188086,0.056015598884898044,0.06626213956358569,0.07482354933043801,0.0688005346984283,0.07701860786077223,)
19	2613313001561191	10797	7	(456:86[0.18000000000000002],472:23[0.16],476:82[0.18000000000000002],478:79[0.13999999999999999],479:92[0.11999999999999998],480:75[0.10999999999999999],482:70[0.15],)	507	-50.21	-622.6904733727811	-10000.0	8	10.1	14	8	(0.0730626128722278,0.10368030703347354,0.05351585523091019,0.08184925853225528,0.08300086469631415,0.06909572641677243,0.07923293872495246,)
20	2613678860582814	11317	8	(456:54[0.17],472:54[0.17],476:122[0.17],478:44[0.12999999999999998],480:61[0.09999999999999999],482:35[0.16],495:29[0.15],496:108[0.15],)	507	-51.1	-891.035818540434	-9944.42	10	10.124	15	8	(0.08882501592286018,0.07497255436675455,0.06266711771117651,0.0697710307520602,0.07240742406178731,0.10272365642464594,0.09491360157035439,0.08990269730016712,)
21	2614141127654089	11831	8	(456:35[0.18000000000000002],472:34[0.18000000000000002],476:48[0.16],478:18[0.13999999999999999],480:15[0.10999999999999999],482:36[0.17],495:231[0.16],496:91[0.13999999999999999],)	508	-50.85	-1188.7231889763782	-10000.0	9	9.93	15	8	(0.084674221005423,0.07946974270320105,0.06429338079919812,0.07694337969852155,0.05794754194845364,0.09710695891019,0.0529880245165968,0.08318466717018926,)
22	2614429980841400	12339	8	(456:80[0.19000000000000003],472:25[0.19000000000000003],476:71[0.17],478:48[0.15],480:88[0.11999999999999998],482:46[0.18000000000000002],495:54[0.15],496:96[0.12999999999999998],)	508	-48.67	-749.5099606299211	-10000.0	8	10.016	16	8	(0.07399168399291912,0.10008674571485304,0.10357463810863583,0.08107498481523465,0.04598218607327395,0.09640734883869209,0.08806692766220252,0.08088699369628086,)
23	2614705283231644	12857	7	(472:128[0.20000000000000004],476:25[0.16],478:87[0.16],480:84[0.10999999999999999],482:92[0.19000000000000003],495:55[0.16],496:37[0.11999999999999998],)	508	-49.8	-685.9333661417322	-10000.0	8	9.94	14	8	(0.07315789423803334,0.08747211051926276,0.07395245151395227,0.06451718217930781,0.09108151756499636,0.06336143375727038,0.08818815443648381,)
24	2615047155565146	13366	9	(472:19[0.19000000000000003],476:137[0.17],478:75[0.15],480:66[0.09999999999999999],482:53[0.18000000000000002],495:60[0.17],496:42[0.12999999999999998],501:15[0.15],503:40[0.15],)	507	-50.48	-896.5231755424064	-10000.0	8	10.368	14	8	(0.09918875533069037,0.05701325578756164,0.09254709062688603,0.06298847209337015,0.10127039127752573,0.08664802076380552,0.07956525809599048,0.09310915277668869,0.07330578457292211,)
25	2615384111056659	13880	9	(472:67[0.20000000000000004],476:94[0.16],478:72[0.13999999999999999],480:26[0.09],482:30[0.19000000000000003],495:104[0.16],496:48[0.13999999999999999],501:21[0.16],503:47[0.16],)	509	-48.27	-873.9828290766209	-10000.0	8	9.916	15	8	(0.08390360346655422,0.08957445399610582,0.08384449503634057,0.04694556302412734,0.08118805297076692,0.09589498249241038,0.06311462828636981,0.08502236923492848,0.08091759384117382,)
26	2615696182974775	14401	8	(472:41[0.19000000000000003],476:60[0.15],478:37[0.12999999999999998],480:78[0.09999999999999999],482:159[0.20000000000000004],495:23[0.15],496:39[0.15],503:72[0.17],)	509	-49.97	-842.5094695481334	-9955.82	8	9.674	15	8	(0.08765195690321471,0.09360886612383937,0.08157344860101676,0.05108533345394738,0.0754579753584848,0.0769222012338783,0.08096018614623003,0.06463435544750828,)
27	2615993515044677	14909	8	(472:79[0.20000000000000004],476:55[0.16],478:65[0.13999999999999999],480:33[0.09],482:71[0.19000000000000003],495:19[0.16],496:73[0.16],503:113[0.16],)	508	-47.36	-862.382027559055	-10000.0	10	9.62	14	8	(0.08200791592829036,0.09065792445033785,0.0826720162618376,0.05996124027401554,0.07886881641268742,0.09663426922110073,0.09106010601810327,0.07060387549722992,)
28	2616320948520432	15432	7	(472:90[0.19000000000000003],476:152[0.17],478:56[0.12999999999999998],482:49[0.18000000000000002],495:40[0.17],496:57[0.15],503:64[0.15],)	508	-49.91	-830.7870275590552	-10000.0	10	9.926	15	8	(0.08865801656076899,0.056768621479319804,0.083341490310011,0.06902502561830476,0.11314110745862156,0.0916979985249551,0.07393536398122336,)
29	2616666817206542	15941	8	(472:45[0.18000000000000002],476:111[0.16],478:28[0.13999999999999999],482:33[0.19000000000000003],495:71[0.18000000000000002],496:70[0.16],503:121[0.16],509:28[0.15],)	507	-48.41	-943.5941222879684	-10000.0	10	9.85	16	8	(0.1171331418018663,0.08356371464434545,0.08980253455690394,0.09573867169207347,0.09374787406799616,0.09604270484124398,0.09507621718435921,0.09531310283156948,)
30	2617029346253411	16465	8	(472:19[0.19000000000000003],476:78[0.15],478:42[0.15],482:34[0.20000000000000004],495:48[0.17],496:82[0.15],503:187[0.15],511:18[0.15],)	508	-49.67	-976.6846456692912	-10000.0	9	9.734	16	8	(0.06802097432673752,0.08691255711042029,0.07506437145272542,0.0961112438991837,0.09006470924365344,0.08006114035666578,0.06714472698916826,0.034644706657187635,)
31	2617329255730654	16973	8	(472:37[0.20000000000000004],476:72[0.13999999999999999],478:112[0.16],482:59[0.21000000000000005],495:40[0.18000000000000002],496:15[0.13999999999999999],503:69[0.13999999999999999],511:104[0.16],)	508	-49.31	-776.8853149606299	-10000.0	8	9.79	16	8	(0.09028633528254379,0.09812395659267953,0.0757033530714973,0.10076780521149567,0.08034291581820677,0.08305340532809556,0.06330281722871609,0.04874767797179347,)
32	2617604257093844	17481	8	(472:61[0.21000000000000005],476:44[0.12999999999999998],478:88[0.15],482:52[0.22000000000000006],495:53[0.19000000000000003],496:65[0.15],503:41[0.12999999999999998],511:104[0.15],)	508	-50.39	-801.7539763779528	-9988.47	10	9.692	16	8	(0.08810367842141906,0.06853345088132991,0.08277385755725854,0.07840165126811863,0.08596448670810077,0.06909334961289547,0.0733385759336893,0.039440660585802985,)
33	2617966427633790	17990	8	(472:64[0.22000000000000006],476:29[0.13999999999999999],478:144[0.13999999999999999],482:31[0.23000000000000007],495:24[0.20000000000000004],496:44[0.13999999999999999],503:92[0.13999999999999999],511:80[0.13999999999999999],)	508	-49.43	-942.004842519685	-10000.0	8	9.828	16	8	(0.0956668143384697,0.08560527612708635,0.09516276408394109,0.08950514372972747,0.09575773421031863,0.0787798744834154,0.08794156155325479,0.05778959406870075,)
34	2618312157451841	18501	8	(472:49[0.21000000000000005],476:19[0.15],478:37[0.12999999999999998],482:122[0.24000000000000007],495:129[0.21000000000000005],496:43[0.15],503:56[0.12999999999999998],511:53[0.12999999999999998],)	508	-49.82	-884.0218110236223	-10000.0	9	9.946	16	8	(0.08825074620739914,0.07029876424388111,0.09062350428521934,0.08583675201479021,0.07662104686245005,0.08519077213447468,0.08430520435428446,0.04318287630120318,)
35	2618594953597416	19016	7	(472:85[0.22000000000000006],476:108[0.16],478:113[0.13999999999999999],482:68[0.23000000000000007],495:27[0.20000000000000004],496:53[0.16],511:54[0.13999999999999999],)	508	-49.1	-760.4859842519684	-10000.0	12	9.756	17	8	(0.10560266049857292,0.09237209539933872,0.08934505633030616,0.07742961045371625,0.10906841335764408,0.07297333279588328,0.055076448926599665,)
36	2618924483709255	19534	7	(472:52[0.21000000000000005],476:95[0.15],478:81[0.12999999999999998],482:123[0.24000000000000007],495:29[0.21000000000000005],496:53[0.17],511:74[0.15],)	507	-46.08	-842.5341814595661	-10000.0	9	9.642	15	8	(0.10346024567033872,0.10004007860706524,0.10290148941127164,0.09618627176771616,0.10590894785635753,0.10329907032530578,0.07281626624128963,)
37	2619228943319046	20048	7	(472:109[0.22000000000000006],476:151[0.13999999999999999],478:44[0.11999999999999998],482:52[0.23000000000000007],495:22[0.22000000000000006],496:83[0.18000000000000002],511:46[0.13999999999999999],)	507	-47.33	-840.3262721893492	-10000.0	12	9.48	15	8	(0.09741089294420045,0.10271075316137887,0.07698657035876842,0.10517214963356482,0.11337704240028375,0.08181751591354092,0.08641600855896465,)
38	2619546652567131	20557	7	(472:108[0.21000000000000005],476:67[0.12999999999999998],478:74[0.12999999999999998],482:45[0.24000000000000007],495:28[0.23000000000000007],496:37[0.17],511:148[0.15],)	507	-47.0	-820.2725838264299	-10000.0	12	9.42	15	8	(0.1080537704305564,0.08031399772667946,0.08748017693963486,0.10543704876240477,0.10684792637303289,0.079274452146487,0.07935019942745129,)
39	2619782174906827	21071	6	(472:42[0.20000000000000004],476:123[0.13999999999999999],478:78[0.11999999999999998],482:50[0.25000000000000006],495:122[0.24000000000000007],511:92[0.13999999999999999],)	507	-47.52	-615.8970216962523	-9988.71	12	9.708	14	8	(0.10267143150922355,0.08227613857184288,0.09182222358473505,0.10864891454138434,0.12508564905982614,0.08122699770699861,)
40	2620057081808480	21586	6	(472:68[0.21000000000000005],476:163[0.12999999999999998],478:109[0.12999999999999998],482:19[0.26000000000000006],495:55[0.23000000000000007],511:92[0.12999999999999998],)	506	-43.34	-695.5814031620555	-10000.0	14	9.762	14	8	(0.12817461067076633,0.09360849196623276,0.09409437608656629,0.13378860993017355,0.12167183601771826,0.06375162251330523,)
41	2620402037876039	22098	7	(472:82[0.22000000000000006],476:59[0.11999999999999998],478:118[0.11999999999999998],482:66[0.2700000000000001],495:92[0.24000000000000007],511:70[0.11999999999999998],520:19[0.15],)	506	-41.87	-870.9986363636363	-10000.0	13	9.508	15	8	(0.09918540965872669,0.07025030056007886,0.08606735459663033,0.11585493185206508,0.16914156309909972,0.08059668993896826,0.08623595470123405,)
42	2620721199725502	22615	7	(472:97[0.21000000000000005],476:49[0.12999999999999998],478:93[0.10999999999999999],482:44[0.2800000000000001],495:50[0.23000000000000007],511:66[0.12999999999999998],520:108[0.16],)	507	-44.55	-868.25550295858	-10000.0	13	9.68	16	8	(0.1367956969622154,0.08198604833469533,0.09552027986346572,0.14253755827211714,0.08859510451221216,0.0711632579410875,0.12556829744481784,)
43	2620941130306177	23128	7	(472:102[0.20000000000000004],476:61[0.13999999999999999],478:85[0.09999999999999999],482:63[0.2900000000000001],495:39[0.24000000000000007],511:120[0.13999999999999999],520:37[0.15],)	507	-45.34	-630.6018737672583	-10000.0	13	9.862	17	8	(0.12043298331761378,0.08068464005029823,0.057582757262557425,0.11062128832066312,0.11751221784555355,0.09389205933107474,0.10664531647378718,)
44	2621245824581565	23639	7	(472:95[0.19000000000000003],476:142[0.15],478:31[0.09],482:20[0.3000000000000001],495:98[0.25000000000000006],511:78[0.12999999999999998],520:43[0.16],)	507	-43.82	-778.8871794871795	-10000.0	14	9.918	18	8	(0.08903751082089363,0.10618965485902934,0.062450185405920386,0.17644029522684387,0.1304053791147976,0.08354048453805961,0.11368559220929726,)
45	2621519848604118	24149	9	(472:93[0.18000000000000002],476:74[0.13999999999999999],478:86[0.09999999999999999],482:22[0.3100000000000001],495:70[0.24000000000000005],511:63[0.11999999999999998],520:20[0.17],525:61[0.15],527:18[0.15],)	507	-43.39	-726.8272386587772	-10000.0	14	9.624	19	8	(0.09500668513796771,0.10961545883602848,0.053425851197730446,0.10528838306728851,0.15418565491353367,0.07861082156906343,0.13155360414680534,0.11417059722503257,0.08113693819739204,)
46	2621732708635314	24663	9	(472:39[0.17],476:40[0.12999999999999998],478:28[0.09],482:99[0.3200000000000001],495:84[0.23000000000000004],511:19[0.10999999999999999],520:66[0.18000000000000002],525:18[0.13999999999999999],527:116[0.16],)	509	-44.49	-614.5852259332024	-10000.0	14	9.65	20	8	(0.13184936752342763,0.07830380169533449,0.0624378887455189,0.1812726585794233,0.13117799700307456,0.10046054438426623,0.1314132105621272,0.09474205665468986,0.09283726609167733,)
47	2622010075573924	25172	10	(472:101[0.18000000000000002],476:20[0.13999999999999999],478:47[0.09999999999999999],482:76[0.3100000000000001],495:22[0.22000000000000003],511:58[0.11999999999999998],520:31[0.17],525:28[0.15],527:99[0.15],529:27[0.15],)	509	-45.49	-770.2791748526522	-10000.0	14	9.612	19	8	(0.08152760980685377,0.10091968105280827,0.05904875425010533,0.1264419068287623,0.09813188528648566,0.08005874718371059,0.11354435811508962,0.12130536037538345,0.09158214850455705,0.06428471925199496,)
48	2622357711383632	25701	9	(472:30[0.17],476:40[0.15],478:106[0.10999999999999999],482:74[0.3000000000000001],495:70[0.23000000000000004],511:43[0.10999999999999999],520:53[0.18000000000000002],527:38[0.13999999999999999],529:56[0.16],)	510	-42.99	-831.8309999999999	-10000.0	13	9.504	19	8	(0.11078511627622366,0.11719260303417312,0.07388881066595285,0.09949932463330184,0.1156585938633598,0.06665099220707217,0.09960032777765741,0.10686978087679598,0.08849499125934467,)
49	2622758929898352	26249	8	(472:39[0.18000000000000002],476:143[0.16],478:66[0.09999999999999999],482:57[0.2900000000000001],495:74[0.22000000000000003],511:33[0.11999999999999998],527:38[0.15],529:59[0.15],)	509	-42.25	-928.722554027505	-10000.0	13	9.894	20	8	(0.10057480194492611,0.11254763290991035,0.07045614818680124,0.10414688921108764,0.10977142664662205,0.08012449904385051,0.11943156183276574,0.08133412024152491,)
50	2623010326285430	26776	9	(472:163[0.19000000000000003],476:78[0.15],478:34[0.09],482:27[0.3000000000000001],495:48[0.21000000000000002],511:57[0.12999999999999998],527:42[0.16],529:38[0.16],538:21[0.15],)	508	-43.54	-613.5235826771652	-10000.0	14	10.238	21	8	(0.11992585954740496,0.12909324321515436,0.07389718523302254,0.14361782618771404,0.12624635167695097,0.0942686467254584,0.10024564659537123,0.11319924375934173,0.06797938539227948,)
51	2623316693904049	27300	9	(472:20[0.18000000000000002],476:100[0.13999999999999999],478:44[0.09999999999999999],482:52[0.3100000000000001],495:115[0.22000000000000003],511:48[0.11999999999999998],527:58[0.17],529:27[0.17],538:45[0.16],)	509	-42.12	-744.8995284872299	-10000.0	21	10.45	21	8	(0.13520228160104336,0.12172994086544892,0.07900815946543989,0.1858162921388894,0.12170538115313273,0.10019898549523104,0.12166555174186418,0.08739177683050947,0.07665334137756265,)
52	2623513650609636	27817	9	(472:33[0.19000000000000003],476:61[0.12999999999999998],478:57[0.10999999999999999],482:105[0.3200000000000001],495:20[0.21000000000000002],511:70[0.12999999999999998],527:63[0.16],529:47[0.18000000000000002],538:53[0.17],)	509	-42.37	-437.41070726915524	-10000.0	13	10.69	21	8	(0.10805248656931615,0.0802312002753206,0.08979128320171806,0.1003557833375939,0.14241124180833437,0.10323254682988986,0.11028807973146852,0.09526865178055775,0.0877638085496799,)
53	2623833530550099	28339	8	(472:54[0.20000000000000004],476:60[0.11999999999999998],478:25[0.09999999999999999],482:175[0.3100000000000001],495:24[0.22000000000000003],527:48[0.15],529:75[0.19000000000000003],538:48[0.18000000000000002],)	509	-40.85	-760.3850687622789	-10000.0	13	10.886	22	8	(0.11924345211341107,0.0845185943786014,0.07427930854485855,0.07969471063297116,0.11063349383586289,0.09472481915923514,0.1320251341732111,0.11198892777710066,)
54	2624125668311961	28847	8	(472:59[0.21000000000000005],476:46[0.12999999999999998],478:102[0.10999999999999999],482:61[0.3000000000000001],495:60[0.23000000000000004],527:64[0.16],529:76[0.18000000000000002],538:40[0.19000000000000003],)	508	-41.96	-828.1613385826772	-10000.0	13	9.83	21	8	(0.1258870722765552,0.0839032489802714,0.07620305793694035,0.10386449573761859,0.07369878233620678,0.10676997488342121,0.11756182190845232,0.132988821299953,)
55	2624371154993271	29355	8	(472:148[0.22000000000000006],476:20[0.13999999999999999],478:18[0.09999999999999999],482:106[0.3100000000000001],495:96[0.24000000000000005],527:28[0.15],529:55[0.17],538:37[0.20000000000000004],)	508	-38.56	-669.7251377952757	-10000.0	13	9.978	21	8	(0.10588706597725131,0.10240277781140106,0.07826472597349299,0.10127175735163492,0.06660887288201525,0.0980535011502877,0.09399071196850274,0.13796704736083773,)
56	2624621551569380	29870	7	(476:41[0.15],478:35[0.10999999999999999],482:85[0.3000000000000001],495:52[0.23000000000000004],527:117[0.16],529:87[0.18000000000000002],538:91[0.21000000000000005],)	508	-41.88	-601.8462598425197	-9992.17	16	9.734	17	8	(0.09826458958255747,0.07132666452603374,0.09532948976031078,0.06371213907207354,0.10487133186245697,0.11011387519421827,0.0857679444969435,)
57	2624936277354902	30378	6	(478:117[0.11999999999999998],482:66[0.2900000000000001],495:129[0.24000000000000005],527:74[0.15],529:24[0.17],538:97[0.20000000000000004],)	507	-40.81	-829.6152071005918	-10000.0	14	9.804	17	8	(0.08272489632414745,0.08139908069522474,0.06326627148437507,0.08811418055002497,0.1276114827811976,0.09119069405154738,)
58	2625405706416570	30888	5	(478:41[0.10999999999999999],482:226[0.3000000000000001],495:173[0.23000000000000004],527:33[0.16],538:33[0.19000000000000003],)	506	-38.43	-1098.5854347826087	-10000.0	15	10.892	18	8	(0.08007737552293936,0.09256003963266167,0.1146472607145058,0.09102870014450995,0.13499669791792404,)
59	2625686227136988	31393	5	(478:84[0.11999999999999998],482:185[0.2900000000000001],495:132[0.22000000000000003],527:61[0.17],538:43[0.20000000000000004],)	505	-37.16	-648.6166930693068	-10000.0	15	10.774	18	8	(0.07605137888520658,0.06939184069763202,0.11811214164922242,0.12085312117179643,0.1435432308695993,)
60	2625973203324322	31908	5	(478:62[0.12999999999999998],482:140[0.2800000000000001],495:66[0.21000000000000002],527:145[0.18000000000000002],538:92[0.21000000000000005],)	505	-37.82	-728.4796831683168	-10000.0	14	10.334	17	8	(0.08122257270558864,0.07621642327461815,0.11750253999957157,0.10395737320252539,0.08140070753399026,)
61	2626198468509993	32415	5	(478:109[0.13999999999999999],482:99[0.2700000000000001],495:86[0.22000000000000003],527:91[0.17],538:120[0.22000000000000006],)	505	-38.92	-601.6365544554454	-10000.0	15	10.048	18	8	(0.09301358234414656,0.12282556702515499,0.10100553011520969,0.09575921690641714,0.07137984701945903,)
62	2626570278826870	32930	5	(478:48[0.12999999999999998],482:100[0.2800000000000001],495:45[0.23000000000000004],527:170[0.18000000000000002],538:142[0.21000000000000005],)	505	-37.51	-863.8711089108909	-10000.0	14	10.682	19	8	(0.08169727137520873,0.09017861562108737,0.07650645716931556,0.10200679549041333,0.08354157368809768,)
63	2626890447295481	33437	5	(478:58[0.13999999999999999],482:281[0.2700000000000001],495:38[0.24000000000000005],527:83[0.17],538:45[0.20000000000000004],)	505	-38.35	-642.8914851485148	-10000.0	12	12.086	20	8	(0.08564700301387058,0.09802050134070181,0.10606298086772992,0.09554715671212997,0.11914157374395694,)
64	2627300424634345	33942	5	(478:125[0.15],482:251[0.26000000000000006],495:38[0.25000000000000006],527:39[0.18000000000000002],538:52[0.21000000000000005],)	505	-37.33	-906.6808316831682	-10000.0	12	12.108	20	8	(0.08535269729787374,0.08339462461934746,0.0991312014779151,0.10927094239566251,0.09130718992921652,)
65	2627708658295184	34447	5	(478:51[0.13999999999999999],482:123[0.25000000000000006],495:169[0.26000000000000006],527:42[0.19000000000000003],538:120[0.22000000000000006],)	505	-35.04	-1008.3489900990096	-10000.0	13	10.484	19	8	(0.09404297115172777,0.10736283011800682,0.13242016762675002,0.12700141110024382,0.1199953278250226,)
66	2628006619503476	34952	5	(478:66[0.15],482:161[0.24000000000000005],495:113[0.25000000000000006],527:77[0.20000000000000004],538:88[0.21000000000000005],)	505	-31.43	-724.5764752475247	-10000.0	13	10.588	19	8	(0.09646945657910487,0.10830622443656569,0.11915290552012557,0.08323633695607822,0.07510475720710609,)
67	2628390238964788	35457	6	(478:110[0.16],482:122[0.23000000000000004],495:30[0.24000000000000005],527:135[0.21000000000000005],538:84[0.22000000000000006],548:24[0.15],)	505	-32.63	-876.1655049504951	-10000.0	14	10.996	19	8	(0.11375740070618724,0.13838803896653648,0.11010278151114221,0.09819419366219592,0.11864330276730736,0.0933693577506637,)
68	2628791451545230	35972	6	(478:49[0.15],482:137[0.22000000000000003],495:73[0.25000000000000006],527:90[0.20000000000000004],538:73[0.21000000000000005],548:84[0.16],)	506	-32.47	-906.2780830039527	-10000.0	14	11.786	20	8	(0.06943012567709846,0.1426764243092565,0.11038375583999373,0.09873333886539355,0.08387711798511048,0.1192133773329331,)
69	2629078580533780	36478	6	(478:55[0.16],482:117[0.21000000000000002],495:50[0.26000000000000006],527:102[0.19000000000000003],538:87[0.22000000000000006],548:95[0.15],)	506	-33.47	-655.5421739130435	-9977.97	14	11.242	21	8	(0.09044836382615766,0.09140656607962404,0.09471551040671652,0.09866631324621884,0.10802402416930507,0.11328016269450182,)
70	2629378535325798	36984	6	(478:107[0.17],482:168[0.2],495:35[0.2700000000000001],527:93[0.18000000000000002],538:88[0.21000000000000005],548:15[0.13999999999999999],)	506	-34.05	-713.3228656126482	-10000.0	14	11.284	21	8	(0.06302426372688484,0.0942822259958377,0.11413400152829108,0.10526316915157018,0.10064540764864777,0.0762767079775832,)
71	2629700026701504	37490	6	(478:35[0.16],482:49[0.19],495:118[0.2800000000000001],527:129[0.17],538:109[0.20000000000000004],548:66[0.15],)	506	-30.7	-839.0780830039524	-10000.0	13	10.486	21	8	(0.060437294040355055,0.14382645227326227,0.1294591919234884,0.10057643524459793,0.1234521723747991,0.11759413866314093,)
72	2630005250152484	37999	5	(478:157[0.17],482:72[0.2],527:76[0.16],538:122[0.19000000000000003],548:79[0.16],)	506	-33.52	-715.1441304347828	-9942.83	14	10.398	21	8	(0.07514768337047034,0.10909249608565487,0.09849255110095526,0.07768250398231732,0.07482886100908068,)
73	2630420205025314	38506	5	(478:134[0.16],482:144[0.21000000000000002],527:31[0.17],538:129[0.18000000000000002],548:67[0.17],)	505	-32.24	-959.6818217821783	-10000.0	17	11.102	22	8	(0.06277676796483778,0.11480948773507665,0.07941026618537264,0.09748544750054758,0.09415329069554064,)
74	2630808746374565	39015	5	(478:33[0.15],482:132[0.2],527:180[0.18000000000000002],538:83[0.17],548:77[0.18000000000000002],)	505	-31.45	-826.7467326732673	-10000.0	17	11.328	20	8	(0.0706162422901323,0.08972263287337617,0.07628576889220645,0.08877474289235035,0.08501821755302501,)
75	2631180604368657	39527	5	(478:83[0.16],482:152[0.19],527:98[0.17],538:114[0.18000000000000002],548:58[0.19000000000000003],)	505	-31.86	-848.5333267326731	-10000.0	16	11.23	19	8	(0.062279363335052115,0.0790277883475095,0.09587197166713217,0.0793108550340392,0.1041254324639482,)
76	2631450286096850	40033	5	(478:108[0.17],482:121[0.18],527:114[0.18000000000000002],538:82[0.17],548:80[0.20000000000000004],)	505	-32.78	-611.0874653465347	-10000.0	13	11.292	19	8	(0.06756887483925146,0.09018311319843447,0.07764456633908395,0.07730228222095066,0.08805005781401379,)
77	2631797992833041	40562	6	(478:59[0.16],482:80[0.16999999999999998],527:176[0.17],538:79[0.18000000000000002],548:78[0.21000000000000005],558:33[0.15],)	505	-32.4	-721.4209702970297	-10000.0	14	11.092	20	8	(0.09661427919054656,0.07595998452618417,0.09268458420576729,0.10445010282364403,0.08247446694427832,0.08740179653182172,)
78	2632116563381859	41068	7	(478:38[0.17],482:131[0.18],527:152[0.16],538:68[0.19000000000000003],548:43[0.22000000000000006],558:47[0.16],563:27[0.15],)	506	-32.22	-766.7485177865613	-9972.68	17	11.13	19	8	(0.08630649027822813,0.07397524263624375,0.10737109651916285,0.10161350246014147,0.09070127951888055,0.09109146744907892,0.09508976138248135,)
79	2632428141308077	41586	8	(478:99[0.18000000000000002],482:58[0.16999999999999998],527:28[0.15],538:18[0.20000000000000004],548:44[0.23000000000000007],558:46[0.17],563:184[0.16],565:30[0.15],)	507	-32.72	-720.4762130177514	-9958.55	19	10.388	20	8	(0.07694373468650705,0.10608688788881247,0.10896352388793613,0.08067035086204584,0.09835533340375013,0.07230127047615116,0.0821132148506759,0.09940009167806153,)
80	2632964951742224	42115	6	(478:100[0.17],527:30[0.16],548:76[0.24000000000000007],558:53[0.18000000000000002],563:41[0.15],565:208[0.16],)	508	-31.43	-1002.7440551181099	-10000.0	20	12.19	21	8	(0.08801800387250766,0.111063974100508,0.10076081160449359,0.04204771377294828,0.08787120699543982,0.04833952095407953,)
81	2633288618626189	42621	6	(478:52[0.16],527:89[0.17],548:35[0.25000000000000006],558:127[0.19000000000000003],563:124[0.16],565:79[0.15],)	506	-31.5	-696.1745849802371	-10000.0	18	10.498	21	8	(0.07800559948191155,0.0943292939896787,0.06270277924045894,0.04828530797659917,0.07577842094974453,0.07407101429637958,)
82	2633820890245878	43141	5	(478:120[0.17],527:57[0.16],548:54[0.26000000000000006],558:110[0.18000000000000002],565:165[0.16],)	506	-30.76	-1067.9106916996045	-10000.0	19	11.902	21	8	(0.08537571058980148,0.08514653545753081,0.11176086119448,0.08251818181106674,0.04724425157836583,)
83	2634238747689176	43646	5	(478:102[0.16],527:78[0.17],548:87[0.2700000000000001],558:75[0.17],565:163[0.15],)	505	-30.54	-783.2502772277228	-10000.0	19	12.022	21	8	(0.102998896831944,0.0655482803270485,0.08831551652937766,0.08147281478150188,0.037900804540043624,)
84	2634681994891540	44154	5	(478:136[0.15],527:85[0.18000000000000002],548:52[0.2800000000000001],558:87[0.18000000000000002],565:145[0.13999999999999999],)	505	-31.07	-868.350495049505	-10000.0	17	11.682	21	8	(0.07985885150318467,0.05870272741847816,0.08609134313145222,0.09888438386326658,0.0809729336187757,)
85	2635094032119937	44659	5	(478:70[0.13999999999999999],527:106[0.19000000000000003],548:96[0.2900000000000001],558:76[0.19000000000000003],565:157[0.12999999999999998],)	505	-31.68	-852.5005544554456	-10000.0	18	11.752	21	8	(0.08029653015840658,0.07553457009860738,0.09082424565716944,0.08969254981775965,0.10712121776337971,)
86	2635510947653075	45167	5	(478:37[0.15],527:78[0.18000000000000002],548:100[0.3000000000000001],558:184[0.20000000000000004],565:106[0.11999999999999998],)	505	-30.97	-919.1469306930692	-10000.0	17	11.242	21	8	(0.07089688439211932,0.09502121061916476,0.11157352538518633,0.09227880548942187,0.05326166978175104,)
87	2635875647905740	45672	5	(478:100[0.16],527:122[0.19000000000000003],548:61[0.2900000000000001],558:91[0.19000000000000003],565:131[0.10999999999999999],)	505	-31.89	-808.3956633663367	-10000.0	17	11.688	21	8	(0.07673128835989945,0.07256454412878893,0.1018730127702724,0.09073499924358763,0.05924021133375373,)
88	2636356527594196	46187	4	(478:55[0.15],527:218[0.18000000000000002],558:115[0.20000000000000004],565:117[0.09999999999999999],)	505	-31.49	-1010.81699009901	-10000.0	19	11.54	22	8	(0.08146447731582335,0.07994621764397963,0.0911343958828004,0.06403365189777831,)
89	2636768960890076	46692	5	(478:160[0.16],527:82[0.17],558:98[0.21000000000000005],565:118[0.10999999999999999],568:46[0.15],)	504	-31.52	-947.8777976190476	-10000.0	16	11.504	23	8	(0.08274390524478807,0.10927697709023869,0.10343531220828169,0.054086199256313534,0.08784402550471646,)
90	2637168984202992	47202	5	(478:69[0.15],527:69[0.18000000000000002],558:126[0.22000000000000006],565:88[0.09999999999999999],568:153[0.16],)	505	-32.2	-833.9699207920793	-10000.0	19	11.272	23	8	(0.08535355123345478,0.08343520581917939,0.11750744827087739,0.0687589094856323,0.09716839994630704,)
91	2637600375048285	47718	5	(478:112[0.16],527:59[0.19000000000000003],558:140[0.21000000000000005],565:143[0.10999999999999999],568:51[0.15],)	505	-32.54	-852.6132673267327	-10000.0	22	12.054	23	8	(0.10306855701975995,0.09083744318934793,0.09005758268468535,0.0675274978469835,0.0946254449147506,)
92	2637893535411276	48240	5	(478:68[0.15],558:58[0.20000000000000004],565:129[0.09999999999999999],568:221[0.16],574:29[0.15],)	505	-31.42	-531.66700990099	-9946.29	14	12.114	23	8	(0.10335480697398881,0.07013373946571673,0.06239511029492238,0.08243898405934426,0.10282770507314422,)
93	2638371432200948	48759	6	(478:51[0.16],558:188[0.21000000000000005],565:131[0.09],568:59[0.15],574:33[0.16],577:43[0.15],)	505	-30.6	-1010.5153465346533	-10000.0	22	11.656	24	8	(0.09369717099638904,0.10057691665914184,0.05573092913003974,0.08981152164083316,0.0900603242026007,0.10279593157872058,)
94	2638766518375930	49267	6	(478:19[0.17],558:89[0.20000000000000004],565:81[0.08],568:73[0.16],574:93[0.17],577:151[0.16],)	506	-32.42	-740.8266403162056	-10000.0	21	10.882	23	8	(0.08122094952356426,0.11088385960737257,0.049888262577264406,0.09315269668518573,0.08104571355715874,0.07744234163056815,)
95	2639205808418427	49779	7	(478:109[0.18000000000000002],558:63[0.19000000000000003],565:98[0.09],568:42[0.17],574:87[0.16],577:64[0.15],580:43[0.15],)	506	-31.08	-900.9243478260871	-10000.0	13	12.194	24	8	(0.09842708286324764,0.059994050585721624,0.05447488436538173,0.10317789442457392,0.09967580857502924,0.09872129420740401,0.06868048405796714,)
96	2639553716715954	50293	7	(478:26[0.17],558:92[0.20000000000000004],565:55[0.08],568:17[0.18000000000000002],574:180[0.15],577:77[0.16],580:60[0.16],)	507	-31.19	-781.8216962524656	-10000.0	22	11.71	25	8	(0.06649207151137676,0.05638224293393069,0.06300982488050468,0.08880507718281785,0.09838062529702689,0.09513626177671859,0.1028465147708346,)
97	2639948146924023	50824	7	(478:41[0.18000000000000002],558:89[0.19000000000000003],565:70[0.09],568:21[0.19000000000000003],574:89[0.13999999999999999],577:103[0.15],580:94[0.17],)	507	-31.68	-728.9553846153848	-10000.0	15	11.776	24	8	(0.13965027903859584,0.052214448805355425,0.05491252042896433,0.10954018633048851,0.10472140616581703,0.09255937403700623,0.09965012427033962,)
98	2640379652182267	51331	7	(478:38[0.19000000000000003],558:112[0.18000000000000002],565:60[0.09999999999999999],568:172[0.20000000000000004],574:35[0.12999999999999998],577:49[0.13999999999999999],580:41[0.16],)	507	-30.64	-861.8298816568049	-10000.0	23	12.36	24	8	(0.11418616635931322,0.05075933213332891,0.06172021478339747,0.09579645941228171,0.09381164796794589,0.08702659151182325,0.07123907712812894,)
99	2640778846469893	51841	7	(478:110[0.20000000000000004],558:74[0.17],565:74[0.10999999999999999],568:71[0.19000000000000003],574:63[0.13999999999999999],577:21[0.15],580:94[0.17],)	507	-30.33	-869.5427613412229	-9997.41	13	12.012	25	8	(0.08931152079168603,0.060778287376629755,0.05676013910583526,0.07608646684171802,0.06501683192469582,0.07209067594456386,0.0901685002462172,)
100	2641079727186137	52352	7	(478:72[0.19000000000000003],558:120[0.16],565:45[0.09999999999999999],568:110[0.18000000000000002],574:21[0.15],577:100[0.16],580:39[0.16],)	507	-30.43	-634.8652465483236	-10000.0	19	11.976	24	8	(0.0981074072479057,0.05486735879313329,0.05834622676517976,0.09502302552293924,0.08070063585146381,0.09250150074769893,0.09786008833404436,)
101	2641785660274648	52871	6	(478:104[0.18000000000000002],558:104[0.15],565:98[0.10999999999999999],568:50[0.17],574:41[0.16],577:110[0.15],)	507	-32.23	-1097.7750295857988	-10000.0	21	13.292	25	8	(0.09300350455691134,0.058472083755080104,0.0615330370444086,0.09133835520878669,0.07183220634113553,0.07471198529111857,)
102	2642334270059685	53377	6	(478:35[0.17],558:61[0.13999999999999999],565:172[0.09999999999999999],568:74[0.18000000000000002],574:31[0.17],577:133[0.13999999999999999],)	506	-30.41	-987.2599407114626	-10000.0	24	14.012	26	8	(0.10449883095978035,0.056807060192961265,0.056217263907420545,0.10116911873634803,0.07294011647067634,0.08300237155449187,)
103	2642823284604714	53894	7	(478:131[0.18000000000000002],558:108[0.15],565:40[0.09],568:70[0.19000000000000003],577:95[0.12999999999999998],592:20[0.15],593:42[0.15],)	506	-31.87	-841.7413833992096	-10000.0	24	12.886	26	8	(0.10050147524665172,0.04479953035126156,0.05992683671619119,0.12516167236494558,0.09391619508128071,0.12128328324830866,0.09804044618373305,)
104	2643292817966994	54415	7	(558:119[0.13999999999999999],565:71[0.09999999999999999],568:37[0.20000000000000004],577:31[0.11999999999999998],592:139[0.16],593:35[0.16],594:75[0.15],)	507	-31.06	-723.1988954635109	-10000.0	18	13.144	26	8	(0.061194326242816566,0.06017347118874845,0.055846618244670396,0.05388068920794938,0.08126699657767349,0.04968264028965608,0.0875263008693,)
105	2643758202545911	54934	7	(558:47[0.12999999999999998],565:142[0.09],568:26[0.21000000000000005],577:33[0.12999999999999998],592:43[0.15],593:148[0.17],594:68[0.13999999999999999],)	507	-30.73	-886.7425838264298	-10000.0	21	12.672	26	8	(0.04778653882323096,0.04532050977012563,0.06964881753206056,0.06609385376258756,0.08781002473462293,0.0589048087528145,0.06708027016221803,)
106	2644260062062228	55444	8	(558:42[0.13999999999999999],565:123[0.08],568:45[0.22000000000000006],577:55[0.13999999999999999],592:73[0.16],593:103[0.16],594:35[0.15],599:31[0.15],)	507	-31.16	-833.3971203155818	-10000.0	23	12.578	26	8	(0.054505047293604815,0.047719292457778714,0.053491099128436,0.06385754064762621,0.11813056351706724,0.09434828988759911,0.09010536300947233,0.06681964237204764,)
107	2644720832236115	55956	7	(558:108[0.15],565:122[0.07],568:96[0.23000000000000007],577:32[0.15],593:60[0.15],594:41[0.16],599:49[0.16],)	508	-31.08	-796.6193307086613	-10000.0	14	13.912	26	8	(0.064037286145648,0.04593966872632184,0.09370979732297009,0.08498122842383334,0.08360382158992168,0.08547407636835014,0.07155388017555792,)
108	2645247560849762	56463	8	(558:87[0.13999999999999999],565:57[0.060000000000000005],568:28[0.22000000000000006],577:141[0.16],593:34[0.16],594:86[0.17],599:56[0.17],601:18[0.15],)	507	-31.94	-1000.7710650887574	-10000.0	15	12.398	26	8	(0.057268160277260845,0.0443195835299693,0.05628674460444829,0.09186520499364781,0.08669427503746144,0.08008534928791562,0.09357864040423869,0.08478869639867882,)
109	2645918818332532	56971	8	(558:96[0.12999999999999998],565:72[0.07],568:52[0.23000000000000007],577:21[0.15],593:37[0.17],594:38[0.16],599:79[0.18000000000000002],601:113[0.16],)	508	-30.47	-1105.607618110236	-10000.0	19	13.112	27	8	(0.0637780250492808,0.050027192517059504,0.08273257809280146,0.06454965719970367,0.06788307401470141,0.09653735526625702,0.08126379409792323,0.07939399933034946,)
110	2646554315437105	57479	8	(558:115[0.11999999999999998],565:73[0.060000000000000005],568:52[0.24000000000000007],577:16[0.16],593:104[0.18000000000000002],594:91[0.17],599:31[0.17],601:26[0.15],)	508	-30.91	-1008.2723228346455	-10000.0	14	13.178	24	8	(0.06500197311684418,0.04165363132283941,0.0724850705960654,0.06718281203253541,0.08342069103383899,0.09961947472209808,0.10795893190028928,0.05527036599078779,)
111	2647151639425476	58001	8	(558:65[0.10999999999999999],565:72[0.05],568:45[0.25000000000000006],577:57[0.17],593:22[0.17],594:99[0.16],599:41[0.18000000000000002],602:107[0.15],)	508	-30.23	-917.2252165354331	-10000.0	15	13.848	25	8	(0.049515214694666625,0.03169859829875962,0.1029674407110475,0.054261883563857784,0.07641199568007141,0.08472558359900967,0.08921734654933784,0.06848808309156153,)
112	2647866853954354	58518	7	(558:206[0.09999999999999999],565:57[0.04],568:75[0.26000000000000006],577:31[0.18000000000000002],593:31[0.18000000000000002],594:57[0.15],602:51[0.13999999999999999],)	508	-30.54	-1132.5611811023623	-10000.0	14	14.706	24	8	(0.059815107108298064,0.029581890469361966,0.08415759258662693,0.07455587617433973,0.08291671641733267,0.0826791738748033,0.0806995578264397,)
113	2648641415010355	59025	7	(558:131[0.09],565:149[0.05],568:54[0.25000000000000006],577:46[0.19000000000000003],593:43[0.19000000000000003],594:55[0.16],602:29[0.15],)	507	-30.86	-1318.1610059171599	-10000.0	14	13.798	24	8	(0.05856162325726289,0.0326376436731679,0.08458886614228282,0.07015660589231786,0.08251649627988766,0.10229964692791362,0.09554209177232469,)
114	2649315319840103	59535	6	(558:40[0.08],565:25[0.04],568:73[0.26000000000000006],577:48[0.20000000000000004],594:42[0.17],602:279[0.16],)	507	-31.3	-1247.8218145956607	-10000.0	12	13.432	24	8	(0.05459601335519874,0.031836876261619663,0.08159958398196346,0.0687372159039684,0.08642572356579664,0.07475434742230747,)
115	2649797569994115	60041	6	(558:91[0.09],565:182[0.05],568:63[0.2700000000000001],577:59[0.21000000000000005],594:46[0.18000000000000002],602:65[0.15],)	506	-31.54	-879.4424308300395	-10000.0	19	13.748	24	8	(0.06543422754432476,0.03499574974726571,0.09686544695157641,0.07976323916517618,0.09894732093297781,0.0614457398886285,)
116	2650304823058146	60556	5	(558:191[0.08],568:46[0.2800000000000001],577:71[0.22000000000000006],594:84[0.19000000000000003],602:114[0.16],)	506	-31.33	-844.246422924901	-10000.0	13	13.526	25	8	(0.05316228193260141,0.08745804123731699,0.0845904898044181,0.11196022760340026,0.07817828187254285,)
117	2650819159913764	61061	5	(558:64[0.07],568:56[0.2900000000000001],577:71[0.23000000000000007],594:50[0.20000000000000004],602:264[0.15],)	505	-31.22	-1007.7401386138614	-10000.0	15	13.65	26	8	(0.04460454932973026,0.11306335503357001,0.09150738688328669,0.1019705507922006,0.07294227996719173,)
118	2651184848807802	61580	4	(558:142[0.08],577:183[0.24000000000000007],594:101[0.21000000000000005],602:79[0.13999999999999999],)	505	-31.98	-709.3237821782179	-10000.0	13	12.046	24	8	(0.05435036928471624,0.0956747259568558,0.07801781882077062,0.09163553626445475,)
119	2651758586456408	62084	4	(558:108[0.07],577:100[0.23000000000000007],594:66[0.22000000000000006],602:230[0.15],)	504	-31.13	-1064.124503968254	-10000.0	18	13.178	23	8	(0.050333696363016496,0.11467245385753431,0.06218744479231082,0.06586887406064482,)
120	2652270783134198	62588	4	(558:107[0.08],577:71[0.24000000000000007],594:133[0.23000000000000007],602:193[0.13999999999999999],)	504	-31.07	-996.6292658730155	-10000.0	14	12.75	23	8	(0.04924693293560711,0.10554427326107173,0.07731076665288607,0.06656267920690671,)
121	2653008211411341	63100	4	(558:175[0.09],594:156[0.22000000000000006],602:149[0.12999999999999998],604:24[0.15],)	504	-31.25	-1354.9427579365079	-10000.0	12	13.288	23	8	(0.0659614488426649,0.1254065035139274,0.06712843299405627,0.08451498837018746,)
122	2653486232570800	63607	5	(558:146[0.08],594:57[0.21000000000000005],602:179[0.11999999999999998],604:87[0.16],605:35[0.15],)	504	-31.01	-868.8349206349208	-10000.0	18	14.12	24	8	(0.04552399273360814,0.11841704939431423,0.05889899108788579,0.055441644661042754,0.08222710776222472,)
123	2653975907456279	64113	5	(558:156[0.07],594:165[0.22000000000000006],602:99[0.10999999999999999],604:61[0.17],605:24[0.16],)	505	-30.67	-892.192396039604	-10000.0	15	12.786	22	8	(0.04454272944097829,0.11009519424008188,0.06659199622079572,0.07058513963451014,0.08899975216030387,)
124	2654630749501367	64622	5	(558:36[0.060000000000000005],594:74[0.21000000000000005],602:167[0.11999999999999998],604:185[0.18000000000000002],605:43[0.17],)	505	-30.22	-1130.7016831683168	-10000.0	20	13.994	22	8	(0.04801130825432946,0.10748112263946873,0.07078744122165614,0.07305298460163463,0.11710861322733794,)
125	2655239468167751	65142	8	(558:122[0.07],594:29[0.22000000000000006],602:20[0.10999999999999999],604:94[0.17],605:29[0.18000000000000002],609:39[0.15],611:148[0.15],612:24[0.15],)	505	-30.47	-1079.0251287128713	-10000.0	13	13.682	22	8	(0.05441773882688336,0.1289964752986364,0.09576667198357926,0.0995162276899014,0.08941418510712583,0.08754156309187515,0.08547857092720813,0.08552069882840248,)
126	2655750808274634	65650	8	(558:102[0.060000000000000005],594:36[0.23000000000000007],602:71[0.11999999999999998],604:58[0.16],605:36[0.19000000000000003],609:45[0.16],611:116[0.13999999999999999],612:44[0.16],)	508	-30.95	-987.8818700787405	-10000.0	13	13.432	23	8	(0.03409592713570692,0.08157801967529771,0.05705336195275344,0.07729834648795551,0.09275152054419052,0.07987393969872447,0.06881045192852793,0.07066649409114506,)
127	2656241237210823	66162	8	(558:57[0.05],594:58[0.24000000000000007],602:136[0.10999999999999999],604:21[0.17],605:63[0.20000000000000004],609:20[0.17],611:77[0.12999999999999998],612:76[0.17],)	508	-30.91	-901.2820078740157	-10000.0	15	12.778	23	8	(0.03908806380604001,0.097242022803714,0.07080594451322499,0.08838713022154102,0.0832729719058041,0.07300531775380097,0.08101144375230906,0.08239019155236961,)
128	2656821064149764	66685	7	(558:90[0.060000000000000005],594:39[0.25000000000000006],602:41[0.09999999999999999],604:30[0.18000000000000002],605:45[0.19000000000000003],611:152[0.11999999999999998],612:111[0.16],)	508	-31.0	-1075.8420866141732	-10000.0	14	13.982	22	8	(0.04225839365562357,0.10198555170186933,0.06003467507314129,0.07774963882608994,0.09201441634286382,0.06226963255628638,0.09909802417889892,)
129	2657376160780472	67192	7	(558:46[0.05],594:88[0.26000000000000006],602:143[0.10999999999999999],604:43[0.19000000000000003],605:39[0.20000000000000004],611:95[0.10999999999999999],612:53[0.15],)	507	-31.12	-1040.7845562130178	-10000.0	15	13.636	23	8	(0.04215361463101744,0.09947967830904679,0.06463975181179657,0.06501836337553778,0.08756157577161351,0.05821007440498833,0.0775858117148576,)
130	2658081914434492	67704	7	(558:111[0.060000000000000005],594:41[0.25000000000000006],602:92[0.09999999999999999],605:60[0.21000000000000005],611:71[0.09999999999999999],612:113[0.16],617:19[0.15],)	507	-29.98	-1158.183076923077	-10000.0	12	14.042	23	8	(0.03660900017862554,0.11053134218491009,0.06220134297687962,0.1312299206221715,0.0612543037858781,0.08090819364089129,0.1007769152025055,)
131	2658597245198746	68211	7	(558:55[0.05],594:67[0.26000000000000006],602:26[0.09],605:79[0.22000000000000006],611:37[0.09],612:219[0.15],617:24[0.16],)	507	-31.17	-862.8980867850096	-10000.0	14	14.002	23	8	(0.03987282175565522,0.13087142527528767,0.07391067083942643,0.1129997912257795,0.08067416874726856,0.09979448252108879,0.08354330677504213,)
132	2659096323077951	68718	7	(558:89[0.060000000000000005],594:76[0.2700000000000001],602:103[0.09999999999999999],605:86[0.21000000000000005],611:24[0.09999999999999999],612:91[0.13999999999999999],617:38[0.17],)	507	-31.03	-921.9744970414199	-10000.0	17	13.072	24	8	(0.03990870158047502,0.09234650048220097,0.05616100174488306,0.0828958160774196,0.05226973819410427,0.07538735853647546,0.05937191925498229,)
133	2659842795694031	69234	6	(558:32[0.05],594:96[0.26000000000000006],602:43[0.09],611:52[0.10999999999999999],612:161[0.12999999999999998],617:123[0.18000000000000002],)	507	-32.0	-1367.6932741617354	-10000.0	15	13.392	22	8	(0.033190281103897254,0.12965575830503365,0.07868710350365128,0.061703351293436924,0.07092362514842168,0.08545194843426343,)
134	2660467748577080	69748	7	(558:91[0.060000000000000005],594:32[0.25000000000000006],602:125[0.09999999999999999],611:138[0.11999999999999998],612:32[0.11999999999999998],617:63[0.17],620:25[0.15],)	506	-31.54	-1081.7677470355732	-10000.0	20	14.684	22	8	(0.04242068689340972,0.15979133567835607,0.0723061053862938,0.09758174836339928,0.0687782162943742,0.08710911172428791,0.10642072433891828,)
