alpha = 0.15
gamma = 1.0
lambda = 0.6
epsilon = 0.3
randomSeed = 111
GREAT!
Xover: 4
---- Evolution parameters ----
Folder name:          NMSarsa_Maze/run_2603473075733401
Random seed:          111
GREAT activated:      true
Max iterations:       150
Population size:      500
GREAT initialization  true
Speciation threshold: 0.15
Species min size:     15
Tournament size:      3
Crossover rate:       0.2
Mutation rate:        0.8
Crossovers:
	AligningCrossover_v4(0.15)
Mutations:
	AddGeneMutation(maxSize=2147483647, prob=0.33)
	DeleteGeneMutation(minSize=8, prob=0.33)
	ChangeGeneMutation(prob=0.33)
------------------------------

---- Starting evolution ----
IT	Nanotime	#Eval	#Species	Species size	PopSize	Best	Avg	Worst	Best GRN Size	Avg GRN size	Max GRN size	Min GRN size	Species avgdist2rep
0	2606189993006860	997	1	(471:499[0.15],)	499	-60.19	-1710.1015230460919	-10000.0	9	8.976	13	8	(0.0531391628905208,)
1	2606573920642451	1502	1	(471:501[0.16],)	501	-60.95	-1071.769740518961	-10000.0	9	9.062	13	8	(0.0525958010704772,)
2	2606965875512678	2009	1	(471:501[0.15],)	501	-49.75	-1104.5164271457093	-10000.0	8	9.118	12	8	(0.06668108692109533,)
3	2607342529415311	2520	3	(471:204[0.13999999999999999],474:272[0.15],476:25[0.15],)	501	-45.25	-971.8997604790419	-10000.0	8	9.226	13	8	(0.0814617402917803,0.08079243463861754,0.07026915978708946,)
4	2607663148433504	3031	3	(471:116[0.12999999999999998],474:235[0.13999999999999999],476:152[0.16],)	503	-45.31	-897.0969781312126	-10000.0	8	9.17	13	8	(0.0646524181897459,0.06406794342136984,0.07275697972544623,)
5	2608057352484574	3544	3	(471:189[0.13999999999999999],474:229[0.12999999999999998],476:85[0.17],)	503	-45.95	-980.8442544731612	-10000.0	9	9.09	14	8	(0.07341155303298204,0.07959427295675196,0.07167057080966313,)
6	2608448888460602	4053	4	(471:83[0.12999999999999998],474:155[0.11999999999999998],476:150[0.18000000000000002],482:115[0.15],)	503	-43.23	-1026.2984294234593	-10000.0	8	9.05	14	8	(0.06353400413035834,0.0519292924026383,0.07367564556138365,0.0768981794362983,)
7	2608806186121254	4562	4	(471:101[0.13999999999999999],474:192[0.10999999999999999],476:152[0.17],482:59[0.16],)	504	-42.43	-919.8202976190476	-10000.0	8	9.072	14	8	(0.07372952866874254,0.07218336671157558,0.082690542817381,0.08212577126131683,)
8	2609310812055202	5084	6	(471:145[0.15],474:117[0.09999999999999999],476:112[0.16],482:17[0.17],488:61[0.15],490:52[0.15],)	504	-44.62	-1193.9216666666666	-10000.0	8	9.132	13	8	(0.09258337951660642,0.06732823156298573,0.09370330596304835,0.10960370928875324,0.10404593331171463,0.07630214801968717,)
9	2609721718970752	5606	10	(471:66[0.13999999999999999],474:116[0.09],476:60[0.15],482:30[0.18000000000000002],488:47[0.16],491:85[0.15],492:19[0.15],493:36[0.15],494:29[0.15],495:18[0.15],)	506	-40.49	-1046.743438735178	-10000.0	11	9.354	13	8	(0.08544663702163262,0.05897657021971472,0.0993305171933062,0.09828003962207196,0.07339029315249304,0.05393394228853902,0.09769431805821242,0.056463575214114714,0.08712970431472232,0.07653743122036377,)
10	2610360603089113	6130	9	(471:88[0.12999999999999998],476:54[0.13999999999999999],482:109[0.19000000000000003],488:19[0.17],491:57[0.13999999999999999],492:23[0.16],493:111[0.16],494:25[0.16],495:24[0.16],)	510	-40.68	-1619.6624313725488	-10000.0	11	9.664	14	8	(0.0843576580853664,0.06175380078034149,0.0821011699455767,0.06437653840535358,0.08817282159705711,0.06346582331982069,0.04934569961663098,0.0899340891662936,0.05731855297992191,)
11	2610889486227954	6648	11	(471:50[0.11999999999999998],476:40[0.15],482:102[0.18000000000000002],488:48[0.18000000000000002],491:41[0.12999999999999998],492:47[0.17],493:41[0.15],494:55[0.17],495:27[0.17],498:36[0.15],500:22[0.15],)	509	-40.13	-1313.9608644400787	-10000.0	12	9.508	15	8	(0.08995191246699681,0.05686707780316751,0.08119689278123456,0.08567336078032485,0.07857130119059642,0.07652726771980796,0.07117116275168883,0.0886065594117941,0.05953359201828986,0.07036354809776248,0.0490309995560082,)
12	2611542430078154	7182	10	(471:32[0.10999999999999999],476:65[0.16],482:17[0.17],491:71[0.13999999999999999],492:53[0.16],493:26[0.16],494:54[0.16],495:26[0.18000000000000002],498:26[0.16],500:141[0.16],)	511	-40.09	-1512.4983953033272	-10000.0	10	9.482	14	8	(0.06598925529577611,0.07227196946565652,0.06610395949774774,0.06628788101623366,0.10318879057684216,0.09083554640103195,0.044555644822085703,0.07085829040331705,0.089295735331707,0.060347103571583335,)
13	2612079465475388	7692	10	(471:46[0.11999999999999998],476:65[0.15],482:15[0.18000000000000002],491:72[0.12999999999999998],492:49[0.15],493:55[0.17],494:34[0.15],495:31[0.19000000000000003],498:32[0.17],500:111[0.15],)	510	-34.71	-1373.1663137254905	-10000.0	10	9.582	13	8	(0.04607188305624438,0.09821258879484937,0.08342273058399367,0.07731119172645015,0.08963591918861494,0.10897356849292748,0.09110767672591001,0.10638037886224536,0.08691648596491705,0.05725358702718542,)
14	2612645331592325	8217	9	(471:53[0.12999999999999998],476:25[0.13999999999999999],482:55[0.19000000000000003],492:56[0.16],493:66[0.16],494:15[0.16],495:49[0.20000000000000004],498:144[0.18000000000000002],500:47[0.13999999999999999],)	510	-36.85	-1454.3448823529409	-10000.0	10	9.73	14	8	(0.08825605147690184,0.07992416966630768,0.07109316465056392,0.08108994208742483,0.08864158728651106,0.08369380174377286,0.07251935539561842,0.06178501569580982,0.09812108504759871,)
15	2613123551718950	8732	9	(471:19[0.13999999999999999],476:31[0.15],482:16[0.18000000000000002],492:33[0.15],493:99[0.15],494:47[0.17],495:58[0.21000000000000005],498:82[0.17],500:124[0.15],)	509	-35.38	-1273.307387033399	-10000.0	10	9.77	14	8	(0.07440575898335255,0.08803884973541948,0.0846672656610982,0.07838501269538134,0.09924969233192446,0.062436192769054044,0.08914844450480493,0.05211040530333784,0.05841065927014896,)
16	2613576565711501	9244	10	(471:16[0.15],476:28[0.16],482:35[0.19000000000000003],492:86[0.16],493:55[0.13999999999999999],494:56[0.18000000000000002],495:79[0.20000000000000004],498:95[0.16],500:27[0.13999999999999999],504:32[0.15],)	509	-35.57	-1067.5308840864438	-10000.0	10	9.912	14	8	(0.04364681358448797,0.08569742809181238,0.058486099099785464,0.05973708017513828,0.07480094344166897,0.08284066994871607,0.07714054878625509,0.07212034554385893,0.07462324990599013,0.05167777869408104,)
17	2613923398389313	9761	11	(471:55[0.16],476:42[0.17],482:17[0.20000000000000004],492:80[0.15],493:59[0.12999999999999998],494:24[0.17],495:46[0.19000000000000003],498:18[0.15],500:20[0.15],504:109[0.16],507:40[0.15],)	510	-37.02	-893.8396078431373	-10000.0	10	9.742	14	8	(0.06897237587884762,0.09821697631867747,0.07832459319758593,0.07581729910857081,0.08986038534490894,0.06151607918475365,0.0786436877776909,0.09595092640433515,0.06682533919655119,0.058105597456079856,0.06951993176213946,)
18	2614427232216536	10286	9	(471:53[0.15],476:21[0.18000000000000002],482:117[0.21000000000000005],492:39[0.13999999999999999],493:24[0.11999999999999998],495:72[0.18000000000000002],498:49[0.16],500:119[0.16],504:17[0.15],)	511	-35.4	-1212.8558512720158	-10000.0	11	9.672	14	8	(0.0787985765775354,0.10699800135762945,0.03959055482780839,0.08308256600464442,0.08201500041587406,0.07006280933655952,0.07500129091486657,0.07852792276114329,0.0978143358926372,)
19	2614778270720642	10846	6	(471:57[0.16],476:127[0.19000000000000003],482:100[0.20000000000000004],492:79[0.15],500:77[0.15],504:69[0.16],)	509	-35.88	-747.7846758349704	-10000.0	10	9.866	15	8	(0.07803541184506013,0.07580008781674624,0.043344191458067796,0.0710525642519599,0.07938253422713902,0.06519264361046431,)
20	2615160079190046	11359	7	(471:80[0.17],476:144[0.18000000000000002],482:59[0.19000000000000003],492:31[0.16],500:43[0.16],504:91[0.17],514:58[0.15],)	506	-34.97	-927.5858102766797	-10000.0	10	10.184	15	8	(0.08598980841110446,0.0740135417816969,0.04396542966602393,0.10396206017539421,0.07965431620847169,0.07250795244510369,0.05346768773356282,)
21	2615457438907967	11892	7	(471:86[0.16],476:52[0.17],482:94[0.20000000000000004],492:138[0.17],500:98[0.17],504:21[0.16],514:18[0.16],)	507	-34.0	-703.8791715976333	-10000.0	8	10.268	15	8	(0.06653520937473152,0.05851005369239986,0.0541072361945225,0.06623917671507298,0.08737534781261314,0.11005333000032487,0.053106239217070486,)
22	2615714589060427	12419	7	(471:38[0.15],476:154[0.18000000000000002],492:116[0.16],500:93[0.16],504:34[0.17],514:55[0.17],519:17[0.15],)	507	-34.79	-558.4455226824458	-10000.0	8	10.478	15	8	(0.09305045416912469,0.06372015940709273,0.061541868678499485,0.06865208618372359,0.08684360379363106,0.09057754045307742,0.07972977688600431,)
23	2616012734174927	12941	7	(471:46[0.16],476:105[0.17],492:75[0.15],500:68[0.15],504:118[0.18000000000000002],514:35[0.18000000000000002],519:60[0.16],)	507	-33.83	-723.2058185404339	-10000.0	9	10.246	14	8	(0.07579949252055027,0.07669657970081051,0.07816913308564474,0.10609772511000494,0.08720811606169755,0.06610689603642785,0.07430735117781516,)
24	2616377316987113	13451	8	(471:95[0.17],476:49[0.16],492:65[0.13999999999999999],500:51[0.16],504:26[0.17],514:70[0.19000000000000003],519:78[0.17],524:73[0.15],)	507	-34.52	-870.9506114398424	-10000.0	10	10.352	15	8	(0.0640457034396539,0.07558213651199647,0.07250356085424434,0.09174750858633457,0.06395355429728498,0.07171473619634648,0.07858949427340427,0.0779208396273698,)
25	2616680345845582	13992	7	(471:20[0.16],476:44[0.17],492:49[0.12999999999999998],500:20[0.17],504:83[0.18000000000000002],514:177[0.18000000000000002],524:115[0.13999999999999999],)	508	-32.58	-631.0868503937008	-10000.0	11	10.608	15	8	(0.0997584074249266,0.06097527662476101,0.06419188021396649,0.08174398301597229,0.08940336094361585,0.09233811867131372,0.07267744688026587,)
26	2616927532584775	14501	8	(471:18[0.17],476:83[0.18000000000000002],492:76[0.13999999999999999],500:48[0.18000000000000002],504:36[0.17],514:126[0.17],524:105[0.12999999999999998],529:15[0.15],)	507	-34.59	-597.5976923076922	-10000.0	13	10.658	16	8	(0.11669043815253571,0.04928133218065105,0.07847619515964836,0.10526751944265449,0.09214195009102671,0.10037740645268933,0.07449327207318891,0.05255059327021332,)
27	2617207343850592	15036	8	(476:69[0.17],492:43[0.12999999999999998],500:34[0.19000000000000003],504:93[0.18000000000000002],514:79[0.16],524:40[0.11999999999999998],529:128[0.16],531:22[0.15],)	508	-33.9	-602.9214173228347	-10000.0	12	10.876	15	8	(0.08714528674436776,0.05747634643178788,0.08275979946856873,0.07859475984224738,0.0992928296164086,0.07044615329235633,0.06968725832267361,0.10472911125456964,)
28	2617391079561618	15564	8	(476:36[0.16],492:40[0.13999999999999999],500:67[0.20000000000000004],504:57[0.17],514:92[0.15],524:54[0.12999999999999998],529:112[0.15],531:50[0.16],)	508	-31.87	-450.646377952756	-10000.0	11	10.992	15	8	(0.07204073751744454,0.07952301599914105,0.0704849071067745,0.07694285965471186,0.06593559230497686,0.06406608172334968,0.07994406052295096,0.08748139751162604,)
29	2617664320324030	16093	7	(476:44[0.17],492:107[0.15],500:19[0.19000000000000003],504:103[0.18000000000000002],514:37[0.13999999999999999],524:94[0.13999999999999999],529:104[0.13999999999999999],)	508	-31.58	-603.4725393700787	-10000.0	12	10.702	15	8	(0.10676016957150546,0.05479844617571591,0.06990463863961865,0.07277559094119242,0.09346355271525734,0.05550521079473639,0.07725771060030386,)
30	2617889488152196	16602	8	(476:31[0.18000000000000002],492:82[0.13999999999999999],500:183[0.20000000000000004],504:36[0.17],514:32[0.15],524:81[0.12999999999999998],529:44[0.12999999999999998],542:18[0.15],)	507	-33.98	-565.9938856015781	-10000.0	12	10.266	16	8	(0.07709389276896383,0.0790258893341749,0.059100041974442685,0.08765186601874182,0.08023602226582081,0.0745550030706945,0.06073715941686584,0.08766871367788578,)
31	2618169898485197	17110	8	(476:15[0.19000000000000003],492:54[0.12999999999999998],500:41[0.19000000000000003],504:108[0.18000000000000002],514:91[0.16],524:86[0.11999999999999998],529:62[0.13999999999999999],542:51[0.16],)	508	-32.33	-622.4784055118108	-9993.7	12	11.272	17	8	(0.10642421975615449,0.08594522872549575,0.06702305408701822,0.05524712951559852,0.08673357153954735,0.06855095313121333,0.08394289425917505,0.05892136974400495,)
32	2618484744885863	17652	6	(492:48[0.13999999999999999],504:176[0.17],514:130[0.15],524:64[0.10999999999999999],542:42[0.17],544:48[0.15],)	508	-32.52	-653.4793307086613	-10000.0	13	11.27	17	8	(0.08694925188640339,0.0598223430164789,0.07986305861156849,0.06189567532738161,0.06870997137167276,0.08905487143015454,)
33	2618771504312688	18161	6	(492:21[0.15],504:48[0.16],514:93[0.13999999999999999],524:183[0.11999999999999998],542:103[0.18000000000000002],544:58[0.16],)	506	-33.77	-670.7579051383399	-10000.0	9	11.064	17	8	(0.06835463954951226,0.06375821132233525,0.07012837417478415,0.057650458801543694,0.05643821871069812,0.07015627574992274,)
34	2619066436096572	18667	6	(492:109[0.16],504:85[0.17],514:21[0.12999999999999998],524:144[0.10999999999999999],542:43[0.17],544:104[0.17],)	506	-32.6	-669.465652173913	-9976.27	11	11.312	17	8	(0.06724597673774665,0.05603374359359709,0.06277602900392489,0.05648529790360993,0.06630170390606784,0.0631789149330614,)
35	2619357888670358	19173	6	(492:58[0.15],504:68[0.16],514:44[0.13999999999999999],524:109[0.09999999999999999],542:104[0.18000000000000002],544:123[0.16],)	506	-33.34	-651.7598023715415	-10000.0	10	11.74	18	8	(0.07228902951079119,0.04807869852238134,0.06257415954243876,0.054434666919491115,0.07338078097268876,0.050687504732539086,)
36	2619685008721522	19682	6	(492:89[0.16],504:69[0.17],514:165[0.15],524:118[0.09],542:17[0.17],544:48[0.15],)	506	-31.97	-756.9094268774704	-10000.0	14	12.096	18	8	(0.07518822557535867,0.06714392002277456,0.06276415958915244,0.05571585453116674,0.09681343203581995,0.056344968856472895,)
37	2619930412639157	20188	6	(492:110[0.15],504:101[0.18000000000000002],514:34[0.13999999999999999],524:61[0.08],542:105[0.18000000000000002],544:95[0.16],)	506	-31.27	-536.7974505928854	-10000.0	9	11.83	19	8	(0.06866662805963875,0.07192146549285645,0.05742112891273948,0.04980158465417414,0.08522336591860447,0.07156951701256775,)
38	2620267778493084	20694	7	(492:59[0.13999999999999999],504:55[0.17],514:95[0.15],524:150[0.09],542:58[0.17],544:74[0.15],547:15[0.15],)	506	-32.84	-740.5251383399208	-10000.0	12	11.986	17	8	(0.08118526318393826,0.07826774098062575,0.05276150006853837,0.0661209067456822,0.060981400536651506,0.08569106944233501,0.0839901466306437,)
39	2620512233558839	21201	7	(492:49[0.15],504:93[0.18000000000000002],514:25[0.13999999999999999],524:68[0.08],542:80[0.18000000000000002],544:90[0.13999999999999999],547:102[0.16],)	507	-32.55	-578.7641420118345	-10000.0	15	11.216	18	8	(0.06339760339502516,0.07796448638936149,0.06855319918979715,0.06752869805278824,0.07044442303865901,0.07384572973699917,0.04745343591956611,)
40	2620745570865267	21724	7	(492:54[0.16],504:31[0.17],524:68[0.09],542:82[0.17],544:157[0.12999999999999998],547:94[0.15],548:21[0.15],)	507	-30.52	-510.6826627218935	-10000.0	11	11.572	17	8	(0.07987935452163313,0.03898040691285448,0.06113874195805325,0.05946434930250864,0.06490489651349825,0.05378160295285009,0.0838607071819046,)
41	2620988843170009	22233	6	(492:89[0.17],504:65[0.18000000000000002],524:89[0.09999999999999999],542:132[0.16],544:46[0.11999999999999998],548:86[0.16],)	507	-31.21	-540.0509467455622	-10000.0	8	12.3	18	8	(0.06819633249800551,0.0654640763864897,0.06522824033690822,0.0652906748733471,0.06304589864643248,0.08339674303821441,)
42	2621228609908210	22739	7	(492:50[0.16],504:36[0.19000000000000003],524:50[0.09],542:165[0.15],544:53[0.12999999999999998],548:116[0.15],550:36[0.15],)	506	-30.88	-536.0145652173915	-10000.0	11	12.038	19	8	(0.066800332658975,0.08244103148727625,0.06536872041173987,0.08055732987419206,0.0631029719577868,0.046047044593634415,0.07748945159688037,)
43	2621530586763088	23248	7	(492:71[0.17],504:131[0.20000000000000004],524:93[0.09999999999999999],542:39[0.13999999999999999],544:52[0.13999999999999999],548:96[0.13999999999999999],550:25[0.16],)	507	-32.37	-624.3241814595663	-9925.28	13	12.046	20	8	(0.06537662258529513,0.08480813141860234,0.07399502181533237,0.050986729474746875,0.06491875274857196,0.060079128150289124,0.08617310557608147,)
44	2621782706326138	23755	7	(492:26[0.16],504:40[0.19000000000000003],524:78[0.09],542:167[0.15],544:63[0.15],548:86[0.12999999999999998],550:47[0.17],)	507	-31.19	-533.7887376725837	-10000.0	16	12.17	17	8	(0.07390287146752504,0.09750088561594292,0.0611321811599311,0.05820802050386745,0.07426291328246908,0.06411830827180318,0.10293136885619243,)
45	2622070268439221	24270	7	(504:15[0.20000000000000004],524:69[0.08],542:70[0.13999999999999999],544:43[0.16],548:115[0.11999999999999998],550:164[0.18000000000000002],552:31[0.15],)	507	-32.25	-651.1605325443787	-10000.0	11	11.726	17	8	(0.10201917961819065,0.05701475022083398,0.0660650427291857,0.05578828481739171,0.07031676501749257,0.06678313527753307,0.06745468647466571,)
46	2622375580151682	24777	7	(504:45[0.21000000000000005],524:101[0.09],542:93[0.15],544:82[0.17],548:23[0.10999999999999999],550:32[0.17],552:131[0.16],)	507	-31.05	-720.9226232741618	-10000.0	11	11.258	18	8	(0.0947782637942386,0.06377756582146596,0.068777108450163,0.06458040543958396,0.052553583647417794,0.07620571565161874,0.05898477317038671,)
47	2622672164458578	25287	7	(504:81[0.22000000000000006],524:93[0.08],542:101[0.13999999999999999],544:74[0.16],548:34[0.11999999999999998],550:92[0.18000000000000002],552:32[0.15],)	507	-30.47	-623.2257396449704	-10000.0	13	11.586	19	8	(0.05594871141827767,0.05296838864276412,0.0750727270857829,0.06994467838200465,0.03694649738848123,0.061514715269378815,0.07497189522495162,)
48	2622898854117417	25797	6	(504:203[0.21000000000000005],524:17[0.07],544:39[0.15],548:75[0.12999999999999998],550:92[0.17],552:81[0.16],)	507	-30.36	-561.6167652859958	-10000.0	9	11.494	19	8	(0.034295061211432096,0.04670697377650498,0.062122099159798494,0.05658422764635748,0.09793182717629731,0.07047219686139274,)
49	2623088140462079	26303	6	(504:80[0.20000000000000004],524:54[0.08],544:61[0.16],548:131[0.13999999999999999],550:68[0.16],552:112[0.17],)	506	-30.97	-378.65053359683793	-10000.0	9	12.252	20	8	(0.08167349175416458,0.05807772424862526,0.06390681808891346,0.06436502328002841,0.07350670088339488,0.07623077759100902,)
50	2623303561072286	26809	6	(504:93[0.21000000000000005],524:160[0.09],544:60[0.17],548:98[0.12999999999999998],550:47[0.17],552:48[0.16],)	506	-31.07	-514.6353557312253	-10000.0	8	11.666	20	8	(0.07506656520857072,0.06255162749893374,0.053362935356203685,0.07482342379005948,0.10738652077601127,0.07627680639583602,)
51	2623639834896890	27318	6	(504:49[0.20000000000000004],524:124[0.08],544:125[0.18000000000000002],548:68[0.11999999999999998],550:78[0.18000000000000002],552:62[0.17],)	506	-31.45	-702.8203754940711	-10000.0	11	11.896	20	8	(0.0885329474898865,0.050037980503989936,0.07922774218330965,0.05734602879076629,0.06840076484501266,0.08684995406460333,)
52	2623840359985295	27834	5	(504:99[0.21000000000000005],544:106[0.17],548:93[0.12999999999999998],550:61[0.19000000000000003],552:147[0.18000000000000002],)	506	-32.47	-444.5023913043477	-10000.0	14	12.572	21	8	(0.05562111565173909,0.07552592381144566,0.06557777197449764,0.09036989739231216,0.08468021688358228,)
53	2624055685974728	28339	5	(504:141[0.22000000000000006],544:54[0.16],548:71[0.13999999999999999],550:72[0.20000000000000004],552:167[0.17],)	505	-31.48	-461.7135841584159	-10000.0	8	11.946	21	8	(0.06573451023274823,0.0906202648503615,0.0746407654026854,0.07024565579969397,0.08697256769582598,)
54	2624234584757676	28844	5	(504:207[0.21000000000000005],544:91[0.17],548:55[0.15],550:46[0.21000000000000005],552:106[0.16],)	505	-31.7	-393.2080792079208	-9983.05	15	11.912	21	8	(0.08090075871104213,0.08837024885263525,0.09041612859401738,0.06817795989426598,0.07296279551823816,)
55	2624464115046069	29349	5	(504:76[0.20000000000000004],544:184[0.18000000000000002],548:108[0.16],550:18[0.22000000000000006],552:119[0.15],)	505	-30.72	-478.3750891089109	-10000.0	11	12.84	22	8	(0.0725788894112432,0.05831229309225426,0.07758321773951674,0.08279127622090064,0.07292373952497774,)
56	2624679290321432	29854	5	(504:62[0.21000000000000005],544:107[0.17],548:100[0.15],550:23[0.23000000000000007],552:213[0.13999999999999999],)	505	-31.53	-486.88980198019783	-10000.0	10	12.498	23	8	(0.10152963596741833,0.05353865125669188,0.05871751171139745,0.1425063850206055,0.09888734055018827,)
57	2624931715912870	30359	5	(504:232[0.22000000000000006],544:46[0.16],548:85[0.13999999999999999],550:75[0.24000000000000007],552:67[0.12999999999999998],)	505	-30.27	-614.4119801980198	-10000.0	13	11.048	24	8	(0.08670662203731805,0.06402309580441701,0.08347748370835499,0.08678316266598265,0.07929369973553187,)
58	2625171103945570	30875	4	(504:183[0.21000000000000005],548:34[0.15],550:110[0.25000000000000006],552:178[0.13999999999999999],)	505	-31.84	-557.460118811881	-10000.0	11	10.294	22	8	(0.08531920104828089,0.10735014368060801,0.10463346000091979,0.06238717612210476,)
59	2625403970077034	31387	3	(504:297[0.20000000000000004],548:184[0.16],552:23[0.12999999999999998],)	504	-31.03	-514.2515674603172	-10000.0	12	11.798	23	8	(0.07713042050573948,0.0959776321261853,0.08950992191621132,)
60	2625629395165354	31902	5	(504:152[0.19000000000000003],548:115[0.15],552:113[0.13999999999999999],556:97[0.15],558:26[0.15],)	503	-31.72	-495.4860238568588	-10000.0	10	11.544	23	8	(0.10084938736201003,0.0870582811896525,0.0818651083928438,0.09436455097075305,0.09659818706308787,)
61	2625801051547336	32411	6	(504:99[0.18000000000000002],548:55[0.13999999999999999],552:193[0.12999999999999998],556:95[0.16],558:43[0.16],561:20[0.15],)	505	-31.07	-388.88590099009895	-9959.86	10	11.156	23	8	(0.06675413159485856,0.06553508212491421,0.07015166178255464,0.06970045204319095,0.06265800104022982,0.046475171310352226,)
62	2625970813603048	32933	5	(504:92[0.17],548:86[0.15],552:58[0.11999999999999998],556:154[0.15],561:116[0.16],)	506	-30.73	-370.5703754940711	-10000.0	9	11.542	23	8	(0.06642900450029873,0.09016860813480906,0.08048542447463569,0.06825450564520698,0.07219450130423406,)
63	2626220821700044	33446	5	(504:169[0.18000000000000002],548:48[0.16],552:18[0.12999999999999998],556:221[0.13999999999999999],561:49[0.15],)	505	-30.54	-577.9401584158417	-10000.0	11	10.888	23	8	(0.08764725706466724,0.06254295256350911,0.10670845376142303,0.06848037975592695,0.10298546766106195,)
64	2626443487791588	33951	5	(504:165[0.17],548:27[0.17],552:75[0.13999999999999999],556:138[0.12999999999999998],561:100[0.16],)	505	-30.79	-524.7325544554457	-10000.0	10	11.656	23	8	(0.08894949807993963,0.08385788691699116,0.07998470085292676,0.08320026123454144,0.07089821118476562,)
65	2626592275074397	34459	5	(504:73[0.16],548:88[0.18000000000000002],552:162[0.15],556:68[0.11999999999999998],561:114[0.15],)	505	-31.59	-349.96471287128713	-10000.0	8	10.654	22	8	(0.07659784678905952,0.06386825619634907,0.07907838543799853,0.07276270882386697,0.07187695047430939,)
66	2626767144560851	34987	6	(504:108[0.17],548:27[0.19000000000000003],552:99[0.13999999999999999],556:104[0.12999999999999998],561:138[0.13999999999999999],566:29[0.15],)	505	-30.67	-433.5550297029704	-10000.0	9	11.03	23	8	(0.07262744622472027,0.08326124265565385,0.08074297762165782,0.0747382594777923,0.0725231647596353,0.08028255359734769,)
67	2626976216327683	35500	6	(504:88[0.16],548:115[0.20000000000000004],552:73[0.12999999999999998],556:146[0.11999999999999998],566:31[0.16],569:53[0.15],)	506	-31.38	-539.8392490118578	-10000.0	9	10.624	24	8	(0.08627958660905713,0.07316567962802636,0.06996892754827827,0.0476877069849442,0.049037762178344976,0.05466778060995066,)
68	2627170167178582	36006	6	(504:39[0.15],548:93[0.19000000000000003],552:31[0.13999999999999999],556:241[0.10999999999999999],566:56[0.17],569:46[0.16],)	506	-30.22	-538.5213241106719	-9995.4	9	9.84	22	8	(0.09045067122183087,0.09686501010850866,0.08895650891816606,0.060806195462283184,0.07569824804182904,0.08543035561949813,)
69	2627341142304677	36512	6	(504:19[0.16],548:113[0.18000000000000002],552:85[0.15],556:91[0.09999999999999999],566:63[0.18000000000000002],569:135[0.17],)	506	-31.25	-489.1868774703558	-10000.0	9	9.56	21	8	(0.11283882372760305,0.07541425032829996,0.06464178745236411,0.04756665900604955,0.06692684675830708,0.08458278443580895,)
70	2627563516492103	37039	6	(504:65[0.17],552:204[0.13999999999999999],556:115[0.09],566:67[0.19000000000000003],569:20[0.16],571:35[0.15],)	506	-30.72	-578.451561264822	-10000.0	16	9.68	17	8	(0.11551401249073856,0.07527059010883998,0.057213749060764256,0.08381340073883331,0.12072269675618455,0.08304828829962244,)
71	2627798929552539	37584	6	(504:165[0.18000000000000002],552:116[0.12999999999999998],566:59[0.20000000000000004],569:34[0.17],571:90[0.16],575:42[0.15],)	506	-31.42	-510.912371541502	-10000.0	8	10.376	18	8	(0.09056883291181966,0.0793804308651236,0.08657516425291696,0.11040050637105393,0.06864454100725696,0.08949945903812241,)
72	2627995512867376	38106	6	(504:68[0.17],552:35[0.11999999999999998],566:61[0.21000000000000005],569:84[0.18000000000000002],571:27[0.15],575:231[0.16],)	506	-31.0	-466.4956126482212	-10000.0	9	10.392	19	8	(0.07826040797512236,0.057485874414443645,0.10445732642918543,0.07283957933776593,0.09585898743676233,0.06011553170972154,)
73	2628088676826159	38614	5	(504:122[0.18000000000000002],552:150[0.12999999999999998],566:105[0.22000000000000006],569:17[0.17],575:112[0.15],)	506	-30.52	-241.71586956521736	-9954.41	8	9.99	18	8	(0.08524194975593553,0.05216986207473979,0.08057555619755215,0.0962945748179286,0.08080390532909852,)
74	2628278134889517	39122	5	(504:99[0.17],552:55[0.11999999999999998],566:82[0.21000000000000005],569:149[0.18000000000000002],575:120[0.13999999999999999],)	505	-31.24	-373.7054653465346	-10000.0	9	12.052	19	8	(0.12566467568431747,0.05944634843770149,0.09039806772719505,0.10252203541297883,0.08383375413233128,)
75	2628566285253731	39649	5	(504:98[0.18000000000000002],552:152[0.12999999999999998],566:58[0.22000000000000006],569:120[0.17],575:77[0.12999999999999998],)	505	-31.81	-596.5996237623764	-10000.0	8	12.498	20	8	(0.04669383064313878,0.06407534814120518,0.09017008412387816,0.046353251860629094,0.09415035216530335,)
76	2628758785050782	40184	4	(504:47[0.19000000000000003],552:104[0.11999999999999998],566:182[0.23000000000000007],569:172[0.16],)	505	-30.72	-338.41257425742583	-9973.07	8	12.05	21	8	(0.03212584188084792,0.07801676335463346,0.10109701215161875,0.06548654503056384,)
77	2628898025913570	40694	5	(504:131[0.20000000000000004],552:147[0.12999999999999998],566:105[0.22000000000000006],569:46[0.15],587:75[0.15],)	504	-30.73	-311.89849206349203	-10000.0	17	12.292	22	8	(0.056885765995885955,0.0780955893855827,0.09895825802552441,0.06598112593290208,0.08730229316568781,)
78	2629043738995470	41205	5	(504:142[0.19000000000000003],552:62[0.11999999999999998],566:66[0.21000000000000005],569:51[0.16],587:184[0.16],)	505	-29.88	-377.4314455445545	-10000.0	8	11.704	21	8	(0.059600387172570116,0.06310321706298591,0.06305235529094126,0.07592129164128322,0.046737532239989395,)
79	2629159709634437	41710	5	(504:100[0.18000000000000002],552:19[0.12999999999999998],566:104[0.22000000000000006],569:148[0.17],587:134[0.15],)	505	-30.76	-303.7699405940594	-9981.95	9	10.578	21	8	(0.07523019268198435,0.06279569970344362,0.07075848013994096,0.08374372920285318,0.06709299486593667,)
80	2629285320204588	42229	5	(504:84[0.17],552:75[0.13999999999999999],566:112[0.21000000000000005],587:120[0.13999999999999999],592:114[0.15],)	505	-30.74	-295.29584158415844	-9903.56	8	10.51	21	8	(0.07421289675497827,0.05695653130670878,0.06976402136649394,0.06264993512036232,0.08293693812315707,)
81	2629502609859999	42744	6	(504:134[0.18000000000000002],552:46[0.15],566:59[0.20000000000000004],587:126[0.12999999999999998],592:110[0.13999999999999999],597:30[0.15],)	505	-31.41	-595.6245148514852	-10000.0	9	10.16	20	8	(0.05951908729491601,0.05845970606040796,0.10260019740145872,0.05961440534529396,0.08078705825689712,0.09956216288421114,)
82	2629658357307960	43267	6	(504:51[0.17],552:79[0.16],566:68[0.21000000000000005],587:143[0.11999999999999998],592:73[0.12999999999999998],597:92[0.16],)	506	-30.36	-376.6617786561265	-10000.0	9	9.864	21	8	(0.08285337673730599,0.07611282811086999,0.08343577905608227,0.06660486348082204,0.09493049904566868,0.08492205004759833,)
83	2629817137923035	43787	5	(504:73[0.18000000000000002],566:174[0.22000000000000006],587:140[0.10999999999999999],592:76[0.13999999999999999],597:43[0.15],)	506	-30.7	-401.99405138339915	-10000.0	9	9.916	21	8	(0.07122416958606873,0.06779709612894214,0.06841801160842276,0.08173484512725769,0.07521929539448338,)
84	2629953031120091	44302	5	(504:111[0.19000000000000003],566:73[0.21000000000000005],587:42[0.09999999999999999],592:78[0.15],597:201[0.16],)	505	-30.8	-354.8789702970298	-10000.0	9	10.352	22	8	(0.08527777514599355,0.07199060257128233,0.07269756029602628,0.07020379069342486,0.07381726263466812,)
85	2630126625313330	44820	4	(504:112[0.18000000000000002],566:188[0.22000000000000006],587:63[0.10999999999999999],592:142[0.16],)	505	-30.94	-422.8882574257425	-10000.0	9	10.216	23	8	(0.09469437084084978,0.0780793980895621,0.07378776060175102,0.08287346288876618,)
86	2630284164455849	45334	5	(504:85[0.19000000000000003],566:146[0.21000000000000005],587:35[0.11999999999999998],592:199[0.15],608:39[0.15],)	504	-30.66	-392.4989484126984	-10000.0	9	10.372	22	8	(0.06660751347026264,0.0827474663257698,0.06724144465632818,0.08850215299602726,0.08641845279591817,)
87	2630447328512527	45844	5	(504:79[0.20000000000000004],566:98[0.20000000000000004],587:91[0.12999999999999998],592:118[0.13999999999999999],608:119[0.16],)	505	-31.54	-427.7599801980199	-10000.0	9	10.002	15	8	(0.1071529210383844,0.08510078473648858,0.059729056703409916,0.08726745549361668,0.07348767397211471,)
88	2630651091709504	46353	5	(504:168[0.21000000000000005],566:62[0.21000000000000005],587:105[0.13999999999999999],592:47[0.12999999999999998],608:123[0.15],)	505	-31.08	-510.27986138613846	-10000.0	10	10.118	15	8	(0.07172365480032002,0.09345962947619316,0.08190428161319102,0.09227206295227706,0.09767211072597969,)
89	2630844382438944	46870	5	(504:57[0.20000000000000004],566:163[0.22000000000000006],587:196[0.12999999999999998],592:54[0.13999999999999999],608:35[0.13999999999999999],)	505	-30.34	-488.005702970297	-10000.0	9	10.244	16	8	(0.07613448948430958,0.09178819359820882,0.06475133556198079,0.09463454792671652,0.10498287617499617,)
90	2630989403575830	47376	5	(504:47[0.21000000000000005],566:106[0.21000000000000005],587:124[0.11999999999999998],592:166[0.15],608:62[0.15],)	505	-30.88	-367.74043564356435	-10000.0	10	10.354	17	8	(0.08489853247885887,0.07423276205986164,0.06959504550133434,0.09595593903158407,0.07661045147433042,)
91	2631120609806931	47886	5	(504:125[0.22000000000000006],566:59[0.20000000000000004],587:119[0.10999999999999999],592:108[0.13999999999999999],608:94[0.16],)	505	-30.08	-322.9498217821783	-10000.0	8	10.542	17	8	(0.0995388192673596,0.08308126056048974,0.07111746082925674,0.08725186052255654,0.0948695093418539,)
92	2631267754231168	48394	5	(504:213[0.21000000000000005],566:58[0.21000000000000005],587:48[0.09999999999999999],592:47[0.12999999999999998],608:139[0.17],)	505	-30.55	-383.48421782178224	-10000.0	8	10.316	16	8	(0.09613045296401022,0.0723752095569612,0.06737746913507338,0.0953885045059515,0.089176774737709,)
93	2631448535993214	48906	5	(504:69[0.20000000000000004],566:86[0.22000000000000006],587:103[0.10999999999999999],592:26[0.13999999999999999],608:221[0.16],)	505	-31.24	-457.86655445544557	-10000.0	13	10.302	17	8	(0.07438326820073274,0.06901591394993141,0.0613414186842224,0.08190584798308308,0.07903943933439042,)
94	2631619945363500	49412	6	(504:103[0.21000000000000005],566:202[0.23000000000000007],587:88[0.09999999999999999],592:71[0.15],608:22[0.15],622:19[0.15],)	505	-31.05	-440.18043564356435	-10000.0	12	10.572	18	8	(0.1279304161551075,0.08831893760631873,0.08232242720400386,0.11626101582357687,0.11241054112615222,0.10528118604153162,)
95	2631768564876583	49926	5	(504:105[0.20000000000000004],566:70[0.22000000000000006],592:176[0.16],608:65[0.16],622:90[0.16],)	506	-31.53	-415.69784584980226	-10000.0	9	10.508	17	8	(0.10779556827593559,0.07586232507027345,0.07576643474738995,0.07133312218436562,0.06426335276877206,)
96	2631911453953921	50444	4	(504:49[0.19000000000000003],566:101[0.23000000000000007],592:170[0.15],608:185[0.17],)	505	-30.99	-366.93437623762384	-9965.5	10	10.54	15	8	(0.10596957749035726,0.08526836557412415,0.05724668646612178,0.05945609014745153,)
97	2632087387715245	50948	4	(504:89[0.20000000000000004],566:143[0.24000000000000007],592:155[0.13999999999999999],608:117[0.16],)	504	-30.52	-429.51089285714284	-10000.0	11	10.48	16	8	(0.13267866887760393,0.07817443174987009,0.06481291244143327,0.08253724904400993,)
98	2632258651735113	51452	4	(504:113[0.21000000000000005],566:185[0.23000000000000007],592:38[0.12999999999999998],608:168[0.17],)	504	-30.55	-451.1137301587302	-10000.0	12	10.868	16	8	(0.11960788272127999,0.062250469153916806,0.07891573836883353,0.08563694141751535,)
99	2632407332689323	51956	4	(504:78[0.22000000000000006],566:192[0.22000000000000006],592:67[0.13999999999999999],608:167[0.16],)	504	-31.48	-423.84065476190494	-10000.0	9	10.408	15	8	(0.11477329925719292,0.0715639784608215,0.050061563350497974,0.08220039045890166,)
100	2632569933220823	52461	4	(504:117[0.23000000000000007],566:240[0.21000000000000005],592:60[0.15],608:87[0.15],)	504	-31.37	-398.7940079365079	-10000.0	10	10.792	16	8	(0.09057983068223764,0.07825726271916107,0.07467791552653048,0.08451584051938812,)
101	2632712851276492	52965	4	(504:91[0.24000000000000007],566:45[0.20000000000000004],592:236[0.16],608:132[0.16],)	504	-31.7	-375.17579365079365	-10000.0	10	10.938	17	8	(0.11195010333113034,0.09831675734176228,0.07741440693243923,0.10007897947974588,)
102	2632922189172479	53469	4	(504:157[0.25000000000000006],566:133[0.21000000000000005],592:156[0.15],608:58[0.15],)	504	-29.82	-500.10462301587285	-10000.0	11	11.138	16	8	(0.09581042566908993,0.06239480524683801,0.098008105309734,0.10079526143414494,)
103	2633073355727741	53973	4	(504:162[0.24000000000000005],566:174[0.20000000000000004],592:53[0.13999999999999999],608:115[0.16],)	504	-30.86	-351.42736111111105	-10000.0	11	10.916	16	8	(0.0996876967089582,0.07396005694905815,0.08222452672245055,0.0898987162724409,)
104	2633271122488969	54485	4	(504:92[0.23000000000000004],566:53[0.19000000000000003],592:220[0.15],608:139[0.17],)	504	-30.83	-459.11936507936514	-9958.73	12	10.868	16	8	(0.10246046666606379,0.1084686620003076,0.09152155975222541,0.10122801060234628,)
105	2633383851990551	54991	4	(504:205[0.24000000000000005],566:69[0.20000000000000004],592:161[0.13999999999999999],608:69[0.16],)	504	-29.81	-249.19763888888886	-10000.0	11	10.786	17	8	(0.09573658729510001,0.10426210016444477,0.09094655449714753,0.1095660010352582,)
106	2633531389997100	55498	4	(504:59[0.23000000000000004],566:160[0.21000000000000005],592:124[0.12999999999999998],608:161[0.17],)	504	-30.94	-360.90775793650795	-10000.0	9	10.544	16	8	(0.09421871255283593,0.0803100500030941,0.08903561766327762,0.10196059931349044,)
107	2633680174817720	56005	4	(504:187[0.24000000000000005],566:41[0.20000000000000004],592:96[0.13999999999999999],608:180[0.16],)	504	-30.86	-419.25025793650804	-10000.0	9	10.67	17	8	(0.1001480203434629,0.09680249223352588,0.10388766938180545,0.10267926396622952,)
108	2633821257018500	56509	4	(504:160[0.23000000000000004],566:128[0.21000000000000005],592:68[0.15],608:148[0.15],)	504	-30.76	-361.59283730158745	-10000.0	11	10.368	15	8	(0.10297663450356628,0.10865558662232787,0.11045895741677085,0.0968216561417619,)
109	2633967549391331	57027	7	(504:68[0.22000000000000003],566:217[0.20000000000000004],592:85[0.16],608:17[0.13999999999999999],630:38[0.15],632:27[0.15],633:52[0.15],)	504	-30.47	-382.5571626984127	-10000.0	13	10.626	16	8	(0.11590536635215293,0.11747531708332579,0.10429711581917099,0.10279621273858983,0.11117976064749738,0.10786696079387664,0.09232390834383018,)
110	2634120026328803	57551	6	(504:113[0.23000000000000004],566:91[0.19000000000000003],592:49[0.15],630:154[0.16],632:26[0.16],633:74[0.16],)	507	-30.93	-370.76090729783044	-10000.0	10	10.688	17	8	(0.10262213764645567,0.10285690605150284,0.10024406989951247,0.09673890318343935,0.09845642740015464,0.08246995473393398,)
111	2634313411969365	58062	5	(504:213[0.22000000000000003],592:62[0.16],630:131[0.15],632:28[0.17],633:72[0.17],)	506	-30.66	-469.8277075098816	-10000.0	10	10.296	18	8	(0.08106685043620154,0.09709913704143296,0.09191081500508048,0.11195418682097587,0.08029585310512864,)
112	2634520502043993	58575	7	(504:70[0.21000000000000002],592:84[0.17],630:88[0.13999999999999999],633:145[0.18000000000000002],635:49[0.15],638:51[0.15],639:18[0.15],)	505	-30.03	-504.4247128712872	-10000.0	10	10.662	19	8	(0.09767216109727365,0.08174234864959752,0.10838682851324441,0.07595578527018783,0.11911636139704689,0.07870514856149555,0.1109611131513834,)
113	2634741993284978	59093	7	(504:60[0.22000000000000003],592:84[0.16],630:39[0.12999999999999998],633:133[0.17],635:86[0.16],638:36[0.16],639:69[0.16],)	507	-30.46	-496.93136094674543	-10000.0	10	10.926	19	8	(0.0992081695088275,0.09021422429818712,0.09860931236020466,0.08455431143636216,0.06520404373543516,0.06338389688967638,0.08521772395544046,)
114	2634954434614642	59600	7	(504:117[0.23000000000000004],592:45[0.15],630:22[0.13999999999999999],633:155[0.16],635:47[0.15],638:97[0.17],639:24[0.17],)	507	-29.33	-522.5473570019723	-10000.0	10	10.732	19	8	(0.09641507266298179,0.11310141578162962,0.11939263717618548,0.08294761300826604,0.1266805667547768,0.07785434479782156,0.11650993902563452,)
115	2635134581905660	60107	7	(504:58[0.22000000000000003],592:90[0.16],630:78[0.15],633:77[0.15],635:44[0.16],638:100[0.16],639:60[0.18000000000000002],)	507	-31.09	-475.5379289940829	-10000.0	10	10.682	19	8	(0.07696915979939027,0.07485587399128603,0.06526901843040854,0.09649758593832143,0.0858763165782863,0.0923761895524265,0.10694832855554755,)
116	2635337969095934	60632	6	(504:52[0.23000000000000004],592:146[0.15],630:52[0.13999999999999999],633:133[0.13999999999999999],635:70[0.17],639:54[0.19000000000000003],)	507	-30.63	-424.4282051282052	-10000.0	9	10.89	18	8	(0.08712411219531938,0.08596166117555296,0.08542331163712981,0.0723617969145699,0.09698691171664135,0.04962712130959574,)
117	2635547306196749	61149	5	(504:163[0.24000000000000005],592:66[0.13999999999999999],630:24[0.15],635:98[0.18000000000000002],639:155[0.20000000000000004],)	506	-29.33	-521.1225691699605	-10000.0	10	10.9	18	8	(0.10069494950664752,0.09997725188823461,0.12210453247011849,0.09670986639761393,0.0798055810333995,)
118	2635768740490163	61659	5	(504:75[0.23000000000000004],592:191[0.15],630:20[0.16],635:77[0.19000000000000003],639:142[0.19000000000000003],)	505	-30.5	-547.9761782178219	-10000.0	9	10.972	19	8	(0.11883626674149582,0.08392436135539331,0.07921055953988834,0.10025746408892156,0.06678916960885045,)
119	2635970475861714	62174	4	(504:65[0.24000000000000005],592:161[0.13999999999999999],635:89[0.20000000000000004],639:190[0.18000000000000002],)	505	-31.02	-516.3412475247527	-10000.0	10	11.298	20	8	(0.10252056713846329,0.08528889794837723,0.1043453000688042,0.08712059265229943,)
120	2636138065368376	62687	6	(504:77[0.25000000000000006],592:91[0.12999999999999998],635:245[0.21000000000000005],639:36[0.17],645:25[0.15],648:30[0.15],)	504	-29.76	-369.6120436507937	-10000.0	10	11.196	19	8	(0.10062798206658032,0.09745780404440225,0.1042447520439567,0.08992944582819266,0.10167609013881107,0.07425516452953863,)
121	2636299976473525	63207	6	(504:104[0.26000000000000006],592:55[0.11999999999999998],635:109[0.20000000000000004],639:91[0.18000000000000002],645:46[0.16],648:101[0.16],)	506	-30.45	-431.8685770750988	-10000.0	8	10.634	18	8	(0.08402335333903527,0.09885368490761916,0.11696059622216541,0.09720714549327879,0.07807354391119163,0.08592735599252624,)
122	2636478849347931	63714	6	(504:119[0.25000000000000006],592:43[0.12999999999999998],635:48[0.19000000000000003],639:109[0.17],645:32[0.17],648:155[0.15],)	506	-30.63	-450.1770355731224	-10000.0	9	10.534	17	8	(0.10805050461942246,0.05482232662161395,0.04874180360307512,0.10825963817667263,0.1022669489578714,0.06553705659315912,)
123	2636636885225023	64243	6	(504:72[0.24000000000000005],592:227[0.13999999999999999],635:44[0.20000000000000004],639:104[0.16],645:32[0.18000000000000002],648:27[0.13999999999999999],)	506	-31.09	-391.2407905138339	-10000.0	9	10.072	17	8	(0.09292533697444721,0.08369357885158134,0.10351077877573882,0.10974118883432743,0.06843996830342593,0.105877774224879,)
124	2636791778409473	64763	7	(504:81[0.25000000000000006],592:74[0.12999999999999998],635:38[0.21000000000000005],639:26[0.15],645:94[0.19000000000000003],648:132[0.15],653:61[0.15],)	506	-31.08	-379.42547430830035	-10000.0	9	10.378	17	8	(0.08447250899132952,0.09468571626302448,0.11438260043737197,0.10855204111411793,0.06612929822051532,0.09568888362964185,0.10947119929492402,)
125	2637038267912014	65283	6	(504:87[0.24000000000000005],592:148[0.11999999999999998],635:134[0.22000000000000006],645:48[0.18000000000000002],648:53[0.13999999999999999],653:37[0.16],)	507	-29.85	-640.4354832347138	-10000.0	9	10.312	16	8	(0.10059065180470173,0.0857657148319387,0.08216141422205797,0.06890123015918254,0.0989459734800412,0.1043805391617933,)
126	2637211704285785	65789	6	(504:59[0.23000000000000004],592:21[0.10999999999999999],635:187[0.21000000000000005],645:48[0.19000000000000003],648:18[0.15],653:173[0.17],)	506	-29.87	-431.06766798418977	-10000.0	8	10.234	16	8	(0.11761197297822101,0.07923529712892854,0.07542065220027185,0.07827731455816096,0.05049094520531267,0.07235773208661886,)
127	2637405050122494	66297	6	(504:124[0.24000000000000005],592:118[0.11999999999999998],635:40[0.20000000000000004],645:30[0.20000000000000004],648:164[0.16],653:30[0.16],)	506	-29.74	-514.488932806324	-10000.0	9	10.392	17	8	(0.06421266009365463,0.06441774815294399,0.11047414925493142,0.085821012990604,0.06187189496357491,0.11723433227333714,)
128	2637598246350341	66816	5	(504:58[0.23000000000000004],592:114[0.10999999999999999],635:79[0.21000000000000005],648:49[0.15],653:206[0.17],)	506	-30.02	-521.7188537549407	-10000.0	8	10.082	17	8	(0.07013173704408542,0.07218185974834596,0.060826206145203586,0.07254333069552688,0.0751710143459062,)
129	2637815314628081	67325	7	(504:56[0.24000000000000005],592:115[0.09999999999999999],635:37[0.22000000000000006],648:40[0.16],653:178[0.16],656:58[0.15],658:21[0.15],)	505	-30.99	-593.5800198019801	-10000.0	15	10.066	17	8	(0.08408202500266902,0.05988077457170776,0.09965328478460898,0.113311350148247,0.09539977787386926,0.09415082880205752,0.09489641138093054,)
130	2637988415417588	67837	6	(504:54[0.25000000000000006],592:70[0.09],635:33[0.23000000000000007],648:139[0.17],653:55[0.15],658:156[0.16],)	507	-30.94	-365.167909270217	-9973.94	9	10.214	18	8	(0.06436441353562551,0.05822478162890971,0.08614839287554558,0.05318310517621399,0.09646168487048627,0.0890706746471515,)
131	2638174571019674	68343	6	(504:113[0.26000000000000006],592:50[0.09999999999999999],635:17[0.24000000000000007],648:167[0.16],653:136[0.16],658:23[0.15],)	506	-30.84	-461.9824308300395	-10000.0	10	10.778	19	8	(0.05886344087390097,0.06315169380578359,0.0939819775292377,0.056778959653758274,0.08593561256898109,0.07512029003920594,)
132	2638368434720914	68849	6	(504:65[0.25000000000000006],592:125[0.10999999999999999],635:110[0.25000000000000006],648:18[0.15],653:26[0.15],658:162[0.16],)	506	-30.56	-518.051185770751	-10000.0	13	10.008	19	8	(0.061587559976560693,0.059201991574065874,0.08240406990094684,0.08117908757044438,0.0923003882390896,0.09401755238465538,)
133	2638518801933983	69355	6	(504:32[0.26000000000000006],592:74[0.09999999999999999],635:186[0.24000000000000005],648:76[0.16],653:49[0.16],658:89[0.15],)	506	-31.11	-387.8355928853754	-10000.0	8	9.834	18	8	(0.0982094645715029,0.060254142230855144,0.09796904239619876,0.0647595021391015,0.12442220487111305,0.10555552800226879,)
134	2638652256193064	69877	5	(592:66[0.10999999999999999],635:261[0.23000000000000004],648:22[0.17],653:129[0.17],658:28[0.13999999999999999],)	506	-30.25	-349.7905138339921	-10000.0	8	9.808	15	8	(0.08433947546204026,0.08833713296483023,0.08661999149834856,0.0947997143699881,0.07607149129877898,)
135	2638853541406852	70389	6	(592:153[0.11999999999999998],635:95[0.22000000000000003],648:32[0.18000000000000002],653:168[0.16],658:34[0.15],662:23[0.15],)	505	-31.18	-597.6509504950494	-10000.0	15	10.046	15	8	(0.0853122257427422,0.09719907499985088,0.06753759108126973,0.0938621688713764,0.09262289761689346,0.07089949474684842,)
136	2639034967026336	70904	5	(592:68[0.10999999999999999],635:71[0.21000000000000002],648:94[0.19000000000000003],653:85[0.15],662:188[0.16],)	506	-31.57	-480.86770750988137	-10000.0	9	10.576	16	8	(0.08129559721928094,0.09286047231825315,0.06550752595859878,0.10333059200205374,0.04122920885022748,)
137	2639226179000278	71409	5	(592:103[0.11999999999999998],635:110[0.22000000000000003],648:147[0.20000000000000004],653:51[0.16],662:94[0.15],)	505	-29.93	-526.756099009901	-10000.0	9	10.084	16	8	(0.08372525897810744,0.08057394821594428,0.07352193263140389,0.07071999284986413,0.06155784208604793,)
138	2639478110174496	71914	6	(592:40[0.10999999999999999],635:187[0.21000000000000002],648:113[0.19000000000000003],653:64[0.17],662:72[0.16],663:29[0.15],)	505	-31.22	-651.6275445544552	-10000.0	12	10.14	17	8	(0.08420740995580912,0.08798115098840378,0.11660601922249625,0.09854629705831681,0.09093463132209957,0.08563298296770791,)
139	2639633736360780	72437	6	(592:91[0.11999999999999998],635:175[0.2],648:61[0.18000000000000002],653:82[0.18000000000000002],662:67[0.17],665:30[0.15],)	506	-30.67	-324.23901185770745	-9983.51	10	10.314	14	8	(0.08323168670414204,0.090981892271356,0.06704834183939369,0.11699914556184306,0.058778053721308295,0.10483616369254563,)
140	2639813314878351	72948	6	(592:142[0.10999999999999999],635:63[0.19],648:39[0.19000000000000003],653:76[0.19000000000000003],662:143[0.18000000000000002],665:43[0.16],)	506	-30.92	-430.9567588932806	-10000.0	10	10.274	15	8	(0.07583830504384573,0.07908124057632399,0.08691915426359663,0.09164981775234275,0.0674505054005662,0.09947991425522035,)
141	2640026537558367	73462	6	(592:72[0.09999999999999999],635:152[0.2],648:20[0.20000000000000004],653:57[0.20000000000000004],662:137[0.17],665:68[0.17],)	506	-28.79	-470.2469960474308	-10000.0	8	10.266	16	8	(0.07325808472277534,0.10743372184379789,0.08880864756197492,0.09579370762203461,0.08006680433724575,0.10693533720761764,)
142	2640162433718965	73995	6	(592:51[0.10999999999999999],635:108[0.19],648:27[0.21000000000000005],653:111[0.21000000000000005],662:156[0.16],665:53[0.18000000000000002],)	506	-30.67	-334.43498023715415	-9996.9	9	10.288	15	8	(0.07846489075265435,0.10841772798169456,0.09197614650394782,0.10768024148779333,0.06226543254456743,0.1001647123769342,)
143	2640286763691729	74501	7	(592:48[0.11999999999999998],635:134[0.18],648:46[0.22000000000000006],653:137[0.20000000000000004],662:91[0.15],665:29[0.19000000000000003],672:21[0.15],)	506	-31.25	-317.06654150197636	-10000.0	8	10.498	15	8	(0.09194217292936056,0.07892016065679745,0.07565292960836141,0.1045034902941091,0.08760585790079446,0.10585247751747628,0.08173855616366664,)
144	2640480884248114	75008	7	(592:23[0.12999999999999998],635:98[0.16999999999999998],648:28[0.23000000000000007],653:29[0.19000000000000003],662:72[0.13999999999999999],665:48[0.20000000000000004],672:209[0.16],)	507	-30.43	-469.3055621301776	-10000.0	10	10.424	16	8	(0.08154409367017217,0.08887030095835838,0.06918774544964978,0.08152817818461797,0.07994266972178511,0.10955811641237441,0.042222805444581686,)
145	2640692320470704	75515	7	(592:45[0.13999999999999999],635:74[0.15999999999999998],648:97[0.24000000000000007],653:66[0.20000000000000004],662:32[0.12999999999999998],665:108[0.21000000000000005],672:85[0.15],)	507	-30.4	-553.79516765286	-10000.0	11	10.586	17	8	(0.04874725747365976,0.09321483859985578,0.0706839265820336,0.0705833375248841,0.08414023311548613,0.08789393960941178,0.06813864931958664,)
146	2640807042539299	76022	7	(592:77[0.15],635:20[0.14999999999999997],648:162[0.23000000000000007],653:40[0.21000000000000005],662:97[0.13999999999999999],665:41[0.20000000000000004],672:70[0.13999999999999999],)	507	-30.83	-305.0068244575937	-10000.0	10	10.308	15	8	(0.08977407350258258,0.08035993945337251,0.07592553146274025,0.06131358964741705,0.08410456689488131,0.10128592729903053,0.060445535278809234,)
147	2641013722881889	76542	6	(592:121[0.13999999999999999],635:79[0.15999999999999998],653:81[0.22000000000000006],662:79[0.12999999999999998],665:53[0.21000000000000005],672:94[0.15],)	507	-30.77	-502.4072583826429	-10000.0	10	10.3	15	8	(0.10394692668848735,0.07398817066801598,0.09296348282797917,0.08154159192978233,0.09273978091900457,0.07213921993842011,)
148	2641190639881942	77048	6	(592:77[0.12999999999999998],635:105[0.16999999999999998],653:17[0.23000000000000007],662:151[0.13999999999999999],665:109[0.22000000000000006],672:47[0.13999999999999999],)	506	-30.52	-470.7215415019762	-10000.0	9	10.242	16	8	(0.07086450329851618,0.06773302921904713,0.07637974441266972,0.0788029730233597,0.10301510539604254,0.08792629983124457,)
149	2641295865456149	77564	7	(592:62[0.13999999999999999],635:17[0.15999999999999998],653:20[0.24000000000000007],662:118[0.12999999999999998],665:130[0.21000000000000005],672:78[0.15],673:81[0.15],)	506	-30.21	-299.9188932806324	-10000.0	12	10.072	16	8	(0.08765326031421822,0.11948273558209858,0.11995900048319248,0.0836162433064631,0.09314518148742722,0.07753428061916083,0.08942183622209114,)
