alpha = 0.15
gamma = 1.0
lambda = 0.6
epsilon = 0.3
randomSeed = 777
GREAT!
Xover: 4
---- Evolution parameters ----
Folder name:          NMSarsa_Maze/run_2686830103231363
Random seed:          777
GREAT activated:      true
Max iterations:       150
Population size:      500
GREAT initialization  true
Speciation threshold: 0.15
Species min size:     15
Tournament size:      3
Crossover rate:       0.2
Mutation rate:        0.8
Crossovers:
	AligningCrossover_v4(0.15)
Mutations:
	AddGeneMutation(maxSize=2147483647, prob=0.33)
	DeleteGeneMutation(minSize=10, prob=0.33)
	ChangeGeneMutation(prob=0.33)
------------------------------

---- Starting evolution ----
IT	Nanotime	#Eval	#Species	Species size	PopSize	Best	Avg	Worst	Best GRN Size	Avg GRN size	Max GRN size	Min GRN size	Species avgdist2rep
0	2689257030060056	997	1	(493:499[0.15],)	499	-49.74	-751.620501002004	-9917.35	11	11.042	15	10	(0.07181113199408305,)
1	2689467167653882	1498	2	(493:451[0.16],494:50[0.15],)	501	-49.02	-444.9108582834335	-10000.0	11	11.282	15	10	(0.05859891795315255,0.08365051168544432,)
2	2689612184711460	2005	3	(493:225[0.15],494:259[0.16],495:18[0.15],)	502	-47.0	-294.5165139442231	-10000.0	11	11.196	15	10	(0.07943840273444239,0.054377836502207594,0.07538184812283356,)
3	2689772443848937	2517	5	(493:268[0.13999999999999999],494:71[0.15],495:81[0.16],497:66[0.15],498:17[0.15],)	503	-46.15	-291.12041749502976	-10000.0	11	11.748	16	10	(0.06782882487477153,0.060403889011621664,0.07242637299541083,0.08321546135370544,0.08030181399174766,)
4	2689878184219084	3022	5	(493:69[0.12999999999999998],494:37[0.16],495:96[0.17],497:71[0.16],498:232[0.16],)	505	-41.34	-233.48386138613859	-10000.0	11	11.398	16	10	(0.0900868278710422,0.0780479667296045,0.08865457443130885,0.09239199670658824,0.09156610057353404,)
5	2690115821673546	3550	3	(493:309[0.13999999999999999],494:79[0.17],498:117[0.15],)	505	-45.86	-454.83683168316816	-10000.0	10	11.806	16	10	(0.07362887216058372,0.07545273145327507,0.057486923519442436,)
6	2690392190758203	4075	3	(493:129[0.12999999999999998],494:171[0.18000000000000002],498:203[0.16],)	503	-43.02	-547.8694433399604	-10000.0	11	11.598	16	10	(0.07512812836879285,0.06565507372665741,0.07730453033192454,)
7	2690640240769155	4594	3	(493:195[0.13999999999999999],494:172[0.17],498:136[0.15],)	503	-42.66	-490.734333996024	-10000.0	11	11.638	15	10	(0.07383917120592348,0.053870538228461724,0.08048180611713245,)
8	2690930432211376	5097	4	(493:17[0.12999999999999998],494:198[0.16],498:255[0.16],505:33[0.15],)	503	-40.21	-551.4995825049701	-10000.0	10	11.706	16	10	(0.09173847514382398,0.0758454533703099,0.09362210695150036,0.09508800140412388,)
9	2691108182829865	5601	5	(493:39[0.13999999999999999],494:201[0.15],498:19[0.15],505:198[0.16],506:47[0.15],)	504	-39.68	-352.6849007936507	-10000.0	11	11.802	17	10	(0.07642571597699128,0.07474083076034096,0.10431205877189006,0.09872818900078931,0.09022073681183419,)
10	2691341524568731	6106	5	(493:151[0.15],494:141[0.13999999999999999],498:102[0.16],505:85[0.15],506:26[0.16],)	505	-41.58	-450.2071485148514	-10000.0	11	11.954	18	10	(0.05379009684588182,0.06645499620372444,0.06077439067552638,0.07340456866038476,0.0581734968639993,)
11	2691646991152737	6620	4	(493:252[0.13999999999999999],494:44[0.12999999999999998],498:118[0.15],506:91[0.17],)	505	-40.41	-600.7964158415841	-9966.86	10	11.922	17	10	(0.07585893700674358,0.0663847807742968,0.07141931590124773,0.03812086242138122,)
12	2691868874287094	7129	4	(493:104[0.12999999999999998],494:84[0.13999999999999999],498:118[0.16],506:198[0.18000000000000002],)	504	-40.36	-402.1475595238094	-9958.22	11	11.998	17	10	(0.07081310371820973,0.05121222812798054,0.07844462997570747,0.0544317284265115,)
13	2692193218695512	7644	4	(493:104[0.13999999999999999],494:125[0.15],498:194[0.17],506:81[0.17],)	504	-40.01	-555.3681944444443	-9996.97	12	11.866	18	10	(0.08478143117005557,0.06970964526153649,0.04355573671181625,0.07529505267050808,)
14	2692457570323757	8148	4	(493:192[0.15],494:152[0.13999999999999999],498:68[0.16],506:92[0.18000000000000002],)	504	-39.2	-519.2273214285713	-10000.0	11	12.182	18	10	(0.07368321756800737,0.061079416513296535,0.044636071303345626,0.06736630589764296,)
15	2692722873731874	8658	4	(493:62[0.13999999999999999],494:185[0.12999999999999998],498:137[0.17],506:120[0.19000000000000003],)	504	-39.31	-508.8056746031746	-9997.0	14	11.998	19	10	(0.07406790014089325,0.06572404324277742,0.05094442652954046,0.07362067956233577,)
16	2692918341112625	9162	4	(493:168[0.15],494:55[0.11999999999999998],498:159[0.16],506:122[0.20000000000000004],)	504	-40.01	-395.19553571428565	-10000.0	11	11.736	19	10	(0.08475283130020472,0.07287757468102354,0.052000825664757666,0.07002328044987369,)
17	2693151307315764	9683	4	(493:42[0.13999999999999999],498:263[0.15],506:150[0.21000000000000005],511:49[0.15],)	504	-40.18	-452.1217658730159	-10000.0	11	11.71	19	10	(0.09538032811293838,0.07776307311217012,0.0969157770520838,0.09975318542408615,)
18	2693416951169777	10201	4	(493:182[0.15],498:58[0.13999999999999999],506:218[0.20000000000000004],512:46[0.15],)	504	-40.74	-487.6824007936509	-9978.73	11	12.112	19	10	(0.076496289145888,0.08526241779502225,0.075188484618765,0.09255526838032614,)
19	2693679913251416	10705	4	(493:34[0.13999999999999999],498:123[0.15],506:160[0.19000000000000003],512:187[0.16],)	504	-39.52	-527.5586706349205	-10000.0	14	11.888	19	10	(0.11285978630561301,0.08545064567192956,0.09385728412912007,0.08904891218830892,)
20	2693924866984179	11219	4	(493:100[0.15],498:53[0.16],506:186[0.18000000000000002],512:165[0.15],)	504	-39.78	-476.7336904761904	-10000.0	14	12.17	20	10	(0.062497861347220136,0.09097409231636908,0.10092640299294971,0.08116539385252454,)
21	2694152248992098	11728	5	(493:188[0.16],498:47[0.17],506:180[0.17],512:70[0.13999999999999999],514:19[0.15],)	504	-39.45	-415.0071230158729	-10000.0	12	12.21	21	10	(0.08318593591376461,0.08753957317293763,0.0923660451096368,0.07739038706254195,0.0805433120438409,)
22	2694388445363988	12256	7	(493:154[0.15],498:33[0.18000000000000002],506:60[0.16],512:37[0.15],514:141[0.16],518:56[0.15],519:24[0.15],)	505	-39.59	-463.5210891089109	-10000.0	11	11.826	18	10	(0.08151306464291935,0.11259052642769979,0.10563085092528693,0.08123109946479815,0.0956406662453211,0.07355232555167457,0.05739573388429937,)
23	2694641457006086	12763	7	(493:64[0.13999999999999999],498:164[0.19000000000000003],506:35[0.17],512:62[0.16],514:17[0.15],518:38[0.16],519:127[0.16],)	507	-39.96	-501.0825246548323	-10000.0	12	11.738	17	10	(0.09303799419907642,0.0862801401110159,0.0925134879176728,0.08887584759173836,0.06655411288525093,0.08560934797264375,0.055974177649132734,)
24	2694861629986929	13291	5	(493:69[0.15],498:181[0.18000000000000002],506:128[0.18000000000000002],514:74[0.16],519:55[0.15],)	507	-39.79	-414.5463116370809	-10000.0	11	12.154	17	10	(0.07108085299621551,0.08344462635569247,0.08833394936420895,0.06474899138158297,0.0558641461025955,)
25	2695083168622599	13796	5	(493:86[0.16],498:46[0.17],506:150[0.17],514:28[0.17],519:195[0.16],)	505	-39.45	-445.85322772277254	-10000.0	10	12.088	18	10	(0.09384926469061965,0.09566444463658122,0.08638505337688328,0.07873685456456882,0.07727662432983351,)
26	2695305747308025	14301	6	(493:121[0.17],498:106[0.18000000000000002],506:64[0.16],514:85[0.18000000000000002],519:59[0.15],521:70[0.15],)	505	-39.29	-427.57956435643564	-10000.0	11	11.958	17	10	(0.07856645636709117,0.08215923435035145,0.10715399440620024,0.12115210715716893,0.10688101782478665,0.079533516066572,)
27	2695525483894352	14807	6	(493:89[0.16],498:64[0.17],506:30[0.17],514:27[0.17],519:134[0.16],521:162[0.16],)	506	-39.54	-436.2809881422925	-10000.0	15	11.924	18	10	(0.07951825948500049,0.06540827686383587,0.0835333214645934,0.06374056385334857,0.06519062070077114,0.055511994164545844,)
28	2695787273084778	15320	5	(493:189[0.15],506:55[0.18000000000000002],514:26[0.18000000000000002],519:23[0.15],521:213[0.15],)	506	-40.04	-534.7532015810274	-10000.0	12	11.9	18	10	(0.10156679946245543,0.10904826915004369,0.09290015528021142,0.09171532534430746,0.07754533369078916,)
29	2696050157205010	15856	4	(493:55[0.13999999999999999],506:271[0.19000000000000003],514:55[0.19000000000000003],521:124[0.13999999999999999],)	505	-39.76	-531.5535445544555	-10000.0	12	11.71	17	10	(0.07722014650802125,0.0777707813517868,0.10658467266644829,0.07990693027454884,)
30	2696265588631721	16361	4	(493:49[0.15],506:79[0.18000000000000002],514:180[0.20000000000000004],521:196[0.15],)	504	-38.62	-445.8626984126984	-10000.0	11	11.418	17	10	(0.09494542820753711,0.07501103940677735,0.08441503536067103,0.075965116339059,)
31	2696522431809495	16880	4	(493:93[0.16],506:167[0.19000000000000003],514:100[0.19000000000000003],521:144[0.13999999999999999],)	504	-37.16	-475.2911904761903	-10000.0	12	12.008	16	10	(0.08544258375743106,0.10143754492059068,0.09508015800581379,0.07986174353742376,)
32	2696729323353920	17384	4	(493:80[0.17],506:147[0.18000000000000002],514:151[0.20000000000000004],521:126[0.12999999999999998],)	504	-39.6	-413.3282142857142	-9967.9	13	12.0	16	10	(0.09965283196251631,0.0957319797381,0.1012110297038321,0.08908469338149899,)
33	2696902072965946	17888	6	(493:135[0.18000000000000002],506:58[0.17],514:113[0.19000000000000003],521:122[0.11999999999999998],527:45[0.15],528:31[0.15],)	504	-38.31	-349.51946428571415	-10000.0	13	11.934	16	10	(0.1068441481210207,0.11491353511604777,0.10987936331753019,0.08124608217905283,0.10039494699506722,0.09306215927183625,)
34	2697193980060793	18401	6	(493:31[0.17],506:73[0.18000000000000002],514:123[0.18000000000000002],521:111[0.10999999999999999],527:69[0.16],528:99[0.16],)	506	-37.25	-610.7862055335968	-10000.0	15	11.926	17	10	(0.0913430133894151,0.09943725459248653,0.0609544308208783,0.07401240299218387,0.10266411669952925,0.06827720785861854,)
35	2697493015105092	18925	6	(493:109[0.18000000000000002],506:43[0.19000000000000003],514:113[0.17],521:76[0.09999999999999999],527:41[0.17],528:124[0.15],)	506	-36.32	-630.8666600790513	-9978.64	12	11.838	18	10	(0.07803314730362956,0.10757735372246616,0.09120689748918609,0.07716083225223967,0.09734684064975133,0.10094272067806485,)
36	2697770658858632	19431	7	(493:76[0.17],506:32[0.20000000000000004],514:50[0.16],521:178[0.10999999999999999],527:31[0.18000000000000002],528:115[0.13999999999999999],532:24[0.15],)	506	-37.21	-586.3396245059289	-10000.0	10	11.93	19	10	(0.09823740217395094,0.11353474799065154,0.09198306738806564,0.06739029588984656,0.11458666466573064,0.06851068484406764,0.08116129600472909,)
37	2698030388040181	19958	7	(493:47[0.16],514:104[0.17],521:117[0.09999999999999999],527:18[0.19000000000000003],528:20[0.12999999999999998],532:182[0.16],534:19[0.15],)	507	-38.82	-500.8959566074951	-10000.0	10	11.792	17	10	(0.07497238628084259,0.07383225157154728,0.07282678417543872,0.08988546694540138,0.0752061122955863,0.059077468672060464,0.09207729724312864,)
38	2698282449190133	20465	7	(493:94[0.17],514:66[0.16],521:34[0.09],527:21[0.20000000000000004],528:34[0.13999999999999999],532:150[0.15],534:108[0.16],)	507	-35.4	-496.36611439842204	-10000.0	16	11.892	18	10	(0.1062439613475756,0.08546555550689032,0.05286932904847455,0.07895323923575805,0.08746590965863704,0.07817765028630015,0.059924639185164524,)
39	2698458061238424	20972	7	(493:132[0.16],514:43[0.17],521:132[0.09999999999999999],527:62[0.21000000000000005],528:19[0.15],532:32[0.13999999999999999],534:87[0.15],)	507	-38.6	-370.1068047337278	-10000.0	13	11.946	17	10	(0.09375076883696797,0.09453041540660599,0.07832213146041538,0.09429143680955077,0.09723315526092985,0.08400519694557732,0.0769238393844012,)
40	2698620305787121	21479	8	(493:48[0.15],514:103[0.18000000000000002],521:75[0.09],527:93[0.22000000000000006],528:57[0.16],532:49[0.15],534:61[0.13999999999999999],535:21[0.15],)	507	-36.38	-361.9414003944774	-9960.53	12	11.542	18	10	(0.0780693473329864,0.08409652772507578,0.07114690684061957,0.05460021661700204,0.07589051074485491,0.08067258542346147,0.077447810181107,0.06784045702042459,)
41	2698847070321039	22010	9	(514:20[0.17],527:53[0.21000000000000005],532:61[0.16],534:81[0.15],535:141[0.16],536:46[0.15],537:16[0.15],538:70[0.15],539:20[0.15],)	508	-37.91	-416.05340551181104	-10000.0	11	11.992	19	10	(0.09331115310304197,0.07657451987960348,0.09199770299780971,0.08365300547989706,0.05307571652431972,0.11473241225564247,0.09287949548335123,0.09644587607915961,0.08010105753402913,)
42	2699110343104819	22528	9	(514:31[0.18000000000000002],532:87[0.15],534:81[0.13999999999999999],535:43[0.15],536:48[0.16],537:41[0.16],538:87[0.13999999999999999],539:70[0.16],540:21[0.15],)	509	-38.81	-519.971532416503	-10000.0	11	12.646	20	10	(0.07678749389995741,0.08574891993969869,0.08852509751103327,0.04748246977287819,0.07643155408975728,0.09585277126777142,0.09801060675486253,0.04494775282064802,0.06793487711357919,)
43	2699339710178544	23045	9	(514:62[0.19000000000000003],534:30[0.12999999999999998],535:38[0.16],536:45[0.17],537:135[0.17],538:23[0.12999999999999998],539:85[0.15],540:66[0.16],541:25[0.15],)	509	-37.09	-454.5753045186641	-10000.0	12	12.024	19	10	(0.07310901444070889,0.07197529965857291,0.07360528910130931,0.08562941604737499,0.07160479520640274,0.08235946060572667,0.08155053447122575,0.03614545678976246,0.08715849989883515,)
44	2699599905987515	23557	9	(514:47[0.18000000000000002],534:71[0.13999999999999999],535:54[0.17],536:30[0.18000000000000002],537:49[0.16],538:144[0.13999999999999999],539:23[0.13999999999999999],540:41[0.15],541:50[0.16],)	509	-38.53	-536.155815324165	-9970.74	12	11.714	20	10	(0.07400799879324681,0.07570822246897681,0.0775139564758402,0.08794057646155948,0.08204066736479772,0.06899863483231118,0.10450384722843346,0.036822851500464486,0.0771688980060975,)
45	2699802591072031	24068	8	(514:139[0.19000000000000003],534:42[0.12999999999999998],535:63[0.18000000000000002],536:81[0.19000000000000003],537:20[0.17],538:77[0.12999999999999998],539:20[0.15],540:67[0.16],)	509	-39.34	-414.2402161100196	-9985.4	12	11.998	19	10	(0.07861086999439733,0.08317149729064671,0.07294887670001433,0.0944370500234324,0.10485915516623112,0.08118250129485496,0.10323906632254569,0.04650705846359193,)
46	2699956649620513	24576	8	(514:49[0.18000000000000002],534:37[0.13999999999999999],535:87[0.17],536:82[0.18000000000000002],537:48[0.18000000000000002],538:30[0.11999999999999998],539:130[0.16],540:45[0.15],)	508	-38.86	-298.7387007874015	-9984.99	11	11.96	20	10	(0.09108154076071628,0.09937458385707519,0.07429755110503804,0.10768111509999807,0.09343374353132704,0.06926248494981099,0.08363792162833052,0.07535487216031028,)
47	2700176464645697	25091	8	(514:73[0.19000000000000003],534:25[0.15],535:81[0.16],536:48[0.17],537:90[0.19000000000000003],538:83[0.12999999999999998],539:29[0.15],540:79[0.16],)	508	-38.75	-454.67124015748027	-10000.0	11	11.72	18	10	(0.08285036478172352,0.09665756478306803,0.0875289920989401,0.09204425541966348,0.09090990014196186,0.07841536140218236,0.0774636992217182,0.07264824112606323,)
48	2700329218687448	25609	10	(514:72[0.18000000000000002],534:50[0.16],535:74[0.15],536:40[0.18000000000000002],537:69[0.18000000000000002],538:48[0.11999999999999998],539:34[0.16],540:50[0.15],545:26[0.15],546:45[0.15],)	508	-39.0	-240.89411417322836	-9921.94	12	11.944	19	10	(0.11405515063008506,0.09139723163424146,0.0847033277824235,0.09137743179557642,0.09316030331081741,0.0842718073799067,0.06890911766579288,0.08810835926725552,0.08233464201717863,0.09794642765219227,)
49	2700578683327238	26146	9	(514:33[0.17],534:135[0.15],535:34[0.13999999999999999],536:76[0.19000000000000003],537:79[0.17],538:42[0.12999999999999998],540:40[0.13999999999999999],545:38[0.16],548:33[0.15],)	510	-38.28	-473.407274509804	-10000.0	11	12.12	19	10	(0.10117537758702914,0.0843495967803029,0.09758125796285987,0.07452842387750264,0.09096978650774959,0.09647728071777681,0.09842386831031529,0.06485586939696086,0.08398964539604127,)
50	2700874911681161	26676	9	(514:22[0.18000000000000002],534:68[0.13999999999999999],535:32[0.15],536:66[0.18000000000000002],537:30[0.16],538:52[0.13999999999999999],540:20[0.15],548:197[0.16],550:22[0.15],)	509	-36.5	-608.1472888015717	-10000.0	12	11.876	19	10	(0.08933564568099873,0.08816080086970418,0.06494708392125599,0.09934129323492293,0.08085598874332009,0.08101238798650959,0.09851318383946803,0.08418167011832807,0.10079986590630147,)
51	2701062830255501	27186	9	(514:26[0.19000000000000003],534:29[0.12999999999999998],535:68[0.16],536:69[0.17],537:38[0.17],538:48[0.15],540:179[0.16],548:34[0.15],550:18[0.16],)	509	-36.96	-382.25455795677794	-10000.0	15	11.834	20	10	(0.09430902208037328,0.08466204125270997,0.07245687500401485,0.11120785255875382,0.07854237279221453,0.08753850091449772,0.05547628470175053,0.10539731191721799,0.06482398974809275,)
52	2701274055331587	27695	9	(514:27[0.20000000000000004],534:22[0.13999999999999999],535:154[0.15],536:72[0.16],537:42[0.18000000000000002],538:56[0.16],540:73[0.15],548:36[0.16],550:27[0.17],)	509	-39.05	-438.23355599214153	-10000.0	16	11.982	20	10	(0.10017592378208778,0.08578048794106374,0.08985912119031428,0.07488614682133857,0.10665375059772264,0.06820617921517116,0.0809713474798694,0.09518088992737138,0.09348017233086282,)
53	2701512497721838	28218	8	(514:24[0.21000000000000005],534:61[0.15],535:48[0.13999999999999999],536:129[0.15],538:107[0.15],540:20[0.13999999999999999],548:26[0.17],550:94[0.18000000000000002],)	509	-36.09	-461.65721021611	-10000.0	14	12.128	21	10	(0.05817501682091841,0.08995499897055356,0.0888581321029811,0.08819015998947405,0.08193336694616216,0.09270343585448267,0.0674655774318656,0.09104471778209142,)
54	2701752662538978	28745	6	(514:106[0.22000000000000006],534:79[0.16],535:109[0.15],538:44[0.13999999999999999],540:116[0.15],548:54[0.18000000000000002],)	508	-37.61	-437.12352362204723	-10000.0	16	12.412	22	10	(0.09475948282281897,0.07238768623924081,0.0697255496223247,0.09118987386692788,0.09062645670869206,0.0824824893754833,)
55	2701987149494693	29262	8	(514:54[0.21000000000000005],534:41[0.17],535:117[0.13999999999999999],538:140[0.15],540:43[0.13999999999999999],548:52[0.19000000000000003],556:36[0.15],557:23[0.15],)	506	-37.14	-460.627766798419	-10000.0	10	12.208	22	10	(0.07472629351564304,0.11642709402662041,0.057332724882530536,0.09239883708574549,0.10417469584616869,0.09310880972900303,0.0676456478610306,0.09367093650275146,)
56	2702203439679982	29770	8	(514:138[0.22000000000000006],534:63[0.18000000000000002],535:43[0.12999999999999998],538:91[0.13999999999999999],540:99[0.15],548:24[0.20000000000000004],556:30[0.16],557:20[0.16],)	508	-36.93	-373.59458661417324	-10000.0	10	12.594	21	10	(0.08404115086682827,0.11024534815703188,0.05067108206915938,0.10224137753227344,0.07734240676194216,0.08437111464921392,0.04609111283116523,0.0829857893207199,)
57	2702605916072578	30312	7	(514:54[0.21000000000000005],535:40[0.13999999999999999],538:29[0.12999999999999998],540:146[0.13999999999999999],548:84[0.21000000000000005],556:125[0.17],557:30[0.17],)	508	-35.82	-646.3488582677167	-10000.0	17	13.598	21	10	(0.09534279698061779,0.10312932854918666,0.0997362450605911,0.07001566708390206,0.05822950508217014,0.061411897698312456,0.0688182262514008,)
58	2702908629033814	30819	7	(514:21[0.22000000000000006],535:53[0.15],538:76[0.13999999999999999],540:92[0.12999999999999998],548:125[0.20000000000000004],556:75[0.16],557:65[0.18000000000000002],)	507	-34.9	-539.6545956607494	-10000.0	11	13.102	22	10	(0.07850435414367513,0.06743739138009326,0.11544700488880304,0.07663249596491307,0.09017743350074099,0.058892117813308005,0.07979964522873037,)
59	2703189945554142	31326	8	(514:20[0.23000000000000007],535:60[0.16],538:90[0.12999999999999998],540:34[0.11999999999999998],548:64[0.19000000000000003],556:114[0.15],557:110[0.19000000000000003],562:15[0.15],)	507	-35.78	-484.1219132149902	-10000.0	17	13.626	23	10	(0.11295915641789345,0.09622196947095527,0.08105154410960892,0.06073842579969554,0.10624077861400315,0.06433878231676006,0.0788885093787933,0.08630542547791867,)
60	2703497148441551	31841	7	(514:42[0.24000000000000007],535:80[0.17],538:43[0.11999999999999998],548:75[0.18000000000000002],556:115[0.13999999999999999],557:99[0.18000000000000002],562:54[0.16],)	508	-35.51	-550.5247047244094	-10000.0	14	13.32	23	10	(0.11265152530200424,0.07239096563275643,0.08953047486975592,0.09036518440666219,0.05549026227423691,0.08511794403445674,0.06789219130898555,)
61	2703782358635571	32360	6	(514:61[0.25000000000000006],535:110[0.16],538:94[0.12999999999999998],556:91[0.12999999999999998],557:66[0.17],562:85[0.17],)	507	-37.15	-514.6280473372782	-10000.0	17	13.11	21	10	(0.10208824642790275,0.09167387907514268,0.08579406872961713,0.09417942642638344,0.07422890927686149,0.1019247990283084,)
62	2704086554709619	32866	6	(514:180[0.26000000000000006],535:31[0.15],538:93[0.11999999999999998],556:17[0.11999999999999998],557:147[0.18000000000000002],562:38[0.16],)	506	-34.68	-578.4675494071146	-10000.0	19	12.844	19	10	(0.11176436723485811,0.10597610488632551,0.07817312169532122,0.10570365470641933,0.08461391718618323,0.09262217881636364,)
63	2704313084396444	33372	7	(514:107[0.25000000000000006],535:28[0.16],538:70[0.10999999999999999],556:101[0.12999999999999998],557:101[0.17],562:69[0.17],563:30[0.15],)	506	-35.85	-441.9176086956521	-10000.0	16	12.97	20	10	(0.1025974531333312,0.09258033450345463,0.07976982866179252,0.0539866730287049,0.12097647545960373,0.08344226774667492,0.06792225562321953,)
64	2704543268765801	33890	7	(514:98[0.24000000000000005],535:44[0.17],538:129[0.11999999999999998],556:120[0.11999999999999998],557:58[0.16],562:28[0.18000000000000002],563:30[0.16],)	507	-35.94	-402.4270808678502	-10000.0	14	13.082	18	10	(0.09199910676055763,0.10569427136837249,0.08212460439263371,0.058496981252520425,0.11793868840539853,0.10092994540058996,0.09072377511690238,)
65	2704778618488490	34402	8	(514:68[0.23000000000000004],535:75[0.18000000000000002],538:56[0.10999999999999999],556:59[0.10999999999999999],557:25[0.17],562:75[0.19000000000000003],563:65[0.17],567:84[0.15],)	507	-33.96	-427.73327416173566	-9985.52	17	13.38	19	10	(0.11983398536073953,0.11877100997316181,0.08747989659698766,0.06635199181867951,0.1322310566936224,0.10688046005679304,0.09320447354621277,0.06340723433094113,)
66	2705034159664388	34928	8	(514:47[0.22000000000000003],535:44[0.17],538:122[0.11999999999999998],556:83[0.11999999999999998],562:84[0.18000000000000002],563:36[0.16],567:68[0.13999999999999999],570:24[0.15],)	508	-35.4	-491.13043307086616	-10000.0	15	13.382	19	10	(0.11409385763747762,0.08275885072586636,0.07630566755419221,0.0727051563963068,0.11111989927745525,0.09149837557626048,0.06784728921448038,0.09865861113236464,)
67	2705296878352892	35452	7	(514:31[0.23000000000000004],535:92[0.18000000000000002],538:49[0.10999999999999999],556:64[0.10999999999999999],562:78[0.17],563:71[0.17],570:123[0.16],)	508	-36.09	-480.111594488189	-10000.0	12	12.878	18	10	(0.09686457570071842,0.09461256122258498,0.09206267005476973,0.07319469512667719,0.10243025071419494,0.10954854455040125,0.07882294445781152,)
68	2705583067178433	35964	7	(514:95[0.24000000000000005],535:66[0.17],538:88[0.11999999999999998],556:93[0.11999999999999998],562:64[0.16],563:48[0.16],570:53[0.15],)	507	-36.57	-527.1108086785011	-10000.0	10	12.794	18	10	(0.08970216986156423,0.10194561602877916,0.06131482530279772,0.0725713401314806,0.08557229868339832,0.08048328965273825,0.11127562723289028,)
69	2705830165747418	36471	7	(514:76[0.23000000000000004],535:130[0.18000000000000002],538:36[0.10999999999999999],556:92[0.10999999999999999],562:36[0.17],563:109[0.17],570:28[0.16],)	507	-34.18	-444.50021696252463	-10000.0	13	13.038	19	10	(0.08817631736218011,0.10384278884963677,0.0533841305080629,0.0773916737161849,0.07704697007647593,0.09666800512322851,0.08878627050024944,)
70	2706082692667241	36979	7	(514:82[0.22000000000000003],535:16[0.17],538:108[0.11999999999999998],556:56[0.09999999999999999],562:46[0.18000000000000002],563:122[0.16],570:77[0.17],)	507	-36.28	-478.5902564102564	-10000.0	15	12.978	20	10	(0.09942292481496258,0.11178250071330778,0.06794537630202059,0.06051086335267184,0.11186244519009488,0.08944112502998539,0.08622137542488367,)
71	2706297380539163	37486	7	(514:47[0.21000000000000002],535:45[0.18000000000000002],538:133[0.10999999999999999],556:130[0.10999999999999999],562:35[0.19000000000000003],563:35[0.15],570:82[0.16],)	507	-36.2	-378.7705325443787	-10000.0	12	13.326	19	10	(0.12216801783644647,0.1155445919028877,0.07583500602387473,0.07912755388856146,0.12498268170807254,0.11628293997521337,0.11236140710715091,)
72	2706614018198031	38004	10	(514:30[0.22000000000000003],535:128[0.19000000000000003],538:33[0.09999999999999999],556:32[0.09999999999999999],562:41[0.20000000000000004],563:71[0.16],570:46[0.15],576:54[0.15],577:17[0.15],579:55[0.15],)	507	-34.28	-603.9292307692308	-10000.0	16	13.07	20	10	(0.11661451158727518,0.13084393445979353,0.07230261654123075,0.07405043877363533,0.07438963453503046,0.11283819761697675,0.08594630580889043,0.06835515170131894,0.09733648319129504,0.08464832027253012,)
73	2706841112781175	38530	10	(535:35[0.18000000000000002],538:51[0.10999999999999999],556:58[0.10999999999999999],562:39[0.21000000000000005],563:26[0.15],570:40[0.16],576:39[0.13999999999999999],577:45[0.16],579:160[0.13999999999999999],581:17[0.15],)	510	-34.8	-443.2919019607843	-10000.0	13	13.17	21	10	(0.04546497675270062,0.04744798186026268,0.07752759561090056,0.07956685486528964,0.09244464144017635,0.08881215903088405,0.08665451834137312,0.11849226250350184,0.061771342888412226,0.035930105030486936,)
74	2707012140377336	39043	11	(535:41[0.19000000000000003],538:34[0.09999999999999999],556:21[0.09999999999999999],562:23[0.22000000000000006],563:21[0.16],570:18[0.17],576:166[0.15],577:39[0.17],579:45[0.12999999999999998],581:87[0.16],582:15[0.15],)	510	-35.66	-322.012137254902	-10000.0	16	13.54	21	10	(0.06000101367693557,0.04901446804050568,0.07811536825436914,0.08047384737761036,0.07395157857807241,0.0562103709172824,0.0775292779605177,0.08091624017586077,0.08094545594216752,0.04902326193728272,0.06568639304686784,)
75	2707214202044970	39561	11	(535:80[0.20000000000000004],538:86[0.10999999999999999],556:28[0.10999999999999999],563:47[0.17],570:20[0.18000000000000002],576:31[0.13999999999999999],577:44[0.18000000000000002],579:16[0.11999999999999998],581:77[0.15],582:36[0.16],585:46[0.15],)	511	-35.45	-382.1063992172211	-10000.0	14	13.4	20	10	(0.04540835599028606,0.059695336347643575,0.09541160950787,0.10886161546884918,0.10002903977969554,0.100840283155085,0.08078919920858654,0.07558739156945365,0.09383270214431995,0.11205251435552463,0.06888622572722308,)
76	2707431674998147	40096	10	(535:60[0.19000000000000003],538:37[0.09999999999999999],556:43[0.11999999999999998],563:54[0.16],570:48[0.19000000000000003],576:29[0.15],577:19[0.19000000000000003],579:79[0.12999999999999998],581:43[0.13999999999999999],585:99[0.13999999999999999],)	511	-33.25	-400.35011741682973	-10000.0	14	13.13	21	10	(0.0666876433490833,0.053014088320276764,0.06478718634921231,0.09359177482150438,0.04010719300012388,0.0737885021165057,0.11691227444519176,0.08677226521526363,0.06383232612473982,0.07892190441346804,)
77	2707716830191964	40645	9	(535:33[0.18000000000000002],556:93[0.12999999999999998],563:36[0.15],570:25[0.20000000000000004],577:46[0.20000000000000004],579:43[0.11999999999999998],581:123[0.15],585:86[0.12999999999999998],590:25[0.15],)	510	-36.71	-531.5409411764705	-10000.0	10	12.994	21	10	(0.07187990469259176,0.08058287653945712,0.10155333777806422,0.10057606175202859,0.06203730796686171,0.08543398715252691,0.07226236963962919,0.07389503477545761,0.06295169463406426,)
78	2707971112988349	41163	7	(535:100[0.19000000000000003],556:19[0.11999999999999998],563:77[0.16],577:103[0.21000000000000005],579:39[0.12999999999999998],581:95[0.13999999999999999],585:76[0.11999999999999998],)	509	-35.42	-497.00243614931225	-10000.0	16	12.98	22	10	(0.049484404451163914,0.06093687496493611,0.11802219337922433,0.07404564150890593,0.059573257041918945,0.07932166726661433,0.08741741281538191,)
79	2708192054794972	41683	7	(535:70[0.18000000000000002],556:26[0.12999999999999998],563:86[0.15],577:91[0.20000000000000004],579:119[0.13999999999999999],581:51[0.12999999999999998],585:64[0.10999999999999999],)	507	-36.87	-429.5806114398422	-10000.0	14	12.984	21	10	(0.038248570742931295,0.08072890111447278,0.07496560476692601,0.09965523472035216,0.05588165477698886,0.07900226764933792,0.0790619485831331,)
80	2708443492142344	42200	7	(556:53[0.13999999999999999],563:138[0.13999999999999999],577:135[0.19000000000000003],579:67[0.12999999999999998],581:18[0.13999999999999999],585:29[0.11999999999999998],593:67[0.15],)	507	-35.87	-533.9776331360945	-10000.0	14	12.508	19	10	(0.09186393658795694,0.07948105124240899,0.08859669525746412,0.07811952758748947,0.06592193626208438,0.0864711926569718,0.10123160981629271,)
81	2708666460895067	42714	7	(556:135[0.15],577:55[0.18000000000000002],579:36[0.13999999999999999],581:45[0.15],585:146[0.12999999999999998],593:35[0.16],594:55[0.15],)	507	-36.12	-497.01999999999987	-9977.29	18	12.4	20	10	(0.09257468163345227,0.08440414536877845,0.08933122063877597,0.0778434578779086,0.08678165729736127,0.0822243690728627,0.10395836293378251,)
82	2708999398486638	43235	7	(556:72[0.13999999999999999],577:60[0.19000000000000003],579:136[0.15],581:63[0.16],585:25[0.11999999999999998],593:38[0.17],594:113[0.16],)	507	-37.01	-666.0263313609469	-10000.0	14	12.94	21	10	(0.10172307003751854,0.10006987310990574,0.08188395763429067,0.08275488054969071,0.09282938643552713,0.09992474996648418,0.08917820376901825,)
83	2709236162120635	43753	7	(556:20[0.12999999999999998],577:110[0.20000000000000004],579:50[0.13999999999999999],581:58[0.17],585:139[0.12999999999999998],593:50[0.18000000000000002],594:80[0.15],)	507	-37.79	-485.4999408284025	-10000.0	14	12.558	20	10	(0.09988087004343638,0.09522576301289269,0.10490130016560437,0.09188348527545652,0.08925329325056613,0.08956027439757434,0.09018402938910412,)
84	2709477833751622	44271	6	(556:83[0.13999999999999999],577:148[0.19000000000000003],579:27[0.15],581:109[0.18000000000000002],593:81[0.19000000000000003],594:59[0.13999999999999999],)	507	-34.92	-460.95737672583823	-9981.01	13	12.724	21	10	(0.09322049327545948,0.08241277899684081,0.07248883379640819,0.09453697984372185,0.09762016067327162,0.09946930303727615,)
85	2709688381425231	44777	7	(556:75[0.12999999999999998],577:33[0.18000000000000002],579:128[0.16],581:110[0.17],593:37[0.20000000000000004],594:87[0.15],599:36[0.15],)	506	-35.5	-432.87108695652176	-10000.0	21	13.444	21	10	(0.09583520372809161,0.12563707913787103,0.10210946758276301,0.09548070398450027,0.0778767886909322,0.08480851470627174,0.09692791502645055,)
86	2709956904041074	45305	6	(556:24[0.11999999999999998],577:57[0.19000000000000003],579:64[0.15],581:195[0.16],593:97[0.21000000000000005],599:70[0.16],)	507	-36.37	-425.2503747534517	-10000.0	12	13.978	22	10	(0.07634313233288083,0.09483287648008681,0.08842310090294729,0.09730210620324745,0.06734671935045879,0.09092362623932426,)
87	2710217317553820	45811	6	(556:76[0.12999999999999998],577:108[0.20000000000000004],579:48[0.16],581:65[0.15],593:129[0.20000000000000004],599:80[0.17],)	506	-33.83	-487.89466403162044	-10000.0	20	13.5	22	10	(0.09183114425501307,0.09496196308354088,0.11823299370198719,0.10701758210606921,0.09744858313255848,0.09165193488348151,)
88	2710562292603615	46317	6	(556:37[0.13999999999999999],577:61[0.19000000000000003],579:66[0.17],581:141[0.16],593:87[0.19000000000000003],599:114[0.18000000000000002],)	506	-34.04	-607.3600197628458	-10000.0	21	13.632	23	10	(0.07303514967397884,0.11015441140054456,0.07067074349637645,0.08530227590456935,0.0991988428226813,0.10411934285840173,)
89	2710755420639138	46839	5	(556:155[0.15],579:149[0.18000000000000002],581:32[0.15],593:115[0.18000000000000002],599:55[0.17],)	506	-35.35	-357.45719367588936	-10000.0	15	14.398	22	10	(0.08562660813668246,0.08395586324914601,0.08651737642089816,0.10246324165372574,0.08386875215632449,)
90	2710957107955253	47368	6	(556:108[0.13999999999999999],579:92[0.17],581:165[0.16],593:56[0.17],599:45[0.18000000000000002],607:39[0.15],)	505	-33.03	-376.4687920792078	-10000.0	21	13.146	22	10	(0.09330928371106736,0.10178180007068564,0.0959424490214828,0.08165725053863795,0.10850252622230618,0.09371207316297736,)
91	2711223768441668	47894	7	(556:67[0.12999999999999998],579:67[0.16],581:190[0.15],593:66[0.18000000000000002],607:41[0.16],608:42[0.15],610:33[0.15],)	506	-36.33	-520.8311067193674	-10000.0	13	13.526	23	10	(0.09998761745519592,0.09625952086589301,0.09197314226427612,0.09662360299040827,0.09538849449379933,0.1006117414518951,0.08055984578897946,)
92	2711508999296466	48410	7	(556:71[0.13999999999999999],579:65[0.17],581:53[0.13999999999999999],593:68[0.19000000000000003],607:29[0.17],608:43[0.16],610:178[0.16],)	507	-35.64	-454.03023668639054	-10000.0	21	13.972	23	10	(0.06166477602011201,0.08579222366635941,0.09986638667431304,0.093649331990345,0.07326171006488987,0.10276572004705024,0.07195668023569066,)
93	2711741359243306	48924	8	(556:80[0.12999999999999998],579:117[0.18000000000000002],581:68[0.15],593:36[0.20000000000000004],607:47[0.18000000000000002],608:65[0.17],610:69[0.15],613:25[0.15],)	507	-33.95	-475.299842209073	-10000.0	19	13.952	23	10	(0.07810809903920922,0.0925161645169261,0.09243655697224762,0.10975184616314863,0.0957871074063897,0.08271843276762991,0.09693473528064148,0.08888372376777674,)
94	2711996140995878	49432	9	(556:51[0.11999999999999998],579:80[0.17],581:29[0.13999999999999999],593:29[0.21000000000000005],607:27[0.19000000000000003],608:56[0.16],610:55[0.13999999999999999],613:159[0.16],615:22[0.15],)	508	-35.24	-476.0683070866142	-10000.0	11	13.142	22	10	(0.07091925423647659,0.0909930143687544,0.10602207446611465,0.0850677660002457,0.07874120416922471,0.09679793214417957,0.09847651832841701,0.08746606428350145,0.09605789689011589,)
95	2712240674255343	49941	9	(556:80[0.12999999999999998],579:39[0.16],581:31[0.15],593:53[0.22000000000000006],607:97[0.20000000000000004],608:85[0.15],610:25[0.12999999999999998],613:73[0.15],615:26[0.16],)	509	-34.1	-428.68504911591356	-10000.0	18	13.982	23	10	(0.05782124874257648,0.09412036934594581,0.06876026317973863,0.08653857312199052,0.08951217106259526,0.09800799787598159,0.07993351027134339,0.08674369613306655,0.09404775608178041,)
96	2712466049755802	50450	9	(556:91[0.11999999999999998],579:16[0.17],581:22[0.16],593:136[0.23000000000000007],607:114[0.19000000000000003],608:38[0.13999999999999999],610:45[0.13999999999999999],613:24[0.13999999999999999],615:23[0.17],)	509	-33.11	-380.4360707269155	-10000.0	12	14.526	22	10	(0.09184163577617037,0.10660949960793298,0.11109064134445835,0.09491838012498569,0.08184050679314261,0.07608090485136217,0.06709689739049571,0.08982588908698841,0.07137515911728853,)
97	2712746068403619	50968	9	(556:70[0.10999999999999999],579:20[0.18000000000000002],581:53[0.17],593:87[0.22000000000000006],607:24[0.18000000000000002],608:30[0.15],610:92[0.15],613:31[0.15],615:102[0.18000000000000002],)	509	-31.53	-572.1223182711199	-10000.0	22	13.844	23	10	(0.05054179749075515,0.11889369761081711,0.11169689526511722,0.09724963995734372,0.09079100250408456,0.09390347210205587,0.08473836123820554,0.07430991690383869,0.09844600195914337,)
98	2712952329109565	51477	9	(556:30[0.09999999999999999],579:100[0.19000000000000003],581:54[0.18000000000000002],593:51[0.21000000000000005],607:41[0.19000000000000003],608:124[0.16],610:23[0.13999999999999999],613:23[0.16],615:63[0.17],)	509	-32.16	-429.52074656188597	-10000.0	13	13.46	23	10	(0.08507420005782487,0.09298548716845872,0.08556407438805513,0.06419728042059906,0.0785663127491324,0.08809488396170259,0.09041442622204852,0.08559753426628772,0.09360321707655758,)
99	2713204472758531	51986	9	(556:33[0.10999999999999999],579:63[0.18000000000000002],581:86[0.19000000000000003],593:83[0.22000000000000006],607:60[0.20000000000000004],608:46[0.15],610:29[0.15],613:35[0.17],615:74[0.16],)	509	-33.93	-537.087858546169	-10000.0	11	13.53	24	10	(0.08353244917846311,0.06871622696689662,0.08632752781252738,0.051383587417935535,0.057797624011323684,0.07037712194824625,0.08263176219868813,0.0944112115367052,0.09306615510181201,)
100	2713433430647069	52503	8	(556:89[0.11999999999999998],579:109[0.17],581:77[0.18000000000000002],593:91[0.21000000000000005],607:41[0.19000000000000003],608:41[0.16],610:24[0.16],615:37[0.15],)	509	-33.65	-453.8173084479372	-10000.0	13	13.566	24	10	(0.0808243651364982,0.06739921648360896,0.07772682609489083,0.05410679890770788,0.09040883622173143,0.0755245958552587,0.09622532494459436,0.08932196549350066,)
101	2713584041492953	53017	7	(556:45[0.10999999999999999],579:100[0.16],581:67[0.17],593:100[0.20000000000000004],607:41[0.20000000000000004],608:53[0.17],610:102[0.17],)	508	-32.73	-285.65482283464564	-10000.0	15	13.238	23	10	(0.06884189156555812,0.09678963352152702,0.09125928895526585,0.09074125480266586,0.10131376844162744,0.1056213747543193,0.10086835178077458,)
102	2713767655793850	53524	7	(556:24[0.11999999999999998],579:40[0.15],581:94[0.18000000000000002],593:88[0.19000000000000003],607:119[0.21000000000000005],608:80[0.18000000000000002],610:62[0.16],)	507	-33.32	-346.0675147928995	-10000.0	12	13.308	24	10	(0.08467572501962291,0.08199913177414997,0.08379900226112943,0.08790366933695695,0.07991156369623705,0.08184058546249715,0.09414438450608294,)
103	2714018270876757	54042	7	(556:57[0.12999999999999998],579:34[0.16],581:87[0.17],593:49[0.18000000000000002],607:108[0.20000000000000004],608:75[0.17],610:97[0.17],)	507	-32.2	-467.06355029585797	-10000.0	10	13.666	23	10	(0.10081786228541165,0.07076311388334491,0.07178771579637167,0.09923036619261714,0.07930347285993797,0.10458133866673248,0.07752815444163524,)
104	2714261405506091	54560	6	(556:95[0.13999999999999999],579:47[0.17],581:146[0.16],607:91[0.19000000000000003],608:47[0.16],610:81[0.16],)	507	-33.13	-424.41694280078895	-10000.0	14	14.056	23	10	(0.07147792023787343,0.09222142774307547,0.0871181593349348,0.1095839515272586,0.08635115036320413,0.09698467949826796,)
105	2714537642644650	55066	6	(556:52[0.12999999999999998],579:38[0.18000000000000002],581:136[0.15],607:70[0.18000000000000002],608:103[0.17],610:107[0.17],)	506	-33.77	-505.10017786561264	-10000.0	15	14.01	23	10	(0.07456395600472222,0.06858488014420855,0.06715353916959575,0.08843691513015214,0.08524251178213446,0.08742955957904024,)
106	2714834472889035	55583	7	(556:76[0.13999999999999999],579:29[0.19000000000000003],581:195[0.13999999999999999],607:91[0.19000000000000003],608:43[0.16],619:51[0.15],620:21[0.15],)	506	-32.57	-544.9116403162055	-10000.0	12	14.356	24	10	(0.10701842214702027,0.09475091076588299,0.07075554423873609,0.0858422992147452,0.10450891845831055,0.08683094071695009,0.08601480618362332,)
107	2715048683379405	56090	7	(556:28[0.12999999999999998],579:152[0.20000000000000004],581:45[0.12999999999999998],607:73[0.18000000000000002],608:25[0.17],619:76[0.16],620:108[0.16],)	507	-33.36	-502.2085798816568	-10000.0	14	12.814	22	10	(0.07106223490847866,0.0772040614113543,0.10174901631043207,0.1025691136769491,0.07685878977178885,0.0985463589864289,0.07480697990871618,)
108	2715282841970681	56616	6	(579:31[0.19000000000000003],581:72[0.13999999999999999],607:74[0.17],608:188[0.18000000000000002],619:24[0.15],620:118[0.15],)	507	-33.86	-487.21988165680494	-10000.0	19	13.034	22	10	(0.10129113249128682,0.08438156147809145,0.11095891484704702,0.08971931658680656,0.08889604990623938,0.07710036981766433,)
109	2715591677383254	57123	6	(579:64[0.20000000000000004],581:63[0.15],607:189[0.18000000000000002],608:92[0.17],619:81[0.16],620:17[0.13999999999999999],)	506	-33.65	-600.341699604743	-10000.0	15	13.556	22	10	(0.09502636089926278,0.10295293173596166,0.0870696182421369,0.08627466274763992,0.09043709176312614,0.07662011732805418,)
110	2715773655671976	57629	6	(579:95[0.21000000000000005],581:39[0.16],607:121[0.17],608:65[0.16],619:52[0.17],620:134[0.15],)	506	-33.52	-389.41885375494064	-10000.0	15	13.2	22	10	(0.10658083939700237,0.09253173587926138,0.10137600414270603,0.08239494717516352,0.09336090935597509,0.09234913052385017,)
111	2716019007107798	58136	6	(579:91[0.20000000000000004],581:64[0.17],607:54[0.16],608:204[0.17],619:68[0.18000000000000002],620:25[0.13999999999999999],)	506	-32.74	-511.1218577075097	-10000.0	13	13.026	21	10	(0.09635477620305942,0.07716791063120271,0.09778322605493159,0.08530028744694385,0.10250700992955103,0.11153102013279853,)
112	2716239006685205	58642	6	(579:100[0.19000000000000003],581:58[0.18000000000000002],607:83[0.17],608:100[0.16],619:37[0.19000000000000003],620:128[0.15],)	506	-33.65	-441.0223517786563	-10000.0	13	13.476	22	10	(0.1134521737020826,0.09657429803782824,0.09086767409744553,0.0883022269970724,0.10307073475208996,0.09092136025308592,)
113	2716475179817419	59148	6	(579:45[0.18000000000000002],581:140[0.19000000000000003],607:217[0.16],608:46[0.15],619:16[0.20000000000000004],620:42[0.13999999999999999],)	506	-31.1	-477.6629644268776	-10000.0	13	13.53	22	10	(0.09245799579046338,0.09474470957464393,0.08524134089892459,0.08388761577053798,0.12426640525857686,0.08301949555020598,)
114	2716704474302585	59676	5	(579:23[0.19000000000000003],581:140[0.18000000000000002],607:112[0.15],608:145[0.16],620:86[0.15],)	506	-33.72	-465.9145652173912	-10000.0	16	13.132	22	10	(0.11553253581209738,0.09997203878784831,0.06870716125344926,0.08757500586212362,0.10417352671193846,)
115	2717004106855833	60184	6	(579:101[0.20000000000000004],581:87[0.17],607:119[0.13999999999999999],608:99[0.15],620:67[0.16],625:32[0.15],)	505	-32.15	-602.1920198019802	-10000.0	14	12.67	22	10	(0.06768209836232297,0.06395618848793992,0.06877593668673554,0.09579647588346908,0.09550001036600168,0.08930178227559939,)
116	2717245957558667	60703	7	(579:73[0.19000000000000003],581:73[0.16],607:83[0.12999999999999998],608:71[0.13999999999999999],620:83[0.17],625:44[0.16],627:79[0.15],)	506	-34.03	-457.93403162055336	-9993.87	11	13.756	22	10	(0.0675618998827857,0.09596822193203489,0.07657537257011066,0.08145663251077302,0.08587605683590398,0.06069683740562528,0.11171379291596617,)
117	2717491089348337	61233	7	(579:39[0.18000000000000002],581:25[0.15],607:37[0.11999999999999998],608:169[0.12999999999999998],620:41[0.16],625:104[0.17],627:92[0.13999999999999999],)	507	-33.75	-467.1517948717949	-10000.0	15	13.258	22	10	(0.06348718189895376,0.07547756030960985,0.08735925976289986,0.0761034750395485,0.05025802393836931,0.07470277658438483,0.05572299491980075,)
118	2717789919816296	61747	7	(579:206[0.19000000000000003],581:23[0.16],607:37[0.12999999999999998],608:46[0.11999999999999998],620:44[0.17],625:29[0.16],627:122[0.12999999999999998],)	507	-32.04	-606.7275147928996	-10000.0	16	13.854	21	10	(0.0655295325765031,0.10593727387929149,0.07969189560480198,0.07872402566745294,0.04618753126504533,0.08929030031197001,0.058437888726000954,)
119	2718035184824396	62254	7	(579:79[0.18000000000000002],581:50[0.17],607:116[0.13999999999999999],608:64[0.12999999999999998],620:32[0.18000000000000002],625:79[0.17],627:87[0.11999999999999998],)	507	-32.71	-530.8301380670612	-10000.0	14	13.254	21	10	(0.0753584443593497,0.07944200359502018,0.08103743806552768,0.08646444978274147,0.06306731944365196,0.07991602096045515,0.057433283803041975,)
120	2718258023736488	62777	7	(579:136[0.17],581:77[0.18000000000000002],608:55[0.13999999999999999],620:52[0.19000000000000003],625:124[0.16],627:46[0.10999999999999999],636:17[0.15],)	507	-33.04	-403.99570019723865	-10000.0	14	13.2	21	10	(0.0770992023364818,0.09954858556221464,0.06316374342759853,0.05674099429607196,0.07723676339827222,0.07952374313892038,0.08716102491380824,)
121	2718479364809009	63284	7	(579:33[0.16],581:43[0.17],608:83[0.15],620:73[0.20000000000000004],625:59[0.15],627:79[0.11999999999999998],636:137[0.16],)	507	-31.7	-480.762268244576	-10000.0	14	13.23	21	10	(0.08623667882793921,0.07863073345076312,0.07472362095404231,0.0756961801418788,0.06905093743456325,0.0764985551692356,0.04829776162500803,)
122	2718768876250067	63808	7	(579:82[0.17],581:130[0.18000000000000002],608:96[0.13999999999999999],620:76[0.19000000000000003],627:45[0.10999999999999999],636:55[0.15],639:23[0.15],)	507	-32.58	-614.2991124260355	-10000.0	14	13.474	22	10	(0.07475689093991907,0.08641321293551153,0.08382469177241453,0.09148987744738096,0.0882874798963404,0.06855144533881183,0.0888752186408068,)
123	2718924061849743	64315	7	(579:90[0.16],581:80[0.17],608:142[0.12999999999999998],620:40[0.18000000000000002],627:16[0.11999999999999998],636:39[0.16],639:100[0.16],)	507	-33.51	-334.0086785009862	-9984.49	16	13.574	23	10	(0.0781881494894522,0.10697731879909386,0.07630091034574292,0.0859747731804454,0.055773725765143764,0.08728546141814648,0.09039267130280143,)
124	2719248323743495	64828	8	(579:27[0.15],581:75[0.16],608:71[0.11999999999999998],620:107[0.19000000000000003],627:148[0.12999999999999998],636:36[0.17],641:24[0.15],642:19[0.15],)	507	-32.89	-605.8989940828403	-10000.0	16	14.264	22	10	(0.07224540900299078,0.09484759252249594,0.08447212137061165,0.057839207423492016,0.08085952489615249,0.07642562978124515,0.10169107511995114,0.08461440675566421,)
125	2719423187637929	65344	7	(579:145[0.16],581:27[0.15],608:98[0.10999999999999999],620:68[0.18000000000000002],627:56[0.11999999999999998],636:48[0.18000000000000002],641:66[0.16],)	508	-33.19	-357.85874015748027	-10000.0	18	13.664	20	10	(0.07785761414604685,0.0784987121072574,0.08114506536971952,0.061029348761707916,0.05183763476490647,0.06452932689244636,0.07099918805962817,)
126	2719654381286914	65862	5	(579:30[0.15],581:258[0.16],620:114[0.19000000000000003],627:28[0.12999999999999998],636:77[0.19000000000000003],)	507	-32.56	-417.74258382642995	-10000.0	14	13.272	21	10	(0.07920265306034084,0.07781771343340148,0.07033862577209693,0.10451000218002572,0.07248738819759493,)
127	2719893296690627	66378	5	(579:154[0.16],581:75[0.15],620:50[0.18000000000000002],627:104[0.13999999999999999],636:122[0.20000000000000004],)	505	-33.28	-473.534693069307	-10000.0	13	13.628	20	10	(0.07041613692677567,0.10015619774795488,0.08885117839185903,0.08180763485113038,0.08343518038157186,)
128	2720146164428742	66883	6	(579:113[0.15],581:52[0.16],620:162[0.19000000000000003],627:94[0.12999999999999998],636:61[0.19000000000000003],646:23[0.15],)	505	-33.11	-481.89247524752477	-9973.36	11	13.968	21	10	(0.09703445463942516,0.08601251917993892,0.05555175582333875,0.08024455373064444,0.09974191497035867,0.11359128850197228,)
129	2720428380263708	67403	6	(579:117[0.13999999999999999],581:64[0.17],620:74[0.18000000000000002],627:55[0.11999999999999998],636:24[0.20000000000000004],646:172[0.16],)	506	-33.03	-584.1913833992094	-10000.0	14	13.364	21	10	(0.08192331776446696,0.105043733263038,0.06344900390593904,0.09674108938796976,0.07828592750134158,0.06590975037672063,)
130	2720601473350794	67933	6	(579:118[0.12999999999999998],581:42[0.18000000000000002],620:51[0.19000000000000003],627:45[0.12999999999999998],636:151[0.21000000000000005],646:99[0.15],)	506	-33.34	-292.1759486166007	-10000.0	14	14.156	22	10	(0.09194453944121263,0.05859402187921757,0.087834683006351,0.0762145935216041,0.0736215786125501,0.0656636227451633,)
131	2720865213347947	68439	6	(579:40[0.11999999999999998],581:183[0.19000000000000003],620:72[0.20000000000000004],627:38[0.13999999999999999],636:64[0.20000000000000004],646:109[0.13999999999999999],)	506	-32.34	-497.7348418972332	-9990.78	15	14.154	21	10	(0.06887569956136055,0.07116603096550816,0.08674299636258731,0.10016641172505622,0.10410671735935405,0.09813477788601997,)
132	2721140771870239	68951	6	(579:191[0.12999999999999998],581:104[0.18000000000000002],620:62[0.21000000000000005],627:39[0.15],636:68[0.21000000000000005],646:42[0.12999999999999998],)	506	-31.3	-476.9410276679843	-10000.0	15	15.338	22	10	(0.07242622213796418,0.08997544683213775,0.061410386061064866,0.09755238089214238,0.07809012956723448,0.0709250706722076,)
133	2721362871937853	69457	6	(579:72[0.11999999999999998],581:27[0.17],620:60[0.22000000000000006],627:165[0.16],636:63[0.22000000000000006],646:119[0.13999999999999999],)	506	-34.0	-393.1715612648222	-10000.0	11	14.134	22	10	(0.08421944050166426,0.07402297344388262,0.1048323400749748,0.0987490509476776,0.10081103760907162,0.1025958701284905,)
134	2721603037720074	69963	6	(579:90[0.12999999999999998],581:20[0.18000000000000002],620:139[0.23000000000000007],627:99[0.15],636:142[0.23000000000000007],646:16[0.12999999999999998],)	506	-32.65	-448.0385770750987	-10000.0	15	14.64	23	10	(0.07011390157445083,0.08661579326000857,0.06059066435882243,0.07898236982015121,0.06933255832674748,0.09727096562564728,)
135	2721783521583502	70469	6	(579:21[0.11999999999999998],581:49[0.19000000000000003],620:81[0.22000000000000006],627:89[0.13999999999999999],636:75[0.22000000000000006],646:191[0.13999999999999999],)	506	-32.48	-390.5868577075098	-10000.0	17	13.806	21	10	(0.07921783965249775,0.09263137918282091,0.06838624125327393,0.06045297874729681,0.07454668676832064,0.06778461859028882,)
136	2722051499669747	70975	6	(579:25[0.12999999999999998],581:31[0.20000000000000004],620:48[0.23000000000000007],627:139[0.12999999999999998],636:209[0.23000000000000007],646:54[0.12999999999999998],)	506	-32.12	-518.8655138339922	-10000.0	16	13.826	21	10	(0.07399839717181292,0.07875181854070623,0.06424676123488603,0.055627292002292404,0.08430336962097,0.07973621029447725,)
137	2722290699983219	71481	6	(579:157[0.13999999999999999],581:95[0.21000000000000005],620:75[0.24000000000000007],627:58[0.11999999999999998],636:41[0.22000000000000006],646:80[0.13999999999999999],)	506	-33.38	-413.5280434782609	-10000.0	14	15.02	22	10	(0.06604526049906553,0.11074373181568838,0.08601200249949274,0.06627780383522268,0.08883531793132844,0.11272573818636211,)
138	2722519628392838	71987	6	(579:91[0.12999999999999998],581:88[0.20000000000000004],620:25[0.25000000000000006],627:151[0.12999999999999998],636:119[0.23000000000000007],646:32[0.15],)	506	-33.39	-397.3297628458499	-9964.91	13	14.584	22	10	(0.07879939257451911,0.07435153163453917,0.06730246158396884,0.08360664161815516,0.06617479890612572,0.07774912330996227,)
139	2722820399022540	72506	5	(579:56[0.11999999999999998],581:105[0.19000000000000003],620:223[0.26000000000000006],627:60[0.11999999999999998],646:62[0.16],)	506	-32.67	-536.1988339920948	-10000.0	16	15.148	22	10	(0.07913586161653477,0.09074849085604318,0.05610496608370739,0.07880974970287344,0.08662023874781748,)
140	2723018622940296	73011	5	(579:31[0.12999999999999998],581:31[0.18000000000000002],620:135[0.25000000000000006],627:141[0.12999999999999998],646:167[0.17],)	505	-33.51	-357.21443564356446	-10000.0	16	14.918	21	10	(0.07632881712771489,0.09736769226626105,0.06071408552855749,0.07062636954734301,0.08897055176892604,)
141	2723269882831216	73516	5	(579:118[0.13999999999999999],581:48[0.19000000000000003],620:162[0.24000000000000005],627:58[0.11999999999999998],646:119[0.16],)	505	-33.21	-394.7527128712871	-9972.95	16	15.464	21	10	(0.08108242875132582,0.09952015468811126,0.07731661321376201,0.08937629545313927,0.09434884267799315,)
142	2723601379581559	74021	5	(579:129[0.12999999999999998],581:90[0.20000000000000004],620:122[0.23000000000000004],627:74[0.12999999999999998],646:90[0.15],)	505	-32.06	-576.5391287128713	-10000.0	14	15.566	22	10	(0.08811647123081937,0.08306911941019948,0.06599492518225471,0.09178161067985696,0.09172580751399925,)
143	2723825769244197	74526	5	(579:51[0.11999999999999998],581:53[0.21000000000000005],620:114[0.22000000000000003],627:122[0.13999999999999999],646:165[0.16],)	505	-33.34	-376.2609900990098	-9976.14	18	15.096	22	10	(0.07567818253635461,0.08870248516831704,0.05530960736257402,0.07785617703990425,0.08769011578910695,)
144	2724061631387933	75031	5	(579:43[0.12999999999999998],581:99[0.22000000000000006],620:170[0.21000000000000002],627:101[0.12999999999999998],646:92[0.15],)	505	-33.13	-379.0840198019802	-10000.0	16	15.522	21	10	(0.08056473604359686,0.11032637856364169,0.06650581371626509,0.0901244531056561,0.09876610613513329,)
145	2724450275494027	75536	5	(579:118[0.13999999999999999],581:110[0.23000000000000007],620:116[0.2],627:61[0.11999999999999998],646:100[0.16],)	505	-31.64	-605.3804158415842	-10000.0	17	15.76	22	10	(0.10271798053602066,0.11215839410955121,0.07689864760182517,0.08206822061459217,0.10064169498929636,)
146	2724660555295716	76041	5	(579:122[0.12999999999999998],581:127[0.22000000000000006],620:71[0.19],627:77[0.12999999999999998],646:108[0.15],)	505	-32.71	-361.48756435643566	-10000.0	18	15.876	22	10	(0.07855083391222566,0.076858154451838,0.06727355402191168,0.07793586036289879,0.08815154713831738,)
147	2724949515993097	76546	5	(579:116[0.11999999999999998],581:124[0.21000000000000005],620:55[0.2],627:78[0.13999999999999999],646:132[0.13999999999999999],)	505	-34.01	-475.4705148514852	-10000.0	12	16.108	22	10	(0.07538221779121909,0.08604952987167892,0.08086290705185807,0.0966260400192039,0.08471712133249235,)
148	2725231027625269	77051	5	(579:79[0.10999999999999999],581:159[0.20000000000000004],620:166[0.21000000000000002],627:71[0.15],646:30[0.12999999999999998],)	505	-31.66	-426.44156435643566	-10000.0	18	16.47	23	10	(0.07407356850398777,0.08291229686522192,0.09277832677345167,0.08505262760652592,0.10067461331902883,)
149	2725479546969669	77557	6	(579:132[0.11999999999999998],581:117[0.19000000000000003],620:137[0.2],627:25[0.16],646:79[0.13999999999999999],652:15[0.15],)	505	-31.62	-355.17255445544555	-10000.0	17	16.528	23	10	(0.08859259178787604,0.07613939551721653,0.07194347164535757,0.0930887668969963,0.10323326293539017,0.11247539610225583,)
