alpha = 0.15
gamma = 1.0
lambda = 0.6
epsilon = 0.3
randomSeed = 1212
GREAT!
Xover: 4
---- Evolution parameters ----
Folder name:          NMSarsa_Maze/run_2686830057654698
Random seed:          1212
GREAT activated:      true
Max iterations:       150
Population size:      500
GREAT initialization  true
Speciation threshold: 0.15
Species min size:     15
Tournament size:      3
Crossover rate:       0.2
Mutation rate:        0.8
Crossovers:
	AligningCrossover_v4(0.15)
Mutations:
	AddGeneMutation(maxSize=2147483647, prob=0.33)
	DeleteGeneMutation(minSize=10, prob=0.33)
	ChangeGeneMutation(prob=0.33)
------------------------------

---- Starting evolution ----
IT	Nanotime	#Eval	#Species	Species size	PopSize	Best	Avg	Worst	Best GRN Size	Avg GRN size	Max GRN size	Min GRN size	Species avgdist2rep
0	2688992241108942	997	1	(492:499[0.15],)	499	-62.44	-311.10987975951895	-10000.0	11	11.626	15	10	(0.058741479225833,)
1	2689141705292814	1503	1	(492:501[0.16],)	501	-62.61	-276.76532934131734	-10000.0	11	11.942	16	10	(0.05388865127521276,)
2	2689254510860343	2007	1	(492:501[0.15],)	501	-62.77	-228.95742514970067	-10000.0	13	12.054	16	10	(0.06860026407275818,)
3	2689386811238706	2508	2	(492:458[0.13999999999999999],495:43[0.15],)	501	-63.12	-275.32598802395216	-10000.0	12	12.264	17	10	(0.060738353346541166,0.06953626100719217,)
4	2689550669800505	3010	4	(492:24[0.12999999999999998],495:258[0.16],496:192[0.15],497:28[0.15],)	502	-63.39	-376.27679282868525	-10000.0	10	11.616	16	10	(0.09051115492497362,0.07657667170383899,0.07193371497291572,0.08417184228633456,)
5	2689634166687555	3518	4	(492:60[0.13999999999999999],495:66[0.15],496:133[0.13999999999999999],497:245[0.16],)	504	-62.74	-187.33904761904768	-10000.0	15	12.522	17	10	(0.06260718177841124,0.08512804072211831,0.07300475138166088,0.07378154304344298,)
6	2689748533450596	4033	6	(492:39[0.15],495:19[0.16],496:26[0.12999999999999998],497:337[0.15],499:16[0.15],500:67[0.15],)	504	-63.28	-244.03541666666678	-10000.0	11	12.212	18	10	(0.07692493222942029,0.10154774144083861,0.08820077990909662,0.07745230384706422,0.06266137019482329,0.061546747129769167,)
7	2689837810482046	4544	6	(492:61[0.16],495:55[0.17],496:28[0.13999999999999999],497:107[0.13999999999999999],499:202[0.16],500:53[0.16],)	506	-62.94	-217.97454545454545	-10000.0	15	12.574	18	10	(0.06847510788786829,0.0831068760586155,0.07138089002673542,0.07117943377793332,0.042725721348222945,0.07906385911278968,)
8	2689925442881211	5059	6	(492:43[0.17],495:72[0.18000000000000002],496:166[0.15],497:87[0.12999999999999998],499:25[0.15],500:113[0.17],)	506	-62.71	-193.0802173913044	-9928.94	11	11.252	17	10	(0.07925859709758598,0.054289519906352696,0.06235243970661281,0.06166238688679271,0.05770632760120073,0.06539402056875686,)
9	2690039081308239	5568	6	(492:133[0.18000000000000002],495:95[0.19000000000000003],496:41[0.13999999999999999],497:22[0.11999999999999998],499:48[0.16],500:167[0.16],)	506	-61.79	-252.51962450592885	-10000.0	10	11.322	18	10	(0.09663388219509744,0.07498146388105581,0.08295734422515195,0.08769933493974175,0.07609319191260817,0.0793854002269247,)
10	2690189498101492	6094	5	(492:65[0.17],495:91[0.18000000000000002],496:61[0.15],499:36[0.17],500:253[0.15],)	506	-62.53	-304.14033596837936	-10000.0	11	11.376	18	10	(0.07636359255449165,0.07647176523441303,0.08301299359191475,0.07737770054737016,0.06955488727627997,)
11	2690303457541008	6630	5	(492:202[0.18000000000000002],495:29[0.19000000000000003],496:140[0.16],499:54[0.18000000000000002],500:80[0.13999999999999999],)	505	-62.49	-210.50607920792075	-9969.39	11	11.484	17	10	(0.11910172582490233,0.11989442264869406,0.10423751341535908,0.09781099156921548,0.09526376732061323,)
12	2690426412687234	7137	5	(492:66[0.17],495:360[0.20000000000000004],496:23[0.15],499:37[0.19000000000000003],500:19[0.15],)	505	-62.87	-260.7740990099011	-9983.8	11	11.486	18	10	(0.09892779075335435,0.06471926318086138,0.06752543341491181,0.08793147746887724,0.06602911409002306,)
13	2690565924751921	7648	5	(492:294[0.18000000000000002],495:121[0.19000000000000003],496:46[0.16],499:20[0.20000000000000004],500:24[0.16],)	505	-61.88	-280.2814257425744	-9985.2	10	11.322	18	10	(0.08938731058662483,0.05793954420537832,0.07533557273072543,0.05485225224822508,0.10248678428356102,)
14	2690737647143582	8153	6	(492:171[0.17],495:17[0.18000000000000002],496:62[0.17],499:18[0.21000000000000005],500:117[0.17],511:120[0.15],)	505	-61.0	-414.5197623762377	-10000.0	10	11.052	19	10	(0.08832507495205824,0.07461692791077551,0.07873831055634327,0.08216583732979205,0.09370361647537176,0.07504460304460522,)
15	2690863715638455	8676	4	(492:111[0.16],499:34[0.22000000000000006],500:79[0.16],511:282[0.13999999999999999],)	506	-62.53	-272.5749011857708	-10000.0	13	10.954	19	10	(0.06910488009906424,0.12560794287877688,0.05588116173602512,0.05264368244384344,)
16	2690949940942406	9188	3	(499:161[0.23000000000000007],500:134[0.17],511:209[0.12999999999999998],)	504	-62.56	-174.13823412698412	-9961.44	17	12.208	18	10	(0.08316821658833831,0.06391026708404621,0.0594438573619807,)
17	2691043879498772	9698	3	(499:80[0.24000000000000007],500:305[0.18000000000000002],511:118[0.11999999999999998],)	503	-63.32	-148.5346123260437	-9997.6	16	11.828	19	10	(0.11363206461891757,0.05976106695172488,0.07667776501630737,)
18	2691187461317751	10201	3	(499:121[0.25000000000000006],500:331[0.17],511:51[0.12999999999999998],)	503	-62.3	-322.2937176938371	-10000.0	11	12.258	19	10	(0.11953774272879639,0.0749119312036459,0.10317660679018718,)
19	2691289429181076	10708	3	(499:151[0.26000000000000006],500:140[0.16],511:212[0.13999999999999999],)	503	-61.97	-167.12713717693833	-10000.0	13	12.668	20	10	(0.08641136146739604,0.08491698312409782,0.07904356171122916,)
20	2691405080502688	11211	3	(499:162[0.2700000000000001],500:195[0.17],511:146[0.12999999999999998],)	503	-62.36	-244.9993240556659	-10000.0	14	12.738	21	10	(0.10056446473432556,0.07284332997057924,0.08493930421328483,)
21	2691491889242971	11714	3	(499:250[0.2800000000000001],500:110[0.16],511:143[0.13999999999999999],)	503	-63.39	-166.12250497017897	-9961.19	18	13.146	22	10	(0.15513685184490722,0.0995537376257033,0.0855052604849358,)
22	2691589260933734	12217	4	(499:138[0.2700000000000001],500:218[0.17],511:108[0.15],515:39[0.15],)	503	-62.57	-185.7946719681909	-10000.0	13	12.962	22	10	(0.0943192467196752,0.10655985991228463,0.07940944267930707,0.12479458425308064,)
23	2691695072653219	12733	4	(499:27[0.26000000000000006],500:35[0.16],511:385[0.16],515:57[0.16],)	504	-62.98	-224.55884920634918	-9972.07	11	12.52	22	10	(0.10628132066458285,0.10956869322924295,0.08170862679279288,0.07118108530447928,)
24	2691805566004746	13237	4	(499:117[0.2700000000000001],500:29[0.17],511:302[0.15],515:56[0.17],)	504	-62.7	-204.15172619047624	-10000.0	11	13.21	23	10	(0.12977460193368853,0.11461814074591858,0.09987976700544862,0.116988623408954,)
25	2691910572815731	13747	4	(499:197[0.2800000000000001],500:67[0.18000000000000002],511:114[0.13999999999999999],515:126[0.18000000000000002],)	504	-62.7	-205.78744047619045	-10000.0	14	12.518	23	10	(0.1269089721354201,0.08712336622232979,0.08282159794945698,0.11918663786639669,)
26	2691988594046101	14257	4	(499:76[0.2700000000000001],500:263[0.19000000000000003],511:102[0.15],515:63[0.17],)	504	-62.07	-147.01910714285717	-10000.0	14	12.052	22	10	(0.13979015485769788,0.09340823944950653,0.11646888286034097,0.11012539590676533,)
27	2692077700254260	14761	5	(499:171[0.2800000000000001],500:94[0.18000000000000002],511:164[0.16],515:33[0.18000000000000002],521:42[0.15],)	504	-62.16	-206.03311507936513	-10000.0	10	11.888	20	10	(0.11580384757730221,0.10791108730633305,0.09319699448737492,0.12314877913206841,0.09671883425088283,)
28	2692220298000916	15292	7	(499:105[0.2700000000000001],500:103[0.19000000000000003],511:89[0.15],515:30[0.19000000000000003],521:107[0.16],522:50[0.15],523:21[0.15],)	505	-63.57	-269.0587128712871	-10000.0	12	12.014	21	10	(0.11930405003894361,0.11272828551917932,0.09610098384611844,0.09001033614689496,0.09970181066959674,0.10034115277915623,0.07615278130063163,)
29	2692346566390952	15803	7	(499:101[0.26000000000000006],500:127[0.18000000000000002],511:84[0.13999999999999999],515:29[0.20000000000000004],521:41[0.15],522:62[0.16],523:63[0.16],)	507	-61.9	-232.16431952662722	-10000.0	10	11.76	20	10	(0.13711140474951825,0.12845917216478403,0.10440374456203795,0.13924491804019343,0.08643972447674392,0.10482765347226095,0.09283956098594108,)
30	2692463628504370	16310	7	(499:73[0.25000000000000006],500:115[0.17],511:61[0.12999999999999998],515:33[0.21000000000000005],521:56[0.16],522:101[0.17],523:68[0.17],)	507	-61.95	-281.74623274161735	-10000.0	13	11.632	20	10	(0.1144862966434619,0.0860598170795836,0.08345175381455022,0.06756022379949189,0.09485448918024027,0.08339385682311162,0.10130525797800428,)
31	2692555244155282	16817	8	(499:159[0.24000000000000005],500:102[0.16],511:18[0.13999999999999999],515:21[0.22000000000000006],521:81[0.17],522:80[0.16],523:23[0.18000000000000002],528:23[0.15],)	507	-62.71	-202.73140039447742	-10000.0	11	11.73	21	10	(0.10988773854783253,0.08464569135816279,0.09031057531881875,0.0957991503424088,0.09126901628006051,0.11492460593278413,0.14593795487949676,0.09005290853626122,)
32	2692621642291982	17328	8	(499:99[0.23000000000000004],500:106[0.15],511:27[0.15],515:87[0.23000000000000007],521:72[0.16],522:61[0.15],523:23[0.19000000000000003],528:33[0.16],)	508	-62.38	-128.50706692913388	-10000.0	13	11.762	21	10	(0.09871205091224021,0.079936079972466,0.07931425491638878,0.09480900926631988,0.07969886009013318,0.0812192922475345,0.10665467946851682,0.09753004757099895,)
33	2692729679489371	17844	8	(499:32[0.22000000000000003],500:123[0.13999999999999999],511:37[0.16],515:81[0.22000000000000006],521:28[0.15],522:61[0.16],523:102[0.20000000000000004],528:44[0.17],)	508	-61.52	-211.20751968503936	-9991.7	12	11.924	21	10	(0.11330655124507585,0.08713593916109295,0.09970487601499851,0.11214469777295329,0.08485329858522087,0.10999920813388914,0.08147420677168374,0.10219470095692013,)
34	2692801782881607	18358	8	(499:50[0.23000000000000004],500:80[0.12999999999999998],511:17[0.17],515:166[0.21000000000000005],521:28[0.16],522:45[0.17],523:84[0.19000000000000003],528:38[0.18000000000000002],)	508	-62.13	-151.17647637795278	-9919.0	13	12.126	20	10	(0.11293135445281216,0.08176620092622858,0.09088864459743064,0.1056478418675724,0.0879970711337064,0.08897716766983146,0.10151763638653953,0.12389071200779246,)
35	2692896025449600	18894	7	(499:64[0.24000000000000005],500:49[0.11999999999999998],511:265[0.18000000000000002],521:16[0.17],522:46[0.18000000000000002],523:43[0.18000000000000002],528:25[0.19000000000000003],)	508	-62.89	-175.03401574803146	-9934.79	12	11.46	16	10	(0.13244222608480397,0.0889060778361344,0.10740452683450777,0.11179295177854788,0.12782711172943156,0.09947197596304194,0.09217093080431603,)
36	2692986053310748	19403	7	(499:43[0.25000000000000006],500:47[0.12999999999999998],511:83[0.17],521:71[0.18000000000000002],522:67[0.19000000000000003],523:175[0.19000000000000003],528:21[0.20000000000000004],)	507	-62.29	-203.70642998027617	-10000.0	10	11.59	16	10	(0.09451570763704611,0.11230075110259684,0.08534313585833041,0.11163685891443954,0.09049279367263051,0.09107182813068981,0.13212721337675948,)
37	2693069539184053	19910	7	(499:116[0.26000000000000006],500:46[0.13999999999999999],511:70[0.16],521:41[0.17],522:93[0.20000000000000004],523:115[0.18000000000000002],528:26[0.21000000000000005],)	507	-63.37	-188.50619329388562	-10000.0	12	11.406	17	10	(0.0638146878423675,0.1066143906049133,0.09849264032901907,0.12125404662124928,0.08546428903015693,0.08789419516947528,0.10647044408446218,)
38	2693195625708750	20428	7	(499:34[0.25000000000000006],511:97[0.17],521:123[0.18000000000000002],522:91[0.19000000000000003],523:50[0.17],528:37[0.22000000000000006],539:75[0.15],)	507	-61.97	-248.87994082840234	-10000.0	10	11.672	15	10	(0.10346433079280769,0.10038408924263321,0.10959319928299793,0.09065497244195289,0.114949857620441,0.12504810457130386,0.0744669941803195,)
39	2693261844432161	20935	7	(499:276[0.26000000000000006],511:28[0.16],521:53[0.17],522:63[0.18000000000000002],523:33[0.18000000000000002],528:38[0.23000000000000007],539:16[0.13999999999999999],)	507	-62.26	-145.75599605522677	-10000.0	10	11.27	14	10	(0.1299216423078095,0.12380284256853433,0.14298883463632764,0.09373083515880715,0.13328985080975483,0.13947048249760588,0.0657967760216099,)
40	2693328200763353	21469	6	(499:161[0.25000000000000006],511:103[0.17],522:81[0.19000000000000003],523:75[0.19000000000000003],528:38[0.24000000000000007],539:49[0.15],)	507	-63.1	-144.3055424063116	-9957.63	10	11.46	15	10	(0.0802891891816319,0.09756717779657299,0.08851128559881222,0.08422454374671,0.15184917648647375,0.09087781010359557,)
41	2693444310846688	21988	6	(499:202[0.24000000000000005],511:83[0.16],522:83[0.20000000000000004],523:52[0.20000000000000004],528:30[0.25000000000000006],539:56[0.16],)	506	-62.3	-247.48375494071146	-10000.0	16	11.514	16	10	(0.07494645725039992,0.06449729985822553,0.11683596623469544,0.08821157163287516,0.12453567633759297,0.10323893154388711,)
42	2693566679169243	22494	6	(499:78[0.23000000000000004],511:85[0.15],522:37[0.19000000000000003],523:209[0.21000000000000005],528:36[0.26000000000000006],539:61[0.17],)	506	-61.34	-288.40881422924895	-10000.0	10	11.642	16	10	(0.11121826571880937,0.09993075699834826,0.11459864136918016,0.09801528133347942,0.12115907947634483,0.101780322837281,)
43	2693676328979893	23000	6	(499:108[0.24000000000000005],511:52[0.13999999999999999],522:126[0.20000000000000004],523:166[0.20000000000000004],528:37[0.2700000000000001],539:17[0.18000000000000002],)	506	-62.22	-220.1770750988143	-10000.0	13	11.692	17	10	(0.09744428455912436,0.08599345237120706,0.12476764676077759,0.10714608546750795,0.11686838365998244,0.11139981742492747,)
44	2693732126179074	23506	6	(499:35[0.23000000000000004],511:32[0.15],522:20[0.19000000000000003],523:80[0.19000000000000003],528:279[0.2800000000000001],539:60[0.19000000000000003],)	506	-62.65	-106.64231225296446	-10000.0	10	12.288	18	10	(0.0919557104844355,0.05275199109078542,0.11863292694610236,0.11414761348723186,0.13318359174200892,0.12845217240365597,)
45	2693832361452344	24028	5	(499:83[0.24000000000000005],511:78[0.16],523:91[0.20000000000000004],528:116[0.2700000000000001],539:138[0.20000000000000004],)	506	-62.6	-202.42612648221345	-10000.0	10	12.14	19	10	(0.11567516485316874,0.08607286573322993,0.10860963513373338,0.11044080104696001,0.11401423223772555,)
46	2693901253160314	24533	6	(499:206[0.25000000000000006],511:100[0.17],523:61[0.21000000000000005],528:59[0.26000000000000006],539:50[0.19000000000000003],545:29[0.15],)	505	-62.23	-142.188099009901	-9847.38	15	12.172	20	10	(0.10813765108638075,0.05570336953994806,0.10007335483867627,0.12346732614854032,0.10628926710554332,0.11327393962159087,)
47	2693988995542477	25046	6	(499:61[0.24000000000000005],511:158[0.16],523:17[0.22000000000000006],528:132[0.2700000000000001],539:78[0.20000000000000004],545:60[0.16],)	506	-62.31	-162.25693675889326	-9890.82	12	11.958	20	10	(0.142566914911185,0.11150599220076206,0.12483550311328113,0.14557920607244143,0.143132228885565,0.08387701865501357,)
48	2694109348839778	25565	7	(499:135[0.25000000000000006],511:54[0.15],523:60[0.23000000000000007],528:105[0.26000000000000006],539:37[0.21000000000000005],545:98[0.17],547:17[0.15],)	506	-61.08	-230.98784584980243	-10000.0	12	12.044	21	10	(0.13380727960603925,0.08957848890524076,0.1408236245773157,0.0978273907923463,0.1657052112382043,0.10381787530967992,0.09637643967181278,)
49	2694192807348460	26072	8	(499:88[0.24000000000000005],511:69[0.16],523:95[0.24000000000000007],528:33[0.25000000000000006],539:37[0.22000000000000006],545:77[0.16],547:29[0.16],550:79[0.15],)	507	-63.08	-173.0533530571992	-10000.0	13	12.06	21	10	(0.10541176474609029,0.1090341368580133,0.10832176240462761,0.12449611423500033,0.11999902162365247,0.0719443645525665,0.07129393516173346,0.09690243973167455,)
50	2694287113599870	26594	7	(499:50[0.23000000000000004],523:18[0.23000000000000007],528:31[0.26000000000000006],539:28[0.23000000000000007],545:62[0.15],547:232[0.17],550:87[0.13999999999999999],)	508	-58.69	-168.63590551181096	-9944.02	13	11.67	17	10	(0.10655776768846692,0.07447287880048914,0.09289130892915863,0.16165976511731736,0.095349747105613,0.07875286000539668,0.10514269135422052,)
51	2694477317826586	27105	8	(499:82[0.24000000000000005],523:63[0.24000000000000007],528:41[0.2700000000000001],539:19[0.24000000000000007],545:119[0.16],547:91[0.16],550:69[0.12999999999999998],554:23[0.15],)	507	-54.44	-409.05374753451684	-10000.0	14	11.846	17	10	(0.12422699009035483,0.09078432038502826,0.09167258730361684,0.16541566200693142,0.11411994517786164,0.12073292648576192,0.09326945267742834,0.12522965349378454,)
52	2694660412840491	27627	7	(499:101[0.23000000000000004],523:19[0.23000000000000007],539:38[0.25000000000000006],545:32[0.15],547:19[0.15],550:24[0.11999999999999998],554:275[0.16],)	508	-53.98	-365.74625984251975	-10000.0	12	12.736	17	10	(0.10835101868987965,0.11148966458458029,0.11779820331556647,0.10114683085213523,0.0788579118253322,0.08318251848636074,0.0546266509089932,)
53	2694938459238752	28163	4	(499:238[0.22000000000000003],523:29[0.24000000000000007],545:55[0.16],554:185[0.15],)	507	-52.33	-438.60280078895465	-10000.0	15	12.196	18	10	(0.09502623127031443,0.1329025958066008,0.10402204625700713,0.039937980582005594,)
54	2695307937287208	28680	4	(499:90[0.21000000000000002],523:38[0.25000000000000006],545:24[0.17],554:352[0.13999999999999999],)	504	-52.26	-626.5050793650797	-10000.0	15	13.08	18	10	(0.07785700734329236,0.07952232719731145,0.09743980069577052,0.03674910662447119,)
55	2695486609844005	29198	5	(499:92[0.22000000000000003],523:25[0.26000000000000006],545:117[0.18000000000000002],554:245[0.12999999999999998],561:25[0.15],)	504	-49.92	-342.0648412698413	-9952.47	11	12.826	19	10	(0.09167333079846572,0.10536097539044961,0.08563917019755417,0.04156950032930884,0.02805876919633328,)
56	2695821717561142	29708	6	(499:59[0.23000000000000004],523:44[0.2700000000000001],545:30[0.17],554:25[0.11999999999999998],561:193[0.16],566:154[0.15],)	505	-51.38	-654.14100990099	-10000.0	13	12.318	18	10	(0.09916338873300899,0.13623511222327864,0.08210899503418054,0.08432067635208576,0.04547963416135122,0.0662800917665185,)
57	2696643490857541	30226	5	(499:27[0.24000000000000005],554:149[0.12999999999999998],561:19[0.15],566:286[0.13999999999999999],567:25[0.15],)	506	-49.98	-1809.0413438735181	-10000.0	11	13.22	18	10	(0.09708178038020374,0.04239997359622602,0.037125559168021044,0.03470671570232428,0.0630198771318062,)
58	2698089065510394	30734	4	(554:122[0.11999999999999998],561:29[0.16],566:37[0.12999999999999998],567:317[0.16],)	505	-51.27	-3499.0223168316834	-10000.0	12	11.432	19	10	(0.04210282623782941,0.05309859784953389,0.04563639591004864,0.03375960066441378,)
59	2699084099865712	31238	5	(554:55[0.12999999999999998],561:28[0.17],566:51[0.13999999999999999],567:334[0.15],569:36[0.15],)	504	-50.95	-2308.949384920634	-10000.0	14	11.68	20	10	(0.0526113481494603,0.03761557141513118,0.08487487472215008,0.06769889084001185,0.07156571589928479,)
60	2699791610459189	31750	4	(554:187[0.13999999999999999],566:163[0.15],567:54[0.13999999999999999],569:101[0.16],)	505	-50.22	-1571.9148712871286	-10000.0	14	12.182	19	10	(0.047878863740906275,0.06042272380464377,0.076484865979559,0.0627964750900482,)
61	2700301332338333	32254	4	(554:90[0.12999999999999998],566:240[0.13999999999999999],567:108[0.15],569:66[0.17],)	504	-50.73	-1172.288908730159	-10000.0	14	12.294	20	10	(0.07160353245863786,0.05740359701000762,0.05497164035651408,0.05248199627387388,)
62	2700900144103549	32758	4	(554:46[0.13999999999999999],566:108[0.12999999999999998],567:202[0.16],569:148[0.18000000000000002],)	504	-49.6	-1382.4509126984128	-10000.0	12	11.714	21	10	(0.08287844419394565,0.04437692526376836,0.05589969715558831,0.04342231411561024,)
63	2701237497087370	33262	4	(554:129[0.15],566:196[0.13999999999999999],567:58[0.15],569:121[0.17],)	504	-49.83	-775.0978174603173	-10000.0	15	12.32	21	10	(0.0878610330008473,0.04113985002934275,0.05046976177749633,0.06429938894410853,)
64	2701791533505023	33766	4	(554:83[0.13999999999999999],566:103[0.12999999999999998],567:172[0.16],569:146[0.18000000000000002],)	504	-50.18	-1217.5764285714286	-10000.0	13	12.286	18	10	(0.059707893892919806,0.05500070033762383,0.05941193908401579,0.043538732514903374,)
65	2702271043698850	34270	4	(554:23[0.15],566:156[0.13999999999999999],567:99[0.15],569:226[0.17],)	504	-49.03	-1060.0402182539679	-10000.0	13	12.744	19	10	(0.07457894857232206,0.0599452440321012,0.05654498846534652,0.07301694237676083,)
66	2702754985606420	34774	4	(554:82[0.16],566:244[0.12999999999999998],567:21[0.16],569:157[0.16],)	504	-48.54	-1090.80748015873	-10000.0	13	12.628	20	10	(0.07081808774646804,0.05147758618759489,0.041038135777423226,0.05731401608182918,)
67	2703169996882423	35278	4	(554:117[0.17],566:132[0.11999999999999998],567:234[0.17],569:21[0.15],)	504	-45.21	-950.115257936508	-10000.0	13	12.204	18	10	(0.0637128016623323,0.06874577539999221,0.05149190427903696,0.07973451961479767,)
68	2703665473353431	35789	3	(554:206[0.18000000000000002],566:176[0.10999999999999999],567:122[0.16],)	504	-48.84	-988.022638888889	-10000.0	15	12.442	19	10	(0.0722315291056468,0.06438125192847738,0.04385127618447183,)
69	2704182044788697	36292	3	(554:239[0.17],566:86[0.09999999999999999],567:178[0.17],)	503	-48.93	-1135.290536779324	-10000.0	16	12.364	18	10	(0.07819946031208416,0.06601076417274009,0.051170857108704906,)
70	2704715735441213	36795	4	(554:171[0.16],566:76[0.10999999999999999],567:224[0.16],570:32[0.15],)	503	-46.35	-1121.886679920477	-10000.0	13	12.718	18	10	(0.06202820868031843,0.07685161081382669,0.058163840572702276,0.0738556605104934,)
71	2705000242172081	37310	4	(554:123[0.15],566:179[0.11999999999999998],567:126[0.15],570:76[0.16],)	504	-45.77	-593.5368452380951	-10000.0	11	13.058	19	10	(0.06127866616154363,0.06993868259305883,0.07545422314473522,0.07745065303843052,)
72	2705549294206206	37824	5	(554:260[0.16],566:100[0.10999999999999999],567:26[0.13999999999999999],570:83[0.17],572:35[0.15],)	504	-46.8	-999.1727380952378	-10000.0	11	12.606	18	10	(0.08254225145827915,0.07579464132307445,0.08817368140778312,0.08377835149608913,0.0809943033078651,)
73	2706098714799559	38336	5	(554:48[0.15],566:188[0.09999999999999999],567:47[0.15],570:152[0.18000000000000002],572:70[0.16],)	505	-46.49	-1195.5524158415842	-10000.0	11	12.162	18	10	(0.07417127520568756,0.06978143473631723,0.06582417602595815,0.04717508544316556,0.08450542089056658,)
74	2706670395593185	38841	6	(554:47[0.16],566:53[0.09],567:71[0.16],570:63[0.17],572:244[0.17],576:27[0.15],)	505	-45.65	-1143.199524752475	-10000.0	12	11.964	19	10	(0.11368645780266207,0.07270244016207045,0.07328231538483414,0.08356731525699407,0.06681479182157775,0.09930886715391007,)
75	2707022995715593	39352	6	(554:113[0.17],566:75[0.09999999999999999],570:106[0.18000000000000002],572:52[0.16],576:109[0.16],578:51[0.15],)	506	-43.2	-723.5681818181819	-10000.0	14	12.126	19	10	(0.07208446300839198,0.0710420352796722,0.0869049053047948,0.06130165290281804,0.06836913956520262,0.06717283058337324,)
76	2707412374518946	39865	6	(554:72[0.16],566:47[0.10999999999999999],570:68[0.17],572:57[0.17],576:78[0.15],578:184[0.16],)	506	-45.08	-895.2917984189723	-10000.0	10	12.098	18	10	(0.10084282431611104,0.07750149459864955,0.08060041607670002,0.07343500743194792,0.08548085230960102,0.055106962383518976,)
77	2707830253371979	40374	7	(554:44[0.17],566:20[0.11999999999999998],570:203[0.18000000000000002],572:65[0.18000000000000002],576:99[0.16],578:59[0.15],580:16[0.15],)	506	-43.64	-983.7863833992094	-10000.0	11	12.0	19	10	(0.07893057110687267,0.05689972879329295,0.0571980245009909,0.06835106939890409,0.07425311980768506,0.09367186845515642,0.04868434230652956,)
78	2708339228102512	40893	7	(554:54[0.18000000000000002],566:158[0.12999999999999998],570:129[0.17],576:38[0.15],578:48[0.16],580:57[0.16],582:23[0.15],)	507	-43.76	-1223.6834911242602	-10000.0	16	12.186	19	10	(0.0821151965650478,0.07697223835827309,0.07822409044961025,0.08832646179021564,0.07830055698881402,0.0631270150564864,0.04798175479554738,)
79	2708797218540495	41428	7	(554:67[0.19000000000000003],566:50[0.11999999999999998],570:88[0.16],576:29[0.16],578:115[0.17],582:125[0.16],587:33[0.15],)	507	-43.9	-967.5433333333335	-10000.0	14	11.994	19	10	(0.06638131981503853,0.0854501801394868,0.06722338025977766,0.07168203392466325,0.071972115447014,0.049824349765777584,0.030218604113389103,)
80	2709331793842507	41948	7	(554:38[0.20000000000000004],566:30[0.12999999999999998],570:82[0.15],576:98[0.17],578:150[0.16],582:34[0.15],587:75[0.16],)	507	-44.2	-1091.9188954635108	-10000.0	16	12.16	19	10	(0.07474616296655108,0.08368718693999291,0.07971351543491707,0.0659656472587733,0.08590105872530455,0.061703911562923104,0.05915874788854679,)
81	2709651419567399	42461	7	(554:41[0.21000000000000005],566:114[0.13999999999999999],570:65[0.13999999999999999],576:63[0.16],578:51[0.15],582:98[0.16],587:75[0.15],)	507	-43.01	-746.7868441814593	-10000.0	13	12.528	18	10	(0.06072859509867003,0.08535199083134795,0.08040626184233794,0.07927991969518255,0.08366912576107442,0.09705948367625247,0.03810667754469175,)
82	2709886494075039	42968	7	(554:55[0.22000000000000006],566:43[0.12999999999999998],570:99[0.15],576:124[0.17],578:76[0.16],582:69[0.15],587:41[0.13999999999999999],)	507	-43.57	-518.4868836291915	-10000.0	15	12.362	18	10	(0.05541810147562123,0.06430036610384872,0.09068788802578574,0.0676497918344414,0.062055628144899566,0.0784309139622485,0.06926672070406112,)
83	2710325351325759	43475	7	(554:73[0.23000000000000007],566:143[0.13999999999999999],570:79[0.13999999999999999],576:93[0.16],578:45[0.15],582:29[0.16],587:45[0.15],)	507	-41.28	-981.6417751479289	-10000.0	15	12.51	18	10	(0.09448589977829713,0.0770112005069122,0.09120354657638291,0.0702511073163966,0.07992575104612135,0.09131998268270787,0.049604891916470786,)
84	2710741080667528	43995	8	(554:36[0.22000000000000006],566:99[0.12999999999999998],570:41[0.12999999999999998],576:58[0.15],578:136[0.16],582:23[0.17],587:29[0.16],593:85[0.15],)	507	-43.68	-897.4975345167651	-10000.0	14	12.63	17	10	(0.11568450239577516,0.09189864500197298,0.10324564381091705,0.06199423844218891,0.06919531109912544,0.03456181857878173,0.0663125074891483,0.08097036885171162,)
85	2711154274875717	44511	6	(566:41[0.11999999999999998],570:56[0.13999999999999999],578:166[0.15],582:44[0.18000000000000002],587:137[0.17],593:64[0.13999999999999999],)	508	-40.86	-904.5999606299213	-10000.0	14	13.196	18	10	(0.0827052105951198,0.0681070319311203,0.06951142871340196,0.04707368479583343,0.09242846789565355,0.07438401757861175,)
86	2711582150600065	45018	7	(566:107[0.12999999999999998],570:109[0.15],578:75[0.13999999999999999],582:59[0.19000000000000003],587:61[0.16],593:41[0.15],594:54[0.15],)	506	-41.79	-942.0529841897232	-10000.0	15	13.006	18	10	(0.07801190879172373,0.06366566573413356,0.06504274596443754,0.08867133305036817,0.06223423341768221,0.0708878692353676,0.08414938894175494,)
87	2711969001728598	45533	8	(566:22[0.11999999999999998],570:113[0.13999999999999999],578:20[0.12999999999999998],582:132[0.20000000000000004],587:89[0.17],593:30[0.16],594:76[0.16],597:25[0.15],)	507	-40.9	-676.6488560157792	-10000.0	11	13.64	18	10	(0.07396162120113779,0.06963560784903686,0.08683973206686234,0.11398245388153336,0.08078012873648427,0.10724538051304702,0.06303447965692961,0.0927466796978516,)
88	2712408948855473	46062	9	(566:40[0.12999999999999998],578:33[0.13999999999999999],582:37[0.19000000000000003],587:89[0.16],593:22[0.17],594:59[0.15],597:179[0.16],598:18[0.15],600:31[0.15],)	508	-41.76	-881.786929133858	-10000.0	14	13.738	18	10	(0.08031737632292167,0.05456928698943937,0.08866516883057893,0.09673122023083491,0.07408875826741966,0.0860231594146491,0.05008459914768487,0.05736887848847938,0.07734957857211129,)
89	2712668057705910	46593	8	(566:48[0.13999999999999999],587:65[0.15],593:56[0.18000000000000002],594:76[0.13999999999999999],597:88[0.15],598:130[0.16],600:18[0.16],601:28[0.15],)	509	-41.38	-479.14805500982317	-10000.0	17	13.19	18	10	(0.04255210751495863,0.06591455240760721,0.04247566357714352,0.0828896433656622,0.04209013398251971,0.04207626543840848,0.07109132735156719,0.06843896356359867,)
90	2713157463392238	47101	8	(566:33[0.15],587:39[0.13999999999999999],593:141[0.19000000000000003],594:38[0.12999999999999998],597:46[0.13999999999999999],598:16[0.15],600:120[0.17],601:75[0.16],)	508	-39.27	-1188.2981889763782	-10000.0	14	12.8	19	10	(0.03121569827876985,0.05869665466736164,0.05516916661574652,0.07663432299620417,0.03476107727532858,0.09810234962777623,0.060132695686321916,0.08359732391780485,)
91	2713757362503975	47609	8	(566:205[0.16],587:29[0.15],593:39[0.18000000000000002],594:27[0.13999999999999999],597:32[0.15],598:37[0.16],600:99[0.16],601:40[0.15],)	508	-42.22	-1446.706535433071	-10000.0	13	13.992	20	10	(0.049713893415252335,0.0582866272283658,0.047615112475465994,0.0538563741925515,0.05795059764478323,0.03553925173792202,0.0711279229148364,0.07850105287114856,)
92	2715713783486536	48117	8	(566:52[0.15],587:18[0.16],593:38[0.19000000000000003],594:23[0.15],597:45[0.16],598:268[0.17],600:39[0.15],601:25[0.16],)	508	-41.66	-5151.301948818899	-10000.0	20	12.294	20	10	(0.05852029090353636,0.07669979789744358,0.09006419372780936,0.049274137325532395,0.035601842297853056,0.043764381088774486,0.08062057145740874,0.05315274263022114,)
93	2717540871516773	48630	7	(566:72[0.16],587:32[0.17],593:31[0.20000000000000004],594:24[0.16],597:35[0.17],598:282[0.16],600:32[0.16],)	508	-40.44	-4722.287185039367	-10000.0	19	12.428	20	10	(0.07595425265841489,0.06175511443385599,0.08469951891191667,0.06743256317738594,0.11144737685197859,0.04767767488490118,0.07332142982252736,)
94	2718398513839756	49148	5	(566:118[0.15],594:62[0.17],597:38[0.18000000000000002],598:257[0.15],600:32[0.17],)	507	-41.67	-2117.8531755424065	-10000.0	13	13.398	21	10	(0.09773045899245324,0.07678647489649587,0.06104041455383599,0.076509772982158,0.057701784302427436,)
95	2718650335611840	49653	5	(566:176[0.13999999999999999],594:221[0.18000000000000002],597:48[0.19000000000000003],598:25[0.13999999999999999],600:35[0.18000000000000002],)	505	-36.43	-570.918316831683	-10000.0	19	14.566	22	10	(0.059104254095200065,0.07421606083953396,0.0980311730503825,0.07801941428268602,0.0691847445261041,)
96	2719188876740832	50182	4	(594:146[0.17],597:86[0.20000000000000004],598:244[0.15],603:29[0.15],)	505	-36.57	-1233.5453069306939	-10000.0	19	12.036	20	10	(0.07297848489025635,0.06818370092838735,0.08393144693645971,0.07431407812581539,)
97	2719427546555588	50686	5	(594:227[0.16],597:76[0.21000000000000005],598:66[0.13999999999999999],603:99[0.16],605:36[0.15],)	504	-40.5	-597.9690476190474	-10000.0	19	12.64	20	10	(0.0668933515500725,0.08926112158206524,0.06864375873496517,0.0695157380434439,0.09205869004328941,)
98	2719842719449063	51204	5	(594:149[0.15],597:171[0.22000000000000006],598:81[0.15],605:34[0.16],606:70[0.15],)	505	-37.57	-1061.0983564356432	-10000.0	22	11.668	22	10	(0.0537921051108037,0.03676002193117657,0.046969934792316766,0.07266621923389469,0.06776028806706626,)
99	2720231774977416	51709	6	(594:195[0.13999999999999999],597:18[0.21000000000000005],598:147[0.16],605:67[0.17],606:58[0.16],607:20[0.15],)	505	-35.2	-956.5260396039602	-10000.0	21	11.908	22	10	(0.06325696478667402,0.08093241359377565,0.05442195234512378,0.058374376506287975,0.07277324977713667,0.10150648003149072,)
100	2720584043675267	52229	5	(594:322[0.12999999999999998],597:69[0.22000000000000006],598:56[0.15],605:26[0.18000000000000002],606:33[0.17],)	506	-36.2	-805.5426679841898	-10000.0	20	11.796	22	10	(0.0636615439732761,0.04282787234615335,0.0769068363284606,0.05701509509308296,0.05885979343454821,)
101	2721005375393356	52734	5	(594:128[0.11999999999999998],597:100[0.23000000000000007],598:39[0.16],605:70[0.19000000000000003],606:168[0.18000000000000002],)	505	-35.93	-1107.234277227723	-10000.0	22	12.376	23	10	(0.0742498898852649,0.08383175735642868,0.074194440194969,0.10592373249586329,0.07233800858999702,)
102	2721310722777917	53248	6	(594:136[0.10999999999999999],597:65[0.22000000000000006],598:42[0.17],605:74[0.20000000000000004],606:139[0.17],608:49[0.15],)	505	-34.99	-674.0240990099009	-10000.0	21	12.396	24	10	(0.07342392457296187,0.11899608055018367,0.0801306809376356,0.07834345111509433,0.05429010766473018,0.08005262046899111,)
103	2721626765055962	53754	7	(594:97[0.09999999999999999],597:35[0.23000000000000007],598:84[0.18000000000000002],605:104[0.21000000000000005],606:45[0.16],608:115[0.16],610:26[0.15],)	506	-36.99	-736.6609683794467	-10000.0	20	12.718	25	10	(0.06126701914692656,0.08221995722514627,0.07026984275851199,0.06027913811422851,0.0911367223427401,0.0727119697206797,0.07183746358254094,)
104	2722020171268173	54268	7	(594:121[0.09],598:49[0.17],605:57[0.20000000000000004],606:51[0.17],608:51[0.15],610:161[0.16],611:17[0.15],)	507	-35.74	-973.6075739644971	-10000.0	20	12.258	25	10	(0.060084631227571614,0.0803201332653941,0.06484168639599854,0.1068203285849888,0.05689813411066682,0.044846948983028566,0.0928803167282227,)
105	2722339300816856	54775	7	(594:29[0.08],598:123[0.18000000000000002],605:75[0.21000000000000005],606:71[0.18000000000000002],608:25[0.16],610:46[0.15],611:138[0.16],)	507	-35.71	-805.8240828402365	-10000.0	23	12.416	25	10	(0.04392379900647194,0.04963949814183431,0.07233040610874808,0.06040161616340515,0.03742307396984261,0.07955533062088377,0.06343347076649462,)
106	2722602476291043	55282	7	(594:74[0.09],598:93[0.17],605:62[0.20000000000000004],606:108[0.17],608:100[0.17],610:36[0.16],611:34[0.15],)	507	-36.63	-705.6934122287969	-10000.0	23	12.06	23	10	(0.05407198736694685,0.07948302430505991,0.07398558672486788,0.0687916534296655,0.08062576619719802,0.07434577127917041,0.09193094724796656,)
107	2723008879061353	55789	8	(594:30[0.08],598:167[0.16],605:17[0.21000000000000005],606:32[0.16],608:59[0.16],610:116[0.17],611:61[0.16],613:25[0.15],)	507	-43.41	-1062.7168047337277	-10000.0	11	11.498	23	10	(0.05737642707074307,0.07164106769803023,0.11710611103082794,0.08425598119474086,0.09224638631220225,0.0798233496080066,0.04858278146622479,0.06054264286790736,)
108	2723401979903164	56297	8	(594:99[0.09],598:27[0.15],605:124[0.22000000000000006],606:52[0.17],608:16[0.17],610:56[0.16],611:78[0.17],613:56[0.16],)	508	-45.17	-979.3318307086615	-10000.0	22	11.604	22	10	(0.06068571371499029,0.10799459885901255,0.08557608633622121,0.05379884130543127,0.04941636995127245,0.07058866956072421,0.07043773250222116,0.06249510772043713,)
109	2723887363960424	56821	7	(594:54[0.08],598:175[0.16],605:65[0.21000000000000005],606:66[0.18000000000000002],608:32[0.18000000000000002],610:80[0.17],613:36[0.17],)	508	-42.73	-1179.945374015748	-10000.0	22	12.132	23	10	(0.058076613468973116,0.07159568980066525,0.08554207043516229,0.09007564186420994,0.10219367449325929,0.07071490073742034,0.07837449480126989,)
110	2724327653883750	57338	7	(594:49[0.09],598:185[0.15],605:22[0.22000000000000006],606:27[0.19000000000000003],608:29[0.19000000000000003],610:123[0.16],613:72[0.18000000000000002],)	507	-43.31	-1008.749802761341	-10000.0	21	12.116	23	10	(0.0787826942652038,0.0820844095859994,0.1065478396710208,0.09015048587091012,0.11220331628345216,0.07190509972100988,0.08059705268628496,)
111	2724705923106666	57845	7	(594:108[0.09999999999999999],598:101[0.13999999999999999],605:76[0.23000000000000007],606:34[0.20000000000000004],608:20[0.20000000000000004],610:66[0.15],613:102[0.17],)	507	-43.06	-961.2183234714004	-10000.0	24	12.058	24	10	(0.07430137904802792,0.09693142292475772,0.11623003865587099,0.12644058950634976,0.11428968470941818,0.06418544592246511,0.11217653020329867,)
112	2725035184168348	58361	7	(594:52[0.09],598:104[0.12999999999999998],605:38[0.22000000000000006],606:145[0.21000000000000005],608:20[0.21000000000000005],610:117[0.16],613:31[0.16],)	507	-40.85	-743.8285009861933	-10000.0	24	12.178	24	10	(0.059666833898424414,0.09078688254203618,0.08281227430191994,0.0867634942993719,0.07550945554573521,0.08325648869143479,0.08107946066666058,)
113	2725319741913674	58868	8	(594:31[0.09999999999999999],598:109[0.11999999999999998],605:74[0.23000000000000007],606:83[0.20000000000000004],608:60[0.22000000000000006],610:48[0.15],613:87[0.17],617:15[0.15],)	507	-41.37	-675.6000986193293	-10000.0	24	12.972	24	10	(0.07373009310596716,0.09072871843223465,0.1057371951849035,0.0726762129625174,0.09247415111141993,0.10436538789722548,0.0833103581913313,0.0672294690033678,)
114	2725720372367310	59376	9	(594:93[0.10999999999999999],598:48[0.10999999999999999],605:81[0.22000000000000006],606:66[0.19000000000000003],608:34[0.23000000000000007],610:28[0.16],613:16[0.16],617:125[0.16],618:17[0.15],)	508	-43.12	-918.9610826771655	-10000.0	23	12.762	25	10	(0.07763993982498499,0.0928650049234195,0.0920707739483696,0.1013316959334544,0.11579893499930832,0.12407964254951219,0.09246982277529744,0.06878199952147163,0.054136270889723316,)
115	2726137459483374	59885	9	(594:38[0.09999999999999999],598:77[0.11999999999999998],605:82[0.21000000000000005],606:20[0.18000000000000002],608:55[0.24000000000000007],610:51[0.17],613:113[0.17],617:55[0.15],618:18[0.16],)	509	-41.98	-809.0565225933203	-10000.0	24	13.9	25	10	(0.07746147106678944,0.0964791307754424,0.0977819964784173,0.07039891207802354,0.09116020307151283,0.13529637977956374,0.09438516303351549,0.05894230906120523,0.050029433236141695,)
116	2726440730102146	60417	8	(594:56[0.10999999999999999],605:65[0.20000000000000004],606:100[0.19000000000000003],608:73[0.23000000000000007],610:92[0.18000000000000002],613:61[0.16],617:43[0.13999999999999999],619:19[0.15],)	509	-41.97	-625.2598624754421	-10000.0	24	13.912	25	10	(0.08197864888264066,0.08264620212307275,0.09046685018908251,0.06390303062641776,0.07231756131877398,0.10347596292588318,0.0665077348356488,0.09092816261996448,)
117	2726760126510605	60931	7	(594:26[0.11999999999999998],605:72[0.19000000000000003],606:88[0.18000000000000002],608:29[0.22000000000000006],613:86[0.17],617:89[0.15],619:118[0.16],)	508	-40.87	-735.4558858267717	-10000.0	26	13.008	26	10	(0.08341954469811427,0.10522945694661509,0.10017861093377568,0.05756844841813977,0.0965024666924712,0.06808697508128368,0.07626939874356438,)
118	2727187197551728	61458	7	(594:87[0.12999999999999998],605:142[0.18000000000000002],606:62[0.17],613:125[0.16],617:20[0.13999999999999999],619:35[0.15],621:36[0.15],)	507	-43.78	-1003.8802366863906	-10000.0	16	12.428	19	10	(0.06816297109657629,0.09781052700553015,0.0997088652869733,0.09092969083101152,0.06080896727292047,0.08116178273581738,0.06400091224263574,)
119	2727496064791898	61965	9	(594:53[0.11999999999999998],605:75[0.17],606:70[0.18000000000000002],613:84[0.15],617:15[0.15],619:50[0.16],621:109[0.16],624:34[0.15],625:17[0.15],)	507	-44.85	-675.4683629191323	-10000.0	11	12.348	19	10	(0.05647032644758269,0.06822618749123843,0.09285480864566491,0.07175211166419737,0.07472002614271528,0.09983736578424919,0.07826263196911784,0.061812280969742055,0.07225478603303913,)
120	2727896434022366	62500	10	(594:38[0.12999999999999998],605:113[0.16],606:48[0.17],613:68[0.13999999999999999],617:55[0.16],619:22[0.17],621:50[0.15],625:35[0.16],627:48[0.15],629:32[0.15],)	509	-43.72	-894.0786836935167	-10000.0	15	12.56	20	10	(0.05663626097446334,0.0947610708189206,0.08051720578374051,0.055300658893501733,0.07476626857864181,0.08466122890383519,0.07625570509151126,0.07066327971515804,0.05875939496439464,0.08690328056763205,)
121	2728199865513553	63040	9	(594:62[0.13999999999999999],605:115[0.15],613:50[0.12999999999999998],617:23[0.15],619:69[0.18000000000000002],621:45[0.13999999999999999],627:50[0.16],629:49[0.16],630:47[0.15],)	510	-42.77	-670.5136274509803	-10000.0	16	12.582	20	10	(0.041710665370571436,0.07533801635744664,0.054809963927619186,0.06066328347163997,0.05411163270322474,0.09211536109615491,0.07577046590567116,0.049334582554657065,0.05673456129576955,)
122	2728544579516927	63557	9	(594:53[0.12999999999999998],605:84[0.13999999999999999],613:92[0.13999999999999999],617:22[0.16],619:46[0.17],621:38[0.15],627:58[0.17],629:24[0.17],630:92[0.16],)	509	-41.7	-794.6169744597249	-10000.0	16	12.752	18	10	(0.06590969628801055,0.09346120477868174,0.06758612934451938,0.09581832629821463,0.05094165995894473,0.07168514340417688,0.06602648539134522,0.07428019979729164,0.0717492006659171,)
123	2728838827772417	64086	8	(594:70[0.13999999999999999],605:28[0.12999999999999998],613:83[0.12999999999999998],619:31[0.18000000000000002],621:21[0.16],627:86[0.16],629:31[0.18000000000000002],630:159[0.15],)	509	-41.87	-675.2386444007857	-10000.0	12	12.45	19	10	(0.07309481857366931,0.07632531921073996,0.09580184234037384,0.06419603785193838,0.04694105304473682,0.0770367115769241,0.0664198457963056,0.06948747339907922,)
124	2729060210490189	64601	8	(594:25[0.12999999999999998],605:75[0.13999999999999999],613:37[0.11999999999999998],619:37[0.19000000000000003],627:78[0.15],629:180[0.19000000000000003],630:48[0.13999999999999999],635:28[0.15],)	508	-41.82	-458.6455708661417	-9990.17	13	12.528	18	10	(0.09182372018336536,0.0787898389872188,0.0497415435467307,0.10140330767774589,0.07087034462938564,0.07069020778425596,0.06938661102284034,0.08582613782192391,)
125	2729394174717486	65114	7	(594:121[0.13999999999999999],613:106[0.12999999999999998],619:34[0.20000000000000004],627:55[0.13999999999999999],629:16[0.18000000000000002],630:34[0.15],635:142[0.16],)	508	-41.36	-728.1767322834645	-10000.0	14	13.32	19	10	(0.0858537060593835,0.058989872394807054,0.05937867960446632,0.05886490453003869,0.06014718827965961,0.07353713983445696,0.08166004943252912,)
126	2729760998109617	65660	5	(594:184[0.12999999999999998],613:109[0.11999999999999998],619:54[0.21000000000000005],627:104[0.15],639:56[0.15],)	507	-36.39	-654.5622090729782	-10000.0	15	13.728	19	10	(0.04220431634866917,0.06031052649124806,0.052934686257262394,0.06928505644706831,0.06118245855130343,)
127	2729992462361244	66172	7	(594:96[0.11999999999999998],613:124[0.10999999999999999],619:83[0.22000000000000006],627:16[0.13999999999999999],639:75[0.16],640:42[0.15],643:69[0.15],)	505	-40.29	-480.82772277227724	-10000.0	11	13.908	20	10	(0.0725072425080613,0.060905924480212564,0.06095573355642615,0.05519828061822615,0.06628056115452441,0.049871210951317045,0.06651911722462296,)
128	2730548095110210	66690	6	(594:24[0.10999999999999999],613:45[0.09999999999999999],619:40[0.21000000000000005],639:70[0.15],640:271[0.16],643:57[0.16],)	507	-39.98	-1327.5029585798811	-10000.0	15	13.414	20	10	(0.04133718154682977,0.07089665153666631,0.08399572675648986,0.060637655436784045,0.028259542934609097,0.07558373646818019,)
129	2730952131494984	67204	5	(594:21[0.11999999999999998],613:69[0.10999999999999999],619:26[0.22000000000000006],640:342[0.15],643:48[0.17],)	506	-35.31	-855.8980632411068	-10000.0	15	13.92	19	10	(0.06177911091914386,0.09115833073563613,0.07610793043173154,0.03802853901812697,0.08103331665018527,)
130	2732142567033227	67709	6	(594:27[0.12999999999999998],613:64[0.11999999999999998],619:33[0.23000000000000007],640:310[0.13999999999999999],643:37[0.18000000000000002],646:34[0.15],)	505	-35.48	-2981.608792079208	-10000.0	15	13.02	20	10	(0.03247485002708961,0.09835465130610206,0.06480051951156553,0.058413137378698604,0.06605930618160989,0.052347022802175666,)
131	2733738316025695	68237	4	(594:151[0.13999999999999999],613:31[0.12999999999999998],640:96[0.12999999999999998],646:228[0.16],)	506	-39.67	-3991.849268774705	-10000.0	15	12.856	18	10	(0.03702969876167332,0.0806223225534193,0.07704087183961963,0.03454156835998573,)
132	2734482294761536	68748	4	(594:128[0.12999999999999998],640:66[0.13999999999999999],646:267[0.15],648:43[0.15],)	504	-39.28	-1793.974107142857	-10000.0	13	13.552	19	10	(0.05852487411319129,0.06993452173003148,0.049291816794828365,0.09277552457058656,)
133	2734930481810686	69256	5	(640:61[0.15],646:199[0.13999999999999999],648:120[0.16],649:105[0.15],650:19[0.15],)	504	-37.17	-908.8016666666664	-10000.0	15	14.408	20	10	(0.07626925431892906,0.08313797666146576,0.052066427138257064,0.06982600289471666,0.07835925188770192,)
134	2735263474300402	69761	5	(640:27[0.16],646:268[0.12999999999999998],648:80[0.15],649:80[0.13999999999999999],650:50[0.16],)	505	-35.94	-704.9719801980198	-10000.0	13	13.738	21	10	(0.08922252893847014,0.04710673267764518,0.08331374529543185,0.06026042264131605,0.02889076765584328,)
135	2735777612768521	70266	5	(640:25[0.17],646:58[0.11999999999999998],648:232[0.16],649:67[0.15],650:123[0.17],)	505	-37.98	-913.7359801980202	-10000.0	13	14.906	21	10	(0.07943536107276154,0.07675492268761198,0.05553714805824332,0.059913645990775644,0.046597389781238764,)
136	2736233676426984	70771	6	(640:100[0.18000000000000002],646:68[0.12999999999999998],648:141[0.15],649:84[0.16],650:95[0.16],651:17[0.15],)	505	-35.69	-912.0185940594058	-10000.0	17	14.37	22	10	(0.06674981430523981,0.07356878445380256,0.07303576312351515,0.08047638750901077,0.07558133299535319,0.08529611505848914,)
137	2736613679042510	71277	7	(640:16[0.17],646:108[0.13999999999999999],648:65[0.13999999999999999],649:35[0.15],650:169[0.15],651:80[0.16],652:33[0.15],)	506	-36.05	-820.8895059288539	-10000.0	16	14.266	22	10	(0.061286220452076656,0.04957026601614242,0.050418960877658604,0.07663659137224849,0.0692008283518848,0.059650279444972046,0.07679425182470118,)
138	2737092545941980	71797	8	(640:76[0.18000000000000002],646:65[0.12999999999999998],648:62[0.15],649:15[0.16],650:67[0.13999999999999999],651:53[0.15],652:112[0.16],654:57[0.15],)	507	-37.14	-887.4005325443787	-10000.0	16	14.538	22	10	(0.06292941935241732,0.0387075032242551,0.03203257803589822,0.07747039699840773,0.07252270146360949,0.0679240228446348,0.046590095191268534,0.07881488290250428,)
139	2737484439353492	72313	8	(640:64[0.17],646:111[0.11999999999999998],648:59[0.13999999999999999],649:50[0.17],650:36[0.12999999999999998],651:46[0.16],652:97[0.15],656:45[0.15],)	508	-35.35	-746.5951181102362	-10000.0	17	14.478	23	10	(0.08042007222370383,0.05998562712000064,0.039393718428671745,0.07009610913807186,0.08293527321271349,0.05717939730532861,0.045873608842538105,0.09040116644155702,)
140	2737853715796872	72834	7	(640:24[0.16],646:102[0.10999999999999999],648:86[0.15],650:110[0.13999999999999999],651:68[0.17],652:40[0.13999999999999999],656:78[0.16],)	508	-34.63	-735.3314763779528	-10000.0	15	14.34	21	10	(0.08465745137829857,0.057112346758807664,0.031509004380832026,0.06154315151507643,0.038664175216527596,0.044643083304645156,0.08334512494129563,)
141	2738220734111898	73346	7	(640:32[0.17],646:31[0.09999999999999999],648:108[0.13999999999999999],650:100[0.12999999999999998],651:91[0.18000000000000002],652:60[0.15],656:85[0.15],)	507	-36.01	-726.8980078895464	-10000.0	14	14.222	21	10	(0.0531516855044347,0.06247694641831062,0.03855216233639516,0.057380644614814645,0.07641402328990857,0.05864541532970221,0.07284902568697171,)
142	2738529866583609	73860	8	(640:34[0.18000000000000002],646:55[0.10999999999999999],648:78[0.12999999999999998],650:64[0.11999999999999998],651:113[0.17],652:91[0.16],656:34[0.13999999999999999],660:38[0.15],)	507	-34.82	-632.8943984220906	-10000.0	14	14.664	21	10	(0.09300804801531379,0.04120605169984307,0.03453824766096447,0.08800539461829343,0.06347155644663989,0.06016314445985474,0.07689455929903075,0.05574928471364225,)
143	2738758965723255	74368	9	(640:53[0.19000000000000003],646:46[0.11999999999999998],648:98[0.11999999999999998],650:34[0.10999999999999999],651:34[0.16],652:34[0.15],656:89[0.15],660:92[0.16],662:28[0.15],)	508	-34.57	-472.74572834645676	-10000.0	15	14.23	21	10	(0.0895242106908898,0.05233373030826558,0.038292131043377274,0.0680007085851212,0.05323464108901133,0.045888584795604224,0.07777619802974717,0.04952881344210593,0.0719308627054918,)
144	2739074509243097	74888	7	(640:23[0.20000000000000004],648:105[0.10999999999999999],651:109[0.17],652:128[0.16],656:66[0.13999999999999999],660:32[0.15],662:46[0.16],)	509	-35.87	-568.7536149312376	-10000.0	14	14.508	21	10	(0.04204246147377773,0.05063738027448618,0.052919933074759104,0.046142536067733525,0.04542453187036066,0.04272962793491536,0.051320246426091225,)
145	2739373480751953	75399	6	(640:101[0.21000000000000005],648:60[0.09999999999999999],651:46[0.16],652:142[0.15],660:89[0.16],662:69[0.17],)	507	-34.6	-603.036272189349	-10000.0	15	14.938	21	10	(0.04259796443271765,0.04803688740791698,0.05113164699772185,0.03762751084875997,0.05771731482319952,0.04433584057475535,)
146	2739711362962781	75908	5	(640:169[0.20000000000000004],648:33[0.10999999999999999],651:76[0.17],652:77[0.13999999999999999],660:151[0.15],)	506	-34.05	-659.7196442687747	-10000.0	14	14.42	22	10	(0.05612095372638209,0.03990865502371052,0.055902697919690804,0.047241676216562785,0.04247279884549695,)
147	2740358186088851	76413	6	(640:82[0.19000000000000003],648:111[0.11999999999999998],651:34[0.18000000000000002],652:178[0.15],660:81[0.13999999999999999],665:19[0.15],)	505	-31.22	-1242.897069306931	-10000.0	17	15.868	22	10	(0.06545805124716454,0.052647895223110655,0.12734862391492094,0.03868464903607372,0.07027804854389756,0.09427663404279642,)
148	2740842930731681	76929	5	(640:53[0.20000000000000004],648:143[0.10999999999999999],652:97[0.13999999999999999],660:102[0.15],665:111[0.16],)	506	-31.31	-926.8898814229249	-10000.0	18	15.46	23	10	(0.09153253411947893,0.04740721873240309,0.03677929598065498,0.04984441710662874,0.05046118097633108,)
149	2741402534502691	77434	5	(640:55[0.21000000000000005],648:169[0.09999999999999999],652:69[0.15],660:102[0.13999999999999999],665:110[0.15],)	505	-33.22	-991.6739603960397	-10000.0	17	15.46	23	10	(0.057299443541350886,0.04444864853039378,0.03517371656423422,0.05827498809468987,0.07299260431920668,)
