alpha = 0.15
gamma = 1.0
lambda = 0.6
epsilon = 0.3
randomSeed = 666
GREAT!
Xover: 4
---- Evolution parameters ----
Folder name:          NMSarsa_Maze/run_2686830085343113
Random seed:          666
GREAT activated:      true
Max iterations:       150
Population size:      500
GREAT initialization  true
Speciation threshold: 0.15
Species min size:     15
Tournament size:      3
Crossover rate:       0.2
Mutation rate:        0.8
Crossovers:
	AligningCrossover_v4(0.15)
Mutations:
	AddGeneMutation(maxSize=2147483647, prob=0.33)
	DeleteGeneMutation(minSize=10, prob=0.33)
	ChangeGeneMutation(prob=0.33)
------------------------------

---- Starting evolution ----
IT	Nanotime	#Eval	#Species	Species size	PopSize	Best	Avg	Worst	Best GRN Size	Avg GRN size	Max GRN size	Min GRN size	Species avgdist2rep
0	2688984949425701	997	1	(489:499[0.15],)	499	-63.23	-192.8248697394791	-9897.9	12	11.138	15	10	(0.06663355624965626,)
1	2689072492746254	1498	4	(489:344[0.16],490:67[0.15],491:22[0.15],492:68[0.15],)	501	-62.9	-184.1843512974051	-9946.52	11	11.43	16	10	(0.06521857665035956,0.08893382594939676,0.06888861785341183,0.08251504328000292,)
2	2689173010273419	2002	4	(489:189[0.15],490:16[0.16],491:257[0.16],492:42[0.16],)	504	-61.6	-212.91164682539676	-9954.81	14	11.328	16	10	(0.060831327174218915,0.047860520863150235,0.049818495020066,0.0612511162821426,)
3	2689244800050744	2506	4	(489:101[0.13999999999999999],490:65[0.17],491:30[0.15],492:308[0.17],)	504	-60.48	-145.6350396825397	-10000.0	12	12.014	17	10	(0.061687239683562364,0.054570132840163446,0.07874483932908118,0.06773738375243596,)
4	2689339049895671	3010	4	(489:126[0.15],490:61[0.18000000000000002],491:140[0.16],492:177[0.16],)	504	-60.18	-197.26936507936506	-9886.47	12	11.796	18	10	(0.052189533994497314,0.05387235553282823,0.05653148196285734,0.05933581980569085,)
5	2689460591432260	3514	4	(489:97[0.13999999999999999],490:205[0.19000000000000003],491:168[0.15],492:34[0.15],)	504	-59.45	-264.4600595238094	-9934.42	13	11.71	19	10	(0.062231710160272805,0.06430543451216972,0.08075884805291611,0.07794174480928528,)
6	2689590025748392	4018	4	(489:111[0.15],490:193[0.18000000000000002],491:184[0.13999999999999999],492:16[0.16],)	504	-58.69	-266.36291666666654	-9904.28	13	11.912	20	10	(0.06599091715795277,0.07064622671155806,0.06166651279645015,0.08077895945907605,)
7	2689732438591530	4522	4	(489:271[0.16],490:42[0.17],491:147[0.12999999999999998],492:44[0.17],)	504	-55.08	-257.42525793650793	-9902.02	12	12.094	19	10	(0.06842189373413202,0.10498505555405317,0.0708783914148447,0.08532938517259285,)
8	2689890161432921	5026	6	(489:79[0.15],490:238[0.18000000000000002],491:127[0.11999999999999998],492:23[0.18000000000000002],493:16[0.15],494:21[0.15],)	504	-58.2	-320.3898412698413	-9907.98	13	12.212	17	10	(0.07621626100129389,0.056661698438384936,0.06912159452934254,0.09861329169214299,0.0899101478691457,0.06447087164823882,)
9	2690020632009910	5533	7	(489:88[0.16],490:117[0.17],491:113[0.10999999999999999],492:24[0.19000000000000003],493:105[0.16],494:24[0.16],496:35[0.15],)	506	-56.75	-244.47887351778655	-9847.94	11	11.88	16	10	(0.05995885166663297,0.08355376201796356,0.08069996921813473,0.08401338877157884,0.07678877885154321,0.07085784055535298,0.08860863095238096,)
10	2690136986692152	6041	7	(489:103[0.15],490:84[0.16],491:82[0.09999999999999999],492:45[0.20000000000000004],493:21[0.15],494:145[0.17],496:27[0.16],)	507	-56.95	-219.52800788954633	-10000.0	12	11.924	17	10	(0.06958986915316208,0.06883003152502098,0.06070300680941466,0.0390815170115163,0.0676762941724691,0.05375877198773665,0.06371710219513695,)
11	2690259293847491	6549	7	(489:26[0.13999999999999999],490:99[0.15],491:141[0.09],492:29[0.21000000000000005],493:101[0.16],494:81[0.16],496:30[0.17],)	507	-55.92	-232.67641025641024	-9903.24	13	12.218	18	10	(0.06990186125017578,0.06641133601520956,0.05938922462533274,0.015366128011927452,0.08613001523141488,0.08290432765003815,0.09288695050545465,)
12	2690338073268316	7078	7	(490:156[0.13999999999999999],491:130[0.08],492:60[0.22000000000000006],493:44[0.15],496:32[0.18000000000000002],499:50[0.15],500:35[0.15],)	507	-54.56	-98.30528599605522	-9710.82	15	12.29	18	10	(0.0900568279859963,0.060562622394883844,0.09363975475259151,0.09632876468091611,0.10736710525304644,0.09841555767532316,0.08155324406371409,)
13	2690454693722520	7591	6	(490:49[0.12999999999999998],491:30[0.07],493:146[0.16],496:34[0.19000000000000003],499:94[0.16],500:154[0.16],)	507	-52.46	-247.62191321499014	-9855.77	14	12.34	19	10	(0.08970778957879168,0.058256479801109005,0.04807039256396398,0.11080172916731075,0.05884209704398,0.06281586004332797,)
14	2690532645069274	8100	7	(490:38[0.13999999999999999],491:82[0.08],493:75[0.15],496:139[0.20000000000000004],499:33[0.15],500:79[0.15],502:60[0.15],)	506	-50.27	-135.13452569169962	-9904.57	15	12.688	17	10	(0.09524637326368107,0.05945115971610877,0.07995140355046292,0.07342125825871113,0.0845574718093373,0.06329732104723632,0.07150133955971884,)
15	2690642426216818	8612	7	(490:179[0.15],491:21[0.07],493:30[0.13999999999999999],496:37[0.19000000000000003],499:47[0.16],500:37[0.13999999999999999],502:156[0.16],)	507	-51.97	-183.0515779092702	-9905.37	11	13.506	18	10	(0.0834836020623605,0.0537406056459596,0.048161867150021034,0.07594921492355514,0.06353295249227468,0.06455719962598586,0.06389879892224369,)
16	2690759512099956	9134	7	(490:66[0.13999999999999999],491:82[0.08],493:19[0.15],496:48[0.20000000000000004],499:40[0.17],500:163[0.15],502:89[0.15],)	507	-49.06	-196.21078895463515	-9885.28	11	13.356	19	10	(0.08774395622193511,0.058700818763475625,0.08222693244281527,0.06218242135985123,0.09011983253223925,0.07098473909823395,0.0337658562132773,)
17	2690847252105159	9669	6	(490:86[0.15],493:230[0.16],496:30[0.21000000000000005],499:20[0.18000000000000002],500:113[0.13999999999999999],502:28[0.13999999999999999],)	507	-47.9	-142.09140039447735	-9846.34	12	12.042	19	10	(0.08556097406401687,0.05873622400396795,0.05046081024229414,0.1037392986924083,0.07135385312262,0.062194751695267635,)
18	2690935098597202	10175	6	(490:90[0.13999999999999999],493:62[0.15],496:35[0.22000000000000006],499:47[0.19000000000000003],500:43[0.12999999999999998],502:229[0.15],)	506	-46.18	-167.1420948616601	-9882.81	12	14.47	20	10	(0.08565617818163432,0.063670948443382,0.11916756596553257,0.13162259436905926,0.07388686648395529,0.054958539041191544,)
19	2691085073777802	10702	6	(490:31[0.12999999999999998],493:111[0.16],499:36[0.20000000000000004],500:243[0.13999999999999999],502:34[0.13999999999999999],509:51[0.15],)	506	-43.04	-307.803162055336	-9902.95	14	12.3	20	10	(0.09557375615185759,0.07008930697925758,0.07897383949776506,0.0698024731952418,0.042267020765680424,0.0844151714384448,)
20	2691205065857736	11226	7	(490:24[0.13999999999999999],493:127[0.15],499:56[0.21000000000000005],500:149[0.12999999999999998],502:33[0.15],509:22[0.16],511:95[0.15],)	506	-45.49	-225.91715415019763	-9904.23	12	12.438	21	10	(0.050604096375836155,0.05532472860709717,0.09683062754201459,0.06340058227750306,0.05146292133087683,0.0583348917407113,0.09061955125148058,)
21	2691358885194267	11745	8	(490:28[0.15],493:169[0.13999999999999999],499:97[0.22000000000000006],500:31[0.11999999999999998],502:77[0.16],509:20[0.17],511:20[0.13999999999999999],517:65[0.15],)	507	-49.06	-238.3730177514793	-10000.0	12	13.816	22	10	(0.09019780011573275,0.054882821202526105,0.029089666891656454,0.06843114708773444,0.09808609074870378,0.029672400035164758,0.06513790952293379,0.06794133886263365,)
22	2691530302016376	12253	8	(490:35[0.16],493:58[0.12999999999999998],499:121[0.21000000000000005],500:48[0.12999999999999998],502:111[0.15],509:31[0.18000000000000002],511:27[0.15],517:77[0.13999999999999999],)	508	-46.74	-255.93624015748028	-9908.3	17	14.804	22	10	(0.07324335787287517,0.057714462743365016,0.041484848262882366,0.06915457932894284,0.03781452414435202,0.04860540146874244,0.041310820660291375,0.027470786420371856,)
23	2691638775259138	12761	9	(490:69[0.17],493:67[0.13999999999999999],499:58[0.20000000000000004],500:51[0.13999999999999999],502:85[0.13999999999999999],509:95[0.19000000000000003],511:18[0.16],517:46[0.12999999999999998],518:19[0.15],)	508	-46.52	-170.41753937007874	-10000.0	18	14.462	21	10	(0.06422695971911271,0.05690893683265333,0.03967667588751237,0.07340682612150007,0.035783292636860864,0.047460748767248824,0.04981873585402361,0.023601936092054177,0.08331272637984598,)
24	2691753240609470	13275	8	(490:120[0.16],499:22[0.19000000000000003],500:80[0.15],502:26[0.12999999999999998],509:32[0.18000000000000002],511:144[0.17],517:66[0.13999999999999999],519:19[0.15],)	509	-44.62	-170.6960314341847	-9873.61	14	14.564	21	10	(0.09389247712715507,0.051740065869211344,0.06362562165768018,0.03214945673637977,0.05502320126058281,0.046290376484992006,0.03280572333483371,0.0886004833011884,)
25	2691930400456335	13804	7	(490:22[0.15],499:25[0.20000000000000004],502:61[0.13999999999999999],509:164[0.19000000000000003],511:79[0.16],517:115[0.12999999999999998],519:42[0.16],)	508	-44.93	-227.43687007874018	-9907.9	17	15.61	21	10	(0.0470178780926681,0.041655565243413635,0.037436093288674976,0.07060293854929091,0.04986827476268334,0.02406538974347412,0.043010980021904024,)
26	2692054834696434	14311	7	(490:26[0.16],499:116[0.21000000000000005],502:79[0.15],509:20[0.18000000000000002],511:93[0.15],517:89[0.11999999999999998],519:84[0.17],)	507	-44.3	-189.22216962524658	-9952.13	14	14.896	20	10	(0.0698497329042845,0.05471878038428192,0.051919464130396074,0.08222617136764743,0.04730394515090118,0.03590108025334761,0.049520306545460614,)
27	2692157826557242	14818	7	(490:19[0.17],499:20[0.20000000000000004],502:62[0.13999999999999999],509:178[0.19000000000000003],511:58[0.13999999999999999],517:86[0.10999999999999999],519:84[0.16],)	507	-44.52	-146.7424852071006	-9927.73	21	15.356	21	10	(0.08733459182245128,0.06843719493391308,0.05498512092720012,0.07540542856293192,0.053412489125705835,0.024893667494683698,0.04567614825419629,)
28	2692275934780497	15325	7	(490:25[0.18000000000000002],499:211[0.21000000000000005],502:25[0.15],509:20[0.18000000000000002],511:72[0.15],517:78[0.09999999999999999],519:76[0.15],)	507	-43.63	-183.391775147929	-9986.36	12	15.664	22	10	(0.049302753941834344,0.07547501639565987,0.025061926262102813,0.08566610378826714,0.07527505578462826,0.04774257511525483,0.07010049219942627,)
29	2692442049893479	15832	7	(490:100[0.19000000000000003],499:79[0.20000000000000004],502:30[0.16],509:33[0.19000000000000003],511:31[0.13999999999999999],517:146[0.09],519:88[0.13999999999999999],)	507	-44.26	-226.66942800788956	-9901.91	13	16.36	23	10	(0.0715453361077835,0.0637958339523558,0.06293532779895829,0.06818235162607768,0.08607420469751302,0.02940780380124819,0.10128094456650963,)
30	2692570173846844	16347	7	(490:71[0.18000000000000002],499:27[0.19000000000000003],502:51[0.17],509:167[0.20000000000000004],511:43[0.15],517:63[0.08],519:85[0.12999999999999998],)	507	-45.66	-194.30958579881653	-9900.29	20	15.156	24	10	(0.04496805052672223,0.028427866312060224,0.04616160054397006,0.0616080463890531,0.07123906962719978,0.045920905073337716,0.07133965984661575,)
31	2692667948777872	16854	8	(490:103[0.17],499:26[0.20000000000000004],502:99[0.18000000000000002],509:72[0.19000000000000003],511:31[0.16],517:99[0.09],519:58[0.11999999999999998],522:19[0.15],)	507	-44.83	-143.29927021696253	-9810.64	21	15.892	24	10	(0.05631154319709738,0.031011211095819023,0.030925199261717492,0.062237732026993925,0.021106525950097627,0.03924997679499009,0.0810810517348008,0.06817656198997056,)
32	2692851283418976	17376	6	(490:72[0.16],499:16[0.21000000000000005],502:56[0.17],511:18[0.17],519:53[0.12999999999999998],522:293[0.16],)	508	-43.68	-276.7362007874016	-9875.63	16	15.068	24	10	(0.05483278793153273,0.024296161840351382,0.056662540413775726,0.025447145821869868,0.0783196330794332,0.035569755577878615,)
33	2692942050472112	17885	5	(490:49[0.17],499:231[0.22000000000000006],502:77[0.18000000000000002],519:71[0.13999999999999999],522:78[0.15],)	506	-44.14	-125.24837944664033	-9864.91	17	15.204	25	10	(0.0661411457896706,0.05435094449373151,0.06494917806535172,0.05382744449684417,0.03606182390925033,)
34	2693056648723859	18397	5	(490:78[0.18000000000000002],499:210[0.21000000000000005],502:56[0.19000000000000003],519:94[0.15],522:67[0.16],)	505	-41.92	-150.88310891089108	-9893.25	18	15.57	24	10	(0.10572037257523939,0.06656681109668419,0.08281982463500812,0.11058707354609425,0.09544441296146618,)
35	2693167893911109	18902	5	(490:148[0.19000000000000003],499:69[0.20000000000000004],502:47[0.20000000000000004],519:158[0.16],522:83[0.17],)	505	-44.92	-151.99439603960397	-9782.85	11	16.582	25	10	(0.09779494429530203,0.03469540374809592,0.0796188012133733,0.05755414705267607,0.05057594695161442,)
36	2693316004374695	19407	5	(490:19[0.18000000000000002],499:57[0.21000000000000005],502:191[0.21000000000000005],519:172[0.15],522:66[0.18000000000000002],)	505	-42.94	-204.82188118811882	-9941.84	16	16.896	25	10	(0.10149648884297066,0.05844072764934652,0.07594666983805555,0.06751672228850547,0.06542460339751686,)
37	2693414575717046	19912	5	(490:99[0.19000000000000003],499:138[0.22000000000000006],502:88[0.20000000000000004],519:18[0.13999999999999999],522:162[0.19000000000000003],)	505	-42.66	-108.35059405940594	-9894.6	11	17.28	25	10	(0.04922597436598004,0.051178698985924115,0.06059193013006845,0.10192915220956006,0.09943602273465454,)
38	2693504906012535	20417	5	(490:113[0.20000000000000004],499:64[0.21000000000000005],502:87[0.21000000000000005],519:151[0.15],522:90[0.18000000000000002],)	505	-44.0	-106.63760396039605	-9828.48	17	16.878	25	10	(0.06538204543112262,0.04577929036112151,0.047781709246386014,0.06818034439036082,0.050976174562457635,)
39	2693662913708554	20922	5	(490:111[0.19000000000000003],499:137[0.22000000000000006],502:97[0.22000000000000006],519:85[0.13999999999999999],522:75[0.19000000000000003],)	505	-42.92	-194.9373861386139	-10000.0	23	16.632	26	10	(0.07063056471013494,0.10057612218275488,0.0763473009983327,0.1050486190920537,0.05091671198353595,)
40	2693766517001480	21435	4	(490:56[0.18000000000000002],499:30[0.21000000000000005],502:208[0.23000000000000007],522:211[0.20000000000000004],)	505	-43.03	-114.01649504950493	-9832.62	15	18.15	25	11	(0.07422461879829259,0.10135584852598001,0.10993907658387231,0.048487655178475954,)
41	2693962024779672	21939	4	(490:147[0.19000000000000003],499:117[0.22000000000000006],502:35[0.22000000000000006],522:205[0.19000000000000003],)	504	-40.58	-262.19527777777773	-10000.0	17	17.736	26	10	(0.08297175872681167,0.07482930562978173,0.06374136646029815,0.04978006357811789,)
42	2694087190081509	22443	4	(490:24[0.18000000000000002],499:137[0.23000000000000007],502:270[0.23000000000000007],522:73[0.18000000000000002],)	504	-43.63	-145.1824007936508	-9876.24	22	18.6	26	10	(0.10524405121184227,0.05008950775140225,0.061703804541712225,0.10248730953301002,)
43	2694270903845755	22947	4	(490:99[0.19000000000000003],499:223[0.22000000000000006],502:143[0.22000000000000006],522:39[0.19000000000000003],)	504	-40.58	-235.8283928571428	-10000.0	17	17.718	26	10	(0.06655413622292268,0.09139265363192674,0.07664153595671792,0.08988358841950835,)
44	2694367608094375	23451	4	(490:48[0.20000000000000004],499:121[0.21000000000000005],502:237[0.21000000000000005],522:98[0.20000000000000004],)	504	-41.37	-107.13138888888886	-9848.24	14	17.186	26	10	(0.05461100496223307,0.04084400839742426,0.04142870022148629,0.10215714464021204,)
45	2694507357726333	23955	4	(490:104[0.21000000000000005],499:188[0.22000000000000006],502:143[0.20000000000000004],522:69[0.21000000000000005],)	504	-42.92	-186.154503968254	-9864.78	16	18.598	27	10	(0.05029292775264665,0.059392993413963736,0.049326314089270434,0.049519883684053655,)
46	2694589961134844	24459	4	(490:137[0.22000000000000006],499:86[0.21000000000000005],502:198[0.19000000000000003],522:83[0.22000000000000006],)	504	-42.88	-97.95382936507934	-9960.03	18	17.442	26	10	(0.06827550529844865,0.06630138570510855,0.06479317543969988,0.06361621112704542,)
47	2694811957727084	24963	4	(490:45[0.21000000000000005],499:291[0.22000000000000006],502:86[0.18000000000000002],522:82[0.23000000000000007],)	504	-42.99	-197.99787698412698	-9823.63	20	19.816	27	10	(0.078353005845719,0.051800320436401384,0.06084980227028572,0.06534332978605348,)
48	2694935627140105	25467	4	(490:63[0.22000000000000006],499:158[0.21000000000000005],502:175[0.19000000000000003],522:108[0.24000000000000007],)	504	-40.21	-135.623630952381	-9896.2	13	18.734	27	11	(0.09395178294044308,0.03669636646307584,0.048186156823910246,0.06489559001049659,)
49	2695097622100027	25974	3	(490:109[0.23000000000000007],499:167[0.20000000000000004],502:228[0.18000000000000002],)	504	-44.16	-203.0000793650794	-10000.0	14	18.584	27	11	(0.09091858130814195,0.04526113927103774,0.08029014324954518,)
50	2695292489322445	26477	3	(490:66[0.24000000000000007],499:126[0.19000000000000003],502:311[0.17],)	503	-42.07	-207.4470576540756	-9981.57	21	18.122	28	12	(0.058492980206390086,0.07255931433440116,0.0596845386240062,)
51	2695473242824299	26980	3	(490:227[0.25000000000000006],499:197[0.20000000000000004],502:79[0.16],)	503	-42.3	-206.61355864811142	-9991.98	17	19.716	29	12	(0.04291333572054325,0.09208643026407821,0.06975677354006563,)
52	2695669239982110	27483	3	(490:284[0.24000000000000005],499:81[0.19000000000000003],502:138[0.17],)	503	-43.38	-204.59256461232616	-10000.0	17	18.25	29	12	(0.05315264084077599,0.08615372381500921,0.08260518423842947,)
53	2695812206748897	27986	3	(490:292[0.23000000000000004],499:99[0.20000000000000004],502:112[0.18000000000000002],)	503	-42.32	-141.52310139165013	-9981.42	15	19.288	29	11	(0.0708923789061594,0.050841771044332275,0.08935329557023243,)
54	2695973188395997	28489	3	(490:110[0.22000000000000003],499:299[0.21000000000000005],502:94[0.19000000000000003],)	503	-41.08	-144.8345328031809	-9881.28	15	20.894	30	10	(0.08567239534733244,0.10520601109211358,0.0811557592317662,)
55	2696084410925648	28992	3	(490:186[0.23000000000000004],499:142[0.20000000000000004],502:175[0.20000000000000004],)	503	-42.84	-122.35300198807157	-9902.4	18	19.482	31	10	(0.07561522006114818,0.049377983453627074,0.08747035493170544,)
56	2696221217709335	29495	3	(490:237[0.22000000000000003],499:107[0.21000000000000005],502:159[0.19000000000000003],)	503	-44.51	-140.4533200795229	-9974.07	21	18.688	32	10	(0.06850501449878044,0.057963858869860975,0.06919689229146458,)
57	2696355478357451	29998	3	(490:235[0.21000000000000002],499:189[0.22000000000000006],502:79[0.20000000000000004],)	503	-42.79	-117.92757455268391	-9824.76	21	19.52	31	10	(0.08558463005996914,0.06903213604738098,0.07598428850474477,)
58	2696500595310687	30501	3	(490:192[0.2],499:220[0.21000000000000005],502:91[0.21000000000000005],)	503	-43.08	-149.67477137176937	-9872.15	20	20.774	32	10	(0.09646473770187457,0.04954128631109435,0.09028091644573381,)
59	2696641879768691	31004	3	(490:98[0.19],499:103[0.20000000000000004],502:302[0.22000000000000006],)	503	-43.63	-160.84266401590455	-9934.19	23	18.696	32	10	(0.08067078119368554,0.08169110916661636,0.08918402021124472,)
60	2696829900424680	31507	3	(490:102[0.2],499:245[0.21000000000000005],502:156[0.21000000000000005],)	503	-44.35	-182.018170974155	-9902.33	20	20.934	32	11	(0.095152739499532,0.07889600544007085,0.1001701826633617,)
61	2696960785683026	32010	3	(490:198[0.21000000000000002],499:121[0.20000000000000004],502:184[0.22000000000000006],)	503	-43.98	-143.6210934393638	-9818.58	20	18.856	33	10	(0.11250783022736181,0.05718870724162033,0.0943281298813542,)
62	2697128935608646	32513	3	(490:100[0.2],499:228[0.21000000000000005],502:175[0.21000000000000005],)	503	-43.41	-193.40298210735585	-9963.37	16	19.562	34	10	(0.09543906026050786,0.06427101395537606,0.09998335195446176,)
63	2697299211254115	33016	3	(490:116[0.21000000000000002],499:171[0.20000000000000004],502:216[0.20000000000000004],)	503	-43.38	-193.36155069582506	-9953.27	13	18.46	35	10	(0.10313179973188849,0.07900570302951163,0.1126965009412416,)
64	2697454732807004	33519	4	(490:231[0.22000000000000003],499:173[0.19000000000000003],502:70[0.19000000000000003],524:29[0.15],)	503	-43.43	-188.4908151093439	-9909.6	22	17.926	34	10	(0.11858061043769678,0.08603175087505259,0.1338440620169447,0.10775074109544386,)
65	2697553463871030	34023	4	(490:161[0.21000000000000002],499:105[0.18000000000000002],502:104[0.20000000000000004],524:134[0.16],)	504	-42.47	-121.50765873015874	-9824.38	17	17.544	35	10	(0.09034239511878552,0.10096496138689229,0.0782109541189428,0.07229685697570708,)
66	2697732801728019	34527	4	(490:203[0.2],499:85[0.19000000000000003],502:53[0.21000000000000005],524:163[0.15],)	504	-42.25	-249.40267857142857	-9997.66	15	17.046	35	10	(0.06918957097841343,0.0827267567472346,0.10046584163903438,0.10587488075349573,)
67	2697879892974644	35031	4	(490:70[0.19],499:213[0.20000000000000004],502:76[0.22000000000000006],524:145[0.13999999999999999],)	504	-41.43	-193.33442460317454	-9891.08	18	17.214	35	10	(0.09561188153961744,0.09667972994119807,0.07027393684336991,0.08509639622736272,)
68	2698064793176774	35535	4	(490:139[0.2],499:214[0.19000000000000003],502:77[0.23000000000000007],524:74[0.12999999999999998],)	504	-42.08	-204.21948412698416	-9812.61	11	17.456	27	10	(0.09304082669871111,0.0783950270395762,0.07613721047072314,0.06915662804652774,)
69	2698224583842849	36039	4	(490:117[0.19],499:194[0.18000000000000002],502:102[0.24000000000000007],524:91[0.13999999999999999],)	504	-40.43	-176.83075396825402	-9890.77	20	18.15	26	10	(0.08959658595965497,0.08983188263427093,0.10167679213345979,0.07194824039330443,)
70	2698435914993857	36555	4	(490:231[0.2],499:104[0.17],502:35[0.25000000000000006],524:134[0.15],)	504	-41.72	-246.5113690476189	-10000.0	19	18.474	27	10	(0.10528597193631513,0.08629310402843379,0.08754355004461956,0.07562876143568269,)
71	2698623441575959	37059	4	(490:76[0.19],499:93[0.18000000000000002],502:284[0.26000000000000006],524:51[0.13999999999999999],)	504	-42.8	-191.7016865079365	-10000.0	15	19.526	27	11	(0.09989313398211785,0.12282285514046236,0.06738442386621074,0.07678960870297455,)
72	2698781516245707	37563	4	(490:242[0.2],499:54[0.19000000000000003],502:162[0.25000000000000006],524:46[0.15],)	504	-43.34	-181.97910714285715	-9889.08	13	18.508	26	10	(0.09632637664747255,0.07251372951564873,0.062238908576712576,0.0537236849999733,)
73	2698949658748198	38067	4	(490:212[0.19],499:164[0.20000000000000004],502:60[0.24000000000000005],524:68[0.16],)	504	-43.2	-180.866746031746	-10000.0	15	18.056	26	10	(0.08448071229511733,0.07122601958940487,0.05696650101992937,0.060270058347079936,)
74	2699112892530342	38571	4	(490:87[0.18],499:79[0.19000000000000003],502:226[0.25000000000000006],524:112[0.17],)	504	-43.57	-165.7353968253968	-9993.46	18	19.438	26	10	(0.08087759275218626,0.08369680218287778,0.05939609789368619,0.0648246471799301,)
75	2699220403126316	39075	4	(490:62[0.19],499:168[0.20000000000000004],502:121[0.24000000000000005],524:153[0.18000000000000002],)	504	-42.89	-102.17823412698412	-6589.99	13	19.098	27	10	(0.09482863115186871,0.08077881637535589,0.07730361047362744,0.07345469667136917,)
76	2699406486580940	39579	4	(490:113[0.2],499:24[0.19000000000000003],502:144[0.25000000000000006],524:223[0.17],)	504	-43.02	-223.47944444444448	-9884.41	19	19.242	27	10	(0.08661074443638488,0.09464187785331558,0.07255172333812715,0.07761765904288703,)
77	2699529053667218	40083	4	(490:118[0.21000000000000002],499:243[0.20000000000000004],502:79[0.24000000000000005],524:64[0.16],)	504	-42.5	-135.54795634920634	-9812.8	13	17.326	28	10	(0.08182113675363863,0.06606621361465197,0.10461725916625672,0.0916750594095989,)
78	2699655355983642	40587	4	(490:78[0.22000000000000003],499:137[0.19000000000000003],502:213[0.25000000000000006],524:76[0.17],)	504	-42.57	-133.69505952380956	-9513.59	13	18.858	29	10	(0.10414566931677233,0.07071878431099884,0.05938669286532253,0.08334535290857285,)
79	2699824923251505	41091	4	(490:125[0.23000000000000004],499:205[0.18000000000000002],502:149[0.24000000000000005],524:25[0.18000000000000002],)	504	-43.59	-214.06623015873018	-9902.7	14	17.902	29	10	(0.08707882250306977,0.09490983877003828,0.07286823773156939,0.07943631232866367,)
80	2699944171456797	41595	4	(490:106[0.22000000000000003],499:202[0.17],502:114[0.23000000000000004],524:82[0.19000000000000003],)	504	-42.1	-155.0318650793651	-9905.64	17	17.848	29	10	(0.08090635831897992,0.09003161033151606,0.08381675175329197,0.08451557996217686,)
81	2700096853503664	42099	4	(490:195[0.23000000000000004],499:148[0.16],502:60[0.24000000000000005],524:101[0.20000000000000004],)	504	-41.96	-208.56954365079366	-9905.59	18	17.216	28	10	(0.08797684425490256,0.07866342627951389,0.0647171674084018,0.067597515710334,)
82	2700213137124866	42603	4	(490:220[0.22000000000000003],499:154[0.15],502:67[0.25000000000000006],524:63[0.21000000000000005],)	504	-43.31	-142.2288293650794	-9819.68	17	17.104	28	10	(0.07568595635797916,0.05439004723436105,0.06413193571213602,0.07714620284871808,)
83	2700342719735521	43107	4	(490:102[0.21000000000000002],499:170[0.13999999999999999],502:189[0.26000000000000006],524:43[0.22000000000000006],)	504	-42.82	-161.58823412698408	-9839.65	15	18.202	28	10	(0.0926152525933673,0.061223906415350804,0.07012745759232379,0.06204453098896473,)
84	2700461532443136	43611	4	(490:193[0.22000000000000003],499:161[0.12999999999999998],502:87[0.25000000000000006],524:63[0.23000000000000007],)	504	-41.73	-146.12996031746042	-9812.08	18	17.374	29	10	(0.09144946840735389,0.08705770971057997,0.06864490274138167,0.10839286410999614,)
85	2700615196242053	44115	4	(490:141[0.21000000000000002],499:182[0.11999999999999998],502:72[0.26000000000000006],524:109[0.24000000000000007],)	504	-42.26	-222.02571428571423	-9991.36	18	17.046	28	10	(0.07196490680271682,0.07049871271311832,0.1028706716090678,0.04724471432970512,)
86	2700774953476590	44619	4	(490:268[0.2],499:104[0.10999999999999999],502:115[0.2700000000000001],524:17[0.25000000000000006],)	504	-40.69	-208.52670634920636	-9833.28	14	17.072	28	10	(0.07860994346363759,0.07515796382933043,0.05354957851060708,0.10047608621230139,)
87	2700896036041533	45123	4	(490:143[0.19],499:150[0.11999999999999998],502:132[0.2800000000000001],524:79[0.26000000000000006],)	504	-42.96	-147.3172420634921	-9909.99	19	16.438	27	11	(0.10319870080617506,0.054591660021220914,0.05706204941273317,0.03918862150878422,)
88	2700974870154195	45627	4	(490:190[0.18],499:46[0.10999999999999999],502:136[0.2700000000000001],524:132[0.2700000000000001],)	504	-42.24	-106.97718253968253	-9876.37	13	16.376	27	10	(0.10301014053661489,0.06466826420335782,0.0849206787028593,0.08326013030263021,)
89	2701079106369408	46131	4	(490:78[0.16999999999999998],499:219[0.11999999999999998],502:84[0.26000000000000006],524:123[0.26000000000000006],)	504	-42.25	-151.4462698412699	-9824.07	14	15.818	24	10	(0.11609958378797658,0.07626213887846292,0.06398740231784122,0.10356940194857535,)
90	2701198326815326	46635	4	(490:90[0.18],499:135[0.10999999999999999],502:76[0.2700000000000001],524:203[0.2700000000000001],)	504	-41.95	-184.57906746031748	-9908.0	16	15.914	25	10	(0.1321423570909462,0.06693586408534069,0.06835284739141062,0.11291658557380738,)
91	2701361821480985	47140	4	(490:232[0.19],499:113[0.09999999999999999],502:62[0.2800000000000001],524:97[0.26000000000000006],)	504	-41.87	-197.50765873015877	-10000.0	19	16.426	23	10	(0.08481295349203491,0.059346439510613025,0.061925152593245665,0.08983539408135041,)
92	2701491732664514	47644	4	(490:99[0.18],499:65[0.10999999999999999],502:234[0.2900000000000001],524:106[0.2700000000000001],)	504	-43.31	-171.7616666666667	-9810.46	17	16.932	24	10	(0.07107641688951404,0.07295256761618542,0.08391097710546204,0.10199187981779584,)
93	2701665451233954	48148	4	(490:104[0.19],499:58[0.11999999999999998],502:176[0.2800000000000001],524:166[0.2800000000000001],)	504	-42.23	-211.78291666666672	-10000.0	21	17.304	24	10	(0.1011304394497888,0.08065831777392211,0.05122749102653215,0.111315891505668,)
94	2701840508939883	48652	4	(490:62[0.2],499:238[0.12999999999999998],502:146[0.2700000000000001],524:58[0.2700000000000001],)	504	-43.21	-219.20345238095237	-9899.53	13	17.088	24	10	(0.1419071491635001,0.10274899077020197,0.06947611896350099,0.11137386886033483,)
95	2701967028999981	49156	4	(490:77[0.21000000000000002],499:92[0.11999999999999998],502:90[0.26000000000000006],524:245[0.2800000000000001],)	504	-41.64	-170.10688492063494	-9888.1	22	16.876	24	10	(0.07749716768908564,0.08650366147250144,0.09030084227053514,0.08337944458492065,)
96	2702068451030146	49660	4	(490:119[0.22000000000000003],499:108[0.12999999999999998],502:136[0.2700000000000001],524:141[0.2700000000000001],)	504	-41.48	-141.2972619047619	-9768.43	22	16.488	25	10	(0.08624664238229605,0.08147148300305213,0.08578499635045801,0.0824885733674101,)
97	2702232113809775	50164	4	(490:19[0.23000000000000004],499:145[0.13999999999999999],502:166[0.26000000000000006],524:174[0.26000000000000006],)	504	-40.99	-222.2000793650794	-9878.81	19	16.66	24	10	(0.09754714877128598,0.07861909517095052,0.07726212680508115,0.08626510209256244,)
98	2702365418463693	50668	4	(490:38[0.24000000000000005],499:60[0.12999999999999998],502:164[0.25000000000000006],524:242[0.25000000000000006],)	504	-40.69	-185.70198412698417	-9907.3	13	16.476	25	10	(0.12783212390653176,0.08100248114874734,0.10569320403700555,0.09342984062977933,)
99	2702492069978837	51172	4	(490:41[0.25000000000000006],499:118[0.13999999999999999],502:112[0.24000000000000005],524:233[0.24000000000000005],)	504	-41.71	-171.26934523809524	-9801.8	19	17.134	26	10	(0.11141152825311211,0.0595442120253135,0.07081693119493283,0.07903668444251782,)
100	2702653615903400	51676	4	(490:174[0.26000000000000006],499:176[0.15],502:72[0.25000000000000006],524:82[0.23000000000000004],)	504	-41.38	-206.83057539682542	-9902.63	13	16.976	26	10	(0.09771326075577483,0.09242494457033547,0.11436582029259568,0.08878094857389804,)
101	2702784085190644	52180	4	(490:120[0.25000000000000006],499:144[0.13999999999999999],502:92[0.26000000000000006],524:148[0.24000000000000005],)	504	-41.77	-155.99097222222224	-9904.71	14	16.14	27	10	(0.08399550317925251,0.08512551778287017,0.0631831432138616,0.06736424425153908,)
102	2702897106138747	52684	4	(490:128[0.26000000000000006],499:230[0.12999999999999998],502:18[0.2700000000000001],524:128[0.23000000000000004],)	504	-41.19	-169.8557936507937	-9902.5	13	16.286	26	10	(0.12304135791981609,0.08057277784097591,0.12948466676853668,0.08074802937388986,)
103	2702993140268282	53188	4	(490:146[0.25000000000000006],499:133[0.11999999999999998],502:70[0.2800000000000001],524:155[0.22000000000000003],)	504	-41.4	-146.61412698412698	-9768.3	14	14.452	27	10	(0.0864841613635224,0.09468169049286151,0.07629527019315406,0.117555516027857,)
104	2703091900955954	53692	4	(490:123[0.24000000000000005],499:19[0.10999999999999999],502:187[0.2900000000000001],524:175[0.21000000000000002],)	504	-42.43	-165.6617261904762	-9901.57	16	13.602	23	10	(0.09172144293773857,0.0778480338353829,0.06713196300558143,0.09040768173513415,)
105	2703182043905980	54196	5	(490:156[0.25000000000000006],499:41[0.11999999999999998],502:146[0.2800000000000001],524:99[0.2],527:62[0.15],)	504	-42.17	-145.2012896825397	-9855.84	13	14.348	23	10	(0.06169972024747105,0.07697702838489817,0.08028910006604256,0.11060923440894362,0.09903366448923609,)
106	2703338405195249	54711	4	(490:106[0.24000000000000005],499:55[0.12999999999999998],502:76[0.2700000000000001],527:268[0.16],)	505	-41.85	-238.9167524752476	-10000.0	11	13.57	22	10	(0.06520513082599562,0.07008713135161122,0.08318639691744742,0.05062577899475787,)
107	2703505021483133	55220	4	(490:286[0.25000000000000006],499:34[0.13999999999999999],502:44[0.2800000000000001],527:140[0.15],)	504	-42.81	-263.6694444444445	-10000.0	19	14.404	22	10	(0.08116973569759578,0.09521595874876997,0.06775418582962088,0.07083788510179352,)
108	2703649991854982	55738	5	(490:269[0.24000000000000005],499:103[0.15],502:26[0.2900000000000001],529:83[0.15],530:23[0.15],)	504	-42.0	-251.75863095238103	-9984.75	19	14.374	23	10	(0.06978272839714161,0.0935651478246664,0.10177161888321991,0.09048385484003735,0.09163601876893378,)
109	2703824115589889	56243	5	(490:57[0.23000000000000004],499:18[0.13999999999999999],502:16[0.3000000000000001],529:90[0.16],530:324[0.16],)	505	-41.71	-339.63457425742564	-9903.14	10	12.114	24	10	(0.09233944402782661,0.11236858712318834,0.06697807380230711,0.06272589149344215,0.04673422098842651,)
110	2703945099904562	56748	5	(490:69[0.24000000000000005],499:15[0.15],502:120[0.3100000000000001],529:202[0.17],530:99[0.15],)	505	-43.06	-204.3869306930693	-9953.21	21	13.93	25	10	(0.08528251787322993,0.017216853983918128,0.06115341749031397,0.08371020054425966,0.053725712216758814,)
111	2704101559110834	57253	5	(490:69[0.25000000000000006],499:63[0.16],502:174[0.3000000000000001],529:66[0.16],530:133[0.16],)	505	-41.61	-289.45756435643557	-10000.0	13	13.146	24	10	(0.08317492526470073,0.0401847098938267,0.09865239938213256,0.0705556884348831,0.06532080987738956,)
112	2704241654932186	57758	5	(490:52[0.26000000000000006],499:90[0.17],502:152[0.2900000000000001],529:173[0.17],530:38[0.15],)	505	-41.02	-293.3629504950494	-9903.37	20	13.242	25	10	(0.07336764252648048,0.02754880095418175,0.10226806254237408,0.0681199707557995,0.0788868443738234,)
113	2704350227274163	58263	5	(490:180[0.2700000000000001],499:31[0.18000000000000002],502:27[0.2800000000000001],529:238[0.16],530:29[0.16],)	505	-40.53	-245.13768316831684	-9903.86	13	12.824	26	10	(0.08546545976470367,0.034129989603628,0.07831030410456485,0.06697389172996152,0.05946143125235342,)
114	2704461970135396	58772	5	(490:54[0.26000000000000006],499:50[0.19000000000000003],502:40[0.2900000000000001],529:315[0.15],530:46[0.17],)	505	-43.29	-187.4028712871287	-9902.03	13	12.74	23	10	(0.08683345541019927,0.030586553701689178,0.05672655299827103,0.06449746222398701,0.07023255293591205,)
115	2704563736371285	59277	5	(490:56[0.2700000000000001],499:64[0.20000000000000004],502:78[0.3000000000000001],529:107[0.13999999999999999],530:200[0.18000000000000002],)	505	-37.92	-152.36182178217825	-9939.93	12	14.546	24	10	(0.08623965293904037,0.09944668469191753,0.08621714577103946,0.08230696742430627,0.05572283857088271,)
116	2704659582373215	59782	5	(490:40[0.2800000000000001],499:101[0.21000000000000005],502:74[0.3100000000000001],529:62[0.12999999999999998],530:228[0.17],)	505	-42.75	-147.19740594059402	-9953.54	11	14.842	25	10	(0.07311216762923865,0.11906920708612048,0.06501774598025813,0.10028345667663174,0.06712032385735794,)
117	2704786706923513	60287	5	(490:227[0.2900000000000001],499:107[0.20000000000000004],502:25[0.3200000000000001],529:89[0.13999999999999999],530:57[0.16],)	505	-41.19	-234.4600198019802	-9902.38	16	12.844	24	10	(0.06634649054485726,0.08283727508453129,0.06655054154586118,0.08044224266554488,0.07845604260446505,)
118	2704857585217237	60792	5	(490:86[0.2800000000000001],499:91[0.19000000000000003],502:164[0.3300000000000001],529:73[0.15],530:91[0.17],)	505	-41.17	-144.43744554455446	-9996.82	13	12.37	23	10	(0.09114614386438219,0.10446759268126264,0.08112505788958704,0.0769777099269969,0.09951076677125488,)
119	2704940236732143	61297	5	(490:136[0.2900000000000001],499:44[0.20000000000000004],502:86[0.3200000000000001],529:101[0.16],530:138[0.18000000000000002],)	505	-41.32	-148.50421782178216	-9812.67	16	12.804	24	10	(0.06730781081495572,0.06051554888995852,0.0653532611162195,0.06452911136731994,0.07054359662720194,)
120	2705042501172540	61802	5	(490:205[0.2800000000000001],499:49[0.21000000000000005],502:65[0.3300000000000001],529:141[0.15],530:45[0.17],)	505	-43.42	-206.38734653465352	-9963.82	13	12.27	25	10	(0.06362555211513071,0.08363612070297997,0.06453606725690904,0.07545133067864178,0.09500597598827666,)
121	2705174550236165	62307	5	(490:164[0.2700000000000001],499:131[0.22000000000000006],502:84[0.34000000000000014],529:82[0.13999999999999999],530:44[0.18000000000000002],)	505	-43.23	-238.72253465346532	-9903.7	13	13.186	26	10	(0.06303238832525761,0.061291959265923214,0.062333560203366715,0.07608974655245647,0.07957864734004524,)
122	2705326666672136	62812	5	(490:77[0.26000000000000006],499:32[0.21000000000000005],502:120[0.35000000000000014],529:104[0.15],530:172[0.19000000000000003],)	505	-43.27	-218.83946534653464	-9930.58	22	15.644	27	10	(0.11252294262948397,0.09080784902198949,0.12038344730002432,0.06310433365932305,0.0411299074417884,)
123	2705450538934533	63317	5	(490:87[0.2700000000000001],499:140[0.22000000000000006],502:28[0.34000000000000014],529:82[0.13999999999999999],530:168[0.18000000000000002],)	505	-42.36	-223.0836435643564	-9903.05	15	14.198	26	10	(0.07651473349444939,0.09634794655195149,0.07956885754044452,0.07072044440876447,0.10401664968979238,)
124	2705560239645800	63822	5	(490:57[0.2800000000000001],499:117[0.21000000000000005],502:215[0.35000000000000014],529:77[0.15],530:39[0.17],)	505	-42.01	-186.82885148514853	-9957.31	14	12.786	26	10	(0.09763666344475694,0.06086877005926641,0.09504873550895893,0.08338604651139453,0.07017336443829375,)
125	2705704621743715	64327	5	(490:135[0.2900000000000001],499:67[0.20000000000000004],502:36[0.34000000000000014],529:41[0.16],530:226[0.18000000000000002],)	505	-41.6	-273.7163168316832	-10000.0	17	14.42	26	10	(0.08690652528491312,0.08646654295723204,0.0709211966201378,0.08444326420260483,0.0670046896925341,)
126	2705859901401389	64832	5	(490:166[0.2800000000000001],499:82[0.21000000000000005],502:85[0.35000000000000014],529:74[0.17],530:98[0.17],)	505	-42.05	-304.56992079207924	-10000.0	17	12.47	27	10	(0.08475312886450065,0.06262495706066601,0.08484350415187668,0.06225539125625401,0.09252059359570144,)
127	2705978367115121	65337	5	(490:100[0.2700000000000001],499:131[0.22000000000000006],502:116[0.36000000000000015],529:81[0.18000000000000002],530:77[0.18000000000000002],)	505	-40.29	-202.83897029702962	-10000.0	15	12.532	25	10	(0.09712085434472244,0.0706919261696539,0.0891123313299503,0.10973600407751184,0.10330977580837454,)
128	2706037950942444	65842	5	(490:50[0.26000000000000006],499:219[0.21000000000000005],502:168[0.35000000000000014],529:15[0.19000000000000003],530:53[0.19000000000000003],)	505	-40.06	-108.60328712871288	-9758.7	13	12.376	23	10	(0.08482212991781223,0.08075650287749561,0.08096013904797962,0.08689947526814451,0.08029977812238089,)
129	2706127325209823	66347	5	(490:209[0.2700000000000001],499:98[0.20000000000000004],502:51[0.34000000000000014],529:95[0.20000000000000004],530:52[0.20000000000000004],)	505	-43.47	-157.98162376237624	-9815.4	14	12.826	24	10	(0.08346539541593077,0.08676068666595427,0.11633679214045684,0.06321159496367963,0.07996730864483016,)
130	2706219042449388	66852	5	(490:91[0.26000000000000006],499:126[0.21000000000000005],502:112[0.35000000000000014],529:121[0.21000000000000005],530:55[0.21000000000000005],)	505	-42.48	-160.05516831683167	-9994.14	22	14.394	25	10	(0.055633508344469416,0.10966431797557662,0.08821362291756223,0.08440059899728508,0.09059474058813313,)
131	2706349757954810	67357	5	(490:112[0.2700000000000001],499:162[0.20000000000000004],502:115[0.34000000000000014],529:93[0.20000000000000004],530:23[0.22000000000000006],)	505	-42.51	-223.5564752475248	-9979.59	21	13.98	24	10	(0.06646067460216588,0.06911856725431736,0.08516723258530294,0.09670342087976332,0.07062324098686881,)
132	2706462947507444	67862	5	(490:147[0.26000000000000006],499:110[0.19000000000000003],502:32[0.3300000000000001],529:45[0.21000000000000005],530:171[0.23000000000000007],)	505	-42.57	-204.92257425742574	-9901.69	16	14.122	24	10	(0.07299479959436048,0.08098360156274154,0.08800613945149353,0.09552327807379307,0.05100142243190097,)
133	2706564978048238	68367	6	(490:40[0.25000000000000006],499:49[0.18000000000000002],502:63[0.34000000000000014],529:133[0.22000000000000006],530:177[0.22000000000000006],532:43[0.15],)	505	-42.32	-195.96910891089112	-9849.49	14	13.548	25	10	(0.07689826061403233,0.07038278390533434,0.08058773876023717,0.08572979746374189,0.09910818827195136,0.0498394733307805,)
134	2706705127412410	68873	6	(490:192[0.26000000000000006],499:47[0.19000000000000003],502:33[0.35000000000000014],529:118[0.21000000000000005],530:62[0.21000000000000005],532:54[0.16],)	506	-42.0	-283.4512648221344	-10000.0	16	12.514	24	10	(0.06359283079157235,0.06121157707287243,0.09279693277253279,0.10030090074797961,0.12332094796848543,0.08759639432348004,)
135	2706816190719875	69379	6	(490:160[0.25000000000000006],499:176[0.20000000000000004],502:27[0.36000000000000015],529:75[0.20000000000000004],530:34[0.22000000000000006],532:34[0.17],)	506	-41.64	-186.18088932806324	-9966.34	18	14.25	25	10	(0.07392724595606275,0.08727841191557953,0.09958619026291426,0.06713454056961521,0.07860659051989474,0.04256126185997785,)
136	2706938539366234	69885	6	(490:114[0.24000000000000005],499:82[0.19000000000000003],502:22[0.37000000000000016],529:86[0.21000000000000005],530:57[0.23000000000000007],532:145[0.18000000000000002],)	506	-41.46	-207.30553359683793	-9922.39	14	12.972	25	10	(0.09056308498598144,0.0958739582870157,0.06311385305902953,0.08191448400023453,0.06668059716029125,0.041114318061685674,)
137	2707044273828671	70391	6	(490:43[0.23000000000000004],499:128[0.20000000000000004],502:89[0.38000000000000017],529:136[0.20000000000000004],530:43[0.24000000000000007],532:67[0.17],)	506	-41.33	-177.4834584980237	-10000.0	14	14.776	24	10	(0.0700570342439825,0.06093824419676838,0.08798588329817496,0.0877128279732165,0.079676845465919,0.07315603534222288,)
138	2707141401313419	70897	6	(490:45[0.24000000000000005],499:140[0.19000000000000003],502:79[0.37000000000000016],529:16[0.19000000000000003],530:80[0.25000000000000006],532:146[0.18000000000000002],)	506	-43.55	-190.63337944664025	-10000.0	10	14.29	23	10	(0.11944592891071971,0.06834967898869507,0.11069499753551784,0.09131040336613791,0.11812486587423994,0.08047212106893006,)
139	2707207308633424	71403	6	(490:52[0.25000000000000006],499:130[0.18000000000000002],502:106[0.38000000000000017],529:33[0.20000000000000004],530:77[0.26000000000000006],532:108[0.17],)	506	-42.1	-120.59110671936759	-9812.65	12	13.19	23	10	(0.0887537003508821,0.07817029941118568,0.07571662356155057,0.0630457094810021,0.05331526021345528,0.07034857939212,)
140	2707330013077744	71909	6	(490:78[0.26000000000000006],499:70[0.17],502:108[0.37000000000000016],529:40[0.21000000000000005],530:124[0.2700000000000001],532:86[0.16],)	506	-41.81	-246.5484584980237	-10000.0	11	13.102	22	10	(0.08353609819885655,0.08352428498690129,0.0807852586981078,0.07118220891370547,0.06574596865365948,0.08658251092170219,)
141	2707423920993270	72415	6	(490:85[0.2700000000000001],499:91[0.18000000000000002],502:83[0.36000000000000015],529:74[0.22000000000000006],530:93[0.26000000000000006],532:80[0.15],)	506	-41.81	-208.1987747035573	-9997.79	16	12.916	22	10	(0.07611874764840476,0.07569685355957172,0.0711732490913379,0.0643393395362762,0.06640372055480942,0.06277749902248556,)
142	2707558339630270	72932	5	(490:55[0.26000000000000006],499:152[0.17],502:76[0.35000000000000014],529:115[0.23000000000000007],530:108[0.25000000000000006],)	506	-42.28	-276.93197628458506	-10000.0	14	12.622	23	10	(0.064289980860076,0.10679837856472253,0.07830472893812296,0.06842056300991876,0.10806802220937824,)
143	2707646013207206	73437	5	(490:70[0.2700000000000001],499:56[0.16],502:91[0.36000000000000015],529:201[0.22000000000000006],530:87[0.24000000000000005],)	505	-41.53	-194.12164356435645	-9850.1	14	12.25	22	10	(0.10113947206749267,0.10773426629097467,0.08424194344319097,0.05562409424777834,0.07254254049534706,)
144	2707780765912426	73953	4	(499:33[0.17],502:176[0.37000000000000016],529:191[0.21000000000000005],530:105[0.25000000000000006],)	505	-43.72	-308.4846534653466	-10000.0	13	12.166	22	10	(0.09146362448976851,0.08250145363905224,0.07692029586764969,0.060398580567370096,)
145	2707876505216548	74457	4	(499:93[0.18000000000000002],502:156[0.36000000000000015],529:103[0.20000000000000004],530:152[0.26000000000000006],)	504	-41.82	-221.90648809523807	-9875.7	10	12.474	22	10	(0.08804767440182235,0.0956009071480607,0.07599653738392673,0.07208543128187382,)
146	2707958120706022	74961	4	(499:47[0.19000000000000003],502:184[0.35000000000000014],529:198[0.21000000000000005],530:75[0.25000000000000006],)	504	-42.66	-186.93283730158734	-10000.0	12	12.216	20	10	(0.09238213728134019,0.0820916632374832,0.09233603225774085,0.07531578360671141,)
147	2708041336773219	75465	4	(499:78[0.20000000000000004],502:117[0.34000000000000014],529:91[0.20000000000000004],530:218[0.26000000000000006],)	504	-41.46	-153.32742063492063	-10000.0	12	12.356	21	10	(0.08301915517452049,0.1131298470960625,0.06088676033490362,0.09232409605069676,)
148	2708128803981775	75969	4	(499:241[0.21000000000000005],502:90[0.35000000000000014],529:45[0.21000000000000005],530:128[0.25000000000000006],)	504	-42.27	-186.75499999999997	-9902.18	13	12.724	22	10	(0.08641307667468102,0.08746109457800637,0.07036336476287554,0.09989547039602995,)
149	2708252814362110	76473	4	(499:210[0.20000000000000004],502:48[0.36000000000000015],529:135[0.22000000000000006],530:111[0.24000000000000005],)	504	-40.31	-275.0447420634921	-9957.51	10	12.348	21	10	(0.0869790298661305,0.07659037350972774,0.08246697798915421,0.09605622338538566,)
