alpha = 0.15
gamma = 1.0
lambda = 0.6
epsilon = 0.3
randomSeed = 1111
GREAT!
Xover: 4
---- Evolution parameters ----
Folder name:          NMSarsa_Maze/run_2686830093943370
Random seed:          1111
GREAT activated:      true
Max iterations:       150
Population size:      500
GREAT initialization  true
Speciation threshold: 0.15
Species min size:     15
Tournament size:      3
Crossover rate:       0.2
Mutation rate:        0.8
Crossovers:
	AligningCrossover_v4(0.15)
Mutations:
	AddGeneMutation(maxSize=2147483647, prob=0.33)
	DeleteGeneMutation(minSize=10, prob=0.33)
	ChangeGeneMutation(prob=0.33)
------------------------------

---- Starting evolution ----
IT	Nanotime	#Eval	#Species	Species size	PopSize	Best	Avg	Worst	Best GRN Size	Avg GRN size	Max GRN size	Min GRN size	Species avgdist2rep
0	2689064488438390	997	1	(493:499[0.15],)	499	-46.79	-270.17513026052126	-9971.47	11	10.896	15	10	(0.06582994453895388,)
1	2689221980937766	1498	3	(493:353[0.16],494:112[0.15],495:36[0.15],)	501	-48.31	-276.2499001996008	-10000.0	10	11.37	16	10	(0.06698572483851567,0.08280343330866656,0.07229567409858156,)
2	2689334843233268	2027	6	(493:64[0.15],494:137[0.16],495:122[0.16],496:59[0.15],497:52[0.15],500:69[0.15],)	503	-47.93	-252.64656063618284	-9967.89	10	11.148	16	10	(0.07837390388330889,0.06544390323409914,0.09132192558731118,0.08796596488598991,0.08658618635925541,0.07386401053811943,)
3	2689446789170139	2533	6	(493:53[0.16],494:95[0.15],495:89[0.15],496:68[0.16],497:52[0.16],500:149[0.16],)	506	-45.08	-243.05571146245063	-10000.0	11	11.192	15	10	(0.06670145978807689,0.043728356735373015,0.0651743221430076,0.061532173432311675,0.04820817677578172,0.0627660748341159,)
4	2689575284915099	3039	7	(493:44[0.17],494:118[0.13999999999999999],495:25[0.13999999999999999],496:78[0.17],497:134[0.17],500:72[0.15],502:35[0.15],)	506	-43.49	-285.6636758893281	-9966.01	11	11.154	16	10	(0.09657537450890392,0.08043631650935558,0.07583210563806919,0.0777136616697548,0.08021934743804088,0.08570845571616971,0.07947699585310934,)
5	2689694952318434	3546	7	(493:154[0.18000000000000002],494:106[0.12999999999999998],495:121[0.15],496:24[0.16],497:39[0.16],500:26[0.13999999999999999],502:37[0.16],)	507	-45.5	-248.89364891518744	-10000.0	11	11.152	15	10	(0.0654461743650706,0.03600952318967527,0.04793664102860748,0.05962888380305889,0.04312777049316954,0.06287788990154163,0.07091484861635775,)
6	2689817315611422	4069	6	(493:112[0.17],494:39[0.11999999999999998],495:42[0.13999999999999999],497:132[0.17],500:23[0.15],502:159[0.17],)	507	-45.05	-267.1835108481263	-9944.46	13	11.286	15	10	(0.0839333060469257,0.05142312028891734,0.03371575014374298,0.052058991523254924,0.07400655727935092,0.06380881809967988,)
7	2689937200501221	4580	5	(494:162[0.12999999999999998],495:170[0.15],497:109[0.16],500:27[0.16],502:38[0.16],)	506	-39.52	-246.28899209486173	-10000.0	12	11.254	14	10	(0.03985725289797887,0.059197419851980806,0.06077392934495034,0.04985974895592544,0.06253171502410584,)
8	2690057226935059	5085	5	(494:19[0.11999999999999998],495:129[0.13999999999999999],497:161[0.15],500:86[0.17],502:110[0.17],)	505	-39.56	-264.3516435643564	-10000.0	13	11.456	14	10	(0.06133085591188317,0.06086199540989828,0.06286173896327663,0.08516142628570506,0.10266263223746674,)
9	2690120065961941	5591	5	(494:99[0.12999999999999998],495:107[0.12999999999999998],497:46[0.13999999999999999],500:207[0.18000000000000002],502:46[0.16],)	505	-38.93	-114.56609900990095	-9832.65	11	11.522	15	10	(0.07832727707626391,0.048039881533226886,0.08204057142295239,0.06064331244010135,0.04696525758175963,)
10	2690204591615605	6107	6	(494:133[0.13999999999999999],495:20[0.11999999999999998],497:81[0.15],500:185[0.17],502:62[0.17],507:24[0.15],)	505	-39.41	-174.9767722772277	-9923.26	11	11.578	16	10	(0.057346230389631395,0.06455994966016144,0.0846574863885668,0.06601688854468649,0.07645786697976573,0.06493545805734482,)
11	2690320025078032	6613	9	(494:137[0.12999999999999998],495:29[0.12999999999999998],497:65[0.16],500:26[0.16],502:60[0.18000000000000002],507:65[0.16],509:36[0.15],510:31[0.15],511:57[0.15],)	506	-37.08	-228.10936758893277	-10000.0	11	11.752	16	10	(0.06916749631743162,0.06963438460456066,0.07446194391110464,0.08805685078672752,0.0715627229806757,0.09377642454299687,0.06939009732263568,0.09269231208651502,0.08539921579838287,)
12	2690401138581973	7131	8	(494:45[0.11999999999999998],495:40[0.13999999999999999],497:78[0.15],500:38[0.17],502:88[0.17],507:103[0.15],509:93[0.16],511:24[0.13999999999999999],)	509	-38.53	-148.22911591355597	-10000.0	11	11.814	16	10	(0.0855059569570602,0.06635095604193637,0.04485902345780874,0.09010521479853864,0.05153662797707154,0.03496987929929069,0.07809622929639214,0.06789269493580996,)
13	2690509525788489	7646	8	(494:99[0.12999999999999998],495:22[0.15],497:46[0.13999999999999999],500:58[0.18000000000000002],502:19[0.16],507:126[0.13999999999999999],509:85[0.15],511:53[0.15],)	508	-37.38	-206.4199212598425	-9998.05	15	12.022	17	10	(0.05405858783303293,0.07554580284918613,0.051071605930665315,0.07520443863924099,0.10178808652603089,0.043381336735841,0.06199366270775549,0.0713003046229459,)
14	2690635923101446	8167	7	(494:114[0.11999999999999998],495:29[0.16],497:60[0.15],500:23[0.19000000000000003],502:150[0.17],507:83[0.12999999999999998],511:49[0.16],)	508	-37.76	-232.00826771653539	-10000.0	11	11.718	17	10	(0.07285544924514531,0.06203974015507223,0.05365247218307488,0.08166984806180227,0.0646485914684829,0.05910985382952049,0.05138335514445305,)
15	2690795719001813	8694	7	(494:49[0.10999999999999999],495:34[0.17],497:176[0.16],502:28[0.16],507:109[0.11999999999999998],511:82[0.17],515:29[0.15],)	507	-37.57	-314.8272189349112	-10000.0	14	11.664	16	10	(0.07120863044083355,0.07948074068065242,0.07677367823145703,0.06428404765434673,0.049381410609220994,0.06763399054464794,0.08454897863213219,)
16	2690944095578560	9216	7	(494:21[0.11999999999999998],495:95[0.18000000000000002],497:105[0.15],502:18[0.17],507:104[0.10999999999999999],511:107[0.16],515:57[0.16],)	507	-37.92	-286.86485207100594	-10000.0	12	11.54	15	10	(0.07048028465432718,0.06918567225172073,0.06154643685438766,0.06370315514501156,0.05634668721241238,0.07136940163300771,0.055139983698275066,)
17	2691079990221262	9729	8	(494:44[0.12999999999999998],497:51[0.13999999999999999],502:101[0.18000000000000002],507:90[0.09999999999999999],511:75[0.15],515:68[0.17],518:22[0.15],519:56[0.15],)	507	-38.1	-267.73532544378696	-9977.1	14	11.878	16	10	(0.07753794841355482,0.06705506924551277,0.06110925579170963,0.053240258435989105,0.09711870502908292,0.045760224769773025,0.07425040390604047,0.06638475089964453,)
18	2691245830767593	10240	9	(494:51[0.13999999999999999],497:16[0.15],502:94[0.17],507:32[0.09],511:54[0.13999999999999999],515:172[0.16],518:17[0.16],519:44[0.16],522:28[0.15],)	508	-37.55	-322.4420866141732	-10000.0	12	11.732	17	10	(0.05431157992591874,0.07139646194239045,0.06888229795872942,0.053400386921371425,0.07299332635217974,0.06329958926851936,0.08110832552799949,0.05963985779136518,0.088371671462076,)
19	2691351795963869	10749	10	(494:30[0.15],497:33[0.16],502:79[0.16],507:46[0.09999999999999999],511:17[0.15],515:61[0.15],518:17[0.17],519:133[0.17],522:53[0.16],523:40[0.15],)	509	-36.37	-204.7661100196464	-9815.4	12	12.382	18	10	(0.0671195339013066,0.0803419646383994,0.07157461373449706,0.06148034777444115,0.08284712888230794,0.050928441875794546,0.05711689592864525,0.0568443329920011,0.07393031359993033,0.06477098000951212,)
20	2691452840448208	11290	7	(494:44[0.16],502:52[0.15],507:75[0.10999999999999999],511:52[0.16],515:131[0.13999999999999999],522:57[0.15],523:99[0.16],)	510	-34.53	-186.90880392156868	-10000.0	12	11.73	18	10	(0.04140818454067885,0.06444245458104249,0.049632741779840776,0.07346934166486842,0.04290176767951896,0.07351405380024212,0.043741514912826046,)
21	2691553204359453	11830	5	(494:132[0.17],507:73[0.09999999999999999],511:23[0.17],515:84[0.12999999999999998],522:195[0.16],)	507	-38.23	-185.31765285996048	-9922.62	14	12.032	19	10	(0.06840503596067227,0.05848161621607057,0.07840982469199197,0.07050688822488593,0.07805754394001108,)
22	2691708493072755	12340	6	(494:67[0.16],507:150[0.10999999999999999],511:113[0.18000000000000002],515:122[0.13999999999999999],522:34[0.15],528:19[0.15],)	505	-38.19	-219.09326732673267	-10000.0	14	11.77	17	10	(0.08393921959948511,0.06240256519750439,0.06954381948160412,0.056368595271851604,0.08244305480811943,0.08545201375352555,)
23	2691984129924364	12846	6	(494:40[0.17],507:43[0.09999999999999999],511:240[0.17],515:138[0.12999999999999998],522:17[0.16],528:28[0.16],)	506	-38.28	-465.17090909090905	-10000.0	13	11.854	18	10	(0.10718356363166023,0.0776115567755214,0.07912168907725452,0.06491606612275992,0.06855383312524128,0.09106269423288475,)
24	2692110160620084	13363	6	(494:73[0.18000000000000002],507:102[0.10999999999999999],511:100[0.16],515:83[0.11999999999999998],522:114[0.17],529:34[0.15],)	506	-35.95	-235.94452569169962	-9915.56	14	11.816	17	10	(0.08422535840960027,0.06192988101288011,0.07218427730630685,0.060626963908128995,0.06568640628299925,0.08820941890979521,)
25	2692256096101418	13888	5	(494:82[0.19000000000000003],507:129[0.09999999999999999],511:153[0.15],515:106[0.10999999999999999],522:36[0.16],)	506	-36.39	-275.6054545454546	-10000.0	14	12.1	17	10	(0.07332277016832331,0.0688397759395028,0.08273876433465477,0.050050389653992146,0.05504815541767241,)
26	2692366956058220	14417	5	(494:128[0.20000000000000004],507:84[0.09],515:101[0.09999999999999999],522:145[0.17],534:47[0.15],)	505	-36.16	-181.10344554455446	-9987.73	11	12.696	18	10	(0.09561998586014712,0.0511434872096154,0.05545945109775559,0.08301600508470927,0.07203873477760611,)
27	2692496900569691	14931	6	(494:118[0.19000000000000003],507:51[0.09999999999999999],515:142[0.09],522:112[0.16],534:46[0.16],539:36[0.15],)	505	-37.57	-242.90572277227724	-10000.0	12	12.76	18	10	(0.07778626695737402,0.0488386008084011,0.042632015584646125,0.07386956253280164,0.0884866314106472,0.09391301056761323,)
28	2692635344987010	15437	6	(494:39[0.18000000000000002],507:98[0.10999999999999999],515:26[0.08],522:61[0.15],534:260[0.17],539:22[0.16],)	506	-36.49	-264.3934782608696	-10000.0	11	12.312	18	10	(0.07024484719990307,0.048825859838185263,0.07224924810300162,0.07905649994577113,0.08804033611469457,0.055400969245070604,)
29	2692764184401395	15947	6	(494:107[0.19000000000000003],507:80[0.09999999999999999],515:155[0.09],522:61[0.16],534:72[0.16],539:31[0.17],)	506	-37.99	-250.7095849802372	-10000.0	10	12.916	19	10	(0.08098016601294354,0.07135102900764022,0.031319482150504355,0.08586809096599696,0.07562469218094481,0.050921611667916436,)
30	2692886774542474	16453	6	(494:103[0.18000000000000002],507:107[0.10999999999999999],515:85[0.08],522:15[0.17],534:134[0.17],539:62[0.18000000000000002],)	506	-35.47	-235.2785770750988	-10000.0	11	13.088	20	10	(0.07293279183454077,0.0621472088320143,0.02944357185938095,0.059701168801898546,0.0716524770538962,0.08948296283401863,)
31	2693060201402554	16967	5	(494:150[0.17],507:40[0.09999999999999999],515:99[0.07],534:192[0.16],539:25[0.19000000000000003],)	506	-37.41	-293.56940711462454	-9971.4	15	13.274	21	10	(0.08795725076400167,0.05730987228632097,0.037509762748359494,0.07802338923106368,0.06394458608889812,)
32	2693198955940464	17483	6	(494:52[0.16],507:224[0.10999999999999999],515:159[0.08],534:29[0.15],539:24[0.20000000000000004],541:17[0.15],)	505	-35.32	-239.83037623762382	-9962.09	13	13.046	20	10	(0.10682253220275507,0.06573031555166549,0.04705202001550844,0.09432550834196694,0.08313452561446248,0.08223477486108521,)
33	2693377869876986	18014	8	(494:79[0.17],507:39[0.09999999999999999],515:76[0.07],534:44[0.16],539:95[0.21000000000000005],541:120[0.16],546:27[0.15],547:26[0.15],)	506	-36.41	-312.09511857707514	-10000.0	16	12.554	21	10	(0.09940530750467287,0.062337537057428685,0.04364236863002373,0.11766680789590757,0.06788813940214072,0.08336709810510154,0.0412950326017016,0.0864652719752305,)
34	2693461051377023	18530	7	(507:58[0.10999999999999999],515:70[0.060000000000000005],534:87[0.17],539:58[0.20000000000000004],541:30[0.15],546:129[0.16],547:76[0.16],)	508	-37.32	-149.95061023622043	-10000.0	12	12.516	16	10	(0.051373276482762735,0.045761076991992,0.09278505366905593,0.059488993932702745,0.06859922715398278,0.02640700794856339,0.06841869358924038,)
35	2693551938114438	19037	8	(507:131[0.11999999999999998],515:22[0.07],534:56[0.16],539:49[0.21000000000000005],541:29[0.16],546:144[0.15],547:50[0.15],548:26[0.15],)	507	-38.46	-171.47846153846154	-9789.37	15	12.908	17	10	(0.08638116277756774,0.044926524114802996,0.07259242099595556,0.0783764344125866,0.07612558612722238,0.0388917106988573,0.07054027802634003,0.09959923836641213,)
36	2693697682027187	19570	6	(515:52[0.08],534:121[0.17],539:47[0.22000000000000006],541:122[0.17],546:49[0.13999999999999999],548:117[0.16],)	508	-39.06	-259.2792716535432	-9980.68	11	12.738	17	10	(0.04887428289052445,0.08145395580738886,0.1005504224833912,0.047641725315406495,0.05535481982373056,0.05524260266948452,)
37	2693804755026045	20080	6	(515:143[0.09],534:17[0.16],539:167[0.23000000000000007],541:15[0.16],546:56[0.15],548:108[0.15],)	506	-36.64	-198.7422529644269	-10000.0	13	12.848	17	10	(0.052993340788762416,0.10815909761479188,0.06679766456830895,0.05575403819341955,0.07097099292727524,0.062364836265691705,)
38	2693951879685468	20597	6	(515:117[0.08],534:18[0.17],539:32[0.22000000000000006],541:36[0.17],546:121[0.16],548:182[0.13999999999999999],)	506	-36.4	-257.0870948616601	-10000.0	12	12.972	17	10	(0.055111830411166254,0.08769950591771289,0.080891405011517,0.08975372915425685,0.044615406552478316,0.06216581996856311,)
39	2694101535106329	21109	6	(515:108[0.07],534:49[0.18000000000000002],539:141[0.23000000000000007],541:23[0.18000000000000002],546:64[0.15],548:121[0.12999999999999998],)	506	-37.08	-272.918557312253	-10000.0	10	12.916	18	10	(0.0580549949889465,0.11407033777421559,0.06335297169266513,0.07050235583829834,0.04873635161410747,0.07859064045774333,)
40	2694253051382186	21629	5	(515:50[0.060000000000000005],539:43[0.22000000000000006],541:27[0.19000000000000003],546:130[0.16],548:256[0.11999999999999998],)	506	-37.27	-275.68211462450597	-10000.0	14	13.16	18	10	(0.05084528160846722,0.0759984804021225,0.06927982423679153,0.06495340225556646,0.058501634397400325,)
41	2694408569937586	22166	4	(515:201[0.07],539:47[0.23000000000000007],541:182[0.20000000000000004],546:75[0.15],)	505	-35.99	-237.63427722772275	-9998.76	17	13.384	18	10	(0.05397170370368798,0.09235097783996704,0.07908220506745475,0.08956392200719916,)
42	2694543835402100	22672	6	(515:55[0.060000000000000005],539:54[0.24000000000000007],541:105[0.19000000000000003],546:93[0.16],556:164[0.15],557:33[0.15],)	504	-36.69	-196.78595238095235	-9910.08	10	13.544	18	10	(0.03648828209847725,0.0961986313841191,0.10171551732744677,0.09734903388215513,0.06434282130124097,0.08666042842619849,)
43	2694668547563717	23197	5	(515:92[0.07],539:218[0.25000000000000006],546:55[0.15],556:79[0.13999999999999999],557:62[0.16],)	506	-35.43	-210.31118577075097	-9909.4	17	13.262	18	10	(0.04884224062210338,0.06648873477545995,0.06285140856696755,0.05297956000352115,0.05289781312834984,)
44	2694825017647016	23702	5	(515:15[0.08],539:30[0.24000000000000005],546:106[0.16],556:284[0.15],557:70[0.17],)	505	-35.88	-288.26679207920785	-10000.0	13	13.092	18	10	(0.04416153059596468,0.02318403814689708,0.0585029221378036,0.0585892682774482,0.03795505656688569,)
45	2694972865732542	24207	6	(515:234[0.09],539:24[0.25000000000000006],546:111[0.15],556:80[0.13999999999999999],557:18[0.18000000000000002],560:38[0.15],)	505	-38.2	-287.9783762376238	-10000.0	15	12.28	18	10	(0.061508836568552314,0.10664148366655406,0.08532063612414514,0.09453436966364998,0.049341257067047076,0.07335477202115616,)
46	2695085712646255	24713	6	(515:35[0.08],539:36[0.26000000000000006],546:59[0.13999999999999999],556:99[0.15],557:140[0.19000000000000003],560:137[0.16],)	506	-35.5	-210.98814229249007	-9894.67	13	12.442	18	10	(0.044553580166312626,0.09578951247139271,0.06388589291502968,0.05518750654586741,0.1238721637705532,0.07405639520541196,)
47	2695234060889012	25230	4	(515:326[0.09],546:22[0.15],557:55[0.18000000000000002],560:103[0.15],)	506	-35.85	-274.8406719367589	-10000.0	13	12.054	19	10	(0.05262612799304534,0.07921644448631247,0.050548213249610334,0.08837187289187637,)
48	2695389207001719	25744	6	(515:64[0.08],546:58[0.16],560:193[0.16],561:144[0.15],562:21[0.15],563:24[0.15],)	504	-36.97	-271.8268253968254	-10000.0	14	13.134	19	10	(0.0526258743248978,0.060686200786360285,0.0706594839418977,0.08998741025897218,0.0853830827601296,0.06492289510679497,)
49	2695498904634511	26275	5	(515:75[0.09],546:56[0.17],561:61[0.13999999999999999],562:120[0.16],563:194[0.16],)	506	-36.91	-174.6832213438735	-10000.0	14	13.346	19	10	(0.06737566233140535,0.045514435317065484,0.05246745512815333,0.07647063212435919,0.07977802691956656,)
50	2695638840116540	26806	6	(515:140[0.09999999999999999],546:124[0.18000000000000002],561:70[0.15],562:46[0.15],563:81[0.15],568:44[0.15],)	505	-36.12	-228.5414257425743	-9976.65	14	13.012	19	10	(0.06048598304840077,0.09336427202072863,0.06106321850473698,0.05197548540632623,0.06356798923712992,0.09910114911426277,)
51	2695817877636188	27314	6	(515:26[0.09],546:80[0.17],561:62[0.16],562:17[0.16],563:130[0.16],568:191[0.16],)	506	-37.04	-307.7296837944664	-9940.81	13	13.95	19	10	(0.06973719579635401,0.04804819918573165,0.07628898917990447,0.04514821636486693,0.09057376337344838,0.047438624570702914,)
52	2695940727668276	27829	6	(515:176[0.09999999999999999],546:77[0.18000000000000002],561:41[0.17],562:129[0.17],563:28[0.15],568:55[0.15],)	506	-36.58	-243.1902964426877	-9907.21	17	12.692	20	10	(0.052083093672467835,0.06861677408208673,0.056216653899371104,0.06655219094406427,0.08461227020260753,0.07175539774661938,)
53	2696090652747436	28337	7	(515:29[0.09],546:83[0.19000000000000003],561:91[0.18000000000000002],562:43[0.16],563:36[0.16],568:193[0.16],573:31[0.15],)	506	-37.64	-258.2514031620553	-10000.0	12	13.312	20	10	(0.06991204971335808,0.057625204014845326,0.06932547670026126,0.060598014101747186,0.06674024316958076,0.06721195531342909,0.0956951614534766,)
54	2696247222891905	28844	7	(515:127[0.09999999999999999],546:106[0.18000000000000002],561:55[0.17],562:15[0.17],563:28[0.17],568:102[0.15],573:74[0.16],)	507	-38.6	-245.91469428007886	-10000.0	16	13.632	20	10	(0.07445545987402373,0.05836939361387269,0.06850670083248055,0.040549678748523416,0.08154125709083408,0.07881923883651813,0.06833933221461419,)
55	2696348766635989	29366	6	(515:101[0.09],561:83[0.18000000000000002],562:18[0.18000000000000002],563:191[0.18000000000000002],568:74[0.13999999999999999],573:40[0.15],)	507	-36.08	-157.68950690335308	-10000.0	18	14.634	20	10	(0.06302049299511807,0.07573348149944897,0.04168503854488853,0.0696327528319268,0.0504100219311159,0.05236983307433886,)
56	2696535092071980	29886	6	(515:91[0.08],561:49[0.17],562:48[0.19000000000000003],563:121[0.17],573:140[0.16],576:57[0.15],)	506	-34.09	-325.99456521739137	-10000.0	13	13.974	21	10	(0.061453860153151865,0.09090542335969078,0.06831840754964218,0.0667698421461441,0.09444517218189606,0.07867711432347861,)
57	2696669325258306	30405	5	(515:130[0.07],562:66[0.20000000000000004],563:87[0.16],573:114[0.15],576:109[0.16],)	506	-35.15	-237.8747035573123	-10000.0	14	13.08	21	10	(0.05024069454320146,0.0458834645103125,0.08142792273626216,0.08286481475140697,0.05562119783009771,)
58	2696788522148344	30910	6	(515:29[0.060000000000000005],562:84[0.21000000000000005],563:248[0.17],573:54[0.13999999999999999],576:58[0.15],578:32[0.15],)	505	-35.52	-221.33916831683175	-9993.85	18	12.974	21	10	(0.04213872690938647,0.07384102578758749,0.06937514013720832,0.08228977049702714,0.0767511259738104,0.08164650134960653,)
59	2696926491548833	31434	5	(562:50[0.20000000000000004],563:57[0.16],573:165[0.15],576:71[0.16],578:163[0.16],)	506	-35.41	-255.52112648221345	-10000.0	16	14.044	22	10	(0.0431147335771153,0.08889000675532409,0.05416002882669457,0.07091157537498716,0.06508432957960075,)
60	2697073013213707	31954	5	(562:24[0.21000000000000005],563:33[0.17],573:79[0.13999999999999999],576:233[0.17],578:136[0.15],)	505	-37.3	-262.90223762376235	-10000.0	15	12.494	22	10	(0.03440471271469241,0.0631156814247407,0.06171550618129351,0.042483452210741575,0.06428814712035961,)
61	2697187688815785	32463	6	(562:22[0.22000000000000006],563:60[0.18000000000000002],573:153[0.15],576:136[0.16],578:113[0.13999999999999999],583:21[0.15],)	505	-36.54	-184.42489108910888	-9927.9	21	13.632	23	10	(0.05545971804759752,0.05458676110316152,0.04440655909161429,0.07663608739939808,0.07421668957535514,0.07601366311809392,)
62	2697353742676162	32980	6	(562:198[0.23000000000000007],563:107[0.19000000000000003],573:74[0.13999999999999999],576:31[0.15],578:42[0.12999999999999998],583:54[0.16],)	506	-35.1	-268.03146245059287	-10000.0	16	13.62	24	10	(0.0393169323155741,0.0987250393621226,0.059603108415263555,0.080201640298525,0.08197305040562262,0.060117264804506305,)
63	2697541803025296	33499	6	(563:148[0.18000000000000002],573:61[0.15],576:101[0.16],578:24[0.13999999999999999],583:150[0.17],586:22[0.15],)	506	-36.93	-383.0401383399209	-10000.0	19	12.4	25	10	(0.0754397123942391,0.060172119884252424,0.08631203128209647,0.05459555579517653,0.07653855428281894,0.11159634655389486,)
64	2697675238239581	34010	6	(563:88[0.17],573:39[0.16],576:85[0.15],578:119[0.15],583:78[0.16],587:97[0.15],)	506	-39.69	-280.1776482213438	-9999.42	11	11.766	23	10	(0.06893232288564241,0.08855750797589823,0.05971037971984907,0.09375248309948762,0.06867723766134438,0.08081822626074674,)
65	2697877087994932	34519	6	(563:179[0.16],573:125[0.17],576:26[0.13999999999999999],578:57[0.13999999999999999],583:85[0.17],587:34[0.13999999999999999],)	506	-36.85	-394.92490118577086	-10000.0	17	12.746	24	10	(0.08481366702968202,0.07111189472004512,0.06833896578511503,0.0844026974235598,0.07230504945017802,0.07070751012907864,)
66	2698015785909982	35036	6	(563:60[0.15],573:70[0.16],576:177[0.15],578:61[0.15],583:19[0.16],587:119[0.15],)	506	-36.3	-286.4855533596838	-10000.0	20	11.816	23	10	(0.06807520577099573,0.09437629238002726,0.07079660871127295,0.08082638093356284,0.06657628169121241,0.06736344020478885,)
67	2698129161662719	35546	7	(563:219[0.16],573:47[0.17],576:16[0.13999999999999999],578:90[0.16],583:15[0.17],587:63[0.13999999999999999],590:56[0.15],)	506	-36.63	-217.8141304347826	-10000.0	18	12.284	23	10	(0.08417211828501912,0.07801036901836149,0.0780434914062816,0.08051491829948539,0.11300249753585155,0.05951209535245265,0.07877166167648318,)
68	2698232859696873	36054	7	(563:43[0.15],573:97[0.18000000000000002],576:147[0.15],578:94[0.15],583:60[0.18000000000000002],587:25[0.15],590:41[0.16],)	507	-38.88	-188.46532544378704	-10000.0	21	12.55	22	10	(0.07841578888918703,0.06361496199138773,0.07192847953624493,0.07978625847068684,0.056460503237685145,0.0834696069703614,0.08704194686641437,)
69	2698391542386871	36566	8	(563:106[0.16],573:43[0.17],576:48[0.13999999999999999],578:25[0.13999999999999999],583:54[0.19000000000000003],587:148[0.16],590:23[0.17],593:60[0.15],)	507	-37.22	-301.9946548323472	-10000.0	17	12.354	21	10	(0.0837632344783936,0.09710755957888184,0.09441219926547188,0.08464564851248663,0.08845141292868816,0.08824406515861716,0.10558442704453537,0.08901835034128878,)
70	2698531649545282	37097	6	(563:48[0.15],576:108[0.15],583:91[0.20000000000000004],587:73[0.15],590:154[0.18000000000000002],593:34[0.16],)	508	-35.85	-269.91964566929136	-10000.0	18	12.034	21	10	(0.07947179644481654,0.06553101094312232,0.07462682436882015,0.07584483977013662,0.07883038542018586,0.0860903142045586,)
71	2698639165643911	37603	6	(563:57[0.16],576:36[0.13999999999999999],583:96[0.19000000000000003],587:88[0.16],590:123[0.17],593:106[0.17],)	506	-34.55	-214.0221936758893	-9973.45	18	12.162	22	10	(0.07454946401614714,0.07855415574579998,0.06399567771131844,0.0779885908306926,0.06599836411960242,0.07155715213305683,)
72	2698870046314664	38109	6	(563:74[0.17],576:94[0.15],583:52[0.18000000000000002],587:111[0.15],590:119[0.16],593:56[0.16],)	506	-34.42	-438.82296442687743	-10000.0	18	12.464	23	10	(0.06918297941879187,0.07525746973117944,0.07384979089271823,0.07674117803940084,0.059934348387337556,0.06621453839550441,)
73	2698973856325367	38633	4	(583:51[0.19000000000000003],587:26[0.13999999999999999],590:186[0.15],593:243[0.17],)	506	-37.74	-195.7569169960475	-10000.0	17	12.568	24	10	(0.08581455104627915,0.08990877387115465,0.0928959165846341,0.08646931888870893,)
74	2699107249532720	39137	4	(583:251[0.20000000000000004],587:124[0.15],590:58[0.13999999999999999],593:71[0.16],)	504	-38.72	-239.56801587301584	-9952.49	17	12.652	24	10	(0.10253548622421066,0.08881895545959537,0.10012521419848151,0.10967404418705733,)
75	2699308996450700	39642	5	(583:91[0.19000000000000003],587:185[0.16],590:112[0.15],593:98[0.17],597:18[0.15],)	504	-35.72	-340.6196626984126	-10000.0	12	12.838	25	10	(0.0964692088255598,0.0679202613499098,0.09116354116658547,0.07028890083313515,0.0831133651920879,)
76	2699470497195342	40160	5	(583:88[0.20000000000000004],587:109[0.15],590:146[0.13999999999999999],593:115[0.18000000000000002],597:47[0.16],)	505	-37.62	-270.86314851485145	-10000.0	18	13.288	20	10	(0.09440013311798251,0.06396990095311868,0.0792041779159472,0.06272132678864925,0.09749011238431533,)
77	2699614923956330	40665	5	(583:19[0.21000000000000005],587:64[0.13999999999999999],590:153[0.12999999999999998],593:179[0.17],597:90[0.17],)	505	-34.95	-275.2771485148516	-10000.0	20	12.944	20	10	(0.11011565844307128,0.07449893245796517,0.08785219674351051,0.06924832685763059,0.10682524397897276,)
78	2699777996782181	41181	7	(583:65[0.22000000000000006],587:108[0.15],590:86[0.11999999999999998],593:57[0.16],597:133[0.18000000000000002],600:25[0.15],601:31[0.15],)	505	-35.69	-296.369405940594	-10000.0	12	12.414	20	10	(0.10835920240346839,0.07138273164999652,0.09366658285818388,0.0997509390587041,0.09609117243989528,0.10257803686887255,0.10695385057242157,)
79	2699937412246247	41697	7	(583:112[0.23000000000000007],587:128[0.13999999999999999],590:27[0.10999999999999999],593:76[0.17],597:62[0.17],600:22[0.16],601:80[0.16],)	507	-38.47	-270.43272189349113	-10000.0	13	12.388	20	10	(0.09136203537115484,0.0799336604434274,0.0800401344021406,0.10474773088402027,0.07321734791314535,0.07442059038898914,0.07093874541692073,)
80	2700082206703746	42207	6	(587:23[0.12999999999999998],590:125[0.11999999999999998],593:58[0.16],597:39[0.18000000000000002],600:99[0.17],601:163[0.15],)	507	-34.3	-250.32530571992115	-9950.9	16	13.444	20	10	(0.08116032307884347,0.07546173328378634,0.09115027420014868,0.09246320860872428,0.08287877847637684,0.09144379591352218,)
81	2700262791060603	42723	6	(587:59[0.13999999999999999],590:91[0.10999999999999999],593:163[0.17],597:31[0.19000000000000003],600:84[0.16],601:78[0.13999999999999999],)	506	-36.13	-263.7181818181818	-10000.0	12	13.5	20	10	(0.08601363611219341,0.07021364648136404,0.06549168300793551,0.11030971424646732,0.09247228841028123,0.10017306055760508,)
82	2700378518097936	43236	5	(587:71[0.15],590:130[0.09999999999999999],593:78[0.16],597:108[0.20000000000000004],600:119[0.15],)	506	-34.16	-211.55249011857708	-10000.0	12	13.408	21	10	(0.11122307408386456,0.07238988830183199,0.09441302414616173,0.11107306826651392,0.09912033187573091,)
83	2700520010822434	43766	7	(587:28[0.16],590:30[0.09],593:106[0.17],597:63[0.19000000000000003],600:102[0.13999999999999999],606:28[0.15],607:148[0.15],)	505	-32.94	-267.91227722772277	-10000.0	12	12.52	21	10	(0.09976320284775823,0.0650669546590235,0.09514602004847703,0.08692437719316891,0.1020871776364338,0.11696366839950158,0.09026196322102999,)
84	2700667270812669	44275	11	(587:66[0.17],590:47[0.09999999999999999],593:100[0.16],597:30[0.20000000000000004],600:58[0.12999999999999998],606:15[0.16],607:125[0.13999999999999999],611:17[0.15],612:15[0.15],613:17[0.15],615:17[0.15],)	507	-35.43	-305.46187376725834	-10000.0	13	12.306	20	10	(0.09595682322893836,0.06329350341468515,0.10512109349169714,0.09988450588248479,0.09083670273967241,0.05976715934361638,0.09378897486997521,0.0996491233578685,0.097368231709564,0.10673818486823393,0.07141255921966976,)
85	2700768732550394	44792	9	(587:46[0.16],593:17[0.15],597:18[0.21000000000000005],600:23[0.11999999999999998],607:33[0.12999999999999998],611:121[0.16],612:88[0.16],613:35[0.16],615:130[0.16],)	511	-35.99	-222.03479452054796	-9973.08	12	11.572	19	10	(0.10109703521994166,0.09878805139595496,0.10569226996384906,0.06410822198386856,0.10588205665547143,0.06360241069889208,0.04281240735542446,0.04556429874016454,0.06979237921423705,)
86	2700872019006332	45329	7	(587:75[0.17],600:21[0.12999999999999998],607:195[0.13999999999999999],611:22[0.15],612:91[0.15],613:67[0.17],615:38[0.15],)	509	-38.85	-226.3549115913555	-9912.06	15	11.364	16	10	(0.10911767646105439,0.08447981685093013,0.06034437317718696,0.08281046930041794,0.059553610181622876,0.07908025532306368,0.039556596314080615,)
87	2700989843177766	45846	8	(587:35[0.16],600:103[0.13999999999999999],607:92[0.12999999999999998],611:31[0.16],612:43[0.13999999999999999],613:36[0.18000000000000002],615:142[0.16],619:25[0.15],)	507	-37.9	-242.60429980276132	-10000.0	12	11.504	17	10	(0.10360233289343226,0.0692121004237487,0.061412761556249,0.10204150834289591,0.0648553082754162,0.08909674896644103,0.04637904916544331,0.04309375703983927,)
88	2701167084192743	46368	7	(587:121[0.17],600:75[0.12999999999999998],607:70[0.11999999999999998],611:23[0.17],613:83[0.19000000000000003],615:80[0.15],619:56[0.16],)	508	-38.84	-351.6358661417323	-10000.0	12	12.156	18	10	(0.06420995179264954,0.07142624969874409,0.050884286014366335,0.07165427296066207,0.07291122812243682,0.06370136997387041,0.04839041871881406,)
89	2701293861944426	46883	8	(587:49[0.16],600:49[0.11999999999999998],607:95[0.12999999999999998],611:135[0.18000000000000002],613:75[0.18000000000000002],615:36[0.13999999999999999],619:51[0.17],621:17[0.15],)	507	-37.68	-248.254990138067	-9972.09	12	11.964	19	10	(0.08804262103254548,0.06227234616642084,0.06124810344859603,0.08830568459945914,0.08873766556113827,0.05513210660060432,0.11122007081728981,0.07116190493274933,)
90	2701426440173670	47409	8	(587:90[0.17],600:74[0.12999999999999998],607:40[0.11999999999999998],611:81[0.17],613:76[0.17],619:63[0.18000000000000002],621:56[0.16],625:28[0.15],)	508	-39.48	-251.4503149606299	-9977.41	11	12.422	18	10	(0.0988599161849141,0.06775257117708405,0.07806439862213593,0.09338751988938886,0.09174241033710616,0.07585052115363845,0.06794667042401765,0.09946363691246665,)
91	2701551460588473	47945	9	(587:70[0.16],600:92[0.11999999999999998],607:32[0.12999999999999998],611:34[0.16],613:25[0.16],619:56[0.17],621:58[0.17],625:66[0.16],626:75[0.15],)	508	-38.41	-249.42931102362203	-9987.37	16	12.458	19	10	(0.08903860711269107,0.0674775316895073,0.07720342569357329,0.07903381256187009,0.07438699994566045,0.08429782288670287,0.09550056622769448,0.0944677827657337,0.09003650835951789,)
92	2701683706425482	48470	9	(587:135[0.15],600:54[0.10999999999999999],607:67[0.13999999999999999],611:56[0.17],613:64[0.17],619:49[0.16],621:33[0.16],625:30[0.15],626:21[0.13999999999999999],)	509	-39.32	-251.24603143418466	-9984.12	11	12.106	18	10	(0.06983590118386793,0.08603016763861733,0.07764614869151285,0.09228084357702115,0.07110865756627621,0.11141956283177692,0.06465459112245471,0.06772734177543452,0.07709739676252292,)
93	2701864454362403	48979	9	(587:55[0.13999999999999999],600:98[0.11999999999999998],607:61[0.12999999999999998],611:47[0.16],613:78[0.16],619:48[0.17],621:73[0.17],625:25[0.16],626:24[0.15],)	509	-36.02	-346.21634577603135	-10000.0	11	12.166	17	10	(0.06268163462846067,0.04854569438532583,0.09002760536220256,0.06063471137652556,0.07835399693836025,0.08603833287329603,0.07061402296096134,0.09729083547738632,0.07142922124163693,)
94	2702052416639387	49508	8	(587:71[0.12999999999999998],600:41[0.10999999999999999],611:38[0.17],613:73[0.15],619:128[0.18000000000000002],621:85[0.16],625:40[0.17],626:33[0.16],)	509	-38.48	-370.46734774066795	-10000.0	10	12.568	18	10	(0.07523296011795808,0.06343362260374982,0.0672595613569962,0.07769759757163713,0.07967010938982876,0.0927872076741192,0.050327323009353,0.07041427058749228,)
95	2702256344468144	50032	7	(587:81[0.11999999999999998],600:25[0.11999999999999998],611:38[0.18000000000000002],613:182[0.13999999999999999],621:40[0.15],625:65[0.18000000000000002],626:77[0.17],)	508	-38.78	-387.9426771653544	-9992.15	15	12.31	19	10	(0.06215448190629263,0.06147298904435695,0.08207084283088999,0.09504946202723168,0.09928477743172943,0.0896988209421371,0.09125148328274116,)
96	2702339858067833	50553	8	(587:135[0.10999999999999999],600:65[0.12999999999999998],611:55[0.19000000000000003],613:75[0.12999999999999998],621:46[0.16],625:68[0.19000000000000003],626:46[0.16],637:17[0.15],)	507	-37.31	-163.94437869822482	-9943.41	15	11.736	18	10	(0.07631869611235688,0.07162373071573602,0.09326313414195542,0.09279673055955222,0.08368302687664095,0.06940828146583469,0.08977665642986417,0.09934718133971392,)
97	2702549152084891	51062	8	(587:21[0.09999999999999999],600:36[0.11999999999999998],611:103[0.20000000000000004],613:81[0.11999999999999998],621:22[0.17],625:70[0.18000000000000002],626:130[0.17],637:45[0.16],)	508	-38.59	-425.19108267716535	-10000.0	13	11.97	19	10	(0.06907795579973589,0.08693832901286594,0.0845143442384286,0.08325068983219494,0.08929922694352765,0.07820650202698878,0.08556582444643553,0.07636517709100364,)
98	2702679568683804	51570	9	(587:93[0.10999999999999999],600:24[0.12999999999999998],611:51[0.19000000000000003],613:58[0.10999999999999999],621:73[0.18000000000000002],625:75[0.17],626:29[0.16],637:84[0.17],642:21[0.15],)	508	-38.64	-253.16055118110233	-10000.0	16	12.39	19	10	(0.0842886213875055,0.08840873513535685,0.09653938904560634,0.07975540314003825,0.09035851877711965,0.08211342866421743,0.10325383119113156,0.11281360002643587,0.09508466927160303,)
99	2702857220127190	52093	8	(587:45[0.09999999999999999],600:108[0.13999999999999999],611:86[0.20000000000000004],613:64[0.09999999999999999],625:50[0.16],626:72[0.17],637:55[0.16],642:29[0.16],)	509	-36.69	-321.5223772102161	-10000.0	13	12.462	19	10	(0.07079702654181316,0.09934264673152852,0.09833820726307375,0.05860455791249033,0.09190702664072976,0.09793909283524357,0.10201660379966963,0.06594980928551342,)
100	2703013333915581	52604	9	(587:39[0.10999999999999999],600:42[0.12999999999999998],611:21[0.19000000000000003],613:105[0.09],625:79[0.17],626:18[0.16],637:25[0.17],642:153[0.17],645:26[0.15],)	508	-34.04	-255.32403543307086	-10000.0	12	13.778	20	10	(0.07335247021879845,0.09536624584339093,0.10082578310827113,0.04818516840897397,0.08521968883801392,0.08628752428203122,0.10053562704668963,0.07909719621817168,0.08296524643488401,)
101	2703117368630510	53137	9	(587:18[0.11999999999999998],600:57[0.13999999999999999],611:22[0.20000000000000004],613:37[0.08],625:37[0.16],626:104[0.17],637:32[0.18000000000000002],642:183[0.16],645:19[0.16],)	509	-35.4	-178.2024754420432	-9915.05	15	12.74	21	10	(0.09464444228037258,0.07546546386411918,0.11269991115978803,0.05312134244260143,0.10023116154001596,0.06660618652909049,0.05156600348018041,0.0828559857599798,0.08098327809171207,)
102	2703205431109256	53654	9	(587:82[0.12999999999999998],600:43[0.12999999999999998],611:72[0.21000000000000005],613:43[0.09],626:65[0.16],637:30[0.19000000000000003],642:119[0.15],645:38[0.17],650:17[0.15],)	509	-31.96	-169.12756385068764	-10000.0	15	12.514	21	10	(0.09331216419740257,0.0796708546368989,0.10822110318044538,0.05295083823164039,0.08262225678761725,0.07349700507625616,0.07534531774608484,0.08400550087355861,0.04862830512774226,)
103	2703304552441635	54177	9	(587:33[0.11999999999999998],600:69[0.13999999999999999],611:33[0.20000000000000004],613:22[0.09999999999999999],626:70[0.15],637:120[0.20000000000000004],642:66[0.13999999999999999],650:25[0.16],651:71[0.15],)	509	-32.69	-179.34147347740668	-9917.07	17	12.866	22	10	(0.09601425533683347,0.0927695937174021,0.11275876532035656,0.06289232747156406,0.08900495729612938,0.0712540237481408,0.07862874874287966,0.08280339289395751,0.051456079878031406,)
104	2703640335515405	54699	8	(587:110[0.12999999999999998],600:39[0.12999999999999998],611:71[0.21000000000000005],613:106[0.10999999999999999],637:35[0.19000000000000003],642:43[0.12999999999999998],650:21[0.17],651:84[0.13999999999999999],)	509	-33.49	-557.3522593320234	-10000.0	16	13.612	19	10	(0.0773596593239438,0.0737940975144097,0.08427919091696079,0.055823308895099975,0.10021692615772802,0.06585196489732428,0.043651926964578064,0.06293746664226177,)
105	2703793180659466	55228	6	(587:92[0.11999999999999998],600:92[0.13999999999999999],611:49[0.20000000000000004],613:61[0.09999999999999999],637:47[0.20000000000000004],651:167[0.12999999999999998],)	508	-33.91	-243.94005905511807	-9983.58	15	14.2	19	10	(0.0631035811300751,0.06099372540655226,0.09802291235274128,0.06399807220192064,0.10227570472286189,0.057093806692159584,)
106	2704055003092071	55734	6	(587:77[0.10999999999999999],600:58[0.12999999999999998],611:151[0.21000000000000005],613:90[0.10999999999999999],637:69[0.21000000000000005],651:61[0.11999999999999998],)	506	-36.03	-414.4356916996047	-10000.0	17	13.588	20	10	(0.05385509336632049,0.06684835641647792,0.11129068414438564,0.052855945173087684,0.0921129550786256,0.051400693468972365,)
107	2704340932084187	56242	6	(587:66[0.11999999999999998],600:28[0.13999999999999999],611:44[0.20000000000000004],613:198[0.09999999999999999],637:76[0.22000000000000006],651:94[0.12999999999999998],)	506	-33.37	-463.6738932806324	-10000.0	17	15.032	21	10	(0.07654636337979663,0.07462608430777337,0.1013021583163915,0.04307581486483468,0.10092409210415902,0.04481240881416934,)
108	2704575567976476	56764	6	(600:174[0.15],611:34[0.21000000000000005],613:37[0.09],637:65[0.23000000000000007],651:153[0.11999999999999998],653:43[0.15],)	506	-32.18	-349.7382213438735	-10000.0	16	14.33	22	10	(0.08007600814220861,0.10167499043259526,0.0668771850392186,0.10040292344636446,0.058367780343914176,0.10303882907207008,)
109	2704666994668881	57270	6	(600:45[0.13999999999999999],611:77[0.22000000000000006],613:39[0.09999999999999999],637:54[0.24000000000000007],651:97[0.10999999999999999],653:194[0.16],)	506	-33.01	-151.0229249011858	-9933.1	13	14.174	23	10	(0.0819878159629232,0.0757539281919639,0.07993014193901585,0.11651907441157495,0.07907208861579795,0.08087770491389905,)
110	2704892028390751	57776	6	(600:81[0.15],611:108[0.23000000000000007],613:33[0.10999999999999999],637:164[0.25000000000000006],651:66[0.09999999999999999],653:54[0.15],)	506	-35.37	-406.10256916996053	-10000.0	14	13.388	20	10	(0.07128801502263782,0.08383791788275222,0.08605464368506494,0.08035456857264545,0.06964934073105951,0.11353146133518995,)
111	2705152017885800	58282	6	(600:132[0.16],611:76[0.22000000000000006],613:61[0.11999999999999998],637:58[0.24000000000000005],651:154[0.10999999999999999],653:25[0.16],)	506	-32.4	-435.41142292490116	-10000.0	16	13.972	21	10	(0.10954198195257775,0.10466058922722901,0.08887297876399383,0.08801219949414128,0.08305891315026517,0.0811977438483115,)
112	2705322465089083	58788	6	(600:104[0.15],611:58[0.23000000000000007],613:32[0.12999999999999998],637:43[0.25000000000000006],651:70[0.09999999999999999],653:199[0.17],)	506	-35.59	-263.47539525691695	-10000.0	15	13.682	20	10	(0.1036956309239264,0.11093324247118452,0.08362006474144701,0.0687385537125234,0.0761489270488713,0.09016451426574691,)
113	2705489006890352	59308	6	(600:63[0.13999999999999999],613:223[0.13999999999999999],637:64[0.26000000000000006],651:22[0.10999999999999999],653:115[0.16],655:19[0.15],)	506	-35.6	-275.05654150197626	-10000.0	15	13.158	21	10	(0.10864723324741724,0.09191159141218724,0.11154507113432321,0.07040054223199216,0.10102705875062067,0.057742758732632134,)
114	2705681745052683	59814	6	(600:119[0.15],613:40[0.12999999999999998],637:141[0.2700000000000001],651:32[0.11999999999999998],653:118[0.15],655:56[0.16],)	506	-34.76	-331.61638339920955	-10000.0	14	13.378	21	10	(0.07468369321572439,0.09517563858286412,0.09656096905495186,0.06026138130519161,0.09259567550420317,0.04854597484061295,)
115	2705833549641638	60328	6	(600:77[0.13999999999999999],613:55[0.13999999999999999],637:65[0.26000000000000006],651:77[0.12999999999999998],653:66[0.13999999999999999],655:166[0.17],)	506	-34.44	-236.98796442687754	-9975.98	13	13.456	22	10	(0.11444783498571043,0.10745787627930863,0.17247609441152945,0.10194482832011639,0.0866367238142431,0.06181848687414371,)
116	2706057167141062	60834	6	(600:233[0.15],613:48[0.15],637:62[0.2700000000000001],651:29[0.13999999999999999],653:81[0.15],655:53[0.16],)	506	-32.35	-339.9962648221344	-10000.0	15	14.932	22	10	(0.08078349010102186,0.10356622866315013,0.08127510884639919,0.09750191092788528,0.09487111164903733,0.05664011798637608,)
117	2706248013851596	61342	7	(600:106[0.13999999999999999],613:60[0.16],637:67[0.2800000000000001],651:20[0.15],653:151[0.16],655:87[0.17],658:15[0.15],)	506	-32.93	-283.6950988142293	-10000.0	17	14.684	23	10	(0.07837710310119468,0.07332563981235378,0.11036034115453985,0.10565736861468514,0.076697576562631,0.09464014114289443,0.08164941233474017,)
118	2706475885694386	61849	8	(600:67[0.12999999999999998],613:29[0.17],637:106[0.2900000000000001],651:20[0.16],653:58[0.15],655:16[0.16],658:142[0.16],660:69[0.15],)	507	-33.45	-375.52775147928986	-9965.71	16	13.61	22	10	(0.06582051270633496,0.07726470336767027,0.06969408543533764,0.07988076595125787,0.09841511271013843,0.09821394800604231,0.09203234003001955,0.08107274545211682,)
119	2706651674015573	62357	8	(600:89[0.11999999999999998],613:56[0.18000000000000002],637:132[0.2800000000000001],651:65[0.17],653:63[0.16],655:37[0.17],658:32[0.15],660:34[0.13999999999999999],)	508	-33.62	-292.15848425196845	-9914.83	15	13.618	20	10	(0.08846721844245656,0.11037071916970144,0.07864300033244857,0.09387837489645129,0.09483191279063934,0.109369218939049,0.07393281857947627,0.07864437084230028,)
120	2706846136816653	62868	8	(600:63[0.10999999999999999],613:34[0.19000000000000003],637:73[0.2700000000000001],651:56[0.16],653:114[0.15],655:31[0.18000000000000002],658:93[0.16],660:44[0.15],)	508	-32.92	-349.8475	-10000.0	18	13.208	20	10	(0.06158117014855539,0.11600667875104469,0.06302204135770605,0.09814567204472642,0.08363372490059125,0.06884299535872171,0.0747534150496243,0.08428820099738239,)
121	2707052322228228	63384	7	(600:74[0.09999999999999999],613:34[0.20000000000000004],637:158[0.26000000000000006],651:42[0.17],653:64[0.13999999999999999],658:70[0.15],660:66[0.16],)	508	-32.75	-393.44086614173233	-10000.0	16	13.238	20	10	(0.07301502537159865,0.08189235281784855,0.08478116367213935,0.0835247789832279,0.08003739881492616,0.07695241496848935,0.04991208265168778,)
122	2707245944503922	63891	7	(600:55[0.09],613:82[0.21000000000000005],637:112[0.25000000000000006],651:50[0.18000000000000002],653:148[0.15],658:15[0.16],660:45[0.17],)	507	-32.41	-381.6346548323472	-10000.0	12	13.366	19	10	(0.02161281402065008,0.0715920859317458,0.10340665143957549,0.08922874979087612,0.10429427784188934,0.11156016214751344,0.0765404815460339,)
123	2707461422886910	64407	6	(600:117[0.09999999999999999],613:48[0.20000000000000004],637:51[0.24000000000000005],651:131[0.19000000000000003],653:127[0.13999999999999999],660:33[0.18000000000000002],)	507	-33.89	-371.2155226824457	-10000.0	18	13.414	19	10	(0.050906125447452766,0.10886264626217423,0.11746094861623632,0.10016477622454907,0.08419091805653471,0.06502042800226318,)
124	2707602211293156	64913	6	(600:51[0.09],613:46[0.21000000000000005],637:34[0.25000000000000006],651:153[0.18000000000000002],653:43[0.12999999999999998],660:179[0.19000000000000003],)	506	-32.67	-265.58521739130435	-9973.97	14	13.258	20	10	(0.07307187310393386,0.12018154336753184,0.09697704455518583,0.09977107154963834,0.1036310556496411,0.061783012549748835,)
125	2707810895466480	65419	6	(600:77[0.09999999999999999],613:82[0.22000000000000006],637:162[0.26000000000000006],651:103[0.17],653:26[0.13999999999999999],660:56[0.18000000000000002],)	506	-32.94	-316.41770750988144	-9977.39	16	14.136	21	10	(0.08577284888060242,0.0856910043373538,0.15246098743154538,0.09661614431795287,0.12200390361359041,0.08296346122661269,)
126	2708080364755272	65925	6	(600:72[0.10999999999999999],613:29[0.23000000000000007],637:135[0.25000000000000006],651:40[0.16],653:24[0.15],660:206[0.19000000000000003],)	506	-32.45	-477.242747035573	-10000.0	14	14.546	22	10	(0.07135554168847763,0.11341013391755747,0.06367378234335097,0.1155781097584065,0.08714176442628291,0.0630598241701962,)
127	2708260178056125	66436	5	(600:189[0.11999999999999998],613:39[0.24000000000000007],651:42[0.17],653:72[0.16],660:164[0.18000000000000002],)	506	-32.88	-307.1803754940711	-9986.15	17	14.65	23	10	(0.08081780802301587,0.08492155430117353,0.061500043769370516,0.09010360401082565,0.06589378913506784,)
128	2708415936768677	66941	5	(600:65[0.10999999999999999],613:165[0.25000000000000006],651:33[0.18000000000000002],653:125[0.17],660:117[0.17],)	505	-33.34	-290.771801980198	-10000.0	14	13.82	23	10	(0.09072194925794139,0.11473765793452718,0.07006448388290079,0.08073768362317718,0.07873274319935168,)
129	2708687509171640	67446	5	(600:72[0.11999999999999998],613:199[0.24000000000000005],651:74[0.19000000000000003],653:87[0.16],660:73[0.16],)	505	-33.11	-409.58910891089107	-10000.0	15	15.264	24	10	(0.06439598509613331,0.09295085325660958,0.07467874374777055,0.11320630273993988,0.10160393074203102,)
130	2708839277668491	67951	5	(600:111[0.12999999999999998],613:119[0.23000000000000004],651:113[0.20000000000000004],653:114[0.17],660:48[0.17],)	505	-33.52	-254.66732673267327	-10000.0	19	14.946	24	10	(0.09052274021471692,0.07793672749170143,0.08095820524103385,0.06698324131363065,0.06819905981980352,)
131	2709059707877478	68456	5	(600:18[0.11999999999999998],613:153[0.22000000000000003],651:84[0.19000000000000003],653:131[0.16],660:119[0.18000000000000002],)	505	-33.45	-341.51463366336634	-10000.0	21	15.426	24	10	(0.09192092130605477,0.08193034530454603,0.11436033745626155,0.06946343690361535,0.08506100202608491,)
132	2709281216631846	68967	5	(600:179[0.12999999999999998],613:105[0.21000000000000002],651:35[0.20000000000000004],653:152[0.15],660:34[0.17],)	505	-32.72	-337.8663762376238	-10000.0	19	15.852	22	10	(0.07959874338668997,0.07982803068992166,0.10598826459064904,0.09721429780675903,0.08632344999163939,)
133	2709566037706442	69472	6	(600:191[0.11999999999999998],613:119[0.2],651:99[0.21000000000000005],653:56[0.13999999999999999],660:18[0.18000000000000002],663:22[0.15],)	505	-31.15	-465.3142376237623	-10000.0	17	15.59	22	10	(0.07470167080543293,0.06824858625655164,0.10202605187262988,0.0787734014084432,0.08928360704976153,0.07012031771572193,)
134	2709716978314500	69978	6	(600:52[0.10999999999999999],613:276[0.19],651:36[0.20000000000000004],653:103[0.15],660:16[0.19000000000000003],663:23[0.16],)	506	-32.85	-226.80069169960476	-9979.76	17	16.204	23	10	(0.08320030440647103,0.08996018050649392,0.09933272556407072,0.09329222509120969,0.049136178761845846,0.09321576811380873,)
135	2709940552048777	70484	5	(600:103[0.11999999999999998],613:244[0.18],651:21[0.21000000000000005],653:93[0.13999999999999999],660:45[0.20000000000000004],)	506	-33.63	-380.21847826086974	-10000.0	17	15.196	22	10	(0.08352790963829813,0.09945074331728214,0.11578278220322884,0.09046021941902072,0.07718183089407557,)
136	2710102593603370	70989	5	(600:135[0.10999999999999999],613:90[0.16999999999999998],651:65[0.22000000000000006],653:116[0.15],660:99[0.21000000000000005],)	505	-32.39	-279.4414257425742	-10000.0	18	15.224	23	10	(0.07439194512059667,0.10596400383250305,0.11241841230815061,0.08058820211087381,0.0923758946915905,)
137	2710279356161281	71494	5	(600:95[0.09999999999999999],613:176[0.18],651:120[0.23000000000000007],653:94[0.13999999999999999],660:20[0.22000000000000006],)	505	-32.64	-260.3133465346535	-10000.0	12	15.624	22	10	(0.06998170303863435,0.09405988063129876,0.10630893459412367,0.08256459868601546,0.12770700140822763,)
138	2710499064772016	71999	6	(600:28[0.10999999999999999],613:212[0.16999999999999998],651:43[0.22000000000000006],653:117[0.15],660:61[0.23000000000000007],664:44[0.15],)	505	-32.41	-363.82988118811875	-10000.0	20	16.136	23	10	(0.08743287784635705,0.09790215112223115,0.11072283268085556,0.10744232245130243,0.10536980504644954,0.0976037089132927,)
139	2710635099879738	72505	6	(600:66[0.11999999999999998],613:51[0.15999999999999998],651:164[0.23000000000000007],653:81[0.13999999999999999],660:60[0.24000000000000007],664:84[0.16],)	506	-32.12	-230.3960079051383	-9997.24	17	15.108	23	10	(0.05796383562778431,0.09852214337731918,0.08305000703853238,0.08073526914798429,0.06890361750609401,0.07609692459260385,)
140	2710839624676480	73011	6	(600:131[0.12999999999999998],613:90[0.16999999999999998],651:29[0.22000000000000006],653:94[0.15],660:76[0.25000000000000006],664:86[0.15],)	506	-33.05	-345.3550395256917	-10000.0	20	15.918	24	10	(0.0585681709690823,0.06223950606453416,0.0763653976112725,0.11377313504630165,0.06541721510157936,0.07115247764878081,)
141	2711003356613822	73517	6	(600:60[0.11999999999999998],613:88[0.15999999999999998],651:64[0.23000000000000007],653:43[0.13999999999999999],660:120[0.26000000000000006],664:131[0.13999999999999999],)	506	-33.12	-251.06667984189727	-10000.0	17	15.888	25	10	(0.053363026088125896,0.08286182300405626,0.09823287665812522,0.10745075400329203,0.07962027774987153,0.09412056837937507,)
142	2711131283154130	74023	6	(600:180[0.12999999999999998],613:49[0.14999999999999997],651:128[0.24000000000000007],653:19[0.15],660:40[0.25000000000000006],664:90[0.12999999999999998],)	506	-33.0	-212.14569169960478	-10000.0	13	15.486	25	10	(0.09520267792550408,0.05512972143397661,0.07240949798415644,0.07146865567944562,0.07708804708143167,0.0816029073908561,)
143	2711257229795646	74543	5	(600:110[0.11999999999999998],613:57[0.15999999999999998],653:122[0.16],660:123[0.26000000000000006],664:94[0.11999999999999998],)	506	-31.54	-214.89847826086958	-9963.2	18	15.418	25	10	(0.06804631871545086,0.06767017806266927,0.09346598973520202,0.048973374781936946,0.0802645508397914,)
144	2711424311464162	75048	5	(600:176[0.10999999999999999],613:86[0.16999999999999998],653:116[0.15],660:69[0.25000000000000006],664:58[0.12999999999999998],)	505	-33.31	-318.5019009900991	-10000.0	16	14.592	24	10	(0.06677035662686108,0.0809140508534501,0.03846191393117102,0.028384098265481217,0.09713562459381936,)
145	2711592619971778	75553	5	(600:107[0.09999999999999999],613:37[0.18],653:87[0.13999999999999999],660:147[0.26000000000000006],664:127[0.13999999999999999],)	505	-32.22	-310.9526732673267	-10000.0	16	14.496	25	10	(0.07656245358890322,0.0653762484209294,0.034495911342262875,0.050693876645141175,0.08775577177427799,)
146	2711699592795825	76058	5	(600:86[0.09],613:175[0.19],653:44[0.15],660:80[0.25000000000000006],664:120[0.12999999999999998],)	505	-33.08	-211.4066336633664	-10000.0	13	14.018	21	10	(0.059959015177130336,0.0684208295258942,0.09338469086789548,0.06995594265903722,0.07106418072469559,)
147	2711915091623790	76575	4	(600:27[0.09999999999999999],653:86[0.16],660:182[0.26000000000000006],664:210[0.11999999999999998],)	505	-32.56	-371.0319009900991	-10000.0	13	14.206	20	10	(0.08007541982434241,0.10734272635545322,0.081246135023305,0.08415142842241667,)
148	2712093452871872	77090	3	(653:149[0.17],660:147[0.25000000000000006],664:208[0.10999999999999999],)	504	-32.68	-329.4503174603173	-10000.0	13	14.064	19	10	(0.10843292045270629,0.12695736372330066,0.0728546641488536,)
149	2712255965783359	77593	3	(653:210[0.18000000000000002],660:175[0.26000000000000006],664:118[0.09999999999999999],)	503	-32.97	-294.7522664015905	-9948.89	17	14.36	19	10	(0.08711239752961877,0.07357443529955647,0.0652808704008598,)
