alpha = 0.15
gamma = 1.0
lambda = 0.6
epsilon = 0.3
randomSeed = 222
GREAT!
Xover: 4
---- Evolution parameters ----
Folder name:          NMSarsa_Maze/run_2686830081752706
Random seed:          222
GREAT activated:      true
Max iterations:       150
Population size:      500
GREAT initialization  true
Speciation threshold: 0.15
Species min size:     15
Tournament size:      3
Crossover rate:       0.2
Mutation rate:        0.8
Crossovers:
	AligningCrossover_v4(0.15)
Mutations:
	AddGeneMutation(maxSize=2147483647, prob=0.33)
	DeleteGeneMutation(minSize=10, prob=0.33)
	ChangeGeneMutation(prob=0.33)
------------------------------

---- Starting evolution ----
IT	Nanotime	#Eval	#Species	Species size	PopSize	Best	Avg	Worst	Best GRN Size	Avg GRN size	Max GRN size	Min GRN size	Species avgdist2rep
0	2690006552890383	997	1	(491:499[0.15],)	499	-64.86	-2104.5095591182367	-10000.0	14	11.904	16	10	(0.0872768508069691,)
1	2690452560031657	1498	2	(491:48[0.16],492:453[0.15],)	501	-62.45	-901.5965469061874	-10000.0	12	12.546	16	10	(0.08654419798679702,0.06029652074574741,)
2	2690861301442248	2000	2	(491:175[0.17],492:327[0.13999999999999999],)	502	-61.57	-825.225876494024	-9921.06	14	12.492	17	10	(0.07045106702849331,0.07205992655037217,)
3	2691110094861907	2502	3	(491:251[0.18000000000000002],492:134[0.12999999999999998],493:117[0.15],)	502	-62.47	-521.5308167330678	-9922.89	13	11.792	18	10	(0.07607701457645967,0.06823086943845927,0.07376866455169119,)
4	2691258824644301	3005	3	(491:116[0.17],492:272[0.13999999999999999],493:115[0.16],)	503	-57.41	-288.5054075546718	-9901.76	14	12.644	19	10	(0.04688422784616512,0.06560145826943471,0.05697101968383284,)
5	2691372261259762	3508	3	(491:57[0.18000000000000002],492:47[0.12999999999999998],493:399[0.17],)	503	-60.44	-225.9294433399602	-9922.82	13	12.954	19	10	(0.0517867844868676,0.08122172841242543,0.06040891540102551,)
6	2691654791575820	4011	3	(491:123[0.19000000000000003],492:93[0.13999999999999999],493:287[0.16],)	503	-53.77	-512.5367395626239	-9964.99	15	12.928	19	10	(0.0646723092238972,0.09114450653458726,0.0705114462211019,)
7	2691866777328142	4514	4	(491:92[0.20000000000000004],492:198[0.15],493:71[0.15],494:142[0.15],)	503	-56.05	-409.1349701789264	-9939.32	14	12.88	18	10	(0.059788303357658945,0.05592087895567821,0.070762480426257,0.050919289692872384,)
8	2692101675286126	5028	4	(491:45[0.21000000000000005],492:112[0.13999999999999999],493:168[0.16],494:179[0.13999999999999999],)	504	-54.71	-418.67182539682534	-9940.77	14	13.134	19	10	(0.09030303025307237,0.05385424404859153,0.07084898377675379,0.032571349702288734,)
9	2692381904206581	5532	4	(491:51[0.22000000000000006],492:107[0.15],493:100[0.15],494:246[0.12999999999999998],)	504	-52.54	-557.5172222222222	-9973.97	15	13.006	20	10	(0.05236314853511855,0.059118796595249025,0.05699188162403576,0.047149300652767095,)
10	2692576465200295	6036	4	(491:103[0.23000000000000007],492:180[0.16],493:51[0.16],494:170[0.11999999999999998],)	504	-50.05	-318.6553571428571	-9990.16	15	13.168	18	10	(0.07553014908960447,0.04255212920579663,0.06419558190031517,0.05625616793011907,)
11	2692813682013637	6540	4	(491:37[0.24000000000000007],492:172[0.15],493:62[0.17],494:233[0.10999999999999999],)	504	-45.99	-414.42271825396824	-10000.0	16	13.686	19	10	(0.12499532421035979,0.08580222845861406,0.10961008106699706,0.051491898173692395,)
12	2693045611189785	7044	4	(491:64[0.25000000000000006],492:240[0.13999999999999999],493:117[0.18000000000000002],494:83[0.09999999999999999],)	504	-47.56	-415.00763888888895	-10000.0	15	13.11	18	10	(0.09177919951885014,0.05769823409180362,0.07933256533719128,0.06381069214238522,)
13	2693369318983880	7548	4	(491:29[0.26000000000000006],492:84[0.12999999999999998],493:106[0.19000000000000003],494:285[0.10999999999999999],)	504	-45.87	-547.4557936507938	-10000.0	16	14.18	19	10	(0.12352185445126111,0.07075917940503215,0.13716694365163354,0.07363466260068324,)
14	2693738833985581	8052	4	(491:45[0.2700000000000001],492:94[0.13999999999999999],493:307[0.20000000000000004],494:58[0.09999999999999999],)	504	-44.42	-606.9248214285718	-10000.0	16	14.47	20	10	(0.06755170483849758,0.04857176179682953,0.058332306963764444,0.06176323067435709,)
15	2693937643463174	8556	4	(491:20[0.2800000000000001],492:142[0.15],493:241[0.19000000000000003],494:101[0.10999999999999999],)	504	-46.13	-336.3186111111112	-9924.69	15	14.18	20	10	(0.10603628766854742,0.06290316805838302,0.06913682106625509,0.04602443950214336,)
16	2694168522798609	9060	4	(491:195[0.2900000000000001],492:42[0.13999999999999999],493:203[0.18000000000000002],494:64[0.11999999999999998],)	504	-45.05	-402.1373611111112	-10000.0	14	13.648	20	10	(0.06307059234114497,0.07353665790644996,0.07345495712466296,0.049394616318513586,)
17	2694481551217755	9564	4	(491:24[0.2800000000000001],492:106[0.15],493:355[0.17],494:19[0.12999999999999998],)	504	-44.67	-478.2927182539682	-10000.0	16	15.138	21	10	(0.06441104097780428,0.07279883925165927,0.06685901799735973,0.0790411194230323,)
18	2694645686333936	10076	3	(492:83[0.16],493:149[0.16],494:272[0.13999999999999999],)	504	-45.82	-221.49706349206346	-10000.0	13	14.544	22	10	(0.07289688370788548,0.07849624299562602,0.03684266360260649,)
19	2694964244450691	10579	3	(492:36[0.17],493:248[0.17],494:219[0.12999999999999998],)	503	-44.32	-527.4834194831011	-10000.0	13	14.818	23	10	(0.06286519036148978,0.08311178306284454,0.057759450359583735,)
20	2695392424158696	11086	3	(492:61[0.18000000000000002],493:307[0.16],494:135[0.11999999999999998],)	503	-43.21	-687.7799801192843	-10000.0	14	15.104	23	10	(0.08621751839118993,0.07849577801592213,0.07392039111893271,)
21	2695697437297823	11590	3	(492:221[0.19000000000000003],493:134[0.15],494:148[0.12999999999999998],)	503	-41.24	-510.4551093439364	-10000.0	14	14.196	23	10	(0.03194223343107135,0.06660143636945054,0.05495679907255533,)
22	2695983185133718	12093	3	(492:193[0.18000000000000002],493:239[0.16],494:71[0.13999999999999999],)	503	-38.06	-452.2684890656064	-10000.0	15	14.542	24	10	(0.037066679723670386,0.07284685655985106,0.0771650605186388,)
23	2696250814883736	12610	4	(492:153[0.17],493:145[0.15],494:186[0.15],499:19[0.15],)	503	-37.84	-436.18626242544724	-10000.0	15	14.602	23	10	(0.054021164974888604,0.06383697805381025,0.08711495915449659,0.05260987156873152,)
24	2696545492818664	13114	4	(492:46[0.16],493:127[0.13999999999999999],494:231[0.13999999999999999],499:100[0.16],)	504	-36.97	-428.27001984126997	-10000.0	14	15.392	23	10	(0.07743484509099537,0.07759378352335965,0.04793398473211986,0.032857271999233745,)
25	2696833605604725	13618	5	(492:82[0.17],493:131[0.12999999999999998],494:140[0.12999999999999998],499:128[0.17],500:23[0.15],)	504	-37.65	-438.31420634920636	-10000.0	17	15.54	24	10	(0.06752115103695414,0.07620490100181107,0.03499939691064928,0.029198264949749343,0.07309709408559122,)
26	2697168276034053	14123	6	(492:48[0.18000000000000002],493:325[0.11999999999999998],494:31[0.11999999999999998],499:53[0.16],500:31[0.16],501:17[0.15],)	505	-38.82	-488.8665544554454	-10000.0	15	16.462	25	10	(0.07089390381930079,0.07126144510814615,0.03667865596616514,0.03323204513840126,0.05319540118323801,0.06201875266805499,)
27	2697425290264857	14629	6	(492:88[0.19000000000000003],493:54[0.10999999999999999],494:84[0.12999999999999998],499:65[0.17],500:141[0.17],501:74[0.16],)	506	-37.12	-384.8708102766797	-10000.0	15	15.812	24	10	(0.07748714093150742,0.04995624694738767,0.032386805254985405,0.03126617451344776,0.05302601031681672,0.043188683690307296,)
28	2697761490504071	15135	6	(492:69[0.18000000000000002],493:104[0.11999999999999998],494:27[0.11999999999999998],499:139[0.18000000000000002],500:49[0.16],501:118[0.17],)	506	-37.47	-509.5712845849804	-9978.44	16	15.934	25	10	(0.07182629408874351,0.05451905744312862,0.061774671969367645,0.06959659119013452,0.06538221952751999,0.03275313726945307,)
29	2697991069942845	15641	6	(492:43[0.19000000000000003],493:37[0.10999999999999999],494:25[0.12999999999999998],499:87[0.17],500:149[0.17],501:165[0.16],)	506	-38.52	-338.2785177865612	-10000.0	15	16.576	21	11	(0.0366936583369506,0.03652638256760145,0.04992554495278076,0.06869912065948273,0.04879244674785099,0.06408935826168433,)
30	2698246506307712	16151	5	(493:91[0.11999999999999998],494:186[0.13999999999999999],499:73[0.16],500:111[0.16],501:45[0.15],)	506	-37.83	-351.6356916996047	-10000.0	16	16.39	21	10	(0.04882470938534828,0.0596577677719447,0.03320631999090653,0.054564620626902156,0.052926186179094524,)
31	2698519741507432	16656	5	(493:104[0.12999999999999998],494:43[0.12999999999999998],499:96[0.17],500:102[0.15],501:160[0.16],)	505	-38.15	-387.78019801980207	-10000.0	20	16.284	21	10	(0.051843894724444166,0.03567513927390921,0.034274983636312366,0.06441243345706071,0.02564559668037882,)
32	2698752030530938	17161	5	(493:222[0.11999999999999998],494:72[0.13999999999999999],499:70[0.18000000000000002],500:35[0.13999999999999999],501:106[0.15],)	505	-37.16	-319.47615841584167	-10000.0	16	16.462	21	10	(0.06009357301493665,0.034483857861135864,0.05815820339273571,0.05824709897110444,0.04241838048722389,)
33	2698938322312981	17668	5	(493:103[0.10999999999999999],494:16[0.15],499:37[0.19000000000000003],500:274[0.15],501:75[0.13999999999999999],)	505	-37.51	-267.9725742574258	-9997.51	17	16.094	22	11	(0.05573084634164328,0.04839895746669321,0.05418260298015916,0.05651561866826596,0.06859462642742142,)
34	2699180624864336	18173	5	(493:24[0.09999999999999999],494:32[0.16],499:145[0.20000000000000004],500:224[0.13999999999999999],501:80[0.15],)	505	-38.56	-340.86003960396044	-10000.0	18	16.418	22	10	(0.038404614289053174,0.03727023870098272,0.03509882009180783,0.0533211546113178,0.028051298548878105,)
35	2699382659269219	18678	6	(493:48[0.10999999999999999],494:20[0.17],499:122[0.19000000000000003],500:112[0.12999999999999998],501:38[0.16],503:165[0.15],)	505	-37.36	-277.00710891089113	-10000.0	17	16.704	23	12	(0.03764968993283655,0.036977621055796175,0.036652882788685635,0.07045200378853249,0.045501910888528674,0.05830144415894335,)
36	2699583246407729	19184	6	(493:79[0.11999999999999998],494:158[0.18000000000000002],499:22[0.18000000000000002],500:96[0.11999999999999998],501:19[0.17],503:132[0.13999999999999999],)	506	-37.72	-267.9610671936759	-9992.3	17	16.892	23	11	(0.05353267762712154,0.05082990220139375,0.060282391994005285,0.053382152653081265,0.03853274228567051,0.04728722672507327,)
37	2699872715884586	19690	6	(493:63[0.12999999999999998],494:45[0.17],499:17[0.19000000000000003],500:57[0.10999999999999999],501:194[0.18000000000000002],503:130[0.12999999999999998],)	506	-36.37	-379.231442687747	-10000.0	18	17.38	24	10	(0.049516131888589394,0.051935757782177384,0.061480380672482564,0.06743668679938387,0.031714271478413915,0.06172416124889795,)
38	2700074374749385	20196	6	(493:83[0.13999999999999999],494:88[0.18000000000000002],499:122[0.20000000000000004],500:96[0.11999999999999998],501:52[0.17],503:65[0.11999999999999998],)	506	-36.85	-260.4640513833992	-9906.59	18	17.534	23	10	(0.052980964184468446,0.042390197787311894,0.05185677413560422,0.04387089278758625,0.026789872793207027,0.04382521458318361,)
39	2700351176475035	20702	6	(493:192[0.12999999999999998],494:16[0.17],499:91[0.19000000000000003],500:91[0.10999999999999999],501:23[0.18000000000000002],503:93[0.12999999999999998],)	506	-40.16	-386.2617786561265	-10000.0	17	17.31	24	11	(0.04283321525495329,0.05005256060072054,0.03164215117819035,0.05850096991348092,0.050853564446494026,0.05882727103678687,)
40	2700572775968561	21219	5	(493:91[0.11999999999999998],499:99[0.18000000000000002],500:177[0.09999999999999999],501:38[0.19000000000000003],503:101[0.11999999999999998],)	506	-42.06	-298.8264229249012	-9942.12	20	16.924	25	10	(0.06111723026356009,0.024662390132556018,0.04923934295244352,0.04409747515729307,0.04993651593839053,)
41	2700801920778949	21724	6	(493:54[0.12999999999999998],499:43[0.19000000000000003],500:82[0.09],501:65[0.20000000000000004],503:240[0.10999999999999999],504:21[0.15],)	505	-41.23	-314.52879207920796	-9942.19	15	16.808	25	10	(0.07443616447547459,0.027901602703805903,0.07119788161140758,0.08292591343345661,0.04412101874657916,0.04278753869574324,)
42	2701082713680106	22230	6	(493:49[0.13999999999999999],499:89[0.20000000000000004],500:117[0.09999999999999999],501:53[0.21000000000000005],503:83[0.09999999999999999],504:115[0.16],)	506	-42.0	-364.4676086956522	-10000.0	17	17.3	25	11	(0.04559904120208275,0.029711385916581113,0.04353442444414775,0.029984062913438067,0.060527500160007006,0.027149148485963687,)
43	2701305601375194	22736	6	(493:164[0.15],499:111[0.19000000000000003],500:21[0.09],501:20[0.22000000000000006],503:129[0.09],504:61[0.15],)	506	-41.25	-295.1537747035574	-10000.0	18	17.338	25	12	(0.048383873249024004,0.06382422118445305,0.04991888720696427,0.028403187273786566,0.04268824947722622,0.03039729868943159,)
44	2701715080066513	23242	6	(493:181[0.13999999999999999],499:60[0.18000000000000002],500:117[0.09999999999999999],501:23[0.23000000000000007],503:77[0.08],504:48[0.16],)	506	-41.2	-557.6427075098813	-10000.0	18	17.002	25	12	(0.06318796298821565,0.048003780241795364,0.0523154911669216,0.03863579960372781,0.0453895807482983,0.052309046970936725,)
45	2702049518581892	23748	6	(493:74[0.12999999999999998],499:103[0.19000000000000003],500:101[0.09],501:17[0.24000000000000007],503:115[0.09],504:96[0.17],)	506	-36.04	-449.04913043478257	-10000.0	14	17.318	25	11	(0.06258619381280173,0.04652533894974493,0.04044952827450743,0.05282007391002931,0.05242451912157994,0.0466507233135404,)
46	2702473558820084	24254	6	(493:73[0.13999999999999999],499:43[0.18000000000000002],500:175[0.08],501:44[0.25000000000000006],503:105[0.08],504:66[0.16],)	506	-35.59	-584.8269367588932	-10000.0	14	16.932	25	10	(0.060263717218154884,0.05859545391277006,0.04295164719088441,0.06663008705304013,0.0281608193263209,0.03906310576920901,)
47	2702761888633760	24760	6	(493:113[0.15],499:70[0.19000000000000003],500:135[0.07],501:47[0.26000000000000006],503:37[0.07],504:104[0.17],)	506	-35.1	-414.7505731225297	-10000.0	14	17.162	26	11	(0.05498262245525512,0.06893443773669901,0.04529746384614707,0.0836126486834932,0.034605668230977014,0.03804472087681466,)
48	2703052639368875	25271	5	(493:198[0.13999999999999999],499:50[0.20000000000000004],501:110[0.2700000000000001],503:65[0.08],504:83[0.16],)	506	-33.21	-425.1142094861661	-9922.71	15	16.828	27	11	(0.0767784962559313,0.056453393020688275,0.041610834520186914,0.0460425792019313,0.03478570754170079,)
49	2703477632612972	25776	5	(493:56[0.12999999999999998],499:38[0.21000000000000005],501:199[0.26000000000000006],503:125[0.09],504:87[0.17],)	505	-34.75	-652.8946732673268	-10000.0	17	16.554	28	10	(0.10445198266679812,0.10545407409398688,0.09977078063835687,0.05034686316865277,0.04495993685584042,)
50	2703845372212090	26281	5	(493:71[0.13999999999999999],499:151[0.22000000000000006],501:186[0.25000000000000006],503:24[0.08],504:73[0.18000000000000002],)	505	-36.08	-572.0046930693069	-10000.0	15	16.482	28	11	(0.026060436880307594,0.04888245641737821,0.04370095424680538,0.032467963582108336,0.05914250634899877,)
51	2704212150247948	26786	5	(493:47[0.15],499:124[0.21000000000000005],501:234[0.24000000000000005],503:66[0.09],504:34[0.19000000000000003],)	505	-33.71	-566.9915049504953	-10000.0	15	15.958	29	10	(0.03710978110108256,0.042588615071341825,0.04905845937795785,0.0417837437409793,0.0616073579707904,)
52	2704547801778607	27291	5	(493:17[0.16],499:76[0.20000000000000004],501:136[0.23000000000000004],503:126[0.09999999999999999],504:150[0.20000000000000004],)	505	-35.18	-478.99302970297026	-9984.02	14	17.048	29	10	(0.03519010285116214,0.05544844643042737,0.061468006716619505,0.05591027977358091,0.05303037355429969,)
53	2704964488374582	27796	5	(493:36[0.17],499:38[0.21000000000000005],501:134[0.22000000000000003],503:111[0.09],504:186[0.19000000000000003],)	505	-34.61	-554.8778613861386	-10000.0	16	17.242	29	10	(0.057873452141956334,0.04365361953938768,0.07158768212761847,0.04537993958672225,0.05949597021187929,)
54	2705287769237035	28301	5	(493:48[0.18000000000000002],499:55[0.22000000000000006],501:175[0.21000000000000002],503:168[0.08],504:59[0.18000000000000002],)	505	-33.84	-503.83130693069313	-9999.36	15	16.598	29	11	(0.07175613345836053,0.07536532223605533,0.04932192105874712,0.042739703218808496,0.06761007659385322,)
55	2705627374512202	28809	4	(493:50[0.19000000000000003],499:146[0.23000000000000007],501:230[0.2],504:79[0.19000000000000003],)	505	-34.17	-526.5098415841584	-10000.0	18	15.648	23	11	(0.02128751416991343,0.04051679517767775,0.04525537830305129,0.0921998883330307,)
56	2705954670645805	29313	4	(493:78[0.20000000000000004],499:90[0.22000000000000006],501:293[0.19],504:43[0.20000000000000004],)	504	-33.31	-503.6435317460315	-10000.0	15	15.322	24	11	(0.027259741090735375,0.04526858713174848,0.06783329357489716,0.07774703825239916,)
57	2706385838986934	29817	4	(493:143[0.21000000000000005],499:70[0.23000000000000007],501:167[0.18],504:124[0.21000000000000005],)	504	-32.32	-627.1531944444445	-10000.0	14	16.356	25	10	(0.060740496044649046,0.055320337338686354,0.0580576569074616,0.060130627389486456,)
58	2706716958710070	30321	4	(493:127[0.20000000000000004],499:106[0.24000000000000007],501:176[0.16999999999999998],504:95[0.22000000000000006],)	504	-35.38	-478.7202976190476	-10000.0	18	16.26	26	11	(0.03435210663042437,0.043008378624263356,0.05718032540244513,0.06748630058355623,)
59	2706984338151516	30825	4	(493:151[0.19000000000000003],499:41[0.25000000000000006],501:197[0.15999999999999998],504:115[0.23000000000000007],)	504	-35.27	-418.14978174603186	-9952.43	14	16.472	26	11	(0.04506952273347663,0.05587760480949669,0.0804370020810795,0.08151829990716283,)
60	2707296720631583	31329	4	(493:165[0.18000000000000002],499:38[0.26000000000000006],501:233[0.14999999999999997],504:68[0.24000000000000007],)	504	-32.56	-490.52212301587304	-10000.0	13	16.374	24	10	(0.052189455834126326,0.077186873007001,0.06465620270574765,0.05304912498547409,)
61	2707544434728801	31833	4	(493:165[0.17],499:82[0.2700000000000001],501:194[0.13999999999999996],504:63[0.25000000000000006],)	504	-31.95	-350.60660714285723	-10000.0	18	16.904	24	11	(0.06366855924789028,0.04670472824574702,0.054436038805099125,0.03717449820258949,)
62	2707884912701783	32337	4	(493:103[0.16],499:57[0.2800000000000001],501:290[0.12999999999999995],504:54[0.26000000000000006],)	504	-34.89	-494.4251785714286	-10000.0	17	16.526	25	10	(0.06548193383655657,0.0666204284479302,0.051100411768639956,0.05502801164896161,)
63	2708254940636727	32841	4	(493:39[0.17],499:131[0.2900000000000001],501:210[0.11999999999999995],504:124[0.2700000000000001],)	504	-34.32	-507.1408134920638	-10000.0	17	18.306	26	11	(0.07746526835284423,0.044412926742016794,0.04939685940239255,0.06032893226936248,)
64	2708587646138611	33345	4	(493:106[0.18000000000000002],499:94[0.2800000000000001],501:229[0.10999999999999996],504:75[0.2800000000000001],)	504	-33.11	-481.33339285714294	-10000.0	17	17.604	26	10	(0.06925041530219823,0.04414015066322651,0.057329056539645575,0.05891482929208234,)
65	2708799262068431	33849	4	(493:78[0.19000000000000003],499:57[0.2900000000000001],501:184[0.09999999999999996],504:185[0.2900000000000001],)	504	-34.21	-287.080615079365	-10000.0	20	18.442	26	10	(0.0739401317347056,0.07013992942874474,0.06693595688523679,0.0681721549300682,)
66	2709000411662378	34353	4	(493:82[0.20000000000000004],499:120[0.3000000000000001],501:139[0.08999999999999997],504:163[0.2800000000000001],)	504	-34.31	-257.36694444444447	-9957.29	19	18.612	27	11	(0.07898445092783109,0.0636289518692126,0.06344253535651576,0.07380100650121896,)
67	2709321587644326	34857	4	(493:59[0.21000000000000005],499:263[0.3100000000000001],501:122[0.07999999999999997],504:60[0.2700000000000001],)	504	-35.28	-429.8669841269843	-10000.0	18	18.776	28	12	(0.0681154236767813,0.06493382308911667,0.04958763166039491,0.06099421985728542,)
68	2709665282041204	35361	4	(493:61[0.22000000000000006],499:87[0.3000000000000001],501:229[0.08999999999999997],504:127[0.2800000000000001],)	504	-34.24	-495.5524801587303	-10000.0	18	17.378	28	11	(0.06589068560230847,0.06244170129410048,0.05761684401270972,0.05987298455499909,)
69	2709972782291503	35865	4	(493:64[0.23000000000000007],499:152[0.3100000000000001],501:46[0.07999999999999997],504:242[0.2700000000000001],)	504	-33.28	-436.50375	-9933.75	17	18.324	28	11	(0.07218305507504856,0.05951370761443666,0.05925325556601886,0.06026432862027535,)
70	2710325896279910	36369	4	(493:43[0.24000000000000007],499:83[0.3000000000000001],501:245[0.08999999999999997],504:133[0.26000000000000006],)	504	-35.0	-572.4151388888887	-10000.0	15	17.296	27	10	(0.08613944044521604,0.0586435708302975,0.05120929657934135,0.07152686555634649,)
71	2710575611603905	36873	4	(493:36[0.25000000000000006],499:75[0.3100000000000001],501:215[0.07999999999999997],504:178[0.25000000000000006],)	504	-33.8	-373.78200396825395	-10000.0	15	17.66	26	11	(0.0652432077310569,0.05949019882626885,0.0503610155223032,0.07023223898379904,)
72	2710887049990543	37377	4	(493:113[0.26000000000000006],499:150[0.3200000000000001],501:79[0.06999999999999998],504:162[0.24000000000000005],)	504	-34.01	-418.1873015873016	-10000.0	19	18.256	27	11	(0.06890373390979807,0.051680528089026574,0.053379138068715686,0.09749758222945129,)
73	2711157328749077	37881	4	(493:82[0.2700000000000001],499:94[0.3100000000000001],501:284[0.07999999999999997],504:44[0.23000000000000004],)	504	-34.62	-383.5071428571428	-9986.73	18	17.806	27	12	(0.06640492673085574,0.051109498660359215,0.05548015568719841,0.11080373198299748,)
74	2711606236763063	38385	4	(493:60[0.2800000000000001],499:90[0.3200000000000001],501:78[0.06999999999999998],504:276[0.24000000000000005],)	504	-33.63	-660.6982341269842	-10000.0	15	17.866	26	11	(0.0769898115201581,0.05289139178077917,0.04891374432373447,0.08368599056333482,)
75	2711838850540546	38889	4	(493:38[0.2900000000000001],499:83[0.3300000000000001],501:17[0.07999999999999997],504:366[0.23000000000000004],)	504	-34.95	-339.5223611111111	-9999.81	15	17.848	24	11	(0.06665228454702052,0.0495180933071707,0.055451690452712955,0.08396806865468948,)
76	2712097182294420	39393	4	(493:67[0.3000000000000001],499:190[0.34000000000000014],501:56[0.08999999999999997],504:191[0.22000000000000003],)	504	-32.4	-343.8648412698413	-10000.0	16	18.426	25	11	(0.06721983586612675,0.06708516779829722,0.060982116853920035,0.050994946102035144,)
77	2712445249293379	39897	4	(493:50[0.3100000000000001],499:83[0.3300000000000001],501:265[0.09999999999999996],504:106[0.21000000000000002],)	504	-33.67	-490.04793650793647	-10000.0	17	17.422	25	10	(0.05253856125870308,0.06623388619126319,0.06074005538332581,0.07244660559912056,)
78	2712678435582750	40401	4	(493:90[0.3200000000000001],499:68[0.34000000000000014],501:133[0.08999999999999997],504:213[0.22000000000000003],)	504	-33.04	-310.5350198412699	-10000.0	17	18.054	24	10	(0.05723045290392515,0.05672629148271251,0.06596971877550756,0.0724402070737921,)
79	2713037920576279	40905	4	(493:115[0.3300000000000001],499:91[0.35000000000000014],501:137[0.07999999999999997],504:161[0.21000000000000002],)	504	-33.02	-486.7438888888889	-9957.12	19	18.154	24	13	(0.0410806398301447,0.04694818662811441,0.0567018937365146,0.07944770969431438,)
80	2713312961235769	41409	4	(493:76[0.34000000000000014],499:141[0.36000000000000015],501:146[0.06999999999999998],504:141[0.2],)	504	-32.97	-368.7280357142858	-10000.0	21	18.526	23	12	(0.08652966409475224,0.05339288328685859,0.0452460992179247,0.08194247519738575,)
81	2713585173898009	41913	4	(493:58[0.35000000000000014],499:57[0.35000000000000014],501:182[0.05999999999999998],504:207[0.19],)	504	-32.8	-369.6163888888889	-10000.0	21	18.392	23	12	(0.0429796444163659,0.04683109170044843,0.03827101262416562,0.06749132754997744,)
82	2713857552772026	42417	4	(493:22[0.36000000000000015],499:234[0.36000000000000015],501:21[0.049999999999999975],504:227[0.18],)	504	-32.66	-353.3237301587302	-10000.0	20	18.978	24	12	(0.07124569375884898,0.052558478873699674,0.034375474942508935,0.09392861577895065,)
83	2714098982838049	42921	4	(493:23[0.37000000000000016],499:210[0.35000000000000014],501:188[0.05999999999999998],504:83[0.16999999999999998],)	504	-33.27	-301.5210714285713	-10000.0	15	18.902	24	14	(0.09387819776572774,0.044781978358153084,0.04042731005026885,0.09128853270638759,)
84	2714356451308764	43425	4	(493:156[0.38000000000000017],499:118[0.34000000000000014],501:106[0.049999999999999975],504:124[0.18],)	504	-34.08	-323.0379365079364	-10000.0	15	18.696	24	13	(0.04391789992347428,0.04784178475339177,0.025666621431292294,0.09592869224249442,)
85	2714594841606889	43929	4	(493:53[0.37000000000000016],499:147[0.35000000000000014],501:186[0.05999999999999998],504:118[0.19],)	504	-32.84	-299.4047619047619	-10000.0	17	18.748	24	13	(0.04195624499937668,0.044831185521601216,0.03237597510929695,0.09049307262173,)
86	2714844045201302	44433	4	(493:108[0.38000000000000017],499:200[0.34000000000000014],501:111[0.049999999999999975],504:85[0.2],)	504	-31.25	-316.1314682539682	-9947.65	20	18.906	24	12	(0.0802064236788568,0.04864497785969319,0.03291561489545525,0.08805720270226279,)
87	2715111611917219	44937	4	(493:91[0.3900000000000002],499:153[0.3300000000000001],501:102[0.05999999999999998],504:158[0.21000000000000002],)	504	-33.04	-357.41849206349184	-10000.0	22	18.852	24	13	(0.1037545443570827,0.06301914843023593,0.0412187617729576,0.06703083862718208,)
88	2715367944599014	45441	4	(493:133[0.4000000000000002],499:241[0.3200000000000001],501:29[0.06999999999999998],504:101[0.2],)	504	-34.35	-343.72726190476186	-10000.0	19	19.102	25	13	(0.05132867262614425,0.06020053546731667,0.038046806618412636,0.06849954694798606,)
89	2715575563547063	45945	4	(493:219[0.3900000000000002],499:154[0.3100000000000001],501:28[0.07999999999999997],504:103[0.21000000000000002],)	504	-32.39	-248.34948412698412	-9988.87	17	18.952	25	12	(0.05111458059165082,0.06577371325744706,0.03651825457153108,0.05431029971793475,)
90	2715794731118565	46449	4	(493:81[0.38000000000000017],499:94[0.3000000000000001],501:299[0.08999999999999997],504:30[0.22000000000000003],)	504	-33.52	-254.99329365079362	-10000.0	21	19.562	25	12	(0.06509967032943541,0.04720285715081029,0.03639072837900036,0.07454047063446384,)
91	2716099418582908	46953	4	(493:167[0.3900000000000002],499:222[0.3100000000000001],501:81[0.07999999999999997],504:34[0.23000000000000004],)	504	-32.75	-329.9391269841268	-10000.0	23	19.844	26	11	(0.10026889035257767,0.057727965684955695,0.03150577608706357,0.05263050630125453,)
92	2716290711250618	47457	4	(493:49[0.38000000000000017],499:191[0.3000000000000001],501:120[0.08999999999999997],504:144[0.24000000000000005],)	504	-33.1	-228.9116071428572	-10000.0	18	19.83	25	12	(0.056815726360730685,0.04427311679881134,0.040782436714848616,0.07189159790174512,)
93	2716522777658244	47961	4	(493:163[0.3900000000000002],499:88[0.2900000000000001],501:167[0.09999999999999996],504:86[0.23000000000000004],)	504	-31.93	-283.90273809523825	-10000.0	22	19.794	26	13	(0.07015012894825665,0.044446719654827,0.03462542535464857,0.055250565576289025,)
94	2716698378006258	48465	4	(493:53[0.38000000000000017],499:189[0.3000000000000001],501:182[0.08999999999999997],504:80[0.24000000000000005],)	504	-32.61	-221.26121031746032	-9995.18	18	20.244	27	13	(0.0552575452390676,0.047981063719807725,0.04719435981657504,0.05595912118432326,)
95	2717019469306165	48969	4	(493:63[0.3900000000000002],499:123[0.2900000000000001],501:90[0.07999999999999997],504:228[0.25000000000000006],)	504	-32.92	-368.0564682539682	-10000.0	17	19.572	27	12	(0.05927954771449583,0.04955720977275516,0.05935541053069265,0.0367637595199087,)
96	2717383421800446	49473	4	(493:99[0.4000000000000002],499:191[0.3000000000000001],501:181[0.08999999999999997],504:33[0.24000000000000005],)	504	-32.49	-417.1490277777777	-10000.0	23	20.094	28	12	(0.05600207892116042,0.052318562273314176,0.05778105945188754,0.045488033587719696,)
97	2717683022261294	49977	4	(493:80[0.4100000000000002],499:267[0.2900000000000001],501:73[0.07999999999999997],504:84[0.25000000000000006],)	504	-32.93	-311.86583333333334	-9954.48	15	20.56	27	13	(0.08549125158952628,0.059099395112830695,0.03534895006271903,0.06872989989020101,)
98	2718013661238627	50481	4	(493:112[0.4200000000000002],499:198[0.2800000000000001],501:132[0.08999999999999997],504:62[0.26000000000000006],)	504	-33.63	-374.27928571428583	-10000.0	19	20.266	27	12	(0.06712272661759389,0.06006076288749594,0.04766389546053407,0.05275669653979568,)
99	2718228931350435	50985	4	(493:46[0.4300000000000002],499:238[0.2700000000000001],501:68[0.07999999999999997],504:152[0.2700000000000001],)	504	-33.12	-226.5252182539682	-10000.0	23	20.946	27	14	(0.07586190534479896,0.06279706930583805,0.04933081032690577,0.040073474990557544,)
100	2718626565246353	51489	4	(493:120[0.4400000000000002],499:210[0.26000000000000006],501:55[0.08999999999999997],504:119[0.26000000000000006],)	504	-32.09	-413.5602976190476	-10000.0	19	20.756	27	13	(0.06259230188745608,0.051747481560930675,0.04682699737725419,0.03762266935015486,)
101	2718969939077198	51993	4	(493:30[0.45000000000000023],499:217[0.25000000000000006],501:35[0.09999999999999996],504:222[0.2700000000000001],)	504	-33.9	-371.3887896825398	-9977.1	20	21.56	27	12	(0.05502946553833817,0.06357080220790833,0.07108499603538247,0.06162011480925037,)
102	2719442341501036	52497	4	(493:24[0.46000000000000024],499:309[0.24000000000000005],501:22[0.10999999999999996],504:149[0.26000000000000006],)	504	-32.34	-476.5125595238094	-10000.0	22	22.016	28	12	(0.05521998980823293,0.0777347020800722,0.052138998804619655,0.04047931345342353,)
103	2719740572648452	53001	4	(493:15[0.47000000000000025],499:170[0.23000000000000004],501:227[0.11999999999999995],504:92[0.25000000000000006],)	504	-32.5	-290.6749404761904	-10000.0	22	22.028	28	12	(0.07895333879136797,0.05609629738279721,0.04783439698414473,0.06032613054503595,)
104	2720000071774543	53505	4	(493:181[0.48000000000000026],499:221[0.22000000000000003],501:40[0.10999999999999996],504:62[0.26000000000000006],)	504	-32.95	-261.13365079365076	-9975.43	18	20.294	28	11	(0.09205323932307631,0.07884052802595601,0.05017120787341093,0.06631021438773804,)
105	2720309911399025	54009	4	(493:156[0.47000000000000025],499:222[0.21000000000000002],501:17[0.11999999999999995],504:109[0.2700000000000001],)	504	-34.37	-324.5293055555556	-10000.0	18	20.638	28	10	(0.05011346739371541,0.06290054371942504,0.03234785187002804,0.05011256378017703,)
106	2720661090613205	54513	4	(493:75[0.46000000000000024],499:207[0.2],501:27[0.12999999999999995],504:195[0.2800000000000001],)	504	-32.65	-363.61077380952395	-9987.3	16	21.69	29	12	(0.05045885738054374,0.06195512610627119,0.052396308212658914,0.05341497792613964,)
107	2721260812150870	55017	4	(493:37[0.47000000000000025],499:133[0.19],501:85[0.13999999999999996],504:249[0.2700000000000001],)	504	-33.26	-629.7839682539683	-10000.0	20	21.954	29	14	(0.05683968415062799,0.07206386509144862,0.057357653384919466,0.05656382584070773,)
108	2721550480902263	55521	4	(493:31[0.48000000000000026],499:210[0.18],501:167[0.14999999999999997],504:96[0.26000000000000006],)	504	-33.16	-290.29051587301586	-10000.0	21	22.446	30	14	(0.051290906578987196,0.06392817806606586,0.03969745026921362,0.057837917787312065,)
109	2721935189496832	56025	4	(493:22[0.49000000000000027],499:128[0.16999999999999998],501:175[0.13999999999999996],504:179[0.2700000000000001],)	504	-32.23	-371.46569444444447	-10000.0	23	22.776	30	15	(0.05356241836475389,0.0517577957289803,0.05450558574932657,0.06856460986226949,)
110	2722259808746043	56529	4	(493:154[0.5],499:123[0.15999999999999998],501:69[0.12999999999999995],504:158[0.26000000000000006],)	504	-33.61	-327.84373015873024	-10000.0	21	21.838	31	14	(0.08478995721684217,0.051448189161013035,0.04885032056300536,0.04477163209383276,)
111	2722636494421036	57033	4	(493:82[0.49],499:197[0.16999999999999998],501:147[0.13999999999999996],504:78[0.25000000000000006],)	504	-33.08	-332.93938492063484	-9967.61	24	22.832	32	13	(0.07115934907048106,0.06134650443397973,0.048357903380984515,0.03693021515630003,)
112	2722933974678861	57537	4	(493:41[0.5],499:198[0.15999999999999998],501:147[0.12999999999999995],504:118[0.26000000000000006],)	504	-32.93	-248.79795634920637	-9943.53	23	23.384	31	15	(0.049292293464665383,0.0703168792422247,0.055461503773100086,0.02276910757895179,)
113	2723211417613791	58041	4	(493:27[0.5],499:132[0.14999999999999997],501:181[0.11999999999999995],504:164[0.2700000000000001],)	504	-32.21	-244.92111111111114	-10000.0	20	23.492	32	15	(0.046431581760686756,0.06523020750721185,0.047686655490914234,0.021526640890955663,)
114	2723542985300991	58545	4	(493:26[0.5],499:199[0.13999999999999996],501:173[0.10999999999999996],504:106[0.26000000000000006],)	504	-33.39	-298.25029761904756	-9989.25	22	23.666	32	15	(0.04500618130770995,0.05690130116598201,0.051383633360671914,0.038153631819510744,)
115	2723825872298290	59056	3	(493:190[0.5],499:189[0.12999999999999995],504:125[0.2700000000000001],)	504	-32.75	-259.017757936508	-9941.8	21	22.342	33	14	(0.026227794409712946,0.0728866903980904,0.04917075549937747,)
116	2724284061440044	59559	3	(493:67[0.49],499:175[0.11999999999999995],504:261[0.2800000000000001],)	503	-32.78	-392.6493041749505	-10000.0	23	23.834	33	13	(0.023187018500393466,0.0610295547796426,0.08751226503187902,)
117	2724773923082227	60062	3	(493:208[0.5],499:166[0.10999999999999996],504:129[0.2700000000000001],)	503	-32.93	-473.86671968190853	-10000.0	21	22.618	32	12	(0.022696934438678745,0.05992637967481144,0.08344937910317982,)
118	2725196546834360	60565	3	(493:147[0.49],499:273[0.09999999999999996],504:83[0.2800000000000001],)	503	-32.72	-391.19232604373747	-10000.0	21	23.406	33	13	(0.05130455515876293,0.056113314452745096,0.10858214587000134,)
119	2725633849398780	61068	3	(493:71[0.5],499:230[0.08999999999999997],504:202[0.2900000000000001],)	503	-32.76	-367.9557852882704	-10000.0	21	24.092	32	15	(0.02792824386470898,0.04793282154317813,0.08431372084254107,)
120	2726016705354627	61571	3	(493:145[0.5],499:132[0.07999999999999997],504:226[0.2800000000000001],)	503	-32.06	-361.5366401590457	-10000.0	25	23.32	32	14	(0.037830331693786724,0.0596668133997818,0.055980684404567375,)
121	2726339311308081	62074	3	(493:103[0.5],499:175[0.08999999999999997],504:225[0.2700000000000001],)	503	-33.12	-307.64250497017883	-10000.0	15	24.042	33	14	(0.09318603065817316,0.05852147590898156,0.06774223766065077,)
122	2726717187323864	62577	3	(493:43[0.5],499:317[0.07999999999999997],504:143[0.26000000000000006],)	503	-32.53	-284.93522862823056	-10000.0	21	24.85	34	14	(0.043021932810745143,0.042538978799164504,0.04389725248684823,)
123	2727085198703405	63080	3	(493:74[0.5],499:193[0.06999999999999998],504:236[0.2700000000000001],)	503	-31.71	-321.71912524850893	-10000.0	19	24.874	34	14	(0.08993396910497972,0.04127165988138883,0.08645076707059592,)
124	2727413335502980	63583	3	(493:173[0.5],499:116[0.05999999999999998],504:214[0.26000000000000006],)	503	-31.51	-286.1371371769383	-10000.0	16	23.914	33	13	(0.10140451529809733,0.04000255710013165,0.11006077824899385,)
125	2727772835686093	64086	3	(493:142[0.49],499:175[0.06999999999999998],504:186[0.25000000000000006],)	503	-33.0	-288.6860437375746	-10000.0	15	24.024	34	14	(0.09549674614184754,0.04280993502667864,0.051262391497533845,)
126	2728010639499008	64589	3	(493:92[0.5],499:147[0.05999999999999998],504:264[0.24000000000000005],)	503	-31.67	-191.41445328031804	-9970.53	27	24.456	34	14	(0.09064605563579455,0.03954809691449779,0.07002549879423527,)
127	2728386935601687	65092	3	(493:277[0.5],499:170[0.06999999999999998],504:56[0.23000000000000004],)	503	-32.92	-307.59226640159045	-10000.0	25	25.012	34	14	(0.0959042894666845,0.03717164740388476,0.07157617308343765,)
128	2728864440942817	65595	3	(493:86[0.49],499:230[0.05999999999999998],504:187[0.24000000000000005],)	503	-33.38	-452.0321272365805	-10000.0	22	24.448	35	15	(0.10367914011863005,0.04183642231076333,0.08925412186828491,)
129	2729154240013675	66098	3	(493:265[0.5],499:139[0.049999999999999975],504:99[0.23000000000000004],)	503	-32.63	-258.1434990059642	-10000.0	17	23.368	35	14	(0.10848442252799209,0.03692737087287309,0.07011094117042055,)
130	2729571427580483	66601	3	(493:184[0.49],499:99[0.05999999999999998],504:220[0.24000000000000005],)	503	-33.13	-416.10815109343946	-9971.2	24	23.572	36	14	(0.09230054079337104,0.039572789893040375,0.07652437838367743,)
131	2729858875291216	67104	3	(493:96[0.48],499:206[0.06999999999999998],504:201[0.23000000000000004],)	503	-33.72	-279.88775347912525	-9965.24	27	23.834	32	14	(0.07182051199612227,0.051411098139371315,0.08543538900587866,)
132	2730292591234624	67607	3	(493:174[0.49],499:107[0.05999999999999998],504:222[0.22000000000000003],)	503	-32.4	-424.3334990059641	-10000.0	19	23.622	32	13	(0.06129236269707847,0.0438954801785559,0.08932209130781081,)
133	2730596540340365	68110	3	(493:168[0.48],499:234[0.06999999999999998],504:101[0.21000000000000002],)	503	-33.37	-304.0133399602385	-10000.0	19	23.16	32	13	(0.09909383995113796,0.049111081684843266,0.09324249328224228,)
134	2731078402603510	68613	3	(493:90[0.47],499:225[0.05999999999999998],504:188[0.22000000000000003],)	503	-32.15	-429.2175745526839	-10000.0	27	23.484	32	13	(0.0644721874634704,0.03984412969544412,0.06313843332805726,)
135	2731475203765880	69116	3	(493:112[0.48],499:139[0.049999999999999975],504:252[0.21000000000000002],)	503	-33.16	-378.7833001988074	-9990.22	28	23.672	33	13	(0.08316383188779983,0.04155625652789128,0.0907197149757461,)
136	2731778843986930	69619	3	(493:171[0.49],499:140[0.05999999999999998],504:192[0.2],)	503	-32.86	-296.920536779324	-10000.0	23	23.562	32	13	(0.07283852328923053,0.04224314464885028,0.0874335207360911,)
137	2732121322953061	70122	3	(493:104[0.48],499:242[0.06999999999999998],504:157[0.19],)	503	-34.25	-314.4638966202785	-9962.01	21	23.84	33	12	(0.058587845388288796,0.04630428891278081,0.0789442182817583,)
138	2732467915044676	70625	3	(493:182[0.49],499:113[0.05999999999999998],504:208[0.2],)	503	-30.99	-297.78699801192846	-10000.0	25	24.334	34	15	(0.1141723288605829,0.04754075154864984,0.09170748818274474,)
139	2732980749985449	71128	3	(493:122[0.48],499:269[0.06999999999999998],504:112[0.19],)	503	-33.73	-472.2884294234591	-10000.0	25	24.444	34	15	(0.07257104488132846,0.03779726156406025,0.07286227796966911,)
140	2733247680654707	71631	3	(493:146[0.49],499:32[0.05999999999999998],504:325[0.2],)	503	-33.04	-231.39552683896628	-9942.53	30	24.594	33	14	(0.08355569916410578,0.03838980329782108,0.05542657867806014,)
141	2733692452610848	72134	3	(493:140[0.5],499:46[0.06999999999999998],504:317[0.19],)	503	-33.11	-403.45403578528817	-10000.0	24	23.818	34	15	(0.07989250341161544,0.02484097303771633,0.04505431857758279,)
142	2734007740866254	72637	3	(493:142[0.5],499:226[0.07999999999999997],504:135[0.18],)	503	-33.37	-297.0027236580517	-10000.0	27	23.332	32	15	(0.09426266779369345,0.024476304745861904,0.05170368004965696,)
143	2734373788851940	73140	3	(493:204[0.5],499:212[0.06999999999999998],504:87[0.19],)	503	-34.17	-355.8924254473163	-9977.42	21	23.844	32	14	(0.08271410286615158,0.03812581033471568,0.06927852028916293,)
144	2734722016814439	73643	3	(493:155[0.49],499:303[0.05999999999999998],504:45[0.2],)	503	-33.58	-324.32747514910534	-10000.0	19	23.464	32	15	(0.089088847274147,0.03219641365044093,0.07291194063963896,)
145	2735076778171783	74146	3	(493:157[0.5],499:190[0.049999999999999975],504:156[0.21000000000000002],)	503	-33.64	-347.4966401590458	-9984.32	21	23.566	32	15	(0.08824626544665867,0.03872151723063506,0.06510105647717741,)
146	2735573145473107	74649	3	(493:174[0.5],499:26[0.03999999999999997],504:303[0.22000000000000003],)	503	-33.36	-447.2064214711729	-9980.34	30	24.03	32	16	(0.1014921461320796,0.03578581392087236,0.0995664480031682,)
147	2736010395173599	75152	3	(493:108[0.49],499:140[0.049999999999999975],504:255[0.21000000000000002],)	503	-32.36	-395.5509940357853	-10000.0	22	24.0	32	15	(0.08390780734393478,0.036388863867202186,0.08307175985186607,)
148	2736278545573188	75655	3	(493:241[0.5],499:138[0.05999999999999998],504:124[0.2],)	503	-33.87	-215.6282703777336	-9937.04	28	24.78	33	15	(0.09549466207234224,0.03548147487903335,0.11785206884600048,)
149	2736696582725372	76158	3	(493:67[0.49],499:127[0.06999999999999998],504:309[0.21000000000000002],)	503	-32.91	-369.7888866799205	-9971.97	22	25.0	34	15	(0.13228248546092647,0.04585783383933746,0.11235826118282982,)
