alpha = 0.15
gamma = 1.0
lambda = 0.6
epsilon = 0.3
randomSeed = 1414
GREAT!
Xover: 4
---- Evolution parameters ----
Folder name:          NMSarsa_Maze/run_2686830011166854
Random seed:          1414
GREAT activated:      true
Max iterations:       150
Population size:      500
GREAT initialization  true
Speciation threshold: 0.15
Species min size:     15
Tournament size:      3
Crossover rate:       0.2
Mutation rate:        0.8
Crossovers:
	AligningCrossover_v4(0.15)
Mutations:
	AddGeneMutation(maxSize=2147483647, prob=0.33)
	DeleteGeneMutation(minSize=10, prob=0.33)
	ChangeGeneMutation(prob=0.33)
------------------------------

---- Starting evolution ----
IT	Nanotime	#Eval	#Species	Species size	PopSize	Best	Avg	Worst	Best GRN Size	Avg GRN size	Max GRN size	Min GRN size	Species avgdist2rep
0	2688945087857685	997	1	(487:499[0.15],)	499	-70.34	-550.8835871743489	-10000.0	13	11.412	15	10	(0.06317493165734442,)
1	2689113437587737	1503	1	(487:501[0.16],)	501	-66.84	-369.0409181636726	-10000.0	10	11.722	16	10	(0.06937914425930453,)
2	2689286569564365	2015	1	(487:501[0.15],)	501	-64.82	-348.53409181636744	-9990.93	11	11.93	16	10	(0.06002807992457347,)
3	2689467271109819	2516	2	(487:444[0.13999999999999999],490:57[0.15],)	501	-64.17	-399.176766467066	-10000.0	14	11.97	17	10	(0.061289019582012244,0.0642258861846455,)
4	2689584835996296	3035	3	(487:176[0.12999999999999998],490:222[0.16],491:104[0.15],)	502	-63.48	-253.06490039840648	-10000.0	12	11.48	15	10	(0.07573222146281557,0.06309737528291856,0.07775736791044571,)
5	2689692057507798	3538	3	(487:241[0.11999999999999998],490:88[0.15],491:174[0.16],)	503	-63.13	-232.90421471172962	-10000.0	10	11.596	16	10	(0.06589359487115524,0.0691169648355194,0.069230760221999,)
6	2689826707670923	4056	4	(487:41[0.10999999999999999],490:403[0.16],491:27[0.15],495:32[0.15],)	503	-63.12	-307.5869980119285	-10000.0	10	11.342	16	10	(0.08153128129095226,0.07253329723663755,0.0998350200934849,0.07701072898714809,)
7	2690073490889097	4571	3	(487:221[0.11999999999999998],490:265[0.15],495:18[0.16],)	504	-62.52	-534.29248015873	-10000.0	12	11.91	17	10	(0.08599733867641907,0.061972044531703276,0.06936827100780911,)
8	2690242573028033	5080	4	(487:44[0.10999999999999999],490:339[0.13999999999999999],495:41[0.17],498:79[0.15],)	503	-62.96	-409.4795626242545	-10000.0	13	11.502	16	10	(0.06768891284335307,0.06168603154331936,0.07429601986091004,0.055002152149419885,)
9	2690618705192252	5593	3	(487:47[0.11999999999999998],490:303[0.12999999999999998],495:154[0.18000000000000002],)	504	-63.33	-812.9687301587304	-10000.0	11	10.888	15	10	(0.07617602814846776,0.04216071228599591,0.0365602154851281,)
10	2690727460330706	6096	4	(487:273[0.12999999999999998],490:150[0.11999999999999998],495:58[0.19000000000000003],500:22[0.15],)	503	-63.03	-228.42180914512926	-10000.0	10	11.406	16	10	(0.05056182354221204,0.037377026099350404,0.05135607772442507,0.04268578381369218,)
11	2690879628539217	6602	4	(487:22[0.11999999999999998],490:109[0.10999999999999999],495:145[0.20000000000000004],500:228[0.16],)	504	-63.56	-296.5338888888889	-10000.0	12	12.584	17	10	(0.0866048684305262,0.051201559068906326,0.06774369248463012,0.028338321005380144,)
12	2691006709923689	7106	4	(487:214[0.12999999999999998],490:82[0.11999999999999998],495:133[0.19000000000000003],500:75[0.15],)	504	-62.71	-305.73559523809524	-9986.54	10	11.514	17	10	(0.05713590500948211,0.05939103332598807,0.04616280684286052,0.04460298258919981,)
13	2691087293343233	7615	4	(487:101[0.11999999999999998],490:204[0.12999999999999998],495:69[0.18000000000000002],500:130[0.16],)	504	-63.58	-129.3577380952381	-10000.0	12	12.206	18	10	(0.06314144450245793,0.06397633223815391,0.07556844221633345,0.04339119746817625,)
14	2691217304435150	8119	4	(487:109[0.12999999999999998],490:114[0.11999999999999998],495:220[0.19000000000000003],500:61[0.15],)	504	-63.33	-285.11577380952383	-10000.0	11	11.788	18	10	(0.08071910908433334,0.07220263727308081,0.07099102439174085,0.09750986787741857,)
15	2691314642973271	8631	4	(487:111[0.13999999999999999],490:181[0.12999999999999998],495:193[0.18000000000000002],500:19[0.16],)	504	-63.1	-194.96595238095242	-9975.55	10	11.962	17	10	(0.06389197325237957,0.07947454002546432,0.07846201060556432,0.09795254104855049,)
16	2691393298619269	9148	4	(487:141[0.15],490:110[0.11999999999999998],495:172[0.17],500:81[0.17],)	504	-63.06	-144.017757936508	-9898.85	11	12.402	18	10	(0.10127643129886595,0.07642328765568593,0.08683558180810992,0.07812525026394569,)
17	2691482718348595	9663	4	(487:94[0.13999999999999999],490:156[0.12999999999999998],495:115[0.16],500:139[0.18000000000000002],)	504	-63.59	-183.07271825396828	-10000.0	13	12.104	18	10	(0.07633717805318056,0.09262369466379185,0.08536818013512742,0.08340890236511778,)
18	2691580382754041	10184	5	(487:92[0.15],490:122[0.11999999999999998],495:215[0.17],500:28[0.17],508:47[0.15],)	504	-61.92	-128.79583333333338	-10000.0	11	12.116	18	10	(0.0696402378006567,0.08116903650857044,0.0897236670213087,0.09889580253178906,0.09136815133403937,)
19	2691722859934736	10701	4	(487:65[0.16],495:154[0.16],508:260[0.16],513:26[0.15],)	505	-63.04	-306.71548514851474	-10000.0	14	11.912	17	10	(0.08535769916005512,0.0921077721221566,0.08155360660295836,0.07276321765331972,)
20	2691821681206866	11228	6	(487:146[0.17],495:187[0.15],508:52[0.15],513:77[0.16],514:22[0.15],518:20[0.15],)	504	-63.26	-164.10698412698414	-10000.0	16	12.414	18	10	(0.0853796166216456,0.044513950403864716,0.0823991798822996,0.030565389897634937,0.07252703420326276,0.08953210973654858,)
21	2691931324348412	11741	7	(487:36[0.16],495:162[0.13999999999999999],508:22[0.16],513:19[0.17],514:171[0.16],518:40[0.16],520:56[0.15],)	506	-63.31	-241.9690513833992	-10000.0	11	11.69	19	10	(0.09252008484978616,0.03413416285006872,0.07876791248154405,0.043037980328728936,0.08197080888138886,0.08701096977606644,0.11244319661548895,)
22	2692030861421765	12258	7	(487:19[0.17],495:187[0.12999999999999998],508:37[0.17],514:109[0.15],518:24[0.17],520:96[0.16],522:35[0.15],)	507	-63.23	-183.96301775147933	-10000.0	19	11.88	19	10	(0.08125700777223348,0.044003734591729134,0.06889439986137808,0.05899883731345658,0.0913099669825601,0.06535924417287552,0.05460549238580854,)
23	2692107286661576	12779	6	(487:239[0.18000000000000002],495:144[0.11999999999999998],514:50[0.13999999999999999],518:35[0.18000000000000002],520:22[0.15],522:17[0.16],)	507	-63.5	-145.00642998027615	-9999.26	10	12.764	19	10	(0.09048816716921623,0.06452273186814199,0.06600990428483035,0.0667140904544371,0.06980940313423177,0.09015443709118533,)
24	2692234158713782	13300	5	(487:53[0.17],495:56[0.10999999999999999],514:42[0.15],518:287[0.19000000000000003],522:68[0.17],)	506	-63.48	-207.9316007905139	-10000.0	12	11.822	19	10	(0.08287302769038585,0.06811019445970863,0.08285389026536119,0.08752158610581248,0.11079321736337344,)
25	2692371965638395	13813	9	(487:42[0.18000000000000002],495:110[0.11999999999999998],514:44[0.16],518:115[0.18000000000000002],522:47[0.18000000000000002],527:82[0.15],528:26[0.15],529:18[0.15],530:21[0.15],)	505	-63.54	-233.55439603960397	-10000.0	13	12.016	20	10	(0.10621907987074682,0.06593644109722181,0.057634193458412544,0.08527512768948445,0.09454776969364563,0.10754870246824116,0.10806452860208694,0.062194592279533785,0.09039410276138604,)
26	2692509090281080	14368	4	(495:48[0.10999999999999999],514:40[0.17],522:124[0.19000000000000003],530:297[0.16],)	509	-62.87	-202.24408644400785	-9998.36	14	14.336	21	10	(0.056101330895260426,0.08319228896296137,0.06136273217366204,0.03506875372035954,)
27	2692659074355829	14872	4	(495:54[0.11999999999999998],514:58[0.18000000000000002],522:199[0.20000000000000004],530:193[0.15],)	504	-63.47	-285.7184126984126	-10000.0	14	13.698	22	10	(0.06495254759515796,0.08864650983619553,0.06320970890600758,0.059893506566852765,)
28	2692794129534730	15376	5	(495:83[0.12999999999999998],514:200[0.19000000000000003],522:149[0.19000000000000003],530:36[0.13999999999999999],533:36[0.15],)	504	-62.43	-280.8798412698413	-9965.4	13	12.426	20	10	(0.09879366455965877,0.07809601944917985,0.07328242970316654,0.07379082102935593,0.07783369718761382,)
29	2692960407560149	15899	4	(495:351[0.13999999999999999],514:22[0.18000000000000002],530:20[0.15],533:112[0.16],)	505	-63.33	-270.99502970297016	-10000.0	10	13.722	19	10	(0.03161544352779494,0.06925659783915035,0.09418502127876224,0.028762978975234388,)
30	2693061435805172	16403	4	(495:24[0.12999999999999998],514:25[0.19000000000000003],530:231[0.16],533:224[0.17],)	504	-62.77	-170.7173611111112	-10000.0	15	14.44	20	10	(0.08411820624098731,0.07011134583228026,0.08673498725645354,0.03501051191333117,)
31	2693174279444286	16908	4	(495:27[0.13999999999999999],514:259[0.20000000000000004],530:101[0.15],533:117[0.16],)	504	-63.25	-189.2495634920635	-10000.0	11	12.484	21	10	(0.07908939601748882,0.059700307087002594,0.07746077098288129,0.0774079140200855,)
32	2693302421804986	17425	4	(495:162[0.15],514:122[0.19000000000000003],530:73[0.16],533:147[0.17],)	504	-63.37	-260.68486111111116	-10000.0	11	13.37	22	10	(0.08078022975188721,0.09507962129944664,0.08676647556002591,0.06580898210835452,)
33	2693404787955780	17935	6	(495:214[0.13999999999999999],514:80[0.20000000000000004],530:37[0.17],533:30[0.16],538:107[0.15],539:36[0.15],)	504	-63.69	-165.41249999999997	-10000.0	11	12.95	22	10	(0.08912183804230216,0.10368967438191372,0.0860386541565342,0.0985302551302624,0.06502122865638818,0.08167082403931489,)
34	2693498603694958	18441	6	(495:62[0.12999999999999998],514:144[0.21000000000000005],530:38[0.18000000000000002],533:40[0.17],538:70[0.13999999999999999],539:152[0.16],)	506	-63.49	-175.97644268774704	-9968.59	14	12.858	23	10	(0.038301649029381844,0.06898715047412872,0.08830935841211933,0.06918264165253316,0.0871301460991601,0.03209801994316069,)
35	2693612454130513	18947	6	(495:109[0.13999999999999999],514:110[0.20000000000000004],530:35[0.19000000000000003],533:136[0.18000000000000002],538:25[0.15],539:91[0.15],)	506	-63.39	-225.8358695652174	-9976.41	16	13.216	21	10	(0.028542066431800118,0.07345113500858556,0.0725673246806176,0.07930052542928263,0.08775760138089263,0.05131879528937109,)
36	2693724412359123	19461	5	(495:130[0.12999999999999998],514:105[0.19000000000000003],530:73[0.20000000000000004],533:83[0.17],538:115[0.16],)	506	-63.08	-221.36442687747032	-10000.0	15	13.19	21	10	(0.04965886192128312,0.0755630151064461,0.08494579691002134,0.07693969520896292,0.07804063078887184,)
37	2693865279967271	19988	5	(495:111[0.11999999999999998],514:91[0.18000000000000002],530:46[0.21000000000000005],533:137[0.18000000000000002],538:120[0.15],)	505	-63.62	-202.26087128712874	-9941.8	10	12.744	19	10	(0.07475307307841896,0.0895479289173095,0.13155407981174733,0.0943261432942905,0.07290859374256252,)
38	2693994197698107	20523	7	(495:58[0.10999999999999999],514:54[0.19000000000000003],530:40[0.22000000000000006],533:188[0.17],538:87[0.13999999999999999],543:48[0.15],547:30[0.15],)	505	-63.14	-213.55677227722774	-10000.0	14	12.906	20	10	(0.08059159279117854,0.10597868974899748,0.07296952415691096,0.09582440418186763,0.07991711530261301,0.09434852807580994,0.08641659481446533,)
39	2694114030015817	21035	7	(495:24[0.11999999999999998],514:19[0.20000000000000004],530:115[0.23000000000000007],533:115[0.16],538:33[0.12999999999999998],543:38[0.16],547:163[0.16],)	507	-63.62	-225.9699211045365	-10000.0	13	13.284	21	10	(0.07744702249121162,0.09043508777967202,0.11657563971889809,0.09469537613171793,0.09441983569215681,0.08149467147484891,0.06823752450869759,)
40	2694213424264546	21558	6	(495:144[0.12999999999999998],530:50[0.22000000000000006],533:83[0.15],538:45[0.13999999999999999],543:96[0.17],547:89[0.15],)	507	-62.74	-143.43138067061145	-9893.76	14	13.274	20	10	(0.07824292198517313,0.12010801733093829,0.09219959214070361,0.08673681160386915,0.09521335583355917,0.08004864199274321,)
41	2694326351669717	22068	7	(495:85[0.11999999999999998],530:41[0.23000000000000007],533:70[0.13999999999999999],538:133[0.15],543:58[0.16],547:85[0.13999999999999999],551:34[0.15],)	506	-63.59	-249.00262845849795	-10000.0	14	12.61	22	10	(0.06327130322242822,0.10607690900135726,0.0885712782587961,0.05549726070711619,0.08380624410083377,0.08043918607313802,0.03618855362286056,)
42	2694417339041086	22588	7	(495:63[0.10999999999999999],533:41[0.15],538:173[0.13999999999999999],543:35[0.17],547:69[0.12999999999999998],551:102[0.16],552:24[0.15],)	507	-63.69	-182.42422090729787	-10000.0	11	12.072	21	10	(0.06181594791672743,0.10444756555541052,0.06446683357318639,0.09376351503575395,0.07631097363365394,0.03461411463536841,0.09149295273493185,)
43	2694489331984834	23113	7	(495:33[0.11999999999999998],533:121[0.16],538:129[0.12999999999999998],543:53[0.18000000000000002],551:115[0.15],552:35[0.16],553:21[0.15],)	507	-63.79	-105.43181459566077	-9973.84	11	12.8	21	10	(0.06779290342204115,0.08303571803994182,0.0773487440694834,0.09774998963578453,0.04083922525709927,0.09955043129171601,0.08761170612797901,)
44	2694630674101986	23643	7	(495:57[0.12999999999999998],538:63[0.11999999999999998],543:44[0.19000000000000003],551:138[0.13999999999999999],552:23[0.17],553:141[0.16],558:41[0.15],)	507	-63.38	-201.65783037475347	-10000.0	11	13.104	22	10	(0.08444100665140257,0.0699223136209439,0.0930569971278793,0.07654332290919993,0.10409866216149292,0.09101483581325157,0.06539071327600739,)
45	2694717338400295	24170	6	(495:42[0.13999999999999999],538:118[0.12999999999999998],543:120[0.20000000000000004],552:142[0.18000000000000002],553:62[0.15],558:23[0.16],)	507	-63.47	-111.46398422090726	-9909.48	14	13.958	22	10	(0.08749200488968084,0.0668985058325289,0.09205559369399638,0.07238416131082716,0.09369956471855793,0.05870317106004025,)
46	2694873587338176	24704	6	(495:31[0.15],538:68[0.11999999999999998],543:208[0.19000000000000003],552:75[0.17],553:76[0.16],558:48[0.17],)	506	-63.5	-284.04875494071143	-10000.0	14	14.16	22	10	(0.07516786143335999,0.09202557862931368,0.09399819533885106,0.07255008263823076,0.1052575339419995,0.04965729547404815,)
47	2694987904218703	25216	7	(495:89[0.16],538:43[0.12999999999999998],543:61[0.18000000000000002],552:47[0.18000000000000002],553:115[0.17],558:29[0.18000000000000002],564:122[0.15],)	506	-63.67	-188.6340909090909	-10000.0	15	13.052	20	10	(0.08218161171591622,0.10237056168753915,0.11700677465180723,0.09564615067986758,0.10714574212933473,0.08247217221730993,0.07905435292948573,)
48	2695075032353418	25741	7	(495:87[0.15],538:141[0.13999999999999999],543:55[0.19000000000000003],552:105[0.19000000000000003],558:37[0.19000000000000003],564:47[0.13999999999999999],566:35[0.15],)	507	-63.62	-167.67850098619326	-9903.32	13	13.098	21	10	(0.09554578662985447,0.07199351730617393,0.07512540578580147,0.08004619292841827,0.06727644684423786,0.06876493260784697,0.06371663905804471,)
49	2695168501245503	26248	8	(495:19[0.13999999999999999],538:42[0.12999999999999998],543:90[0.20000000000000004],552:37[0.18000000000000002],558:64[0.20000000000000004],564:76[0.15],566:153[0.16],569:26[0.15],)	507	-63.47	-198.78946745562126	-9967.04	11	12.468	19	10	(0.08179703832945422,0.06773647730871417,0.07566558858991287,0.07276363252294155,0.0838930387435585,0.06763690789186115,0.06835594601065124,0.06708626679107185,)
50	2695285646362052	26781	6	(495:59[0.15],543:43[0.19000000000000003],552:38[0.19000000000000003],558:28[0.19000000000000003],564:230[0.13999999999999999],566:110[0.15],)	508	-63.18	-170.93870078740164	-9939.89	12	12.212	19	10	(0.09185199709625456,0.08579190675036513,0.061516323733383324,0.07548303314453739,0.07288554334563167,0.07944738280247707,)
51	2695397900830825	27298	7	(495:184[0.16],543:34[0.20000000000000004],552:39[0.20000000000000004],558:55[0.20000000000000004],564:111[0.12999999999999998],566:55[0.13999999999999999],572:28[0.15],)	506	-62.61	-201.84134387351773	-10000.0	10	12.6	20	10	(0.07326922589569772,0.09545569371301067,0.03697071080848813,0.07300449681107238,0.055595390453547146,0.06677398023559639,0.10556231252619051,)
52	2695497171520648	27818	6	(495:117[0.15],543:97[0.21000000000000005],552:44[0.21000000000000005],564:19[0.11999999999999998],566:72[0.15],572:158[0.16],)	507	-63.32	-204.97840236686395	-10000.0	10	12.354	19	10	(0.07754213339062832,0.08245231564171522,0.06651150974590712,0.06558932235387245,0.07590676795004475,0.09713995980577715,)
53	2695578691904714	28328	7	(495:50[0.13999999999999999],543:18[0.20000000000000004],552:38[0.22000000000000006],564:42[0.12999999999999998],566:36[0.16],572:296[0.15],578:26[0.15],)	506	-63.29	-163.14235177865612	-9976.37	13	12.43	19	10	(0.09926663124834474,0.10963541815129883,0.06658475523785502,0.06974559782181088,0.09169049944196428,0.08563626140676861,0.07204344253616127,)
54	2695654633705966	28839	7	(543:202[0.21000000000000005],552:17[0.23000000000000007],564:35[0.13999999999999999],566:71[0.17],572:88[0.13999999999999999],578:78[0.16],580:16[0.15],)	507	-63.35	-186.82313609467457	-9961.47	11	11.202	18	10	(0.08225688248504369,0.08586774807639774,0.057359679886983234,0.07531887561730262,0.10417769373133949,0.08533964438219943,0.0671277540940357,)
55	2695771145707313	29363	7	(543:80[0.20000000000000004],552:25[0.24000000000000007],564:23[0.15],566:102[0.16],572:18[0.12999999999999998],580:235[0.16],581:24[0.15],)	507	-62.45	-260.7378698224852	-9999.79	10	11.314	18	10	(0.06026447794137772,0.10498669966890269,0.08727078869288693,0.07960281168243667,0.08024348284473594,0.06713596694252998,0.07306193160178624,)
56	2695887012216220	29892	6	(543:101[0.19000000000000003],552:30[0.25000000000000006],566:39[0.15],572:94[0.13999999999999999],580:76[0.15],581:167[0.16],)	507	-63.35	-248.86721893491134	-10000.0	11	11.38	18	10	(0.08720690201889474,0.09198954995547545,0.0665738057922497,0.06311547068424009,0.046271615862622975,0.07002245719785105,)
57	2696003245764733	30412	6	(543:42[0.18000000000000002],552:25[0.26000000000000006],566:148[0.16],572:78[0.12999999999999998],580:148[0.16],581:65[0.15],)	506	-63.57	-226.7222924901186	-10000.0	11	11.34	19	10	(0.12491397565208014,0.10103552375212269,0.06694692190873337,0.07848777371016388,0.055201880917086256,0.0724744518196498,)
58	2696111761072780	30918	7	(543:73[0.19000000000000003],552:140[0.2700000000000001],566:48[0.15],572:86[0.13999999999999999],580:80[0.15],581:53[0.16],587:26[0.15],)	506	-64.0	-249.58869565217387	-10000.0	17	12.168	20	10	(0.1312110355519354,0.1249183242687902,0.10391349462621258,0.06450139958237973,0.07726827608783611,0.09303343947175163,0.09155308746536146,)
59	2696267991722003	31455	8	(552:54[0.26000000000000006],566:83[0.16],572:64[0.12999999999999998],580:33[0.13999999999999999],581:77[0.17],588:94[0.15],589:39[0.15],592:63[0.15],)	507	-63.7	-237.6920710059171	-9988.9	10	11.738	20	10	(0.12115619508464504,0.08225301939685052,0.06852568742076806,0.08317523688881637,0.07427258847964621,0.10681908799558863,0.0903482318100315,0.08464921624801654,)
60	2696430106837653	31982	7	(552:71[0.2700000000000001],566:173[0.15],572:24[0.11999999999999998],580:20[0.15],581:93[0.16],589:96[0.16],592:31[0.13999999999999999],)	508	-63.63	-299.735748031496	-9977.86	10	11.754	21	10	(0.09927615643776348,0.07488143300472465,0.05286119640885876,0.10315403845325491,0.08215569853172659,0.06316558290129701,0.07663532125436646,)
61	2696498367872908	32495	6	(552:195[0.26000000000000006],566:90[0.13999999999999999],572:25[0.12999999999999998],580:42[0.16],581:98[0.15],589:57[0.15],)	507	-62.67	-133.93074950690337	-10000.0	19	12.312	21	10	(0.10253935975671345,0.07262964066313074,0.06151586550516214,0.09560623207592675,0.08393192549061332,0.07585998501047503,)
62	2696625271512048	33015	7	(552:84[0.25000000000000006],566:41[0.12999999999999998],572:37[0.13999999999999999],580:203[0.17],581:16[0.13999999999999999],589:36[0.16],597:89[0.15],)	506	-62.54	-241.71903162055327	-10000.0	11	12.56	22	10	(0.09787463622632077,0.08555854432340149,0.06563472323214863,0.08615311057037563,0.08800441385397355,0.08334237305941836,0.058289988417674236,)
63	2696716933344658	33537	9	(552:30[0.24000000000000005],566:44[0.13999999999999999],572:150[0.15],580:55[0.16],581:60[0.15],589:27[0.17],597:89[0.13999999999999999],599:27[0.15],602:25[0.15],)	507	-62.93	-183.24790927021695	-9963.81	12	12.15	20	10	(0.1630504559997292,0.10095571557378241,0.06048469292356091,0.08167895325311059,0.10243704499213414,0.10561346191058416,0.06880750922781664,0.07848202321595447,0.06866177985681153,)
64	2696859550978929	34046	9	(552:16[0.25000000000000006],566:67[0.15],572:24[0.13999999999999999],580:63[0.15],581:86[0.13999999999999999],589:94[0.18000000000000002],597:47[0.12999999999999998],599:97[0.16],602:15[0.16],)	509	-62.76	-286.1091355599214	-10000.0	11	12.164	21	10	(0.12269504704789758,0.06291891788594493,0.0669209511595331,0.10410305775543308,0.08016312883060306,0.07069864933122401,0.07868230278373521,0.09952120438890638,0.07269760520677651,)
65	2696987707194168	34562	9	(552:149[0.26000000000000006],566:34[0.13999999999999999],572:18[0.15],580:54[0.13999999999999999],581:44[0.12999999999999998],589:24[0.17],597:31[0.13999999999999999],602:125[0.17],603:30[0.15],)	509	-63.17	-264.62267190569753	-10000.0	11	11.946	15	10	(0.11084771482838568,0.07690165842878925,0.05745189621770016,0.056320639014122015,0.08234804287918597,0.13209273418103346,0.09788562809007781,0.06697253719986684,0.08147730908141244,)
66	2697088519079096	35085	8	(552:44[0.25000000000000006],566:67[0.15],572:24[0.16],580:49[0.15],597:41[0.15],602:70[0.16],603:194[0.16],604:20[0.15],)	509	-63.51	-209.2420628683694	-9984.09	14	12.598	16	10	(0.07255465705898466,0.09343579514938975,0.060882908381366875,0.07633758746838107,0.07533125774944188,0.07523825172488853,0.030336459804723912,0.06534953935727092,)
67	2697187733572458	35617	6	(552:163[0.26000000000000006],572:70[0.17],580:31[0.16],597:140[0.16],603:64[0.15],604:40[0.16],)	508	-63.32	-217.67281496062995	-10000.0	11	12.056	17	10	(0.09387457052402078,0.08192267765976798,0.07238056977443226,0.06514244545886101,0.0465200471437652,0.07815040691409147,)
68	2697329061459479	36133	6	(552:106[0.25000000000000006],572:35[0.18000000000000002],580:82[0.17],597:82[0.15],603:167[0.16],604:34[0.17],)	506	-63.48	-261.1715612648221	-10000.0	12	12.538	18	10	(0.10417612336611873,0.08125672440721116,0.0877211270918918,0.07950339220274932,0.049137877070402514,0.05834058137870133,)
69	2697478050030203	36653	6	(552:120[0.24000000000000005],572:120[0.19000000000000003],580:101[0.18000000000000002],597:26[0.16],603:83[0.15],604:56[0.18000000000000002],)	506	-63.16	-301.45199604743084	-10000.0	11	12.532	18	10	(0.0726606441020297,0.07666473070860784,0.06653609995940571,0.057650329082086435,0.046764791053200805,0.09055735630236285,)
70	2697624515631309	37172	6	(552:97[0.23000000000000004],572:74[0.18000000000000002],580:110[0.17],597:17[0.17],603:83[0.13999999999999999],604:125[0.19000000000000003],)	506	-62.47	-281.2851581027668	-10000.0	12	12.538	18	10	(0.106368664365929,0.08114553842555668,0.06115615189438105,0.08443199847249457,0.06875434114155378,0.08307884110276462,)
71	2697754472973952	37684	6	(552:47[0.22000000000000003],572:27[0.19000000000000003],580:213[0.16],597:115[0.18000000000000002],603:85[0.12999999999999998],604:19[0.18000000000000002],)	506	-63.25	-253.8047826086956	-10000.0	13	12.046	18	10	(0.082228439371845,0.07607455860685085,0.07538678345474266,0.04915277867358655,0.05651156232130318,0.09631957953301092,)
72	2697835880251706	38194	6	(552:59[0.23000000000000004],572:94[0.20000000000000004],580:161[0.15],597:113[0.17],603:31[0.11999999999999998],604:48[0.19000000000000003],)	506	-62.96	-165.32614624505925	-9979.74	13	11.866	17	10	(0.15063678457122825,0.10043131108596647,0.07748911592325866,0.07947394327353609,0.07077343636465702,0.07930959195937075,)
73	2697951091053826	38700	6	(552:200[0.24000000000000005],572:70[0.19000000000000003],580:40[0.13999999999999999],597:127[0.16],603:37[0.12999999999999998],604:32[0.20000000000000004],)	506	-63.52	-224.9608300395257	-10000.0	15	12.12	18	10	(0.09483670857824557,0.10780515509926474,0.08765076291151576,0.07668712427755034,0.07391069430271843,0.08278128687503783,)
74	2698049937396792	39209	7	(552:66[0.23000000000000004],572:58[0.20000000000000004],580:42[0.15],597:153[0.15],603:127[0.13999999999999999],604:24[0.21000000000000005],615:36[0.15],)	506	-63.19	-202.5633992094862	-9987.14	13	12.374	18	10	(0.12364124696307321,0.09557529284050156,0.07305815492278409,0.0836427033781732,0.07302143776291453,0.09734563270883805,0.09121154464030001,)
75	2698146643370649	39724	7	(552:93[0.24000000000000005],572:18[0.21000000000000005],580:110[0.16],597:204[0.13999999999999999],603:41[0.12999999999999998],615:21[0.16],617:20[0.15],)	507	-63.27	-210.3145364891519	-9957.25	12	11.86	18	10	(0.09554020944009943,0.11540905612041298,0.09134119447419022,0.08719758823314275,0.06555206414110382,0.07530105166827317,0.08781750276342697,)
76	2698245871944485	40236	7	(552:88[0.23000000000000004],572:123[0.22000000000000006],580:113[0.15],597:15[0.12999999999999998],603:102[0.13999999999999999],615:32[0.17],617:34[0.16],)	507	-62.69	-223.48110453648906	-10000.0	12	11.898	19	10	(0.09998536818288102,0.09307260580693419,0.08021953206153601,0.09445205914730445,0.08740536004841937,0.05282366110213386,0.092475616597819,)
77	2698317703535101	40772	8	(552:80[0.22000000000000003],572:41[0.21000000000000005],580:24[0.13999999999999999],597:113[0.13999999999999999],603:133[0.12999999999999998],615:26[0.18000000000000002],617:71[0.17],620:19[0.15],)	507	-62.09	-111.82358974358974	-9978.35	10	12.378	19	10	(0.0893177139770616,0.12388566455299257,0.08685353242845617,0.06795827177682817,0.08920244553146954,0.09613908281230385,0.1257343014391346,0.09147270199667644,)
78	2698387483215338	41280	8	(552:43[0.21000000000000002],572:37[0.22000000000000006],580:48[0.15],597:67[0.12999999999999998],603:79[0.11999999999999998],615:143[0.19000000000000003],617:73[0.16],620:18[0.16],)	508	-63.39	-132.71438976377954	-9943.05	12	12.468	20	10	(0.10314139955368544,0.10171665607233236,0.0958922426044622,0.10333423914965835,0.08684152441584043,0.06619922470111494,0.08572673767538319,0.07187039737228836,)
79	2698512836730436	41795	8	(552:32[0.22000000000000003],572:63[0.23000000000000007],580:83[0.16],597:48[0.11999999999999998],603:59[0.10999999999999999],615:74[0.18000000000000002],617:76[0.15],620:73[0.17],)	508	-63.3	-268.7575787401575	-10000.0	13	12.202	18	10	(0.13657019129994674,0.10609400169542174,0.10214104087640444,0.06736707754946768,0.0680688795211012,0.05512922905078617,0.07973687106003363,0.08392385534713818,)
80	2698604078724064	42305	8	(552:96[0.23000000000000004],572:116[0.22000000000000006],580:19[0.15],597:43[0.12999999999999998],603:72[0.11999999999999998],615:53[0.17],617:90[0.13999999999999999],620:19[0.16],)	508	-63.13	-157.1190748031496	-9956.04	13	11.934	19	10	(0.1174915531424749,0.10180958205085512,0.103330996622517,0.08758462837039843,0.10818914225671108,0.06773110472666415,0.10061581601571477,0.10528964682266756,)
81	2698718976770430	42820	9	(552:18[0.22000000000000003],572:130[0.21000000000000005],580:77[0.16],597:150[0.13999999999999999],603:31[0.10999999999999999],615:26[0.18000000000000002],617:24[0.12999999999999998],620:32[0.17],625:20[0.15],)	508	-63.32	-242.77663385826773	-10000.0	12	11.888	18	10	(0.1493401013241217,0.08730821592834334,0.05186590018788951,0.056450777417467964,0.042692655557174414,0.08819626590607002,0.0910398204583107,0.08750083495233023,0.1019540862804347,)
82	2698895147379650	43381	6	(552:80[0.23000000000000004],572:48[0.20000000000000004],597:29[0.12999999999999998],603:53[0.11999999999999998],615:65[0.19000000000000003],625:234[0.16],)	509	-64.08	-337.65996070726925	-10000.0	11	12.666	18	10	(0.11311669280383482,0.11025999210913422,0.08363691448121684,0.07778751344331661,0.10108463211959821,0.08095924015846023,)
83	2699015322820021	43887	6	(552:64[0.24000000000000005],572:100[0.21000000000000005],597:45[0.13999999999999999],603:18[0.12999999999999998],615:202[0.20000000000000004],625:77[0.15],)	506	-62.87	-241.62818181818184	-10000.0	11	12.18	18	10	(0.12133950942215474,0.0916743426604533,0.06891168402176599,0.05896031836779571,0.07047814884340901,0.06585068309845978,)
84	2699143066023716	44401	6	(552:27[0.25000000000000006],572:138[0.20000000000000004],597:40[0.15],603:37[0.13999999999999999],615:118[0.19000000000000003],625:146[0.16],)	506	-63.16	-250.00843873517786	-10000.0	11	12.286	19	10	(0.11647914648371538,0.10451014694309667,0.0724389623941559,0.05093777671010891,0.08319675063721318,0.09176632615169952,)
85	2699266699649000	44918	8	(552:87[0.26000000000000006],572:73[0.19000000000000003],597:44[0.16],603:27[0.15],615:130[0.18000000000000002],625:87[0.15],632:33[0.15],634:25[0.15],)	506	-62.77	-247.02934782608696	-10000.0	13	12.016	18	10	(0.10942074292767116,0.11438334057594875,0.10565817839372493,0.10801462984886505,0.08919495094105936,0.0949145181898564,0.09024185329007182,0.07351266276687766,)
86	2699414111654360	45426	9	(552:73[0.25000000000000006],572:24[0.18000000000000002],597:24[0.17],603:23[0.16],615:27[0.17],625:32[0.13999999999999999],632:74[0.16],634:165[0.16],636:66[0.15],)	508	-63.47	-359.763248031496	-10000.0	11	11.804	17	10	(0.07667582741369082,0.11458027942852704,0.12985712163510474,0.12074830076926323,0.08759544615914777,0.077983188990164,0.06383986904215945,0.10903064726023044,0.0889516061681301,)
87	2699539237769654	45963	8	(552:40[0.24000000000000005],572:65[0.19000000000000003],603:84[0.17],615:63[0.18000000000000002],625:20[0.15],632:82[0.15],634:71[0.15],636:84[0.13999999999999999],)	509	-62.77	-173.2900196463654	-10000.0	10	12.262	18	10	(0.12774809027903333,0.09608536065509539,0.05581625979884737,0.09980626297182213,0.10759466116390534,0.07167762126816993,0.07287571074598356,0.0313635234108401,)
88	2699660476466708	46486	7	(552:82[0.25000000000000006],572:52[0.18000000000000002],603:60[0.16],615:142[0.17],625:36[0.16],632:20[0.13999999999999999],636:116[0.12999999999999998],)	508	-62.63	-207.9321653543307	-10000.0	11	12.68	18	10	(0.06844213450900656,0.09190871451879333,0.039914253694862595,0.07551475695495817,0.09434019816418461,0.07774672917928091,0.049536116700419214,)
89	2699820545495068	46995	9	(552:114[0.24000000000000005],572:63[0.19000000000000003],603:47[0.17],615:113[0.16],625:18[0.17],632:38[0.15],636:37[0.11999999999999998],642:46[0.15],643:31[0.15],)	507	-63.05	-318.95844181459574	-10000.0	11	12.726	19	10	(0.09993442927549019,0.08665590925179505,0.06791400078233231,0.07903874875793547,0.0902476651472736,0.058141294035260666,0.06815159937198463,0.08672231030192522,0.08761898790973781,)
90	2699911301565408	47515	7	(552:75[0.23000000000000004],572:47[0.18000000000000002],603:119[0.18000000000000002],625:54[0.18000000000000002],632:54[0.16],642:66[0.16],643:94[0.16],)	509	-62.99	-165.93408644400782	-10000.0	11	12.536	18	10	(0.0806866060617758,0.1007967806363996,0.09121141602370077,0.0864978217463052,0.09415526758888183,0.0926104972883664,0.09626618734026844,)
91	2700107279467272	48056	5	(552:129[0.22000000000000003],625:131[0.19000000000000003],632:105[0.17],642:109[0.17],643:33[0.15],)	507	-63.09	-375.66635108481256	-10000.0	15	12.094	18	10	(0.09613482840310628,0.0757100384870492,0.07448775761724193,0.07371067984023683,0.07956176529317992,)
92	2700281051061391	48576	6	(552:100[0.21000000000000002],625:143[0.18000000000000002],632:89[0.16],642:67[0.16],643:75[0.16],650:31[0.15],)	505	-62.78	-318.9712277227722	-9995.61	13	12.54	18	10	(0.10259779853157573,0.0991879246701016,0.08172618838494265,0.06830873187043086,0.059663536137794806,0.04935961193066766,)
93	2700406313487755	49130	7	(552:68[0.2],625:89[0.17],632:85[0.15],642:55[0.17],643:45[0.17],650:82[0.16],652:82[0.15],)	506	-63.54	-225.4501976284585	-10000.0	14	12.606	18	10	(0.10915449679971681,0.09740093387594434,0.07321303139940875,0.10214168183518102,0.08413202379018672,0.07966718772750163,0.08268190097328088,)
94	2700570301602290	49693	6	(552:102[0.21000000000000002],632:116[0.13999999999999999],642:69[0.18000000000000002],643:44[0.18000000000000002],652:98[0.13999999999999999],658:78[0.15],)	507	-63.16	-262.8308481262327	-10000.0	14	12.49	18	10	(0.09397475240095297,0.07982466684098266,0.09031158122147637,0.12756732690522143,0.09766449358333375,0.09464129068327128,)
95	2700672041420297	50224	6	(552:114[0.2],632:59[0.12999999999999998],642:128[0.19000000000000003],643:24[0.19000000000000003],652:65[0.12999999999999998],658:116[0.16],)	506	-62.9	-145.3671739130435	-10000.0	11	12.536	18	10	(0.1180873451427373,0.07163136044664742,0.06773620634873133,0.09629188496829344,0.06708060387512349,0.08710425509595222,)
96	2700791886623730	50741	7	(552:152[0.19],632:37[0.13999999999999999],642:152[0.18000000000000002],643:46[0.20000000000000004],652:79[0.13999999999999999],658:23[0.15],667:17[0.15],)	506	-62.71	-164.45770750988143	-10000.0	11	12.962	19	10	(0.10501063068044322,0.10483898057703712,0.07627957407875668,0.09086125580950365,0.07728784235967555,0.10830527572114561,0.11289889003655196,)
97	2700864556975357	51261	7	(552:19[0.18],632:92[0.15],642:55[0.17],643:22[0.21000000000000005],652:146[0.12999999999999998],658:80[0.16],667:93[0.16],)	507	-62.9	-124.06483234714003	-10000.0	13	12.56	20	10	(0.06276634387735691,0.08300454820362672,0.08752098976161647,0.06741804355228585,0.08258342991525829,0.05817947840747425,0.09745860338341694,)
98	2700978263389640	51787	7	(552:52[0.19],632:46[0.13999999999999999],642:40[0.18000000000000002],643:46[0.22000000000000006],652:27[0.11999999999999998],658:183[0.15],667:113[0.15],)	507	-63.32	-190.3993885601578	-9927.73	13	13.368	21	10	(0.08478708590882587,0.0752195494545859,0.1185420521750544,0.08259139484337917,0.06927357747822115,0.05722029558826435,0.05710864962742114,)
99	2701095205024084	52296	8	(552:37[0.2],632:82[0.15],642:42[0.19000000000000003],643:160[0.23000000000000007],652:18[0.12999999999999998],658:116[0.13999999999999999],667:31[0.13999999999999999],677:21[0.15],)	507	-63.26	-180.6323076923077	-9950.54	11	14.008	21	10	(0.10425331277738704,0.09291135982211451,0.1035595052034598,0.06364377316496786,0.10840458992300989,0.0808782017512727,0.08683168844890024,0.061178084343051886,)
100	2701218535364440	52855	7	(552:32[0.21000000000000002],642:54[0.20000000000000004],643:60[0.22000000000000006],652:38[0.13999999999999999],658:38[0.12999999999999998],667:220[0.15],677:66[0.16],)	508	-63.28	-219.66748031496059	-10000.0	12	13.108	22	10	(0.1299021598025383,0.11055314420395344,0.05866099649532903,0.07327807047760855,0.08858579649196127,0.08915468366594317,0.1020408062028219,)
101	2701337645173792	53363	8	(552:79[0.22000000000000003],642:69[0.21000000000000005],643:25[0.23000000000000007],652:67[0.15],658:33[0.13999999999999999],667:15[0.13999999999999999],677:90[0.17],684:129[0.15],)	507	-63.08	-215.1030966469428	-10000.0	13	13.056	22	10	(0.10357411182450837,0.09029550293249564,0.06773908468091659,0.09562997010105838,0.08935215500207339,0.06545803996523547,0.050178678183701336,0.0653958975252646,)
102	2701448657295851	53887	9	(552:50[0.21000000000000002],642:49[0.20000000000000004],643:23[0.24000000000000007],652:16[0.13999999999999999],658:86[0.15],667:60[0.15],677:92[0.16],684:100[0.13999999999999999],685:32[0.15],)	508	-63.46	-153.2423031496063	-9985.15	15	12.934	22	10	(0.10031226117808098,0.1184374955402427,0.08887289369943681,0.09226238520112587,0.04904362475626275,0.07717636359337682,0.08864267260626187,0.07245015775951698,0.09871843367189326,)
103	2701596428666697	54413	8	(552:42[0.22000000000000003],642:34[0.21000000000000005],643:219[0.25000000000000006],652:19[0.15],658:33[0.13999999999999999],667:16[0.13999999999999999],677:126[0.15],685:20[0.16],)	509	-63.26	-270.20076620825154	-10000.0	18	15.016	21	10	(0.08174393043669134,0.0881484961558755,0.07431015277606008,0.07469423950698531,0.09759885118927523,0.08483485054362407,0.07662392401096936,0.09084896299289498,)
104	2701728130434963	54921	9	(552:16[0.23000000000000004],642:167[0.22000000000000006],643:18[0.24000000000000005],652:27[0.16],658:157[0.15],667:60[0.15],677:24[0.13999999999999999],685:22[0.17],690:17[0.15],)	508	-63.37	-245.23383858267718	-9992.65	15	13.682	22	10	(0.16422260477063216,0.09998814653499004,0.08671763433974067,0.09098795638583763,0.06980990062022586,0.06801005469093982,0.08289729040365573,0.11772675110081844,0.08897373866152836,)
105	2701875043044730	55466	7	(552:188[0.24000000000000005],642:41[0.21000000000000005],643:23[0.25000000000000006],658:22[0.13999999999999999],667:94[0.13999999999999999],690:115[0.16],692:26[0.15],)	509	-63.03	-202.54777996070726	-10000.0	11	12.542	21	10	(0.03830987700667844,0.08131890513037575,0.09970180901664785,0.04677305764666644,0.07836066267827077,0.0412762833104524,0.06443276200086669,)
106	2701966861451266	55979	7	(552:118[0.23000000000000004],642:28[0.22000000000000006],643:23[0.26000000000000006],658:31[0.15],667:39[0.12999999999999998],690:97[0.15],692:171[0.16],)	507	-63.66	-146.2194674556213	-10000.0	11	12.388	21	10	(0.06042939821220138,0.12484615863527182,0.05309829830777906,0.05486238179013437,0.0772740859135956,0.04188243008134036,0.04525784760351858,)
107	2702074336797801	56486	7	(552:80[0.22000000000000003],642:130[0.23000000000000007],643:103[0.2700000000000001],658:24[0.16],667:30[0.13999999999999999],690:43[0.13999999999999999],692:97[0.15],)	507	-61.66	-202.03889546351084	-10000.0	13	13.654	22	10	(0.05848774456136696,0.09306885102142652,0.10509678759068962,0.11887596108052616,0.07196485174497366,0.08583706943971285,0.05226237636575317,)
108	2702169950702269	56993	7	(552:60[0.21000000000000002],642:51[0.22000000000000006],643:28[0.26000000000000006],658:37[0.17],667:78[0.15],690:79[0.15],692:174[0.13999999999999999],)	507	-62.57	-190.27901380670622	-9997.41	12	13.352	20	10	(0.08129150429945199,0.08794784918772257,0.0807496264111754,0.07396689019317768,0.06761291603180067,0.0800157959713056,0.07002645478097246,)
109	2702305727612476	57521	7	(552:114[0.22000000000000003],642:79[0.23000000000000007],643:50[0.2700000000000001],667:62[0.13999999999999999],690:61[0.13999999999999999],692:119[0.12999999999999998],699:22[0.15],)	507	-63.22	-212.59785009861935	-9934.56	10	13.456	21	10	(0.07437053696326078,0.09236053605103788,0.07175658485542899,0.0688303765620564,0.07602342439616168,0.06779263020505198,0.07360500650473772,)
110	2702411114588130	58028	8	(552:44[0.21000000000000002],642:16[0.22000000000000006],643:179[0.2800000000000001],667:55[0.15],690:60[0.15],692:92[0.11999999999999998],699:35[0.16],700:26[0.15],)	507	-63.45	-182.60767258382643	-9967.18	13	14.44	21	10	(0.0724944100146674,0.13266782821938375,0.08477422734567712,0.02487153713744776,0.08536376186984854,0.07573445685552775,0.048022857518855225,0.0560314019860674,)
111	2702461674144994	58545	7	(552:69[0.22000000000000003],642:20[0.23000000000000007],643:36[0.2700000000000001],667:85[0.16],690:62[0.16],699:77[0.17],700:159[0.16],)	508	-62.92	-86.64383858267715	-9845.1	10	12.516	20	10	(0.05598015083208625,0.08516987603000774,0.1121912512992864,0.047441984964916334,0.08614524679239964,0.05407295983763519,0.05363065655607857,)
112	2702553234422784	59053	7	(552:67[0.23000000000000004],642:262[0.24000000000000007],643:36[0.2800000000000001],667:30[0.15],690:38[0.17],699:35[0.16],700:39[0.15],)	507	-63.46	-143.45404339250499	-9953.52	11	12.67	20	10	(0.12049363896379367,0.10118120448343652,0.10735852907111434,0.07191235355967325,0.07260889413519378,0.07179235646599025,0.06023946274632219,)
113	2702656003233255	59583	6	(552:88[0.24000000000000005],643:46[0.2900000000000001],667:70[0.16],690:224[0.18000000000000002],700:49[0.16],702:30[0.15],)	507	-63.7	-172.8157396449703	-9945.77	10	13.866	20	10	(0.09845158978001561,0.11585248625878351,0.08055311373055721,0.09722401427070526,0.09380534407905147,0.030688323078400696,)
114	2702779720303821	60089	6	(552:224[0.23000000000000004],643:35[0.3000000000000001],667:21[0.17],690:117[0.17],700:79[0.17],702:30[0.16],)	506	-63.06	-226.00341897233207	-10000.0	11	13.19	21	10	(0.11673725857012628,0.16457883988923777,0.06316901372245083,0.07306988707122519,0.08617215927574672,0.0778231027195328,)
115	2702913246584729	60599	5	(552:84[0.22000000000000003],643:141[0.3100000000000001],690:128[0.16],700:119[0.18000000000000002],702:34[0.17],)	506	-63.8	-224.16106719367588	-9982.82	13	13.774	22	10	(0.16489134303600478,0.1494287709577973,0.07909208848106224,0.09627900403273915,0.08398133857461318,)
116	2702993148608667	61104	6	(552:105[0.23000000000000004],643:146[0.3000000000000001],690:57[0.15],700:59[0.17],702:123[0.18000000000000002],703:15[0.15],)	505	-63.12	-171.42677227722774	-9989.84	10	12.766	22	10	(0.15440474870968954,0.16521699870742163,0.09133812738386361,0.10396943985666585,0.05557166738967676,0.045590263577123556,)
117	2703087323854039	61623	5	(552:92[0.22000000000000003],643:59[0.2900000000000001],700:50[0.18000000000000002],702:252[0.17],703:53[0.16],)	506	-63.18	-208.52705533596833	-9986.88	14	12.286	21	10	(0.1031319294225375,0.13730456839500937,0.08062137525893785,0.06275519119805072,0.07333427016268555,)
118	2703194403615014	62134	6	(552:102[0.23000000000000004],643:45[0.3000000000000001],700:52[0.19000000000000003],702:94[0.16],703:190[0.17],705:22[0.15],)	505	-63.25	-189.33594059405942	-9965.91	16	12.812	22	10	(0.12386645349611579,0.11587829166719607,0.055351938967156025,0.05868090056202978,0.0749009993162099,0.08845092545909951,)
119	2703289689217951	62648	7	(552:48[0.22000000000000003],643:37[0.3100000000000001],700:121[0.20000000000000004],702:42[0.15],703:125[0.16],705:93[0.16],707:40[0.15],)	506	-63.52	-180.73594861660084	-9970.03	11	12.032	22	10	(0.11562866344319571,0.10347199067287205,0.06292082903298098,0.0556602886618751,0.08246904286270351,0.07890311904817328,0.05273010254154015,)
120	2703386879528310	63155	8	(552:75[0.23000000000000004],643:200[0.3200000000000001],700:18[0.19000000000000003],702:16[0.16],703:56[0.15],705:109[0.15],707:16[0.16],708:17[0.15],)	507	-63.56	-194.1611637080868	-9809.49	12	12.516	21	10	(0.1484690143018129,0.11265021122929865,0.12843853812677308,0.080469132629649,0.0913379724423501,0.06495846569317654,0.03786781796100407,0.08784808188902522,)
121	2703465641739068	63663	9	(552:34[0.22000000000000003],643:37[0.3100000000000001],700:59[0.20000000000000004],702:122[0.17],703:18[0.16],705:102[0.13999999999999999],707:21[0.17],708:36[0.16],709:79[0.15],)	508	-63.74	-183.39279527559054	-9907.25	11	11.634	17	10	(0.08276486199101667,0.10153617836525655,0.07272838416742287,0.0565222721357805,0.09867132998094358,0.06827824608041108,0.06650527241661719,0.08142185386811415,0.06424676249229083,)
122	2703621386590560	64172	10	(552:24[0.23000000000000004],643:32[0.3200000000000001],700:44[0.19000000000000003],702:48[0.16],703:39[0.17],705:147[0.12999999999999998],707:44[0.18000000000000002],708:52[0.17],709:60[0.13999999999999999],710:19[0.15],)	509	-63.04	-330.2842239685657	-10000.0	11	11.89	18	10	(0.09133076337659018,0.0898180961077904,0.08667602303445979,0.0655218006806527,0.08028353905797214,0.07013093468238628,0.0738636592119939,0.07256977467757708,0.07296706319013861,0.06853640971843107,)
123	2703746217697028	64732	7	(552:61[0.24000000000000005],643:48[0.3300000000000001],700:81[0.20000000000000004],705:34[0.11999999999999998],707:84[0.19000000000000003],708:54[0.16],710:148[0.16],)	510	-63.06	-164.8073137254902	-10000.0	13	12.22	18	10	(0.10806882014798132,0.07435620005855738,0.07057125874678873,0.08218249726600779,0.07997931962470319,0.08793200759677108,0.0634487254169679,)
124	2703842674875058	65240	8	(552:167[0.25000000000000006],643:115[0.34000000000000014],700:130[0.19000000000000003],705:22[0.12999999999999998],707:17[0.18000000000000002],708:21[0.17],710:17[0.15],713:18[0.15],)	507	-63.25	-195.01467455621307	-9986.28	10	12.904	19	10	(0.08022862741351432,0.07581849745983983,0.0844419217574635,0.08886778003413354,0.10759807709992847,0.08043577361869778,0.06768240606824594,0.09706460035652185,)
125	2703955083877525	65761	8	(552:54[0.24000000000000005],643:93[0.3300000000000001],700:71[0.18000000000000002],705:26[0.13999999999999999],707:195[0.19000000000000003],710:29[0.16],713:19[0.16],715:21[0.15],)	508	-63.02	-218.66769685039375	-9856.78	12	12.556	19	10	(0.13276341393943772,0.08255808416930523,0.09732558346192471,0.06051574195020307,0.07708328236382643,0.0884415484398396,0.08761929637231744,0.08891540547884869,)
126	2704070722144074	66283	8	(552:35[0.25000000000000006],643:25[0.3200000000000001],705:43[0.15],707:39[0.18000000000000002],710:24[0.17],713:61[0.17],715:262[0.16],716:19[0.15],)	508	-62.34	-241.89374015748027	-9980.59	11	11.936	20	10	(0.09204529056709464,0.07764267385219532,0.06128573871909093,0.10131072549207401,0.0825712998551531,0.08857045501142218,0.07380394500967194,0.06971636487396726,)
127	2704229474099691	66814	6	(552:62[0.26000000000000006],643:32[0.3300000000000001],705:66[0.16],707:73[0.19000000000000003],715:53[0.15],716:222[0.16],)	508	-62.95	-252.183188976378	-10000.0	11	13.162	21	10	(0.12212739416065697,0.12090266238277113,0.06383160063207624,0.07676473985772378,0.07811403545931929,0.031956569938440024,)
128	2704363371711131	67320	6	(552:43[0.2700000000000001],643:71[0.34000000000000014],705:75[0.17],707:99[0.20000000000000004],715:24[0.16],716:194[0.15],)	506	-63.77	-257.0295652173913	-9818.0	14	12.816	22	10	(0.10593656389897452,0.1259825561765933,0.06541280743782542,0.08158259897234547,0.08283880134748083,0.06459632177116756,)
129	2704525830919556	67851	5	(643:66[0.35000000000000014],705:181[0.18000000000000002],707:89[0.19000000000000003],715:26[0.17],716:144[0.13999999999999999],)	506	-63.51	-339.30519762845853	-10000.0	10	12.592	18	10	(0.140229080901096,0.06669505273614927,0.08630257930653112,0.11547595867346933,0.06398662033124661,)
130	2704637574963828	68356	6	(643:184[0.36000000000000015],705:128[0.17],707:53[0.20000000000000004],715:25[0.18000000000000002],716:92[0.12999999999999998],718:23[0.15],)	505	-63.46	-230.44158415841588	-10000.0	14	12.5	19	10	(0.13213561394852674,0.10637516783698961,0.10807253267559956,0.11240410017672113,0.08599231327122206,0.06778085505934092,)
131	2704738513173737	68862	6	(643:99[0.35000000000000014],705:31[0.16],707:266[0.21000000000000005],715:22[0.19000000000000003],716:51[0.11999999999999998],718:37[0.16],)	506	-63.9	-201.4329051383399	-9966.11	12	13.084	19	10	(0.13188998310252667,0.08941514637062437,0.05823160502455038,0.07790947254933533,0.05469208101131379,0.058835452776539315,)
132	2704840167767418	69368	6	(643:127[0.34000000000000014],705:46[0.17],707:189[0.20000000000000004],715:35[0.20000000000000004],716:61[0.12999999999999998],718:48[0.17],)	506	-63.64	-205.3197233201581	-10000.0	14	12.908	19	10	(0.12583873063853768,0.07480048137566397,0.05720066860604058,0.08997526050954377,0.059211154865768854,0.09595508119663049,)
133	2704933653743385	69882	6	(643:44[0.3300000000000001],705:25[0.18000000000000002],707:100[0.19000000000000003],715:172[0.21000000000000005],716:94[0.13999999999999999],718:71[0.18000000000000002],)	506	-62.9	-172.22575098814232	-9984.38	12	12.5	18	10	(0.108395928541391,0.09096050072989925,0.0983568884848469,0.09462461849476214,0.05852192446220745,0.10432145590729378,)
134	2705063019823915	70388	6	(643:47[0.34000000000000014],705:25[0.19000000000000003],707:106[0.18000000000000002],715:87[0.20000000000000004],716:139[0.12999999999999998],718:102[0.19000000000000003],)	506	-63.39	-267.2083794466403	-9990.15	12	12.498	18	10	(0.14515982690659496,0.07639188580326578,0.08629718553841169,0.08216392737455394,0.07925533357728984,0.09578895217339932,)
135	2705196018019756	70908	6	(643:135[0.35000000000000014],705:61[0.20000000000000004],707:57[0.17],715:58[0.19000000000000003],716:67[0.11999999999999998],718:128[0.18000000000000002],)	506	-63.04	-254.22199604743082	-9914.97	11	12.238	18	10	(0.10670095927550634,0.09588990614261701,0.085506323987949,0.11312576105891385,0.07317179165258968,0.06987731760224199,)
136	2705319447111110	71425	9	(643:74[0.34000000000000014],705:34[0.21000000000000005],707:93[0.18000000000000002],715:55[0.20000000000000004],716:23[0.12999999999999998],718:148[0.17],722:35[0.15],723:18[0.15],725:26[0.15],)	506	-62.52	-243.64845849802373	-10000.0	13	12.464	18	10	(0.14160444599158328,0.10314751983947021,0.0874884476493832,0.07449307935105774,0.06889188895598172,0.07268903889489488,0.08206567230389479,0.05984909154792496,0.08844290733137895,)
137	2705444574766421	71942	8	(643:30[0.3300000000000001],705:28[0.22000000000000006],707:120[0.17],715:27[0.19000000000000003],718:34[0.16],722:104[0.16],723:123[0.16],725:43[0.16],)	509	-63.32	-279.1614538310413	-9840.48	11	12.28	18	10	(0.13926655430584473,0.07293922763014074,0.07332504874832524,0.06875180480836852,0.06304033586317435,0.05972859058738915,0.04480421770261261,0.07953827420804889,)
138	2705572295362982	72472	6	(643:85[0.34000000000000014],707:111[0.16],715:100[0.20000000000000004],718:113[0.17],723:24[0.15],725:75[0.17],)	508	-63.31	-209.63234251968498	-9988.0	12	11.97	18	10	(0.09906813381262942,0.0851586853771667,0.08056610455518096,0.08074169271927359,0.07070925599125556,0.1168318880630163,)
139	2705716657288334	72991	6	(643:85[0.3300000000000001],707:39[0.15],715:211[0.19000000000000003],718:52[0.16],723:84[0.16],725:35[0.18000000000000002],)	506	-63.12	-273.732885375494	-10000.0	10	11.832	18	10	(0.15292993398096902,0.07977586207540895,0.0793523181012088,0.08761989211846168,0.08221676466427669,0.10837247976113396,)
140	2705869778801546	73518	5	(643:102[0.3200000000000001],707:26[0.16],715:90[0.18000000000000002],718:66[0.17],725:222[0.19000000000000003],)	506	-63.1	-265.8718972332016	-10000.0	13	12.578	19	10	(0.11286387087613886,0.088537751132874,0.08688442887525098,0.07819813922646578,0.11528707731489457,)
141	2705961871726832	74023	6	(643:76[0.3100000000000001],707:158[0.17],715:79[0.19000000000000003],718:111[0.18000000000000002],725:59[0.18000000000000002],732:22[0.15],)	505	-63.08	-187.85764356435647	-10000.0	11	11.942	20	10	(0.142163447275835,0.06902543521001596,0.11161986676082754,0.10172357326299272,0.08526726491671925,0.11835432473408183,)
142	2706066163244380	74529	8	(643:23[0.3200000000000001],707:120[0.16],715:46[0.20000000000000004],718:45[0.17],725:108[0.19000000000000003],732:77[0.16],733:66[0.15],734:21[0.15],)	506	-63.29	-213.0026482213439	-9934.76	19	12.606	21	10	(0.17214108716506174,0.08477368010436165,0.0948705162282577,0.08410413128594095,0.07192866955944217,0.08737710271070147,0.1051775328369353,0.09354149693946781,)
143	2706177672371248	75054	6	(643:43[0.3300000000000001],715:200[0.21000000000000005],718:111[0.18000000000000002],725:30[0.18000000000000002],733:89[0.13999999999999999],735:35[0.15],)	508	-62.89	-252.78312992125984	-10000.0	14	12.208	20	10	(0.15900452252884767,0.10775113341479786,0.10768122180979355,0.1106393931229658,0.10517296751185315,0.10402354628587933,)
144	2706277575554870	75578	6	(643:100[0.34000000000000014],715:80[0.20000000000000004],718:69[0.17],725:112[0.19000000000000003],733:39[0.12999999999999998],735:106[0.16],)	506	-62.19	-170.90948616600792	-9857.61	10	12.65	20	10	(0.16890444247932826,0.11302083834082181,0.09178004426438752,0.0863840843425726,0.08240377734545214,0.0805226548414994,)
145	2706408627951718	76084	6	(643:66[0.3300000000000001],715:35[0.21000000000000005],718:31[0.18000000000000002],725:138[0.18000000000000002],733:23[0.13999999999999999],735:213[0.15],)	506	-63.52	-281.66416996047434	-9983.16	11	12.508	20	10	(0.1900558726402908,0.12269038645701233,0.0805989473694702,0.09683036402415132,0.0845168918320198,0.06607842891792465,)
146	2706538511149473	76590	6	(643:79[0.34000000000000014],715:115[0.22000000000000006],718:40[0.19000000000000003],725:28[0.17],733:139[0.15],735:105[0.13999999999999999],)	506	-63.13	-263.0340118577075	-9978.61	12	12.94	20	10	(0.16255075524590715,0.16261562415395667,0.1207645480718805,0.1443672027878205,0.1010052026961245,0.11266160382592617,)
147	2706646301553179	77117	6	(643:142[0.35000000000000014],718:35[0.20000000000000004],725:132[0.18000000000000002],733:68[0.13999999999999999],735:87[0.12999999999999998],738:42[0.15],)	506	-62.71	-205.46146245059288	-10000.0	12	12.216	19	10	(0.15504951324589786,0.07075750373812587,0.10978476459892236,0.09008579392798145,0.05443508041937282,0.09911675076677677,)
148	2706757589317964	77631	5	(643:220[0.34000000000000014],718:48[0.21000000000000005],725:84[0.17],733:92[0.15],735:62[0.11999999999999998],)	506	-63.28	-231.19282608695653	-9950.4	12	12.494	19	10	(0.12247327718013178,0.08840979333503274,0.12286292089421966,0.11813063301868622,0.050463786448011694,)
149	2706901787151857	78143	6	(643:109[0.3300000000000001],718:166[0.22000000000000006],725:116[0.18000000000000002],733:44[0.16],735:49[0.12999999999999998],740:21[0.15],)	505	-63.07	-244.83144554455444	-9958.79	12	12.782	20	10	(0.1319045442290487,0.08533013952726823,0.12148850432725936,0.08279916209958427,0.08088075791822144,0.1052599649153786,)
