alpha = 0.15
gamma = 1.0
lambda = 0.6
epsilon = 0.3
randomSeed = 1313
GREAT!
Xover: 4
---- Evolution parameters ----
Folder name:          NMSarsa_Maze/run_2686829996345975
Random seed:          1313
GREAT activated:      true
Max iterations:       150
Population size:      500
GREAT initialization  true
Speciation threshold: 0.15
Species min size:     15
Tournament size:      3
Crossover rate:       0.2
Mutation rate:        0.8
Crossovers:
	AligningCrossover_v4(0.15)
Mutations:
	AddGeneMutation(maxSize=2147483647, prob=0.33)
	DeleteGeneMutation(minSize=10, prob=0.33)
	ChangeGeneMutation(prob=0.33)
------------------------------

---- Starting evolution ----
IT	Nanotime	#Eval	#Species	Species size	PopSize	Best	Avg	Worst	Best GRN Size	Avg GRN size	Max GRN size	Min GRN size	Species avgdist2rep
0	2689078171135814	997	1	(486:499[0.15],)	499	-61.73	-641.8525651302609	-9970.19	11	11.36	18	10	(0.11200214373092267,)
1	2689171904512207	1507	2	(486:439[0.16],487:62[0.15],)	501	-62.42	-212.97105788423156	-9901.42	11	11.418	19	10	(0.07661012413649794,0.09035734459684096,)
2	2689270347298853	2009	2	(486:69[0.15],487:433[0.16],)	502	-62.47	-226.9451792828683	-9866.73	10	10.846	16	10	(0.05854485020153427,0.05183106197187655,)
3	2689413654532253	2521	2	(486:430[0.16],487:72[0.15],)	502	-62.82	-243.8564342629483	-9899.25	11	11.188	15	10	(0.06059322571772362,0.05497291602783447,)
4	2689531790601788	3023	2	(486:331[0.15],487:171[0.16],)	502	-62.36	-287.12878486055774	-9870.36	11	11.16	14	10	(0.05971133885977554,0.051209432157769526,)
5	2689679923610524	3525	4	(486:209[0.13999999999999999],487:122[0.17],490:21[0.15],491:150[0.15],)	502	-61.78	-347.2913944223108	-9893.51	10	11.136	14	10	(0.07803109887941853,0.08181699328826753,0.07705801740350814,0.07903987562000783,)
6	2689814813145277	4029	4	(486:181[0.12999999999999998],487:102[0.18000000000000002],490:45[0.16],491:176[0.13999999999999999],)	504	-61.29	-301.2999801587301	-9943.38	11	11.28	15	10	(0.0793353801731322,0.07454861975532197,0.07296592246147793,0.05281455313527356,)
7	2689897291086045	4533	4	(486:60[0.11999999999999998],487:250[0.19000000000000003],490:116[0.17],491:78[0.12999999999999998],)	504	-62.68	-182.81404761904767	-9874.28	11	11.506	15	10	(0.07088276141217052,0.08363820687509825,0.05449087120839273,0.06527980537289298,)
8	2689987881887607	5037	4	(486:108[0.12999999999999998],487:174[0.18000000000000002],490:176[0.18000000000000002],491:46[0.13999999999999999],)	504	-62.87	-203.8949801587302	-9896.49	12	11.46	15	10	(0.07957585647001297,0.06656967702353914,0.06968242120351362,0.07800007846661296,)
9	2690081533458687	5541	5	(486:82[0.13999999999999999],487:164[0.17],490:190[0.17],491:41[0.15],492:27[0.15],)	504	-62.34	-203.927876984127	-9902.83	11	11.392	15	10	(0.08006094233181403,0.08108249781011125,0.0675278602649339,0.06747829020141254,0.07801719525583689,)
10	2690180213144583	6046	6	(486:22[0.15],487:43[0.16],490:15[0.16],491:98[0.16],492:312[0.16],493:15[0.15],)	505	-62.49	-212.21877227722774	-9903.53	11	11.94	16	10	(0.05742320555875709,0.07099874668748411,0.06798676323617989,0.03599695161791903,0.08043592336282292,0.07656255102473805,)
11	2690260022239122	6552	6	(486:125[0.16],487:27[0.17],490:38[0.17],491:23[0.15],492:71[0.15],493:222[0.16],)	506	-62.88	-164.62584980237156	-9822.07	13	12.878	17	10	(0.07620092599773075,0.06588089813220961,0.0601655510376403,0.03658576801285557,0.06766811024329203,0.03685434826258519,)
12	2690340946549400	7058	6	(486:21[0.15],487:15[0.18000000000000002],490:105[0.18000000000000002],491:248[0.16],492:52[0.16],493:65[0.15],)	506	-62.54	-166.34952569169957	-9880.41	12	11.61	17	10	(0.03529064359479715,0.07695211484002588,0.07386812913017347,0.04384271249128693,0.07756910150752128,0.053618851461191365,)
13	2690465577849278	7564	6	(486:46[0.16],487:61[0.19000000000000003],490:77[0.17],491:152[0.15],492:137[0.17],493:33[0.16],)	506	-62.27	-262.290533596838	-9885.0	11	12.012	17	10	(0.06151558017669193,0.0506725766265848,0.08720393662435096,0.055476644655430986,0.08459687240945878,0.06242119592171798,)
14	2690544548649408	8070	6	(486:82[0.17],487:124[0.20000000000000004],490:99[0.18000000000000002],491:44[0.13999999999999999],492:116[0.16],493:41[0.17],)	506	-61.82	-190.12401185770756	-9868.19	10	11.898	18	10	(0.06612678608625779,0.04416756840469188,0.07407800029994008,0.07823580636427949,0.0747356549243945,0.05604197368510713,)
15	2690632767762079	8588	5	(486:145[0.18000000000000002],487:145[0.19000000000000003],490:23[0.17],492:97[0.15],493:96[0.18000000000000002],)	506	-62.34	-204.55899209486165	-9866.05	12	11.94	18	10	(0.0894228591599199,0.049244418692317334,0.1056112402920856,0.08276955822321318,0.06675088272294062,)
16	2690740213037164	9107	4	(486:134[0.17],487:274[0.18000000000000002],490:39[0.18000000000000002],492:58[0.16],)	505	-62.89	-203.76401980198028	-9903.11	12	11.622	18	10	(0.06807815880880515,0.047588187083113326,0.06899031251379698,0.08357477241606484,)
17	2690840113746985	9611	4	(486:145[0.16],487:124[0.17],490:92[0.19000000000000003],492:143[0.17],)	504	-62.34	-222.88521825396825	-9875.49	17	11.638	17	10	(0.07292460575428444,0.06352765943050752,0.08015049530167336,0.08266052598911156,)
18	2690904647074903	10116	4	(486:98[0.15],487:172[0.18000000000000002],490:117[0.20000000000000004],492:117[0.16],)	504	-62.57	-145.41396825396828	-9883.48	12	12.03	18	10	(0.09619993994032695,0.0645885896107613,0.04827075800860301,0.08878355778261547,)
19	2691041873990603	10650	4	(486:128[0.16],487:228[0.17],490:27[0.21000000000000005],492:121[0.17],)	504	-62.44	-211.77648809523814	-9894.21	15	12.57	19	10	(0.09725403207116226,0.07626403845567897,0.06772314561179658,0.08021480318059589,)
20	2691183356768307	11159	5	(486:66[0.15],487:95[0.16],490:267[0.22000000000000006],492:51[0.18000000000000002],499:25[0.15],)	504	-62.11	-278.1519841269841	-9903.23	12	12.624	20	10	(0.09507321979580396,0.10304714448951408,0.06241928750451983,0.08388384307479865,0.08616685305764601,)
21	2691319122914468	11676	4	(486:36[0.16],487:156[0.17],492:272[0.19000000000000003],499:41[0.16],)	505	-62.58	-182.43403960396043	-9903.5	14	12.874	21	10	(0.10642233465786582,0.07720049490331145,0.08425670232595742,0.08615619783985815,)
22	2691459367940028	12180	6	(486:104[0.17],487:81[0.16],492:153[0.18000000000000002],499:15[0.17],502:58[0.15],503:93[0.15],)	504	-62.64	-280.26738095238096	-9871.37	12	12.94	21	10	(0.09964028925013972,0.10374392949765514,0.10985912316913322,0.052025195866169875,0.09966794037158153,0.08271027256412838,)
23	2691571769621983	12689	5	(487:129[0.17],492:21[0.17],499:17[0.18000000000000002],502:248[0.16],503:91[0.13999999999999999],)	506	-62.28	-222.51247035573115	-9902.4	16	12.058	19	10	(0.08967807024244627,0.0649308504556349,0.04861061785898352,0.05829482762362135,0.07101735697769584,)
24	2691660512690765	13194	5	(487:27[0.16],492:58[0.18000000000000002],499:37[0.19000000000000003],502:280[0.15],503:103[0.15],)	505	-62.06	-183.5316435643565	-9902.43	12	12.152	19	10	(0.06273422760885848,0.06454169931240904,0.051464275133401904,0.06365975085287208,0.07854734575171927,)
25	2691765477142365	13703	5	(487:268[0.17],492:62[0.19000000000000003],499:39[0.20000000000000004],502:47[0.13999999999999999],503:89[0.13999999999999999],)	505	-61.81	-203.89996039603955	-9908.07	10	12.722	18	10	(0.0712695989432607,0.06724153485026205,0.0689770996515827,0.07376906065198595,0.07136635829239255,)
26	2691866399422396	14208	5	(487:92[0.16],492:153[0.20000000000000004],499:32[0.21000000000000005],502:130[0.15],503:98[0.15],)	505	-61.84	-243.4491881188119	-9907.67	10	11.972	18	10	(0.053586773271119055,0.0575231545375975,0.07399847469361884,0.04467146677281869,0.07697070434102424,)
27	2691975943355155	14715	5	(487:93[0.17],492:19[0.19000000000000003],499:37[0.22000000000000006],502:140[0.13999999999999999],503:216[0.16],)	505	-61.62	-242.53942574257425	-10000.0	11	11.854	19	10	(0.07513289201116263,0.09526827399213562,0.10883167929679609,0.04288344528575478,0.0815325334259838,)
28	2692093737956903	15220	5	(487:39[0.18000000000000002],492:54[0.20000000000000004],499:24[0.23000000000000007],502:157[0.12999999999999998],503:231[0.15],)	505	-61.95	-262.12251485148516	-10000.0	12	11.462	17	10	(0.09373794573213565,0.06599620333433028,0.1181408990874795,0.058625084735661484,0.0771192390654682,)
29	2692163889404909	15725	5	(487:88[0.19000000000000003],492:47[0.21000000000000005],499:143[0.24000000000000007],502:206[0.11999999999999998],503:21[0.13999999999999999],)	505	-61.59	-146.27578217821787	-9880.21	12	11.968	18	10	(0.07399479290267838,0.08451564569473263,0.1264290881355178,0.07296637143745449,0.08767407877076601,)
30	2692287547373131	16230	8	(487:102[0.20000000000000004],492:68[0.22000000000000006],499:63[0.23000000000000007],502:65[0.10999999999999999],503:84[0.15],506:19[0.15],507:51[0.15],508:53[0.15],)	505	-62.14	-254.20005940594055	-10000.0	12	12.12	19	10	(0.10507721225717301,0.0879313923057995,0.132374389287118,0.06144921721254647,0.07834079795768742,0.09910186821544606,0.07599230634891098,0.07710550352609971,)
31	2692372449048968	16752	7	(487:67[0.19000000000000003],492:116[0.21000000000000005],499:44[0.22000000000000006],502:138[0.09999999999999999],506:38[0.16],507:34[0.16],508:71[0.16],)	508	-62.79	-182.87828740157477	-9984.57	12	12.302	19	10	(0.07143132739631414,0.0895591014912431,0.08098997212066539,0.05351944089519549,0.09261860113683837,0.07968659744025737,0.06393628374599536,)
32	2692462524084091	17270	8	(487:120[0.20000000000000004],499:17[0.23000000000000007],502:183[0.09],506:34[0.17],507:40[0.17],508:50[0.15],510:30[0.15],511:33[0.15],)	507	-61.99	-194.37510848126234	-9951.51	10	12.516	20	10	(0.0731173017442919,0.1149390621864075,0.05987377204082785,0.13078304216498718,0.08135058627473761,0.09663487295815859,0.09173121633746968,0.0899197058438408,)
33	2692530353406566	17800	7	(487:79[0.19000000000000003],499:21[0.24000000000000007],506:40[0.18000000000000002],507:19[0.18000000000000002],508:193[0.16],510:39[0.16],511:117[0.16],)	508	-62.78	-141.62106299212599	-9855.83	12	12.144	18	10	(0.09157254494401311,0.09880490601721424,0.06185531904503531,0.0768824374134513,0.05515730772342001,0.07635454687879738,0.06363510644854044,)
34	2692623759268232	18307	8	(487:64[0.18000000000000002],499:20[0.25000000000000006],506:77[0.19000000000000003],507:43[0.19000000000000003],508:150[0.15],510:24[0.17],511:108[0.15],515:21[0.15],)	507	-62.16	-204.65767258382647	-9900.74	10	11.968	18	10	(0.10475518453509504,0.12512691705075626,0.08346376212494351,0.0882845365790447,0.06831979080636554,0.10961261527879534,0.07135545482352465,0.0579095567261784,)
35	2692717727186276	18815	8	(487:203[0.17],499:31[0.26000000000000006],506:44[0.18000000000000002],507:29[0.20000000000000004],508:16[0.13999999999999999],510:75[0.18000000000000002],511:74[0.13999999999999999],515:36[0.16],)	508	-62.65	-202.5304527559055	-9921.43	10	12.34	19	10	(0.09228478736899744,0.10928497617454318,0.08892631721188209,0.09832726510873069,0.0754250737771159,0.08374332693548224,0.06495132307748971,0.06469171175701137,)
36	2692842947640362	19323	7	(487:72[0.16],499:93[0.2700000000000001],506:40[0.19000000000000003],507:21[0.21000000000000005],508:22[0.15],510:75[0.17],515:185[0.17],)	508	-61.55	-296.61086614173223	-9992.92	12	11.61	17	10	(0.11347997838134141,0.08192382320488137,0.11597996169319287,0.08199275001116141,0.09920367515248221,0.07550159499944255,0.05717506240562239,)
37	2692908814260142	19830	7	(487:17[0.15],499:77[0.26000000000000006],506:52[0.20000000000000004],507:77[0.22000000000000006],508:128[0.16],510:92[0.16],515:64[0.16],)	507	-62.29	-124.0337869822485	-9910.26	11	11.682	18	10	(0.10023163314443521,0.118325078902855,0.10472271070871554,0.0972500587107537,0.05766974624048804,0.07865275928496371,0.05831358562663311,)
38	2692968557156037	20350	7	(487:38[0.16],499:45[0.25000000000000006],506:40[0.21000000000000005],507:73[0.21000000000000005],508:138[0.15],510:107[0.15],515:66[0.17],)	507	-62.93	-139.28591715976333	-9803.01	11	12.062	19	10	(0.09486520038995826,0.10400158623010301,0.08910971841366688,0.10953521552443048,0.06431461373726094,0.07480554445112943,0.0668742726600406,)
39	2693065644092721	20861	7	(487:53[0.17],499:114[0.26000000000000006],506:65[0.22000000000000006],507:17[0.20000000000000004],508:51[0.13999999999999999],510:49[0.13999999999999999],515:158[0.18000000000000002],)	507	-62.41	-144.74830374753455	-9815.03	11	11.856	19	10	(0.10388076770364285,0.10436251375439491,0.09352814371761695,0.12218077268473428,0.08305981073923258,0.0829692613722002,0.07974651519550954,)
40	2693126103632330	21370	7	(487:46[0.18000000000000002],499:119[0.25000000000000006],506:18[0.23000000000000007],507:55[0.21000000000000005],508:53[0.15],510:125[0.15],515:91[0.17],)	507	-63.08	-105.89370808678501	-9785.13	13	11.964	20	10	(0.0885001422798453,0.08256758002647029,0.105456273810198,0.10903807151417558,0.09365912646728239,0.09041637217389183,0.07404937400004433,)
41	2693219572452474	21903	6	(499:64[0.24000000000000005],506:89[0.24000000000000007],508:89[0.16],510:53[0.13999999999999999],515:187[0.16],520:25[0.15],)	507	-62.88	-171.47337278106508	-9904.97	12	12.178	20	10	(0.10474018016488874,0.09577859351690224,0.10155697842753164,0.08484647140959031,0.0812798650251278,0.08894379700679109,)
42	2693302131112689	22427	7	(499:66[0.25000000000000006],506:141[0.23000000000000007],508:81[0.15],510:83[0.15],515:50[0.15],520:20[0.16],523:65[0.15],)	506	-62.53	-144.31664031620554	-9872.95	12	12.324	20	10	(0.09942041652260616,0.11210802746125285,0.11113945875923482,0.08742499207739345,0.08716238428235862,0.08507357946772984,0.09015429046609846,)
43	2693383403593964	22947	6	(499:68[0.26000000000000006],506:95[0.22000000000000006],508:25[0.13999999999999999],510:175[0.13999999999999999],515:98[0.16],520:46[0.17],)	507	-61.76	-133.43749506903356	-10000.0	11	11.914	21	10	(0.09597102381013232,0.11022926692867377,0.08537239805543294,0.08574786173263574,0.09466190544794026,0.08935621113896727,)
44	2693526163484112	23468	6	(499:59[0.2700000000000001],506:65[0.21000000000000005],508:197[0.15],510:52[0.12999999999999998],515:89[0.15],520:44[0.18000000000000002],)	506	-62.8	-238.41727272727275	-10000.0	11	12.912	20	10	(0.15004726313304315,0.08985073082467684,0.10689023082212423,0.07997585612064845,0.08139312960782365,0.08404119449730157,)
45	2693605722061803	23984	7	(499:129[0.2800000000000001],506:124[0.22000000000000006],508:64[0.13999999999999999],510:56[0.13999999999999999],515:57[0.13999999999999999],520:42[0.19000000000000003],530:34[0.15],)	506	-62.56	-166.32920948616598	-9959.42	11	11.824	19	10	(0.10852920292441769,0.0747562341534512,0.09151147484041938,0.08515724546038468,0.08299706451029443,0.09848887694174621,0.08812491973082232,)
46	2693678830327626	24492	7	(499:144[0.2700000000000001],506:82[0.21000000000000005],508:130[0.15],510:42[0.15],515:33[0.15],520:15[0.20000000000000004],530:61[0.16],)	507	-62.64	-129.35372781065087	-9822.14	11	12.102	19	10	(0.11847766956847569,0.07992674407553522,0.10009509109210107,0.07897720826889998,0.08103486608867963,0.08941212376187911,0.05604499345219643,)
47	2693759540975468	25003	7	(499:20[0.26000000000000006],506:37[0.20000000000000004],508:115[0.13999999999999999],510:69[0.16],515:58[0.16],520:80[0.21000000000000005],530:128[0.17],)	507	-62.91	-151.7717357001972	-9871.49	10	11.588	20	10	(0.1602534809108206,0.10783994468153851,0.09243102957260188,0.07645003682294221,0.08518260773737607,0.0728012658465392,0.06335894659676262,)
48	2693872636541575	25510	7	(499:155[0.2700000000000001],506:126[0.21000000000000005],508:68[0.12999999999999998],510:17[0.17],515:80[0.17],520:28[0.20000000000000004],530:33[0.16],)	507	-61.82	-256.7688954635109	-9911.07	14	12.594	21	10	(0.09789618306092199,0.0816774354933369,0.10710658415249552,0.09061084089962634,0.080977990767591,0.08013834616396989,0.06997684681338324,)
49	2694014073738121	26024	6	(499:52[0.26000000000000006],506:49[0.20000000000000004],508:20[0.13999999999999999],510:102[0.18000000000000002],515:123[0.16],520:161[0.21000000000000005],)	507	-62.22	-310.3189349112427	-10000.0	12	11.936	20	10	(0.11284652932840185,0.05443259040567877,0.06955867801755261,0.0844733551136678,0.09463734078367371,0.07984547841797211,)
50	2694076756836211	26530	6	(499:35[0.2700000000000001],506:78[0.21000000000000005],508:59[0.15],510:58[0.17],515:138[0.15],520:138[0.20000000000000004],)	506	-62.34	-124.8514624505929	-9903.0	12	12.212	21	10	(0.08480492669275469,0.10955734496654991,0.0926438448850803,0.08346384913233411,0.08204369639233966,0.09584080410126018,)
51	2694180080241822	27036	7	(499:51[0.2800000000000001],506:33[0.22000000000000006],508:171[0.16],510:58[0.18000000000000002],515:108[0.13999999999999999],520:39[0.19000000000000003],533:46[0.15],)	506	-62.39	-200.41832015810274	-9905.95	11	12.35	18	10	(0.11684123550037569,0.1024154498796828,0.099452809600959,0.07214331079812453,0.09172146490851617,0.06845062238308722,0.0664456482389387,)
52	2694263853161698	27543	7	(499:76[0.2900000000000001],506:26[0.23000000000000007],508:34[0.15],510:59[0.19000000000000003],515:75[0.12999999999999998],520:199[0.20000000000000004],533:38[0.16],)	507	-63.17	-172.49357001972385	-9903.62	10	12.012	19	10	(0.0904490103218605,0.113767970608767,0.09545532363172844,0.08861977199370015,0.0823292259140237,0.07653221733747963,0.07662531787199493,)
53	2694370236180276	28057	7	(499:93[0.2800000000000001],506:18[0.24000000000000007],508:63[0.16],510:81[0.20000000000000004],515:65[0.11999999999999998],520:160[0.19000000000000003],533:27[0.17],)	507	-62.1	-181.34378698224847	-9736.07	12	11.666	17	10	(0.09453232443541712,0.07922046670219414,0.11030456971677156,0.05966392688918915,0.06868646825686228,0.07874463214779498,0.0768194784925737,)
54	2694425365558166	28564	7	(499:57[0.2700000000000001],506:62[0.25000000000000006],508:26[0.17],510:79[0.19000000000000003],515:41[0.12999999999999998],520:201[0.18000000000000002],533:41[0.18000000000000002],)	507	-62.87	-113.13272189349115	-9719.26	11	11.818	18	10	(0.1368377494920747,0.12322692933780946,0.10568057855820188,0.10043109680450923,0.08205419679304632,0.0876436665539523,0.06701084073495944,)
55	2694550711445294	29071	8	(499:96[0.2800000000000001],506:44[0.26000000000000006],508:45[0.18000000000000002],510:46[0.18000000000000002],515:71[0.13999999999999999],520:161[0.17],533:26[0.19000000000000003],535:18[0.15],)	507	-62.36	-274.215483234714	-9856.42	12	11.87	18	10	(0.1085734160419916,0.11902037565273163,0.11903861458003911,0.09739007833491478,0.09718791508181333,0.09541688800597974,0.1149564576072358,0.0787421723607119,)
56	2694611215006202	29606	6	(499:73[0.2700000000000001],506:103[0.2700000000000001],508:124[0.19000000000000003],510:143[0.19000000000000003],520:37[0.16],535:28[0.16],)	508	-62.28	-118.08724409448818	-9775.15	13	12.21	19	10	(0.12128943618882287,0.1271648813840743,0.1035562402424748,0.0921951023694761,0.08712952068494027,0.11113840603672534,)
57	2694679957839194	30113	6	(499:53[0.2800000000000001],506:93[0.26000000000000006],508:67[0.18000000000000002],510:198[0.18000000000000002],520:63[0.17],535:32[0.17],)	506	-62.14	-129.39332015810277	-9844.08	13	11.942	18	10	(0.12643358438803315,0.13844368020785905,0.123130767627194,0.09577799804819187,0.12327063401105189,0.09863762073772447,)
58	2694778836729370	30619	8	(499:66[0.2900000000000001],506:97[0.25000000000000006],508:60[0.19000000000000003],510:70[0.17],520:38[0.18000000000000002],535:114[0.18000000000000002],537:38[0.15],538:23[0.15],)	506	-62.87	-201.8796442687747	-9864.2	11	11.752	19	10	(0.13445753901004381,0.1211929542596016,0.10378758084864421,0.11642617208672192,0.1234284441788565,0.0616865216508848,0.10996125412370067,0.08418272117920314,)
59	2694873471453156	31142	6	(506:83[0.24000000000000005],510:60[0.16],520:98[0.19000000000000003],535:82[0.17],537:78[0.16],538:107[0.16],)	508	-62.52	-182.18950787401573	-9902.1	13	11.746	19	10	(0.09424632814959277,0.11284546777464942,0.11638155463950813,0.07063496586136339,0.06280890317618237,0.0829179783103264,)
60	2694992421133703	31691	8	(506:99[0.23000000000000004],510:47[0.17],520:68[0.18000000000000002],535:72[0.18000000000000002],537:41[0.17],538:28[0.15],540:25[0.15],544:126[0.15],)	506	-61.58	-246.55749011857714	-9870.89	12	11.89	19	10	(0.1340954115913663,0.10200048618594584,0.12204909165770997,0.12105784082020382,0.10445846573127755,0.08692569047207055,0.08858619804202866,0.0806078383624718,)
61	2695066159229351	32232	8	(510:60[0.18000000000000002],520:43[0.17],535:102[0.17],537:99[0.18000000000000002],540:59[0.16],544:66[0.13999999999999999],546:35[0.15],548:44[0.15],)	508	-62.4	-144.6071062992126	-9933.7	17	11.756	18	10	(0.07735882019809856,0.05775703194610208,0.09668061762512427,0.0812753605605223,0.03282108478078476,0.0832394115212591,0.10786430189751407,0.07819122604539404,)
62	2695160340231960	32753	9	(510:78[0.19000000000000003],520:95[0.18000000000000002],535:46[0.16],537:59[0.17],540:42[0.17],546:79[0.16],548:55[0.16],551:30[0.15],552:24[0.15],)	508	-61.9	-185.74049212598425	-9861.25	11	11.91	18	10	(0.07372361915942148,0.09094599195048501,0.09331881570259644,0.09861722480331199,0.0677395353351774,0.09473667857980692,0.060961088695514046,0.1044570953155261,0.08547309553515253,)
63	2695257082873209	33298	9	(510:21[0.18000000000000002],520:84[0.17],535:69[0.17],537:24[0.16],546:100[0.15],548:63[0.15],551:24[0.16],552:72[0.16],555:52[0.15],)	509	-62.81	-183.6311787819253	-9970.28	12	11.74	17	10	(0.11442288307725589,0.09444805525730227,0.1110515531311516,0.07993875974812123,0.09296637377424409,0.09295064354705171,0.08350079634344532,0.08861535655892733,0.10380614458062164,)
64	2695332030232003	33839	7	(510:89[0.19000000000000003],520:92[0.16],535:38[0.16],548:40[0.13999999999999999],551:36[0.17],552:194[0.15],555:20[0.16],)	509	-61.7	-145.61062868369348	-9824.65	10	12.302	17	10	(0.09852615341585748,0.03836636777513585,0.08990107720072839,0.08144115612729139,0.06985809507200168,0.05984060977622362,0.08034962124621867,)
65	2695440635724796	34355	8	(510:38[0.18000000000000002],520:138[0.15],535:41[0.17],548:30[0.15],551:15[0.18000000000000002],552:130[0.13999999999999999],555:84[0.17],560:31[0.15],)	507	-62.42	-221.69433925049307	-9858.65	10	12.134	17	10	(0.04587979196783583,0.07018691669609839,0.08013743673447492,0.09490741929186729,0.10318935820246194,0.059847847868127996,0.10483600530950966,0.09344440173906875,)
66	2695535245086184	34869	10	(510:25[0.19000000000000003],520:27[0.13999999999999999],535:67[0.18000000000000002],548:35[0.16],551:61[0.19000000000000003],552:73[0.12999999999999998],555:143[0.16],560:29[0.16],563:32[0.15],564:16[0.15],)	508	-62.98	-202.8863779527559	-9906.59	11	11.944	17	10	(0.06464377649939206,0.08839197167765914,0.09698063681428058,0.08504790591693641,0.09890345881843067,0.05089575996590901,0.07241693850503252,0.055254569045875876,0.10386720707007457,0.07869108472171497,)
67	2695687658905481	35390	9	(510:42[0.20000000000000004],535:46[0.17],548:69[0.17],551:51[0.18000000000000002],552:29[0.11999999999999998],555:34[0.15],560:116[0.17],563:21[0.16],564:102[0.16],)	510	-62.92	-325.6097254901961	-9961.08	12	11.99	17	10	(0.09616900697029099,0.10585714661606742,0.08992482110313217,0.10303392961293936,0.07776649211945481,0.09732235546433166,0.0806137892937124,0.08153619558560349,0.06439359641129946,)
68	2695800647364244	35926	8	(510:36[0.21000000000000005],535:36[0.18000000000000002],548:113[0.16],551:43[0.19000000000000003],555:63[0.16],560:118[0.16],563:68[0.17],568:32[0.15],)	509	-61.64	-239.4459724950884	-9903.17	12	12.224	18	10	(0.12722093974791923,0.08688982336841285,0.08521851336498475,0.10190080326132725,0.07884956768065977,0.058500683249758004,0.0880774572015774,0.08541263167495494,)
69	2695892208342534	36455	9	(510:31[0.22000000000000006],535:36[0.19000000000000003],548:38[0.15],551:131[0.20000000000000004],555:59[0.15],560:75[0.15],563:79[0.16],568:44[0.16],570:15[0.15],)	508	-62.47	-190.47832677165354	-9856.86	12	12.246	16	10	(0.11089456910764466,0.09687660344313208,0.06048051399233079,0.07989322341050055,0.06826011399840026,0.07560034479729971,0.08901198464585042,0.10109482231053141,0.0521268976109954,)
70	2695976241503556	36971	8	(510:52[0.23000000000000007],535:26[0.20000000000000004],548:53[0.16],551:54[0.19000000000000003],555:95[0.13999999999999999],560:46[0.13999999999999999],563:92[0.15],568:91[0.17],)	509	-62.74	-144.81375245579565	-9853.34	11	12.702	17	10	(0.093944356659802,0.07958169343354878,0.09251534312600976,0.08837825059726259,0.07382998178754635,0.07571485311619254,0.07484359135731655,0.10442656849461222,)
71	2696089948023119	37501	8	(510:103[0.24000000000000007],535:63[0.21000000000000005],548:54[0.17],551:97[0.20000000000000004],555:59[0.12999999999999998],560:40[0.15],563:52[0.13999999999999999],568:40[0.16],)	508	-61.96	-198.61620078740157	-9832.64	14	12.592	17	10	(0.06799419713176312,0.0900825721250697,0.08844194815998832,0.08588337426799808,0.08824513225068144,0.08020586754642797,0.08677925398479165,0.11377548339353194,)
72	2696147971927716	38022	6	(535:193[0.20000000000000004],548:38[0.18000000000000002],551:38[0.19000000000000003],555:26[0.13999999999999999],560:152[0.16],563:61[0.15],)	508	-62.14	-105.25667322834646	-9813.23	10	12.732	18	10	(0.10232291397195822,0.10545965737397955,0.1123046203626474,0.0743840684894644,0.0804707875029432,0.08101222531263293,)
73	2696218995688131	38555	6	(535:181[0.19000000000000003],548:97[0.19000000000000003],560:116[0.15],563:41[0.16],578:43[0.15],579:28[0.15],)	506	-62.86	-125.69209486166007	-9865.06	14	12.844	18	10	(0.09096861805837078,0.10581864959253408,0.0776581733921497,0.10468548881827983,0.1034772716848454,0.08131862049014019,)
74	2696310273963637	39076	7	(535:40[0.18000000000000002],548:38[0.18000000000000002],560:147[0.13999999999999999],563:53[0.17],578:34[0.16],579:135[0.16],583:59[0.15],)	506	-62.17	-200.05166007905135	-10000.0	14	11.994	18	10	(0.11368434682190257,0.0961401415281631,0.08047719462291843,0.09885915313155243,0.08309293086367951,0.06842788316882481,0.05619165227345028,)
75	2696412587985761	39591	8	(535:37[0.19000000000000003],548:50[0.19000000000000003],560:65[0.12999999999999998],563:45[0.18000000000000002],578:137[0.17],579:89[0.15],583:55[0.16],585:29[0.15],)	507	-62.8	-198.53445759368836	-9838.92	13	12.378	19	10	(0.11164022086481258,0.1268535217345933,0.07040604466895262,0.10360544899997114,0.0858547404238825,0.07617747246664307,0.05139268417649847,0.07833964414419856,)
76	2696524834632106	40099	9	(535:28[0.20000000000000004],548:19[0.20000000000000004],560:129[0.11999999999999998],563:97[0.19000000000000003],578:51[0.16],579:59[0.13999999999999999],583:49[0.17],585:32[0.16],587:44[0.15],)	508	-62.35	-218.6574606299213	-9823.04	12	12.384	19	10	(0.1303290828627622,0.08533970725490687,0.06680227336518786,0.09551245908291,0.12280181168099942,0.060287136386856906,0.06495417302272559,0.10402282727468508,0.08929026054464512,)
77	2696629276347534	40610	9	(535:56[0.21000000000000005],548:34[0.21000000000000005],560:56[0.10999999999999999],563:117[0.18000000000000002],578:95[0.17],579:62[0.12999999999999998],583:25[0.18000000000000002],585:29[0.17],587:35[0.16],)	509	-62.15	-198.01935166994107	-9816.02	11	12.822	20	10	(0.06399417705244917,0.10134913077868617,0.07069242055292616,0.05417406472808904,0.10122234839528696,0.07773551449506881,0.10038395100729909,0.04414033015794335,0.05625907813294124,)
78	2696719983724754	41137	7	(535:78[0.20000000000000004],548:42[0.22000000000000006],563:32[0.17],578:64[0.16],583:93[0.19000000000000003],585:123[0.18000000000000002],587:77[0.17],)	509	-62.94	-180.95868369351663	-9875.92	11	12.576	20	10	(0.09869232766414152,0.1471691586700572,0.042640787472767665,0.1210608707235854,0.07987405059318696,0.03690679307082192,0.0542552070016126,)
79	2696834593631019	41658	6	(535:18[0.19000000000000003],548:82[0.23000000000000007],578:35[0.17],583:23[0.18000000000000002],585:216[0.17],587:133[0.16],)	507	-62.85	-255.58554240631153	-9814.53	11	12.194	20	10	(0.12176136069690363,0.10559092300102477,0.08230400035533329,0.08621366865118171,0.04786655473220697,0.0542499149939442,)
80	2696966428558104	42176	5	(535:44[0.20000000000000004],578:44[0.18000000000000002],583:148[0.19000000000000003],585:124[0.16],587:146[0.15],)	506	-61.82	-297.8747826086958	-10000.0	11	12.334	18	10	(0.08979997285651842,0.10783129224830944,0.07869888804927674,0.06330767221775774,0.07327798069559109,)
81	2697055853012434	42702	7	(578:44[0.19000000000000003],583:115[0.18000000000000002],585:25[0.15],587:170[0.13999999999999999],591:46[0.15],592:51[0.15],593:54[0.15],)	505	-62.06	-142.4252277227723	-9795.46	13	12.322	18	10	(0.09855401286345292,0.10077410165075677,0.0947490103114797,0.06651708979600032,0.0990726252443251,0.09901803383518426,0.09914835720035473,)
82	2697189316188645	43235	7	(578:23[0.20000000000000004],583:129[0.17],587:82[0.12999999999999998],591:147[0.16],592:16[0.16],593:31[0.16],598:79[0.15],)	507	-62.93	-221.3230769230769	-9858.11	13	13.494	18	10	(0.08234272728440736,0.07281340051204033,0.08265718533865382,0.08692145536099814,0.07568195973139814,0.08652106709526348,0.06362058523693397,)
83	2697276603005741	43763	6	(583:27[0.16],587:36[0.11999999999999998],592:295[0.17],593:106[0.17],598:20[0.13999999999999999],603:23[0.15],)	507	-63.23	-162.22321499013802	-9884.99	12	12.404	18	10	(0.05141668898066959,0.06449588528598699,0.059094433841779,0.07299106636262494,0.08309242484256582,0.09924125454111747,)
84	2697348741291060	44278	6	(583:266[0.17],587:30[0.12999999999999998],592:123[0.16],598:20[0.15],603:49[0.16],604:18[0.15],)	506	-62.19	-124.98705533596838	-9798.92	14	13.666	19	10	(0.03808462155588771,0.054030964211109964,0.0755309396087991,0.06683392552376347,0.06822267294102322,0.07536605551458803,)
85	2697445122332676	44792	7	(583:47[0.16],587:41[0.13999999999999999],598:74[0.16],603:112[0.17],604:138[0.16],605:18[0.15],606:76[0.15],)	506	-62.93	-158.71501976284586	-9900.07	10	13.764	19	10	(0.09976239305572189,0.07540039138870883,0.09618879732215982,0.07671106002314486,0.08053390781778623,0.08366132344539946,0.05673562276677877,)
86	2697577095253419	45302	7	(583:33[0.17],587:69[0.15],598:123[0.15],603:138[0.16],604:93[0.15],605:34[0.16],606:17[0.13999999999999999],)	507	-62.13	-222.5981854043393	-9895.26	14	14.172	19	10	(0.058067387243636706,0.09217932385331248,0.047065978673500895,0.09226300533244428,0.031117378317605485,0.06777829011253374,0.05138441897979523,)
87	2697706503979527	45821	5	(583:119[0.18000000000000002],587:100[0.16],598:45[0.13999999999999999],604:147[0.13999999999999999],605:96[0.17],)	507	-62.18	-178.51972386587775	-9817.44	13	14.686	20	10	(0.044398582349805794,0.09111911259005118,0.04864123436190383,0.03396950030876846,0.06019375041651009,)
88	2697802826636930	46326	6	(583:181[0.17],587:90[0.15],598:43[0.15],604:88[0.12999999999999998],605:34[0.18000000000000002],611:69[0.15],)	505	-60.81	-163.8082178217822	-9901.65	15	14.454	20	10	(0.05394240038065583,0.07241473705283365,0.04528433136246164,0.04578753109956001,0.08033194119141142,0.08865655121613579,)
89	2697905807346035	46843	7	(583:28[0.16],587:34[0.13999999999999999],598:119[0.16],604:31[0.11999999999999998],605:36[0.19000000000000003],611:222[0.16],612:36[0.15],)	506	-63.16	-182.4269367588933	-9903.45	12	13.09	21	10	(0.09305907838597324,0.09816017340393814,0.044896667013777335,0.065388566341633,0.09220053712189465,0.07082221426875784,0.09309696831014408,)
90	2697990579240265	47364	6	(583:118[0.17],598:45[0.15],604:82[0.12999999999999998],605:112[0.20000000000000004],611:122[0.15],612:28[0.16],)	507	-62.71	-162.7481459566075	-9813.74	13	13.65	21	10	(0.053588150243847096,0.0554443935059288,0.0489948202137461,0.06701705706632397,0.08437780312355578,0.07178505083608959,)
91	2698116943152712	47873	6	(583:71[0.16],598:33[0.16],604:31[0.13999999999999999],605:187[0.19000000000000003],611:42[0.13999999999999999],612:142[0.17],)	506	-62.3	-240.59069169960478	-9897.02	11	12.814	21	10	(0.05760629638555957,0.0882892764154889,0.05756734194389557,0.06478160093927086,0.0521862221442684,0.074349112276725,)
92	2698223211375752	48389	6	(583:98[0.17],598:24[0.17],604:36[0.15],605:66[0.18000000000000002],611:73[0.15],612:209[0.16],)	506	-62.78	-216.23650197628461	-9904.42	10	12.926	20	10	(0.07360985562703229,0.06483392219720333,0.061713216419450455,0.08507080563592516,0.08160341907606392,0.08377427417623606,)
93	2698344789912775	48895	8	(583:32[0.16],598:30[0.18000000000000002],604:111[0.16],605:197[0.19000000000000003],611:33[0.16],612:26[0.15],616:54[0.15],617:23[0.15],)	506	-62.25	-240.86731225296447	-9903.03	13	12.96	21	10	(0.08406184738997824,0.05679948917703728,0.06120982592698452,0.07402797004171117,0.07604196219757171,0.08360852014461337,0.0960113458609342,0.09570719871237805,)
94	2698443363621454	49437	4	(604:30[0.15],611:27[0.17],616:354[0.16],617:97[0.16],)	508	-62.37	-195.00228346456686	-9895.76	11	11.784	21	10	(0.0785695218006141,0.08329279983823408,0.04288920565461453,0.05349672003813181,)
95	2698551365970398	49941	4	(604:51[0.16],611:74[0.18000000000000002],616:350[0.15],617:29[0.17],)	504	-62.55	-265.53561507936513	-9902.45	14	12.078	20	10	(0.054976694598542125,0.07470279641615377,0.06528563035326189,0.04098029612518482,)
96	2698590134123863	50445	5	(604:67[0.17],611:124[0.19000000000000003],616:222[0.13999999999999999],617:59[0.18000000000000002],618:32[0.15],)	504	-61.38	-67.0416865079365	-201.12	12	12.616	21	10	(0.0742546730413592,0.08869035905188076,0.07199997716206745,0.06181844708725515,0.05956858610700063,)
97	2698716769356509	50950	5	(604:138[0.18000000000000002],611:74[0.18000000000000002],616:133[0.12999999999999998],617:104[0.19000000000000003],618:56[0.16],)	505	-62.21	-251.1995841584158	-9899.84	12	12.73	22	10	(0.11518270482124222,0.08360322278409722,0.07797610908574111,0.0659679616035477,0.0644378852181793,)
98	2698831317005395	51455	5	(604:81[0.17],611:130[0.19000000000000003],616:83[0.11999999999999998],617:115[0.18000000000000002],618:96[0.17],)	505	-62.53	-240.444099009901	-9894.72	11	12.548	18	10	(0.08267817591691888,0.10977464109078329,0.06859929566717385,0.08509262819614978,0.07193996995878559,)
99	2698956625035876	51970	6	(604:61[0.18000000000000002],611:104[0.18000000000000002],616:133[0.12999999999999998],617:26[0.17],618:162[0.18000000000000002],620:19[0.15],)	505	-61.93	-298.7915445544555	-9882.35	10	12.444	17	10	(0.06976756853131404,0.0761234916751668,0.07970910222014878,0.06441731978787767,0.07683200534642433,0.09839653381318493,)
100	2699088748078582	52476	7	(604:204[0.19000000000000003],611:28[0.17],616:20[0.11999999999999998],617:16[0.18000000000000002],618:189[0.17],620:15[0.16],621:34[0.15],)	506	-62.83	-260.0686561264823	-9900.4	13	12.93	18	10	(0.09024955424022654,0.08269288981186365,0.0669570210590367,0.05160014509118461,0.0815624801929854,0.08507466884446145,0.08735413233104308,)
101	2699198559290924	52997	6	(604:28[0.18000000000000002],616:144[0.12999999999999998],617:29[0.19000000000000003],618:36[0.16],620:65[0.17],621:205[0.16],)	507	-62.16	-204.75816568047335	-9844.12	12	12.234	17	10	(0.12802382790036165,0.08137780387818609,0.05339766598150677,0.08691687039386672,0.11109866112183484,0.061522778784525015,)
102	2699309187458812	53503	7	(604:192[0.19000000000000003],616:97[0.11999999999999998],617:25[0.20000000000000004],618:119[0.17],620:17[0.18000000000000002],621:28[0.15],623:28[0.15],)	506	-62.5	-240.65073122529648	-9838.73	11	12.51	18	10	(0.06627336868809759,0.06988013999324415,0.10691144790758164,0.09398872910756528,0.12684709289749443,0.07888826403828307,0.06072368593461971,)
103	2699403866117313	54017	7	(604:111[0.18000000000000002],616:47[0.10999999999999999],617:20[0.21000000000000005],618:48[0.16],620:178[0.19000000000000003],621:45[0.16],623:58[0.16],)	507	-62.28	-232.3511834319527	-9819.36	12	11.664	18	10	(0.06976336247839042,0.0670135459934048,0.12076058934808968,0.08484311520289402,0.07208457473660383,0.051056629641859336,0.05694411632883457,)
104	2699469463326272	54530	7	(604:63[0.17],616:102[0.11999999999999998],617:36[0.22000000000000006],618:110[0.17],620:93[0.18000000000000002],621:85[0.17],623:18[0.17],)	507	-60.45	-146.8749704142012	-9871.53	11	11.466	18	10	(0.06956549124103475,0.08346675968772004,0.13379953454959315,0.08632406784620841,0.06547214995649404,0.10003566168339222,0.10271965843039008,)
105	2699535231536066	55042	7	(604:17[0.18000000000000002],616:53[0.10999999999999999],617:92[0.23000000000000007],618:53[0.16],620:163[0.17],621:67[0.16],623:62[0.18000000000000002],)	507	-62.18	-139.40242603550297	-9810.24	12	12.004	19	10	(0.10970760792083255,0.08208708168002912,0.10477114329500294,0.07565970626591559,0.08098388400806018,0.09777040980045414,0.10551215778973116,)
106	2699637892527414	55556	7	(604:61[0.19000000000000003],616:83[0.11999999999999998],617:141[0.22000000000000006],618:114[0.17],620:60[0.16],621:25[0.17],623:23[0.19000000000000003],)	507	-61.92	-240.83573964497037	-10000.0	12	11.672	20	10	(0.10557401356678371,0.0804079192591079,0.10994309858473726,0.10246614918472086,0.07891346703265857,0.06860535033341526,0.11274682206246148,)
107	2699773285299596	56076	6	(604:26[0.20000000000000004],616:18[0.10999999999999999],617:176[0.21000000000000005],618:30[0.16],621:225[0.18000000000000002],623:32[0.20000000000000004],)	507	-62.42	-337.7796449704141	-10000.0	14	11.598	21	10	(0.07607567716342846,0.06224307402891982,0.08823874773756925,0.05803839934094589,0.07752601605490093,0.10148809291551325,)
108	2699917445823864	56597	5	(604:118[0.21000000000000005],617:108[0.20000000000000004],618:54[0.17],621:191[0.17],623:35[0.21000000000000005],)	506	-62.64	-341.6636956521738	-9879.08	11	11.836	19	10	(0.07775277588249246,0.08091180999397937,0.08406701784598068,0.08981652193359689,0.12040328242606527,)
109	2700025790064394	57115	6	(604:115[0.20000000000000004],617:27[0.19000000000000003],618:188[0.18000000000000002],621:105[0.16],623:51[0.22000000000000006],631:19[0.15],)	505	-62.06	-251.84851485148513	-9959.48	11	11.992	16	10	(0.10260321708145584,0.11167381656352843,0.11510630321981442,0.10241267626726026,0.11426985706737053,0.09103313303663836,)
110	2700134318702282	57642	5	(617:143[0.20000000000000004],621:47[0.15],623:72[0.23000000000000007],631:206[0.16],633:38[0.15],)	506	-62.56	-233.4606916996048	-9894.2	11	11.35	15	10	(0.06861343177625796,0.09131756617734663,0.05079659568347338,0.06036431711694282,0.07139114884318455,)
111	2700205431971803	58147	5	(617:55[0.19000000000000003],621:32[0.16],623:114[0.24000000000000007],631:129[0.15],633:175[0.16],)	505	-59.96	-163.74540594059405	-9806.67	10	11.656	16	10	(0.0864077307387037,0.09080085481986726,0.06504888897361324,0.05895949275779727,0.03745775634152951,)
112	2700312307084729	58653	5	(617:51[0.20000000000000004],621:16[0.17],623:72[0.23000000000000007],631:233[0.13999999999999999],633:133[0.15],)	505	-62.46	-227.93263366336646	-9903.14	10	11.49	15	10	(0.08265299921865603,0.10037933720019183,0.09041430059392444,0.07531989316158647,0.05522148111174948,)
113	2700395874741670	59158	5	(617:36[0.21000000000000005],621:73[0.18000000000000002],623:222[0.24000000000000007],631:60[0.12999999999999998],633:114[0.13999999999999999],)	505	-62.62	-182.98522772277224	-9895.44	13	11.566	16	10	(0.0941691332951588,0.09719960333147239,0.08992710218841314,0.07387699521941014,0.06316598662241409,)
114	2700481054244476	59663	5	(617:107[0.22000000000000006],621:232[0.19000000000000003],623:35[0.23000000000000007],631:53[0.13999999999999999],633:78[0.12999999999999998],)	505	-62.77	-185.37744554455446	-9856.39	11	11.358	17	10	(0.07946446266209387,0.10173569242809426,0.12582528374534055,0.08051106046829136,0.051555366806304036,)
115	2700573922465423	60170	5	(617:95[0.21000000000000005],621:159[0.18000000000000002],623:162[0.24000000000000007],631:60[0.15],633:29[0.13999999999999999],)	505	-62.67	-216.36964356435644	-9881.12	11	11.782	18	10	(0.0611462565099097,0.07905227602874942,0.10163749278345785,0.07910185118633423,0.05922750050142059,)
116	2700653689807926	60687	5	(617:177[0.22000000000000006],621:204[0.17],623:52[0.23000000000000007],633:52[0.15],636:20[0.15],)	505	-62.96	-165.5574257425742	-9886.49	10	11.406	16	10	(0.08528103481799006,0.08426948817716326,0.12052371923841372,0.08578540181666149,0.09965050803929089,)
117	2700751836504307	61192	5	(617:203[0.21000000000000005],621:50[0.16],623:49[0.24000000000000007],633:109[0.16],636:94[0.16],)	505	-62.88	-210.1948316831683	-9905.35	12	11.53	17	10	(0.08636299136358608,0.09306764128671413,0.10878760087091309,0.06472534843762177,0.08852782719273014,)
118	2700879586123487	61697	6	(617:149[0.20000000000000004],621:105[0.17],623:35[0.25000000000000006],633:123[0.15],636:58[0.17],637:35[0.15],)	505	-62.27	-301.9568514851485	-9896.69	12	11.546	18	10	(0.09868947704565313,0.10236347826974417,0.1333038093179176,0.10090976828545548,0.09330833587135591,0.08800893536551459,)
119	2700955451332065	62217	6	(617:25[0.19000000000000003],621:54[0.16],623:68[0.26000000000000006],633:173[0.13999999999999999],636:136[0.18000000000000002],637:50[0.16],)	506	-63.02	-168.98401185770751	-9866.49	10	11.444	16	10	(0.07917715099588625,0.10658181196900847,0.12968971435685997,0.07582126198812769,0.11343177962441335,0.0723396771161908,)
120	2701045927510382	62723	7	(617:20[0.20000000000000004],621:22[0.17],623:47[0.2700000000000001],633:209[0.12999999999999998],636:164[0.17],637:26[0.17],639:18[0.15],)	506	-62.87	-218.23887351778654	-9812.59	11	11.556	16	10	(0.1454719859300693,0.11370398178169289,0.14464843246537987,0.08064297442740068,0.11116879533387139,0.10443863829828842,0.0801508112429911,)
121	2701220332509254	63245	6	(617:37[0.21000000000000005],621:38[0.18000000000000002],623:27[0.2800000000000001],633:29[0.11999999999999998],636:27[0.16],639:349[0.16],)	507	-60.72	-451.7143589743586	-9898.92	12	11.022	16	10	(0.1172177703873396,0.0583942557730247,0.10185052491239086,0.0693254095464057,0.12064020832422537,0.0476462873898065,)
122	2701390678452169	63757	5	(617:27[0.22000000000000006],621:299[0.19000000000000003],623:50[0.2900000000000001],633:80[0.12999999999999998],639:50[0.15],)	506	-47.34	-323.2248023715415	-10000.0	12	11.842	16	10	(0.15473224395486437,0.1438517311171304,0.12634410175245753,0.08878161523454632,0.07550614777515435,)
123	2701633475248453	64262	6	(617:114[0.23000000000000007],621:218[0.18000000000000002],623:90[0.3000000000000001],633:36[0.13999999999999999],639:16[0.16],643:31[0.15],)	505	-49.82	-502.24067326732666	-9842.94	12	12.174	17	10	(0.13081371985667156,0.052541508530684476,0.15705768505155235,0.05604948953844878,0.07247243371451495,0.09470554762477917,)
124	2701781659100254	64779	5	(617:35[0.22000000000000006],621:191[0.17],623:85[0.2900000000000001],633:92[0.15],643:103[0.16],)	506	-45.62	-298.9761067193676	-9865.15	13	12.144	17	10	(0.08845571665497426,0.0610632011449419,0.12172067253975337,0.08705093831435763,0.06671823518652438,)
125	2701868265434237	65284	6	(617:128[0.23000000000000007],621:131[0.16],623:64[0.3000000000000001],633:57[0.16],643:109[0.15],644:16[0.15],)	505	-44.83	-184.50667326732673	-9879.72	13	12.168	18	10	(0.07751623306844832,0.08882875299906093,0.10393616022591934,0.07143734533162543,0.08524594041035709,0.07329079568209398,)
126	2702021124962700	65802	6	(617:50[0.22000000000000006],621:39[0.15],623:70[0.3100000000000001],633:237[0.17],644:87[0.16],645:23[0.15],)	506	-45.88	-302.6373320158103	-9898.36	10	12.312	19	10	(0.10452154616354749,0.09113644649019702,0.07765863381364196,0.10286027180020395,0.07506560566704469,0.0679969200594788,)
127	2702201808618232	66324	5	(617:27[0.23000000000000007],623:100[0.3200000000000001],633:61[0.16],644:123[0.15],645:195[0.16],)	506	-44.42	-340.8865612648222	-9944.98	11	12.196	18	10	(0.10842006973897586,0.11632431879487905,0.08643170399512846,0.09082402685469992,0.057595973426386664,)
128	2702399491994522	66829	5	(617:107[0.24000000000000007],623:130[0.3100000000000001],633:64[0.17],644:129[0.13999999999999999],645:75[0.15],)	505	-43.63	-409.21477227722784	-9953.69	12	12.634	17	10	(0.10626815998138577,0.10084242004707504,0.1092650163522685,0.06298360349747063,0.0622063390194034,)
129	2702543705315641	67334	5	(617:104[0.23000000000000007],623:211[0.3000000000000001],633:20[0.18000000000000002],644:110[0.12999999999999998],645:60[0.16],)	505	-42.99	-282.38960396039613	-10000.0	13	12.844	18	10	(0.14041399067213362,0.09906580110702048,0.12573695464551443,0.04636152518775768,0.07507005861498715,)
130	2702707372115446	67847	6	(617:55[0.22000000000000006],623:78[0.2900000000000001],633:34[0.19000000000000003],644:206[0.11999999999999998],645:92[0.17],647:40[0.15],)	505	-41.9	-325.16146534653467	-9930.39	11	12.414	18	10	(0.13767114097074074,0.1009100366681649,0.09301440768440407,0.07797520302528456,0.08731092594067713,0.08034287382598905,)
131	2703029513666841	68383	4	(617:124[0.23000000000000007],623:198[0.3000000000000001],633:108[0.20000000000000004],647:76[0.16],)	506	-38.7	-631.5808498023715	-10000.0	15	13.07	19	10	(0.06719948911766657,0.08334633919795857,0.09923654937088966,0.12403960762046806,)
132	2703297838715471	68887	4	(617:246[0.24000000000000007],623:103[0.2900000000000001],633:38[0.21000000000000005],647:117[0.17],)	504	-38.69	-537.5562301587302	-9909.95	13	13.322	19	10	(0.05132310554741099,0.08511145876833588,0.12162431790906178,0.1169674480554276,)
133	2703482837725879	69391	4	(617:264[0.23000000000000007],623:126[0.3000000000000001],633:49[0.22000000000000006],647:65[0.18000000000000002],)	504	-38.95	-356.1139087301587	-9906.76	17	13.026	17	10	(0.05629947322795743,0.08010596918010471,0.17443145629054066,0.09627867631037185,)
134	2703688794014707	69917	3	(617:218[0.22000000000000006],623:246[0.2900000000000001],647:40[0.19000000000000003],)	504	-37.14	-383.67	-9884.36	16	12.868	18	10	(0.0701899658146303,0.1284086163328745,0.1213181437122727,)
135	2703929755657017	70420	3	(617:221[0.21000000000000005],623:255[0.2800000000000001],647:27[0.20000000000000004],)	503	-37.64	-471.81296222664014	-9902.5	15	13.058	18	10	(0.050770724753646634,0.10639202431905077,0.13493404770869413,)
136	2704105627939981	70931	5	(617:151[0.20000000000000004],623:140[0.2700000000000001],647:70[0.21000000000000005],652:116[0.15],653:26[0.15],)	503	-37.36	-348.7066998011929	-10000.0	14	12.676	19	10	(0.04767508149418793,0.10343772338180265,0.10939817621952697,0.09521212950702618,0.07406160129445274,)
137	2704186612454512	71438	6	(617:151[0.19000000000000003],623:28[0.26000000000000006],647:106[0.22000000000000006],652:136[0.13999999999999999],653:42[0.16],656:42[0.15],)	505	-38.33	-175.474	-9896.92	15	12.672	20	10	(0.029530424117452166,0.07401603338887834,0.06749264546867936,0.06992057077475107,0.043687062599254034,0.0704445148547175,)
138	2704325892338790	71944	6	(617:21[0.18000000000000002],623:145[0.2700000000000001],647:108[0.21000000000000005],652:25[0.12999999999999998],653:127[0.17],656:80[0.16],)	506	-38.5	-296.53529644268764	-9946.5	15	12.03	19	10	(0.03608380449307936,0.08586774229355294,0.08314726369091642,0.07474748883928573,0.06439715678670942,0.07606490986579766,)
139	2704473276188679	72452	5	(617:21[0.19000000000000003],623:65[0.26000000000000006],647:182[0.20000000000000004],652:146[0.13999999999999999],656:92[0.17],)	506	-40.56	-327.7802766798419	-10000.0	19	11.786	19	10	(0.06085514826784705,0.08701864602620783,0.08026562150324484,0.06198062480922468,0.051131205275588766,)
140	2704586294055813	72957	5	(617:20[0.20000000000000004],623:95[0.2700000000000001],647:117[0.19000000000000003],652:80[0.12999999999999998],656:193[0.18000000000000002],)	505	-38.57	-245.8587722772277	-9904.01	17	11.806	20	10	(0.04460465349705889,0.09413387846323208,0.09519770853934408,0.06717837544741659,0.0647477766048678,)
141	2704847024323862	73462	5	(617:201[0.21000000000000005],623:87[0.2800000000000001],647:70[0.18000000000000002],652:20[0.13999999999999999],656:127[0.17],)	505	-37.8	-434.37312871287116	-10000.0	18	13.122	21	10	(0.05014694294107762,0.09933877555701442,0.0977022636682577,0.09854032492305062,0.07819362847244431,)
142	2704989713338153	73971	5	(617:224[0.20000000000000004],623:112[0.2900000000000001],647:79[0.19000000000000003],652:30[0.15],656:60[0.16],)	505	-35.03	-252.96201980198018	-9962.15	19	13.366	22	10	(0.05461680205743257,0.11861365563045574,0.11234260277622789,0.10142577491867907,0.08091617257110188,)
143	2705164304756578	74476	5	(617:101[0.19000000000000003],623:180[0.2800000000000001],647:103[0.20000000000000004],652:51[0.16],656:70[0.17],)	505	-38.26	-395.367287128713	-9941.45	18	12.088	22	10	(0.06416575772572604,0.13057065966656403,0.10630603318071292,0.09516709204943552,0.09408495531142448,)
144	2705331068413675	75001	3	(623:289[0.2700000000000001],647:159[0.19000000000000003],652:57[0.17],)	505	-37.92	-349.4372871287129	-9888.19	15	12.046	20	10	(0.10962166934406402,0.08391489844150098,0.08724940495997886,)
145	2705465001282615	75504	4	(623:195[0.26000000000000006],647:167[0.20000000000000004],652:90[0.18000000000000002],658:51[0.15],)	503	-37.6	-296.7391848906561	-10000.0	17	11.75	20	10	(0.12420791441710125,0.1093958846387691,0.09457801303130431,0.0758421884944747,)
146	2705666698117654	76008	5	(623:136[0.25000000000000006],647:234[0.19000000000000003],652:75[0.19000000000000003],658:40[0.16],659:19[0.15],)	504	-36.74	-438.6223214285715	-9901.17	16	11.792	20	10	(0.12454682567606166,0.10401716310782413,0.0914046285049832,0.11225902008148055,0.06209315608760033,)
147	2705786828876577	76516	5	(623:118[0.24000000000000005],647:191[0.18000000000000002],652:93[0.20000000000000004],658:15[0.17],659:88[0.16],)	505	-37.6	-260.69558415841584	-9969.9	16	11.538	20	10	(0.10544380818577712,0.08715314290400931,0.080792732845013,0.06498413323505317,0.07266401314212191,)
148	2705978626644515	77041	6	(623:133[0.23000000000000004],647:127[0.17],652:77[0.21000000000000005],658:40[0.18000000000000002],659:59[0.17],661:69[0.15],)	505	-36.27	-377.62683168316823	-9904.52	18	11.982	21	10	(0.13201217742923638,0.09102442402343786,0.08865822209679886,0.07572242850925423,0.077476939200525,0.10959580262312328,)
149	2706114612579261	77559	5	(623:229[0.22000000000000003],647:48[0.16],652:75[0.22000000000000006],658:125[0.19000000000000003],659:29[0.18000000000000002],)	506	-34.6	-278.7370158102766	-10000.0	17	13.262	22	10	(0.10072948835768261,0.0900570104270123,0.07766181870875678,0.06108625647164269,0.058112698246833155,)
