alpha = 0.15
gamma = 1.0
lambda = 0.6
epsilon = 0.3
randomSeed = 222
GREAT!
Xover: 4
---- Evolution parameters ----
Folder name:          NMSarsa_MountainCar/run_2686839336671592
Random seed:          222
GREAT activated:      true
Max iterations:       150
Population size:      500
GREAT initialization  true
Speciation threshold: 0.15
Species min size:     15
Tournament size:      3
Crossover rate:       0.2
Mutation rate:        0.8
Crossovers:
	AligningCrossover_v4(0.15)
Mutations:
	AddGeneMutation(maxSize=2147483647, prob=0.33)
	DeleteGeneMutation(minSize=10, prob=0.33)
	ChangeGeneMutation(prob=0.33)
------------------------------

---- Starting evolution ----
IT	Nanotime	#Eval	#Species	Species size	PopSize	Best	Avg	Worst	Best GRN Size	Avg GRN size	Max GRN size	Min GRN size	Species avgdist2rep
0	2699343010759394	997	1	(491:499[0.15],)	499	-230.25	-4546.406452905811	-5001.0	11	11.15	15	10	(0.08263703764623423,)
1	2705576661870512	1498	3	(491:384[0.16],492:62[0.15],493:55[0.15],)	501	-163.09	-4252.938502994013	-5001.0	10	11.206	14	10	(0.06645543283681205,0.09417039252740693,0.08772667271538774,)
2	2711341934636746	2009	5	(491:87[0.15],492:100[0.16],493:238[0.16],494:51[0.15],496:27[0.15],)	503	-163.81	-3851.8650099403562	-5001.0	11	11.314	15	10	(0.08350338537583558,0.10115703549316937,0.0745246759464657,0.09593909810643413,0.06639546278927562,)
3	2716399554782264	2514	5	(491:58[0.16],492:113[0.15],493:104[0.15],494:124[0.16],496:106[0.16],)	505	-156.35	-3458.080594059406	-5001.0	10	11.482	14	10	(0.06410680338025758,0.05995207272024933,0.06203398343889776,0.057229306197495076,0.06752244979020822,)
4	2721274245988432	3019	5	(491:166[0.17],492:88[0.13999999999999999],493:64[0.13999999999999999],494:76[0.15],496:111[0.15],)	505	-151.65	-3295.0410891089105	-5001.0	12	11.584	15	10	(0.0546062533651951,0.0647946341996012,0.0765169896525374,0.06801773848417023,0.04914094783429809,)
5	2725586332779324	3534	5	(491:132[0.16],492:126[0.15],493:140[0.15],496:69[0.13999999999999999],497:38[0.15],)	505	-150.92	-2868.463762376238	-5001.0	15	11.71	15	10	(0.06643465772410584,0.06522353510983908,0.0824387029210955,0.07418823130325976,0.08488214637336043,)
6	2730086769158138	4043	5	(491:77[0.15],492:59[0.13999999999999999],493:170[0.13999999999999999],496:23[0.15],497:176[0.16],)	505	-157.54	-3006.2325148514865	-5001.0	11	11.554	15	10	(0.0628496163755425,0.07117610442340434,0.0744087279956914,0.05127098523144587,0.056582066245034895,)
7	2734423900417766	4553	5	(491:32[0.16],492:95[0.15],493:59[0.12999999999999998],496:158[0.16],497:161[0.15],)	505	-140.94	-2898.899821782178	-5001.0	10	11.608	16	10	(0.07129289588364607,0.07879489829258922,0.09937621334716262,0.08578266041666516,0.0716588238038025,)
8	2738714424898023	5063	5	(491:40[0.17],492:31[0.16],493:199[0.13999999999999999],496:93[0.15],497:142[0.13999999999999999],)	505	-137.12	-2871.1676039603954	-5001.0	14	12.01	16	10	(0.0739072762137855,0.08883290080998704,0.08426591328175113,0.07978701756509297,0.08935120869960672,)
9	2742666073006004	5571	7	(491:30[0.18000000000000002],492:56[0.17],493:158[0.12999999999999998],496:114[0.16],497:60[0.12999999999999998],503:59[0.15],504:28[0.15],)	505	-150.56	-2675.37796039604	-5001.0	11	11.97	17	10	(0.08437654432078859,0.07467515975306198,0.09046092062012408,0.09369986830393681,0.09409405534078336,0.08423062674810991,0.08253789841726208,)
10	2746409802695013	6078	7	(491:56[0.19000000000000003],492:91[0.18000000000000002],493:27[0.11999999999999998],496:80[0.15],497:63[0.13999999999999999],503:130[0.16],504:60[0.16],)	507	-134.91	-2517.7101183431955	-5001.0	10	12.202	17	10	(0.07537350382234427,0.08835822674707582,0.08720620239693935,0.08324221262613482,0.06387923878772153,0.07363362286348282,0.05385941505229455,)
11	2750674534338502	6602	8	(491:38[0.20000000000000004],492:20[0.17],493:61[0.12999999999999998],496:122[0.13999999999999999],497:133[0.15],503:84[0.15],504:32[0.17],507:17[0.15],)	507	-141.29	-2706.437771203156	-5001.0	12	12.308	17	10	(0.09410857380441655,0.08314331539798715,0.037517999255272126,0.09086038719327025,0.06957816829490714,0.07945729160641428,0.06558624675717883,0.09187689861121157,)
12	2754642149769372	7110	8	(491:47[0.21000000000000005],492:26[0.18000000000000002],493:91[0.13999999999999999],496:30[0.12999999999999998],497:44[0.13999999999999999],503:42[0.13999999999999999],504:166[0.18000000000000002],507:62[0.16],)	508	-143.17	-2653.16688976378	-5001.0	10	12.386	17	10	(0.0757155302421499,0.08561345953830858,0.0584014226176431,0.08596859271536303,0.07718475036770288,0.09058261613511412,0.07359347989343644,0.06927518580823064,)
13	2758396161200059	7618	8	(491:45[0.22000000000000006],492:17[0.19000000000000003],493:86[0.12999999999999998],496:59[0.13999999999999999],497:124[0.15],503:38[0.15],504:50[0.17],507:89[0.15],)	508	-135.25	-2422.606633858268	-5001.0	12	12.404	18	10	(0.08544313705516327,0.06522219091785522,0.09587221614458921,0.07890591081945329,0.07168941636177284,0.07019268580363873,0.08872549744451076,0.0826728779563884,)
14	2762238361604825	8126	9	(491:45[0.23000000000000007],492:31[0.20000000000000004],493:70[0.11999999999999998],496:116[0.15],497:50[0.13999999999999999],503:32[0.16],504:75[0.18000000000000002],507:45[0.13999999999999999],508:44[0.15],)	508	-139.08	-2486.908622047244	-5001.0	10	12.57	18	10	(0.1413461319448688,0.08457415871149189,0.044067249424063225,0.10300309468928491,0.0899729551784173,0.10709372562408138,0.08987940507993093,0.10325887787174905,0.08818449914268234,)
15	2766280014586427	8635	10	(491:24[0.24000000000000007],492:29[0.21000000000000005],493:81[0.10999999999999999],496:28[0.13999999999999999],497:91[0.15],503:97[0.17],504:59[0.17],507:29[0.15],508:40[0.16],509:31[0.15],)	509	-131.91	-2637.0236149312377	-5001.0	10	12.754	18	10	(0.13052746781710634,0.11182037514949428,0.06356728765575687,0.10189096112319339,0.10071065821926144,0.09014736380163356,0.08975617132309908,0.0838778597450751,0.07981214410317257,0.09587848757298605,)
16	2770270506793129	9145	10	(491:25[0.25000000000000006],492:25[0.22000000000000006],493:63[0.09999999999999999],496:21[0.15],497:40[0.13999999999999999],503:36[0.16],504:32[0.16],507:54[0.16],508:47[0.17],509:167[0.16],)	510	-134.35	-2579.079627450981	-5001.0	13	12.784	19	10	(0.14787679094923625,0.13695820043842497,0.062055939594546916,0.12107249130212192,0.07321838741176938,0.12227308473545977,0.08415452232510781,0.10021383372302524,0.06243637538227626,0.06800598089677855,)
17	2773888607510349	9655	10	(491:25[0.26000000000000006],492:46[0.23000000000000007],493:45[0.09],496:67[0.16],497:82[0.15],503:46[0.17],504:47[0.17],507:23[0.15],508:61[0.18000000000000002],509:68[0.15],)	510	-137.45	-2205.3996666666662	-5001.0	10	12.942	18	10	(0.09330841928886285,0.07055735067272416,0.04779399215437395,0.06247864076368326,0.07624358256204325,0.059483507947217566,0.09555113109877547,0.0589504946505527,0.09028042615964345,0.08794175208916233,)
18	2777199865259777	10172	9	(491:39[0.2700000000000001],492:16[0.24000000000000007],493:89[0.09999999999999999],496:34[0.15],497:17[0.13999999999999999],503:43[0.18000000000000002],504:127[0.18000000000000002],508:98[0.17],509:47[0.13999999999999999],)	510	-132.5	-2057.810843137255	-5001.0	11	13.18	17	10	(0.034941626760774246,0.10417341419392503,0.045127923813659765,0.07240815586072971,0.1032064696300249,0.07299061991940071,0.07883236025245371,0.0675261168017715,0.07887714493936712,)
19	2781112349712791	10691	8	(491:38[0.2800000000000001],493:111[0.09],496:17[0.16],497:97[0.15],503:22[0.19000000000000003],504:57[0.17],508:139[0.16],509:28[0.15],)	509	-131.09	-2457.154872298625	-5001.0	12	12.926	18	10	(0.05308170456412655,0.051449109658108665,0.08086797638736198,0.06139217394783163,0.10637535278754547,0.06765573453734487,0.09957723704157821,0.08568453460950623,)
