alpha = 0.15
gamma = 1.0
lambda = 0.6
epsilon = 0.3
randomSeed = 555
GREAT!
Xover: 4
---- Evolution parameters ----
Folder name:          NMSarsa_Maze/run_2686830113446426
Random seed:          555
GREAT activated:      true
Max iterations:       150
Population size:      500
GREAT initialization  true
Speciation threshold: 0.15
Species min size:     15
Tournament size:      3
Crossover rate:       0.2
Mutation rate:        0.8
Crossovers:
	AligningCrossover_v4(0.15)
Mutations:
	AddGeneMutation(maxSize=2147483647, prob=0.33)
	DeleteGeneMutation(minSize=10, prob=0.33)
	ChangeGeneMutation(prob=0.33)
------------------------------

---- Starting evolution ----
IT	Nanotime	#Eval	#Species	Species size	PopSize	Best	Avg	Worst	Best GRN Size	Avg GRN size	Max GRN size	Min GRN size	Species avgdist2rep
0	2691372467056301	997	1	(488:499[0.15],)	499	-64.59	-6377.391803607213	-10000.0	11	11.22	14	10	(0.08051463580411626,)
1	2692573606293142	1498	2	(488:126[0.16],489:375[0.15],)	501	-62.62	-2848.8638123752485	-10000.0	11	11.624	15	10	(0.09713376113161386,0.08340973289507145,)
2	2693653735922896	2000	4	(488:112[0.17],489:266[0.13999999999999999],490:44[0.15],491:80[0.15],)	502	-63.62	-2340.246992031872	-10000.0	13	11.83	16	10	(0.06530124339672799,0.07789690447883788,0.07231050730115886,0.08135724598616134,)
3	2694329880295200	2514	3	(488:172[0.18000000000000002],490:103[0.16],491:229[0.16],)	504	-62.99	-1490.9348214285712	-10000.0	10	11.76	17	10	(0.0950999089840392,0.06587514212137309,0.06876060240824572,)
4	2694852538717386	3017	3	(488:240[0.17],490:123[0.17],491:140[0.15],)	503	-63.52	-1161.4122862823067	-10000.0	10	12.026	18	10	(0.07870103479536449,0.06859442377691966,0.06816265855689464,)
5	2695554550852966	3532	3	(488:353[0.16],490:111[0.18000000000000002],491:39[0.16],)	503	-63.49	-1401.219880715706	-9975.32	11	12.508	17	10	(0.08169670439719064,0.06933014108950668,0.06365665988697687,)
6	2696207547889260	4035	3	(488:375[0.15],490:49[0.19000000000000003],491:79[0.17],)	503	-63.76	-1324.122763419483	-9999.06	11	12.784	17	10	(0.060291955162598325,0.06958749029286095,0.09041774562233677,)
7	2696831526502643	4538	3	(488:382[0.13999999999999999],490:98[0.20000000000000004],491:23[0.18000000000000002],)	503	-63.56	-1276.4498608349895	-9993.9	12	13.018	18	10	(0.055983634087070785,0.07680551173642323,0.08942510383989606,)
8	2697317145359829	5041	4	(488:272[0.12999999999999998],490:67[0.21000000000000005],491:65[0.19000000000000003],493:99[0.15],)	503	-57.42	-929.7837773359839	-10000.0	16	13.142	18	10	(0.07848746107424329,0.09699705089302627,0.0745460833131968,0.08293751639730382,)
9	2697639572393072	5545	5	(488:298[0.11999999999999998],490:57[0.22000000000000006],491:68[0.20000000000000004],493:55[0.16],494:26[0.15],)	504	-51.39	-632.9135317460314	-9943.6	14	13.194	17	10	(0.064841282199727,0.057047251727604574,0.07859375195597833,0.08776066023759976,0.07771949337460943,)
10	2697987640788645	6050	5	(488:196[0.10999999999999999],490:30[0.23000000000000007],491:46[0.21000000000000005],493:28[0.17],494:205[0.16],)	505	-50.7	-586.6014653465345	-9998.73	15	14.444	18	10	(0.06629175898139414,0.05989282737096429,0.07249164387257301,0.10518608005773833,0.06548414933700236,)
11	2698213860249660	6555	5	(488:84[0.09999999999999999],490:52[0.24000000000000007],491:36[0.22000000000000006],493:26[0.18000000000000002],494:307[0.15],)	505	-41.52	-338.6141188118813	-9991.03	15	14.91	19	10	(0.06833985059278916,0.06331615209728023,0.08802667244325667,0.09416644925163002,0.0282223081356802,)
12	2698281839373763	7060	5	(488:96[0.10999999999999999],490:84[0.25000000000000006],491:95[0.23000000000000007],493:76[0.19000000000000003],494:154[0.13999999999999999],)	505	-41.62	-113.66243564356435	-9652.81	15	13.448	19	10	(0.061848800828220085,0.10390949754817347,0.08165399354594252,0.09478549402697244,0.02412208864536903,)
13	2698408967358168	7565	5	(488:70[0.11999999999999998],490:77[0.26000000000000006],491:108[0.24000000000000007],493:60[0.20000000000000004],494:190[0.12999999999999998],)	505	-38.4	-220.00677227722775	-9950.34	15	13.714	20	10	(0.057613611222126146,0.09036646997777657,0.09198942124291737,0.10560737371242654,0.035784553976380425,)
14	2698497337752762	8070	5	(488:123[0.12999999999999998],490:131[0.2700000000000001],491:62[0.23000000000000007],493:98[0.21000000000000005],494:91[0.11999999999999998],)	505	-39.47	-163.7329108910891	-9937.06	14	12.764	20	10	(0.08399655165229478,0.11622957318577036,0.12145096325639619,0.11251876274746393,0.03152847454562434,)
15	2698665462959384	8575	5	(488:28[0.11999999999999998],490:56[0.26000000000000006],491:29[0.24000000000000007],493:138[0.22000000000000006],494:254[0.12999999999999998],)	505	-38.14	-282.04724752475244	-10000.0	15	14.266	20	10	(0.08362606014447631,0.06979782230841516,0.12915900203544953,0.09476544869961426,0.057164196793202456,)
16	2698829351115565	9080	5	(488:183[0.12999999999999998],490:69[0.2700000000000001],491:44[0.25000000000000006],493:31[0.21000000000000005],494:178[0.11999999999999998],)	505	-38.18	-271.9821386138614	-9915.73	14	13.306	20	10	(0.07393256127535652,0.10259877256323181,0.12528465352756046,0.13078232851864954,0.028252286369150063,)
17	2698977611332470	9585	5	(488:61[0.11999999999999998],490:166[0.2800000000000001],491:56[0.26000000000000006],493:45[0.22000000000000006],494:177[0.10999999999999999],)	505	-38.57	-269.84261386138616	-10000.0	17	12.968	20	10	(0.0936658720450377,0.11408676897955161,0.11923261362423097,0.12342069610668295,0.03559919671408426,)
18	2699160450218308	10090	5	(488:107[0.12999999999999998],490:122[0.2700000000000001],491:71[0.2700000000000001],493:43[0.23000000000000007],494:162[0.09999999999999999],)	505	-36.71	-333.80237623762383	-10000.0	16	12.744	21	10	(0.10122849363204592,0.133692193904362,0.09734419996440676,0.15313421486919487,0.039793481403667265,)
19	2699382027084782	10595	5	(488:182[0.11999999999999998],490:35[0.26000000000000006],491:134[0.2800000000000001],493:23[0.24000000000000007],494:131[0.09],)	505	-37.88	-382.0834257425743	-10000.0	15	12.486	22	10	(0.08077477849304746,0.10799425409359624,0.10147376915528057,0.12682489225543775,0.02978657694388071,)
20	2699570488537140	11100	5	(488:56[0.10999999999999999],490:70[0.2700000000000001],491:179[0.2700000000000001],493:74[0.25000000000000006],494:126[0.08],)	505	-35.74	-351.36374257425757	-10000.0	15	12.358	20	10	(0.07627493075724825,0.11320009165892223,0.13295336192527732,0.12385585990895209,0.05252745142801219,)
21	2699713974218574	11605	5	(488:30[0.11999999999999998],490:169[0.2800000000000001],491:41[0.26000000000000006],493:33[0.26000000000000006],494:232[0.07],)	505	-35.65	-258.73859405940595	-9999.55	15	13.428	21	10	(0.0886371287481056,0.10108799803677565,0.13872066297303146,0.09723326130239895,0.034850907540792384,)
22	2699836681481619	12110	6	(488:90[0.12999999999999998],490:129[0.2700000000000001],491:55[0.2700000000000001],493:113[0.2700000000000001],494:84[0.060000000000000005],495:34[0.15],)	505	-36.4	-218.18330693069305	-9930.73	15	12.224	22	10	(0.10470219815215971,0.08154710141988583,0.14736177025499708,0.09685880863241592,0.0434440690515712,0.05847448466139913,)
23	2700054104886771	12628	5	(490:36[0.26000000000000006],491:86[0.2800000000000001],493:47[0.26000000000000006],494:181[0.05],495:156[0.16],)	506	-35.28	-347.5320553359684	-9979.73	15	14.792	23	10	(0.10748658970972673,0.11123029919584247,0.10428046369400845,0.028822887595791827,0.04745498785476941,)
24	2700273711511683	13133	5	(490:50[0.2700000000000001],491:56[0.2900000000000001],493:204[0.2700000000000001],494:55[0.04],495:140[0.15],)	505	-35.4	-260.3513861386139	-10000.0	15	13.618	23	10	(0.05892008800785826,0.09375456294905293,0.10792837499060738,0.025372701731613313,0.051982164528575216,)
25	2700461484369725	13638	5	(490:34[0.2800000000000001],491:83[0.3000000000000001],493:39[0.26000000000000006],494:167[0.05],495:182[0.13999999999999999],)	505	-33.86	-245.7071485148514	-10000.0	15	15.224	23	10	(0.08393105555599091,0.10328944224812703,0.11591206934041844,0.030152448716643788,0.04715740603162339,)
26	2700641625843992	14143	5	(490:24[0.2900000000000001],491:94[0.3100000000000001],493:149[0.2700000000000001],494:87[0.04],495:151[0.12999999999999998],)	505	-34.15	-311.91106930693076	-9998.09	16	14.292	23	10	(0.148107631557001,0.1488798983785615,0.09825542441989299,0.03050113260024231,0.09593614311063509,)
27	2700817123685070	14658	4	(491:37[0.3200000000000001],493:202[0.26000000000000006],494:94[0.05],495:172[0.11999999999999998],)	505	-34.3	-294.9675643564355	-10000.0	17	14.274	23	10	(0.10267079906880401,0.10175589157328598,0.04222826635418466,0.0685435168771257,)
28	2701018250937938	15162	5	(491:163[0.3300000000000001],493:60[0.25000000000000006],494:193[0.060000000000000005],495:66[0.10999999999999999],496:22[0.15],)	504	-35.03	-338.08839285714294	-10000.0	17	14.55	23	10	(0.09700619220938111,0.15608777645993366,0.03785722220428956,0.06304470626411425,0.07006714712430509,)
29	2701253581078639	15667	5	(491:94[0.3200000000000001],493:93[0.26000000000000006],494:123[0.05],495:55[0.11999999999999998],496:140[0.16],)	505	-35.99	-372.50641584158416	-10000.0	17	14.964	22	10	(0.15826466374238282,0.14296693904056987,0.03890080319509923,0.06968903959113239,0.0762094298294889,)
30	2701382300768016	16172	5	(491:54[0.3300000000000001],493:123[0.2700000000000001],494:128[0.04],495:21[0.12999999999999998],496:179[0.15],)	505	-35.86	-196.5104554455446	-9925.94	13	15.088	22	10	(0.14661385554662737,0.14193698038737906,0.022756312874201396,0.04226270760797233,0.05792970666675348,)
31	2701504078157600	16688	4	(491:36[0.34000000000000014],493:67[0.26000000000000006],495:204[0.13999999999999999],496:198[0.13999999999999999],)	505	-35.35	-207.59122772277223	-9994.81	13	14.596	22	10	(0.14518227695225144,0.10796246998439056,0.05465040622839945,0.06118031444841724,)
32	2701767775304791	17192	4	(491:38[0.35000000000000014],493:77[0.2700000000000001],495:234[0.12999999999999998],496:155[0.12999999999999998],)	504	-34.73	-440.40803571428575	-9973.95	15	14.53	22	10	(0.13964685078791142,0.14913806742911806,0.07398231999483366,0.08457917174061426,)
33	2701889286211606	17696	4	(491:146[0.36000000000000015],493:145[0.2800000000000001],495:43[0.11999999999999998],496:170[0.11999999999999998],)	504	-35.61	-197.31843253968262	-9902.02	14	14.154	22	10	(0.11823512439701311,0.13885028823846024,0.08854554360319065,0.0849819795970688,)
34	2702157598833714	18200	4	(491:57[0.35000000000000014],493:35[0.2700000000000001],495:215[0.12999999999999998],496:197[0.10999999999999999],)	504	-34.44	-430.9737103174603	-10000.0	16	15.4	23	10	(0.1724831453318151,0.17551452084102945,0.06525653239654529,0.07740842166610844,)
35	2702522716033211	18704	4	(491:152[0.36000000000000015],493:184[0.2800000000000001],495:99[0.11999999999999998],496:69[0.09999999999999999],)	504	-33.08	-637.3848214285714	-10000.0	17	14.648	21	10	(0.05160546558751853,0.1584170334087103,0.07099272415219783,0.06589729592624793,)
36	2703126161061711	19208	4	(491:267[0.35000000000000014],493:88[0.2700000000000001],495:35[0.12999999999999998],496:114[0.10999999999999999],)	504	-33.99	-926.9116071428572	-10000.0	15	15.512	22	10	(0.029867482168395038,0.13699035619059272,0.06636254888044138,0.06570777569343043,)
37	2703860938657737	19712	4	(491:379[0.34000000000000014],493:16[0.2800000000000001],495:61[0.13999999999999999],496:48[0.11999999999999998],)	504	-33.87	-1138.0736309523809	-10000.0	15	16.328	22	10	(0.028040483486878882,0.15827611255309915,0.08866272763981413,0.062583539700745,)
38	2704456377226790	20216	4	(491:421[0.3300000000000001],493:21[0.2900000000000001],495:21[0.15],496:41[0.12999999999999998],)	504	-33.92	-912.6378571428581	-10000.0	16	16.254	21	10	(0.031284406984581445,0.1867693520237014,0.039254251917398585,0.058643316052278266,)
39	2704987013434714	20720	4	(491:336[0.3200000000000001],493:23[0.3000000000000001],495:71[0.16],496:74[0.13999999999999999],)	504	-33.92	-792.1932341269836	-10000.0	18	16.744	22	10	(0.03161164555923883,0.0825129900054006,0.04268634125315755,0.03565908856992822,)
40	2705349405154573	21224	4	(491:269[0.3100000000000001],493:19[0.3100000000000001],495:128[0.17],496:88[0.15],)	504	-33.58	-558.7457936507935	-10000.0	17	17.232	22	11	(0.03390521307155507,0.0793083353898822,0.044829748608654504,0.035222242917331434,)
41	2705799228686957	21728	4	(491:304[0.3000000000000001],493:23[0.3200000000000001],495:58[0.16],496:119[0.16],)	504	-32.39	-676.6400396825396	-10000.0	17	17.112	22	11	(0.044038066398993644,0.07128894040655787,0.05755960662356054,0.034624253324604344,)
42	2706239750424526	22232	4	(491:220[0.2900000000000001],493:17[0.3300000000000001],495:211[0.17],496:56[0.17],)	504	-31.78	-633.1978571428572	-10000.0	19	17.604	23	11	(0.03808075452669539,0.07960435611631411,0.04801478723521678,0.032837192503590344,)
43	2706876779178041	22736	4	(491:375[0.2800000000000001],493:22[0.34000000000000014],495:74[0.16],496:33[0.18000000000000002],)	504	-33.24	-925.242281746031	-10000.0	22	16.956	24	11	(0.04597993703712086,0.0682073674080036,0.07056006557197887,0.04359581263072686,)
44	2707221399903484	23240	4	(491:260[0.2700000000000001],493:16[0.35000000000000014],495:213[0.17],496:15[0.19000000000000003],)	504	-33.09	-480.44724206349207	-10000.0	16	17.662	24	11	(0.04876710071249721,0.07011418883405683,0.04402964250952391,0.03990047488366102,)
45	2707588426548935	23744	4	(491:290[0.26000000000000006],493:28[0.36000000000000015],495:113[0.16],496:73[0.20000000000000004],)	504	-32.88	-544.1208333333335	-10000.0	19	17.82	24	10	(0.05103909182580013,0.06834670190507325,0.0404972193574321,0.01955830064525466,)
46	2708194322834860	24248	4	(491:297[0.25000000000000006],493:27[0.37000000000000016],495:142[0.17],496:38[0.21000000000000005],)	504	-31.88	-930.6581944444443	-10000.0	22	17.54	24	11	(0.04706510355477128,0.0515762731785296,0.04532111518975118,0.018863738788218464,)
47	2708574539310648	24752	4	(491:266[0.24000000000000005],493:92[0.38000000000000017],495:122[0.16],496:24[0.22000000000000006],)	504	-33.22	-593.1184126984127	-10000.0	19	16.986	24	10	(0.058558739000966135,0.06315404190963264,0.04780247953688873,0.018864210682001527,)
48	2709028397799178	25256	4	(491:258[0.23000000000000004],493:120[0.3900000000000002],495:106[0.17],496:20[0.23000000000000007],)	504	-33.24	-702.296765873016	-10000.0	20	16.838	25	10	(0.05085271426005509,0.06690702518712954,0.031765869766645444,0.023538535072216114,)
49	2709311250463041	25760	4	(491:314[0.22000000000000003],493:53[0.4000000000000002],495:82[0.18000000000000002],496:55[0.24000000000000007],)	504	-32.46	-430.64761904761906	-10000.0	14	17.36	25	11	(0.0678645865006722,0.06538657241568083,0.06449315005151399,0.07016882414840298,)
50	2709865433688614	26264	4	(491:119[0.21000000000000002],493:19[0.4100000000000002],495:223[0.19000000000000003],496:143[0.25000000000000006],)	504	-32.28	-702.4927976190473	-10000.0	20	19.234	25	12	(0.054264986511597724,0.08890549772565683,0.05480682504585369,0.04682413886383499,)
51	2710382870926146	26782	3	(491:318[0.22000000000000003],495:86[0.18000000000000002],496:100[0.24000000000000005],)	504	-33.23	-777.423035714286	-10000.0	24	18.256	25	12	(0.0454888267157512,0.05946960474185434,0.054439291199392635,)
52	2710886217136675	27285	3	(491:239[0.21000000000000002],495:48[0.19000000000000003],496:216[0.25000000000000006],)	503	-33.06	-696.7560834990063	-10000.0	17	18.874	26	12	(0.04366762699322911,0.06586103954288373,0.03854532881732145,)
53	2711260361076145	27788	3	(491:307[0.2],495:83[0.20000000000000004],496:113[0.24000000000000005],)	503	-33.75	-468.38073558648125	-10000.0	19	19.186	25	11	(0.07117383492198813,0.053530281705690914,0.06423146577430719,)
54	2711705043736411	28291	3	(491:312[0.19],495:31[0.21000000000000005],496:160[0.25000000000000006],)	503	-32.57	-551.472445328032	-10000.0	18	19.27	26	12	(0.05596446744409439,0.05879202479325147,0.05397000157287811,)
55	2712146673206694	28794	3	(491:155[0.18],495:245[0.22000000000000006],496:103[0.26000000000000006],)	503	-31.77	-531.237495029821	-10000.0	25	20.474	27	14	(0.07477238607892937,0.07450647788640746,0.05726637326778309,)
56	2712627606748989	29297	3	(491:195[0.19],495:78[0.21000000000000005],496:230[0.2700000000000001],)	503	-32.78	-638.3391848906559	-10000.0	16	19.504	28	14	(0.06478456864205269,0.05035124409451055,0.061226988353944856,)
57	2713230191716348	29800	3	(491:226[0.18],495:53[0.22000000000000006],496:224[0.26000000000000006],)	503	-31.66	-758.9434990059638	-10000.0	17	19.444	29	14	(0.06860881083941688,0.07009528619005952,0.058832066959332366,)
58	2713886641327546	30303	3	(491:355[0.16999999999999998],495:103[0.23000000000000007],496:45[0.25000000000000006],)	503	-32.06	-794.7570576540757	-10000.0	26	20.842	28	13	(0.08685483437913635,0.06193984554740144,0.045641313478212986,)
59	2714391993281735	30806	3	(491:59[0.15999999999999998],495:239[0.24000000000000007],496:205[0.26000000000000006],)	503	-33.09	-681.1809145129225	-10000.0	25	18.764	28	12	(0.08255562804491125,0.07741276942714086,0.04983573127963567,)
60	2715030624434320	31309	3	(491:45[0.16999999999999998],495:144[0.23000000000000007],496:314[0.25000000000000006],)	503	-33.52	-894.968409542744	-10000.0	18	18.834	27	12	(0.07616289761557153,0.06206838459637714,0.05761589922002274,)
61	2715502635593228	31812	3	(491:119[0.18],495:220[0.24000000000000007],496:164[0.24000000000000005],)	503	-31.96	-636.5125447316102	-10000.0	23	20.042	28	14	(0.04231255906755612,0.061319830625787844,0.04336886140249436,)
62	2715826669073122	32315	3	(491:51[0.19],495:153[0.23000000000000007],496:299[0.25000000000000006],)	503	-33.04	-447.84011928429436	-10000.0	17	19.334	28	14	(0.05141793312884509,0.052201260402724915,0.04782922755587003,)
63	2716338428627507	32818	3	(491:31[0.2],495:206[0.24000000000000007],496:266[0.24000000000000005],)	503	-32.81	-639.3941351888669	-10000.0	17	19.264	28	14	(0.06425057583610039,0.058083050714079265,0.06019630290361282,)
64	2716811275344425	33321	3	(491:105[0.21000000000000002],495:167[0.23000000000000007],496:231[0.23000000000000004],)	503	-33.44	-599.211630218688	-10000.0	19	19.52	28	13	(0.07109548313642347,0.06937759548483702,0.05866526317451576,)
65	2717338186406340	33824	3	(491:165[0.22000000000000003],495:76[0.22000000000000006],496:262[0.22000000000000003],)	503	-33.0	-583.0423459244533	-10000.0	22	20.33	29	14	(0.06046445082849053,0.06172694131874502,0.04527811454000642,)
66	2717879485510284	34327	3	(491:252[0.23000000000000004],495:76[0.23000000000000007],496:175[0.21000000000000002],)	503	-32.99	-660.9538767395625	-10000.0	24	20.434	28	14	(0.07076148892860407,0.06326349497419485,0.05732607958431368,)
67	2718619546806107	34830	3	(491:79[0.22000000000000003],495:318[0.24000000000000007],496:106[0.2],)	503	-32.85	-939.4660238568584	-10000.0	18	19.468	28	13	(0.05066364729416054,0.058294347002390584,0.05099184173290619,)
68	2719209988747112	35333	3	(491:91[0.23000000000000004],495:318[0.23000000000000007],496:94[0.21000000000000002],)	503	-32.56	-744.2043538767396	-10000.0	24	19.764	28	13	(0.05267362932812775,0.06299605269726564,0.05569942381518552,)
69	2719642293029320	35836	3	(491:161[0.24000000000000005],495:187[0.22000000000000006],496:155[0.22000000000000003],)	503	-32.02	-574.565745526839	-10000.0	22	19.596	28	13	(0.05442076137853051,0.05993008028952491,0.06000172755848787,)
70	2720175258059348	36339	3	(491:62[0.25000000000000006],495:137[0.21000000000000005],496:304[0.23000000000000004],)	503	-33.47	-672.1207355864813	-10000.0	20	19.682	28	15	(0.06614707307452325,0.051550616680945925,0.08430950444171463,)
71	2720667763976853	36842	3	(491:159[0.26000000000000006],495:97[0.22000000000000006],496:247[0.22000000000000003],)	503	-32.39	-626.8832007952286	-10000.0	18	20.042	29	14	(0.07015361633577795,0.0681390268058319,0.07626582185380426,)
72	2721233586541996	37345	3	(491:106[0.2700000000000001],495:177[0.23000000000000007],496:220[0.21000000000000002],)	503	-32.31	-726.5746123260438	-10000.0	23	20.012	26	15	(0.06751594318917847,0.06300186561937646,0.05986395727988432,)
73	2721801706376103	37848	3	(491:241[0.2800000000000001],495:149[0.22000000000000006],496:113[0.2],)	503	-32.81	-692.4202982107356	-10000.0	22	20.03	26	14	(0.04694402486208128,0.07441742283188113,0.046019426989652015,)
74	2722303309926244	38351	3	(491:193[0.2700000000000001],495:216[0.23000000000000007],496:94[0.21000000000000002],)	503	-32.21	-636.773777335984	-10000.0	20	20.278	27	14	(0.055391092751127594,0.06286234939036543,0.045499877580743954,)
75	2722964269050170	38854	3	(491:76[0.26000000000000006],495:178[0.22000000000000006],496:249[0.22000000000000003],)	503	-31.78	-837.9533598409539	-10000.0	19	20.208	27	13	(0.056614212990575875,0.07497343367123922,0.05006328407937601,)
76	2723597465083033	39357	3	(491:96[0.2700000000000001],495:205[0.21000000000000005],496:202[0.21000000000000002],)	503	-31.64	-763.514015904573	-10000.0	19	20.114	25	14	(0.06129970406798244,0.0721468336899372,0.06368998747962974,)
77	2724274985523789	39860	3	(491:415[0.2800000000000001],495:33[0.20000000000000004],496:55[0.2],)	503	-32.07	-855.6204771371769	-10000.0	16	19.9	26	13	(0.06969392242358953,0.087586880717466,0.07305564435536983,)
78	2724756032967047	40363	3	(491:149[0.2700000000000001],495:110[0.21000000000000005],496:244[0.21000000000000002],)	503	-32.18	-573.725129224652	-10000.0	21	20.4	27	14	(0.07230184354743309,0.06444166064432467,0.06720379175833113,)
79	2725247867698083	40866	3	(491:200[0.2800000000000001],495:147[0.22000000000000006],496:156[0.2],)	503	-31.76	-578.6678330019882	-10000.0	19	20.532	26	13	(0.05233394985773207,0.05010413972666511,0.06302917096399514,)
80	2725799002693067	41369	3	(491:170[0.2700000000000001],495:172[0.23000000000000007],496:161[0.21000000000000002],)	503	-31.35	-694.2705367793242	-10000.0	20	20.634	26	12	(0.07137620919422523,0.06986762598403155,0.07703931501898142,)
81	2726192664787394	41872	3	(491:186[0.26000000000000006],495:205[0.22000000000000006],496:112[0.22000000000000003],)	503	-32.05	-514.3905367793241	-10000.0	20	20.06	27	13	(0.08679522072360234,0.08538305522962147,0.08889195501365742,)
82	2726808851272965	42375	3	(491:238[0.25000000000000006],495:225[0.21000000000000005],496:40[0.23000000000000004],)	503	-33.13	-774.0248310139167	-10000.0	18	20.322	26	14	(0.06793535530217241,0.05810229242147064,0.07759231680828649,)
83	2727474397856057	42878	3	(491:270[0.24000000000000005],495:179[0.20000000000000004],496:54[0.24000000000000005],)	503	-32.5	-815.1712723658051	-10000.0	21	20.562	26	14	(0.07704581422555262,0.07352483292342643,0.08344150189505584,)
84	2728072093728275	43381	3	(491:81[0.23000000000000004],495:181[0.19000000000000003],496:241[0.25000000000000006],)	503	-31.9	-687.5951689860831	-10000.0	17	20.786	26	13	(0.0786372689331061,0.09283956426023073,0.07882202791792911,)
85	2728661635906264	43884	3	(491:204[0.24000000000000005],495:237[0.18000000000000002],496:62[0.24000000000000005],)	503	-32.59	-719.4292842942343	-10000.0	18	21.17	27	14	(0.07781546129746199,0.0784266411728429,0.08379220746375145,)
86	2729188517905872	44387	3	(491:99[0.23000000000000004],495:74[0.17],496:330[0.25000000000000006],)	503	-32.78	-630.4325248508948	-10000.0	24	20.958	27	14	(0.07329135173557386,0.07931489514572307,0.0635903878788707,)
87	2729774871938655	44890	3	(491:301[0.24000000000000005],495:80[0.18000000000000002],496:122[0.24000000000000005],)	503	-32.47	-722.4096023856854	-10000.0	21	20.948	27	14	(0.0732378317400602,0.03941687837840084,0.08062921998478942,)
88	2730402933976136	45393	3	(491:131[0.23000000000000004],495:136[0.19000000000000003],496:236[0.25000000000000006],)	503	-32.76	-804.8487276341947	-10000.0	21	21.1	27	15	(0.05501479940968914,0.059035830091569624,0.06109021246511724,)
89	2730886558205905	45896	3	(491:238[0.24000000000000005],495:73[0.20000000000000004],496:192[0.24000000000000005],)	503	-30.56	-578.1144333996023	-10000.0	17	21.048	26	15	(0.05439637246467081,0.04405677023876591,0.06078979951130604,)
90	2731485020885349	46399	3	(491:216[0.23000000000000004],495:220[0.21000000000000005],496:67[0.23000000000000004],)	503	-31.97	-714.5721073558651	-10000.0	24	21.428	27	15	(0.05996647947674908,0.07464121679672035,0.08725791244187087,)
91	2731944518886921	46902	3	(491:193[0.22000000000000003],495:105[0.20000000000000004],496:205[0.24000000000000005],)	503	-32.27	-567.0757852882704	-10000.0	16	20.904	28	15	(0.09142951401218734,0.08430014910547141,0.06573330801780106,)
92	2732561209376094	47405	3	(491:59[0.21000000000000002],495:196[0.21000000000000005],496:248[0.23000000000000004],)	503	-32.52	-760.6522266401593	-10000.0	20	21.146	28	16	(0.06975317494691825,0.07867884223243927,0.06366218238439077,)
93	2733123527139322	47908	3	(491:263[0.22000000000000003],495:123[0.20000000000000004],496:117[0.22000000000000003],)	503	-31.72	-688.8098011928431	-10000.0	19	21.38	28	15	(0.07730954321208686,0.08677549905606172,0.08735103173831768,)
94	2733733805864813	48411	3	(491:161[0.21000000000000002],495:217[0.21000000000000005],496:125[0.23000000000000004],)	503	-32.04	-749.5672962226639	-10000.0	24	21.712	28	15	(0.08300754737907705,0.0871288841791584,0.08388423771200984,)
95	2734328434955440	48914	3	(491:174[0.22000000000000003],495:109[0.20000000000000004],496:220[0.24000000000000005],)	503	-30.87	-696.9709145129225	-10000.0	19	21.394	29	15	(0.07680061558842698,0.06528825848532409,0.06399399272205987,)
96	2734907255533165	49417	3	(491:89[0.21000000000000002],495:242[0.21000000000000005],496:172[0.23000000000000004],)	503	-31.68	-687.637713717694	-10000.0	22	21.524	30	14	(0.07658386873761072,0.07734203727900349,0.055208021243579916,)
97	2735478877896982	49920	3	(491:185[0.22000000000000003],495:167[0.20000000000000004],496:151[0.22000000000000003],)	503	-31.55	-709.1191053677932	-10000.0	21	21.192	31	15	(0.08369408576798529,0.07323828271355208,0.0661864578677373,)
98	2735918309102094	50423	3	(491:72[0.21000000000000002],495:255[0.19000000000000003],496:176[0.23000000000000004],)	503	-30.81	-512.0013916500994	-10000.0	21	21.128	27	15	(0.07317333580910243,0.05956362301698954,0.07919585783470622,)
99	2736378466185181	50926	3	(491:247[0.22000000000000003],495:173[0.18000000000000002],496:83[0.22000000000000003],)	503	-32.88	-525.9935387673955	-9937.08	20	20.738	27	15	(0.08211928906720135,0.08594062976804878,0.08141720832585791,)
100	2736893241444502	51429	3	(491:217[0.21000000000000002],495:232[0.17],496:54[0.23000000000000004],)	503	-31.7	-609.1822465208749	-9998.74	18	20.734	27	15	(0.0614385392133368,0.0868629487110929,0.08508458702334319,)
101	2737404328369272	51932	3	(491:188[0.2],495:296[0.16],496:19[0.24000000000000005],)	503	-30.66	-623.9962425447319	-10000.0	18	20.556	28	14	(0.06880935503134739,0.06589190223066174,0.05762511843521163,)
102	2737870761503184	52435	3	(491:264[0.19],495:136[0.15],496:103[0.25000000000000006],)	503	-32.48	-567.1272365805169	-10000.0	22	20.556	29	14	(0.06873371607724625,0.07741317913117193,0.09152095965458108,)
103	2738340751955902	52938	3	(491:114[0.18],495:197[0.16],496:192[0.26000000000000006],)	503	-30.86	-597.2454274353872	-10000.0	22	20.7	29	15	(0.08570367265620212,0.07768033908505861,0.07774395124968905,)
104	2738969728395499	53441	3	(491:43[0.19],495:66[0.15],496:394[0.25000000000000006],)	503	-30.97	-799.8849900596416	-10000.0	20	20.832	29	15	(0.06830157242160753,0.06341180824212718,0.06763607047388127,)
105	2739558259934991	53944	3	(491:28[0.2],495:339[0.16],496:136[0.24000000000000005],)	503	-30.82	-668.12986083499	-10000.0	16	21.24	30	15	(0.08101793743874645,0.05915731697555613,0.07529930132329965,)
106	2740037234871379	54447	3	(491:88[0.21000000000000002],495:355[0.15],496:60[0.25000000000000006],)	503	-30.92	-617.4504970178923	-10000.0	20	20.376	29	14	(0.07063235113109072,0.06718295525901105,0.09340136711120556,)
107	2740312879418346	54950	3	(491:124[0.22000000000000003],495:186[0.13999999999999999],496:193[0.26000000000000006],)	503	-30.7	-323.6377932405567	-10000.0	24	19.842	27	15	(0.04162069412833107,0.061263915800998756,0.05115742002331059,)
108	2740926708150796	55453	3	(491:93[0.23000000000000004],495:191[0.12999999999999998],496:219[0.25000000000000006],)	503	-31.9	-802.230059642147	-10000.0	17	20.176	28	15	(0.042733598469200315,0.06962548565417372,0.06439883385413352,)
109	2741574767965785	55956	3	(491:147[0.24000000000000005],495:171[0.11999999999999998],496:185[0.24000000000000005],)	503	-31.53	-864.1205367793239	-10000.0	22	20.024	29	15	(0.03749560841620195,0.0650800640447556,0.038914242391799886,)
110	2742064781910970	56459	3	(491:120[0.25000000000000006],495:103[0.10999999999999999],496:280[0.23000000000000004],)	503	-31.28	-598.8830019880717	-10000.0	17	20.332	30	14	(0.08424682166800442,0.07439622304539709,0.06540562497408822,)
111	2742697703618593	56962	3	(491:138[0.26000000000000006],495:234[0.11999999999999998],496:131[0.22000000000000003],)	503	-31.24	-784.539741550696	-10000.0	20	20.348	31	13	(0.05274992246804665,0.06105976906944827,0.05726804071668198,)
112	2743297901749727	57465	3	(491:122[0.2700000000000001],495:202[0.10999999999999999],496:179[0.23000000000000004],)	503	-30.6	-764.3221272365809	-10000.0	21	20.394	31	14	(0.037487565710476435,0.06211421835848016,0.05270037146719579,)
113	2743798076318978	57968	3	(491:114[0.2800000000000001],495:165[0.09999999999999999],496:224[0.22000000000000003],)	503	-31.35	-621.191411530815	-10000.0	18	20.682	31	14	(0.044769868785906365,0.05834704313802082,0.06262886479774761,)
114	2744370593188240	58471	3	(491:132[0.2900000000000001],495:143[0.10999999999999999],496:228[0.21000000000000002],)	503	-31.38	-731.8688469184893	-10000.0	18	20.984	32	14	(0.07546242895553423,0.08285705802735252,0.05387414891683479,)
115	2744864037002267	58974	3	(491:164[0.3000000000000001],495:119[0.11999999999999998],496:220[0.2],)	503	-31.35	-605.3516699801195	-10000.0	20	21.274	33	14	(0.0460540221077899,0.06725971448749693,0.053668128709719654,)
116	2745278606164270	59477	3	(491:162[0.3100000000000001],495:182[0.12999999999999998],496:159[0.19],)	503	-32.21	-523.2303180914514	-10000.0	20	21.38	33	13	(0.06889993782408974,0.06795146523233986,0.047435568672588385,)
117	2745776748721753	59980	3	(491:108[0.3200000000000001],495:215[0.11999999999999998],496:180[0.2],)	503	-31.79	-670.9454671968188	-10000.0	19	21.782	33	14	(0.06307676002233269,0.0640945996412364,0.07335574664141412,)
118	2746432981059700	60483	3	(491:95[0.3300000000000001],495:146[0.10999999999999999],496:262[0.19],)	503	-31.08	-863.6666600397615	-10000.0	23	21.536	32	13	(0.059849678424658846,0.06225717843876535,0.05157706541508153,)
119	2747134346377649	60986	3	(491:218[0.34000000000000014],495:29[0.11999999999999998],496:256[0.18],)	503	-31.14	-876.6893041749505	-10000.0	21	20.886	29	13	(0.05040516006129023,0.07467100002611715,0.05960549159330232,)
120	2747688470852233	61489	3	(491:194[0.3300000000000001],495:90[0.12999999999999998],496:219[0.16999999999999998],)	503	-31.38	-696.120536779324	-10000.0	22	21.148	30	12	(0.055650162604325544,0.05278120563642519,0.04362983980625251,)
121	2748266645360487	61992	3	(491:78[0.3200000000000001],495:141[0.13999999999999999],496:284[0.15999999999999998],)	503	-31.39	-674.751630218688	-10000.0	22	21.65	30	13	(0.06546417892975748,0.053797523480245114,0.03803789637592548,)
122	2748859821749314	62495	3	(491:185[0.3300000000000001],495:149[0.15],496:169[0.14999999999999997],)	503	-32.31	-743.1733200795225	-10000.0	24	22.254	31	12	(0.07620190556775053,0.07847822262020997,0.046176298968558877,)
123	2749693599064989	62998	3	(491:19[0.3200000000000001],495:303[0.16],496:181[0.13999999999999996],)	503	-31.63	-972.2057654075546	-10000.0	25	22.44	31	14	(0.06999131153665383,0.04817815734525144,0.04273318538290884,)
124	2750255013704617	63501	3	(491:58[0.3300000000000001],495:211[0.15],496:234[0.12999999999999995],)	503	-29.96	-703.9068588469186	-10000.0	23	22.358	31	13	(0.06339039046043386,0.05395115418681214,0.047792123748527884,)
125	2750668636801872	64004	3	(491:54[0.34000000000000014],495:283[0.13999999999999999],496:166[0.11999999999999995],)	503	-31.56	-480.9153081510935	-10000.0	23	22.246	32	14	(0.037337623213099955,0.05202724733377547,0.049335159291991594,)
126	2751410838456886	64507	3	(491:285[0.35000000000000014],495:35[0.12999999999999998],496:183[0.10999999999999996],)	503	-31.52	-840.6964612326041	-10000.0	18	21.604	32	15	(0.06062926767772193,0.053712142955984796,0.04553269512274022,)
127	2752116214613734	65010	3	(491:229[0.34000000000000014],495:42[0.13999999999999999],496:232[0.09999999999999996],)	503	-31.84	-828.9447514910537	-10000.0	22	21.84	29	15	(0.062427044474523595,0.06585011707427223,0.040752427000626805,)
128	2752624452978741	65513	3	(491:149[0.3300000000000001],495:160[0.15],496:194[0.08999999999999997],)	503	-31.5	-575.6597017892645	-10000.0	18	21.608	30	15	(0.06500383429590996,0.04666004482810754,0.050346073666972725,)
129	2753055238277133	66016	3	(491:189[0.34000000000000014],495:73[0.16],496:241[0.07999999999999997],)	503	-30.2	-496.6912326043738	-10000.0	20	22.12	31	14	(0.05266565614838147,0.0495061940773516,0.03764842074362987,)
130	2753498348558107	66519	3	(491:185[0.3300000000000001],495:118[0.17],496:200[0.06999999999999998],)	503	-31.18	-477.3768389662026	-10000.0	22	22.32	32	14	(0.07212808633861162,0.0651253877448346,0.04181243534623646,)
131	2753856749304921	67022	3	(491:160[0.3200000000000001],495:175[0.18000000000000002],496:168[0.05999999999999998],)	503	-30.91	-406.08439363817087	-10000.0	23	22.232	32	14	(0.06787982676751216,0.07417504783211482,0.0434547657712104,)
132	2754397176931524	67525	3	(491:43[0.3300000000000001],495:373[0.17],496:87[0.049999999999999975],)	503	-30.64	-593.7684095427436	-10000.0	22	22.282	32	13	(0.06390908247939474,0.05844090167682778,0.03981995557939595,)
133	2754838822077720	68028	3	(491:244[0.34000000000000014],495:162[0.16],496:97[0.05999999999999998],)	503	-32.27	-471.9079920477139	-10000.0	22	22.996	33	14	(0.0715787910963351,0.045825419587245605,0.033186838238916994,)
134	2755391451787724	68531	3	(491:89[0.3300000000000001],495:50[0.17],496:364[0.06999999999999998],)	503	-30.94	-599.284532803181	-10000.0	25	23.152	34	17	(0.0733252937870367,0.03559733775013447,0.040313472503417984,)
135	2756348104238845	69034	3	(491:60[0.34000000000000014],495:366[0.18000000000000002],496:77[0.05999999999999998],)	503	-30.52	-1229.9380318091448	-10000.0	21	22.22	33	16	(0.06614838077583257,0.04758795593424113,0.04624626813396397,)
136	2757130160211846	69537	3	(491:81[0.35000000000000014],495:366[0.17],496:56[0.06999999999999998],)	503	-30.35	-915.8604373757458	-10000.0	24	22.5	29	18	(0.062354892798087334,0.06463852009384653,0.04118043498543978,)
137	2757629300989113	70040	3	(491:156[0.36000000000000015],495:204[0.16],496:143[0.07999999999999997],)	503	-29.95	-572.3824453280318	-10000.0	20	22.608	29	18	(0.05899759916979971,0.05590115657260753,0.05615851929753981,)
138	2758419032506872	70543	3	(491:90[0.37000000000000016],495:172[0.15],496:241[0.08999999999999997],)	503	-31.15	-844.1565208747514	-10000.0	22	22.96	30	17	(0.06518587813714041,0.05015470312726717,0.04506434362831194,)
139	2759176283712359	71046	3	(491:25[0.38000000000000017],495:194[0.13999999999999999],496:284[0.07999999999999997],)	503	-30.77	-834.3953677932408	-10000.0	24	23.026	30	17	(0.037962298013465234,0.06355864783150836,0.05247419009260212,)
140	2759807714131061	71549	3	(491:226[0.3900000000000002],495:174[0.12999999999999998],496:103[0.06999999999999998],)	503	-30.68	-706.8233200795225	-10000.0	23	22.124	31	17	(0.03605008244968525,0.04616712091254828,0.042643848790802186,)
141	2760435468087452	72052	3	(491:156[0.38000000000000017],495:183[0.11999999999999998],496:164[0.07999999999999997],)	503	-30.99	-726.6935785288275	-10000.0	23	22.35	30	17	(0.06546226132790797,0.0486299432172838,0.05118670024005349,)
142	2760997548647760	72555	3	(491:303[0.3900000000000002],495:49[0.10999999999999999],496:151[0.08999999999999997],)	503	-31.54	-636.3836978131212	-10000.0	20	22.022	30	16	(0.04679097461642976,0.060246991081067826,0.05414773734844577,)
143	2761625101727171	73058	3	(491:193[0.38000000000000017],495:189[0.11999999999999998],496:121[0.09999999999999996],)	503	-30.05	-727.2287077534791	-10000.0	21	22.262	30	16	(0.052199659806391005,0.054669986917685695,0.0544406660511366,)
144	2762337409739688	73561	3	(491:215[0.37000000000000016],495:123[0.10999999999999999],496:165[0.10999999999999996],)	503	-31.4	-827.5072763419481	-10000.0	18	22.132	30	15	(0.07915382273243715,0.04375638689244464,0.06351682095182086,)
145	2762965429554511	74064	3	(491:99[0.36000000000000015],495:308[0.11999999999999998],496:96[0.11999999999999995],)	503	-31.39	-695.8547316103379	-10000.0	23	22.334	29	16	(0.05937347101150189,0.05638685368899056,0.055836772558445415,)
146	2763739187200501	74567	3	(491:245[0.37000000000000016],495:217[0.10999999999999999],496:41[0.12999999999999995],)	503	-32.54	-871.7607753479123	-10000.0	22	22.006	30	15	(0.0507508657744559,0.0611579385887226,0.042890753315914604,)
147	2764325038653424	75070	3	(491:225[0.36000000000000015],495:108[0.09999999999999999],496:170[0.13999999999999996],)	503	-30.94	-676.9779125248509	-10000.0	18	21.592	30	14	(0.0760564950729846,0.06429636096548592,0.08617540679425872,)
148	2765038015390690	75573	3	(491:97[0.35000000000000014],495:203[0.10999999999999999],496:203[0.12999999999999995],)	503	-31.75	-847.7141351888672	-10000.0	22	21.69	29	15	(0.06153284346585194,0.059389091737867654,0.05806734119826183,)
149	2765875162494217	76076	3	(491:294[0.36000000000000015],495:99[0.09999999999999999],496:110[0.11999999999999995],)	503	-31.36	-1031.8302385685886	-10000.0	19	21.386	30	15	(0.055801970342020106,0.07128178448317699,0.061294032935657876,)
