alpha = 0.15
gamma = 1.0
lambda = 0.6
epsilon = 0.3
randomSeed = 111
GREAT!
Xover: 4
---- Evolution parameters ----
Folder name:          NMSarsa_Maze/run_2686829991802255
Random seed:          111
GREAT activated:      true
Max iterations:       150
Population size:      500
GREAT initialization  true
Speciation threshold: 0.15
Species min size:     15
Tournament size:      3
Crossover rate:       0.2
Mutation rate:        0.8
Crossovers:
	AligningCrossover_v4(0.15)
Mutations:
	AddGeneMutation(maxSize=2147483647, prob=0.33)
	DeleteGeneMutation(minSize=10, prob=0.33)
	ChangeGeneMutation(prob=0.33)
------------------------------

---- Starting evolution ----
IT	Nanotime	#Eval	#Species	Species size	PopSize	Best	Avg	Worst	Best GRN Size	Avg GRN size	Max GRN size	Min GRN size	Species avgdist2rep
0	2694202685485801	997	1	(489:499[0.15],)	499	-65.72	-8585.820280561114	-10000.0	13	10.786	14	10	(0.10003081579815573,)
1	2699343524846199	1498	3	(489:457[0.16],490:26[0.15],491:18[0.15],)	501	-63.63	-7068.189221556887	-10000.0	13	11.04	15	10	(0.07181766319356146,0.055499648255966386,0.06108643998381972,)
2	2702672730930220	2014	4	(489:72[0.15],490:131[0.16],491:220[0.16],492:80[0.15],)	503	-56.75	-5528.419662027831	-10000.0	12	11.056	15	10	(0.07982557390828372,0.0723432447422328,0.059889760912906674,0.06622633449578633,)
3	2705824030120776	2518	5	(489:174[0.16],490:89[0.15],491:111[0.15],492:115[0.16],494:15[0.15],)	504	-58.64	-4359.457182539682	-9979.65	11	11.42	15	10	(0.07164153331720298,0.06137031843105747,0.09782896990902722,0.09228948763460029,0.10434726761159552,)
4	2708345027889630	3023	7	(489:99[0.15],490:19[0.16],491:206[0.13999999999999999],492:53[0.15],494:67[0.16],495:21[0.15],496:40[0.15],)	505	-54.81	-4672.600712871288	-10000.0	10	11.738	15	10	(0.07513052658130817,0.08882494379329581,0.053416481779062434,0.060738042209719664,0.07348119850989596,0.05647642660580495,0.09671396353848018,)
5	2710230016171293	3536	6	(489:113[0.13999999999999999],491:216[0.12999999999999998],492:33[0.16],494:53[0.17],495:38[0.16],496:54[0.16],)	507	-53.3	-3694.7927613412226	-10000.0	13	12.194	15	10	(0.0756507238409783,0.06097259578706371,0.08674702483810573,0.04724101713232912,0.08446030517050364,0.07161824386837116,)
6	2711835733235120	4072	6	(489:101[0.12999999999999998],491:120[0.11999999999999998],492:42[0.17],494:202[0.18000000000000002],497:19[0.15],498:22[0.15],)	506	-46.44	-3285.6389920948623	-10000.0	12	12.474	16	10	(0.0769588436774432,0.08575593754730897,0.09155456039227626,0.08249754487468053,0.08383806174364668,0.06227186305406414,)
7	2712865436313663	4579	7	(489:41[0.11999999999999998],491:141[0.10999999999999999],492:39[0.18000000000000002],494:65[0.17],497:142[0.16],498:62[0.16],501:16[0.15],)	506	-46.06	-2128.24023715415	-10000.0	14	12.154	17	10	(0.07725667286828784,0.07152685735237393,0.11115587035744558,0.061669008379916866,0.06867440366180068,0.07935900854327001,0.0834198586824054,)
8	2713336264308602	5086	8	(489:33[0.12999999999999998],491:85[0.09999999999999999],492:64[0.19000000000000003],494:39[0.18000000000000002],497:101[0.15],498:99[0.17],501:53[0.16],503:33[0.15],)	507	-49.47	-1022.6345956607499	-10000.0	11	12.158	17	10	(0.07112722424308925,0.06715544506450488,0.10419726839705688,0.06734406659881878,0.08358536114548187,0.0700614432581066,0.09360365541320026,0.05535819639538936,)
9	2713641842987441	5607	7	(489:53[0.13999999999999999],491:145[0.09],492:81[0.18000000000000002],497:106[0.13999999999999999],498:50[0.16],501:55[0.17],504:18[0.15],)	508	-48.51	-667.8119094488188	-10000.0	14	12.498	17	10	(0.06933640814755171,0.04507764099242991,0.06350857717973223,0.04532253003919647,0.05612635012475261,0.04640203943010396,0.0635273530739609,)
10	2713959453828952	6122	7	(489:84[0.15],491:52[0.08],492:53[0.17],497:72[0.12999999999999998],498:44[0.17],501:16[0.18000000000000002],504:186[0.16],)	507	-49.01	-762.4971597633137	-10000.0	13	12.58	18	10	(0.0723842120638637,0.0583723407249407,0.07419358952751645,0.06118244582569805,0.07709241199760898,0.08741464446077792,0.04457872102366906,)
11	2714370943924920	6653	6	(489:128[0.13999999999999999],492:28[0.18000000000000002],497:58[0.11999999999999998],501:38[0.19000000000000003],504:204[0.15],507:51[0.15],)	507	-48.42	-838.7185601577911	-9998.66	15	13.002	18	10	(0.08513677587337148,0.07985126841461453,0.058041445911398835,0.0890757227256262,0.033973393417982015,0.09193613442295577,)
12	2714905643538487	7173	7	(489:124[0.12999999999999998],492:43[0.19000000000000003],497:18[0.12999999999999998],501:19[0.20000000000000004],504:131[0.13999999999999999],507:147[0.16],510:24[0.15],)	506	-45.23	-1089.0011264822135	-10000.0	14	13.914	19	10	(0.07396280766337643,0.06269180707277738,0.06898395351667269,0.07037417377127318,0.029738149298172898,0.028100171521560868,0.05403131716733464,)
13	2715208863711820	7685	6	(489:45[0.11999999999999998],492:120[0.20000000000000004],501:43[0.21000000000000005],504:162[0.12999999999999998],507:58[0.15],510:79[0.16],)	507	-44.53	-714.9110256410257	-10000.0	18	12.99	19	10	(0.06416669597549651,0.05573619225001899,0.048142488360521596,0.03972684087042711,0.03445147407339815,0.04859790526288191,)
14	2715633318478011	8202	5	(489:101[0.12999999999999998],492:91[0.19000000000000003],504:175[0.11999999999999998],507:71[0.16],510:68[0.17],)	506	-44.92	-1029.5809881422924	-9957.81	15	13.276	19	10	(0.07465437130686058,0.08033297323866465,0.047815619526725625,0.06430031511497607,0.0691048155992736,)
15	2716036868833899	8715	5	(492:74[0.20000000000000004],504:230[0.10999999999999999],507:85[0.17],510:98[0.18000000000000002],511:18[0.15],)	505	-45.13	-927.4536831683171	-10000.0	18	12.702	20	10	(0.07748256407050773,0.05369610475882701,0.07224976445061489,0.03843219365218402,0.11719346633040059,)
16	2716501416461924	9221	5	(492:88[0.21000000000000005],504:57[0.09999999999999999],507:60[0.18000000000000002],510:71[0.19000000000000003],511:229[0.16],)	505	-44.6	-1142.803623762376	-10000.0	15	12.236	21	10	(0.08006578327660831,0.0520074536918701,0.07802595957989372,0.03289473654177319,0.06276315144808324,)
17	2716874026911369	9726	6	(492:76[0.22000000000000006],504:142[0.10999999999999999],507:115[0.19000000000000003],510:79[0.20000000000000004],511:74[0.15],513:19[0.15],)	505	-43.41	-881.2783168316832	-9914.73	13	13.006	22	10	(0.042926971574935135,0.05269671233512928,0.08690452768942694,0.05347587608397615,0.07759165958450714,0.08106192274714015,)
18	2717254779978413	10232	6	(492:48[0.23000000000000007],504:107[0.09999999999999999],507:78[0.18000000000000002],510:102[0.21000000000000005],511:77[0.16],513:94[0.16],)	506	-42.26	-985.5950395256918	-9938.77	14	12.604	23	10	(0.05676856991972876,0.05942886631040132,0.08508616897411765,0.04826155241052232,0.05231340958960625,0.05649981799739891,)
19	2717624920558322	10738	6	(492:61[0.24000000000000007],504:121[0.09],507:50[0.19000000000000003],510:82[0.20000000000000004],511:64[0.17],513:128[0.15],)	506	-42.1	-921.8546442687745	-9932.76	18	12.652	20	10	(0.0793427721119754,0.0523354961146748,0.10272455079972381,0.05530668658833753,0.07304383508180835,0.07549881939678228,)
20	2718152000791818	11250	5	(504:55[0.08],507:86[0.20000000000000004],510:112[0.21000000000000005],511:41[0.18000000000000002],513:212[0.13999999999999999],)	506	-41.75	-1247.8027470355732	-9927.73	13	12.722	19	10	(0.059587140003212746,0.0911483241119948,0.08441111623926377,0.055788835189498384,0.05339184347859421,)
21	2718659850773242	11762	4	(504:225[0.09],507:165[0.21000000000000005],510:95[0.20000000000000004],513:20[0.12999999999999998],)	505	-42.76	-1318.523267326733	-10000.0	17	12.452	20	10	(0.04697603601764597,0.06007130773389304,0.08771782615202024,0.08990629704340994,)
22	2719397188082545	12266	4	(504:95[0.08],507:69[0.20000000000000004],510:82[0.21000000000000005],513:258[0.13999999999999999],)	504	-40.91	-1976.620813492063	-10000.0	16	11.798	20	10	(0.06435175076085024,0.052964911881217595,0.1093293140680574,0.0426926508807282,)
23	2720022111467418	12770	4	(504:90[0.09],507:244[0.21000000000000005],510:86[0.22000000000000006],513:84[0.12999999999999998],)	504	-42.09	-1533.5854563492064	-10000.0	12	12.766	19	10	(0.0674514793437276,0.06791583038594687,0.08875631596773059,0.07227431041039824,)
24	2720458597501301	13274	4	(504:71[0.09999999999999999],507:266[0.20000000000000004],510:112[0.23000000000000007],513:55[0.13999999999999999],)	504	-41.27	-1139.739900793651	-10000.0	12	12.074	20	10	(0.07513983464638867,0.07859936740557028,0.08073146086978754,0.05912729563248176,)
25	2721018164418997	13778	4	(504:103[0.10999999999999999],507:31[0.19000000000000003],510:80[0.24000000000000007],513:290[0.15],)	504	-43.49	-1493.015515873016	-10000.0	14	11.574	21	10	(0.061923142231987915,0.06631176510673992,0.05623724198843024,0.05092516907719049,)
26	2721445986705863	14288	4	(504:97[0.11999999999999998],507:72[0.20000000000000004],510:156[0.25000000000000006],513:179[0.13999999999999999],)	504	-41.34	-1037.51748015873	-9854.29	11	12.544	22	10	(0.07067859356465779,0.07821876125220822,0.08648885622283634,0.07983329171273534,)
27	2721906301469373	14792	4	(504:71[0.12999999999999998],507:189[0.21000000000000005],510:86[0.24000000000000005],513:158[0.12999999999999998],)	504	-41.99	-1080.6570039682542	-9928.95	18	13.548	22	10	(0.08458314880014722,0.06045250655623825,0.08330015860585087,0.07299998174548519,)
28	2722380813965329	15296	4	(504:115[0.13999999999999999],507:300[0.20000000000000004],510:70[0.25000000000000006],513:19[0.11999999999999998],)	504	-43.24	-1150.8274999999999	-10000.0	12	12.896	22	10	(0.06933794306657858,0.07025325500179064,0.08920597481282593,0.07525956158013963,)
29	2723531457873416	15800	5	(504:86[0.15],507:61[0.19000000000000003],510:19[0.26000000000000006],513:303[0.12999999999999998],515:35[0.15],)	504	-42.28	-3268.495138888889	-10000.0	17	11.2	20	10	(0.08394389829896164,0.09277198908203631,0.07648445989600684,0.05985871205659732,0.0669609663890694,)
30	2724105392223341	16305	5	(504:52[0.16],507:87[0.20000000000000004],510:19[0.2700000000000001],513:166[0.11999999999999998],515:181[0.16],)	505	-42.24	-1592.6072475247522	-9999.72	12	11.49	20	10	(0.0850553181151634,0.07307381475006135,0.08198451208739475,0.07618582020704137,0.05521541273006537,)
31	2724509323780375	16810	5	(504:22[0.17],507:83[0.21000000000000005],510:45[0.2800000000000001],513:250[0.10999999999999999],515:105[0.15],)	505	-43.06	-1078.4911485148516	-9984.17	12	12.02	20	10	(0.08813147481361797,0.0765131827056408,0.049157955151169296,0.06381487710438423,0.05310331383783198,)
32	2724971879131664	17315	5	(504:18[0.18000000000000002],507:266[0.22000000000000006],510:91[0.2900000000000001],513:48[0.09999999999999999],515:82[0.13999999999999999],)	505	-43.42	-1197.6115643564353	-9925.64	19	12.526	20	10	(0.060176301174076796,0.07837524697898458,0.0851833541530613,0.04812569322568001,0.07606584434761493,)
33	2725281543064350	17820	5	(504:55[0.19000000000000003],507:67[0.21000000000000005],510:89[0.3000000000000001],513:255[0.10999999999999999],515:39[0.15],)	505	-41.96	-792.5469306930696	-10000.0	12	11.704	20	10	(0.08772582888088205,0.11472838626175297,0.07872071332079807,0.05822143042809006,0.09192430640478827,)
34	2725701051385587	18325	5	(504:94[0.20000000000000004],507:160[0.22000000000000006],510:114[0.3100000000000001],513:24[0.09999999999999999],515:113[0.16],)	505	-41.37	-1059.039366336634	-9923.97	14	12.452	21	10	(0.039542825525214965,0.11168361409489498,0.10783204747362173,0.0749628549585807,0.09127493072060361,)
35	2726131107289997	18830	5	(504:70[0.21000000000000005],507:126[0.21000000000000005],510:35[0.3000000000000001],513:209[0.10999999999999999],515:65[0.15],)	505	-41.34	-1128.0598811881184	-10000.0	12	12.294	20	10	(0.07396975267145481,0.08644472326369948,0.06175639520833199,0.07481113627058343,0.08688038311325051,)
36	2726499751272627	19335	5	(504:122[0.22000000000000006],507:160[0.20000000000000004],510:51[0.3100000000000001],513:32[0.09999999999999999],515:140[0.16],)	505	-42.39	-943.6641782178218	-9923.44	10	12.128	19	10	(0.06304582882473571,0.10288207140980146,0.07903737711561255,0.07274258350889785,0.1056699086938942,)
37	2727032673424313	19863	3	(504:126[0.21000000000000005],513:145[0.10999999999999999],515:234[0.15],)	505	-43.08	-1234.227108910891	-10000.0	12	12.54	20	10	(0.05121339637763811,0.07463822997390694,0.07273029098007285,)
38	2727523544919733	20380	3	(504:136[0.22000000000000006],513:200[0.11999999999999998],515:167[0.13999999999999999],)	503	-43.13	-1165.1482306163018	-10000.0	12	12.616	21	10	(0.07826785494090706,0.07386672700151276,0.07773891148763618,)
39	2728076123660501	20896	5	(504:204[0.23000000000000007],513:44[0.10999999999999999],515:202[0.12999999999999998],520:18[0.15],521:35[0.15],)	503	-42.01	-1356.9949304174947	-10000.0	12	12.838	22	10	(0.07392267942567336,0.08564249748439152,0.09515981620914338,0.07727605268013145,0.07958265636228623,)
40	2728595985424774	21415	5	(504:89[0.22000000000000006],513:53[0.11999999999999998],515:54[0.11999999999999998],520:59[0.16],521:250[0.16],)	505	-42.1	-1245.8908514851487	-10000.0	12	12.94	20	10	(0.1000322905413914,0.09431414838205317,0.07109559940579635,0.07749384019641928,0.07354660083733616,)
41	2729227183075361	21930	5	(504:145[0.23000000000000007],513:65[0.12999999999999998],515:67[0.12999999999999998],520:98[0.17],521:130[0.15],)	505	-42.99	-1729.6596237623764	-9902.98	11	12.044	20	10	(0.06288644483275382,0.07117165857623986,0.07621271483218837,0.08539576867305884,0.07666206028274773,)
42	2729849701427213	22452	6	(504:63[0.22000000000000006],513:49[0.13999999999999999],515:55[0.13999999999999999],520:151[0.18000000000000002],521:126[0.13999999999999999],528:61[0.15],)	505	-41.85	-1543.4549900990103	-9905.93	10	12.042	21	10	(0.07617556325949124,0.08306894256786854,0.09303563825129055,0.08454017647729162,0.08036757116181889,0.06280595643246642,)
43	2730336055467067	22958	6	(504:49[0.23000000000000007],513:52[0.15],515:69[0.15],520:50[0.17],521:79[0.12999999999999998],528:207[0.16],)	506	-42.6	-1242.624584980237	-9955.64	12	12.188	22	10	(0.06309892118207465,0.05222551431449297,0.07113560900677686,0.08313066087403803,0.051484377743964964,0.06161640900075928,)
44	2730748740465641	23475	6	(504:33[0.24000000000000007],513:28[0.16],515:163[0.16],520:108[0.18000000000000002],521:99[0.13999999999999999],528:75[0.15],)	506	-41.62	-1001.743260869565	-9961.22	12	12.52	23	10	(0.08555375764785529,0.10736115793651647,0.08621816869495075,0.08238839123276344,0.0786964350307809,0.06783881634841006,)
45	2731203064390273	23981	6	(504:64[0.25000000000000006],513:53[0.17],515:115[0.15],520:57[0.17],521:80[0.12999999999999998],528:137[0.16],)	506	-41.33	-1155.7798616600787	-9968.14	12	12.556	23	10	(0.09653328828286632,0.0637576219487876,0.08464737388397828,0.09929468079050233,0.07791561055429683,0.06340387847659251,)
46	2731621994124448	24493	6	(504:71[0.26000000000000006],513:100[0.18000000000000002],515:76[0.13999999999999999],520:74[0.18000000000000002],521:87[0.13999999999999999],528:98[0.15],)	506	-42.33	-1100.2745454545454	-9980.66	11	12.54	21	10	(0.07105850239296924,0.08428905256866287,0.07035178467895513,0.0727156345622086,0.08790823547415637,0.06871996467729172,)
47	2732143661598132	24999	6	(504:62[0.2700000000000001],513:58[0.17],515:47[0.15],520:101[0.19000000000000003],521:51[0.12999999999999998],528:187[0.13999999999999999],)	506	-41.31	-1376.4592094861662	-9948.13	13	12.124	20	10	(0.060757571490812824,0.08510749353620385,0.08386077399108136,0.09923371934925788,0.09342671947837917,0.08654724906134538,)
48	2732657360072814	25505	6	(504:41[0.2800000000000001],513:146[0.18000000000000002],515:55[0.16],520:80[0.18000000000000002],521:32[0.13999999999999999],528:152[0.12999999999999998],)	506	-42.4	-1259.5522529644268	-9982.79	12	12.78	21	10	(0.07054032193009933,0.09777115302414928,0.06873901879377392,0.08860902876661267,0.09323280589322272,0.08021971946329565,)
49	2733101371994620	26012	6	(504:43[0.2900000000000001],513:37[0.17],515:55[0.17],520:124[0.19000000000000003],521:192[0.15],528:55[0.11999999999999998],)	506	-41.55	-1161.7765217391309	-10000.0	10	12.406	21	10	(0.06793323315083998,0.0971383107945971,0.06050711478566463,0.10079015722209211,0.06804388745253488,0.08953741858641555,)
50	2733606756759180	26518	6	(504:38[0.3000000000000001],513:109[0.18000000000000002],515:59[0.18000000000000002],520:93[0.18000000000000002],521:130[0.13999999999999999],528:77[0.12999999999999998],)	506	-41.56	-1277.134110671937	-9954.19	14	12.772	22	10	(0.07788278490218267,0.09374502993897824,0.08156944703358229,0.11086272452248257,0.08637796511498531,0.08325063044967093,)
51	2733995333045781	27024	6	(504:65[0.3100000000000001],513:33[0.17],515:65[0.19000000000000003],520:111[0.17],521:87[0.12999999999999998],528:145[0.13999999999999999],)	506	-42.2	-1043.1928260869568	-10000.0	15	12.462	21	10	(0.0739795778286788,0.08846577499900724,0.06536682982985155,0.10213189731096384,0.07214941448335536,0.0688733238215747,)
52	2734471614491955	27530	7	(504:71[0.3200000000000001],513:57[0.18000000000000002],515:148[0.20000000000000004],520:42[0.16],521:44[0.11999999999999998],528:128[0.12999999999999998],533:16[0.15],)	506	-41.8	-1233.904229249012	-10000.0	12	12.086	19	10	(0.09344625345670397,0.1144942353072196,0.07151888259724087,0.09481934913625797,0.05268255474177266,0.08560374869837784,0.10057064152526107,)
53	2734911896194952	28046	6	(504:121[0.3100000000000001],513:144[0.19000000000000003],515:126[0.19000000000000003],520:82[0.17],521:15[0.12999999999999998],528:19[0.11999999999999998],)	507	-41.96	-1155.1077909270216	-9843.13	18	12.266	18	10	(0.07427060138546426,0.10362076343807405,0.07872287979931594,0.12154551632487827,0.07416237997190823,0.10441380582987701,)
54	2735256147752351	28552	6	(504:104[0.3000000000000001],513:80[0.18000000000000002],515:93[0.18000000000000002],520:97[0.18000000000000002],521:37[0.13999999999999999],528:95[0.12999999999999998],)	506	-42.12	-902.5687549407116	-9924.44	10	12.252	18	10	(0.10358981546384352,0.1236277174248426,0.07421057991085256,0.13120606208148083,0.0413284621827331,0.07764004621864665,)
55	2735663946789206	29058	6	(504:97[0.2900000000000001],513:35[0.19000000000000003],515:83[0.17],520:195[0.17],521:64[0.15],528:32[0.11999999999999998],)	506	-40.49	-941.378932806324	-9902.76	12	12.704	19	10	(0.0962142518407144,0.11988951533218928,0.10614171632304652,0.10356831137577743,0.0846793782342322,0.08248727488100156,)
56	2736034040491897	29567	7	(504:44[0.2800000000000001],513:208[0.20000000000000004],515:82[0.16],520:27[0.16],521:21[0.16],528:97[0.12999999999999998],534:27[0.15],)	506	-39.36	-926.105158102767	-9972.63	13	12.064	19	10	(0.0685700757008325,0.09857763689167058,0.08918674676014347,0.09365242849653115,0.0825549305932369,0.09086806707812319,0.09080558387920178,)
57	2736545086664479	30090	5	(504:89[0.2900000000000001],513:59[0.19000000000000003],515:132[0.15],521:69[0.17],534:158[0.16],)	507	-40.59	-1408.9286193293885	-10000.0	11	11.408	19	10	(0.07938561312985673,0.09376628984194435,0.08568288955809791,0.10688575563163398,0.07787494509534001,)
58	2736901237819755	30595	6	(504:92[0.3000000000000001],513:60[0.20000000000000004],515:103[0.13999999999999999],521:79[0.18000000000000002],534:116[0.15],536:55[0.15],)	505	-40.58	-1045.0619603960397	-9952.12	11	11.358	18	10	(0.1132851115220706,0.08985377992322574,0.0802394330519551,0.07629973447131665,0.054264360097869,0.07484710036107534,)
59	2737339964233362	31101	6	(504:140[0.2900000000000001],513:53[0.21000000000000005],515:65[0.12999999999999998],521:49[0.19000000000000003],534:105[0.13999999999999999],536:94[0.16],)	506	-41.99	-1188.6783003952569	-9939.09	12	11.604	18	10	(0.1552187368840724,0.07182487176311646,0.07191561930252759,0.10946047853259482,0.08400676550615735,0.06968368576132045,)
60	2737783717028848	31620	5	(504:142[0.2800000000000001],515:30[0.13999999999999999],521:133[0.20000000000000004],534:72[0.12999999999999998],536:129[0.15],)	506	-41.83	-1195.803359683794	-10000.0	10	11.48	17	10	(0.127451541421575,0.07836132715826323,0.10367688811661414,0.07039627809988797,0.06821322717634908,)
61	2738241051192892	32143	5	(504:59[0.2700000000000001],515:92[0.15],521:104[0.19000000000000003],534:159[0.13999999999999999],536:91[0.13999999999999999],)	505	-41.52	-1200.2613465346535	-10000.0	13	11.486	17	10	(0.09874717800131678,0.09506673652605398,0.12146537304156799,0.05617378308333104,0.08979336035919512,)
62	2738698140899290	32661	6	(504:102[0.2800000000000001],515:87[0.16],521:144[0.18000000000000002],534:98[0.12999999999999998],536:48[0.15],540:26[0.15],)	505	-41.38	-1208.6343366336635	-10000.0	12	11.932	18	10	(0.10383518326083671,0.0833592441231891,0.09421670210832919,0.0772453885314609,0.11036220347802932,0.0848489044820405,)
63	2739065651363654	33195	6	(504:77[0.2700000000000001],515:93[0.15],521:100[0.17],534:46[0.11999999999999998],536:50[0.16],540:140[0.16],)	506	-42.57	-921.4832015810276	-9963.66	11	12.368	18	10	(0.14603543832851068,0.09169433591394273,0.11004838979121502,0.07425157179503343,0.09907277283784761,0.08337753114162369,)
64	2739539287724612	33727	6	(515:87[0.13999999999999999],521:77[0.16],534:119[0.12999999999999998],536:73[0.17],540:71[0.15],545:79[0.15],)	506	-40.92	-1085.5003754940715	-10000.0	14	12.406	18	10	(0.07647758524453543,0.08799407343875815,0.061886860494862264,0.06432830178436685,0.07329713223844597,0.07081920277019728,)
65	2740129676185074	34258	8	(515:35[0.12999999999999998],521:67[0.17],534:103[0.11999999999999998],536:70[0.18000000000000002],540:106[0.16],548:42[0.15],550:29[0.15],551:54[0.15],)	506	-41.85	-1477.6005138339924	-9989.36	12	12.506	18	10	(0.08805076532667952,0.09753301899952753,0.0553243696897164,0.07278814658109686,0.09291409291345092,0.08110918394651621,0.0997665853649293,0.0631967601230432,)
66	2740528460301689	34787	8	(515:94[0.13999999999999999],521:93[0.16],534:59[0.10999999999999999],540:23[0.15],548:104[0.16],550:70[0.16],551:47[0.16],553:18[0.15],)	508	-42.12	-991.8952362204724	-9958.76	11	12.634	19	10	(0.0908905271949989,0.08710350760454694,0.03927284251528347,0.05530137752941409,0.07539762923520663,0.10622384020624202,0.09765596664195454,0.12679890900325377,)
67	2740978293086553	35319	8	(515:68[0.12999999999999998],521:94[0.15],534:37[0.11999999999999998],540:104[0.16],550:81[0.15],551:67[0.17],553:25[0.16],556:32[0.15],)	508	-41.07	-1074.0539173228344	-9886.65	12	13.246	18	10	(0.07737419473464092,0.07119635928490702,0.08451359961415723,0.07788087539955552,0.10009492728076873,0.06363840642817697,0.04586470246456477,0.07859062987093714,)
68	2741437976551454	35848	10	(515:76[0.11999999999999998],521:46[0.13999999999999999],534:119[0.12999999999999998],540:23[0.15],550:29[0.13999999999999999],551:23[0.16],553:48[0.17],556:78[0.16],558:48[0.15],559:18[0.15],)	508	-40.85	-1056.835059055118	-10000.0	12	13.002	18	10	(0.0707094431808189,0.0929334100556078,0.04775224978311345,0.0725752422254273,0.08565291948103063,0.05642846715579661,0.058560477357770375,0.051343365563961796,0.0683048038920412,0.08800829569147225,)
69	2741804791311822	36378	8	(515:102[0.10999999999999999],521:41[0.15],540:52[0.16],550:48[0.15],553:80[0.18000000000000002],556:91[0.15],558:48[0.16],559:48[0.16],)	510	-41.41	-899.2135098039217	-9949.06	11	13.136	19	10	(0.07928553025909742,0.07338518520522025,0.06442102224413052,0.07624644185128523,0.06399558208256106,0.0432267416820886,0.07564521816850732,0.08747249297820732,)
70	2742325475604724	36886	10	(515:123[0.09999999999999999],521:69[0.16],540:38[0.17],550:27[0.16],553:17[0.17],556:91[0.13999999999999999],558:15[0.17],559:46[0.17],564:17[0.15],565:65[0.15],)	508	-41.72	-1390.8983661417326	-10000.0	14	12.918	18	10	(0.06974583311740114,0.10616974739909892,0.0822225407385488,0.08998383635358173,0.05517089554460005,0.043122582768008545,0.08225145524741664,0.09474608166943574,0.06788818734432374,0.09292469009101151,)
71	2742775677670958	37401	9	(515:39[0.09],521:106[0.15],540:127[0.18000000000000002],550:30[0.17],556:35[0.12999999999999998],558:61[0.18000000000000002],559:42[0.18000000000000002],564:47[0.16],565:23[0.13999999999999999],)	510	-40.7	-1121.2986274509803	-9959.41	14	13.058	18	10	(0.07016717642688557,0.08053173369612028,0.04342794161373675,0.07496459411577731,0.07278588251446404,0.08687318856081651,0.09096254509695575,0.06500285396635921,0.07847167371404981,)
72	2743272813849119	37914	8	(515:29[0.09999999999999999],521:44[0.13999999999999999],540:124[0.17],556:38[0.13999999999999999],558:57[0.17],559:74[0.19000000000000003],564:128[0.17],565:15[0.15],)	509	-40.64	-1254.3893516699409	-9980.07	13	12.896	19	10	(0.06428010107231982,0.09713848401212664,0.07558575485758998,0.04821274729281661,0.08817174927247547,0.08307441497901381,0.09380488019494593,0.0493224059044628,)
73	2744550709101146	38433	7	(515:88[0.10999999999999999],521:54[0.15],540:22[0.16],558:28[0.18000000000000002],559:40[0.18000000000000002],564:31[0.16],565:245[0.16],)	508	-40.93	-3391.1418110236214	-9954.96	14	12.3	20	10	(0.06678611797557511,0.09182306185747773,0.05854917420401796,0.1219412187251506,0.0774572124958956,0.09481222853417673,0.02334483226964205,)
74	2745363894863867	38940	7	(515:59[0.09999999999999999],521:42[0.16],540:140[0.17],558:32[0.19000000000000003],559:36[0.19000000000000003],564:57[0.17],565:141[0.15],)	507	-41.83	-2072.5430374753455	-9971.65	12	12.106	16	10	(0.07337227570437008,0.09177316794970776,0.07183293939501856,0.10015724374967075,0.0954307054609537,0.11084470285457589,0.06140530482091761,)
75	2746014620518762	39461	6	(515:29[0.10999999999999999],521:64[0.17],540:51[0.16],559:60[0.20000000000000004],564:65[0.18000000000000002],565:238[0.13999999999999999],)	507	-40.97	-1672.2480276134124	-9980.72	12	11.968	16	10	(0.054965556143805334,0.0724214103808032,0.07955772190687806,0.08004688275240791,0.0658272856875913,0.05542176436161713,)
76	2746383793851267	39978	5	(515:69[0.11999999999999998],521:103[0.18000000000000002],540:230[0.17],559:59[0.21000000000000005],565:45[0.12999999999999998],)	506	-41.66	-996.8976284584978	-10000.0	10	12.286	16	10	(0.06742204851806163,0.08132213673453555,0.048200376088034534,0.08166590615061434,0.052807952547122235,)
77	2746945157609732	40491	7	(515:129[0.12999999999999998],521:41[0.17],540:131[0.16],559:66[0.22000000000000006],565:98[0.13999999999999999],567:20[0.15],569:20[0.15],)	505	-42.78	-1355.6610495049504	-9996.52	14	11.798	16	10	(0.08993351772016517,0.07574750633615761,0.06001706647449934,0.1007110832570523,0.05735963566814059,0.09983511296143109,0.08413647484780537,)
78	2748991226938859	41006	5	(521:41[0.18000000000000002],559:26[0.23000000000000007],565:54[0.12999999999999998],567:341[0.16],569:45[0.16],)	507	-43.24	-5260.867968441817	-10000.0	12	12.246	17	10	(0.0714336517186306,0.08654251772444731,0.044473151968850204,0.049788496154902294,0.03759767729131055,)
79	2750276040993396	41515	6	(521:182[0.19000000000000003],559:224[0.24000000000000007],565:16[0.13999999999999999],567:16[0.15],569:31[0.17],571:36[0.15],)	505	-40.94	-3237.4712475247534	-10000.0	15	12.174	17	10	(0.11241913071977713,0.10138100612724961,0.09226776806686289,0.07313936849358804,0.06809199763063459,0.08917914496016126,)
80	2750903679682249	42044	4	(521:122[0.18000000000000002],565:76[0.15],567:242[0.16],569:66[0.18000000000000002],)	506	-42.22	-1582.112055335968	-9993.84	10	11.618	17	10	(0.08298563389432302,0.05606291190605015,0.056042273425240145,0.053319819105569724,)
81	2751443453254998	42548	5	(521:220[0.19000000000000003],565:143[0.16],567:55[0.15],569:70[0.19000000000000003],572:16[0.15],)	504	-42.45	-1469.5276587301591	-10000.0	10	12.124	16	10	(0.08143367385015188,0.06825486882417058,0.0627322392713638,0.05613987632205796,0.0648654437588262,)
82	2751963078927953	43053	6	(521:40[0.18000000000000002],565:166[0.15],567:63[0.16],569:179[0.20000000000000004],572:34[0.16],573:23[0.15],)	505	-41.52	-1586.5100990099013	-10000.0	14	11.562	16	10	(0.1260657560056389,0.10570290014238697,0.08341156592617922,0.06190547406938401,0.08870649578535131,0.11041887926186962,)
83	2752315187568287	43574	7	(521:39[0.19000000000000003],565:65[0.13999999999999999],567:29[0.17],569:56[0.19000000000000003],572:85[0.17],573:123[0.16],574:109[0.15],)	506	-41.27	-868.6266600790515	-9840.76	12	11.59	17	10	(0.08531307232784642,0.06614165304569956,0.08726058333692902,0.05232756380623048,0.07755162336940948,0.07604416261623011,0.07586901245013626,)
84	2752757641808283	44095	6	(521:16[0.20000000000000004],565:117[0.15],567:181[0.18000000000000002],569:86[0.20000000000000004],572:33[0.16],573:74[0.15],)	507	-42.39	-1304.933234714004	-10000.0	14	11.844	17	10	(0.04850864440156304,0.091640484754049,0.09814802180328257,0.07576683301643505,0.06622775266014382,0.07981519505026077,)
85	2753217783327477	44605	7	(521:81[0.21000000000000005],565:105[0.13999999999999999],567:52[0.17],569:71[0.19000000000000003],572:20[0.17],573:136[0.16],577:41[0.15],)	506	-41.4	-1315.4466007905141	-10000.0	12	11.522	17	10	(0.10189636795439685,0.07194393646496551,0.08771593518728693,0.07667359163726607,0.050454770955592844,0.10077564918526441,0.10312792121529675,)
86	2754627048208584	45138	6	(565:61[0.12999999999999998],567:32[0.18000000000000002],569:143[0.18000000000000002],572:97[0.18000000000000002],573:99[0.15],577:75[0.16],)	507	-42.26	-4121.214319526627	-9937.21	11	11.494	16	10	(0.05771246136642131,0.12351519207202293,0.1038114627552993,0.06110189478807637,0.08133073168103234,0.07731058105705142,)
87	2755324290264912	45657	6	(565:36[0.13999999999999999],567:47[0.19000000000000003],569:94[0.17],572:144[0.17],573:57[0.13999999999999999],577:128[0.17],)	506	-42.81	-1922.19976284585	-10000.0	15	11.932	17	10	(0.08170776857699202,0.10332473995193933,0.07017715571824712,0.07496347246050475,0.06948793251248347,0.10333030913519602,)
88	2756065956034125	46173	8	(565:47[0.15],567:30[0.20000000000000004],569:100[0.16],572:122[0.16],573:78[0.15],577:83[0.16],585:28[0.15],586:18[0.15],)	506	-41.8	-2130.3623913043484	-9997.41	10	11.484	17	10	(0.09713670045019017,0.11431554849548958,0.07920991300399627,0.049824600279962834,0.08469861336673186,0.07584528271212158,0.10156681348370919,0.0829996978866073,)
89	2756526057353333	46702	8	(565:111[0.16],569:99[0.15],572:75[0.15],577:37[0.15],585:36[0.16],586:87[0.16],587:37[0.15],588:26[0.15],)	508	-41.78	-1221.9190748031494	-10000.0	12	12.172	17	10	(0.06964538606368408,0.08096329632420834,0.06260078374678586,0.061435945460539494,0.047577320618151876,0.07384909687690246,0.08236549110814338,0.08187559614441366,)
90	2757078450115532	47240	8	(565:62[0.15],569:187[0.13999999999999999],577:30[0.16],586:46[0.15],587:41[0.16],588:86[0.16],589:20[0.15],594:36[0.15],)	508	-41.32	-1312.3671259842522	-9933.07	15	12.77	17	10	(0.08032263153792275,0.07048719268307703,0.08960180070912047,0.09723593483351639,0.049289664410181025,0.07342359247321585,0.07128004539655541,0.06167375777158638,)
91	2757690407165542	47757	8	(565:42[0.13999999999999999],569:48[0.12999999999999998],586:37[0.16],587:90[0.17],588:73[0.15],589:55[0.16],594:137[0.16],595:26[0.15],)	508	-41.25	-1529.9741338582676	-9998.85	14	12.492	17	10	(0.08525618352350194,0.081305796453936,0.08340145270785791,0.05712921907458296,0.04503133547907641,0.06801503727080131,0.05567522721272457,0.07871790214598681,)
92	2758279554408718	48274	7	(565:108[0.15],569:94[0.13999999999999999],586:28[0.17],587:81[0.16],588:72[0.13999999999999999],589:77[0.17],594:48[0.15],)	508	-40.68	-1582.3657677165359	-9961.84	14	12.312	17	10	(0.08643283475709866,0.08377700038873916,0.07818551947652005,0.06982824388074364,0.03039795042197596,0.08472736112044045,0.0675546271728746,)
93	2758709367299458	48790	8	(565:19[0.13999999999999999],569:77[0.12999999999999998],586:90[0.18000000000000002],587:113[0.15],588:81[0.12999999999999998],589:33[0.16],597:73[0.15],598:21[0.15],)	507	-40.03	-1189.268579881657	-9915.6	14	12.208	17	10	(0.10400404566677512,0.07243392698603283,0.08723601331885956,0.08684103701462613,0.05146349322551393,0.06658063956786367,0.0820522729024025,0.07065118491561692,)
94	2759285500774850	49309	8	(565:143[0.15],569:46[0.11999999999999998],586:18[0.17],587:31[0.13999999999999999],588:50[0.11999999999999998],589:132[0.17],598:58[0.16],599:30[0.15],)	508	-42.25	-1646.9548228346457	-9932.41	10	12.134	17	10	(0.08490042986438322,0.07158799576095402,0.10638125787960126,0.07755584094347899,0.052693462338924454,0.05758187496754727,0.062470085765508644,0.0943109413916109,)
95	2759918339708242	49841	9	(565:58[0.13999999999999999],569:27[0.12999999999999998],587:43[0.15],588:51[0.12999999999999998],589:60[0.16],598:45[0.17],599:161[0.16],604:36[0.15],605:27[0.15],)	508	-41.36	-1535.6338976377956	-10000.0	13	12.002	17	10	(0.10582718216116746,0.06072913203004586,0.09491029485282756,0.059049763161392675,0.08280538311800215,0.09756583342352577,0.09079148752662569,0.07642562510125787,0.08558187091841472,)
96	2760477750437849	50369	10	(565:39[0.12999999999999998],569:58[0.13999999999999999],587:66[0.16],589:37[0.15],598:89[0.18000000000000002],599:45[0.15],604:28[0.16],605:59[0.16],606:20[0.15],607:68[0.15],)	509	-42.11	-1366.9404911591355	-10000.0	12	12.164	17	10	(0.08710441141786471,0.060169755104103335,0.09030346240122954,0.08196759433483022,0.06718194005975568,0.0960644924565214,0.07610114451518715,0.06203517339989279,0.09308955663137033,0.07617769464843438,)
97	2761015980964329	50887	9	(565:70[0.13999999999999999],569:59[0.12999999999999998],587:45[0.15],589:57[0.16],598:133[0.17],604:43[0.17],605:25[0.15],606:36[0.16],607:42[0.13999999999999999],)	510	-42.11	-1412.4442549019607	-10000.0	10	12.528	17	10	(0.08040947647490221,0.05431056302598511,0.0820843957826313,0.06799330808007341,0.05540489608380232,0.07838735710316175,0.054810986178419493,0.07254293618484381,0.046057613986925476,)
98	2761542510411048	51414	8	(565:92[0.12999999999999998],587:104[0.16],589:45[0.15],598:28[0.16],604:25[0.18000000000000002],605:120[0.16],606:61[0.17],607:34[0.15],)	509	-41.9	-1321.5543025540276	-9964.07	11	12.488	17	10	(0.08273920819448043,0.07465341382836263,0.06978032333663073,0.08291086329357489,0.08869960915318206,0.06375114890417437,0.058015440911548935,0.06577258441198948,)
99	2762010012557263	51946	8	(587:56[0.15],598:75[0.17],604:64[0.19000000000000003],605:123[0.15],606:110[0.18000000000000002],607:24[0.16],612:30[0.15],613:26[0.15],)	508	-41.43	-1209.0340748031497	-10000.0	13	12.328	18	10	(0.08831705900540417,0.06340189375416692,0.07805782834211765,0.07419688164890681,0.05677695141448291,0.05534333881176831,0.07885536397932282,0.08245079769218375,)
100	2762523864528033	52454	9	(587:42[0.16],598:58[0.16],604:43[0.18000000000000002],605:62[0.13999999999999999],606:82[0.17],607:31[0.17],612:40[0.16],613:97[0.16],614:53[0.15],)	508	-41.74	-1350.1468307086614	-10000.0	12	12.276	17	10	(0.08796397414859841,0.06199135048998086,0.05133062666102307,0.07256937840918713,0.06959006607444629,0.069066686865646,0.08166962677911102,0.06156619924257318,0.08843561431638435,)
101	2763082708865797	52982	8	(598:119[0.15],604:44[0.19000000000000003],606:19[0.16],607:21[0.18000000000000002],612:39[0.17],613:69[0.15],614:170[0.16],615:28[0.15],)	509	-42.35	-1417.5662475442043	-9940.74	13	12.418	18	10	(0.09595912997542143,0.07096074167046534,0.10003295485587597,0.055890512659295614,0.08332593014072164,0.07597472104516,0.06813357777059253,0.0739063592265083,)
102	2763680443818470	53501	9	(598:40[0.13999999999999999],604:55[0.20000000000000004],606:40[0.17],607:29[0.19000000000000003],612:34[0.18000000000000002],613:71[0.13999999999999999],614:145[0.15],615:71[0.16],617:23[0.15],)	508	-40.87	-1521.2975787401576	-10000.0	13	12.374	18	10	(0.08195886866664946,0.07516455868703914,0.07922333429031005,0.1024011210716124,0.07303221900021262,0.07736736426577492,0.08520594794165767,0.06282808083319932,0.09125151775955827,)
103	2764373243414856	54030	9	(598:30[0.15],604:61[0.19000000000000003],606:79[0.18000000000000002],607:22[0.20000000000000004],612:98[0.19000000000000003],613:116[0.12999999999999998],614:25[0.13999999999999999],617:57[0.16],622:21[0.15],)	509	-41.37	-1774.5575245579566	-9947.62	17	12.726	18	10	(0.08341401682304944,0.09459538364692913,0.0755026693548173,0.07083035267932544,0.058489580665521054,0.08012100887544328,0.0846192415603261,0.06133262391703883,0.09892676972056968,)
104	2764865566893711	54548	9	(598:55[0.16],604:119[0.18000000000000002],607:66[0.21000000000000005],612:98[0.18000000000000002],613:52[0.11999999999999998],614:32[0.15],617:39[0.15],622:30[0.16],623:18[0.15],)	509	-41.84	-1295.915933202358	-10000.0	14	12.726	18	10	(0.07223826871648995,0.0822966179323442,0.058451116544428944,0.09342925383752251,0.07877342836118159,0.10939989679516074,0.06848531051621506,0.09199779559255164,0.09393556187510842,)
105	2765315855885562	55060	9	(598:49[0.15],604:53[0.17],607:61[0.20000000000000004],612:77[0.17],613:47[0.12999999999999998],614:87[0.16],617:49[0.16],622:59[0.17],623:27[0.16],)	509	-42.28	-1179.8118664047151	-9974.6	12	12.526	19	10	(0.057386190953860564,0.09096874438135424,0.07440983613353785,0.10029048491977623,0.08032504485521005,0.09432626183843767,0.07537861580226649,0.048674322335297074,0.05839144649963404,)
106	2765694791539701	55594	9	(598:78[0.16],607:27[0.19000000000000003],612:73[0.16],613:37[0.13999999999999999],614:87[0.15],617:39[0.17],622:29[0.16],623:120[0.17],627:19[0.15],)	509	-40.41	-863.6706876227897	-10000.0	11	12.206	19	10	(0.08741064557416826,0.0507952448813981,0.09515162653773715,0.1031104430764871,0.07289458655023574,0.11426261834257734,0.080704027177838,0.057981371917921014,0.07575127361689461,)
107	2766048485192093	56106	9	(598:91[0.15],607:23[0.20000000000000004],612:35[0.15],613:29[0.15],614:38[0.13999999999999999],617:57[0.18000000000000002],622:70[0.17],623:66[0.16],627:100[0.16],)	509	-42.77	-918.1735559921415	-9948.25	16	12.528	20	10	(0.0544589736791175,0.07248669864228732,0.09512734560083007,0.07244201083122445,0.07435407158131299,0.06680126292170002,0.07532559044466965,0.07827322555997254,0.07187264727848093,)
108	2766390304892917	56615	9	(598:69[0.13999999999999999],607:49[0.21000000000000005],612:121[0.16],613:20[0.16],614:62[0.15],617:35[0.17],622:21[0.16],623:64[0.15],627:68[0.15],)	509	-42.23	-903.2496856581532	-9997.1	11	12.478	19	10	(0.07565411870075735,0.0870752341127871,0.09246109434728518,0.07407423471076469,0.07606353996261714,0.04382143863185109,0.09593630853022919,0.07667858472145372,0.10186175157370304,)
109	2766915952764827	57124	9	(598:28[0.12999999999999998],607:81[0.22000000000000006],612:87[0.15],613:55[0.17],614:75[0.13999999999999999],617:56[0.18000000000000002],622:20[0.17],623:32[0.13999999999999999],627:75[0.13999999999999999],)	509	-42.85	-1463.1154223968563	-10000.0	16	12.722	18	10	(0.07468961707008229,0.06813939489687698,0.09298946920953993,0.07160377891077387,0.08264149203711131,0.08416905264561862,0.1058097671638559,0.10697359578825547,0.098441352762739,)
110	2767415025162970	57649	8	(598:66[0.13999999999999999],607:95[0.21000000000000005],612:35[0.13999999999999999],613:62[0.16],614:125[0.12999999999999998],622:62[0.18000000000000002],623:21[0.15],627:43[0.12999999999999998],)	509	-39.76	-1353.785638506876	-10000.0	14	12.036	17	10	(0.09388851376127061,0.07160188272410274,0.056134872769431424,0.0884996379375836,0.08018815037761105,0.041224369333351635,0.09394970141050014,0.09243534163330534,)
111	2768283443654466	58182	9	(598:27[0.12999999999999998],607:72[0.20000000000000004],612:37[0.15],613:56[0.15],614:50[0.11999999999999998],623:159[0.16],627:35[0.13999999999999999],631:31[0.15],633:41[0.15],)	508	-41.98	-2518.2090157480316	-10000.0	10	11.646	17	10	(0.0809167351867754,0.07751173155843516,0.07926477313461049,0.05514016613799392,0.08874044916518407,0.07483920248108196,0.0923071101787093,0.06514035775983226,0.09536932275744492,)
112	2769402929019757	58692	10	(598:29[0.13999999999999999],607:39[0.19000000000000003],612:16[0.16],613:29[0.13999999999999999],614:41[0.12999999999999998],623:111[0.15],627:19[0.15],631:25[0.16],633:88[0.16],635:112[0.15],)	509	-41.64	-3248.525893909626	-9922.13	10	11.482	16	10	(0.07288961686628301,0.05509378769228132,0.06346325655606459,0.08604218463279356,0.08392878674148273,0.07401279955317162,0.09494369900575249,0.061641815377922814,0.08200723890222042,0.09400245566748051,)
113	2770551743027051	59234	8	(612:32[0.17],613:69[0.15],614:50[0.13999999999999999],623:44[0.13999999999999999],627:58[0.16],631:30[0.17],633:68[0.15],635:159[0.13999999999999999],)	510	-41.67	-3138.609215686274	-10000.0	10	11.692	17	10	(0.058604531857377615,0.05129520024018686,0.06563971603789694,0.0781531127992787,0.05093595710073098,0.08412881243912618,0.06868844810366245,0.051475140457171845,)
114	2771250194804814	59771	8	(612:34[0.18000000000000002],613:65[0.13999999999999999],614:16[0.15],623:38[0.15],627:125[0.17],631:25[0.18000000000000002],633:79[0.13999999999999999],635:126[0.12999999999999998],)	508	-41.32	-1774.4133267716531	-10000.0	10	11.75	18	10	(0.07968441911359664,0.07631623482420964,0.08531878467509792,0.06064687122285005,0.05842847478375436,0.08600417237772205,0.0868802604246103,0.05277446548732218,)
115	2771716544946172	60293	9	(612:62[0.19000000000000003],613:55[0.12999999999999998],614:63[0.16],623:27[0.16],627:82[0.16],631:21[0.19000000000000003],633:91[0.12999999999999998],635:65[0.11999999999999998],641:42[0.15],)	508	-41.45	-1311.0914763779524	-10000.0	12	12.012	18	10	(0.078029932915396,0.08309895828564377,0.08465212587258575,0.11531029630559814,0.10690726794461837,0.11602134779861864,0.08798502561610355,0.07231092424763329,0.09610940694392703,)
116	2772103251706457	60805	10	(612:30[0.18000000000000002],613:77[0.11999999999999998],614:26[0.15],623:38[0.17],627:52[0.15],631:71[0.20000000000000004],633:80[0.11999999999999998],635:44[0.10999999999999999],641:45[0.16],644:46[0.15],)	509	-39.76	-1092.840746561886	-10000.0	12	11.852	18	10	(0.05137705202570082,0.07843925979560896,0.08587299504055358,0.10776395522287366,0.04135692532333256,0.08368778318237688,0.058330890938867376,0.06605413461301042,0.07190768458609997,0.07186409724202324,)
117	2772583082090697	61327	10	(612:24[0.19000000000000003],613:102[0.10999999999999999],614:36[0.16],623:56[0.18000000000000002],627:22[0.13999999999999999],631:52[0.19000000000000003],633:96[0.10999999999999999],635:19[0.11999999999999998],641:49[0.17],644:54[0.16],)	510	-40.67	-1216.5130784313726	-9989.75	10	11.814	18	10	(0.055579711594339797,0.07099848865246758,0.08280880044894606,0.0723185589143034,0.0513891921531787,0.08414970222053758,0.0555330706915782,0.050185531207091,0.07033900076733982,0.06597466879786931,)
118	2773016255390508	61852	10	(612:24[0.20000000000000004],613:31[0.09999999999999999],614:34[0.17],623:34[0.17],627:29[0.15],631:94[0.18000000000000002],633:79[0.09999999999999999],635:87[0.12999999999999998],641:27[0.18000000000000002],644:71[0.15],)	510	-41.21	-1108.6466666666663	-9957.09	12	11.866	17	10	(0.06156710707334085,0.07498943278741578,0.10278984018666998,0.08667893933400062,0.07196866172301589,0.08644467119712569,0.056685064212342914,0.04142133263373133,0.11111524356418569,0.06094149896301419,)
119	2773425292137185	62388	7	(614:109[0.18000000000000002],623:86[0.18000000000000002],627:90[0.16],631:71[0.17],633:90[0.09],635:36[0.11999999999999998],641:28[0.19000000000000003],)	510	-41.99	-978.9546274509805	-10000.0	13	11.84	16	10	(0.09581548611338267,0.0899494998769996,0.06905989601646001,0.07214096760514574,0.05787169921104648,0.05162860324949225,0.06880468733725946,)
120	2773873008328302	62895	8	(614:68[0.17],623:102[0.17],627:37[0.15],631:98[0.16],633:29[0.08],635:30[0.12999999999999998],641:107[0.20000000000000004],652:36[0.15],)	507	-41.06	-1241.2962327416176	-9968.95	11	11.916	16	10	(0.098677833407942,0.08605061570647521,0.09696771432198278,0.07268772936626197,0.06027120882547815,0.07960892674868686,0.10524331817526053,0.07416311884247237,)
121	2774290694628365	63440	6	(614:30[0.16],623:78[0.16],631:130[0.15],633:60[0.09],635:48[0.13999999999999999],641:162[0.19000000000000003],)	508	-41.21	-1019.9883858267718	-9917.06	12	12.048	16	10	(0.1056070648026194,0.09421486214595955,0.08894082969152492,0.05515988007995762,0.08179581410424328,0.10118490697042774,)
122	2774810589058684	63981	8	(614:99[0.17],623:131[0.17],631:76[0.13999999999999999],633:34[0.09999999999999999],635:65[0.15],641:32[0.18000000000000002],659:39[0.15],660:30[0.15],)	506	-42.26	-1341.600928853755	-10000.0	14	12.378	17	10	(0.12484867956048025,0.08260765771530866,0.08208935291520525,0.06745508162714739,0.080638947720004,0.0666689772804421,0.09803033879984853,0.08034226621928292,)
123	2775491891453969	64518	8	(614:57[0.16],623:51[0.16],633:59[0.10999999999999999],635:47[0.13999999999999999],659:77[0.16],660:81[0.16],662:79[0.15],665:57[0.15],)	508	-41.09	-1705.049940944882	-9926.99	15	11.78	16	10	(0.1049132793242943,0.09332640531617098,0.08042477745550666,0.06537687769436765,0.07199896329945411,0.08428115923565678,0.07912907237805487,0.06361873379989365,)
124	2775960596832616	65041	7	(614:154[0.17],623:99[0.17],633:70[0.11999999999999998],635:67[0.15],659:67[0.15],662:28[0.13999999999999999],665:23[0.16],)	508	-41.79	-1139.1648228346453	-10000.0	12	11.904	17	10	(0.07926406658778809,0.10564401570472283,0.0638524212062858,0.08388637747916958,0.08618731560073936,0.0770461457366203,0.06751062907271971,)
125	2776743681274315	65590	6	(614:119[0.16],623:96[0.16],633:97[0.12999999999999998],662:131[0.15],665:36[0.17],670:28[0.15],)	507	-38.79	-1989.235680473372	-9935.57	12	12.118	16	10	(0.06851077393737186,0.07320589886507241,0.06464141073839967,0.07543084778332265,0.07354818670376788,0.09809960731362057,)
126	2777323445804970	66106	7	(614:70[0.15],623:54[0.15],633:25[0.11999999999999998],662:131[0.13999999999999999],665:141[0.18000000000000002],670:53[0.16],673:32[0.15],)	506	-41.28	-1461.8444664031622	-10000.0	11	12.43	17	10	(0.08799751576416684,0.11143272172443898,0.09074863517819408,0.05006644870253351,0.07153788571179892,0.08698361981980408,0.0806272021743459,)
127	2777894740507141	66636	7	(614:51[0.16],623:57[0.16],633:23[0.12999999999999998],662:116[0.12999999999999998],665:132[0.17],670:49[0.17],673:79[0.16],)	507	-40.09	-1365.1521104536491	-10000.0	10	12.672	17	10	(0.10851428163828061,0.05792780085760911,0.08911416149541608,0.06101367458356685,0.06669831955673934,0.09196713553548014,0.08062846913545227,)
128	2778441489644224	67151	7	(614:82[0.17],623:117[0.17],633:96[0.13999999999999999],662:69[0.11999999999999998],665:32[0.16],670:58[0.18000000000000002],673:53[0.15],)	507	-41.82	-1454.9326824457594	-10000.0	10	12.652	17	10	(0.08593831293671694,0.06478919887046873,0.05833565533121102,0.06054719758488382,0.09874997352033364,0.08899105640037563,0.07546472764119566,)
129	2779011579624686	67676	7	(614:76[0.16],623:113[0.16],633:74[0.12999999999999998],662:91[0.12999999999999998],665:39[0.17],670:50[0.19000000000000003],673:64[0.16],)	507	-40.34	-1348.115779092702	-9944.61	11	12.574	17	10	(0.08927233702532127,0.0680681491359413,0.08211809394275657,0.07479218009477603,0.08360475900996515,0.10332570517682721,0.08008671976587312,)
130	2779601181488606	68197	7	(614:120[0.15],623:81[0.15],633:86[0.11999999999999998],662:75[0.11999999999999998],670:24[0.20000000000000004],673:92[0.17],681:29[0.15],)	507	-41.19	-1443.223550295858	-9910.08	12	12.702	18	10	(0.07463668035160106,0.08318784510930914,0.06412258680708362,0.07272350555637673,0.11276138357586529,0.09528963714266854,0.07402618731752203,)
131	2780124772836200	68726	7	(614:76[0.13999999999999999],623:77[0.13999999999999999],633:73[0.10999999999999999],662:44[0.10999999999999999],670:64[0.21000000000000005],673:47[0.16],681:126[0.16],)	507	-41.02	-1260.675147928994	-10000.0	14	12.934	18	10	(0.08008686480163148,0.09076160293097546,0.0641182007190129,0.08027150181786827,0.05991174138226345,0.09546092565535379,0.06599921609661537,)
132	2780570199184125	69234	10	(614:23[0.12999999999999998],623:39[0.12999999999999998],633:18[0.09999999999999999],662:55[0.11999999999999998],670:151[0.22000000000000006],673:62[0.17],681:84[0.15],689:24[0.15],690:35[0.15],691:16[0.15],)	507	-41.68	-1150.4083037475348	-10000.0	12	12.716	18	10	(0.08803441978810665,0.07595366479710848,0.0664058971590609,0.06887586121882258,0.051009959369181956,0.11262865744967748,0.08149273026126573,0.10667759601230785,0.06005121025431604,0.07162050448856923,)
133	2781135664201788	69774	9	(614:69[0.13999999999999999],623:24[0.13999999999999999],662:38[0.10999999999999999],670:52[0.21000000000000005],673:36[0.16],681:71[0.13999999999999999],690:130[0.16],691:59[0.16],694:31[0.15],)	510	-41.09	-1310.1984509803922	-10000.0	12	12.55	17	10	(0.0943970573486051,0.09677935812848439,0.050153088736650635,0.05351264838303368,0.09647221169519553,0.08690133779872869,0.07328460221460902,0.09211297555672678,0.03412635538553512,)
134	2781622006200300	70305	7	(614:109[0.12999999999999998],662:40[0.11999999999999998],670:64[0.22000000000000006],673:38[0.17],681:113[0.12999999999999998],690:76[0.15],691:69[0.15],)	509	-40.67	-1191.6214931237723	-9975.14	10	12.824	18	10	(0.062301803322379834,0.08250281231700456,0.10958342530383343,0.07763697126563415,0.08280837942123266,0.07059606461976234,0.07136760820618475,)
135	2781984365580920	70812	7	(614:99[0.11999999999999998],662:49[0.12999999999999998],670:136[0.23000000000000007],673:40[0.18000000000000002],681:42[0.11999999999999998],690:101[0.13999999999999999],691:40[0.16],)	507	-40.82	-957.7762524654829	-9922.73	12	12.908	19	10	(0.06417059227453643,0.07867174356452374,0.09164229621159614,0.11402789101405515,0.07025601856723554,0.07124560374970937,0.08558858078837384,)
136	2782408327831849	71333	7	(614:95[0.10999999999999999],662:75[0.13999999999999999],670:140[0.22000000000000006],673:20[0.19000000000000003],681:140[0.12999999999999998],690:19[0.12999999999999998],691:18[0.17],)	507	-41.12	-1098.089033530572	-9991.43	12	12.892	19	10	(0.06867660758103956,0.09368236172513864,0.08700994066950815,0.10665206415107656,0.07462763510600962,0.06942103744877876,0.08266872242855308,)
137	2782855857114914	71850	9	(614:39[0.09999999999999999],662:133[0.12999999999999998],670:86[0.21000000000000005],673:70[0.20000000000000004],681:35[0.11999999999999998],690:35[0.13999999999999999],691:45[0.18000000000000002],699:32[0.15],701:32[0.15],)	507	-41.15	-1183.022071005917	-9905.03	13	12.382	18	10	(0.07401222473755067,0.07374451786663608,0.1184811984675478,0.09174650970225082,0.060402554174552266,0.08504570875335009,0.10792367986307276,0.0864451126999513,0.05634881817553937,)
138	2783412008295366	72366	8	(614:86[0.10999999999999999],662:79[0.11999999999999998],670:99[0.20000000000000004],673:43[0.19000000000000003],690:21[0.15],691:49[0.19000000000000003],699:40[0.16],701:92[0.16],)	509	-38.83	-1549.4560117878193	-9931.15	10	12.324	18	10	(0.06155791543796201,0.07293639779277773,0.09362903955649801,0.09163374502973652,0.06385765489361753,0.08038703968019116,0.08601361770224432,0.04553852028984119,)
