alpha = 0.15
gamma = 1.0
lambda = 0.6
epsilon = 0.3
randomSeed = 1010
GREAT!
Xover: 4
---- Evolution parameters ----
Folder name:          NMSarsa_Maze/run_2686830076633743
Random seed:          1010
GREAT activated:      true
Max iterations:       150
Population size:      500
GREAT initialization  true
Speciation threshold: 0.15
Species min size:     15
Tournament size:      3
Crossover rate:       0.2
Mutation rate:        0.8
Crossovers:
	AligningCrossover_v4(0.15)
Mutations:
	AddGeneMutation(maxSize=2147483647, prob=0.33)
	DeleteGeneMutation(minSize=10, prob=0.33)
	ChangeGeneMutation(prob=0.33)
------------------------------

---- Starting evolution ----
IT	Nanotime	#Eval	#Species	Species size	PopSize	Best	Avg	Worst	Best GRN Size	Avg GRN size	Max GRN size	Min GRN size	Species avgdist2rep
0	2689436015343562	997	1	(494:499[0.15],)	499	-63.09	-967.6221843687385	-10000.0	13	11.902	18	10	(0.08775531266668604,)
1	2689532416798260	1498	2	(494:477[0.16],495:24[0.15],)	501	-63.64	-191.63429141716577	-9912.66	10	12.144	19	10	(0.05128950902873884,0.04495939241518134,)
2	2689647390766209	2023	2	(494:125[0.15],495:377[0.16],)	502	-63.68	-233.9340239043824	-10000.0	12	11.25	18	10	(0.07603323112580687,0.0479984765611335,)
3	2689728005580313	2525	2	(494:103[0.16],495:399[0.15],)	502	-63.76	-184.00615537848628	-9981.9	11	11.308	18	10	(0.06937320983217372,0.05430516967252537,)
4	2689854840222919	3027	2	(494:171[0.17],495:331[0.13999999999999999],)	502	-64.34	-287.3701792828686	-10000.0	11	11.616	19	10	(0.07993427397724821,0.0470315351686007,)
5	2689973876630140	3532	3	(494:229[0.18000000000000002],495:224[0.12999999999999998],499:49[0.15],)	502	-63.25	-239.3908366533865	-10000.0	13	11.782	18	10	(0.09048527309880817,0.07553723879465121,0.07194042077985069,)
6	2690103326286648	4058	4	(494:30[0.17],495:244[0.11999999999999998],499:205[0.16],502:24[0.15],)	503	-63.87	-191.0894831013916	-9970.26	13	12.182	18	10	(0.11422768027040076,0.07718905904097607,0.06897250276929151,0.07602650750332356,)
7	2690200206828331	4575	6	(494:109[0.18000000000000002],495:22[0.10999999999999999],499:37[0.15],502:191[0.16],505:110[0.15],506:35[0.15],)	504	-62.8	-181.5175	-9949.29	11	11.61	19	10	(0.07432961611213448,0.07069070248778232,0.093773521386668,0.06823183476308207,0.10533365620333277,0.117795321475972,)
8	2690314561401781	5094	6	(494:124[0.17],495:42[0.11999999999999998],499:89[0.16],502:65[0.15],505:100[0.13999999999999999],506:86[0.16],)	506	-63.01	-192.1981027667984	-9919.73	19	11.862	19	10	(0.06026971942820514,0.056320154944623585,0.0803472795809804,0.07643709826623818,0.0630582443915849,0.059924677743353826,)
9	2690376321114951	5627	6	(494:86[0.16],499:147[0.15],502:73[0.16],505:73[0.12999999999999998],506:106[0.15],513:21[0.15],)	506	-63.35	-68.66832015810277	-1074.9	12	12.296	20	10	(0.05667037661583836,0.06831371324593485,0.05779739919710442,0.09289599732165185,0.0800788489366689,0.07357486367794175,)
10	2690447956090677	6148	6	(494:92[0.15],499:112[0.13999999999999999],502:83[0.17],505:44[0.13999999999999999],506:128[0.13999999999999999],513:47[0.16],)	506	-62.82	-133.3002371541502	-10000.0	10	11.988	19	10	(0.0756941811903359,0.0659973795627076,0.056016467528333454,0.07777552438414531,0.07868744250662611,0.07074336172823102,)
11	2690554292664235	6670	6	(494:63[0.13999999999999999],499:125[0.12999999999999998],502:57[0.16],505:47[0.15],506:126[0.12999999999999998],513:88[0.17],)	506	-63.18	-148.74013833992095	-9992.27	10	12.226	19	10	(0.06913405423981807,0.07209136757250435,0.0560059364766385,0.0730231112994071,0.08504096526738987,0.06546960357666208,)
12	2690618062088788	7180	6	(494:117[0.15],499:58[0.11999999999999998],502:194[0.17],505:45[0.16],506:25[0.11999999999999998],513:67[0.16],)	506	-62.7	-130.23371541501976	-10000.0	10	11.776	19	10	(0.06362075763894968,0.0660656702908312,0.05563967329720564,0.08202716144703606,0.07312994616794471,0.08404489724597201,)
13	2690717862643525	7704	6	(494:56[0.13999999999999999],499:58[0.12999999999999998],502:106[0.16],505:166[0.17],506:58[0.12999999999999998],513:62[0.17],)	506	-62.74	-164.79371541501976	-10000.0	11	11.802	19	10	(0.07550960346279857,0.06302277836786101,0.061237425993807236,0.10165300776869503,0.08746501656720805,0.0999600688345251,)
14	2690822767503632	8243	8	(494:119[0.15],499:96[0.13999999999999999],502:24[0.15],505:55[0.16],506:82[0.13999999999999999],513:59[0.18000000000000002],525:38[0.15],527:33[0.15],)	506	-63.22	-191.54764822134388	-10000.0	11	12.182	20	10	(0.1026657181228613,0.06766238381456618,0.1048879993322545,0.08671527264554614,0.09012263464804307,0.09675421290902039,0.08061510554161579,0.06527562994541956,)
15	2690907589293015	8758	8	(494:62[0.13999999999999999],499:50[0.12999999999999998],502:27[0.16],505:65[0.17],506:59[0.12999999999999998],513:18[0.19000000000000003],525:88[0.16],527:139[0.16],)	508	-63.74	-159.3696850393701	-9901.91	15	12.506	19	10	(0.09224429490999489,0.07305669387905497,0.06870949374228237,0.09599504843689177,0.06928113786536104,0.08913579049383005,0.06916415898052351,0.07472469590175,)
16	2690983403351159	9266	9	(494:18[0.12999999999999998],499:37[0.13999999999999999],502:26[0.17],505:177[0.16],506:38[0.13999999999999999],513:30[0.20000000000000004],525:103[0.15],527:49[0.15],532:30[0.15],)	508	-63.08	-129.9786220472441	-9947.17	11	12.132	18	10	(0.0629072574404895,0.0822506016116264,0.05193780429587755,0.08841018444986802,0.07478115903799307,0.0636725834822547,0.060181193325775685,0.07899541905869968,0.06356770038453728,)
17	2691078792307922	9779	9	(494:35[0.13999999999999999],499:103[0.15],502:41[0.18000000000000002],505:32[0.15],506:90[0.15],513:24[0.21000000000000005],525:76[0.13999999999999999],527:51[0.16],532:57[0.16],)	509	-62.76	-179.30074656188606	-10000.0	15	12.732	18	10	(0.06387584514848399,0.07417386748529127,0.10896181579251066,0.0972196150434076,0.08103631521356178,0.1172685772483845,0.07985377892818928,0.08618802859158137,0.07796012199440376,)
18	2691198063615182	10296	10	(494:17[0.15],499:25[0.13999999999999999],502:18[0.19000000000000003],505:150[0.16],506:36[0.13999999999999999],513:39[0.22000000000000006],525:76[0.12999999999999998],527:108[0.17],532:21[0.15],534:19[0.15],)	509	-62.79	-164.78895874263264	-9982.37	11	12.504	18	10	(0.09234413895173436,0.0939435291131766,0.05298753342370058,0.0882231627571946,0.10152307901363322,0.09835835804663744,0.08078267681469854,0.09670620637352359,0.06976349882423702,0.08789724862257954,)
19	2691306174667517	10820	10	(499:100[0.15],502:85[0.20000000000000004],505:40[0.15],506:65[0.15],513:31[0.23000000000000007],525:51[0.11999999999999998],527:47[0.16],532:37[0.16],534:35[0.16],538:19[0.15],)	510	-63.04	-199.0880784313726	-10000.0	11	12.518	18	10	(0.0926918037201059,0.0756006696260124,0.09094468820160403,0.07235052033377067,0.10829055100480912,0.07319528597308275,0.10272684883636529,0.10818908739691947,0.11116248225472472,0.07692797095732515,)
20	2691427128462290	11334	10	(499:27[0.13999999999999999],502:58[0.19000000000000003],505:54[0.16],506:109[0.13999999999999999],513:74[0.24000000000000007],525:21[0.10999999999999999],527:45[0.17],532:53[0.17],534:37[0.17],538:32[0.16],)	510	-63.25	-214.85790196078432	-9921.47	11	12.788	18	10	(0.09339814813476142,0.06154239815887591,0.08196164163575494,0.07956561470050885,0.06338869723854931,0.07925703429204936,0.09788230367914791,0.09571596091590148,0.07775874685444945,0.07059887252176314,)
21	2691509802933567	11857	8	(499:119[0.15],502:109[0.18000000000000002],505:29[0.15],506:35[0.12999999999999998],513:79[0.23000000000000007],525:33[0.11999999999999998],527:30[0.18000000000000002],538:76[0.17],)	510	-63.06	-107.43852941176468	-10000.0	12	12.778	18	10	(0.10830177977189225,0.09543878010840762,0.10950351643895272,0.09176793417951849,0.06073225770617107,0.06976784709217881,0.09094633573311237,0.059415996063872,)
22	2691629468603351	12379	8	(499:86[0.13999999999999999],502:104[0.17],505:44[0.16],506:39[0.13999999999999999],513:63[0.22000000000000006],525:68[0.12999999999999998],538:77[0.16],544:27[0.15],)	508	-62.78	-205.02167322834643	-9970.67	12	13.108	18	10	(0.08244309192801363,0.10708684542111349,0.04027897827941354,0.08965051486896589,0.0831595405165539,0.08647034220247364,0.10117323121847475,0.07900541534667106,)
23	2691735731520403	12909	8	(499:47[0.12999999999999998],502:45[0.16],505:120[0.17],506:31[0.15],513:85[0.21000000000000005],525:21[0.11999999999999998],538:64[0.15],544:95[0.16],)	508	-63.36	-188.05545275590552	-9931.4	10	13.092	18	10	(0.09861520696267469,0.08155873327531026,0.06790771213516973,0.10136254436743321,0.1118559106544698,0.07729997980652621,0.07624416625708982,0.08137517235714746,)
24	2691836562606642	13440	8	(499:68[0.13999999999999999],502:63[0.17],505:128[0.16],506:37[0.16],525:19[0.12999999999999998],538:99[0.13999999999999999],544:68[0.15],549:26[0.15],)	508	-62.7	-183.05082677165353	-9972.56	10	12.64	19	10	(0.07627939125070418,0.08237966449230434,0.06793113592208065,0.09821075187394937,0.07703419253692723,0.05906970976296685,0.08252774732726174,0.07629776615654656,)
25	2691939183464133	13969	9	(499:118[0.12999999999999998],502:20[0.16],505:33[0.15],506:47[0.17],525:41[0.13999999999999999],538:63[0.12999999999999998],544:27[0.13999999999999999],549:113[0.16],553:46[0.15],)	508	-61.88	-171.05033464566927	-9773.9	12	12.838	19	10	(0.0752474757226076,0.0849860918461398,0.07886047458571516,0.08252302064678409,0.08085823718222442,0.08520810813110286,0.08814450217817556,0.06354582227236764,0.11229474154737747,)
26	2692032869541518	14519	9	(499:42[0.11999999999999998],502:167[0.17],505:104[0.16],544:36[0.15],549:56[0.15],553:26[0.16],555:20[0.15],556:31[0.15],557:27[0.15],)	509	-63.31	-186.4743614931238	-9914.86	11	12.026	19	10	(0.08510232684667368,0.06547435565491912,0.063234381372664,0.08741263536280187,0.07756494644929515,0.0747903695112204,0.07153827691601553,0.06751957548403262,0.10916257770687851,)
27	2692174656895287	15034	10	(499:29[0.12999999999999998],502:25[0.16],505:32[0.15],544:18[0.16],549:16[0.13999999999999999],553:63[0.17],555:52[0.16],556:224[0.16],557:22[0.16],559:28[0.15],)	509	-63.17	-299.5105500982318	-10000.0	10	12.378	20	10	(0.09653577480826572,0.08887141424216408,0.08246003612360515,0.06318728835191639,0.05651909853914291,0.05131150695556749,0.08836211843893095,0.0712464737785856,0.05806342575162762,0.10100151368174506,)
28	2692279959074129	15571	7	(505:51[0.16],544:232[0.17],549:21[0.15],553:64[0.16],556:64[0.15],557:57[0.17],559:21[0.16],)	510	-63.19	-165.9840588235294	-10000.0	11	12.072	18	10	(0.07138616341062712,0.043014027002722416,0.06830737867663696,0.05146904255837693,0.06756351924385978,0.0582507171179833,0.07396440327639132,)
29	2692384553165884	16088	7	(505:27[0.17],544:122[0.16],549:79[0.16],553:97[0.17],556:39[0.16],557:103[0.18000000000000002],559:40[0.17],)	507	-63.32	-147.40875739644972	-9884.39	17	12.704	18	10	(0.07133595036690274,0.07129877087685679,0.0685563658523277,0.06493284016649134,0.07716674129804815,0.068134862657925,0.0845879431691311,)
30	2692486495288872	16617	7	(505:171[0.18000000000000002],544:22[0.15],549:86[0.15],553:69[0.16],556:28[0.17],557:87[0.17],559:44[0.18000000000000002],)	507	-63.24	-165.5713609467456	-9901.66	16	12.86	17	10	(0.06567706427946306,0.09700174416616143,0.07632103064824726,0.07257272161127304,0.09275181139394117,0.06838849109892238,0.05811396526134563,)
31	2692570564689948	17125	8	(505:43[0.17],544:49[0.16],549:58[0.13999999999999999],553:38[0.17],556:52[0.18000000000000002],557:160[0.16],559:40[0.19000000000000003],568:67[0.15],)	507	-63.3	-161.507258382643	-9987.28	13	12.814	17	10	(0.11015599551109886,0.08620860658540011,0.07169909837812687,0.06460194717989298,0.06313434934914913,0.06744588116899018,0.08002564881912075,0.07295854383112435,)
32	2692665149493869	17647	7	(505:43[0.18000000000000002],544:177[0.17],549:40[0.15],553:43[0.18000000000000002],556:58[0.19000000000000003],557:124[0.15],559:23[0.20000000000000004],)	508	-61.68	-150.46566929133857	-10000.0	13	12.786	17	10	(0.05811247455781381,0.08906486558176056,0.07595723188991946,0.08037195684342673,0.10934132387808528,0.07779408652734664,0.08004521587999601,)
33	2692790902787426	18164	6	(505:80[0.19000000000000003],544:61[0.16],553:203[0.19000000000000003],556:35[0.20000000000000004],557:61[0.13999999999999999],559:67[0.21000000000000005],)	507	-62.88	-206.6628007889546	-10000.0	16	13.328	18	10	(0.07197135545171153,0.09662017956220503,0.10933327205298307,0.1046531817234642,0.07849179443573014,0.04890403904306932,)
34	2692882589155548	18670	6	(505:29[0.20000000000000004],544:74[0.17],553:98[0.18000000000000002],556:166[0.21000000000000005],557:38[0.15],559:101[0.22000000000000006],)	506	-63.25	-184.38371541501968	-9953.07	14	12.928	18	10	(0.0712290148748848,0.0991100091121734,0.06096319074054577,0.11616451648277071,0.09377185257372185,0.050851476196911785,)
35	2692988420901687	19184	6	(505:36[0.21000000000000005],544:35[0.18000000000000002],553:41[0.17],556:207[0.20000000000000004],557:94[0.16],559:93[0.21000000000000005],)	506	-62.85	-176.80968379446642	-9960.59	15	12.722	18	10	(0.093998439808424,0.05330903241514523,0.07470741255785643,0.08802691962227092,0.080306933173521,0.06160221592615116,)
36	2693095475708708	19690	6	(505:160[0.22000000000000006],544:25[0.19000000000000003],553:67[0.18000000000000002],556:113[0.19000000000000003],557:40[0.15],559:101[0.20000000000000004],)	506	-63.13	-205.77140316205535	-10000.0	10	13.104	18	10	(0.06787805254975414,0.08322994621309694,0.08070281597432263,0.07476098498154046,0.0793087410250772,0.07469011465945008,)
37	2693228471656512	20197	6	(505:32[0.21000000000000005],544:42[0.20000000000000004],553:167[0.19000000000000003],556:73[0.18000000000000002],557:133[0.16],559:59[0.19000000000000003],)	506	-62.63	-218.62231225296443	-10000.0	13	12.812	19	10	(0.10721521918975926,0.11209583717596613,0.08701295603227273,0.0951690614757433,0.08007391021025864,0.09965475788874378,)
38	2693341672170232	20709	6	(505:112[0.22000000000000006],544:83[0.21000000000000005],553:21[0.18000000000000002],556:131[0.19000000000000003],557:16[0.15],559:143[0.20000000000000004],)	506	-62.56	-231.77944664031625	-10000.0	12	12.536	19	10	(0.10104428944010282,0.08589797284985577,0.06995019121090963,0.08015406031857629,0.11283522146919743,0.05859220512861004,)
39	2693436132649920	21227	7	(505:28[0.21000000000000005],544:210[0.20000000000000004],553:23[0.19000000000000003],556:40[0.18000000000000002],557:39[0.16],559:134[0.19000000000000003],575:32[0.15],)	506	-62.72	-177.21203557312256	-9975.04	15	12.4	20	10	(0.08950134944039635,0.0967577589055982,0.09393076895871587,0.09829371920456471,0.09764190897212788,0.07343866033405057,0.07738373553261933,)
40	2693532264168719	21744	9	(505:27[0.22000000000000006],544:113[0.19000000000000003],553:38[0.20000000000000004],557:33[0.17],559:51[0.18000000000000002],575:193[0.16],577:17[0.15],578:18[0.15],579:17[0.15],)	507	-63.26	-162.7335108481262	-9968.72	15	12.71	18	10	(0.08457880898443317,0.09596262427874358,0.06232381374134712,0.11112206843522328,0.09173476730847821,0.028450141134513822,0.09877166546136369,0.0831819243947753,0.07584763756490379,)
41	2693626899723385	22276	7	(505:26[0.23000000000000007],544:61[0.18000000000000002],553:62[0.21000000000000005],559:86[0.19000000000000003],575:42[0.15],578:23[0.16],579:209[0.16],)	509	-62.3	-143.6273084479371	-9975.11	16	12.77	18	10	(0.0837243942390242,0.08199262524526738,0.11656250920694547,0.13628441710813152,0.09078574539114063,0.0918340418179534,0.03300391463758621,)
42	2693678935561528	22797	7	(505:31[0.24000000000000007],544:167[0.19000000000000003],553:30[0.22000000000000006],559:102[0.18000000000000002],575:32[0.16],579:73[0.15],582:72[0.15],)	507	-63.19	-66.6763116370809	-193.96	13	12.192	19	10	(0.10979659660317155,0.12282357842111748,0.06310389523898251,0.061069342276085826,0.07842430851765803,0.05843640989486563,0.07138380882705403,)
43	2693795767491576	23309	8	(505:76[0.25000000000000006],544:28[0.18000000000000002],553:41[0.23000000000000007],559:110[0.17],575:73[0.17],579:48[0.13999999999999999],582:101[0.13999999999999999],583:30[0.15],)	507	-62.52	-219.9827021696252	-9984.45	11	12.316	18	10	(0.07744794611298515,0.04208876514172915,0.12245309410139263,0.1191819383988739,0.05917838974655575,0.06934656162013815,0.07552334052134756,0.09065447138688047,)
44	2693897968006227	23839	6	(505:63[0.24000000000000005],553:82[0.24000000000000007],575:53[0.16],579:40[0.15],582:85[0.12999999999999998],583:185[0.16],)	508	-62.25	-162.98864173228353	-9923.58	13	12.508	18	10	(0.11959797141505303,0.09375448588806337,0.05818822119548434,0.07901926534426075,0.05463466870798826,0.08195132820841655,)
45	2693974116178252	24345	7	(505:46[0.25000000000000006],553:26[0.25000000000000006],575:135[0.17],579:46[0.16],582:63[0.11999999999999998],583:148[0.15],585:42[0.15],)	506	-63.26	-140.2257312252965	-9913.89	10	12.302	18	10	(0.07813847581658682,0.1290207205470798,0.08015385601149987,0.06651435964173119,0.06196298393714452,0.08122678044264252,0.05706819537089719,)
46	2694050909380921	24853	7	(505:85[0.26000000000000006],553:163[0.26000000000000006],575:87[0.16],579:43[0.17],582:38[0.12999999999999998],583:61[0.13999999999999999],585:30[0.16],)	507	-62.18	-114.45072978303747	-9814.74	11	13.188	19	10	(0.11486203293084231,0.08862405005485098,0.07119390790061177,0.10602939462393199,0.05414507798614743,0.0833761253574141,0.06887176034684858,)
47	2694150566502986	25374	6	(505:154[0.25000000000000006],553:60[0.25000000000000006],575:142[0.15],579:41[0.18000000000000002],583:31[0.15],585:79[0.17],)	507	-63.4	-203.3520907297831	-9989.55	16	12.664	19	10	(0.10316077340799121,0.09540022024809468,0.057662737683354975,0.08998263422641342,0.07449686692835142,0.05786962759839424,)
48	2694224334069050	25882	6	(505:101[0.24000000000000005],553:33[0.26000000000000006],575:92[0.13999999999999999],579:29[0.19000000000000003],583:34[0.16],585:217[0.18000000000000002],)	506	-59.58	-146.74954545454548	-10000.0	12	12.332	19	10	(0.11003180843146643,0.1160713674066224,0.06659832066277521,0.13027478416886354,0.08694295000021811,0.06223521681822114,)
49	2694347488881779	26394	7	(505:54[0.23000000000000004],553:42[0.2700000000000001],575:89[0.12999999999999998],579:22[0.20000000000000004],583:199[0.17],585:80[0.17],589:20[0.15],)	506	-54.57	-213.40839920948622	-10000.0	12	12.526	20	10	(0.13437770710811342,0.14460806567588413,0.07609485139223203,0.09214828267847443,0.08592337112983797,0.1031255822916882,0.0986225614396676,)
50	2694443524783085	26939	6	(505:95[0.24000000000000005],553:80[0.2800000000000001],575:49[0.11999999999999998],579:34[0.21000000000000005],583:180[0.16],589:69[0.16],)	507	-62.84	-148.21437869822486	-10000.0	13	13.058	22	10	(0.13904914194496568,0.15304960851391944,0.08429398554892403,0.16041569041750484,0.10201642201708688,0.08053965536069896,)
51	2694555236303293	27464	6	(505:25[0.23000000000000004],553:81[0.2900000000000001],575:127[0.12999999999999998],579:107[0.22000000000000006],583:131[0.15],589:35[0.17],)	506	-63.05	-201.9849802371541	-9952.85	10	13.55	24	10	(0.15486555057310963,0.134910909248328,0.09483632286796588,0.11766196204432795,0.1227036717344902,0.0754077844300348,)
52	2694687863612603	27970	6	(505:54[0.24000000000000005],553:230[0.3000000000000001],575:37[0.11999999999999998],579:109[0.21000000000000005],583:27[0.13999999999999999],589:49[0.18000000000000002],)	506	-63.08	-194.42792490118578	-10000.0	13	13.45	23	10	(0.13922404799509971,0.11560314752653195,0.08483276126801889,0.1212663646343314,0.09954625552434225,0.12081388223280148,)
53	2694756069638367	28476	6	(505:30[0.25000000000000006],553:102[0.2900000000000001],575:113[0.12999999999999998],579:58[0.20000000000000004],583:178[0.15],589:25[0.19000000000000003],)	506	-62.03	-97.56450592885375	-9569.99	10	14.59	23	10	(0.11543648787845585,0.12698684842586538,0.07277638492006107,0.1099547440969676,0.1148938016349077,0.10754627517726746,)
54	2694879789632969	28985	7	(505:161[0.26000000000000006],553:20[0.2800000000000001],575:111[0.11999999999999998],579:20[0.21000000000000005],583:102[0.13999999999999999],589:73[0.20000000000000004],597:19[0.15],)	506	-63.25	-205.34084980237145	-9981.78	14	13.772	24	10	(0.16796078858051927,0.17296714820499376,0.06669250701514506,0.12649842809498563,0.06594186694384875,0.1020740295360844,0.08526009882837718,)
55	2694979479594812	29508	7	(505:38[0.25000000000000006],553:133[0.2900000000000001],579:30[0.22000000000000006],583:29[0.12999999999999998],589:48[0.19000000000000003],597:196[0.16],600:33[0.15],)	507	-62.71	-167.06932938856013	-9949.56	11	12.78	22	10	(0.12415438266377248,0.15924651641332366,0.1439154776800144,0.07846242559465476,0.12350857666546133,0.08949760643301125,0.09675189918504214,)
56	2695095006867734	30026	6	(505:84[0.26000000000000006],553:39[0.2800000000000001],579:20[0.23000000000000007],583:145[0.13999999999999999],589:42[0.20000000000000004],600:177[0.16],)	507	-63.1	-183.22680473372782	-9891.27	17	14.384	23	10	(0.11351619287522093,0.14389813456907627,0.09895662468092918,0.09573593528959279,0.11601921932109233,0.0574174129126483,)
57	2695197562234887	30532	6	(505:72[0.25000000000000006],553:140[0.2900000000000001],579:67[0.24000000000000007],583:157[0.12999999999999998],589:21[0.21000000000000005],600:49[0.15],)	506	-63.18	-191.22460474308292	-9987.8	13	13.72	23	10	(0.13877273256978961,0.13079730343783974,0.12627191999303053,0.09641787596128816,0.13889281289447966,0.0760111577976359,)
58	2695313088348181	31044	7	(505:32[0.26000000000000006],553:127[0.2800000000000001],579:108[0.25000000000000006],583:75[0.11999999999999998],589:112[0.22000000000000006],600:33[0.16],602:19[0.15],)	506	-62.89	-195.33745059288538	-10000.0	11	12.956	23	10	(0.137050786860659,0.13083598782154177,0.1351814953085901,0.08728266602183878,0.16028660337715328,0.08268629408254954,0.06507618082968677,)
59	2695416607270463	31551	7	(505:76[0.2700000000000001],553:126[0.2700000000000001],579:78[0.24000000000000005],583:36[0.10999999999999999],589:82[0.21000000000000005],600:39[0.17],602:70[0.16],)	507	-62.78	-206.2913017751479	-10000.0	10	12.334	21	10	(0.10441763665501318,0.12811713198891012,0.08875714527205145,0.08980767074429781,0.1431870794800669,0.11710441457070686,0.08004908597498094,)
60	2695529151304149	32078	6	(553:153[0.26000000000000006],579:46[0.23000000000000004],583:53[0.11999999999999998],589:81[0.20000000000000004],600:135[0.18000000000000002],602:39[0.17],)	507	-62.89	-232.73339250493092	-10000.0	13	12.59	21	10	(0.12956560161202899,0.11678559128518405,0.07488021500284109,0.14612934449400766,0.10338741342627415,0.11913987849233625,)
61	2695618266025027	32605	9	(553:53[0.25000000000000006],579:51[0.24000000000000005],583:52[0.12999999999999998],589:44[0.21000000000000005],600:96[0.17],602:80[0.18000000000000002],605:46[0.15],606:66[0.15],607:18[0.15],)	506	-62.94	-134.1611462450593	-9848.93	12	12.83	21	10	(0.14536748712335593,0.14995821454429067,0.10281985261400307,0.15139533901100943,0.11490335984027673,0.1248262361090345,0.11149188681096117,0.07918822130443433,0.10807245373714514,)
62	2695716293400115	33144	7	(553:32[0.26000000000000006],583:26[0.13999999999999999],589:210[0.22000000000000006],600:41[0.16],605:35[0.16],606:123[0.13999999999999999],607:42[0.16],)	509	-62.11	-144.33833005893905	-10000.0	11	13.012	21	10	(0.09538168137879266,0.09926308941362015,0.1366034034453936,0.10711882650707265,0.098481279383082,0.06778727689666593,0.08195925494823901,)
63	2695815449582758	33669	9	(553:78[0.2700000000000001],583:86[0.15],589:56[0.21000000000000005],600:36[0.17],605:35[0.17],606:123[0.12999999999999998],607:41[0.17],615:34[0.15],616:18[0.15],)	507	-63.0	-163.5727218934911	-9928.01	10	13.2	21	10	(0.13541993667411825,0.11356941553400811,0.11572652054599171,0.12690651907354583,0.10899346529548654,0.07406194552013241,0.09348193717646948,0.12483109092957528,0.08077915585377397,)
64	2695932291058070	34196	12	(553:39[0.26000000000000006],583:18[0.13999999999999999],600:60[0.18000000000000002],605:73[0.18000000000000002],606:72[0.11999999999999998],607:44[0.18000000000000002],616:38[0.16],621:30[0.15],622:23[0.15],625:19[0.15],626:40[0.15],627:53[0.15],)	509	-62.79	-203.90787819253438	-10000.0	11	12.294	20	10	(0.128755648128789,0.09096348497029595,0.09942057020880006,0.12248801957259128,0.0795736021479645,0.08978961495112397,0.08810717014912704,0.07111738336555126,0.10534307332683417,0.09402978874722127,0.06503634640766397,0.08600514111243965,)
65	2696047418895553	34731	10	(553:26[0.2700000000000001],600:30[0.17],605:34[0.17],606:98[0.10999999999999999],607:125[0.17],616:29[0.17],622:31[0.16],625:28[0.16],626:28[0.16],627:83[0.13999999999999999],)	512	-62.16	-261.88341796875	-9978.58	12	11.994	21	10	(0.21433414649830415,0.1008099815292743,0.11921194381529109,0.06359943563940933,0.0520262566377737,0.07309317130435841,0.06136365484741232,0.07723755369872136,0.07584013823660161,0.05558158310015268,)
66	2696172507945458	35290	6	(605:39[0.18000000000000002],607:333[0.16],616:25[0.18000000000000002],622:36[0.17],626:34[0.17],627:43[0.12999999999999998],)	510	-63.02	-272.1578431372549	-9981.58	15	11.508	19	10	(0.11997629634273821,0.05671267812004848,0.0812736571116642,0.06772597663306253,0.10729156507890658,0.05331575060195278,)
67	2696281964655282	35817	7	(605:77[0.19000000000000003],607:175[0.15],616:50[0.19000000000000003],622:119[0.18000000000000002],626:21[0.18000000000000002],627:33[0.13999999999999999],634:31[0.15],)	506	-62.93	-165.39017786561269	-10000.0	10	12.208	19	10	(0.07845404728592303,0.06102939475672058,0.09630387973645274,0.09294201797272306,0.10655457627361062,0.05331184547754755,0.09052957291430343,)
68	2696406391046658	36380	5	(605:107[0.18000000000000002],607:34[0.13999999999999999],616:73[0.20000000000000004],626:57[0.19000000000000003],627:236[0.15],)	507	-62.54	-219.81021696252463	-9948.82	12	12.358	19	10	(0.08345347664139516,0.0738437313524431,0.1313429645827035,0.11306658970264938,0.0673916833387124,)
69	2696523372390340	36897	7	(605:60[0.17],607:142[0.15],616:24[0.21000000000000005],626:101[0.20000000000000004],627:55[0.13999999999999999],641:97[0.15],643:26[0.15],)	505	-62.47	-233.0796831683168	-10000.0	13	12.416	19	10	(0.12043302887009283,0.05877079461639189,0.13637393906345419,0.09383152017478041,0.09017911886347128,0.09788496820040336,0.08591559841093575,)
70	2696608277547058	37432	6	(607:98[0.13999999999999999],626:87[0.19000000000000003],627:174[0.15],641:53[0.13999999999999999],643:58[0.16],644:37[0.15],)	507	-60.88	-165.26506903353058	-9966.78	11	12.116	18	10	(0.03299135715671676,0.10979064707405424,0.06342741403101489,0.074364317284366,0.06682414187145529,0.07910774869923201,)
71	2696701086137132	37949	6	(607:107[0.12999999999999998],626:88[0.18000000000000002],627:153[0.13999999999999999],641:38[0.15],643:56[0.17],644:64[0.16],)	506	-62.75	-186.1997826086957	-9978.39	11	12.194	18	10	(0.049518612740792306,0.11225651334282706,0.06195675393242448,0.1001262404653293,0.08475414153520373,0.08938114350633172,)
72	2696781138980820	38479	7	(607:69[0.11999999999999998],626:26[0.17],627:158[0.12999999999999998],641:66[0.16],643:101[0.18000000000000002],644:51[0.17],650:35[0.15],)	506	-62.53	-125.11126482213439	-9933.59	16	12.502	18	10	(0.08604346085107341,0.09608971604527629,0.0848340263931246,0.0878928239242658,0.09076443625065535,0.08148576290748408,0.10130302589861295,)
73	2696847318521685	38986	8	(607:59[0.12999999999999998],626:42[0.18000000000000002],627:62[0.11999999999999998],641:128[0.17],643:46[0.17],644:66[0.18000000000000002],650:65[0.16],652:39[0.15],)	507	-63.24	-126.64800788954635	-9949.57	17	13.11	19	10	(0.05477259073385511,0.08105771215195075,0.07343143642085122,0.0842061994840379,0.08876597112726979,0.08269650833719777,0.09044697663503524,0.09070533155297698,)
74	2696918807209616	39507	7	(607:17[0.13999999999999999],626:92[0.19000000000000003],641:64[0.16],643:150[0.18000000000000002],644:63[0.17],652:66[0.16],653:56[0.15],)	508	-62.77	-128.27285433070864	-9929.88	11	13.1	19	10	(0.07280465036038564,0.07532558184506645,0.05753546413425736,0.08048444976399645,0.071948710270252,0.09466770297382585,0.10134086057260218,)
75	2696983410191623	40014	7	(607:308[0.15],626:35[0.18000000000000002],641:24[0.17],643:33[0.17],644:39[0.18000000000000002],652:41[0.17],653:27[0.16],)	507	-63.19	-120.32798816568045	-9958.87	12	12.56	19	10	(0.05236863645226323,0.062106288658532245,0.07110891657453265,0.07778963101565532,0.08083116259956609,0.11276319485197026,0.06748913626803711,)
76	2697137872202230	40529	7	(607:137[0.13999999999999999],626:27[0.19000000000000003],641:66[0.18000000000000002],643:101[0.18000000000000002],644:42[0.19000000000000003],652:36[0.18000000000000002],653:98[0.17],)	507	-62.92	-281.3782840236686	-9969.38	16	13.214	20	10	(0.06687597688209272,0.05687193006415732,0.11502946922481122,0.08422420645302216,0.09736144900990915,0.08516296332028388,0.07749751596821548,)
77	2697258488177643	41045	7	(607:108[0.12999999999999998],626:118[0.20000000000000004],641:66[0.19000000000000003],643:49[0.17],644:95[0.20000000000000004],652:36[0.19000000000000003],653:35[0.16],)	507	-62.35	-214.2819921104536	-9983.69	15	12.89	20	10	(0.07315572755214526,0.07363089377787446,0.10300463102640228,0.07867947459666103,0.11487486601378216,0.09048999857236056,0.0883057570226468,)
78	2697377049689859	41561	7	(607:64[0.11999999999999998],626:99[0.19000000000000003],641:117[0.20000000000000004],643:125[0.18000000000000002],644:24[0.19000000000000003],653:36[0.17],659:42[0.15],)	507	-62.76	-202.81512820512822	-9988.34	11	12.696	18	10	(0.08560488122566605,0.08728779082509532,0.06113378394055517,0.10415103369820175,0.08724831267057681,0.09961061010760502,0.09040198195055112,)
79	2697470687014121	42073	8	(607:36[0.12999999999999998],626:77[0.18000000000000002],641:120[0.19000000000000003],643:80[0.17],644:35[0.20000000000000004],653:64[0.18000000000000002],659:69[0.16],661:26[0.15],)	507	-62.47	-145.41984220907298	-9993.21	13	12.644	19	10	(0.08593963181806413,0.07316391048016431,0.09830502100827727,0.1000256941362089,0.10581633056994753,0.07317153753610772,0.08520575578213013,0.07992188876848531,)
80	2697569719376518	42613	8	(607:73[0.13999999999999999],626:54[0.17],641:95[0.18000000000000002],643:27[0.16],644:87[0.21000000000000005],659:30[0.15],661:100[0.16],665:42[0.15],)	508	-62.89	-145.6681496062992	-9984.89	13	12.736	18	10	(0.09391394906162034,0.06797545784989563,0.1132514143393767,0.09477142341291402,0.07924279852786005,0.07301404331198778,0.10037867345046003,0.09409987824431018,)
81	2697661545898704	43143	7	(607:19[0.12999999999999998],626:86[0.18000000000000002],641:41[0.17],644:34[0.20000000000000004],659:178[0.16],661:61[0.15],665:89[0.16],)	508	-62.22	-168.70771653543304	-9915.2	11	12.376	19	10	(0.0701399007688413,0.0892056020174653,0.10136440173087878,0.09534135289806688,0.0629030218686505,0.09514386384003201,0.06752556759462441,)
82	2697770355512895	43669	8	(607:31[0.13999999999999999],626:63[0.17],641:39[0.18000000000000002],644:61[0.21000000000000005],659:86[0.15],661:86[0.16],665:96[0.15],670:45[0.15],)	507	-63.22	-183.27597633136097	-9959.09	11	12.588	19	10	(0.06608560762950774,0.1300901077258026,0.10036623419269515,0.13314144397799174,0.07322130298871168,0.08567995728191635,0.06543218210960156,0.10411888147900768,)
83	2697900808338568	44183	9	(607:15[0.15],626:86[0.16],641:120[0.19000000000000003],644:80[0.22000000000000006],659:84[0.13999999999999999],661:37[0.15],665:38[0.13999999999999999],670:18[0.16],673:30[0.15],)	508	-62.99	-203.21029527559054	-10000.0	13	12.784	20	10	(0.08160725068345001,0.06859347950563181,0.09175953892550451,0.11766710553779283,0.0931850276567048,0.09765752974279997,0.06791282984394297,0.0980840495399557,0.08140487366773748,)
84	2698025467968568	44707	9	(607:53[0.16],626:57[0.15],641:53[0.18000000000000002],644:170[0.21000000000000005],661:39[0.16],665:24[0.15],670:47[0.17],673:39[0.16],676:27[0.15],)	509	-61.79	-237.75950884086438	-9987.95	11	12.968	20	10	(0.08469214893789159,0.10240364987373106,0.0858719446421059,0.06693831836441876,0.09157536233668724,0.06659864477966261,0.0879422899810076,0.06499515662880376,0.09948933993760978,)
85	2698140424915828	45223	8	(626:20[0.13999999999999999],641:71[0.19000000000000003],644:39[0.20000000000000004],661:38[0.17],665:160[0.16],670:65[0.18000000000000002],673:19[0.17],676:97[0.16],)	509	-62.49	-187.86347740667975	-9978.15	10	12.682	18	10	(0.06509082607449851,0.09893427983252179,0.07615015702430444,0.09077759622144882,0.07910363061881662,0.06656004288760843,0.06997988125385002,0.043278635093104006,)
86	2698282335009821	45750	6	(626:31[0.15],644:46[0.21000000000000005],661:75[0.18000000000000002],665:135[0.15],670:114[0.17],676:107[0.15],)	508	-62.66	-299.3779330708661	-9989.83	12	12.474	19	10	(0.0761312951445752,0.09875434774049534,0.06577082912014703,0.06536300533990036,0.07409947932611671,0.04471510570776265,)
87	2698381606902960	46257	6	(626:112[0.16],644:20[0.22000000000000006],661:106[0.19000000000000003],665:76[0.13999999999999999],670:117[0.16],676:75[0.13999999999999999],)	506	-62.1	-182.9025494071146	-9996.93	11	12.724	20	10	(0.08807040033960027,0.11566564085408562,0.07771436310286804,0.06696317805767192,0.08658507038613887,0.07722551234161881,)
88	2698521717956141	46768	6	(626:82[0.15],644:28[0.23000000000000007],661:53[0.18000000000000002],665:26[0.15],670:218[0.15],676:99[0.15],)	506	-62.66	-281.91001976284593	-10000.0	12	12.724	19	10	(0.07835264086322893,0.15894828089155655,0.09275128703913153,0.06531385816794993,0.08601455440378612,0.059218389008595246,)
89	2698641810881557	47286	6	(626:52[0.16],644:32[0.24000000000000007],661:133[0.19000000000000003],665:83[0.16],670:89[0.13999999999999999],676:117[0.13999999999999999],)	506	-62.95	-242.71954545454548	-10000.0	11	12.446	19	10	(0.06650294943747502,0.10394362658155502,0.061781842503120715,0.06767678196402246,0.07541051875942259,0.06869278617160687,)
90	2698738125668391	47805	6	(626:26[0.17],644:119[0.25000000000000006],661:79[0.18000000000000002],665:171[0.15],670:61[0.12999999999999998],676:50[0.12999999999999998],)	506	-50.28	-185.141185770751	-10000.0	12	11.732	19	10	(0.079196565856466,0.12852993780307234,0.09183630449835002,0.07587322949731336,0.09026700912772169,0.07225635428803122,)
91	2698862390888130	48314	7	(626:26[0.18000000000000002],644:30[0.24000000000000005],661:68[0.19000000000000003],665:203[0.13999999999999999],670:42[0.13999999999999999],676:114[0.13999999999999999],684:23[0.15],)	506	-54.74	-242.02539525691697	-10000.0	12	12.432	19	10	(0.13738488235058216,0.13237895668516383,0.06590912692657003,0.07488227647122925,0.08510780977239044,0.07950243915249501,0.08554941349855086,)
92	2698932479224078	48823	7	(626:18[0.19000000000000003],644:172[0.25000000000000006],661:47[0.20000000000000004],665:48[0.12999999999999998],670:128[0.15],676:32[0.12999999999999998],684:62[0.16],)	507	-51.77	-132.05175542406312	-10000.0	12	12.196	19	10	(0.07724743209639333,0.09955922640704126,0.09593405622619856,0.08150236555565668,0.06271799864474184,0.08223009716492082,0.05636451828393861,)
93	2699036688993659	49333	6	(626:43[0.20000000000000004],644:83[0.24000000000000005],665:179[0.13999999999999999],670:82[0.13999999999999999],676:67[0.13999999999999999],684:53[0.17],)	507	-48.36	-201.1915187376726	-10000.0	12	12.38	19	10	(0.09072851780487988,0.10738235632014512,0.07541710722588742,0.06343482573706881,0.08578426060405683,0.08790648668217792,)
94	2699163948961077	49860	5	(626:102[0.21000000000000005],644:53[0.23000000000000004],665:109[0.12999999999999998],670:139[0.15],676:103[0.15],)	506	-48.51	-206.27440711462452	-10000.0	13	12.828	20	10	(0.0799008138335747,0.12189127220056711,0.0634881067184791,0.05788745875722064,0.09843600095512867,)
95	2699280635330160	50389	7	(626:161[0.20000000000000004],644:121[0.24000000000000005],665:84[0.11999999999999998],670:24[0.13999999999999999],676:32[0.13999999999999999],690:36[0.15],692:47[0.15],)	505	-43.61	-183.68031683168317	-10000.0	10	13.534	20	10	(0.08162443701998287,0.11714878953364997,0.08005407559522941,0.10364603042236249,0.08354501131615459,0.09403485586462432,0.07459219981480245,)
96	2699398027961226	50896	7	(626:48[0.19000000000000003],644:53[0.23000000000000004],665:56[0.10999999999999999],670:23[0.15],676:135[0.15],690:58[0.16],692:134[0.16],)	507	-41.57	-194.9433727810651	-10000.0	13	13.468	20	10	(0.08344917698914422,0.08964158243238078,0.0716027856137715,0.07222472656850742,0.054640643848460325,0.07223556153171996,0.05342773460907553,)
97	2699490459880914	51424	7	(626:73[0.20000000000000004],644:28[0.24000000000000005],665:34[0.11999999999999998],670:174[0.16],676:83[0.13999999999999999],690:68[0.17],692:47[0.15],)	507	-44.71	-124.60662721893486	-9984.27	13	13.576	21	10	(0.09363936328574335,0.11872743375480273,0.06864469391265907,0.0671478807631337,0.0597107518968207,0.08671462517777621,0.06850555082204624,)
98	2699605453319628	51937	7	(626:22[0.19000000000000003],644:69[0.25000000000000006],665:182[0.12999999999999998],670:91[0.15],676:82[0.12999999999999998],690:33[0.18000000000000002],692:28[0.16],)	507	-46.81	-210.64254437869826	-9954.85	14	12.972	21	10	(0.10341843047880644,0.09945655793428153,0.035950790954833126,0.07084924676997097,0.08409088150612459,0.05774275885210906,0.09344630801027798,)
99	2699744288746729	52444	7	(626:19[0.20000000000000004],644:177[0.26000000000000006],665:19[0.11999999999999998],670:96[0.13999999999999999],676:39[0.11999999999999998],690:126[0.19000000000000003],692:31[0.17],)	507	-39.25	-244.5474753451676	-10000.0	13	12.69	22	10	(0.1458838406323488,0.13810841667551285,0.08653036794907784,0.09697368493088843,0.07499618020583834,0.08899933116133357,0.08584512693568935,)
100	2699933461418653	52959	6	(626:149[0.21000000000000005],644:106[0.25000000000000006],665:172[0.12999999999999998],676:27[0.12999999999999998],690:35[0.18000000000000002],692:18[0.18000000000000002],)	507	-42.15	-324.333708086785	-10000.0	15	12.774	19	10	(0.053419966258176695,0.11933737715466564,0.06499025792539752,0.0703295939326771,0.09120210916979704,0.09069792180979366,)
101	2700069362325181	53478	6	(626:117[0.20000000000000004],644:124[0.24000000000000005],665:27[0.11999999999999998],676:23[0.13999999999999999],690:161[0.19000000000000003],692:54[0.19000000000000003],)	506	-45.74	-236.4634782608696	-10000.0	12	12.778	20	10	(0.0747202982120218,0.058944444508863575,0.07742317810604137,0.058179049142095526,0.07296568820330335,0.10047841383473985,)
102	2700180927365290	53993	7	(626:54[0.19000000000000003],644:230[0.23000000000000004],665:57[0.12999999999999998],676:20[0.15],690:81[0.18000000000000002],692:29[0.20000000000000004],700:35[0.15],)	506	-42.61	-169.77195652173913	-9949.36	15	12.954	19	10	(0.08473587510482465,0.06452154226352101,0.08669224310731347,0.07994997510723038,0.09475926518948935,0.09842895196986562,0.08721730696833281,)
103	2700319262906739	54500	7	(626:65[0.20000000000000004],644:108[0.22000000000000003],665:39[0.13999999999999999],676:83[0.16],690:42[0.17],692:131[0.21000000000000005],700:39[0.16],)	507	-42.67	-239.4692899408284	-10000.0	14	13.166	19	10	(0.08868958412398077,0.06562262891600332,0.05868570363862997,0.0772990846642449,0.07373661717098398,0.08853937154677817,0.07395170477641858,)
104	2700499995101442	55014	6	(626:24[0.21000000000000005],644:143[0.21000000000000002],665:186[0.15],676:49[0.15],690:81[0.18000000000000002],700:24[0.17],)	507	-42.54	-339.570946745562	-10000.0	15	12.538	18	10	(0.10784769319279304,0.07541357778986175,0.08110474543123683,0.08198137579090072,0.07780476976174203,0.08564139738473052,)
105	2700601430777840	55520	6	(626:69[0.22000000000000006],644:117[0.2],665:93[0.13999999999999999],676:16[0.16],690:180[0.19000000000000003],700:31[0.18000000000000002],)	506	-41.3	-203.26567193675885	-9938.65	15	12.58	19	10	(0.1141117577174577,0.07274964939592186,0.08976664689801744,0.06496384039669871,0.08730014610856994,0.08227284881809602,)
106	2700702285239124	56026	6	(626:72[0.23000000000000007],644:137[0.19],665:24[0.12999999999999998],676:46[0.17],690:178[0.18000000000000002],700:49[0.19000000000000003],)	506	-45.32	-211.1332411067194	-9937.86	15	13.058	19	10	(0.10882712139666267,0.06546436598400285,0.09097158161114716,0.06608055428661042,0.0806107751559844,0.11917632832878335,)
107	2700817235993290	56552	4	(626:99[0.24000000000000007],644:36[0.18],676:29[0.18000000000000002],700:342[0.20000000000000004],)	506	-45.67	-203.5729841897234	-10000.0	15	12.084	19	10	(0.1196906315540675,0.0645782154545012,0.0667881359482339,0.08652254842061419,)
108	2700950601855651	57056	4	(626:150[0.25000000000000006],644:69[0.19],676:66[0.19000000000000003],700:219[0.19000000000000003],)	504	-39.96	-234.05123015873016	-10000.0	16	12.708	19	10	(0.09976644386389791,0.06916869492333577,0.07245140709234223,0.08489767104133883,)
109	2701080539469025	57560	4	(626:84[0.24000000000000005],644:294[0.2],676:89[0.20000000000000004],700:37[0.18000000000000002],)	504	-39.58	-190.54638888888886	-10000.0	15	14.212	19	10	(0.1291179127116721,0.06087749773359192,0.07052209497605678,0.13542548552789385,)
110	2701272047931201	58064	4	(626:29[0.25000000000000006],644:228[0.19],676:63[0.21000000000000005],700:184[0.19000000000000003],)	504	-38.99	-304.4365277777777	-10000.0	16	13.666	20	10	(0.10659441138945783,0.0699108900606163,0.09667635776570374,0.07769975248959995,)
111	2701474600598270	58568	4	(626:82[0.26000000000000006],644:190[0.18],676:118[0.22000000000000006],700:114[0.18000000000000002],)	504	-41.22	-324.7682539682539	-10000.0	17	13.61	21	10	(0.11760781152994577,0.07609740315929613,0.07602659783879387,0.10628460384903264,)
112	2701604342781741	59072	4	(626:217[0.2700000000000001],644:155[0.16999999999999998],676:96[0.23000000000000007],700:36[0.19000000000000003],)	504	-39.96	-227.30783730158728	-10000.0	15	13.334	22	10	(0.0935349477714121,0.11044465461567939,0.09764096076738936,0.1017543941400062,)
113	2701754862907538	59583	4	(644:171[0.15999999999999998],676:83[0.24000000000000007],700:230[0.20000000000000004],703:20[0.15],)	504	-40.14	-257.3448611111111	-9986.22	11	13.174	22	10	(0.07793137165853332,0.10031983565073435,0.10868314918794268,0.12723996584898078,)
114	2701924010980283	60095	5	(644:120[0.14999999999999997],676:127[0.25000000000000006],700:123[0.19000000000000003],703:93[0.16],704:41[0.15],)	504	-39.72	-247.5928968253969	-10000.0	17	13.29	23	10	(0.08778383993124968,0.07814218808900843,0.09633445317955192,0.10542448651186084,0.07156088160331081,)
115	2702073761746561	60600	5	(644:80[0.13999999999999996],676:46[0.24000000000000005],700:35[0.18000000000000002],703:65[0.17],704:279[0.16],)	505	-38.48	-234.57853465346534	-9998.94	13	13.816	21	10	(0.07972887622075416,0.10238048641501832,0.12023302247888881,0.11186723018575263,0.05659716870576081,)
116	2702234193120595	61126	6	(644:114[0.14999999999999997],676:127[0.25000000000000006],700:51[0.19000000000000003],703:33[0.18000000000000002],704:163[0.15],709:17[0.15],)	505	-37.3	-217.9722178217822	-9990.19	12	14.008	20	10	(0.07228490712359217,0.10847646784549618,0.10405541500266566,0.11160901306804645,0.07843966622284021,0.07569996631502156,)
117	2702426235101499	61643	5	(644:100[0.13999999999999996],676:73[0.24000000000000005],703:74[0.19000000000000003],704:119[0.13999999999999999],709:140[0.16],)	506	-39.33	-287.30954545454546	-10000.0	19	14.118	20	10	(0.061131234697602975,0.14993168449319522,0.11270111189187965,0.05216001945711557,0.048863407842202146,)
118	2702590442375573	62168	5	(644:173[0.12999999999999995],676:47[0.25000000000000006],703:48[0.20000000000000004],704:198[0.12999999999999998],709:39[0.15],)	505	-38.09	-236.19405940594064	-10000.0	14	15.022	21	10	(0.07344234687533513,0.10120128696435876,0.10341872127661565,0.06738744016621646,0.08934314362631285,)
119	2702765694908981	62674	5	(644:125[0.11999999999999995],676:42[0.26000000000000006],703:23[0.21000000000000005],704:86[0.11999999999999998],709:229[0.16],)	505	-36.7	-223.69229702970296	-9985.81	13	14.82	21	10	(0.07196654969007645,0.15845584220610048,0.13516795171928694,0.07466249649926185,0.07981170738971063,)
120	2702962011072967	63179	6	(644:68[0.10999999999999996],676:177[0.2700000000000001],703:98[0.22000000000000006],704:66[0.12999999999999998],709:75[0.15],715:21[0.15],)	505	-37.45	-279.45097029702976	-10000.0	13	13.924	22	10	(0.07733004668985505,0.11485832756251504,0.09538837176003664,0.05589203268626401,0.06237246873034786,0.037200756814244784,)
121	2703140699129809	63690	5	(644:207[0.11999999999999995],676:52[0.26000000000000006],703:60[0.21000000000000005],704:71[0.13999999999999999],715:116[0.16],)	506	-36.73	-259.8153557312252	-10000.0	17	15.8	23	10	(0.0802158322265423,0.021926266547671974,0.08589166533345374,0.06970445446120695,0.07252866461928772,)
122	2703290143617135	64195	5	(644:78[0.10999999999999996],676:151[0.2700000000000001],703:159[0.22000000000000006],704:64[0.15],715:53[0.15],)	505	-37.63	-253.5398613861386	-10000.0	18	13.926	23	10	(0.046798385681653384,0.028402383063149548,0.08025872478000151,0.04770956438161599,0.08053380021219982,)
123	2703496025754054	64700	5	(644:65[0.11999999999999995],676:184[0.26000000000000006],703:108[0.21000000000000005],704:89[0.16],715:59[0.16],)	505	-35.78	-339.39661386138613	-9963.96	17	14.096	23	10	(0.05550461998474654,0.04263288688117651,0.1079894658106551,0.05683161358544066,0.09562079647166848,)
124	2703671633807457	65205	5	(644:192[0.12999999999999995],676:88[0.25000000000000006],703:24[0.20000000000000004],704:50[0.17],715:151[0.17],)	505	-34.18	-226.9029108910892	-9999.84	17	15.714	22	10	(0.05313576940586246,0.06614559439973587,0.14881587493645904,0.07749127470996288,0.0944524126433309,)
125	2703842283914302	65710	5	(644:240[0.11999999999999995],676:37[0.26000000000000006],703:41[0.21000000000000005],704:110[0.18000000000000002],715:77[0.16],)	505	-35.75	-234.81677227722776	-10000.0	20	16.18	22	10	(0.055016149994396746,0.03943347503643293,0.10423920473530122,0.07652744487497981,0.07603849230119686,)
126	2704080504616518	66220	5	(644:120[0.10999999999999996],676:46[0.2700000000000001],703:114[0.22000000000000006],704:71[0.17],715:154[0.17],)	505	-35.52	-316.1070099009901	-10000.0	20	15.376	23	10	(0.059170110713234546,0.08611485644094394,0.1095924995486225,0.07816575707767028,0.07344213367278696,)
127	2704295707450517	66725	5	(644:106[0.09999999999999996],676:87[0.2800000000000001],703:48[0.21000000000000005],704:127[0.18000000000000002],715:137[0.16],)	505	-36.29	-274.096693069307	-10000.0	19	15.734	23	10	(0.06083128951151636,0.07354382705979699,0.11878006096807452,0.06492102762259407,0.06755348483053397,)
128	2704475702698805	67230	5	(644:154[0.08999999999999997],676:62[0.2900000000000001],703:96[0.22000000000000006],704:104[0.17],715:89[0.15],)	505	-34.65	-266.7280990099009	-10000.0	14	15.55	22	10	(0.05520376941265793,0.051946850838217325,0.11174544550902049,0.0810215662247571,0.05461287350538675,)
129	2704728460118978	67735	5	(644:37[0.07999999999999997],676:190[0.3000000000000001],703:26[0.23000000000000007],704:142[0.16],715:110[0.16],)	505	-33.22	-356.4260198019804	-10000.0	17	15.812	22	10	(0.05729966861040194,0.0385001117599053,0.1032607786378107,0.08926419854045615,0.09920271629686468,)
130	2704984903471733	68254	4	(676:82[0.2900000000000001],703:251[0.24000000000000007],704:40[0.15],715:132[0.15],)	505	-34.72	-325.5867128712871	-10000.0	20	15.792	22	10	(0.1426488071246093,0.14530529224295635,0.09587352984794244,0.08412291639923798,)
131	2705300166554285	68758	4	(676:162[0.3000000000000001],703:47[0.23000000000000007],704:261[0.16],715:34[0.13999999999999999],)	504	-33.96	-404.2860317460319	-10000.0	20	17.712	23	10	(0.12365049796729256,0.1554681676995109,0.051423284591008374,0.03375545356070546,)
132	2705512613983028	69262	4	(676:165[0.2900000000000001],703:36[0.24000000000000007],704:17[0.15],715:286[0.15],)	504	-32.88	-247.77476190476193	-10000.0	19	16.756	22	10	(0.05612760085102483,0.0915808744054716,0.09120365814506022,0.056110986689300583,)
133	2705816003915622	69766	4	(676:101[0.2800000000000001],703:52[0.25000000000000006],704:30[0.16],715:321[0.13999999999999999],)	504	-32.83	-382.87730158730153	-10000.0	17	17.068	23	10	(0.06326906245204544,0.11021839809835976,0.09831097469937812,0.05319201515302571,)
134	2706052685455895	70270	4	(676:96[0.2900000000000001],703:22[0.26000000000000006],704:231[0.17],715:155[0.12999999999999998],)	504	-34.3	-310.5062698412697	-10000.0	15	17.332	23	10	(0.07472697078369532,0.12724982673227278,0.055384254611482414,0.057965329552712296,)
135	2706244860327049	70774	4	(676:43[0.3000000000000001],703:171[0.2700000000000001],704:152[0.16],715:138[0.11999999999999998],)	504	-34.6	-260.94482142857146	-9997.33	20	15.434	24	10	(0.11723092171915792,0.10658543460034138,0.08172804435867216,0.04890687186132257,)
136	2706492861000709	71278	4	(676:138[0.3100000000000001],703:90[0.26000000000000006],704:150[0.15],715:126[0.10999999999999999],)	504	-34.71	-347.6930555555556	-10000.0	18	15.376	24	10	(0.07484576714977129,0.12809483856966913,0.09935324332961633,0.04549216360677005,)
137	2706710392861623	71782	4	(676:131[0.3000000000000001],703:93[0.2700000000000001],704:157[0.13999999999999999],715:123[0.09999999999999999],)	504	-33.78	-294.70184523809525	-9974.79	18	16.902	25	10	(0.131469857070709,0.13202177332130505,0.09796989739876873,0.0629936519764042,)
138	2707007812084322	72286	4	(676:60[0.2900000000000001],703:113[0.2800000000000001],704:235[0.12999999999999998],715:96[0.10999999999999999],)	504	-34.8	-386.31218253968257	-10000.0	16	16.768	24	10	(0.14907508476560716,0.14064032895709486,0.07727797402927924,0.07062626008850326,)
139	2707202344288982	72790	4	(676:151[0.3000000000000001],703:76[0.2900000000000001],704:65[0.11999999999999998],715:212[0.11999999999999998],)	504	-34.17	-248.25244047619051	-10000.0	19	16.61	25	10	(0.12058722297863309,0.1642749426977815,0.08875068993999694,0.058252517513294244,)
140	2707457799467848	73294	4	(676:143[0.2900000000000001],703:34[0.3000000000000001],704:189[0.12999999999999998],715:138[0.10999999999999999],)	504	-32.61	-376.8106547619047	-9993.34	16	17.668	24	10	(0.13763526438571494,0.14156705359298402,0.05944979773965755,0.06570038884865041,)
141	2707682899410553	73798	4	(676:221[0.2800000000000001],703:153[0.3100000000000001],704:40[0.11999999999999998],715:90[0.09999999999999999],)	504	-31.48	-333.26289682539675	-9962.13	20	15.932	25	10	(0.11817250538035587,0.14545361830574965,0.05458538776812294,0.06766668315142998,)
142	2707928359867985	74302	5	(676:69[0.2700000000000001],703:24[0.3000000000000001],704:198[0.12999999999999998],715:189[0.10999999999999999],717:24[0.15],)	504	-33.95	-274.56583333333333	-9968.66	22	17.916	26	10	(0.17173822976567024,0.1341539921308337,0.05280799429142954,0.07506128393773442,0.12912730451327378,)
143	2708029200214110	74807	5	(676:41[0.2800000000000001],703:25[0.3100000000000001],704:112[0.11999999999999998],715:77[0.09999999999999999],717:250[0.16],)	505	-33.95	-150.3699603960396	-10000.0	15	17.13	26	10	(0.10947779315204176,0.1364224698308646,0.038247980883693786,0.07185703194933664,0.04939502643824818,)
144	2708135074628778	75312	5	(676:63[0.2900000000000001],703:222[0.3200000000000001],704:26[0.10999999999999999],715:104[0.10999999999999999],717:90[0.15],)	505	-34.8	-177.74936633663367	-9913.32	14	15.412	27	10	(0.1201389368333096,0.08448126656231485,0.052594115837801964,0.08180398864968255,0.05308720385516677,)
145	2708405550466497	75817	5	(676:22[0.3000000000000001],703:189[0.3100000000000001],704:45[0.11999999999999998],715:100[0.09999999999999999],717:149[0.16],)	505	-33.48	-454.0594653465347	-10000.0	20	15.982	24	10	(0.1839563351196059,0.152454185329532,0.07148662081293952,0.04968073250836924,0.06818901678314924,)
146	2708718766008451	76322	5	(676:104[0.3100000000000001],703:28[0.3000000000000001],704:149[0.12999999999999998],715:88[0.09],717:136[0.15],)	505	-33.86	-445.14162376237624	-9970.81	16	16.518	24	10	(0.19246560062807122,0.11027226946588024,0.07519128492959165,0.07469395767750484,0.11381677249412098,)
147	2708945658608596	76827	6	(676:81[0.3000000000000001],703:152[0.3100000000000001],704:77[0.11999999999999998],715:58[0.09999999999999999],717:115[0.13999999999999999],718:22[0.15],)	505	-34.26	-364.2995247524753	-10000.0	23	15.916	25	10	(0.12288421425962325,0.201485809586544,0.06070382775159628,0.05319254490871369,0.08368212470445065,0.11989725290098154,)
148	2709176446842132	77333	6	(676:32[0.3100000000000001],703:84[0.3000000000000001],704:117[0.12999999999999998],715:85[0.10999999999999999],717:77[0.12999999999999998],718:111[0.16],)	506	-34.9	-369.37185770750995	-10000.0	16	16.022	24	10	(0.14038750444238646,0.13401173878693748,0.08846754627479538,0.08177170833912914,0.07439287002854725,0.09280847950277611,)
149	2709428031187124	77839	6	(676:89[0.3200000000000001],703:107[0.2900000000000001],704:44[0.11999999999999998],715:111[0.09999999999999999],717:54[0.13999999999999999],718:101[0.15],)	506	-34.44	-397.4483201581027	-10000.0	14	15.78	25	10	(0.12435424628346002,0.12471466928425268,0.0859916846424096,0.05912129774674401,0.05118062963988287,0.12049080874070069,)
