alpha = 0.15
gamma = 1.0
lambda = 0.6
epsilon = 0.3
randomSeed = 1212
GREAT!
Xover: 4
---- Evolution parameters ----
Folder name:          NMSarsa_MountainCar/run_2686839332617943
Random seed:          1212
GREAT activated:      true
Max iterations:       150
Population size:      500
GREAT initialization  true
Speciation threshold: 0.15
Species min size:     15
Tournament size:      3
Crossover rate:       0.2
Mutation rate:        0.8
Crossovers:
	AligningCrossover_v4(0.15)
Mutations:
	AddGeneMutation(maxSize=2147483647, prob=0.33)
	DeleteGeneMutation(minSize=10, prob=0.33)
	ChangeGeneMutation(prob=0.33)
------------------------------

---- Starting evolution ----
IT	Nanotime	#Eval	#Species	Species size	PopSize	Best	Avg	Worst	Best GRN Size	Avg GRN size	Max GRN size	Min GRN size	Species avgdist2rep
0	2697607312163221	997	1	(492:499[0.15],)	499	-217.1	-3169.688216432862	-5001.0	12	11.366	17	10	(0.06611345594471828,)
1	2702796815475520	1507	2	(492:339[0.16],493:162[0.15],)	501	-465.42	-3248.054391217566	-5001.0	13	11.68	18	10	(0.06647674316347532,0.08585036849844215,)
2	2707704014244189	2012	3	(492:137[0.15],493:331[0.16],495:34[0.15],)	502	-372.81	-3045.4355577689257	-5001.0	11	12.23	18	10	(0.05983872431390974,0.0709451189538031,0.08031397637798061,)
3	2712791016418347	2515	4	(492:225[0.16],493:145[0.15],495:118[0.16],497:15[0.15],)	503	-260.49	-3194.1743936381704	-5001.0	14	11.67	18	10	(0.05359944425485188,0.05753684428333881,0.07421243210067931,0.04601534848748238,)
4	2717688240987038	3019	4	(492:99[0.15],493:179[0.13999999999999999],495:128[0.17],497:98[0.16],)	504	-386.78	-3185.9212896825393	-5001.0	13	11.606	18	10	(0.06614092588639618,0.0615492977544914,0.05598407895304895,0.05150644913286261,)
5	2722620439198059	3523	4	(492:47[0.16],493:181[0.12999999999999998],495:128[0.16],497:148[0.17],)	504	-195.89	-3184.9751388888885	-5001.0	13	11.55	17	10	(0.06865887765643452,0.05466409528321117,0.061081002474653076,0.06740794761282906,)
6	2727229694455472	4027	4	(492:104[0.17],493:175[0.11999999999999998],495:149[0.15],497:76[0.16],)	504	-195.14	-3001.078412698413	-5001.0	13	11.452	18	10	(0.07527727649079999,0.06703054993875489,0.06530137784492963,0.06139300279482487,)
7	2732119575890877	4536	5	(492:42[0.18000000000000002],493:269[0.10999999999999999],495:149[0.13999999999999999],497:22[0.17],498:22[0.15],)	504	-167.76	-3146.287202380954	-5001.0	14	11.556	19	10	(0.0760720494132043,0.07413323860068512,0.05842916471582672,0.052827562968711515,0.09128117840950876,)
8	2736846390149506	5045	5	(492:28[0.19000000000000003],493:44[0.09999999999999999],495:34[0.12999999999999998],497:186[0.18000000000000002],498:213[0.16],)	505	-153.94	-3029.5742574257415	-5001.0	15	11.69	19	10	(0.09738342370253787,0.0776160218178183,0.07635790592783498,0.06699314118277419,0.0887149865241219,)
9	2741797261471128	5562	5	(492:99[0.20000000000000004],493:66[0.10999999999999999],495:153[0.13999999999999999],497:56[0.17],498:131[0.15],)	505	-144.62	-3140.1744950495045	-5001.0	16	11.504	16	10	(0.06637970714859721,0.06106334281125872,0.06186904298733781,0.08001637577809403,0.09995914228253355,)
10	2746437249685721	6067	5	(492:56[0.21000000000000005],493:132[0.11999999999999998],495:77[0.12999999999999998],497:202[0.18000000000000002],498:38[0.13999999999999999],)	505	-151.78	-2991.5416039603965	-5001.0	16	11.728	17	10	(0.11870001768257697,0.07789542565393888,0.06791860233610077,0.09628432108994081,0.044674477226167485,)
11	2750832614660869	6575	8	(492:58[0.22000000000000006],493:72[0.10999999999999999],495:147[0.13999999999999999],497:63[0.17],498:53[0.15],505:34[0.15],506:49[0.15],507:29[0.15],)	505	-150.64	-2897.853306930693	-5001.0	16	11.82	17	10	(0.14172595979783656,0.07579576319690565,0.0840835387545752,0.09825737543667676,0.048155322773037613,0.09843570848015094,0.08330719414213479,0.07953491254422727,)
12	2755471799609515	7090	10	(492:84[0.23000000000000007],493:21[0.09999999999999999],495:18[0.12999999999999998],497:58[0.16],498:31[0.16],505:69[0.16],506:37[0.16],507:95[0.16],510:66[0.15],511:29[0.15],)	508	-152.47	-2958.3105905511807	-5001.0	14	12.018	17	10	(0.1001760200923317,0.0824443016975817,0.09145281934268255,0.09979513494990876,0.06784489611888148,0.06238560511555673,0.09131360788155014,0.07262219494897619,0.10198319099317676,0.06964694959217037,)
13	2760126683294461	7611	9	(492:94[0.22000000000000006],493:49[0.10999999999999999],497:35[0.15],498:71[0.17],505:55[0.15],506:46[0.17],507:25[0.15],510:94[0.13999999999999999],515:41[0.15],)	510	-149.54	-2899.9536078431374	-5001.0	18	12.146	18	10	(0.10113810371228618,0.07932789679627118,0.06821551492389341,0.10063379279693997,0.07705529485687161,0.07707474855358586,0.08496461036108696,0.08191005086071196,0.08057775921873565,)
14	2764658150815583	8151	9	(492:16[0.21000000000000005],493:46[0.11999999999999998],497:120[0.16],505:50[0.13999999999999999],506:59[0.18000000000000002],507:70[0.16],510:64[0.12999999999999998],515:63[0.16],516:21[0.15],)	509	-151.17	-2764.112161100196	-5001.0	17	12.224	19	10	(0.09711338351129158,0.07973149712500717,0.08811937048269672,0.08996096817811791,0.07244427552422826,0.0805071538896302,0.07409326823016649,0.09108316180238116,0.07223617934700251,)
15	2769425188386637	8700	9	(492:68[0.22000000000000006],493:69[0.12999999999999998],505:124[0.15],506:46[0.17],507:69[0.15],510:39[0.11999999999999998],516:21[0.16],520:48[0.15],522:25[0.15],)	509	-155.34	-2946.394341846759	-5001.0	17	12.168	18	10	(0.10147556635214709,0.08103255121968003,0.10907329799654836,0.0960752966241694,0.09422214048330836,0.08730025511863627,0.037268953452715387,0.08256276954304277,0.08009408897380249,)
16	2774013117609553	9224	9	(492:78[0.21000000000000005],493:33[0.11999999999999998],505:27[0.13999999999999999],506:45[0.18000000000000002],507:102[0.13999999999999999],510:19[0.12999999999999998],520:80[0.16],522:50[0.16],526:75[0.15],)	509	-198.96	-2879.3554223968567	-5001.0	12	11.828	16	10	(0.08554781437456689,0.09182475558368167,0.08028071555323983,0.08224951945797161,0.08610423328646223,0.09003471263909833,0.09980793458944001,0.05095753417339949,0.10233874172432329,)
17	2778808447611051	9755	9	(492:89[0.20000000000000004],493:49[0.12999999999999998],505:27[0.15],506:40[0.19000000000000003],507:34[0.12999999999999998],510:31[0.13999999999999999],520:95[0.15],522:71[0.17],526:73[0.13999999999999999],)	509	-199.84	-2993.326994106091	-5001.0	11	12.012	17	10	(0.08785297219464107,0.08366790902243802,0.09426220383868289,0.09022639473924991,0.101747407441136,0.0827151850933383,0.08999357046790682,0.07575505762433685,0.08814910641380871,)
18	2783621796952126	10289	10	(492:60[0.19000000000000003],493:35[0.13999999999999999],505:24[0.16],507:111[0.13999999999999999],510:57[0.15],520:58[0.13999999999999999],522:58[0.16],526:61[0.12999999999999998],531:27[0.15],532:18[0.15],)	509	-197.29	-2974.946463654224	-5001.0	11	12.196	16	10	(0.10004300492694305,0.09762013362731596,0.10856581034591432,0.091333205960394,0.07925960754063258,0.08166283055967197,0.05451737397879518,0.10671330351619061,0.07530572962723836,0.06951807415674603,)
