alpha = 0.15
gamma = 1.0
lambda = 0.6
epsilon = 0.3
randomSeed = 333
GREAT!
Xover: 4
---- Evolution parameters ----
Folder name:          NMSarsa_MountainCar/run_2686839417534264
Random seed:          333
GREAT activated:      true
Max iterations:       150
Population size:      500
GREAT initialization  true
Speciation threshold: 0.15
Species min size:     15
Tournament size:      3
Crossover rate:       0.2
Mutation rate:        0.8
Crossovers:
	AligningCrossover_v4(0.15)
Mutations:
	AddGeneMutation(maxSize=2147483647, prob=0.33)
	DeleteGeneMutation(minSize=10, prob=0.33)
	ChangeGeneMutation(prob=0.33)
------------------------------

---- Starting evolution ----
IT	Nanotime	#Eval	#Species	Species size	PopSize	Best	Avg	Worst	Best GRN Size	Avg GRN size	Max GRN size	Min GRN size	Species avgdist2rep
0	2698188140702045	997	1	(489:499[0.15],)	499	-153.68	-3340.5566332665303	-5001.0	10	10.928	14	10	(0.05379558178092534,)
1	2702991285619376	1511	2	(489:217[0.16],490:284[0.15],)	501	-152.4	-2989.9143113772457	-5001.0	11	11.046	15	10	(0.06630071925936727,0.06085355058646859,)
2	2707198457828376	2013	3	(489:158[0.17],490:110[0.13999999999999999],492:234[0.15],)	502	-153.82	-2625.003565737051	-5001.0	10	11.148	15	10	(0.05533359847575494,0.07482045057261164,0.07987617121960226,)
3	2711717341159769	2522	3	(489:130[0.18000000000000002],490:135[0.15],492:238[0.13999999999999999],)	503	-144.61	-2767.7594433399595	-5001.0	10	11.388	16	10	(0.07411909904751099,0.056018838781286245,0.04926165158276595,)
4	2716098365672685	3025	4	(489:77[0.19000000000000003],490:70[0.16],492:327[0.12999999999999998],494:29[0.15],)	503	-137.18	-2789.914870775348	-5001.0	13	11.394	16	10	(0.0817666659498023,0.057924714977471946,0.05878268802341693,0.06188531688639447,)
5	2720636797133426	3529	4	(489:49[0.20000000000000004],490:153[0.17],492:115[0.11999999999999998],494:187[0.16],)	504	-151.77	-2831.6130952380945	-5001.0	12	11.764	17	10	(0.08621572191574162,0.07254745446001015,0.06231485042218123,0.054896636714240984,)
6	2724608741779241	4033	5	(489:21[0.21000000000000005],490:36[0.16],492:248[0.12999999999999998],494:170[0.15],495:29[0.15],)	504	-152.43	-2478.0569047619047	-5001.0	10	12.0	18	10	(0.08660551293933907,0.08915479759973313,0.05926429278235104,0.06038145031937772,0.05270074292869193,)
7	2729537913395317	4538	5	(489:30[0.22000000000000006],490:139[0.17],492:55[0.11999999999999998],494:172[0.13999999999999999],495:109[0.16],)	505	-149.19	-3011.8366930693073	-5001.0	14	11.906	19	10	(0.11051928823080279,0.08759030996564476,0.07686077482740239,0.08147478720436614,0.09504212933728833,)
8	2734383569365365	5047	6	(489:40[0.23000000000000007],490:101[0.16],492:73[0.12999999999999998],494:117[0.12999999999999998],495:118[0.15],496:56[0.15],)	505	-142.16	-2996.232217821782	-5001.0	10	12.014	20	10	(0.08888804346393589,0.08056428570490501,0.07327580015263803,0.06818321710433325,0.06281306821259712,0.07645646024464706,)
9	2739040121462261	5553	6	(489:29[0.24000000000000007],490:81[0.15],492:74[0.13999999999999999],494:89[0.11999999999999998],495:79[0.13999999999999999],496:154[0.16],)	506	-148.07	-2967.8171343873523	-5001.0	12	12.028	21	10	(0.12864756542588499,0.07972762053559354,0.08734497306813443,0.09168402973235525,0.09285849312547008,0.07866558802426916,)
10	2743135618126219	6064	5	(489:108[0.25000000000000006],490:116[0.16],492:150[0.15],494:85[0.10999999999999999],496:47[0.15],)	506	-134.65	-2525.743458498024	-5001.0	14	12.14	17	10	(0.14357244967957267,0.08806147889069907,0.09307826369608325,0.06937755687174835,0.1080729895135934,)
11	2747110054611325	6575	5	(489:95[0.24000000000000005],490:87[0.15],492:107[0.13999999999999999],494:147[0.11999999999999998],496:69[0.16],)	505	-135.39	-2464.5102574257417	-5001.0	14	12.294	18	10	(0.1210675637523986,0.11113223764195086,0.09722346365954856,0.09044493958821583,0.05421999494106238,)
12	2750654759884253	7091	6	(489:22[0.25000000000000006],490:88[0.16],492:70[0.12999999999999998],494:136[0.10999999999999999],496:165[0.17],500:24[0.15],)	505	-150.32	-2151.707920792079	-5001.0	14	12.32	18	10	(0.13110806243673553,0.07580009855871078,0.05899696333544371,0.07094320831824459,0.08677321049152596,0.07536102341603908,)
13	2754406136854615	7597	7	(489:32[0.26000000000000006],490:31[0.15],492:34[0.13999999999999999],494:76[0.09999999999999999],496:126[0.16],500:155[0.16],502:52[0.15],)	506	-134.8	-2319.6455335968376	-5001.0	13	12.202	19	10	(0.16649479223685357,0.08610500721760712,0.07721954996506618,0.05631674358224572,0.06832287387497833,0.06656872896530609,0.06389727947261727,)
14	2757812727640389	8104	8	(489:51[0.2700000000000001],490:70[0.16],492:31[0.15],494:39[0.09],496:148[0.15],500:97[0.15],502:41[0.16],503:30[0.15],)	507	-132.84	-2163.323964497042	-5001.0	14	12.052	18	10	(0.15119544371076607,0.07397679852772363,0.07528294157886177,0.05126897472366819,0.08063941169549738,0.07795209368497351,0.07610120947921663,0.07563271174245959,)
15	2762053312814981	8647	6	(489:87[0.2800000000000001],492:65[0.16],494:27[0.09999999999999999],496:105[0.13999999999999999],500:194[0.13999999999999999],502:30[0.17],)	508	-141.09	-2625.143149606299	-5001.0	14	11.902	18	10	(0.12122213796552911,0.1042060229193269,0.0678398980053522,0.09423457468857944,0.07801159354470226,0.0568243921095118,)
16	2766086389664150	9169	7	(489:75[0.2700000000000001],492:76[0.17],496:99[0.12999999999999998],500:191[0.12999999999999998],502:22[0.18000000000000002],506:16[0.15],507:27[0.15],)	506	-134.37	-2529.3249209486166	-5001.0	13	11.894	18	10	(0.12334214834722583,0.08807796944142168,0.08784315260306226,0.0815078490102228,0.059765985054390236,0.05496035594064473,0.08768518988719236,)
17	2770374893454868	9676	7	(489:101[0.26000000000000006],492:23[0.16],496:49[0.11999999999999998],500:149[0.11999999999999998],502:17[0.19000000000000003],506:37[0.16],507:131[0.16],)	507	-133.19	-2701.544063116371	-5001.0	13	11.816	19	10	(0.12397960061323293,0.11619402957193951,0.0929288977036988,0.08424713036318932,0.08385639547926735,0.09591114720139414,0.08863469506344435,)
18	2774851192131327	10194	8	(489:62[0.25000000000000006],492:39[0.17],496:101[0.12999999999999998],500:91[0.10999999999999999],502:17[0.20000000000000004],506:31[0.17],507:126[0.15],508:40[0.15],)	507	-136.68	-2743.750769230769	-5001.0	12	11.95	19	10	(0.09335965794731624,0.07237959032967356,0.09046470402434048,0.07970319052802342,0.054095049572310885,0.09515797937378379,0.07375852530531644,0.05034726093266878,)
19	2779638004116757	10708	9	(489:39[0.24000000000000005],492:72[0.18000000000000002],496:53[0.11999999999999998],500:43[0.09999999999999999],506:19[0.18000000000000002],507:168[0.13999999999999999],508:79[0.16],511:19[0.15],512:16[0.15],)	508	-149.7	-3007.1180314960625	-5001.0	10	11.99	20	10	(0.06783159252712452,0.11046705379796504,0.07162224630487958,0.07511298846022874,0.06914082915820566,0.08135810058537281,0.043190947012194954,0.10486983147240944,0.08188560253159938,)
