alpha = 0.15
gamma = 1.0
lambda = 0.6
epsilon = 0.3
randomSeed = 1515
GREAT!
Xover: 4
---- Evolution parameters ----
Folder name:          NMSarsa_MountainCar/run_2686839355988851
Random seed:          1515
GREAT activated:      true
Max iterations:       150
Population size:      500
GREAT initialization  true
Speciation threshold: 0.15
Species min size:     15
Tournament size:      3
Crossover rate:       0.2
Mutation rate:        0.8
Crossovers:
	AligningCrossover_v4(0.15)
Mutations:
	AddGeneMutation(maxSize=2147483647, prob=0.33)
	DeleteGeneMutation(minSize=10, prob=0.33)
	ChangeGeneMutation(prob=0.33)
------------------------------

---- Starting evolution ----
IT	Nanotime	#Eval	#Species	Species size	PopSize	Best	Avg	Worst	Best GRN Size	Avg GRN size	Max GRN size	Min GRN size	Species avgdist2rep
0	2698607230162310	997	1	(491:499[0.15],)	499	-550.07	-4424.054809619238	-5001.0	10	11.282	15	10	(0.06863912236510819,)
1	2704373760006421	1502	3	(491:169[0.16],492:290[0.15],493:42[0.15],)	501	-343.12	-3921.3627944111768	-5001.0	10	11.604	16	10	(0.08238206083153149,0.060834238393649466,0.08769793820263413,)
2	2709512637986839	2005	3	(491:15[0.15],492:164[0.13999999999999999],493:324[0.16],)	503	-198.39	-3540.9428031809125	-5001.0	10	12.142	17	10	(0.06643357367527156,0.04524636265203994,0.047823855376825854,)
3	2714873340635935	2508	4	(491:184[0.16],492:181[0.15],493:110[0.15],495:28[0.15],)	503	-154.21	-3724.5466003976144	-5001.0	10	11.796	17	10	(0.05229828233421029,0.0671553292573652,0.0768378538181468,0.07838988643682303,)
4	2720082556411245	3026	4	(491:153[0.15],492:140[0.13999999999999999],493:132[0.16],495:79[0.16],)	504	-141.58	-3426.7520634920634	-5001.0	12	12.036	17	10	(0.0655727103180021,0.06116878377201198,0.04783766560751073,0.04849811066741524,)
5	2724788059376356	3530	5	(491:96[0.13999999999999999],492:93[0.12999999999999998],493:99[0.15],495:174[0.17],497:42[0.15],)	504	-137.36	-3213.922043650793	-5001.0	14	12.1	17	10	(0.06109196460988207,0.07341800353488483,0.05796997914945865,0.051305866127653164,0.07062862742578316,)
6	2729281280408634	4035	6	(491:42[0.15],492:32[0.13999999999999999],493:204[0.16],495:63[0.16],497:133[0.16],498:31[0.15],)	505	-138.2	-3070.3101782178214	-5001.0	14	11.874	18	10	(0.09827256683061741,0.086184385666041,0.07666785323995738,0.09057935240260082,0.07006454376862177,0.1015554448509225,)
7	2733586850802525	4574	7	(491:114[0.16],492:62[0.15],493:147[0.15],495:41[0.17],497:77[0.15],499:22[0.15],503:43[0.15],)	506	-144.23	-2843.34490118577	-5001.0	12	11.7	16	10	(0.06665295486818706,0.07453640068244521,0.08578201374925118,0.07129336859784911,0.08778451879281224,0.07745061354199959,0.06668561948254509,)
8	2737515255758447	5083	9	(491:84[0.15],492:17[0.16],493:36[0.13999999999999999],495:27[0.18000000000000002],497:110[0.13999999999999999],499:135[0.16],503:66[0.16],504:16[0.15],505:16[0.15],)	507	-140.96	-2678.26952662722	-5001.0	10	11.576	16	10	(0.08337492430544347,0.07014090050091559,0.09230854628898043,0.08693331793835724,0.07459842497792538,0.06900759126282464,0.06740216572875828,0.08198910115668322,0.08032811218309771,)
9	2741073479532069	5603	10	(491:182[0.13999999999999999],492:49[0.17],493:23[0.15],497:32[0.12999999999999998],499:18[0.15],503:75[0.15],504:36[0.16],505:24[0.16],507:52[0.15],508:18[0.15],)	509	-137.86	-2361.6785461689587	-5001.0	15	11.764	15	10	(0.07819912344338575,0.06939317328350766,0.0696879761318205,0.07208812926874432,0.07324758134338649,0.09232758162156668,0.06475537808172967,0.09177539908407494,0.09622044637071205,0.08691223476034245,)
10	2744925047832414	6115	10	(492:39[0.18000000000000002],493:57[0.16],497:78[0.13999999999999999],499:46[0.16],503:59[0.13999999999999999],504:61[0.17],505:18[0.17],507:43[0.13999999999999999],508:88[0.16],509:21[0.15],)	510	-136.26	-2547.379117647058	-5001.0	13	11.982	16	10	(0.08449090907548627,0.0672446849070882,0.07299135803874696,0.07163816806681704,0.07493689448469694,0.06624876120865329,0.055626677834666204,0.09001202839332613,0.03289014510406106,0.06312252467955763,)
11	2749563407519937	6662	8	(493:49[0.15],497:103[0.12999999999999998],499:40[0.17],503:62[0.12999999999999998],505:70[0.18000000000000002],508:86[0.15],509:66[0.16],511:34[0.15],)	510	-143.17	-2904.9677254901962	-5001.0	14	12.246	16	10	(0.07329159995982758,0.0850199355611016,0.10071710379728147,0.07994820806144214,0.05389830085325785,0.04387648668543641,0.06971928592421475,0.07054608890922237,)
12	2753743080067261	7186	8	(497:67[0.11999999999999998],499:85[0.18000000000000002],503:83[0.11999999999999998],505:84[0.17],508:70[0.13999999999999999],509:49[0.15],511:38[0.16],512:32[0.15],)	508	-135.24	-2723.261141732283	-5001.0	14	12.24	17	10	(0.07309658018573222,0.10159925104821924,0.08486559291697503,0.053237652756611596,0.06212416296784092,0.0627653379173429,0.08072696096173282,0.06952026141315071,)
13	2757995988925124	7699	9	(497:96[0.10999999999999999],499:18[0.17],503:57[0.10999999999999999],505:96[0.16],508:68[0.12999999999999998],509:67[0.16],511:35[0.17],512:50[0.16],514:21[0.15],)	508	-137.61	-2754.7984055118113	-5001.0	15	12.374	18	10	(0.07736982662474455,0.1100643503264858,0.0493569641416094,0.06934775911029968,0.07623379508027875,0.07256281772631824,0.10038362980531532,0.07185862427289322,0.0910236709342095,)
14	2762100826967353	8224	11	(497:48[0.09999999999999999],499:77[0.18000000000000002],503:36[0.09999999999999999],505:33[0.15],508:73[0.11999999999999998],509:28[0.15],511:50[0.18000000000000002],512:63[0.17],514:56[0.16],516:25[0.15],519:20[0.15],)	509	-138.42	-2597.079469548134	-5001.0	13	12.5	18	10	(0.056047346752832995,0.08369519328719802,0.05037990586262335,0.08020410820086232,0.06866510970951234,0.07077254704569444,0.08636686247735849,0.05884603065772188,0.07386265631778277,0.10304401008477232,0.055751704191219956,)
15	2766658949345265	8761	11	(497:64[0.09],499:34[0.17],503:29[0.10999999999999999],505:62[0.16],508:46[0.10999999999999999],509:32[0.16],511:55[0.17],512:47[0.16],514:23[0.15],516:41[0.16],519:78[0.16],)	511	-138.53	-2897.030156555773	-5001.0	13	12.702	18	10	(0.05544040933176678,0.06958395095195526,0.06914189855710708,0.09920865021871306,0.07295601975503252,0.05209305097970047,0.07822660537211912,0.07618332449288959,0.07741639948790138,0.04398456051450334,0.0736053443877446,)
16	2771243418067144	9313	11	(497:42[0.08],499:34[0.18000000000000002],503:17[0.11999999999999998],505:42[0.15],508:68[0.09999999999999999],509:107[0.17],512:50[0.15],514:40[0.16],516:50[0.17],519:26[0.15],531:35[0.15],)	511	-140.18	-2744.0007827788654	-5001.0	12	12.788	18	10	(0.05982855534212046,0.13334410320997847,0.08854689148587204,0.10295680904075397,0.06881888658825365,0.0724093700234745,0.07134570164988624,0.08653540101211651,0.06711215453336536,0.07423028192383176,0.07587266198951495,)
17	2775874793664276	9848	9	(497:87[0.09],499:78[0.19000000000000003],505:49[0.16],508:47[0.09],509:24[0.16],514:25[0.17],516:39[0.16],519:113[0.16],531:49[0.16],)	511	-137.2	-2888.2716242661445	-5001.0	14	12.988	17	10	(0.06134225981400612,0.11685892847032935,0.06134219852377061,0.059357997139475475,0.09893038267970285,0.08003328893612917,0.08070951055278568,0.06862238822006227,0.06749343421635892,)
18	2780117501678421	10374	10	(497:24[0.08],505:55[0.17],508:44[0.09999999999999999],509:102[0.17],514:60[0.18000000000000002],516:35[0.17],519:51[0.15],531:76[0.17],534:18[0.15],535:44[0.15],)	509	-133.06	-2674.0451473477406	-5001.0	12	12.93	18	10	(0.04681358380034233,0.06638976295078657,0.06866333194800321,0.06583058493490954,0.1066193961278756,0.10202499789109078,0.08840977867010488,0.07790732686142854,0.07714023361333969,0.08517226601243295,)
