alpha = 0.15
gamma = 1.0
lambda = 0.6
epsilon = 0.3
randomSeed = 555
GREAT!
Xover: 4
---- Evolution parameters ----
Folder name:          NMSarsa_MountainCar/run_2686839414474161
Random seed:          555
GREAT activated:      true
Max iterations:       150
Population size:      500
GREAT initialization  true
Speciation threshold: 0.15
Species min size:     15
Tournament size:      3
Crossover rate:       0.2
Mutation rate:        0.8
Crossovers:
	AligningCrossover_v4(0.15)
Mutations:
	AddGeneMutation(maxSize=2147483647, prob=0.33)
	DeleteGeneMutation(minSize=10, prob=0.33)
	ChangeGeneMutation(prob=0.33)
------------------------------

---- Starting evolution ----
IT	Nanotime	#Eval	#Species	Species size	PopSize	Best	Avg	Worst	Best GRN Size	Avg GRN size	Max GRN size	Min GRN size	Species avgdist2rep
0	2698805164495246	997	1	(488:499[0.15],)	499	-638.66	-3579.0871943887755	-5001.0	10	11.036	14	10	(0.05336241485536573,)
1	2704579022966869	1498	4	(488:108[0.16],489:202[0.15],490:156[0.15],491:35[0.15],)	501	-601.29	-3562.5751497005995	-5001.0	12	11.254	15	10	(0.07893492413212827,0.07914676463523337,0.082684870734996,0.07866192956262909,)
2	2710314919582749	2002	4	(488:106[0.17],489:246[0.13999999999999999],490:130[0.13999999999999999],491:22[0.16],)	504	-191.7	-3529.617936507938	-5001.0	12	11.35	15	10	(0.0438723879730655,0.059224636006876726,0.04953275827842813,0.04875877586392264,)
3	2715799691351014	2506	6	(488:80[0.18000000000000002],489:55[0.12999999999999998],490:210[0.12999999999999998],491:116[0.17],492:20[0.15],493:23[0.15],)	504	-218.78	-3377.8053373015887	-5001.0	12	11.436	16	10	(0.05497570212868127,0.07735474035759561,0.06071795209234122,0.06723045308055585,0.0847726626868717,0.09611921359891774,)
4	2721455443956594	3012	6	(488:58[0.19000000000000003],489:25[0.13999999999999999],490:192[0.11999999999999998],491:72[0.16],492:80[0.16],493:79[0.16],)	506	-198.56	-3431.606699604743	-5001.0	12	11.922	17	10	(0.0642856089810619,0.08586877736611172,0.07332435690597265,0.06758389457256919,0.05958303089325954,0.07826388973835897,)
5	2727282103109023	3518	6	(488:58[0.20000000000000004],489:44[0.15],490:61[0.10999999999999999],491:115[0.17],492:41[0.17],493:187[0.17],)	506	-199.47	-3544.6995849802365	-5001.0	12	12.19	17	10	(0.06674004554930249,0.07502977796366367,0.0771342828579679,0.06650766877856137,0.0791022613256224,0.08025513620756945,)
6	2733096474170448	4024	6	(488:97[0.21000000000000005],489:44[0.16],490:66[0.11999999999999998],491:59[0.16],492:87[0.18000000000000002],493:153[0.16],)	506	-181.26	-3522.3631620553356	-5001.0	14	11.962	17	10	(0.07807198790045729,0.04813524133403122,0.07976227629521943,0.06003487622535348,0.06509801836006184,0.0796498140399079,)
7	2738866585698746	4530	6	(488:115[0.20000000000000004],489:87[0.17],490:110[0.12999999999999998],491:78[0.17],492:17[0.17],493:99[0.15],)	506	-185.69	-3546.012391304347	-5001.0	13	12.046	16	10	(0.08690292161982546,0.06283254679073483,0.07640440137445645,0.08633119198011806,0.035551813552586416,0.08939617192936065,)
8	2744617496334329	5036	7	(488:20[0.19000000000000003],489:31[0.16],490:146[0.11999999999999998],491:84[0.18000000000000002],492:57[0.18000000000000002],493:81[0.13999999999999999],494:87[0.15],)	506	-173.6	-3480.2653754940707	-5001.0	12	12.422	17	10	(0.06781492825030606,0.07254319754934724,0.07275906959879402,0.0783286195348922,0.07129391587635982,0.08830556324978281,0.10739696750366144,)
9	2749733261677954	5553	7	(488:54[0.20000000000000004],489:80[0.17],490:39[0.10999999999999999],491:54[0.17],492:145[0.19000000000000003],493:22[0.12999999999999998],494:113[0.13999999999999999],)	507	-167.79	-3014.721183431953	-5001.0	12	12.4	18	10	(0.06221549663361476,0.06598938664439133,0.07697222433104918,0.0778458406098574,0.060137750160467324,0.091103886872834,0.0925589992025075,)
10	2754499054144123	6060	7	(488:150[0.21000000000000005],489:46[0.16],490:88[0.11999999999999998],491:73[0.18000000000000002],492:45[0.18000000000000002],493:62[0.13999999999999999],494:43[0.12999999999999998],)	507	-158.45	-2869.2795857988167	-5001.0	11	12.324	19	10	(0.0795001625460855,0.062331942531355225,0.056749741178911496,0.07378939348110056,0.09312868854928351,0.07363551919841095,0.07888695906712706,)
11	2759035757617554	6567	7	(488:60[0.20000000000000004],489:62[0.17],490:118[0.10999999999999999],491:96[0.17],492:33[0.19000000000000003],493:42[0.15],494:96[0.13999999999999999],)	507	-165.65	-2702.5657001972386	-5001.0	12	12.608	18	10	(0.08978920931591165,0.07185870482477966,0.08077683053961986,0.07814172584037886,0.04969839156606037,0.07619465034295612,0.0798182194588716,)
12	2763169029712024	7093	6	(489:88[0.18000000000000002],490:35[0.09999999999999999],491:96[0.16],492:215[0.20000000000000004],493:43[0.16],494:30[0.12999999999999998],)	507	-137.39	-2373.936370808679	-5001.0	13	12.508	17	10	(0.07964085111748377,0.07972089439422828,0.0949185702884312,0.09811931747897705,0.07941622333935631,0.09050862794068572,)
13	2766598902536615	7613	6	(489:214[0.17],490:52[0.10999999999999999],491:90[0.15],492:35[0.19000000000000003],493:36[0.17],494:79[0.13999999999999999],)	506	-148.01	-1974.3374308300395	-5001.0	12	12.598	18	10	(0.08780744738639713,0.08053520821359231,0.056091011000913085,0.08212928432225101,0.07158436650498101,0.08880192289253304,)
14	2770400336039547	8119	6	(489:66[0.16],490:62[0.11999999999999998],491:36[0.13999999999999999],492:32[0.20000000000000004],493:104[0.18000000000000002],494:206[0.15],)	506	-144.39	-2308.8892094861667	-5001.0	10	12.572	17	10	(0.09204093750675868,0.0748705125591846,0.07888079673588651,0.09103284248824565,0.09446783160303933,0.10133497688187695,)
15	2773267306629105	8637	6	(489:45[0.17],490:54[0.12999999999999998],491:24[0.15],492:101[0.21000000000000005],493:166[0.17],494:116[0.13999999999999999],)	506	-133.66	-1721.0880237154147	-5001.0	11	12.48	18	10	(0.0593912834508685,0.07571787135307233,0.11776198922437363,0.09390179997446264,0.06920405435456817,0.08561690095049122,)
16	2775855986002290	9161	7	(489:66[0.18000000000000002],490:67[0.13999999999999999],491:76[0.16],492:89[0.20000000000000004],493:64[0.16],494:57[0.12999999999999998],504:87[0.15],)	506	-137.01	-1456.0820750988144	-5001.0	11	12.516	18	10	(0.06522981331844169,0.09184428687305862,0.07654567363917537,0.10852361078361478,0.07369695338319927,0.09659870046057907,0.06230248871342755,)
17	2779052124741915	9668	8	(489:46[0.19000000000000003],490:22[0.15],491:31[0.15],492:47[0.19000000000000003],493:55[0.17],494:69[0.13999999999999999],504:217[0.13999999999999999],507:20[0.15],)	507	-138.53	-1899.162741617358	-5001.0	13	12.746	18	10	(0.09885501384684868,0.08771251836040422,0.08027507625168483,0.10339866655707816,0.07520570677746305,0.08544407871960333,0.07565391346160465,0.1019350380282644,)
18	2781514116526941	10176	8	(489:43[0.20000000000000004],490:47[0.16],491:47[0.16],492:58[0.20000000000000004],493:31[0.18000000000000002],494:19[0.12999999999999998],504:160[0.12999999999999998],507:103[0.16],)	508	-138.77	-1441.6565748031496	-5001.0	11	13.192	19	10	(0.026654504700522948,0.055507279406552736,0.09269732367863442,0.11250101093783829,0.08662381688153667,0.11596279189035252,0.07884726224645179,0.04417323560380712,)
