alpha = 0.15
gamma = 1.0
lambda = 0.6
epsilon = 0.3
randomSeed = 1414
GREAT!
Xover: 4
---- Evolution parameters ----
Folder name:          NMSarsa_MountainCar/run_2686839335334766
Random seed:          1414
GREAT activated:      true
Max iterations:       150
Population size:      500
GREAT initialization  true
Speciation threshold: 0.15
Species min size:     15
Tournament size:      3
Crossover rate:       0.2
Mutation rate:        0.8
Crossovers:
	AligningCrossover_v4(0.15)
Mutations:
	AddGeneMutation(maxSize=2147483647, prob=0.33)
	DeleteGeneMutation(minSize=10, prob=0.33)
	ChangeGeneMutation(prob=0.33)
------------------------------

---- Starting evolution ----
IT	Nanotime	#Eval	#Species	Species size	PopSize	Best	Avg	Worst	Best GRN Size	Avg GRN size	Max GRN size	Min GRN size	Species avgdist2rep
0	2699060662508511	997	1	(487:499[0.15],)	499	-864.8	-4354.419599198397	-5001.0	11	10.97	14	10	(0.06785796344803594,)
1	2705377470335897	1500	1	(487:501[0.16],)	501	-1121.76	-4261.007944111775	-5001.0	11	11.202	15	10	(0.0756381404391208,)
2	2711847516157068	2004	4	(487:46[0.15],489:282[0.15],490:136[0.15],491:37[0.15],)	501	-1092.64	-4238.0502994011995	-5001.0	11	11.418	15	10	(0.07602351374573159,0.07414767933831187,0.07658078541191904,0.08492132618782929,)
3	2718088601981477	2512	5	(487:102[0.16],489:44[0.13999999999999999],490:183[0.13999999999999999],491:150[0.16],494:25[0.15],)	504	-460.16	-4124.987480158731	-5001.0	12	11.61	16	10	(0.0775759587849576,0.09624132191240874,0.07084092536272661,0.07586285996520879,0.06619852486488463,)
4	2724302598040312	3029	6	(487:122[0.15],489:80[0.15],490:23[0.12999999999999998],491:60[0.15],494:200[0.16],497:20[0.15],)	505	-342.43	-4012.852534653464	-5001.0	12	11.93	16	10	(0.07758899740052655,0.06563148214960658,0.09073817189356716,0.0843122451070213,0.06674056116165093,0.09113259619781872,)
5	2730389633887790	3555	7	(487:56[0.13999999999999999],489:156[0.16],490:80[0.13999999999999999],491:81[0.16],494:48[0.15],497:67[0.16],498:18[0.15],)	506	-902.31	-3865.9325691699614	-5001.0	10	11.6	17	10	(0.08108825078390082,0.07975531237402574,0.07257446938089725,0.06270523041079831,0.08268653042713922,0.09040547386532904,0.09148635008723262,)
6	2736320619011789	4074	6	(489:59[0.15],490:56[0.12999999999999998],491:120[0.15],494:104[0.16],497:69[0.17],498:99[0.16],)	507	-649.65	-3862.812721893491	-5001.0	10	11.828	18	10	(0.073768084151331,0.0884485333693156,0.06116903083895921,0.05591319307652897,0.04622120748127536,0.07554613390948411,)
7	2741975223892189	4580	7	(489:50[0.16],490:127[0.13999999999999999],491:29[0.13999999999999999],494:91[0.15],497:123[0.18000000000000002],498:71[0.15],502:15[0.15],)	506	-465.95	-3725.6981620553365	-5001.0	12	11.902	18	10	(0.08065248984884786,0.07742248099743834,0.05506493864708905,0.06458348494936653,0.06305402591073514,0.05422644692365957,0.06994058181061898,)
8	2747430162262976	5092	8	(489:18[0.17],490:58[0.12999999999999998],491:19[0.15],494:22[0.13999999999999999],497:152[0.17],498:91[0.13999999999999999],502:110[0.16],504:37[0.15],)	507	-436.55	-3560.0811242603554	-5001.0	15	11.77	18	10	(0.058269725455534854,0.07677366599453468,0.06484509293893626,0.08545220131933287,0.0705219282378825,0.07573383636506315,0.055426033045584834,0.07240005438313286,)
9	2752955170795578	5619	8	(489:61[0.18000000000000002],490:114[0.13999999999999999],491:44[0.16],494:84[0.15],497:76[0.16],498:24[0.12999999999999998],502:44[0.15],504:61[0.16],)	508	-470.01	-3564.262578740157	-5001.0	12	11.782	17	10	(0.05436167221497271,0.0855230133335221,0.07178741782032126,0.07045409758301405,0.0857039095556781,0.09763880475434315,0.06989364538638074,0.08038067193580724,)
10	2758336401563832	6140	7	(489:85[0.19000000000000003],490:58[0.12999999999999998],491:102[0.17],497:72[0.15],498:55[0.13999999999999999],502:41[0.16],504:95[0.17],)	508	-652.12	-3452.8418110236216	-5001.0	10	11.794	17	10	(0.062593565902049,0.08653800795013013,0.06325335164100153,0.08105416136897496,0.0778642925583395,0.07462307995209419,0.07281634105607288,)
11	2763767961716232	6661	7	(489:30[0.18000000000000002],490:65[0.13999999999999999],491:66[0.16],497:59[0.13999999999999999],498:42[0.15],502:139[0.17],504:106[0.16],)	507	-358.94	-3486.598244575937	-5001.0	15	11.978	18	10	(0.07997722591321128,0.08636827032995283,0.08131545477337736,0.08396245632486297,0.08002521323265574,0.0743249514454595,0.09100815732117426,)
12	2768851204194085	7168	7	(489:49[0.19000000000000003],490:87[0.15],491:34[0.17],497:86[0.15],498:43[0.16],502:120[0.16],504:88[0.15],)	507	-335.46	-3342.2932741617356	-5001.0	10	11.89	18	10	(0.097726944650945,0.09402903960263717,0.09879511530024813,0.07895937937716972,0.08186786918147802,0.09952738005223477,0.07721200494434531,)
13	2773879041393918	7684	8	(489:112[0.20000000000000004],490:56[0.13999999999999999],491:56[0.18000000000000002],497:54[0.13999999999999999],498:34[0.17],502:69[0.15],504:108[0.13999999999999999],511:18[0.15],)	507	-288.33	-3208.971420118343	-5001.0	10	11.77	19	10	(0.09903777612332361,0.08108634693813009,0.06543699797344339,0.0720154621572865,0.07763616094299672,0.08682178406694371,0.08146068474000208,0.0980940449257451,)
14	2778890473278290	8199	10	(489:24[0.19000000000000003],490:38[0.15],491:61[0.19000000000000003],497:27[0.15],498:125[0.18000000000000002],502:71[0.13999999999999999],504:23[0.12999999999999998],511:61[0.16],512:36[0.15],514:42[0.15],)	508	-534.36	-3257.5397637795286	-5001.0	11	11.68	19	10	(0.0796222260340229,0.08059906649501168,0.08388723557968762,0.08776289043991124,0.07907044919114094,0.08305315058889537,0.06947092977259534,0.07738382293905574,0.08463187568957097,0.06088973746329212,)
15	2783776272930236	8709	10	(489:41[0.20000000000000004],490:32[0.16],491:49[0.18000000000000002],497:39[0.16],498:47[0.17],502:90[0.12999999999999998],504:60[0.13999999999999999],511:54[0.15],512:66[0.16],514:32[0.16],)	510	-349.25	-3149.8263137254894	-5001.0	11	11.926	19	10	(0.09348524759308449,0.06192508061458109,0.07249006667011071,0.07554512505152204,0.08200521891678962,0.09064088175750142,0.059713144043969525,0.08367253528144165,0.10057123638626485,0.06976148408478834,)
