alpha = 0.15
gamma = 1.0
lambda = 0.6
epsilon = 0.3
randomSeed = 1616
GREAT!
Xover: 4
---- Evolution parameters ----
Folder name:          NMSarsa_Maze/run_2686830050132524
Random seed:          1616
GREAT activated:      true
Max iterations:       150
Population size:      500
GREAT initialization  true
Speciation threshold: 0.15
Species min size:     15
Tournament size:      3
Crossover rate:       0.2
Mutation rate:        0.8
Crossovers:
	AligningCrossover_v4(0.15)
Mutations:
	AddGeneMutation(maxSize=2147483647, prob=0.33)
	DeleteGeneMutation(minSize=10, prob=0.33)
	ChangeGeneMutation(prob=0.33)
------------------------------

---- Starting evolution ----
IT	Nanotime	#Eval	#Species	Species size	PopSize	Best	Avg	Worst	Best GRN Size	Avg GRN size	Max GRN size	Min GRN size	Species avgdist2rep
0	2690470328897798	997	1	(488:499[0.15],)	499	-56.85	-4266.702004008018	-10000.0	12	10.732	14	10	(0.09949240931903738,)
1	2691450794402881	1498	4	(488:158[0.16],489:162[0.15],490:135[0.15],491:46[0.15],)	501	-58.12	-2409.168103792415	-10000.0	11	11.088	14	10	(0.07420425632473424,0.049672422429554434,0.07124085869457733,0.08833716712058359,)
2	2692047513218887	2036	4	(488:79[0.15],490:248[0.13999999999999999],491:94[0.16],493:83[0.15],)	504	-56.57	-1347.1680952380952	-10000.0	12	11.088	14	10	(0.062138108394579276,0.04258208755864976,0.036938450093367374,0.06256297032488985,)
3	2692389184992928	2540	4	(488:248[0.16],490:150[0.12999999999999998],491:40[0.17],493:66[0.16],)	504	-54.46	-851.5276984126987	-10000.0	10	11.07	15	10	(0.05905380782087968,0.052304207397281983,0.04525785096756067,0.08532951692274,)
4	2692732736981189	3044	4	(488:64[0.15],490:44[0.11999999999999998],491:233[0.18000000000000002],493:163[0.17],)	504	-53.87	-818.7730555555555	-10000.0	12	11.124	16	10	(0.058020426896078205,0.06159050334392659,0.057175078929593906,0.08170041956300712,)
5	2693167504301685	3562	6	(488:116[0.16],490:121[0.12999999999999998],491:115[0.17],493:74[0.16],495:27[0.15],496:51[0.15],)	504	-50.59	-963.7823412698411	-10000.0	12	11.384	16	10	(0.08935734485408982,0.0712131505557986,0.08594715855001162,0.07234610595884397,0.09461166093052817,0.07283923839172837,)
6	2693484766595695	4075	5	(488:43[0.15],490:218[0.11999999999999998],491:32[0.16],493:88[0.17],495:125[0.16],)	506	-49.69	-695.7896245059289	-10000.0	13	12.006	16	10	(0.05587952144893886,0.05412920657498764,0.06447537109230869,0.04224334636028632,0.04580806242826319,)
7	2693779257572598	4580	5	(488:40[0.16],490:45[0.10999999999999999],491:115[0.17],493:108[0.18000000000000002],495:197[0.15],)	505	-49.23	-682.4311881188117	-10000.0	12	11.544	17	10	(0.06561474260042553,0.0788199753857659,0.0692672123728768,0.03838084125479311,0.059925638679610746,)
8	2694099137307599	5085	5	(488:100[0.17],490:29[0.11999999999999998],491:62[0.16],493:95[0.17],495:219[0.13999999999999999],)	505	-50.27	-753.8413267326736	-10000.0	13	11.324	15	10	(0.043161564338925915,0.06571355480384496,0.0632675993925455,0.06869311679228583,0.06259802490606459,)
9	2694464143921708	5593	4	(488:134[0.16],491:70[0.17],493:73[0.18000000000000002],495:228[0.12999999999999998],)	505	-49.25	-870.4217623762376	-10000.0	13	11.24	16	10	(0.061707192162677046,0.04594472974335121,0.04526471498717323,0.04842235392228435,)
10	2694784858176019	6097	4	(488:218[0.15],491:226[0.18000000000000002],493:33[0.19000000000000003],495:27[0.11999999999999998],)	504	-49.27	-730.9400396825392	-10000.0	13	11.172	16	10	(0.06515911444150621,0.059355314476404235,0.058225828151968057,0.05572503896443039,)
11	2695177006395491	6609	4	(488:207[0.13999999999999999],491:129[0.17],493:17[0.20000000000000004],495:151[0.12999999999999998],)	504	-40.75	-941.2035515873013	-10000.0	11	11.016	16	10	(0.08346623283561164,0.08783784501123627,0.07889039312274278,0.08794127334153445,)
12	2695538151690973	7113	4	(488:110[0.12999999999999998],491:124[0.16],493:195[0.21000000000000005],495:75[0.11999999999999998],)	504	-45.48	-835.4069047619049	-10000.0	12	11.776	17	10	(0.0684191693744478,0.08744640417265867,0.05964233308207881,0.08196020823560131,)
13	2695956425240779	7641	3	(488:140[0.13999999999999999],493:85[0.20000000000000004],495:279[0.12999999999999998],)	504	-44.27	-934.6516269841272	-10000.0	10	11.468	17	10	(0.07449035184941757,0.0696656080095663,0.06868409148127018,)
14	2696435589494830	8144	5	(488:171[0.15],493:142[0.21000000000000005],495:21[0.11999999999999998],502:138[0.15],503:31[0.15],)	503	-37.71	-1053.3960238568593	-10000.0	11	11.924	17	10	(0.0877266277691575,0.07637118146009046,0.1036173667437909,0.08383685971748388,0.07839914686219401,)
15	2696936142129944	8651	5	(488:117[0.13999999999999999],493:101[0.20000000000000004],495:94[0.12999999999999998],502:35[0.13999999999999999],503:158[0.16],)	505	-35.6	-1120.4104356435646	-10000.0	13	11.878	17	10	(0.0653157704518015,0.08083186246153415,0.058092708435853,0.06717242747675962,0.042849948436659124,)
16	2697453159639106	9185	4	(488:83[0.12999999999999998],495:130[0.13999999999999999],502:26[0.15],503:266[0.15],)	505	-37.37	-1090.489326732674	-10000.0	11	11.784	16	10	(0.05563286825386712,0.06619771479202718,0.05817276082835991,0.05781731979555492,)
17	2697993082040137	9689	4	(488:70[0.13999999999999999],495:125[0.12999999999999998],502:124[0.16],503:185[0.13999999999999999],)	504	-36.49	-1242.407400793651	-10000.0	10	11.746	16	10	(0.06826061568455978,0.06686898894276896,0.06488587247701473,0.06758662050257686,)
18	2698441326400676	10193	4	(488:87[0.15],495:32[0.11999999999999998],502:241[0.17],503:144[0.12999999999999998],)	504	-35.81	-962.7177182539682	-10000.0	10	12.1	17	10	(0.06826724977372921,0.06948058092260966,0.06900499332817348,0.07150321766211082,)
19	2698932116072151	10697	4	(488:324[0.16],495:31[0.12999999999999998],502:76[0.16],503:73[0.11999999999999998],)	504	-33.5	-1059.9236507936507	-10000.0	10	11.772	17	10	(0.06748709443533736,0.05631212714905294,0.06465419183498716,0.07876021025904949,)
20	2699370368271008	11203	4	(488:97[0.15],495:186[0.13999999999999999],502:142[0.17],503:79[0.12999999999999998],)	504	-35.42	-885.0485515873015	-10000.0	11	12.144	17	10	(0.05925844321082246,0.07378140194893743,0.08061395394327485,0.05415987516481662,)
21	2699900230783880	11717	5	(488:80[0.16],495:219[0.12999999999999998],502:66[0.16],503:110[0.13999999999999999],510:29[0.15],)	504	-35.64	-1056.9580158730157	-10000.0	14	12.238	17	10	(0.06914652053009543,0.07700836344317698,0.06974499454350294,0.061070296907366116,0.07669844585552596,)
22	2700247131569748	12227	5	(488:119[0.17],495:35[0.11999999999999998],502:137[0.17],503:19[0.12999999999999998],510:195[0.16],)	505	-34.03	-708.0404950495049	-10000.0	12	12.7	18	10	(0.068817540781092,0.08420617116418307,0.07225980402333547,0.07209698488495592,0.07143456100232537,)
23	2700643921725237	12732	5	(488:91[0.16],495:50[0.12999999999999998],502:101[0.16],503:150[0.13999999999999999],510:113[0.15],)	505	-33.26	-887.7664356435644	-10000.0	16	12.178	17	10	(0.06838489772126982,0.07144123953830815,0.06869174824314524,0.07668478967277331,0.054045274757380975,)
24	2701097411152707	13237	5	(488:72[0.17],495:131[0.13999999999999999],502:158[0.15],503:60[0.12999999999999998],510:84[0.13999999999999999],)	505	-34.43	-957.7622574257427	-10000.0	11	12.162	17	10	(0.07142462653281695,0.062468805022746994,0.07790747568080805,0.058220549861019,0.05945837430815389,)
25	2701444913705626	13742	5	(488:72[0.18000000000000002],495:133[0.12999999999999998],502:116[0.13999999999999999],503:59[0.13999999999999999],510:125[0.15],)	505	-34.7	-740.2254455445546	-10000.0	15	12.218	17	10	(0.0799126774538468,0.05698906213887534,0.07907146285261422,0.05554598539638353,0.06037772205006372,)
26	2701727963692376	14247	5	(488:146[0.19000000000000003],495:50[0.11999999999999998],502:90[0.12999999999999998],503:201[0.15],510:18[0.13999999999999999],)	505	-33.46	-599.0377623762373	-10000.0	13	12.132	17	10	(0.08764220817055345,0.08452265798285233,0.09381271399371192,0.06878331124129115,0.07803640212861593,)
27	2702125829121189	14752	5	(488:76[0.18000000000000002],495:94[0.12999999999999998],502:216[0.13999999999999999],503:95[0.13999999999999999],510:24[0.15],)	505	-30.82	-787.9728118811882	-10000.0	11	12.606	18	10	(0.08146630459800917,0.07202079518916488,0.07375279791085552,0.061147474303486965,0.0829305554885509,)
28	2702546484714461	15259	6	(488:22[0.19000000000000003],495:140[0.13999999999999999],502:116[0.12999999999999998],503:95[0.15],510:77[0.16],514:55[0.15],)	505	-33.57	-851.6658811881189	-10000.0	10	12.308	19	10	(0.10314960795292932,0.08088794999333805,0.07970146759380929,0.0827119653506771,0.07620016264953175,0.08309991772294766,)
29	2702906872270481	15765	7	(488:22[0.20000000000000004],495:121[0.12999999999999998],502:84[0.11999999999999998],503:120[0.13999999999999999],510:34[0.17],514:109[0.16],515:16[0.15],)	506	-33.38	-737.7508300395257	-10000.0	17	12.496	20	10	(0.09650077460261702,0.07568360664238294,0.08482620869845872,0.07183880394787544,0.07333625887660197,0.08557895473327966,0.09912135071887092,)
30	2703453282495021	16277	7	(488:22[0.21000000000000005],495:88[0.11999999999999998],502:84[0.10999999999999999],503:53[0.12999999999999998],510:76[0.18000000000000002],514:56[0.15],515:128[0.16],)	507	-32.35	-1082.0013609467458	-10000.0	13	12.69	19	10	(0.10180856580977088,0.08043560454190062,0.07607106822460127,0.07782397811825444,0.08106174355065178,0.07929619383878184,0.07573478238289497,)
31	2703807365433932	16784	8	(488:34[0.22000000000000006],495:86[0.10999999999999999],502:37[0.09999999999999999],503:41[0.13999999999999999],510:105[0.17],514:93[0.16],515:96[0.15],518:15[0.15],)	507	-33.72	-725.180177514793	-10000.0	11	12.2	19	10	(0.10072995096077687,0.07020432348837363,0.0816859628230432,0.06557849882414757,0.08724244571139318,0.08460677871514935,0.08897153624935224,0.049778720001304635,)
32	2704163023312084	17304	8	(488:106[0.23000000000000007],495:41[0.09999999999999999],502:40[0.10999999999999999],503:86[0.15],510:36[0.16],514:31[0.15],518:144[0.16],519:24[0.15],)	508	-30.78	-738.7379133858268	-10000.0	11	12.06	19	10	(0.09701799569392806,0.06398126112543909,0.07005278858879878,0.10138117153028388,0.10034096653367269,0.10490343590578563,0.05732252625300152,0.08552162395143252,)
33	2704544524209182	17825	7	(488:65[0.22000000000000006],495:33[0.10999999999999999],502:100[0.11999999999999998],510:22[0.17],514:66[0.16],518:153[0.15],519:69[0.16],)	508	-33.05	-806.9738976377953	-10000.0	10	12.022	20	10	(0.08663080378063633,0.07939761976448549,0.08412562870204883,0.1030046402739382,0.08237247841651991,0.060470236184479095,0.07445439993473887,)
34	2704979724571161	18344	9	(488:23[0.23000000000000007],495:23[0.11999999999999998],502:56[0.10999999999999999],510:30[0.18000000000000002],514:45[0.17],518:97[0.13999999999999999],519:147[0.17],520:26[0.15],522:60[0.15],)	507	-33.94	-900.7572386587772	-10000.0	10	11.86	19	10	(0.1432898790183902,0.09016816390176353,0.0845456308630164,0.10316797420785326,0.13424581153748363,0.08059936162256028,0.11152471850366652,0.09752319922144582,0.08915117429506327,)
35	2705392956630475	18872	8	(488:77[0.24000000000000007],495:31[0.12999999999999998],502:47[0.09999999999999999],510:41[0.19000000000000003],514:42[0.18000000000000002],518:43[0.12999999999999998],519:84[0.16],522:144[0.13999999999999999],)	509	-33.0	-889.1057367387035	-10000.0	10	12.17	20	10	(0.08140750731657138,0.052472271070527814,0.07544469763839749,0.11394250688241732,0.054407432801997224,0.07806216941324241,0.09602924059749907,0.07218119887837356,)
36	2705860972960159	19402	6	(488:173[0.23000000000000007],502:42[0.10999999999999999],514:29[0.19000000000000003],518:62[0.13999999999999999],519:44[0.15],522:158[0.12999999999999998],)	508	-34.16	-995.4344291338583	-10000.0	13	11.984	19	10	(0.07840668487446889,0.06496568113743766,0.0693671895503478,0.07942157705360113,0.0669664860317658,0.07296190018130666,)
37	2706315115779757	19929	6	(488:81[0.22000000000000006],502:113[0.11999999999999998],514:61[0.20000000000000004],518:140[0.15],519:64[0.16],522:47[0.11999999999999998],)	506	-34.03	-973.0848814229247	-10000.0	12	12.018	19	10	(0.11165793070941087,0.07468523201369066,0.0892935821443017,0.09116180181567235,0.0976195167699169,0.09522739533380858,)
38	2706659721943947	20435	6	(488:24[0.23000000000000007],502:51[0.10999999999999999],514:103[0.21000000000000005],518:114[0.13999999999999999],519:23[0.17],522:191[0.12999999999999998],)	506	-31.92	-798.331837944664	-10000.0	13	11.8	20	10	(0.10379124393449009,0.07834711083299598,0.07253983219004954,0.09309578149215952,0.07237616797257002,0.06606100320706126,)
39	2707035041512870	20941	7	(488:138[0.24000000000000007],502:49[0.11999999999999998],514:96[0.20000000000000004],518:26[0.12999999999999998],519:60[0.18000000000000002],522:119[0.11999999999999998],526:18[0.15],)	506	-33.46	-819.7891897233199	-10000.0	10	12.198	19	10	(0.15912188154490545,0.07823661027647646,0.1036632685816592,0.07762159938976199,0.06894987120395232,0.0895021872195895,0.09994002255588669,)
40	2707486924339292	21448	7	(488:41[0.23000000000000007],502:132[0.12999999999999998],514:103[0.19000000000000003],518:86[0.13999999999999999],519:21[0.19000000000000003],522:41[0.10999999999999999],526:83[0.16],)	507	-34.36	-977.4213609467457	-10000.0	13	12.44	17	10	(0.06002452445773626,0.09137050183940515,0.10726936298947103,0.08132755823151484,0.10215707128304861,0.05061726557832866,0.07880249814147806,)
41	2707882444430754	21971	8	(488:103[0.24000000000000007],502:84[0.11999999999999998],514:43[0.18000000000000002],518:91[0.12999999999999998],519:17[0.20000000000000004],522:45[0.11999999999999998],526:31[0.15],527:93[0.15],)	507	-32.68	-828.9315779092703	-10000.0	11	12.284	17	10	(0.066939912277753,0.05205313718574295,0.09669940583265621,0.04739489219251259,0.10877532379201932,0.08241676331101828,0.06909608846821044,0.08838179755538499,)
42	2708304860997372	22482	7	(488:81[0.23000000000000007],502:27[0.10999999999999999],514:77[0.19000000000000003],518:86[0.11999999999999998],519:72[0.21000000000000005],522:44[0.12999999999999998],526:121[0.16],)	508	-34.54	-893.237342519685	-10000.0	16	12.666	18	10	(0.10795982957459864,0.0561265635517947,0.07268188999145526,0.05631002048260438,0.10333272578536636,0.07162630055152121,0.09271569324347143,)
43	2708637556845250	22989	7	(488:49[0.22000000000000006],502:36[0.11999999999999998],514:43[0.18000000000000002],518:129[0.10999999999999999],519:78[0.20000000000000004],522:133[0.13999999999999999],526:39[0.15],)	507	-33.24	-745.9850690335304	-10000.0	18	12.734	19	10	(0.0747104947806323,0.051375858567579646,0.09864248878529869,0.06700658525924238,0.10324857504405423,0.08694506494783091,0.0732993860102444,)
44	2708971833036366	23496	7	(488:74[0.23000000000000007],502:116[0.12999999999999998],514:116[0.19000000000000003],518:91[0.09999999999999999],519:53[0.19000000000000003],522:42[0.12999999999999998],526:15[0.16],)	507	-33.06	-690.5608481262328	-10000.0	11	13.232	19	10	(0.08049367630695885,0.051223523600608424,0.06787010054899727,0.06639977975570849,0.08882000257606043,0.06377688378648456,0.08594276156816212,)
45	2709390924382548	24015	7	(488:151[0.22000000000000006],502:68[0.11999999999999998],514:38[0.18000000000000002],518:67[0.09],519:39[0.20000000000000004],522:126[0.13999999999999999],532:18[0.15],)	507	-32.22	-895.4691518737673	-10000.0	14	12.836	19	10	(0.0875296783562536,0.06423288667402609,0.09814444956546556,0.0701817436208256,0.09090146146865796,0.08891624300579604,0.08161348447029665,)
46	2709788732781550	24522	7	(488:89[0.21000000000000005],502:37[0.12999999999999998],514:29[0.19000000000000003],518:149[0.09999999999999999],519:139[0.21000000000000005],522:44[0.12999999999999998],532:20[0.16],)	507	-33.45	-928.7953057199214	-10000.0	13	12.582	19	10	(0.08440273006505217,0.08154521823664403,0.0683683493816899,0.06769841707055553,0.08312243498791203,0.07696519775180825,0.10055095253202102,)
47	2710133107039071	25042	9	(488:26[0.20000000000000004],514:49[0.20000000000000004],518:65[0.09],519:35[0.20000000000000004],522:86[0.13999999999999999],532:33[0.17],533:25[0.15],534:151[0.15],535:37[0.15],)	507	-34.27	-788.497948717949	-10000.0	12	12.478	19	10	(0.11935994044329544,0.08923500555087537,0.060516045927187,0.11568164635924685,0.09901582070056586,0.07434244624339038,0.09506027532914654,0.10230971241099607,0.09314832282163103,)
48	2710507623064785	25551	9	(488:75[0.21000000000000005],514:25[0.21000000000000005],518:19[0.08],519:121[0.21000000000000005],522:70[0.12999999999999998],532:27[0.18000000000000002],533:70[0.16],534:65[0.13999999999999999],535:37[0.16],)	509	-33.34	-864.147917485265	-10000.0	13	12.064	19	10	(0.09323383865954638,0.05542636821793815,0.05948581733157993,0.06944761670176913,0.0888914629994031,0.10662479266272262,0.08906240516717268,0.09640108757587194,0.04766691660394604,)
49	2710985569145486	26060	9	(488:62[0.20000000000000004],514:41[0.22000000000000006],518:78[0.09],519:39[0.20000000000000004],522:26[0.11999999999999998],532:71[0.19000000000000003],533:43[0.15],534:113[0.12999999999999998],535:36[0.17],)	509	-33.47	-1107.5602161100194	-10000.0	10	11.958	18	10	(0.10872351986408582,0.06955711615595814,0.0698852744527304,0.0762731886941886,0.06749933556605496,0.09704085412601962,0.09688372910249796,0.08400484480888364,0.060773796640898374,)
50	2711247903873303	26592	9	(514:41[0.23000000000000007],518:61[0.08],519:43[0.21000000000000005],522:46[0.12999999999999998],532:100[0.18000000000000002],533:87[0.16],534:41[0.11999999999999998],535:64[0.18000000000000002],536:26[0.15],)	509	-33.15	-584.9965225933202	-10000.0	15	12.294	17	10	(0.08191480675152676,0.05562594074115615,0.10671893644886428,0.05162105325035326,0.08531049684595102,0.09134713066737851,0.09513829576409323,0.07757651422195812,0.067773769140495,)
51	2711572788474724	27101	9	(514:81[0.24000000000000007],518:45[0.07],519:42[0.22000000000000006],522:37[0.13999999999999999],532:30[0.17],533:35[0.15],534:48[0.12999999999999998],535:120[0.17],536:71[0.16],)	509	-33.76	-729.3110412573675	-10000.0	12	12.208	17	10	(0.10974204977962979,0.04885696846750769,0.05388595271785236,0.07328044432990215,0.09655989426004806,0.10400745830090734,0.10347783085896321,0.07498071417538231,0.06318725211550744,)
52	2711912500741873	27610	9	(514:58[0.23000000000000007],518:77[0.08],519:27[0.23000000000000007],522:34[0.15],532:48[0.18000000000000002],533:92[0.16],534:20[0.13999999999999999],535:78[0.16],536:75[0.15],)	509	-33.95	-775.9432416502948	-10000.0	12	11.94	17	10	(0.09867221237229139,0.04635430196309502,0.05836141739312281,0.07777173312531313,0.07973255363537819,0.0640820201711552,0.08538932986273848,0.09410854457848751,0.0631409105464948,)
53	2712286543840538	28128	7	(514:35[0.22000000000000006],519:87[0.24000000000000007],522:115[0.16],533:67[0.15],534:52[0.15],535:16[0.15],536:137[0.13999999999999999],)	509	-33.9	-873.7927897838898	-10000.0	14	12.336	18	10	(0.08148929153805307,0.05617898261822691,0.09537426287777566,0.06047920495889898,0.047188254045428375,0.07697576373823355,0.07692697317752643,)
54	2712670950900962	28639	7	(514:120[0.23000000000000007],522:82[0.15],533:50[0.16],534:97[0.16],535:60[0.16],536:69[0.12999999999999998],539:29[0.15],)	507	-33.48	-915.1108481262327	-10000.0	10	12.288	18	10	(0.07948892120053808,0.06623057117746581,0.046504735693651024,0.06345350787725998,0.10636543542221787,0.06270033049984933,0.0748919827882307,)
55	2713082101198047	29146	7	(514:74[0.22000000000000006],522:88[0.13999999999999999],533:111[0.17],534:114[0.15],535:28[0.17],536:31[0.13999999999999999],539:61[0.16],)	507	-34.05	-981.3203550295859	-10000.0	12	12.512	18	10	(0.07919625805218145,0.09578355847656539,0.06080214967131932,0.06954349965183539,0.08512487528744271,0.07888774521030907,0.06958966368149855,)
56	2713380275070471	29661	7	(514:95[0.21000000000000005],522:51[0.12999999999999998],533:94[0.16],534:42[0.13999999999999999],535:64[0.18000000000000002],536:90[0.15],539:71[0.17],)	507	-32.49	-644.9279684418144	-10000.0	16	12.944	19	10	(0.07418620578662331,0.08426693475150258,0.07112610247431446,0.09029746393632086,0.09604427562616082,0.07154647339950268,0.1040769900573018,)
57	2713808826874419	30169	7	(514:41[0.20000000000000004],522:109[0.13999999999999999],533:132[0.15],534:41[0.15],535:38[0.19000000000000003],536:68[0.13999999999999999],539:78[0.16],)	507	-33.33	-953.0065680473372	-10000.0	15	13.046	20	10	(0.09210272213476048,0.05912271251925147,0.07491061575382052,0.07821397518787827,0.07087182042278045,0.06381882987846102,0.08398805385344064,)
58	2714172587865809	30676	7	(514:40[0.21000000000000005],522:75[0.12999999999999998],533:73[0.13999999999999999],534:124[0.16],535:52[0.20000000000000004],536:118[0.15],539:25[0.15],)	507	-32.84	-885.1807495069033	-10000.0	11	12.696	19	10	(0.09418960492742452,0.08919982360557009,0.07586854813573035,0.06728169003260506,0.10903623190510761,0.0815112519863811,0.10810948678369271,)
59	2714522644703541	31202	6	(514:171[0.22000000000000006],522:81[0.11999999999999998],533:22[0.12999999999999998],534:65[0.15],535:38[0.21000000000000005],536:130[0.13999999999999999],)	507	-31.63	-760.2078500986194	-10000.0	15	12.866	19	10	(0.09719664178158789,0.08866873462778167,0.07798222429586889,0.0821997735106998,0.10035124549376925,0.08024068752672565,)
60	2714854131922361	31713	6	(514:52[0.21000000000000005],522:135[0.12999999999999998],533:144[0.13999999999999999],534:75[0.16],535:44[0.22000000000000006],536:56[0.12999999999999998],)	506	-31.51	-699.030652173913	-10000.0	14	13.466	19	10	(0.12962600363321938,0.07081369642788617,0.09142138820498351,0.0989416750476419,0.11475193595497245,0.06911128924639759,)
61	2715222333900747	32219	6	(514:63[0.22000000000000006],522:41[0.11999999999999998],533:94[0.12999999999999998],534:134[0.17],535:69[0.23000000000000007],536:105[0.13999999999999999],)	506	-32.95	-779.8199407114623	-10000.0	13	12.792	20	10	(0.08438803866227647,0.08984272777782247,0.06847855420569965,0.0693453012272373,0.10846129140787245,0.08798095267161807,)
62	2715544776660824	32729	6	(514:116[0.23000000000000007],522:64[0.12999999999999998],533:184[0.11999999999999998],534:50[0.16],535:34[0.24000000000000007],536:58[0.12999999999999998],)	506	-32.5	-721.1748814229248	-10000.0	15	13.332	20	10	(0.1100857228476051,0.05977080847603428,0.08538543658971631,0.09481606850470499,0.07863740769659774,0.0988248272807354,)
63	2715996206833582	33235	6	(514:45[0.22000000000000006],522:66[0.13999999999999999],533:121[0.10999999999999999],534:133[0.17],535:75[0.25000000000000006],536:66[0.13999999999999999],)	506	-32.8	-965.347114624506	-10000.0	11	12.922	20	10	(0.09283968420433712,0.0966095058398071,0.08400924384186094,0.09110573293528475,0.0856917919689297,0.08520996733214309,)
64	2716378471691699	33741	6	(514:51[0.23000000000000007],522:184[0.15],533:85[0.09999999999999999],534:23[0.16],535:62[0.26000000000000006],536:101[0.15],)	506	-34.44	-828.558833992095	-10000.0	14	12.77	20	10	(0.08859998052550842,0.0829639833132454,0.07681427475831173,0.0908579883494661,0.08676446523917931,0.09585643901492434,)
65	2716759611167376	34248	6	(514:57[0.24000000000000007],522:197[0.13999999999999999],533:64[0.09],534:23[0.17],535:69[0.2700000000000001],536:96[0.13999999999999999],)	506	-33.02	-860.6006324110672	-10000.0	14	12.714	19	10	(0.08014305932920399,0.0988312459388869,0.05784940676410251,0.08884164682392981,0.1129771985176975,0.08138906395644074,)
66	2717076841227553	34762	7	(514:127[0.25000000000000006],522:102[0.12999999999999998],533:68[0.09999999999999999],534:36[0.18000000000000002],535:78[0.2800000000000001],536:73[0.12999999999999998],548:22[0.15],)	506	-33.35	-669.2264624505931	-10000.0	15	12.406	18	10	(0.09085795185625549,0.09864925791698308,0.07469441990942056,0.12912479851586187,0.10613185591855494,0.07687190839726037,0.020200420172409726,)
67	2717444136382950	35269	7	(514:101[0.24000000000000005],522:27[0.11999999999999998],533:88[0.10999999999999999],534:23[0.19000000000000003],535:65[0.2700000000000001],536:89[0.11999999999999998],548:114[0.16],)	507	-33.87	-794.5560749506903	-10000.0	14	12.628	19	10	(0.09007353479024123,0.09118053838805132,0.08605372187715869,0.09618723133616236,0.09341781584587364,0.07435642663694134,0.04835020932309112,)
68	2717761551465834	35776	7	(514:44[0.23000000000000004],522:86[0.12999999999999998],533:32[0.09999999999999999],534:86[0.20000000000000004],535:111[0.2800000000000001],536:43[0.10999999999999999],548:105[0.15],)	507	-32.65	-649.5670808678501	-10000.0	10	12.574	19	10	(0.12791914491141665,0.07209850589219519,0.08259149486735691,0.09435008925055437,0.1351111324409122,0.08196323889907262,0.05635246921177379,)
69	2718130076774302	36283	7	(514:47[0.24000000000000005],522:32[0.11999999999999998],533:82[0.10999999999999999],534:177[0.19000000000000003],535:30[0.2700000000000001],536:52[0.11999999999999998],548:87[0.13999999999999999],)	507	-32.89	-743.2572978303748	-10000.0	12	13.292	20	10	(0.13456134297135253,0.09915580543472592,0.08731916820806665,0.08304542742591031,0.12510076831650038,0.06644210977763934,0.07102521912455798,)
70	2718440745054471	36790	7	(514:158[0.25000000000000006],522:58[0.12999999999999998],533:37[0.09999999999999999],534:53[0.18000000000000002],535:60[0.2800000000000001],536:76[0.12999999999999998],548:65[0.12999999999999998],)	507	-33.6	-615.7972386587772	-10000.0	16	13.492	20	10	(0.08823107166296007,0.06058879359395094,0.07108327905984393,0.07885060293694031,0.08928904104944525,0.04967490992980081,0.08979497873457025,)
71	2718797283334055	37297	7	(514:75[0.24000000000000005],522:123[0.13999999999999999],533:76[0.10999999999999999],534:81[0.19000000000000003],535:51[0.2900000000000001],536:35[0.11999999999999998],548:66[0.13999999999999999],)	507	-32.8	-709.6155621301773	-10000.0	17	13.626	20	10	(0.1049044947689887,0.09058277558100325,0.0736387091757949,0.11960805615762711,0.11524468483029623,0.07087782010531901,0.09041409970268013,)
72	2719152148622468	37804	7	(514:68[0.23000000000000004],522:98[0.12999999999999998],533:24[0.09999999999999999],534:86[0.18000000000000002],535:36[0.3000000000000001],536:145[0.12999999999999998],548:50[0.15],)	507	-33.62	-699.7739053254438	-10000.0	17	14.162	19	10	(0.09479992752558303,0.0722340245829738,0.08870711154048888,0.08145915001284489,0.06260465502839666,0.082040085879266,0.0976392578631923,)
73	2719544035193715	38311	7	(514:63[0.24000000000000005],522:50[0.11999999999999998],533:71[0.10999999999999999],534:141[0.17],535:95[0.3100000000000001],536:41[0.11999999999999998],548:46[0.16],)	507	-32.66	-744.756587771203	-10000.0	11	14.042	20	10	(0.10603370281746086,0.07602028255993357,0.06343555203864013,0.0993567283136098,0.07604331691461189,0.09394094259434488,0.07485301835379683,)
74	2719865161512178	38828	6	(522:31[0.12999999999999998],533:102[0.09999999999999999],534:156[0.16],535:80[0.3000000000000001],536:94[0.12999999999999998],548:44[0.17],)	507	-32.49	-553.1457199211045	-10000.0	13	14.104	21	10	(0.09332429482314793,0.07188668145555226,0.11996298864826728,0.11288094096631185,0.08653193285619486,0.10456641710076015,)
75	2720191952297434	39334	6	(522:74[0.13999999999999999],533:75[0.09],534:70[0.15],535:90[0.3100000000000001],536:58[0.11999999999999998],548:139[0.18000000000000002],)	506	-32.71	-650.8869565217393	-10000.0	11	13.832	19	10	(0.09103706913939054,0.05851750593741634,0.0710996646308859,0.1187779102094994,0.08703128876658356,0.09091790143655808,)
76	2720444928720486	39840	6	(522:21[0.15],533:141[0.09999999999999999],534:38[0.16],535:111[0.3000000000000001],536:83[0.12999999999999998],548:112[0.17],)	506	-32.08	-483.9332213438735	-10000.0	19	14.41	20	10	(0.07347730505739115,0.07162024958461813,0.08017801729409037,0.1083880305324692,0.08076765496363097,0.09205247241711663,)
77	2720757127108703	40346	6	(522:184[0.16],533:68[0.09],534:18[0.17],535:96[0.2900000000000001],536:48[0.11999999999999998],548:92[0.16],)	506	-31.38	-551.2646640316206	-10000.0	14	14.89	21	10	(0.08541807564794542,0.0789555669466856,0.09849111791721372,0.10605540006356233,0.07726427718620785,0.08209555592774255,)
78	2721104882620008	40855	6	(522:99[0.15],533:34[0.09999999999999999],534:56[0.18000000000000002],535:90[0.2800000000000001],536:107[0.12999999999999998],548:120[0.15],)	506	-31.56	-613.7912252964428	-10000.0	14	14.962	20	10	(0.07788365324640839,0.08818263828576073,0.04434184309875329,0.0921647164853682,0.0693006649780623,0.08503071375970019,)
79	2721432849787028	41373	6	(522:86[0.13999999999999999],533:123[0.10999999999999999],534:134[0.19000000000000003],535:50[0.2700000000000001],536:41[0.11999999999999998],548:72[0.13999999999999999],)	506	-33.25	-515.2568774703558	-10000.0	13	15.928	21	10	(0.08160737013710144,0.07780554074215439,0.10276929925709012,0.11521688179597346,0.08763917422105436,0.08764289321216444,)
80	2721749336342085	41879	6	(522:150[0.12999999999999998],533:84[0.09999999999999999],534:49[0.18000000000000002],535:107[0.2800000000000001],536:73[0.12999999999999998],548:43[0.15],)	506	-33.09	-517.8838932806324	-9992.35	16	15.716	22	10	(0.07621572537000178,0.07976638887253022,0.05806714507414569,0.11019886110076753,0.09092591699287665,0.10101968027980449,)
81	2722114773203677	42385	6	(522:102[0.11999999999999998],533:35[0.09],534:52[0.19000000000000003],535:107[0.2700000000000001],536:42[0.13999999999999999],548:168[0.16],)	506	-32.43	-666.8649604743083	-10000.0	14	15.29	23	10	(0.08631387963964973,0.07386405658653304,0.0624121660434161,0.09414719106038184,0.09094915567585675,0.09019861704756177,)
82	2722532315115679	42891	6	(522:32[0.10999999999999999],533:72[0.09999999999999999],534:35[0.20000000000000004],535:193[0.26000000000000006],536:131[0.15],548:43[0.15],)	506	-31.47	-710.8073320158102	-10000.0	16	15.582	23	10	(0.09050046498745735,0.06308306023649127,0.0787084002527746,0.09194594930485964,0.11048147074478576,0.09710150968951548,)
83	2722854990336948	43406	6	(522:189[0.11999999999999998],533:83[0.10999999999999999],534:49[0.21000000000000005],535:94[0.25000000000000006],536:73[0.13999999999999999],548:18[0.16],)	506	-32.01	-532.0044466403162	-10000.0	16	15.858	24	10	(0.08458140269320742,0.08129076367556935,0.07727868386424382,0.09056218844508102,0.06108455868660632,0.10058011647849194,)
84	2723269880943080	43928	5	(522:44[0.10999999999999999],533:82[0.09999999999999999],534:105[0.22000000000000006],535:212[0.24000000000000005],536:63[0.15],)	506	-33.01	-617.9365612648221	-10000.0	19	16.528	23	10	(0.08839846483748302,0.06931995970061317,0.07277356042141955,0.08267175817975478,0.06199641959400094,)
85	2723610486230734	44436	5	(522:53[0.11999999999999998],533:126[0.10999999999999999],534:124[0.21000000000000005],535:62[0.23000000000000004],536:140[0.16],)	505	-32.48	-550.4457425742575	-10000.0	24	15.202	24	10	(0.07407151199742296,0.06813910915696782,0.11108346212217177,0.11353014403569923,0.08690985699363737,)
86	2723951976560972	44954	4	(522:189[0.12999999999999998],533:136[0.09999999999999999],534:87[0.20000000000000004],536:93[0.15],)	505	-32.34	-574.690396039604	-9997.36	17	15.776	25	10	(0.0849809107314897,0.07401785232047361,0.10679259459767555,0.09665505118639865,)
87	2724199786269914	45458	4	(522:140[0.11999999999999998],533:46[0.09],534:162[0.21000000000000005],536:156[0.16],)	504	-32.39	-377.01551587301583	-10000.0	19	16.246	25	10	(0.0773947814527198,0.06188711054852022,0.12280574158699878,0.09678616808199884,)
88	2724488076379526	45962	7	(522:100[0.10999999999999999],533:60[0.09999999999999999],534:18[0.20000000000000004],536:93[0.15],556:136[0.15],557:58[0.15],558:39[0.15],)	504	-32.14	-436.4780357142857	-10000.0	16	16.092	26	10	(0.08202710487804246,0.07303904502198906,0.10487896916617993,0.09912747732454043,0.0991568537602128,0.08951086250605733,0.08767649086934198,)
89	2724893322848579	46469	8	(522:31[0.09999999999999999],533:128[0.10999999999999999],534:51[0.21000000000000005],536:20[0.13999999999999999],556:65[0.13999999999999999],557:73[0.16],558:108[0.16],559:31[0.15],)	507	-33.72	-606.3572978303748	-10000.0	19	16.526	27	10	(0.06975937715816771,0.06287875643481473,0.1228232823171312,0.06982256672440273,0.07949278240996352,0.08045952060086581,0.09267333437182185,0.09039078307408582,)
90	2725289971517373	46977	8	(522:36[0.10999999999999999],533:24[0.09999999999999999],534:40[0.22000000000000006],536:189[0.15],556:21[0.12999999999999998],557:60[0.15],558:77[0.15],559:61[0.16],)	508	-32.61	-595.1452755905511	-10000.0	14	15.882	26	10	(0.08233314274138284,0.07210396906689859,0.07748393700067277,0.049659400545506396,0.0847279662841361,0.09371213179955598,0.0861665984876858,0.08552120230685484,)
91	2725636850428343	47498	8	(522:153[0.11999999999999998],533:22[0.10999999999999999],534:70[0.23000000000000007],536:44[0.13999999999999999],556:53[0.13999999999999999],558:44[0.13999999999999999],559:79[0.17],560:43[0.15],)	508	-33.02	-486.44671259842505	-10000.0	25	16.608	26	10	(0.055417629876854634,0.09427251245275356,0.07855761929491978,0.08997432856261492,0.07224086509462631,0.08376589114978389,0.0914670344333853,0.06903982759717532,)
92	2726107240461304	48006	8	(522:73[0.10999999999999999],533:78[0.11999999999999998],534:77[0.22000000000000006],536:39[0.15],556:19[0.15],558:83[0.15],559:52[0.16],560:87[0.16],)	508	-32.43	-672.5892716535433	-10000.0	23	16.414	25	10	(0.07701921034569706,0.04186076421345409,0.10804652656280128,0.08665770097975775,0.05873759328138167,0.08405163604405602,0.08907204723555255,0.06849715449946961,)
93	2726549888877095	48514	8	(522:133[0.09999999999999999],533:59[0.10999999999999999],534:63[0.21000000000000005],536:33[0.16],556:35[0.16],558:33[0.13999999999999999],559:89[0.17],560:63[0.15],)	508	-32.65	-654.5535039370077	-10000.0	15	16.838	25	10	(0.06697998356491625,0.042152302044915,0.12172665879426534,0.07346115354085307,0.1012392151384216,0.0663125047135346,0.11781219583478138,0.06929814286332778,)
94	2726965388478483	49046	7	(522:71[0.09],533:77[0.11999999999999998],534:86[0.20000000000000004],556:52[0.17],558:57[0.15],560:24[0.13999999999999999],561:141[0.15],)	508	-32.14	-619.0139763779528	-10000.0	18	16.848	26	10	(0.051772880573288424,0.035261676288623166,0.09764881993366836,0.07171878693340442,0.10571556919102015,0.07393929234482709,0.08816863550525399,)
95	2727327390486316	49565	5	(522:71[0.08],533:117[0.10999999999999999],534:165[0.19000000000000003],560:88[0.15],561:66[0.13999999999999999],)	507	-32.26	-562.509861932939	-10000.0	16	17.372	26	10	(0.04354414977801713,0.04901983325719258,0.1004085183813862,0.06542267620618081,0.08758344692628066,)
96	2727578839141093	50070	7	(522:102[0.09],533:74[0.09999999999999999],534:81[0.18000000000000002],560:50[0.16],561:113[0.15],563:17[0.15],564:68[0.15],)	505	-32.44	-350.79893069306917	-10000.0	18	18.004	27	10	(0.047911409678448404,0.06747205974014116,0.13609869561782112,0.09466773846052082,0.07612617337894838,0.06517786768406475,0.1111428496389647,)
97	2727953068078672	50577	8	(522:34[0.08],533:47[0.09],534:41[0.17],560:48[0.17],561:75[0.13999999999999999],563:125[0.16],564:109[0.16],565:28[0.15],)	507	-30.84	-568.6934319526626	-10000.0	15	17.09	25	10	(0.0439988683351435,0.049366736736388535,0.09330846089190419,0.07758967160746598,0.07055254097491317,0.028557024022952574,0.07053395449158423,0.09622188810634442,)
98	2728437328166559	51095	7	(522:29[0.09],534:49[0.18000000000000002],560:48[0.18000000000000002],561:93[0.12999999999999998],563:138[0.15],564:80[0.15],565:71[0.16],)	508	-31.33	-705.7024803149606	-10000.0	12	17.232	25	10	(0.05655639384913988,0.09032862640170969,0.09447659844372962,0.07237088050516727,0.04816397378630849,0.06704283806493139,0.10442589930616644,)
99	2728890269718715	51629	7	(522:112[0.09999999999999999],534:97[0.19000000000000003],560:32[0.19000000000000003],561:58[0.11999999999999998],563:71[0.13999999999999999],564:42[0.13999999999999999],565:95[0.15],)	507	-32.64	-571.4855029585798	-10000.0	18	18.452	26	10	(0.04120750833324042,0.07650196506042212,0.0814481687573818,0.08200611730164065,0.06960240832191317,0.08147757426805151,0.07786879725076139,)
100	2729370550335443	52143	8	(522:125[0.09],534:42[0.18000000000000002],560:40[0.20000000000000004],561:39[0.12999999999999998],563:60[0.12999999999999998],564:96[0.15],565:59[0.13999999999999999],571:46[0.15],)	507	-31.4	-659.8454043392505	-9998.1	21	18.076	27	10	(0.043779947740610975,0.08124489547627935,0.09832788521482469,0.07414078555397775,0.049276655911289255,0.08343599326514471,0.09756204595733728,0.10294386710171585,)
101	2729683012384638	52651	8	(522:24[0.08],534:74[0.19000000000000003],560:57[0.21000000000000005],561:18[0.13999999999999999],563:132[0.13999999999999999],564:41[0.13999999999999999],565:133[0.15],571:29[0.16],)	508	-32.07	-475.04039370078743	-10000.0	15	16.944	26	10	(0.03565795206237333,0.08607031443481206,0.09981523733351931,0.06587421401286575,0.0785967864768342,0.07627511996054631,0.09019054451506985,0.04202167977372267,)
102	2730004513617590	53163	7	(522:76[0.09],534:35[0.18000000000000002],560:29[0.22000000000000006],563:26[0.12999999999999998],564:159[0.15],565:67[0.13999999999999999],571:116[0.17],)	508	-31.3	-470.0816929133857	-9998.74	16	17.868	27	10	(0.04847539372580854,0.06867329801581426,0.09824923921127336,0.0727252800677744,0.07164488537507438,0.09320603056064425,0.04162447168106366,)
103	2730409049678341	53690	5	(522:65[0.08],534:127[0.19000000000000003],564:156[0.13999999999999999],565:83[0.15],571:76[0.16],)	507	-30.1	-574.5733925049309	-10000.0	15	17.45	27	11	(0.052517242677678315,0.07259720278308791,0.07161337200142771,0.06986823396559631,0.059095192062955014,)
104	2730920670032977	54195	5	(522:44[0.09],534:161[0.18000000000000002],564:128[0.12999999999999998],565:91[0.16],571:81[0.17],)	505	-30.61	-687.4286336633662	-10000.0	13	17.892	27	11	(0.03249655606275091,0.08485982724131122,0.0790112111813173,0.10984144743794946,0.044803393806180467,)
105	2731346231565550	54700	5	(522:41[0.09999999999999999],534:121[0.17],564:64[0.11999999999999998],565:213[0.17],571:66[0.18000000000000002],)	505	-31.12	-563.4869702970295	-10000.0	19	17.838	27	11	(0.0337466576298204,0.07045113921372397,0.08562122888603613,0.09582415214012519,0.07806751629740341,)
106	2731807370844140	55205	6	(522:121[0.10999999999999999],534:107[0.16],564:173[0.12999999999999998],565:32[0.16],571:37[0.19000000000000003],574:35[0.15],)	505	-32.84	-586.3520594059404	-10000.0	14	18.282	28	10	(0.058291888429205,0.0733442238606068,0.09059671498374455,0.08524108069507189,0.05166825231607225,0.08913960651490047,)
107	2732319591661030	55712	6	(522:71[0.09999999999999999],534:89[0.15],564:68[0.11999999999999998],565:86[0.17],571:70[0.20000000000000004],574:122[0.16],)	506	-32.34	-685.0786166007905	-10000.0	16	17.968	28	11	(0.06658691476925337,0.08360251243973743,0.07333779868324851,0.07718604105917098,0.04595847042920788,0.05927511918959984,)
108	2732728481703274	56218	6	(522:59[0.10999999999999999],534:70[0.13999999999999999],564:167[0.12999999999999998],565:88[0.16],571:59[0.21000000000000005],574:63[0.15],)	506	-32.72	-497.52407114624503	-10000.0	18	18.874	28	10	(0.060362063836300224,0.04970432222389284,0.07704258745211948,0.09599575238135456,0.06651898986024915,0.0912287090998503,)
109	2733270667849582	56725	6	(522:22[0.11999999999999998],534:136[0.15],564:109[0.11999999999999998],565:57[0.15],571:121[0.22000000000000006],574:61[0.16],)	506	-31.69	-645.5460474308302	-10000.0	14	19.218	29	11	(0.04939776835268888,0.06992877347473456,0.08502276514546214,0.09287646287145487,0.049751931305446834,0.06514412771278068,)
110	2733761432925028	57232	6	(522:32[0.12999999999999998],534:198[0.13999999999999999],564:92[0.10999999999999999],565:46[0.16],571:68[0.21000000000000005],574:70[0.17],)	506	-32.25	-570.215256916996	-10000.0	14	19.848	29	12	(0.08662584027690397,0.07086044816377633,0.07135941380285454,0.049174861103368314,0.06423960322929696,0.06450176569107037,)
111	2734165254337892	57738	6	(522:68[0.13999999999999999],534:29[0.12999999999999998],564:148[0.09999999999999999],565:127[0.17],571:28[0.22000000000000006],574:106[0.18000000000000002],)	506	-32.23	-552.6812252964427	-10000.0	19	18.996	30	11	(0.08970637068752763,0.05809068937250969,0.06857495578665601,0.05507046690337801,0.09401545493013638,0.07786976370818162,)
112	2734521169432668	58249	6	(522:62[0.15],534:38[0.13999999999999999],564:51[0.09],565:150[0.16],571:172[0.23000000000000007],574:33[0.17],)	506	-32.83	-605.4001976284585	-10000.0	22	17.302	29	11	(0.04220873523377655,0.0773863867443346,0.0628172887312553,0.08643370713360157,0.06328303437746262,0.0867360313910673,)
113	2734863764306044	58755	6	(522:58[0.16],534:82[0.15],564:99[0.09999999999999999],565:64[0.15],571:123[0.22000000000000006],574:80[0.18000000000000002],)	506	-32.27	-481.0242490118578	-10000.0	12	18.166	29	12	(0.06381823689295965,0.10421868211042204,0.061220582682690754,0.07354635168072336,0.05663981473152136,0.08242067494302367,)
114	2735272389891989	59271	5	(522:28[0.17],564:103[0.09],565:219[0.16],571:115[0.21000000000000005],574:41[0.19000000000000003],)	506	-30.99	-615.8862055335968	-10000.0	16	18.21	29	11	(0.0726095326784922,0.044076594278246416,0.08248435917038607,0.07198630211303458,0.078914749850568,)
115	2735618202326392	59776	5	(522:112[0.18000000000000002],564:30[0.08],565:141[0.15],571:76[0.20000000000000004],574:146[0.20000000000000004],)	505	-32.8	-481.78607920792086	-10000.0	15	17.914	28	12	(0.10002862210762677,0.048486114866367044,0.06679608380491364,0.06936647699173797,0.08415927336720017,)
116	2735951053090077	60281	5	(522:78[0.17],564:204[0.09],565:137[0.13999999999999999],571:61[0.21000000000000005],574:25[0.19000000000000003],)	505	-32.3	-393.1720792079208	-10000.0	21	20.126	29	11	(0.06328575849199287,0.0491372358156627,0.07136641646238143,0.07268416341433898,0.09508736149670641,)
117	2736304457425003	60786	5	(522:112[0.18000000000000002],564:155[0.08],565:94[0.12999999999999998],571:101[0.22000000000000006],574:43[0.20000000000000004],)	505	-31.64	-442.8057623762377	-10000.0	19	19.682	29	10	(0.07882190628403486,0.040519101784013856,0.09489097915080312,0.07326230580370807,0.07552259831383364,)
118	2736572143043795	61291	5	(522:161[0.17],564:73[0.07],565:100[0.13999999999999999],571:152[0.21000000000000005],574:19[0.21000000000000005],)	505	-31.57	-392.4545148514852	-10000.0	17	18.576	29	10	(0.05217568519546386,0.04519772076018787,0.07033449240187255,0.06941679202037687,0.06218130174828167,)
119	2736981056876111	61796	5	(522:172[0.16],564:62[0.08],565:35[0.12999999999999998],571:54[0.20000000000000004],574:182[0.22000000000000006],)	505	-32.18	-629.3431089108911	-10000.0	17	17.992	29	11	(0.054336174049712395,0.048438600052350865,0.08752648714421811,0.06867783591158234,0.044166104083588856,)
120	2737418501774823	62301	5	(522:73[0.15],564:111[0.09],565:58[0.13999999999999999],571:89[0.21000000000000005],574:174[0.21000000000000005],)	505	-31.72	-512.3357623762377	-10000.0	21	18.682	30	11	(0.05723052001196789,0.04719510934437926,0.06797721915358632,0.109390695844233,0.05181878946715556,)
121	2737750399863892	62806	5	(522:280[0.16],564:100[0.08],565:23[0.15],571:54[0.22000000000000006],574:48[0.20000000000000004],)	505	-31.64	-419.0412475247525	-10000.0	23	19.896	30	11	(0.07360943159754768,0.05393126736033978,0.08705246317419901,0.07696025998423403,0.07490369792746412,)
122	2738028125818205	63311	5	(522:100[0.15],564:58[0.07],565:56[0.16],571:124[0.23000000000000007],574:167[0.21000000000000005],)	505	-31.45	-405.5653465346535	-10000.0	14	18.024	30	10	(0.06396027835308868,0.03810717792531058,0.07016920772259456,0.04653801913195113,0.03833747088501523,)
123	2738347249423683	63816	5	(522:48[0.13999999999999999],564:114[0.08],565:54[0.17],571:158[0.22000000000000006],574:131[0.20000000000000004],)	505	-33.19	-452.07649504950496	-10000.0	15	18.802	30	10	(0.05293580410436455,0.05309519693840733,0.06690217903500592,0.06384368009794857,0.038981100048660004,)
124	2738748275815419	64321	5	(522:95[0.15],564:152[0.07],565:28[0.18000000000000002],571:58[0.21000000000000005],574:172[0.19000000000000003],)	505	-32.67	-483.84300990099007	-9996.89	24	19.49	31	10	(0.08592560234934377,0.042946120336492366,0.0954079597257836,0.0492403035574113,0.05503409140490485,)
125	2739263172520603	64826	5	(522:47[0.16],564:54[0.060000000000000005],565:286[0.19000000000000003],571:65[0.22000000000000006],574:53[0.18000000000000002],)	505	-31.16	-571.39401980198	-10000.0	15	21.402	29	10	(0.06409864935000263,0.04098574190409101,0.0657014301283172,0.05765730162349477,0.05461851526499809,)
126	2739538501934660	65331	5	(522:201[0.17],564:125[0.07],565:75[0.18000000000000002],571:86[0.23000000000000007],574:18[0.19000000000000003],)	505	-32.3	-384.5194059405941	-10000.0	17	19.226	29	10	(0.056064150995800074,0.046614412502194794,0.08106876603879805,0.05500513277382353,0.06393756028083059,)
127	2739985700144645	65843	4	(522:146[0.16],564:141[0.060000000000000005],565:84[0.19000000000000003],571:134[0.24000000000000007],)	505	-32.01	-536.0483762376236	-10000.0	17	19.776	30	10	(0.05165054999682803,0.032012295156859334,0.09994006428832233,0.06650538169571071,)
128	2740536612441761	66347	4	(522:128[0.15],564:73[0.05],565:177[0.20000000000000004],571:126[0.23000000000000007],)	504	-31.86	-613.6235119047618	-10000.0	23	20.342	30	10	(0.07643202082279497,0.033547910313422566,0.07212758069984743,0.0485447571019134,)
129	2741012294022442	66851	4	(522:65[0.13999999999999999],564:196[0.060000000000000005],565:152[0.19000000000000003],571:91[0.22000000000000006],)	504	-32.26	-501.6530158730161	-10000.0	16	21.688	30	12	(0.08903834167624175,0.03168117972663981,0.07085771331647861,0.07448231894527879,)
130	2741457027374264	67355	4	(522:101[0.15],564:103[0.05],565:205[0.18000000000000002],571:95[0.23000000000000007],)	504	-31.36	-469.768134920635	-10000.0	16	21.21	30	11	(0.08331891290076755,0.033789349520900076,0.08914865000723082,0.04409742393286405,)
131	2741926361661823	67859	4	(522:29[0.16],564:208[0.060000000000000005],565:160[0.17],571:107[0.24000000000000007],)	504	-32.98	-493.483988095238	-9977.78	23	21.536	30	11	(0.12849600490674593,0.03482829607281396,0.09173379350912356,0.04336299176291624,)
132	2742343398756676	68363	4	(522:50[0.17],564:59[0.05],565:61[0.16],571:334[0.25000000000000006],)	504	-32.47	-522.8238293650794	-10000.0	14	21.382	30	10	(0.06322039364092844,0.042146707120786074,0.11161190622860039,0.10004722117117246,)
133	2742797894541269	68867	4	(522:191[0.18000000000000002],564:88[0.060000000000000005],565:93[0.17],571:132[0.24000000000000005],)	504	-32.54	-531.3097023809523	-10000.0	18	20.378	30	10	(0.08357991333837196,0.04116071202580323,0.08649231688542755,0.06734676918375704,)
134	2743173779484180	69371	4	(522:198[0.17],564:114[0.07],565:56[0.18000000000000002],571:136[0.23000000000000004],)	504	-31.61	-405.4764682539681	-10000.0	13	21.256	29	10	(0.08298522797956084,0.046348174541556146,0.10990953417565107,0.08197310192100618,)
135	2743539997593681	69889	4	(522:131[0.16],564:119[0.08],565:50[0.19000000000000003],571:204[0.22000000000000003],)	504	-31.87	-421.6808928571429	-10000.0	25	21.996	29	11	(0.09717406933922294,0.05234353163698802,0.05397572960394256,0.07792410675169645,)
136	2744183812253002	70393	4	(522:64[0.15],564:99[0.09],565:282[0.20000000000000004],571:59[0.21000000000000002],)	504	-31.02	-689.5126388888888	-10000.0	23	22.45	29	11	(0.08334120943404365,0.059709235491659914,0.05957788707561168,0.09535676597195603,)
137	2744602474359180	70897	4	(522:104[0.16],564:76[0.09999999999999999],565:281[0.19000000000000003],571:43[0.22000000000000003],)	504	-31.27	-529.6859126984125	-10000.0	25	21.028	29	11	(0.08453447250005866,0.06783997431445599,0.07371122892166443,0.053622426818196754,)
138	2745047379363368	71401	4	(522:76[0.17],564:186[0.10999999999999999],565:52[0.18000000000000002],571:190[0.23000000000000004],)	504	-31.35	-594.7622023809523	-10000.0	15	18.622	29	10	(0.08147542537120026,0.06714805457374606,0.09527985982096629,0.11665278365369211,)
139	2745336502309779	71908	4	(522:167[0.18000000000000002],564:120[0.09999999999999999],565:110[0.19000000000000003],571:107[0.22000000000000003],)	504	-31.59	-391.0889682539682	-10000.0	25	19.12	29	11	(0.08156706881144904,0.059612325177173804,0.05487826196351283,0.09014067780626898,)
140	2745575657177742	72412	4	(522:127[0.17],564:214[0.10999999999999999],565:65[0.20000000000000004],571:98[0.23000000000000004],)	504	-29.36	-330.139880952381	-10000.0	26	19.32	29	10	(0.08437283937488997,0.06651847998201343,0.07181606562928863,0.06978923821868709,)
141	2745999187624242	72929	5	(522:149[0.16],564:114[0.09999999999999999],565:24[0.21000000000000005],571:130[0.24000000000000005],581:87[0.15],)	504	-32.51	-644.7927579365078	-10000.0	14	18.392	30	10	(0.08679793934715642,0.07210175437040255,0.09981304029827243,0.049825638807246275,0.0848926889586039,)
142	2746303513150627	73434	5	(522:96[0.15],564:58[0.09],565:22[0.22000000000000006],571:196[0.23000000000000004],581:133[0.16],)	505	-31.58	-485.9192673267327	-10000.0	15	16.658	31	10	(0.09606125352754907,0.053788989539111695,0.11147330784538972,0.06662453513752745,0.09566416051648648,)
143	2746775981823727	73951	4	(522:153[0.16],564:128[0.09999999999999999],565:40[0.23000000000000007],571:184[0.22000000000000003],)	505	-31.47	-638.3349504950495	-10000.0	13	18.506	31	10	(0.09714382103810419,0.060057483356106084,0.09356830411288444,0.09650969228816733,)
144	2747120722756784	74455	4	(522:163[0.15],564:84[0.09],565:45[0.24000000000000007],571:212[0.21000000000000002],)	504	-32.01	-543.1778174603176	-10000.0	18	18.022	31	10	(0.1026461405835812,0.05357078880800033,0.10952779776995124,0.06872327365560148,)
145	2747494967861059	74959	5	(522:158[0.13999999999999999],564:100[0.09999999999999999],565:101[0.25000000000000006],571:129[0.2],583:16[0.15],)	504	-31.41	-549.8422420634921	-10000.0	19	18.56	28	10	(0.08130437696850777,0.05330728339213389,0.08300913810058061,0.1025039244381054,0.1013779557287093,)
146	2747848306629424	75464	5	(522:137[0.12999999999999998],564:77[0.09],565:86[0.24000000000000005],571:161[0.19],583:44[0.16],)	505	-31.3	-494.66463366336626	-10000.0	18	18.51	29	11	(0.07204150613987143,0.06244747253789126,0.07074725783036377,0.07494278110047474,0.08857182818041846,)
147	2748237924479158	75969	5	(522:163[0.11999999999999998],564:42[0.09999999999999999],565:136[0.25000000000000006],571:101[0.18],583:63[0.17],)	505	-32.3	-508.8111485148516	-10000.0	22	18.274	29	10	(0.08037542110457832,0.06216328701283536,0.07071823115255228,0.0976044139500668,0.07532127388077485,)
148	2748677627049351	76481	5	(522:104[0.10999999999999999],564:140[0.10999999999999999],565:77[0.24000000000000005],571:164[0.16999999999999998],583:20[0.18000000000000002],)	505	-31.84	-577.0835247524751	-10000.0	16	18.772	30	10	(0.08163622593978684,0.07349426979312557,0.10116942192161579,0.08972081036556338,0.1367288923608855,)
149	2749056299757738	76986	5	(522:77[0.09999999999999999],564:97[0.09999999999999999],565:131[0.25000000000000006],571:137[0.15999999999999998],583:63[0.19000000000000003],)	505	-32.84	-584.7519207920792	-10000.0	20	18.028	30	10	(0.06804881052465982,0.05945422812059948,0.08202360957971434,0.06942402775182889,0.12333357451384624,)
