alpha = 0.15
gamma = 1.0
lambda = 0.6
epsilon = 0.3
randomSeed = 444
GREAT!
Xover: 4
---- Evolution parameters ----
Folder name:          NMSarsa_MountainCar/run_2686839422992629
Random seed:          444
GREAT activated:      true
Max iterations:       150
Population size:      500
GREAT initialization  true
Speciation threshold: 0.15
Species min size:     15
Tournament size:      3
Crossover rate:       0.2
Mutation rate:        0.8
Crossovers:
	AligningCrossover_v4(0.15)
Mutations:
	AddGeneMutation(maxSize=2147483647, prob=0.33)
	DeleteGeneMutation(minSize=10, prob=0.33)
	ChangeGeneMutation(prob=0.33)
------------------------------

---- Starting evolution ----
IT	Nanotime	#Eval	#Species	Species size	PopSize	Best	Avg	Worst	Best GRN Size	Avg GRN size	Max GRN size	Min GRN size	Species avgdist2rep
0	2700280468271013	997	1	(490:499[0.15],)	499	-160.0	-4893.239959919838	-5001.0	10	11.048	15	10	(0.04260650401325422,)
1	2707250264723206	1498	4	(490:405[0.16],491:28[0.15],492:47[0.15],493:21[0.15],)	501	-165.0	-4671.396387225547	-5001.0	10	11.15	15	10	(0.08082608975413327,0.07964869940032573,0.09310853455868585,0.08791250633475782,)
2	2713676563588686	2002	6	(490:68[0.15],491:98[0.16],492:105[0.16],493:142[0.16],494:61[0.15],495:30[0.15],)	504	-146.88	-4273.856011904762	-5001.0	10	11.414	15	10	(0.09222172399371055,0.04965051816834815,0.09693098245398703,0.08569522820522522,0.0849525449087496,0.08229048731199755,)
3	2719605121187739	2518	5	(490:24[0.16],491:65[0.15],492:129[0.15],494:54[0.16],495:234[0.16],)	506	-153.26	-3773.824743083004	-5001.0	10	11.54	15	10	(0.054335374634497245,0.05223517980140282,0.06619043406234484,0.05655207991862423,0.05762320286356648,)
4	2724385779575249	3024	5	(490:110[0.17],491:107[0.16],492:57[0.13999999999999999],494:87[0.17],495:144[0.15],)	505	-146.74	-3086.9602574257433	-5001.0	11	11.476	15	10	(0.07905635551154132,0.0653240317356298,0.08646543997020563,0.07077369370289863,0.0699242862237093,)
5	2728818292859044	3541	5	(490:115[0.16],491:114[0.15],492:34[0.15],494:37[0.18000000000000002],495:205[0.13999999999999999],)	505	-144.16	-2799.832118811881	-5001.0	12	11.666	15	10	(0.06799625778261575,0.07037523017676736,0.08120026628340195,0.06505139984188578,0.06329439376668532,)
6	2733116338256405	4056	6	(490:95[0.15],491:72[0.13999999999999999],492:127[0.16],494:28[0.19000000000000003],495:167[0.12999999999999998],499:16[0.15],)	505	-145.11	-2712.4144752475245	-5001.0	12	11.78	16	10	(0.08819907829816571,0.08578093245616422,0.06535912056292943,0.05475634368409265,0.06340796515931642,0.06000534771846165,)
7	2737306187652758	4562	7	(490:145[0.13999999999999999],491:79[0.15],492:114[0.15],494:73[0.20000000000000004],495:21[0.11999999999999998],499:58[0.16],500:16[0.15],)	506	-147.38	-2697.6557509881413	-5001.0	10	11.958	17	10	(0.06986803835510547,0.0752064481948964,0.06348150599706469,0.08647704869230254,0.08042565424075651,0.06271083827696704,0.077927287496299,)
8	2741130188671774	5079	6	(490:46[0.12999999999999998],491:108[0.13999999999999999],492:83[0.13999999999999999],494:129[0.19000000000000003],495:81[0.12999999999999998],500:60[0.16],)	507	-150.65	-2424.664023668639	-5001.0	10	12.072	18	10	(0.07473753350157035,0.06483836553268639,0.0638287104164449,0.07739285011599639,0.08667614176931954,0.07143506299047551,)
9	2745321994346879	5589	6	(490:127[0.13999999999999999],491:95[0.12999999999999998],492:126[0.12999999999999998],494:19[0.18000000000000002],495:62[0.13999999999999999],500:77[0.17],)	506	-147.84	-2685.3810079051386	-5001.0	10	12.176	16	10	(0.07746948724116395,0.07731642955877303,0.06794661086009829,0.09455259456427803,0.09418422914581734,0.04781754765285172,)
10	2749395452264079	6102	7	(490:133[0.12999999999999998],491:102[0.11999999999999998],492:33[0.11999999999999998],494:109[0.19000000000000003],500:37[0.18000000000000002],503:41[0.15],504:51[0.15],)	506	-142.22	-2592.2309090909093	-5001.0	10	12.11	17	10	(0.06150490258962911,0.07990325775568088,0.08750597488129686,0.08073541427898533,0.07278509110120039,0.07972756431511017,0.098731794434631,)
11	2753709782953288	6620	7	(490:145[0.11999999999999998],491:39[0.10999999999999999],492:81[0.12999999999999998],494:36[0.18000000000000002],500:21[0.19000000000000003],503:124[0.16],504:61[0.16],)	507	-139.03	-2670.028126232742	-5001.0	17	12.738	18	10	(0.05850295340842405,0.08154857804839362,0.08812126007661876,0.06531193451850369,0.04891939151782535,0.07764519508601576,0.08285460044182909,)
12	2757820850163795	7140	7	(490:100[0.10999999999999999],491:57[0.11999999999999998],492:35[0.11999999999999998],494:47[0.19000000000000003],500:84[0.20000000000000004],503:89[0.15],504:95[0.17],)	507	-147.04	-2538.2016173570023	-5001.0	11	12.682	18	10	(0.07336781019389439,0.05094819324960522,0.07493718005520034,0.09448730165796546,0.0771795434674918,0.0806057536030586,0.09948286816469246,)
13	2761797109242014	7671	7	(490:95[0.09999999999999999],491:128[0.12999999999999998],492:74[0.12999999999999998],494:59[0.20000000000000004],500:53[0.19000000000000003],503:76[0.13999999999999999],504:22[0.16],)	507	-130.4	-2487.042781065089	-5001.0	15	12.924	18	10	(0.06949490469876292,0.0717833274966288,0.08917938326261621,0.12226329002697818,0.07726805733030005,0.0842917324787802,0.11577192825282934,)
14	2765593657219121	8179	6	(490:42[0.09],491:46[0.11999999999999998],494:93[0.21000000000000005],500:91[0.20000000000000004],503:181[0.12999999999999998],504:54[0.17],)	507	-134.08	-2377.9095266272193	-5001.0	13	12.74	19	10	(0.058645577869040094,0.09438681021916477,0.08888783416443462,0.07593508239453275,0.09529679105292402,0.08779375005177492,)
15	2769385349413769	8692	6	(490:113[0.09999999999999999],491:141[0.12999999999999998],494:110[0.20000000000000004],500:62[0.19000000000000003],503:34[0.11999999999999998],504:46[0.18000000000000002],)	506	-136.17	-2393.089209486166	-5001.0	13	12.246	18	10	(0.06040019518467884,0.09570538069294474,0.11046499578914479,0.06380295071616644,0.08043041239993957,0.1340203278703345,)
16	2773627493435775	9198	6	(490:42[0.09],491:53[0.11999999999999998],494:82[0.19000000000000003],500:230[0.20000000000000004],503:84[0.12999999999999998],504:15[0.19000000000000003],)	506	-136.34	-2624.390177865613	-5001.0	16	12.584	19	10	(0.05638830553319664,0.06364933506007095,0.11469526201879397,0.08374068540531955,0.07650129736541482,0.10845265196444381,)
17	2777539690485127	9714	7	(490:119[0.09999999999999999],491:76[0.12999999999999998],494:48[0.20000000000000004],500:87[0.19000000000000003],503:109[0.11999999999999998],504:39[0.20000000000000004],511:28[0.15],)	506	-138.21	-2378.2676679841907	-5001.0	15	12.746	19	10	(0.06202743373172678,0.07243277421571728,0.10771942763842413,0.11141886279731539,0.08906443175521601,0.10831318685677083,0.10547985507460171,)
18	2781017673279568	10221	7	(490:82[0.09],491:54[0.11999999999999998],494:58[0.21000000000000005],500:104[0.18000000000000002],503:104[0.10999999999999999],504:60[0.21000000000000005],511:45[0.16],)	507	-136.09	-2216.729191321499	-5001.0	15	12.732	18	10	(0.050972236364044035,0.07757174483634713,0.12067283052094818,0.09797076640847634,0.08063093201675707,0.0762919016876287,0.09668511286800907,)
